avgdeg_3_008_0 16 0.07700000355414252 6791949 ACCEPT
avgdeg_3_008_1 15 0.16031923553152946 6235899 ACCEPT
avgdeg_3_008_2 19 0.18536275048989737 9986426 ACCEPT
avgdeg_3_008_3 3 0.024071542510310705 287465 ACCEPT
avgdeg_3_008_4 9 0.04739867215880803 2283299 ACCEPT
avgdeg_3_010_0 12 0.12627508385325603 4181412 ACCEPT
avgdeg_3_010_1 16 0.13617190676270052 7158366 ACCEPT
avgdeg_3_010_2 30 0.15510242603855812 24537279 ACCEPT
avgdeg_3_010_3 17 0.10958120526739552 8640869 ACCEPT
avgdeg_3_010_4 19 0.08212294390018264 9790010 ACCEPT
avgdeg_5_008_0 2 0.019921019250304088 130108 ACCEPT
avgdeg_5_008_1 5 0.0651819392633782 754244 ACCEPT
avgdeg_5_008_2 1 0.025765183998919854 38595 ACCEPT
avgdeg_5_008_3 3 0.10060802335516368 288833 ACCEPT
avgdeg_5_008_4 5 0.057388179862899985 791503 ACCEPT
avgdeg_5_010_0 5 0.01719839486166692 712465 ACCEPT
avgdeg_5_010_1 10 0.09132535545927423 2911946 ACCEPT
avgdeg_5_010_2 10 0.06469801009385565 2989504 ACCEPT
avgdeg_5_010_3 16 0.09764331820620528 7593533 ACCEPT
avgdeg_5_010_4 11 0.05028994267798553 3486025 ACCEPT
bayesiannetwork_andes_008_0 9 0.054601173975518086 2286676 ACCEPT
bayesiannetwork_andes_008_1 5 0.02724650588800107 745159 ACCEPT
bayesiannetwork_andes_008_2 17 0.1322873431858642 8109742 ACCEPT
bayesiannetwork_andes_008_3 17 0.10271870262395141 7550199 ACCEPT
bayesiannetwork_andes_008_4 6 0.0887911173709318 1118383 ACCEPT
bayesiannetwork_andes_010_0 31 0.13731235562397937 26115828 ACCEPT
bayesiannetwork_andes_010_1 35 0.27418891875142926 33557190 ACCEPT
bayesiannetwork_andes_010_2 30 0.16147963928883724 23482099 ACCEPT
bayesiannetwork_andes_010_3 22 0.11620964330341173 13214113 ACCEPT
bayesiannetwork_andes_010_4 30 0.14792805717849591 24040660 ACCEPT
bayesiannetwork_diabetes_008_0 5 0.054903135906357044 746520 ACCEPT
bayesiannetwork_diabetes_008_1 10 0.040187083412625224 2776787 ACCEPT
bayesiannetwork_diabetes_008_2 9 0.023307969558535972 2184696 ACCEPT
bayesiannetwork_diabetes_008_3 11 0.06498137717450103 3328170 ACCEPT
bayesiannetwork_diabetes_008_4 8 0.035690493096939876 1839552 ACCEPT
bayesiannetwork_diabetes_010_0 4 0.022810656308795748 465532 ACCEPT
bayesiannetwork_diabetes_010_1 9 0.022160299760628586 2245072 ACCEPT
bayesiannetwork_diabetes_010_2 9 0.053599967509531984 2378066 ACCEPT
bayesiannetwork_diabetes_010_3 26 0.1954830933740099 19211200 ACCEPT
bayesiannetwork_diabetes_010_4 14 0.0859966339729703 5649464 ACCEPT
bayesiannetwork_link_008_0 9 0.08422105059930374 2226961 ACCEPT
bayesiannetwork_link_008_1 13 0.105706305654989 4797656 ACCEPT
bayesiannetwork_link_008_2 16 0.04771800386051913 6743323 ACCEPT
bayesiannetwork_link_008_3 18 0.0897395562495455 9022112 ACCEPT
bayesiannetwork_link_008_4 9 0.05909846114264022 2373720 ACCEPT
bayesiannetwork_link_010_0 17 0.15703121410874016 8390237 ACCEPT
bayesiannetwork_link_010_1 22 0.09900403130696321 14164767 ACCEPT
bayesiannetwork_link_010_2 31 0.2622001551001867 27296306 ACCEPT
bayesiannetwork_link_010_3 23 0.13068273074731004 14754743 ACCEPT
bayesiannetwork_link_010_4 28 0.20243138014534304 21482230 ACCEPT
bayesiannetwork_munin_008_0 20 0.17724027146863985 11426488 ACCEPT
bayesiannetwork_munin_008_1 17 0.1433867867985904 8322983 ACCEPT
bayesiannetwork_munin_008_2 7 0.10371236537193908 1541062 ACCEPT
bayesiannetwork_munin_008_3 11 0.029513776012769815 3218909 ACCEPT
bayesiannetwork_munin_008_4 16 0.10456668897264054 7542041 ACCEPT
bayesiannetwork_munin_010_0 22 0.1014493890448321 13317551 ACCEPT
bayesiannetwork_munin_010_1 33 0.24143761095938748 30348931 ACCEPT
bayesiannetwork_munin_010_2 16 0.09977770649897763 7467635 ACCEPT
bayesiannetwork_munin_010_3 27 0.10353295555704173 21146390 ACCEPT
bayesiannetwork_munin_010_4 31 0.23085228448079986 26817254 ACCEPT
bayesiannetwork_pigs_008_0 15 0.06796703829094541 6441942 ACCEPT
bayesiannetwork_pigs_008_1 17 0.12810629066603704 7774163 ACCEPT
bayesiannetwork_pigs_008_2 6 0.058704115262885104 1123099 ACCEPT
bayesiannetwork_pigs_008_3 19 0.0991891585030719 9948699 ACCEPT
bayesiannetwork_pigs_008_4 17 0.10752858565244262 7925545 ACCEPT
bayesiannetwork_pigs_010_0 25 0.15218287609818185 17232391 ACCEPT
bayesiannetwork_pigs_010_1 36 0.3106153715327162 36917129 REJECT
bayesiannetwork_pigs_010_2 26 0.08396226457827402 18271388 ACCEPT
bayesiannetwork_pigs_010_3 21 0.17971593843105252 12416175 ACCEPT
bayesiannetwork_pigs_010_4 33 0.18009002499443913 29035557 ACCEPT
bipartite_0.2_008_0 27 0.14944283105928116 21251509 ACCEPT
bipartite_0.2_008_1 24 0.1717799508127856 15831995 ACCEPT
bipartite_0.2_008_2 24 0.2338631282809955 16551565 ACCEPT
bipartite_0.2_008_3 26 0.262355469790551 19225000 ACCEPT
bipartite_0.2_008_4 25 0.3203831851025358 17761820 REJECT
bipartite_0.2_010_0 42 0.19699413106311603 49798327 ACCEPT
bipartite_0.2_010_1 41 0.32988909469544503 46244946 REJECT
bipartite_0.2_010_2 38 0.2627636236349376 40290722 ACCEPT
bipartite_0.2_010_3 39 0.12294656402934208 41908526 ACCEPT
bipartite_0.2_010_4 37 0.2905711086260427 36887531 ACCEPT
bipartite_0.5_008_0 20 0.2661194884876928 11163495 ACCEPT
bipartite_0.5_008_1 21 0.22238311656047857 12195197 ACCEPT
bipartite_0.5_008_2 19 0.17783138765836345 10323613 ACCEPT
bipartite_0.5_008_3 18 0.1929356914235862 9157458 ACCEPT
bipartite_0.5_008_4 22 0.29767514168286563 13144132 ACCEPT
bipartite_0.5_010_0 31 0.27522120658214966 26488712 ACCEPT
bipartite_0.5_010_1 36 0.30820968571618224 35875122 REJECT
bipartite_0.5_010_2 30 0.2949863836982732 24656885 ACCEPT
bipartite_0.5_010_3 35 0.2899082248348156 33364949 ACCEPT
bipartite_0.5_010_4 34 0.2872154102872006 31701978 ACCEPT
