numSolutions: 82 k : 2706
11 82 0.030151134457776365 0.00011086474501108647

 Thread 7 estimated dimension 0 of 11 : 0.5120069149328121  | time taken : 31.42912006378174
 Thread 3 estimated dimension 0 of 11 : 0.5275928089333295  | time taken : 38.41996645927429
 Thread 6 estimated dimension 0 of 11 : 0.482209388781493  | time taken : 38.668792724609375
 Thread 4 estimated dimension 0 of 11 : 0.5536531523118688  | time taken : 39.55880284309387
 Thread 1 estimated dimension 0 of 11 : 0.47637932763329915  | time taken : 62.02866530418396
 Thread 2 estimated dimension 0 of 11 : 0.46995935011869383  | time taken : 69.85011863708496
 Thread 5 estimated dimension 0 of 11 : 0.48917642110157805  | time taken : 76.17837429046631
 Thread 3 estimated dimension 1 of 11 : 0.5793681818909103  | time taken : 42.555044174194336
 Thread 7 estimated dimension 1 of 11 : 0.3813208029167886  | time taken : 62.859641313552856
 Thread 4 estimated dimension 1 of 11 : 0.38423351266653843  | time taken : 66.41210436820984
 Thread 6 estimated dimension 1 of 11 : 0.4118557079284341  | time taken : 67.91480731964111
 Thread 3 estimated dimension 2 of 11 : 0.751019257747012  | time taken : 28.328027963638306
 Thread 5 estimated dimension 1 of 11 : 0.5982176701036724  | time taken : 35.077056646347046
 Thread 2 estimated dimension 1 of 11 : 0.693303647870758  | time taken : 41.88153123855591
 Thread 2 estimated dimension 2 of 11 : 1  | time taken : 6.589406728744507
 Thread 5 estimated dimension 2 of 11 : 1  | time taken : 7.538908958435059
 Thread 7 estimated dimension 2 of 11 : 0.593346015680644  | time taken : 38.91693830490112
 Thread 1 estimated dimension 1 of 11 : 0.3705596274738416  | time taken : 72.61258149147034
 Thread 3 estimated dimension 3 of 11 : 0.7665147041049017  | time taken : 26.54659080505371
 Thread 5 estimated dimension 3 of 11 : 0.825322302000928  | time taken : 21.546440362930298
 Thread 2 estimated dimension 3 of 11 : 0.7946206416771636  | time taken : 22.751192569732666
 Thread 1 estimated dimension 2 of 11 : 0.9738469682105595  | time taken : 9.027262449264526
 Thread 7 estimated dimension 3 of 11 : 0.8384017869193833  | time taken : 19.409110069274902
 Thread 6 estimated dimension 2 of 11 : 0.41756000840810154  | time taken : 56.8426992893219
 Thread 6 estimated dimension 3 of 11 : 0.9833068228327546  | time taken : 8.214617490768433
 Thread 4 estimated dimension 2 of 11 : 0.43939625835005697  | time taken : 71.98110127449036
 Thread 2 estimated dimension 4 of 11 : 0.501975683446091  | time taken : 38.34839916229248
 Thread 1 estimated dimension 3 of 11 : 0.6700426650282744  | time taken : 42.10008263587952
 Thread 4 estimated dimension 3 of 11 : 0.9846425444064852  | time taken : 9.019985675811768
 Thread 5 estimated dimension 4 of 11 : 0.402800108693036  | time taken : 50.32732558250427
 Thread 3 estimated dimension 4 of 11 : 0.41435855420539675  | time taken : 58.5560097694397
 Thread 5 estimated dimension 5 of 11 : 1  | time taken : 8.940874099731445
 Thread 3 estimated dimension 5 of 11 : 1  | time taken : 5.178328037261963
 Thread 7 estimated dimension 4 of 11 : 0.5423219464563894  | time taken : 55.15927004814148
 Thread 6 estimated dimension 4 of 11 : 0.5294718904589382  | time taken : 40.96209454536438
 Thread 2 estimated dimension 5 of 11 : 0.7816280794430938  | time taken : 37.299638748168945
 Thread 4 estimated dimension 4 of 11 : 0.42516522200192775  | time taken : 68.50047254562378
 Thread 4 estimated dimension 5 of 11 : 1  | time taken : 8.375275373458862
 Thread 1 estimated dimension 4 of 11 : 0.4325167041079264  | time taken : 86.35455465316772
 Thread 1 estimated dimension 5 of 11 : 1  | time taken : 8.414349555969238
 Thread 4 estimated dimension 6 of 11 : 0.737416939861563  | time taken : 34.0299174785614
 Thread 5 estimated dimension 6 of 11 : 0.25043540807758397  | time taken : 107.06844854354858
 Thread 3 estimated dimension 6 of 11 : 0.25722170688307805  | time taken : 107.16043639183044
 Thread 1 estimated dimension 6 of 11 : 0.7565815628954886  | time taken : 33.928369760513306
 Thread 5 estimated dimension 7 of 11 : 0.9992972358436044  | time taken : 10.747730255126953
 Thread 3 estimated dimension 7 of 11 : 1  | time taken : 14.250432252883911
 Thread 4 estimated dimension 7 of 11 : 0.6710672353735327  | time taken : 31.995591640472412
 Thread 4 estimated dimension 8 of 11 : 0.9872936784078514  | time taken : 9.479759931564331
 Thread 2 estimated dimension 6 of 11 : 0.25502985350583945  | time taken : 130.9429006576538
 Thread 2 estimated dimension 7 of 11 : 0.9912441606499887  | time taken : 7.804550647735596
 Thread 1 estimated dimension 7 of 11 : 0.6761880973361671  | time taken : 48.24780249595642
 Thread 6 estimated dimension 5 of 11 : 0.19806731035829794  | time taken : 158.1175491809845
 Thread 1 estimated dimension 8 of 11 : 0.9886959850968514  | time taken : 13.123995542526245
 Thread 6 estimated dimension 6 of 11 : 1  | time taken : 8.986878633499146
 Thread 3 estimated dimension 8 of 11 : 0.47080162362458094  | time taken : 66.24114990234375
 Thread 5 estimated dimension 8 of 11 : 0.48970410376340096  | time taken : 74.55246019363403exiting with current heads : 2705 out of 2706 | exp rv: 14051.329266949831

 Thread 7 estimated dimension 5 of 11 : 0.19250847721307318  | time taken : 189.445317029953
 Thread 6 estimated dimension 7 of 11 : 0.9553106455497246  | time taken : 21.08297562599182
 Thread 5 estimated dimension 9 of 11 : 0.9815697527085127  | time taken : 10.549708127975464
 Thread 4 estimated dimension 9 of 11 : 0.48855456907624545  | time taken : 63.978156089782715
 Thread 3 estimated dimension 9 of 11 : 0.9885651056134315  | time taken : 21.11532711982727
 Thread 6 estimated dimension 8 of 11 : 0.9986229024905636  | time taken : 14.094111204147339
 Thread 4 estimated dimension 10 of 11 : 1  | time taken : 10.285322427749634
 Thread 7 estimated dimension 6 of 11 : 0.9913473709187599  | time taken : 20.399607181549072
 Thread 4 nsolns: 48249
 Thread 2 estimated dimension 8 of 11 : 0.4966042782170547  | time taken : 61.38604474067688
 Thread 5 estimated dimension 10 of 11 : 0.9626910145250851  | time taken : 15.5003182888031
 Thread 5 nsolns: 49745
 Thread 3 estimated dimension 10 of 11 : 1  | time taken : 14.506200790405273
 Thread 3 nsolns: 50863
 Thread 6 estimated dimension 9 of 11 : 0.9813531406746986  | time taken : 16.146705865859985
 Thread 7 estimated dimension 7 of 11 : 1  | time taken : 14.471252918243408
 Thread 2 estimated dimension 9 of 11 : 1  | time taken : 14.766390800476074
 Thread 2 estimated dimension 10 of 11 : 0.9949001674181097  | time taken : 10.5121488571167
 Thread 7 estimated dimension 8 of 11 : 0.9984317548561099  | time taken : 11.516778945922852
 Thread 2 nsolns: 48578
 Thread 6 estimated dimension 10 of 11 : 1  | time taken : 12.49914813041687
 Thread 6 nsolns: 53491
 Thread 5 estimated dimension 0 of 11 : 0.6031355358866748  | time taken : 36.87242007255554
 Thread 7 estimated dimension 9 of 11 : 0.9886677408606561  | time taken : 14.026517868041992
 Thread 1 estimated dimension 9 of 11 : 0.5055700390560507  | time taken : 86.87084031105042
 Thread 7 estimated dimension 10 of 11 : 0.9773435839097047  | time taken : 14.29903793334961
 Thread 7 nsolns: 52979
 Thread 2 estimated dimension 0 of 11 : 0.5764912239177462  | time taken : 32.805092334747314
 Thread 6 estimated dimension 0 of 11 : 0.6703382019386799  | time taken : 34.644859313964844
 Thread 1 estimated dimension 10 of 11 : 0.9839022401886176  | time taken : 17.839871168136597
 Thread 1 nsolns: 46939
 Thread 4 estimated dimension 0 of 11 : 0.30284806822255445  | time taken : 74.47498774528503
 Thread 3 estimated dimension 0 of 11 : 0.4972101482874246  | time taken : 75.19110107421875
 Thread 5 estimated dimension 1 of 11 : 0.558947711558974  | time taken : 53.88448095321655
 Thread 7 estimated dimension 0 of 11 : 0.46623794491369325  | time taken : 51.5552179813385
 Thread 3 estimated dimension 1 of 11 : 0.5763876719834046  | time taken : 41.1510009765625
 Thread 5 estimated dimension 2 of 11 : 0.7382244689761537  | time taken : 32.030656814575195
 Thread 2 estimated dimension 1 of 11 : 0.3387713128951323  | time taken : 67.38165283203125
 Thread 3 estimated dimension 2 of 11 : 0.9960687513263602  | time taken : 4.542787313461304
 Thread 6 estimated dimension 1 of 11 : 0.3527072474562485  | time taken : 72.49057292938232
 Thread 4 estimated dimension 1 of 11 : 0.3473282550613075  | time taken : 71.18272662162781
 Thread 3 estimated dimension 3 of 11 : 0.8281347886942538  | time taken : 20.202433824539185
 Thread 4 estimated dimension 2 of 11 : 0.9643916421812954  | time taken : 5.797148704528809
 Thread 1 estimated dimension 0 of 11 : 0.39062751848304095  | time taken : 87.99729800224304
 Thread 5 estimated dimension 3 of 11 : 0.7125999308394422  | time taken : 41.28680968284607
 Thread 7 estimated dimension 1 of 11 : 0.5914161522850147  | time taken : 61.977121114730835
 Thread 2 estimated dimension 2 of 11 : 0.4373974237949039  | time taken : 59.316147565841675
 Thread 6 estimated dimension 2 of 11 : 0.5956991307478794  | time taken : 53.48879265785217
 Thread 2 estimated dimension 3 of 11 : 0.9885322595876647  | time taken : 9.046149969100952
 Thread 1 estimated dimension 1 of 11 : 0.6460025274332614  | time taken : 44.845378398895264
 Thread 3 estimated dimension 4 of 11 : 0.6390560740287387  | time taken : 46.890074491500854
 Thread 7 estimated dimension 2 of 11 : 0.6852673481899515  | time taken : 30.753312587738037
 Thread 1 estimated dimension 2 of 11 : 0.9872124782935616  | time taken : 6.3122358322143555
 Thread 5 estimated dimension 4 of 11 : 0.5764371546768311  | time taken : 44.03496742248535
 Thread 6 estimated dimension 3 of 11 : 0.8055097519672924  | time taken : 34.548696994781494
 Thread 1 estimated dimension 3 of 11 : 0.7444412599432045  | time taken : 27.42036271095276
 Thread 5 estimated dimension 5 of 11 : 0.8000600991722887  | time taken : 25.79313349723816
 Thread 2 estimated dimension 4 of 11 : 0.5523801506653052  | time taken : 51.06370711326599
 Thread 4 estimated dimension 3 of 11 : 0.28991148377317516  | time taken : 110.91581511497498
 Thread 2 estimated dimension 5 of 11 : 0.810079288503282  | time taken : 24.592836380004883
 Thread 5 estimated dimension 6 of 11 : 0.7500155831855473  | time taken : 34.438602924346924
 Thread 1 estimated dimension 4 of 11 : 0.5285299465859917  | time taken : 56.99764633178711
 Thread 6 estimated dimension 4 of 11 : 0.4708634218777103  | time taken : 76.63235449790955
 Thread 6 estimated dimension 5 of 11 : 0.9782579883633901  | time taken : 9.929218292236328
 Thread 1 estimated dimension 5 of 11 : 0.806934700249648  | time taken : 27.064285039901733
 Thread 4 estimated dimension 4 of 11 : 0.5111026420653725  | time taken : 54.24344301223755
 Thread 4 estimated dimension 5 of 11 : 0.99491498426687  | time taken : 12.165162324905396
 Thread 4 estimated dimension 6 of 11 : 0.9618585044348439  | time taken : 3.6631240844726562
 Thread 6 estimated dimension 6 of 11 : 0.7625221536843146  | time taken : 29.222272396087646
 Thread 7 estimated dimension 3 of 11 : 0.259694195857774  | time taken : 139.27351212501526
 Thread 4 estimated dimension 7 of 11 : 0.9745738012996269  | time taken : 8.738691568374634
 Thread 4 estimated dimension 8 of 11 : 1  | time taken : 12.112144231796265
 Thread 5 estimated dimension 7 of 11 : 0.3739147402449425  | time taken : 92.3225679397583
 Thread 4 estimated dimension 9 of 11 : 1  | time taken : 10.84965968132019
 Thread 3 estimated dimension 5 of 11 : 0.19753564839571763  | time taken : 174.12832379341125
 Thread 6 estimated dimension 7 of 11 : 0.7018176881448119  | time taken : 36.642868518829346
 Thread 3 estimated dimension 6 of 11 : 1  | time taken : 14.013176679611206
 Thread 6 estimated dimension 8 of 11 : 1  | time taken : 8.41769552230835
 Thread 3 estimated dimension 7 of 11 : 0.9686559494883821  | time taken : 10.901181936264038
 Thread 7 estimated dimension 4 of 11 : 0.45893726881777214  | time taken : 72.01518607139587
 Thread 5 estimated dimension 8 of 11 : 0.48598827725102206  | time taken : 51.32225751876831
 Thread 7 estimated dimension 5 of 11 : 1  | time taken : 10.431622505187988
 Thread 4 estimated dimension 10 of 11 : 0.5087648308988098  | time taken : 56.51183819770813
 Thread 4 nsolns: 52832
 Thread 2 estimated dimension 6 of 11 : 0.256546735066945  | time taken : 154.85054445266724
 Thread 7 estimated dimension 6 of 11 : 0.9876763760280204  | time taken : 4.940764427185059
 Thread 5 estimated dimension 9 of 11 : 1  | time taken : 13.602415561676025
 Thread 2 estimated dimension 7 of 11 : 1  | time taken : 8.795685052871704
 Thread 7 estimated dimension 7 of 11 : 0.9822500493944436  | time taken : 11.198504447937012
 Thread 5 estimated dimension 10 of 11 : 1  | time taken : 10.05114197731018
 Thread 5 nsolns: 46628
 Thread 6 estimated dimension 9 of 11 : 0.5117254241691155  | time taken : 58.79472231864929
 Thread 1 estimated dimension 6 of 11 : 0.2951919898715816  | time taken : 132.7441165447235
 Thread 2 estimated dimension 8 of 11 : 0.9791285838167655  | time taken : 12.873591423034668
 Thread 3 estimated dimension 8 of 11 : 0.4807071162110936  | time taken : 60.808330059051514
 Thread 6 estimated dimension 10 of 11 : 0.9794027089042135  | time taken : 14.20746397972107
 Thread 6 nsolns: 46345
 Thread 2 estimated dimension 9 of 11 : 0.9880461549075331  | time taken : 10.897889852523804
 Thread 1 estimated dimension 7 of 11 : 0.9878736005794145  | time taken : 14.356858015060425
 Thread 4 estimated dimension 0 of 11 : 0.5286204626406433  | time taken : 40.529839754104614
 Thread 2 estimated dimension 10 of 11 : 0.9893279101388522  | time taken : 9.219515323638916
 Thread 2 nsolns: 51219
 Thread 3 estimated dimension 9 of 11 : 0.9859622496302363  | time taken : 14.393508195877075
 Thread 5 estimated dimension 0 of 11 : 0.5723600914882274  | time taken : 31.54497218132019
 Thread 7 estimated dimension 8 of 11 : 0.6845400950404531  | time taken : 35.357433795928955
 Thread 3 estimated dimension 10 of 11 : 1  | time taken : 14.96831226348877
 Thread 3 nsolns: 50102
 Thread 6 estimated dimension 0 of 11 : 0.6312488588166413  | time taken : 33.30852746963501
 Thread 7 estimated dimension 9 of 11 : 0.9752478476856403  | time taken : 17.372726917266846
 Thread 4 estimated dimension 1 of 11 : 0.5499656766318183  | time taken : 38.653462409973145
 Thread 1 estimated dimension 8 of 11 : 0.4884556950000189  | time taken : 45.34903001785278
 Thread 2 estimated dimension 0 of 11 : 0.4993570130932322  | time taken : 43.57367420196533
 Thread 5 estimated dimension 1 of 11 : 0.6616582860015348  | time taken : 40.23227000236511
 Thread 1 estimated dimension 9 of 11 : 1  | time taken : 7.70760178565979
 Thread 1 estimated dimension 10 of 11 : 0.9951041441701574  | time taken : 21.40244436264038
 Thread 3 estimated dimension 0 of 11 : 0.5460975898505301  | time taken : 49.24851155281067
 Thread 1 nsolns: 48757
 Thread 6 estimated dimension 1 of 11 : 0.4014527184449351  | time taken : 52.54306244850159
 Thread 5 estimated dimension 2 of 11 : 0.6694216474395138  | time taken : 32.56066584587097
 Thread 7 estimated dimension 10 of 11 : 0.571567443575806  | time taken : 66.3151867389679
 Thread 7 nsolns: 50018
 Thread 3 estimated dimension 1 of 11 : 0.5827150609522226  | time taken : 36.546454668045044
 Thread 1 estimated dimension 0 of 11 : 0.5286356843466272  | time taken : 40.06299924850464
 Thread 2 estimated dimension 1 of 11 : 0.43369920521589406  | time taken : 74.64940094947815
 Thread 7 estimated dimension 0 of 11 : 0.5489124744045415  | time taken : 36.50572967529297
 Thread 3 estimated dimension 2 of 11 : 0.760794913830613  | time taken : 34.53558945655823
 Thread 1 estimated dimension 1 of 11 : 0.6863281313591197  | time taken : 41.7839150428772
 Thread 4 estimated dimension 2 of 11 : 0.296381912714768  | time taken : 117.6928858757019
 Thread 2 estimated dimension 2 of 11 : 0.5388718135427055  | time taken : 34.02828907966614
 Thread 6 estimated dimension 2 of 11 : 0.3829920014458019  | time taken : 77.23252773284912
 Thread 6 estimated dimension 3 of 11 : 0.9992359037495192  | time taken : 5.528729677200317
 Thread 4 estimated dimension 3 of 11 : 1  | time taken : 12.237422943115234
 Thread 1 estimated dimension 2 of 11 : 0.7586197690264815  | time taken : 26.826189279556274
 Thread 2 estimated dimension 3 of 11 : 0.8055525395779369  | time taken : 24.33597493171692
 Thread 3 estimated dimension 3 of 11 : 0.690107168963925  | time taken : 37.45484447479248
 Thread 7 estimated dimension 1 of 11 : 0.3660844188444356  | time taken : 72.44142866134644
 Thread 5 estimated dimension 3 of 11 : 0.2621591503782721  | time taken : 125.22285962104797
 Thread 1 estimated dimension 3 of 11 : 0.7198120694980957  | time taken : 36.630035638809204
 Thread 3 estimated dimension 4 of 11 : 0.5482526700658661  | time taken : 43.0092933177948
 Thread 2 estimated dimension 4 of 11 : 0.5475224057425839  | time taken : 46.3103141784668
 Thread 6 estimated dimension 4 of 11 : 0.4756478423542633  | time taken : 70.61656093597412
 Thread 6 estimated dimension 5 of 11 : 1  | time taken : 9.189757585525513
 Thread 4 estimated dimension 4 of 11 : 0.4273868078576425  | time taken : 81.00361013412476
 Thread 7 estimated dimension 2 of 11 : 0.5543758467188623  | time taken : 47.80774807929993
 Thread 5 estimated dimension 4 of 11 : 0.5620238551944179  | time taken : 48.665948152542114
 Thread 4 estimated dimension 5 of 11 : 1  | time taken : 7.780360698699951
 Thread 2 estimated dimension 5 of 11 : 0.7831763840509921  | time taken : 29.392841577529907
 Thread 3 estimated dimension 5 of 11 : 0.8197140029177375  | time taken : 43.0342493057251
 Thread 5 estimated dimension 5 of 11 : 0.9615559467521115  | time taken : 14.409875631332397
 Thread 6 estimated dimension 6 of 11 : 0.7669478709316946  | time taken : 28.17487668991089
 Thread 7 estimated dimension 3 of 11 : 0.8095654179511123  | time taken : 25.857941389083862
 Thread 1 estimated dimension 4 of 11 : 0.4102809126438047  | time taken : 62.3007378578186
 Thread 5 estimated dimension 6 of 11 : 0.986784202962764  | time taken : 14.242792844772339
 Thread 1 estimated dimension 5 of 11 : 0.9771602876701206  | time taken : 11.278965950012207
 Thread 5 estimated dimension 7 of 11 : 1  | time taken : 10.649034976959229
 Thread 3 estimated dimension 6 of 11 : 0.7226930308819982  | time taken : 27.20891809463501
 Thread 7 estimated dimension 4 of 11 : 0.5269019844221811  | time taken : 37.23126268386841
 Thread 1 estimated dimension 6 of 11 : 0.7353682292526125  | time taken : 26.271806240081787
 Thread 3 estimated dimension 7 of 11 : 0.6656951181621018  | time taken : 41.60081601142883
 Thread 5 estimated dimension 8 of 11 : 0.6443548196562889  | time taken : 42.897921562194824
 Thread 7 estimated dimension 5 of 11 : 0.8060834901001785  | time taken : 26.025567770004272
 Thread 5 estimated dimension 9 of 11 : 0.9766934219751503  | time taken : 8.434642791748047
 Thread 7 estimated dimension 6 of 11 : 0.7398716318598146  | time taken : 25.158118963241577
 Thread 6 estimated dimension 7 of 11 : 0.3112568703912224  | time taken : 99.76896786689758
 Thread 2 estimated dimension 6 of 11 : 0.25553266087157206  | time taken : 117.88506388664246
 Thread 4 estimated dimension 6 of 11 : 0.2625955063150079  | time taken : 120.23318338394165
 Thread 6 estimated dimension 8 of 11 : 0.9874779534381328  | time taken : 13.466160535812378
 Thread 3 estimated dimension 8 of 11 : 0.5141607296025239  | time taken : 47.39718770980835
 Thread 2 estimated dimension 7 of 11 : 0.9715896154662327  | time taken : 13.136885404586792
 Thread 4 estimated dimension 7 of 11 : 0.9952220068838248  | time taken : 13.181220293045044
 Thread 6 estimated dimension 9 of 11 : 0.9636200477827925  | time taken : 13.486336708068848
 Thread 4 estimated dimension 8 of 11 : 0.9999105828174106  | time taken : 11.475091218948364
 Thread 6 estimated dimension 10 of 11 : 1  | time taken : 5.1963584423065186
 Thread 6 nsolns: 49651
 Thread 4 estimated dimension 9 of 11 : 1  | time taken : 5.675413608551025
 Thread 2 estimated dimension 8 of 11 : 0.9991020878040879  | time taken : 20.119086742401123
 Thread 5 estimated dimension 10 of 11 : 0.48997552910416675  | time taken : 62.14722180366516
 Thread 5 nsolns: 48457
 Thread 1 estimated dimension 7 of 11 : 0.3195715158204073  | time taken : 99.27687954902649
 Thread 2 estimated dimension 9 of 11 : 1  | time taken : 14.21491003036499
 Thread 4 estimated dimension 10 of 11 : 1  | time taken : 15.260972738265991
 Thread 4 nsolns: 51785
 Thread 2 estimated dimension 10 of 11 : 1  | time taken : 5.076410531997681
 Thread 2 nsolns: 49668
 Thread 5 estimated dimension 0 of 11 : 0.7212319090257456  | time taken : 29.790428638458252
 Thread 4 estimated dimension 0 of 11 : 0.7016556460252624  | time taken : 19.15657377243042
 Thread 3 estimated dimension 9 of 11 : 0.4894038533045334  | time taken : 70.59010910987854
 Thread 2 estimated dimension 0 of 11 : 0.6187355413322667  | time taken : 27.770020484924316
 Thread 3 estimated dimension 10 of 11 : 1  | time taken : 7.801867961883545
 Thread 3 nsolns: 46703
 Thread 6 estimated dimension 0 of 11 : 0.4267471873003555  | time taken : 64.95556116104126
 Thread 7 estimated dimension 7 of 11 : 0.31209503854562587  | time taken : 110.52536630630493
 Thread 4 estimated dimension 1 of 11 : 0.6320121670846274  | time taken : 40.07156777381897
 Thread 7 estimated dimension 8 of 11 : 1  | time taken : 11.590033054351807
 Thread 2 estimated dimension 1 of 11 : 0.5803890719980578  | time taken : 37.34662127494812
 Thread 1 estimated dimension 8 of 11 : 0.45799910255155163  | time taken : 78.1413402557373
 Thread 7 estimated dimension 9 of 11 : 0.9822806995974354  | time taken : 9.77900218963623
 Thread 5 estimated dimension 1 of 11 : 0.35267162081554754  | time taken : 63.221872091293335
 Thread 1 estimated dimension 9 of 11 : 1  | time taken : 16.352131128311157
 Thread 4 estimated dimension 2 of 11 : 0.7247620284970504  | time taken : 29.847564220428467
 Thread 6 estimated dimension 1 of 11 : 0.6190005212729056  | time taken : 45.965983867645264
 Thread 7 estimated dimension 10 of 11 : 1  | time taken : 17.470144271850586
 Thread 7 nsolns: 48871
 Thread 6 estimated dimension 2 of 11 : 1  | time taken : 5.286114931106567
 Thread 1 estimated dimension 10 of 11 : 0.9768228957116318  | time taken : 11.304834604263306
 Thread 1 nsolns: 49317
 Thread 2 estimated dimension 2 of 11 : 0.781443051432203  | time taken : 30.751140356063843
 Thread 3 estimated dimension 0 of 11 : 0.40841580171279795  | time taken : 62.188331604003906
 Thread 4 estimated dimension 3 of 11 : 0.7434268107903448  | time taken : 20.166183710098267
 Thread 5 estimated dimension 2 of 11 : 0.6196421715457155  | time taken : 38.69117569923401
 Thread 2 estimated dimension 3 of 11 : 0.7514349326791917  | time taken : 26.168009042739868
 Thread 6 estimated dimension 3 of 11 : 0.8253703255283075  | time taken : 32.24574875831604
 Thread 1 estimated dimension 0 of 11 : 0.598211380981756  | time taken : 31.468082666397095
 Thread 3 estimated dimension 1 of 11 : 0.643824673527929  | time taken : 28.975805521011353
 Thread 3 estimated dimension 2 of 11 : 0.9985485553742319  | time taken : 5.836900949478149
 Thread 4 estimated dimension 4 of 11 : 0.5522573343698213  | time taken : 36.71001744270325
 Thread 5 estimated dimension 3 of 11 : 0.8032391733024972  | time taken : 31.44146490097046
 Thread 3 estimated dimension 3 of 11 : 0.7646684843465894  | time taken : 16.768282890319824
 Thread 7 estimated dimension 0 of 11 : 0.46256191690724024  | time taken : 73.78742909431458
 Thread 1 estimated dimension 1 of 11 : 0.5961012384424066  | time taken : 38.266395568847656
 Thread 4 estimated dimension 5 of 11 : 0.7988190378302328  | time taken : 22.164156198501587
 Thread 2 estimated dimension 4 of 11 : 0.44763511797835404  | time taken : 51.422159910202026
 Thread 2 estimated dimension 5 of 11 : 1  | time taken : 7.877305269241333
 Thread 6 estimated dimension 4 of 11 : 0.4487052820600981  | time taken : 66.15240001678467
 Thread 3 estimated dimension 4 of 11 : 0.6428924397305763  | time taken : 40.25220823287964
 Thread 5 estimated dimension 4 of 11 : 0.436404599920216  | time taken : 51.99072241783142
 Thread 6 estimated dimension 5 of 11 : 0.9757577869767172  | time taken : 4.66478705406189
 Thread 4 estimated dimension 6 of 11 : 0.7441837056284879  | time taken : 30.73930025100708
 Thread 7 estimated dimension 1 of 11 : 0.657321170704893  | time taken : 35.367698431015015
 Thread 1 estimated dimension 2 of 11 : 0.7046080209589527  | time taken : 38.54700231552124
 Thread 7 estimated dimension 2 of 11 : 0.9913842643599536  | time taken : 4.991982698440552
 Thread 5 estimated dimension 5 of 11 : 0.9938437252815814  | time taken : 9.388337135314941
 Thread 2 estimated dimension 6 of 11 : 0.7398469265202727  | time taken : 25.382879495620728
 Thread 3 estimated dimension 5 of 11 : 0.7995023271152661  | time taken : 21.22591781616211
 Thread 6 estimated dimension 6 of 11 : 0.765081428132803  | time taken : 28.240209817886353
 Thread 7 estimated dimension 3 of 11 : 0.8118073108915389  | time taken : 19.761871576309204
 Thread 1 estimated dimension 3 of 11 : 0.7135269863975017  | time taken : 27.209181308746338
 Thread 4 estimated dimension 7 of 11 : 0.6595958255996077  | time taken : 34.8343460559845
 Thread 5 estimated dimension 6 of 11 : 0.7039792842647645  | time taken : 28.328209400177002
 Thread 3 estimated dimension 6 of 11 : 0.7525785243176816  | time taken : 32.020283699035645
 Thread 6 estimated dimension 7 of 11 : 0.6278603763533657  | time taken : 36.093475580215454
 Thread 7 estimated dimension 4 of 11 : 0.5704154562500596  | time taken : 45.775938749313354
 Thread 4 estimated dimension 8 of 11 : 0.5611042884264078  | time taken : 39.562236070632935
 Thread 5 estimated dimension 7 of 11 : 0.6736503281272853  | time taken : 42.66244435310364
 Thread 2 estimated dimension 7 of 11 : 0.31087929544469467  | time taken : 75.32764792442322
 Thread 1 estimated dimension 4 of 11 : 0.36526702131375255  | time taken : 52.460888624191284
 Thread 5 estimated dimension 8 of 11 : 1  | time taken : 6.92345404624939
 Thread 1 estimated dimension 5 of 11 : 0.9895746200191499  | time taken : 8.60185432434082
 Thread 7 estimated dimension 5 of 11 : 0.7851709941157765  | time taken : 32.134074687957764
 Thread 6 estimated dimension 8 of 11 : 0.4717378356217957  | time taken : 46.958038568496704
 Thread 1 estimated dimension 6 of 11 : 0.7326923624267873  | time taken : 30.219011068344116
 Thread 4 estimated dimension 9 of 11 : 0.5179097249347219  | time taken : 52.91817092895508
 Thread 7 estimated dimension 6 of 11 : 0.7740290490768285  | time taken : 23.773864269256592
 Thread 5 estimated dimension 9 of 11 : 0.523015677952784  | time taken : 47.175610065460205
 Thread 4 estimated dimension 10 of 11 : 1  | time taken : 16.368815183639526
 Thread 4 nsolns: 44054
 Thread 3 estimated dimension 7 of 11 : 0.32165226395294155  | time taken : 98.95206618309021
 Thread 2 estimated dimension 8 of 11 : 0.5343495046261775  | time taken : 63.87564563751221
 Thread 5 estimated dimension 10 of 11 : 0.9735238655263183  | time taken : 19.300479650497437
 Thread 5 nsolns: 46403
 Thread 2 estimated dimension 9 of 11 : 0.994067841206378  | time taken : 12.482506275177002
 Thread 7 estimated dimension 7 of 11 : 0.6921273624746889  | time taken : 37.403027296066284
 Thread 1 estimated dimension 7 of 11 : 0.6763866059702717  | time taken : 40.00924515724182
 Thread 2 estimated dimension 10 of 11 : 1  | time taken : 8.062877655029297
 Thread 2 nsolns: 47439
 Thread 6 estimated dimension 9 of 11 : 0.5165098640585958  | time taken : 65.59805202484131
 Thread 6 estimated dimension 10 of 11 : 1  | time taken : 11.560300827026367
 Thread 6 nsolns: 46993
 Thread 5 estimated dimension 0 of 11 : 0.4877934142056263  | time taken : 40.698338985443115
 Thread 3 estimated dimension 8 of 11 : 0.5321615436931364  | time taken : 60.61814045906067
 Thread 4 estimated dimension 0 of 11 : 0.3455668200896941  | time taken : 63.76737952232361
 Thread 1 estimated dimension 8 of 11 : 0.5585251738947108  | time taken : 46.75564455986023
 Thread 7 estimated dimension 8 of 11 : 0.44037196113854615  | time taken : 51.54190468788147
 Thread 3 estimated dimension 9 of 11 : 1  | time taken : 13.441474676132202
 Thread 3 estimated dimension 10 of 11 : 1  | time taken : 13.516212463378906
 Thread 3 nsolns: 46900
 Thread 2 estimated dimension 0 of 11 : 0.4310202529393663  | time taken : 72.41954851150513
 Thread 4 estimated dimension 1 of 11 : 0.6440065393314691  | time taken : 44.05778670310974
 Thread 5 estimated dimension 1 of 11 : 0.3918593399308025  | time taken : 59.24385595321655
 Thread 4 estimated dimension 2 of 11 : 0.9928611781904029  | time taken : 5.234674692153931
 Thread 6 estimated dimension 0 of 11 : 0.33326460900505195  | time taken : 68.04986476898193
 Thread 1 estimated dimension 9 of 11 : 0.5140492134298917  | time taken : 52.09420132637024
 Thread 7 estimated dimension 9 of 11 : 0.4857665632025435  | time taken : 51.8319456577301
 Thread 1 estimated dimension 10 of 11 : 0.9860002980635246  | time taken : 5.109490394592285
 Thread 1 nsolns: 47209
 Thread 3 estimated dimension 0 of 11 : 0.645065967465612  | time taken : 37.30646729469299
 Thread 7 estimated dimension 10 of 11 : 0.9907881835613804  | time taken : 11.242754459381104
 Thread 7 nsolns: 46221
 Thread 4 estimated dimension 3 of 11 : 0.8080542149536216  | time taken : 27.414376258850098
 Thread 6 estimated dimension 1 of 11 : 0.6630173674158768  | time taken : 36.82737874984741
 Thread 2 estimated dimension 1 of 11 : 0.36959065060961016  | time taken : 58.4107768535614
 Thread 6 estimated dimension 2 of 11 : 1  | time taken : 7.838363885879517
 Thread 5 estimated dimension 2 of 11 : 0.39720195379395096  | time taken : 52.49497699737549
 Thread 2 estimated dimension 2 of 11 : 0.9928157331630766  | time taken : 5.3125035762786865
 Thread 3 estimated dimension 1 of 11 : 0.672728985874095  | time taken : 32.96509265899658
 Thread 5 estimated dimension 3 of 11 : 1  | time taken : 5.612473011016846
 Thread 6 estimated dimension 3 of 11 : 0.853416606095232  | time taken : 17.639912366867065
 Thread 1 estimated dimension 0 of 11 : 0.4700789361189351  | time taken : 67.11872100830078
 Thread 3 estimated dimension 2 of 11 : 0.7141220234650079  | time taken : 34.65306735038757
 Thread 2 estimated dimension 3 of 11 : 0.693022572882481  | time taken : 35.84815168380737
 Thread 4 estimated dimension 4 of 11 : 0.3785364413816917  | time taken : 61.69141435623169
 Thread 7 estimated dimension 0 of 11 : 0.4406863276359181  | time taken : 67.14744019508362
 Thread 5 estimated dimension 4 of 11 : 0.6099321012611693  | time taken : 36.181506633758545
 Thread 4 estimated dimension 5 of 11 : 0.979803051921478  | time taken : 11.426587343215942
 Thread 6 estimated dimension 4 of 11 : 0.5824820237181966  | time taken : 46.93285274505615
 Thread 1 estimated dimension 1 of 11 : 0.6331768086201305  | time taken : 32.038652181625366
 Thread 1 estimated dimension 2 of 11 : 0.9931372405453155  | time taken : 4.21314263343811
 Thread 5 estimated dimension 5 of 11 : 0.7768280801310827  | time taken : 28.531821250915527
 Thread 4 estimated dimension 6 of 11 : 0.7464741490929266  | time taken : 20.948925733566284
 Thread 2 estimated dimension 4 of 11 : 0.5535998998764424  | time taken : 42.96403646469116
 Thread 6 estimated dimension 5 of 11 : 0.7998596882999218  | time taken : 25.037571668624878
 Thread 1 estimated dimension 3 of 11 : 0.7841312865390359  | time taken : 16.262843132019043
 Thread 5 estimated dimension 6 of 11 : 0.7696055464142435  | time taken : 23.3281672000885
 Thread 4 estimated dimension 7 of 11 : 0.638960604686042  | time taken : 26.55386471748352
 Thread 2 estimated dimension 5 of 11 : 0.8006643282682334  | time taken : 23.73762321472168
 Thread 7 estimated dimension 1 of 11 : 0.42433726302426716  | time taken : 64.04958605766296
 Thread 6 estimated dimension 6 of 11 : 0.72929281673167  | time taken : 21.253913164138794
 Thread 7 estimated dimension 2 of 11 : 0.9948525000204773  | time taken : 5.026656627655029
 Thread 1 estimated dimension 4 of 11 : 0.5049622594807458  | time taken : 32.98990345001221
 Thread 5 estimated dimension 7 of 11 : 0.7113219146280995  | time taken : 33.45615530014038
 Thread 1 estimated dimension 5 of 11 : 0.8014914519871646  | time taken : 17.501253128051758
 Thread 5 estimated dimension 8 of 11 : 1  | time taken : 11.289541721343994
 Thread 6 estimated dimension 7 of 11 : 0.683222130346477  | time taken : 35.25595045089722
 Thread 3 estimated dimension 3 of 11 : 0.2632171476601958  | time taken : 108.9860200881958
 Thread 4 estimated dimension 8 of 11 : 0.4838985395996963  | time taken : 52.25368547439575
 Thread 6 estimated dimension 8 of 11 : 0.4642305311148182  | time taken : 50.50315451622009
 Thread 7 estimated dimension 3 of 11 : 0.3263683601848994  | time taken : 89.9860029220581
 Thread 4 estimated dimension 9 of 11 : 0.46278738514086704  | time taken : 52.00355100631714
 Thread 5 estimated dimension 9 of 11 : 0.5301310063047827  | time taken : 62.419955253601074
 Thread 3 estimated dimension 4 of 11 : 0.503163870038591  | time taken : 60.87432265281677
 Thread 3 estimated dimension 5 of 11 : 1  | time taken : 8.14072561264038
 Thread 5 estimated dimension 10 of 11 : 1  | time taken : 8.860486030578613
 Thread 5 nsolns: 47852
 Thread 3 estimated dimension 6 of 11 : 0.9901638817712722  | time taken : 5.3125104904174805
 Thread 4 estimated dimension 10 of 11 : 1  | time taken : 14.92308759689331
 Thread 4 nsolns: 49660
 Thread 2 estimated dimension 6 of 11 : 0.24788492024288042  | time taken : 126.3397524356842
 Thread 3 estimated dimension 7 of 11 : 0.9705534994986208  | time taken : 11.928615093231201
 Thread 6 estimated dimension 9 of 11 : 0.5319746670507345  | time taken : 49.3959014415741
 Thread 2 estimated dimension 7 of 11 : 1  | time taken : 14.21524453163147
 Thread 1 estimated dimension 6 of 11 : 0.23839799120557992  | time taken : 108.891850233078
 Thread 7 estimated dimension 4 of 11 : 0.4922847675647021  | time taken : 46.44704866409302
 Thread 5 estimated dimension 0 of 11 : 0.43218717849205923  | time taken : 33.30286431312561
 Thread 4 estimated dimension 0 of 11 : 0.4816116167065009  | time taken : 30.594640254974365
 Thread 6 estimated dimension 10 of 11 : 1  | time taken : 11.29188847541809
 Thread 1 estimated dimension 7 of 11 : 1  | time taken : 8.795328855514526
 Thread 6 nsolns: 47448
 Thread 2 estimated dimension 8 of 11 : 1  | time taken : 12.11168646812439
 Thread 7 estimated dimension 5 of 11 : 0.9716495770159579  | time taken : 12.688839435577393
 Thread 2 estimated dimension 9 of 11 : 1  | time taken : 4.966275215148926
 Thread 3 estimated dimension 8 of 11 : 0.6522527900227832  | time taken : 36.82448625564575
 Thread 7 estimated dimension 6 of 11 : 1  | time taken : 11.279344320297241
 Thread 2 estimated dimension 10 of 11 : 1  | time taken : 11.74754023551941
 Thread 2 nsolns: 50329
 Thread 3 estimated dimension 9 of 11 : 0.9977130878617761  | time taken : 6.900428295135498
 Thread 7 estimated dimension 7 of 11 : 1  | time taken : 7.930855989456177
 Thread 7 estimated dimension 8 of 11 : 1  | time taken : 4.698176622390747
 Thread 5 estimated dimension 1 of 11 : 0.7060161487130071  | time taken : 42.9200484752655
 Thread 6 estimated dimension 0 of 11 : 0.49073822679427553  | time taken : 39.643218755722046
 Thread 7 estimated dimension 9 of 11 : 1  | time taken : 9.57105040550232
 Thread 2 estimated dimension 0 of 11 : 0.5663084132093903  | time taken : 27.245723724365234
 Thread 1 estimated dimension 8 of 11 : 0.5187322722775369  | time taken : 47.581884145736694
 Thread 4 estimated dimension 1 of 11 : 0.4035199086961839  | time taken : 52.5941207408905
 Thread 5 estimated dimension 2 of 11 : 0.7530029324414308  | time taken : 19.755237340927124
 Thread 1 estimated dimension 9 of 11 : 0.9913429282092466  | time taken : 12.613661289215088
 Thread 1 estimated dimension 10 of 11 : 0.9816887230766683  | time taken : 5.282662391662598
 Thread 6 estimated dimension 1 of 11 : 0.5657593270281684  | time taken : 26.940006971359253
 Thread 1 nsolns: 49396
 Thread 3 estimated dimension 10 of 11 : 0.47202668353713245  | time taken : 57.28314542770386
 Thread 3 nsolns: 48197
 Thread 7 estimated dimension 10 of 11 : 0.5040562268767216  | time taken : 42.797146797180176
 Thread 7 nsolns: 47695
 Thread 4 estimated dimension 2 of 11 : 0.5436944259861188  | time taken : 39.34435725212097
 Thread 6 estimated dimension 2 of 11 : 0.6532125449547204  | time taken : 21.589202880859375
 Thread 2 estimated dimension 1 of 11 : 0.3798598170607752  | time taken : 47.451672315597534
 Thread 1 estimated dimension 0 of 11 : 0.658608247879785  | time taken : 29.848360061645508
 Thread 4 estimated dimension 3 of 11 : 0.808825840966656  | time taken : 24.832693815231323
 Thread 6 estimated dimension 3 of 11 : 0.7483486303178201  | time taken : 27.285367250442505
 Thread 7 estimated dimension 0 of 11 : 0.5079649349850204  | time taken : 38.816357374191284
 Thread 3 estimated dimension 0 of 11 : 0.47859587999523473  | time taken : 46.135201930999756
 Thread 1 estimated dimension 1 of 11 : 0.40398318420696555  | time taken : 51.66324043273926
 Thread 4 estimated dimension 4 of 11 : 0.5663469334883952  | time taken : 36.165881633758545
 Thread 5 estimated dimension 3 of 11 : 0.2554857887482628  | time taken : 96.58084917068481
 Thread 6 estimated dimension 4 of 11 : 0.5345773555383849  | time taken : 41.24201321601868
 Thread 7 estimated dimension 1 of 11 : 0.4912009034177183  | time taken : 33.416380405426025
 Thread 2 estimated dimension 2 of 11 : 0.43580220404732645  | time taken : 69.1983904838562
 Thread 7 estimated dimension 2 of 11 : 0.99177935699262  | time taken : 5.485151529312134
 Thread 2 estimated dimension 3 of 11 : 1  | time taken : 3.7255213260650635
 Thread 3 estimated dimension 1 of 11 : 0.3738540523234614  | time taken : 52.20790123939514
 Thread 6 estimated dimension 5 of 11 : 0.8054568277822597  | time taken : 22.949665069580078
 Thread 7 estimated dimension 3 of 11 : 0.8281877816053888  | time taken : 17.073188543319702
 Thread 3 estimated dimension 2 of 11 : 1  | time taken : 4.589554309844971
 Thread 1 estimated dimension 2 of 11 : 0.5699378182493626  | time taken : 41.7386314868927
 Thread 5 estimated dimension 4 of 11 : 0.441407241170189  | time taken : 42.27015495300293
 Thread 2 estimated dimension 4 of 11 : 0.5864511697675745  | time taken : 32.26429629325867
 Thread 5 estimated dimension 5 of 11 : 0.9736677553522909  | time taken : 12.237664222717285
 Thread 1 estimated dimension 3 of 11 : 0.8016085564951992  | time taken : 21.028858423233032
 Thread 5 estimated dimension 6 of 11 : 0.9990393860138546  | time taken : 4.7780420780181885
 Thread 5 estimated dimension 7 of 11 : 0.9633962122607053  | time taken : 7.772154808044434
 Thread 2 estimated dimension 5 of 11 : 0.7859114760824935  | time taken : 22.748886108398438
 Thread 7 estimated dimension 4 of 11 : 0.39185042675868054  | time taken : 50.045772075653076
 Thread 7 estimated dimension 5 of 11 : 0.977049903366814  | time taken : 6.779084920883179
 Thread 3 estimated dimension 3 of 11 : 0.30567558198207234  | time taken : 63.978851079940796
 Thread 5 estimated dimension 8 of 11 : 0.6923074733958766  | time taken : 24.63984966278076
 Thread 2 estimated dimension 6 of 11 : 0.7536113976411628  | time taken : 26.80475616455078
 Thread 5 estimated dimension 9 of 11 : 1  | time taken : 8.152671098709106
 Thread 1 estimated dimension 4 of 11 : 0.4183098259872277  | time taken : 43.83994221687317
 Thread 1 estimated dimension 5 of 11 : 0.9877539463904098  | time taken : 6.3418097496032715
 Thread 7 estimated dimension 6 of 11 : 0.7605768034332911  | time taken : 24.159258604049683
 Thread 2 estimated dimension 7 of 11 : 0.6195453915737287  | time taken : 27.2895290851593
 Thread 2 estimated dimension 8 of 11 : 1  | time taken : 7.197267770767212exiting with current heads : 2705 out of 2706 | exp rv: 13865.153577011279

 Thread 4 estimated dimension 5 of 11 : 0.19509340339979703  | time taken : 137.32427978515625
 Thread 1 estimated dimension 6 of 11 : 0.7102174218420296  | time taken : 24.683146238327026
 Thread 3 estimated dimension 4 of 11 : 0.48340212720793657  | time taken : 44.90277028083801
 Thread 6 estimated dimension 6 of 11 : 0.23941624293136354  | time taken : 112.60222578048706
 Thread 5 estimated dimension 10 of 11 : 0.4784392822081336  | time taken : 44.580158710479736
 Thread 3 estimated dimension 5 of 11 : 1  | time taken : 8.563185691833496
 Thread 5 nsolns: 50910
 Thread 4 estimated dimension 6 of 11 : 1  | time taken : 15.218738794326782
 Thread 6 estimated dimension 7 of 11 : 1  | time taken : 11.079598665237427
 Thread 4 estimated dimension 7 of 11 : 0.9966879847448895  | time taken : 10.044096231460571
 Thread 3 estimated dimension 6 of 11 : 1  | time taken : 13.346981287002563
 Thread 1 estimated dimension 7 of 11 : 0.6893128617235925  | time taken : 32.678948163986206
 Thread 7 estimated dimension 7 of 11 : 0.33912316058226644  | time taken : 59.14766311645508
 Thread 3 estimated dimension 7 of 11 : 0.9843324754606648  | time taken : 10.467346906661987
 Thread 1 estimated dimension 8 of 11 : 1  | time taken : 7.041513204574585
 Thread 4 estimated dimension 8 of 11 : 0.9972310634208322  | time taken : 15.695659637451172
 Thread 4 estimated dimension 9 of 11 : 1  | time taken : 8.252511739730835
 Thread 3 estimated dimension 8 of 11 : 1  | time taken : 11.770648956298828
 Thread 2 estimated dimension 9 of 11 : 0.4920836102584575  | time taken : 54.28787112236023
 Thread 4 estimated dimension 10 of 11 : 0.9901005580621544  | time taken : 4.505500793457031
 Thread 3 estimated dimension 9 of 11 : 1  | time taken : 4.1608664989471436
 Thread 4 nsolns: 52630
 Thread 2 estimated dimension 10 of 11 : 0.9903019388409474  | time taken : 11.267074823379517
 Thread 2 nsolns: 47316
 Thread 6 estimated dimension 8 of 11 : 0.479349164258363  | time taken : 54.11189818382263
 Thread 6 estimated dimension 9 of 11 : 0.9794527402621338  | time taken : 4.132237672805786
 Thread 1 estimated dimension 9 of 11 : 0.5393914502771141  | time taken : 37.15087556838989
 Thread 7 estimated dimension 8 of 11 : 0.48655770762114314  | time taken : 48.98418617248535
 Thread 4 estimated dimension 0 of 11 : 0.58231706142121  | time taken : 27.941881895065308
 Thread 5 estimated dimension 0 of 11 : 0.46619837866424796  | time taken : 70.99578595161438
 Thread 6 estimated dimension 10 of 11 : 1  | time taken : 13.087560415267944
 Thread 6 nsolns: 51734
 Thread 1 estimated dimension 10 of 11 : 1  | time taken : 11.16450309753418
 Thread 1 nsolns: 46164
 Thread 3 estimated dimension 10 of 11 : 0.5038563198887493  | time taken : 40.06459712982178
 Thread 3 nsolns: 48586
 Thread 4 estimated dimension 1 of 11 : 0.6830381986846183  | time taken : 19.183213710784912
 Thread 7 estimated dimension 9 of 11 : 1  | time taken : 22.9000141620636
 Thread 2 estimated dimension 0 of 11 : 0.4435766720692164  | time taken : 43.64927053451538
 Thread 5 estimated dimension 1 of 11 : 0.5596603695795489  | time taken : 31.495707035064697
 Thread 3 estimated dimension 0 of 11 : 0.6688749292621986  | time taken : 19.8735134601593
 Thread 6 estimated dimension 0 of 11 : 0.5881971401330061  | time taken : 27.464564085006714
 Thread 7 estimated dimension 10 of 11 : 0.9966199253514181  | time taken : 11.993244647979736
 Thread 7 nsolns: 48632
 Thread 5 estimated dimension 2 of 11 : 1  | time taken : 4.947835683822632
 Thread 2 estimated dimension 1 of 11 : 0.6571010536079273  | time taken : 24.96166229248047
 Thread 5 estimated dimension 3 of 11 : 0.8060325044421368  | time taken : 14.552176237106323
 Thread 1 estimated dimension 0 of 11 : 0.3983703902869061  | time taken : 48.04971194267273
 Thread 2 estimated dimension 2 of 11 : 1  | time taken : 8.46171236038208
 Thread 3 estimated dimension 1 of 11 : 0.5976744064618233  | time taken : 29.667083024978638
 Thread 7 estimated dimension 0 of 11 : 0.5774552734023063  | time taken : 26.044590950012207
 Thread 2 estimated dimension 3 of 11 : 0.8138620763346932  | time taken : 16.537257432937622
 Thread 6 estimated dimension 1 of 11 : 0.3549570973502545  | time taken : 49.24919843673706
 Thread 1 estimated dimension 1 of 11 : 0.6444274685171525  | time taken : 29.399197101593018
 Thread 5 estimated dimension 4 of 11 : 0.5556296371322741  | time taken : 35.893340826034546
 Thread 1 estimated dimension 2 of 11 : 1  | time taken : 10.055538415908813
 Thread 4 estimated dimension 2 of 11 : 0.2813843238534826  | time taken : 75.54925775527954
 Thread 4 estimated dimension 3 of 11 : 0.9774531078500024  | time taken : 4.839574337005615
 Thread 5 estimated dimension 5 of 11 : 0.809343702476465  | time taken : 15.932085275650024
 Thread 7 estimated dimension 1 of 11 : 0.3949027136998592  | time taken : 52.059672594070435
 Thread 1 estimated dimension 3 of 11 : 0.8053112570659476  | time taken : 22.73668646812439
 Thread 5 estimated dimension 6 of 11 : 0.7045992588895146  | time taken : 23.0776629447937
 Thread 4 estimated dimension 4 of 11 : 0.5511944869940261  | time taken : 40.74616527557373
 Thread 2 estimated dimension 4 of 11 : 0.39700122885461814  | time taken : 68.57908344268799
 Thread 3 estimated dimension 2 of 11 : 0.28746482845427257  | time taken : 87.81645393371582
 Thread 7 estimated dimension 2 of 11 : 0.6296312646549982  | time taken : 35.8526132106781
 Thread 2 estimated dimension 5 of 11 : 1  | time taken : 8.259564638137817
 Thread 6 estimated dimension 2 of 11 : 0.4560327432003889  | time taken : 73.82415676116943
 Thread 3 estimated dimension 3 of 11 : 0.9852274852917954  | time taken : 7.879716157913208
 Thread 6 estimated dimension 3 of 11 : 0.9944655255995657  | time taken : 8.544744729995728
 Thread 4 estimated dimension 5 of 11 : 0.8001898055511688  | time taken : 23.716232299804688
 Thread 2 estimated dimension 6 of 11 : 0.756634812570381  | time taken : 22.748172283172607
 Thread 7 estimated dimension 3 of 11 : 0.8216315403476664  | time taken : 26.814045190811157
 Thread 1 estimated dimension 4 of 11 : 0.4008663908697329  | time taken : 65.20565843582153
 Thread 1 estimated dimension 5 of 11 : 1  | time taken : 4.772156715393066
 Thread 3 estimated dimension 4 of 11 : 0.5332969776778235  | time taken : 42.77946329116821
 Thread 5 estimated dimension 7 of 11 : 0.30814531992275407  | time taken : 77.14705276489258
 Thread 6 estimated dimension 4 of 11 : 0.5044765540152161  | time taken : 38.07354021072388
 Thread 2 estimated dimension 7 of 11 : 0.6490965478796313  | time taken : 31.231119871139526
 Thread 3 estimated dimension 5 of 11 : 0.7969306595856047  | time taken : 17.639666318893433
 Thread 7 estimated dimension 4 of 11 : 0.4185523817611071  | time taken : 53.19937300682068
 Thread 7 estimated dimension 5 of 11 : 1  | time taken : 8.115912437438965
 Thread 3 estimated dimension 6 of 11 : 0.7683928420716665  | time taken : 21.649614572525024
 Thread 5 estimated dimension 8 of 11 : 0.47153535127170204  | time taken : 41.07846999168396
 Thread 2 estimated dimension 8 of 11 : 0.4487892560157932  | time taken : 41.961453914642334
 Thread 5 estimated dimension 9 of 11 : 1  | time taken : 6.117420673370361
 Thread 5 estimated dimension 10 of 11 : 0.9902756751467704  | time taken : 6.989276647567749
 Thread 5 nsolns: 48612
 Thread 4 estimated dimension 6 of 11 : 0.24894874729203106  | time taken : 97.3092451095581
 Thread 4 estimated dimension 7 of 11 : 0.9816737552253119  | time taken : 11.05491852760315
 Thread 3 estimated dimension 7 of 11 : 0.6713974835621037  | time taken : 36.75550293922424
 Thread 1 estimated dimension 6 of 11 : 0.2721585801949348  | time taken : 92.89837622642517
 Thread 4 estimated dimension 8 of 11 : 1  | time taken : 11.619484186172485
 Thread 1 estimated dimension 7 of 11 : 1  | time taken : 7.680132150650024
 Thread 3 estimated dimension 8 of 11 : 0.9784610151160258  | time taken : 11.92663860321045
 Thread 2 estimated dimension 9 of 11 : 0.4457019523987969  | time taken : 48.33203983306885
 Thread 6 estimated dimension 5 of 11 : 0.20174820902448584  | time taken : 99.81146192550659
 Thread 4 estimated dimension 9 of 11 : 1  | time taken : 16.141541004180908
 Thread 2 estimated dimension 10 of 11 : 1  | time taken : 7.753258466720581
 Thread 2 nsolns: 48249
 Thread 6 estimated dimension 6 of 11 : 1  | time taken : 9.263626337051392
 Thread 5 estimated dimension 0 of 11 : 0.4420438453719513  | time taken : 54.03910779953003
 Thread 4 estimated dimension 10 of 11 : 1  | time taken : 9.562456369400024
 Thread 4 nsolns: 50660
 Thread 6 estimated dimension 7 of 11 : 1  | time taken : 15.887057542800903
 Thread 1 estimated dimension 8 of 11 : 0.4651398819744996  | time taken : 50.817495346069336
 Thread 6 estimated dimension 8 of 11 : 1  | time taken : 10.264363527297974
 Thread 6 estimated dimension 9 of 11 : 1  | time taken : 7.041085958480835
 Thread 7 estimated dimension 6 of 11 : 0.25683412821197826  | time taken : 109.79314303398132
 Thread 1 estimated dimension 9 of 11 : 1  | time taken : 11.410136699676514
 Thread 3 estimated dimension 9 of 11 : 0.5676204010045413  | time taken : 61.53380250930786
 Thread 5 estimated dimension 1 of 11 : 0.6590198282523031  | time taken : 39.573617935180664
 Thread 4 estimated dimension 0 of 11 : 0.5204497667631387  | time taken : 48.52891397476196
 Thread 5 estimated dimension 2 of 11 : 1  | time taken : 10.185791492462158
 Thread 6 estimated dimension 10 of 11 : 0.9806617761544852  | time taken : 16.158686637878418
 Thread 6 nsolns: 53371
 Thread 1 estimated dimension 10 of 11 : 1  | time taken : 17.172871589660645
 Thread 3 estimated dimension 10 of 11 : 0.9808897442976408  | time taken : 16.696141958236694
 Thread 7 estimated dimension 7 of 11 : 1  | time taken : 19.431265115737915
 Thread 1 nsolns: 50321
 Thread 3 nsolns: 46622
 Thread 2 estimated dimension 0 of 11 : 0.3729214430442528  | time taken : 63.35109758377075
 Thread 7 estimated dimension 8 of 11 : 0.9959647517041217  | time taken : 9.845954179763794
 Thread 5 estimated dimension 3 of 11 : 0.8344518905325462  | time taken : 26.367027044296265
 Thread 7 estimated dimension 9 of 11 : 1  | time taken : 11.69516897201538
 Thread 7 estimated dimension 10 of 11 : 0.9868777778532054  | time taken : 9.830894708633423
 Thread 7 nsolns: 49803
 Thread 2 estimated dimension 1 of 11 : 0.5506295451899665  | time taken : 37.51032757759094
 Thread 2 estimated dimension 2 of 11 : 1  | time taken : 6.42551851272583
 Thread 3 estimated dimension 0 of 11 : 0.3945055798122713  | time taken : 53.01803803443909
 Thread 4 estimated dimension 1 of 11 : 0.3872424479407545  | time taken : 63.20225524902344
 Thread 5 estimated dimension 4 of 11 : 0.5167752026343444  | time taken : 38.708855867385864
 Thread 6 estimated dimension 0 of 11 : 0.4593724611691717  | time taken : 65.56957745552063
 Thread 4 estimated dimension 2 of 11 : 0.9688779682233889  | time taken : 8.721285581588745
 Thread 7 estimated dimension 0 of 11 : 0.46993883083085114  | time taken : 34.20517444610596
 Thread 2 estimated dimension 3 of 11 : 0.8137060527731641  | time taken : 22.02306628227234
 Thread 1 estimated dimension 0 of 11 : 0.3406862159363982  | time taken : 82.11465692520142
 Thread 3 estimated dimension 1 of 11 : 0.6280401363582719  | time taken : 31.29191303253174
 Thread 5 estimated dimension 5 of 11 : 0.8027011224899948  | time taken : 25.467611074447632
 Thread 3 estimated dimension 2 of 11 : 1  | time taken : 8.095907926559448
 Thread 6 estimated dimension 1 of 11 : 0.669882596517425  | time taken : 39.45982813835144
 Thread 4 estimated dimension 3 of 11 : 0.6791703050928445  | time taken : 37.6437668800354
 Thread 7 estimated dimension 1 of 11 : 0.5782067956182769  | time taken : 37.31426215171814
 Thread 6 estimated dimension 2 of 11 : 1  | time taken : 5.741468906402588
 Thread 2 estimated dimension 4 of 11 : 0.4845474010262841  | time taken : 41.68703818321228
 Thread 5 estimated dimension 6 of 11 : 0.7507745234690886  | time taken : 25.11896276473999
 Thread 2 estimated dimension 5 of 11 : 0.9892675961549996  | time taken : 9.811763525009155
 Thread 6 estimated dimension 3 of 11 : 0.80370937775148  | time taken : 13.702404975891113
 Thread 7 estimated dimension 2 of 11 : 0.738715134970879  | time taken : 20.47926950454712
 Thread 1 estimated dimension 1 of 11 : 0.35146527848651576  | time taken : 55.616737365722656
 Thread 1 estimated dimension 2 of 11 : 1  | time taken : 5.96157169342041
 Thread 4 estimated dimension 4 of 11 : 0.5106926192861614  | time taken : 40.698979139328
 Thread 2 estimated dimension 6 of 11 : 0.7836692674215524  | time taken : 28.013840198516846
 Thread 7 estimated dimension 3 of 11 : 0.7481800973584376  | time taken : 25.06008815765381
 Thread 6 estimated dimension 4 of 11 : 0.4733992295098259  | time taken : 44.18735885620117
 Thread 5 estimated dimension 7 of 11 : 0.3426303953591048  | time taken : 72.74423027038574
 Thread 7 estimated dimension 4 of 11 : 0.5806310562165733  | time taken : 35.85792016983032
 Thread 6 estimated dimension 5 of 11 : 0.801041191105761  | time taken : 21.52635931968689
 Thread 7 estimated dimension 5 of 11 : 0.814208452207621  | time taken : 16.004506587982178
 Thread 3 estimated dimension 3 of 11 : 0.19589058106927154  | time taken : 113.99212169647217
 Thread 6 estimated dimension 6 of 11 : 0.7369208914179889  | time taken : 21.19836139678955
 Thread 1 estimated dimension 3 of 11 : 0.3075021613200708  | time taken : 74.80405807495117
 Thread 5 estimated dimension 8 of 11 : 0.5609994594304447  | time taken : 36.29813551902771
 Thread 2 estimated dimension 7 of 11 : 0.3294996496189802  | time taken : 74.71418070793152
 Thread 5 estimated dimension 9 of 11 : 0.9920556032704954  | time taken : 7.703554391860962
 Thread 5 estimated dimension 10 of 11 : 0.9719418704302806  | time taken : 3.767763137817383
 Thread 5 nsolns: 46508
 Thread 6 estimated dimension 7 of 11 : 0.7193260200881041  | time taken : 24.278456449508667
 Thread 3 estimated dimension 4 of 11 : 0.5467428276996116  | time taken : 30.92818570137024
 Thread 3 estimated dimension 5 of 11 : 0.9900921628891276  | time taken : 8.051260471343994
 Thread 4 estimated dimension 5 of 11 : 0.1964841536213481  | time taken : 112.204270362854
 Thread 3 estimated dimension 6 of 11 : 0.99502901544434  | time taken : 12.236479997634888
 Thread 5 estimated dimension 0 of 11 : 0.5516650214340595  | time taken : 26.994009733200073
 Thread 1 estimated dimension 4 of 11 : 0.5237904169114227  | time taken : 45.417808055877686
 Thread 4 estimated dimension 6 of 11 : 1  | time taken : 11.325626850128174
 Thread 1 estimated dimension 5 of 11 : 0.9953155369577116  | time taken : 4.841513156890869
 Thread 3 estimated dimension 7 of 11 : 1  | time taken : 11.204002380371094
 Thread 2 estimated dimension 8 of 11 : 0.5523306621344674  | time taken : 50.70057702064514
 Thread 1 estimated dimension 6 of 11 : 0.9929975173655428  | time taken : 3.7712810039520264
 Thread 2 estimated dimension 9 of 11 : 1  | time taken : 4.125807285308838
 Thread 4 estimated dimension 7 of 11 : 1  | time taken : 11.9859459400177
 Thread 1 estimated dimension 7 of 11 : 0.9948399011999416  | time taken : 6.3186469078063965
 Thread 6 estimated dimension 8 of 11 : 0.45735873663142085  | time taken : 46.276350259780884
 Thread 7 estimated dimension 6 of 11 : 0.2605446662935609  | time taken : 81.0373227596283
 Thread 2 estimated dimension 10 of 11 : 1  | time taken : 9.128885746002197
 Thread 2 nsolns: 48886
 Thread 1 estimated dimension 8 of 11 : 1  | time taken : 10.418076038360596
 Thread 4 estimated dimension 8 of 11 : 1  | time taken : 14.440661668777466
 Thread 7 estimated dimension 7 of 11 : 0.9758912321112967  | time taken : 10.96440839767456
 Thread 1 estimated dimension 9 of 11 : 1  | time taken : 11.616083145141602
 Thread 4 estimated dimension 9 of 11 : 1  | time taken : 16.35107684135437
 Thread 5 estimated dimension 1 of 11 : 0.45818425031468984  | time taken : 56.76486277580261
 Thread 2 estimated dimension 0 of 11 : 0.6914922927307805  | time taken : 28.733177185058594
 Thread 4 estimated dimension 10 of 11 : 0.971096745153672  | time taken : 10.741737127304077
 Thread 4 nsolns: 51320
 Thread 3 estimated dimension 8 of 11 : 0.5143008103558994  | time taken : 58.31780433654785
 Thread 3 estimated dimension 9 of 11 : 0.9878879031572156  | time taken : 6.72906231880188
 Thread 6 estimated dimension 9 of 11 : 0.49160867796581326  | time taken : 55.58617067337036
 Thread 3 estimated dimension 10 of 11 : 1  | time taken : 8.013799905776978
 Thread 3 nsolns: 51553
 Thread 6 estimated dimension 10 of 11 : 1  | time taken : 12.506314754486084
 Thread 2 estimated dimension 1 of 11 : 0.6163347604173612  | time taken : 33.46221733093262
 Thread 6 nsolns: 46445
 Thread 1 estimated dimension 10 of 11 : 0.48054709235761883  | time taken : 49.14501404762268
 Thread 1 nsolns: 51508
 Thread 7 estimated dimension 8 of 11 : 0.5004614749739729  | time taken : 62.07108736038208
 Thread 5 estimated dimension 2 of 11 : 0.5617701370907365  | time taken : 40.83792853355408
 Thread 4 estimated dimension 0 of 11 : 0.5177916111804103  | time taken : 35.267374753952026
 Thread 3 estimated dimension 0 of 11 : 0.676954300288142  | time taken : 19.968841791152954
 Thread 7 estimated dimension 9 of 11 : 1  | time taken : 8.892902851104736
 Thread 1 estimated dimension 0 of 11 : 0.5641776001450587  | time taken : 20.309518814086914
 Thread 7 estimated dimension 10 of 11 : 0.9914480285447328  | time taken : 7.790212869644165
 Thread 7 nsolns: 49614
 Thread 6 estimated dimension 0 of 11 : 0.598120238688838  | time taken : 25.635092973709106
 Thread 5 estimated dimension 3 of 11 : 0.8161364887544499  | time taken : 26.769094705581665
 Thread 4 estimated dimension 1 of 11 : 0.6247202090749999  | time taken : 38.97111439704895
 Thread 7 estimated dimension 0 of 11 : 0.5487046908423131  | time taken : 33.03017067909241
 Thread 3 estimated dimension 1 of 11 : 0.38588137070836076  | time taken : 50.7482852935791
 Thread 4 estimated dimension 2 of 11 : 0.6935713470747478  | time taken : 19.541099309921265
 Thread 5 estimated dimension 4 of 11 : 0.5286087849045984  | time taken : 36.60834455490112
 Thread 6 estimated dimension 1 of 11 : 0.41208022262417915  | time taken : 45.21804165840149
 Thread 1 estimated dimension 1 of 11 : 0.42183934282690816  | time taken : 55.71817231178284
 Thread 2 estimated dimension 2 of 11 : 0.2633792271350175  | time taken : 78.57511639595032
 Thread 4 estimated dimension 3 of 11 : 0.7325698854380727  | time taken : 17.082342386245728
 Thread 2 estimated dimension 3 of 11 : 1  | time taken : 9.136201858520508
 Thread 5 estimated dimension 5 of 11 : 0.79764643810804  | time taken : 24.624920129776
 Thread 3 estimated dimension 2 of 11 : 0.5747329819984845  | time taken : 37.96273493766785
 Thread 7 estimated dimension 1 of 11 : 0.36900961136719396  | time taken : 49.796363830566406
 Thread 6 estimated dimension 2 of 11 : 0.5755926978553297  | time taken : 37.75289511680603
 Thread 1 estimated dimension 2 of 11 : 0.5329443595870326  | time taken : 33.598921060562134
 Thread 5 estimated dimension 6 of 11 : 0.7404617251197066  | time taken : 26.741525888442993
 Thread 3 estimated dimension 3 of 11 : 0.8141359388737168  | time taken : 23.90609049797058
 Thread 6 estimated dimension 3 of 11 : 0.8426756648694117  | time taken : 17.714524030685425
 Thread 1 estimated dimension 3 of 11 : 0.782954104285467  | time taken : 17.229347705841064
 Thread 2 estimated dimension 4 of 11 : 0.4247368466246009  | time taken : 47.40140676498413
 Thread 2 estimated dimension 5 of 11 : 1  | time taken : 4.908517122268677
 Thread 4 estimated dimension 4 of 11 : 0.42551989914702953  | time taken : 57.59098196029663
 Thread 4 estimated dimension 5 of 11 : 1  | time taken : 7.609545707702637
 Thread 2 estimated dimension 6 of 11 : 0.7586467705314855  | time taken : 19.620187997817993
 Thread 6 estimated dimension 4 of 11 : 0.5636021230814549  | time taken : 34.41790843009949
 Thread 3 estimated dimension 4 of 11 : 0.599660678848161  | time taken : 36.801055908203125
 Thread 7 estimated dimension 2 of 11 : 0.5111349641986559  | time taken : 59.52403020858765
 Thread 1 estimated dimension 4 of 11 : 0.5582405317008492  | time taken : 40.05342102050781
 Thread 4 estimated dimension 6 of 11 : 0.7450122636402703  | time taken : 20.70729947090149
 Thread 7 estimated dimension 3 of 11 : 0.9834771605780563  | time taken : 9.104626178741455
 Thread 6 estimated dimension 5 of 11 : 0.813010621598932  | time taken : 19.42272973060608
 Thread 3 estimated dimension 5 of 11 : 0.8047342196504479  | time taken : 20.628305673599243
 Thread 2 estimated dimension 7 of 11 : 0.6520084702650485  | time taken : 28.78404402732849
 Thread 1 estimated dimension 5 of 11 : 0.8094266597355938  | time taken : 24.560747385025024
 Thread 5 estimated dimension 7 of 11 : 0.3505471344931498  | time taken : 74.28467655181885
 Thread 2 estimated dimension 8 of 11 : 1  | time taken : 7.946542024612427
 Thread 5 estimated dimension 8 of 11 : 1  | time taken : 12.619117259979248
 Thread 3 estimated dimension 6 of 11 : 0.7397342038458424  | time taken : 30.990142583847046
 Thread 1 estimated dimension 6 of 11 : 0.7730912346623812  | time taken : 23.87721848487854
 Thread 7 estimated dimension 4 of 11 : 0.3965238838033494  | time taken : 47.48388981819153
 Thread 5 estimated dimension 9 of 11 : 1  | time taken : 14.177052974700928
 Thread 5 estimated dimension 10 of 11 : 1  | time taken : 3.2003085613250732
 Thread 5 nsolns: 47205
 Thread 7 estimated dimension 5 of 11 : 1  | time taken : 6.743072986602783
 Thread 4 estimated dimension 7 of 11 : 0.31815092030534575  | time taken : 65.69807314872742
 Thread 3 estimated dimension 7 of 11 : 0.6424684676021367  | time taken : 25.83855938911438
 Thread 2 estimated dimension 9 of 11 : 0.5023122325119762  | time taken : 49.793195486068726
 Thread 3 estimated dimension 8 of 11 : 0.9869826707416999  | time taken : 11.312892436981201
 Thread 5 estimated dimension 0 of 11 : 0.6264246481524839  | time taken : 26.054757118225098
 Thread 7 estimated dimension 6 of 11 : 0.7586175460503896  | time taken : 24.487908840179443
 Thread 2 estimated dimension 10 of 11 : 1  | time taken : 9.278877973556519
 Thread 2 nsolns: 48889
 Thread 6 estimated dimension 6 of 11 : 0.2460051710811753  | time taken : 79.10646414756775
 Thread 6 estimated dimension 7 of 11 : 0.9916474794902089  | time taken : 14.342328786849976
 Thread 4 estimated dimension 8 of 11 : 0.48251606967127275  | time taken : 43.80435037612915
 Thread 7 estimated dimension 7 of 11 : 0.751926568127268  | time taken : 25.56707763671875
 Thread 1 estimated dimension 7 of 11 : 0.32571301449420775  | time taken : 64.24709892272949
 Thread 6 estimated dimension 8 of 11 : 1  | time taken : 8.651796817779541
 Thread 5 estimated dimension 1 of 11 : 0.6083311772562549  | time taken : 30.3781521320343
 Thread 4 estimated dimension 9 of 11 : 1  | time taken : 7.005941867828369
 Thread 7 estimated dimension 8 of 11 : 0.9963042596338811  | time taken : 7.810166597366333
 Thread 1 estimated dimension 8 of 11 : 0.9892598408432818  | time taken : 8.514033555984497
 Thread 4 estimated dimension 10 of 11 : 0.9790897614178167  | time taken : 6.5333943367004395
 Thread 4 nsolns: 49510
 Thread 6 estimated dimension 9 of 11 : 0.9827956203258599  | time taken : 12.376770734786987
 Thread 3 estimated dimension 9 of 11 : 0.5228307824956882  | time taken : 49.58973836898804
 Thread 1 estimated dimension 9 of 11 : 1  | time taken : 14.677977085113525
 Thread 6 estimated dimension 10 of 11 : 0.992776460115613  | time taken : 11.319053888320923
 Thread 6 nsolns: 49250
 Thread 3 estimated dimension 10 of 11 : 1  | time taken : 9.308019161224365
 Thread 3 nsolns: 45426
 Thread 2 estimated dimension 0 of 11 : 0.46165546937757007  | time taken : 54.15122032165527
 Thread 1 estimated dimension 10 of 11 : 1  | time taken : 12.191845178604126
 Thread 1 nsolns: 47783
 Thread 4 estimated dimension 0 of 11 : 0.63601319115673  | time taken : 26.71235680580139
 Thread 7 estimated dimension 9 of 11 : 0.5587314699733734  | time taken : 43.649771213531494
 Thread 6 estimated dimension 0 of 11 : 0.6059115815044773  | time taken : 25.348989725112915
 Thread 7 estimated dimension 10 of 11 : 1  | time taken : 8.75430965423584
 Thread 7 nsolns: 47363
 Thread 4 estimated dimension 1 of 11 : 0.6765350072278856  | time taken : 33.25198769569397
 Thread 3 estimated dimension 0 of 11 : 0.37440294798199586  | time taken : 44.378331661224365
 Thread 1 estimated dimension 0 of 11 : 0.4266749562184442  | time taken : 36.98574638366699
 Thread 5 estimated dimension 2 of 11 : 0.2991611382415344  | time taken : 73.80912399291992
 Thread 6 estimated dimension 1 of 11 : 0.543379743599851  | time taken : 28.8847496509552
 Thread 2 estimated dimension 1 of 11 : 0.39004161069675614  | time taken : 51.95865249633789
 Thread 5 estimated dimension 3 of 11 : 1  | time taken : 8.511488199234009
 Thread 4 estimated dimension 2 of 11 : 0.801145519346363  | time taken : 14.769160509109497
 Thread 2 estimated dimension 2 of 11 : 1  | time taken : 7.9545698165893555
 Thread 7 estimated dimension 0 of 11 : 0.42283850693447006  | time taken : 41.970099687576294
 Thread 3 estimated dimension 1 of 11 : 0.6469070752822139  | time taken : 32.669816970825195
 Thread 6 estimated dimension 2 of 11 : 0.6986826686369592  | time taken : 26.477139711380005
 Thread 4 estimated dimension 3 of 11 : 0.7804500537990354  | time taken : 20.43537425994873
 Thread 3 estimated dimension 2 of 11 : 1  | time taken : 3.5187013149261475
 Thread 2 estimated dimension 3 of 11 : 0.6774790455606389  | time taken : 19.940180778503418
 Thread 1 estimated dimension 1 of 11 : 0.636964752989293  | time taken : 38.89449167251587
 Thread 5 estimated dimension 4 of 11 : 0.6149524976346672  | time taken : 28.302974462509155
 Thread 7 estimated dimension 1 of 11 : 0.6117317766311022  | time taken : 20.529091835021973
 Thread 1 estimated dimension 2 of 11 : 0.9854788644445567  | time taken : 11.062335014343262
 Thread 7 estimated dimension 2 of 11 : 0.9841892780452063  | time taken : 7.667376279830933
 Thread 6 estimated dimension 3 of 11 : 0.7072369573003877  | time taken : 23.94120192527771
 Thread 5 estimated dimension 5 of 11 : 0.7985898599485356  | time taken : 26.61378526687622
 Thread 4 estimated dimension 4 of 11 : 0.4773197709937863  | time taken : 35.637104511260986
 Thread 2 estimated dimension 4 of 11 : 0.5368617152107966  | time taken : 34.70560312271118
 Thread 7 estimated dimension 3 of 11 : 0.8203041696574656  | time taken : 19.89101243019104
 Thread 4 estimated dimension 5 of 11 : 0.9709422660856994  | time taken : 8.048406839370728
 Thread 6 estimated dimension 4 of 11 : 0.5209403406669567  | time taken : 38.96108818054199
 Thread 6 estimated dimension 5 of 11 : 1  | time taken : 2.56650447845459
 Thread 4 estimated dimension 6 of 11 : 0.7342545507800029  | time taken : 25.021045446395874
 Thread 7 estimated dimension 4 of 11 : 0.4186421105229653  | time taken : 35.77825951576233
 Thread 7 estimated dimension 5 of 11 : 0.9931256465458411  | time taken : 4.3872785568237305
 Thread 4 estimated dimension 7 of 11 : 0.6784175828857845  | time taken : 25.03393030166626
 Thread 7 estimated dimension 6 of 11 : 0.7573459014348836  | time taken : 15.781314134597778
 Thread 3 estimated dimension 3 of 11 : 0.18728307339180425  | time taken : 107.01428461074829
 Thread 1 estimated dimension 3 of 11 : 0.18481368664718328  | time taken : 108.48106098175049
 Thread 5 estimated dimension 6 of 11 : 0.24331609648735988  | time taken : 93.77790951728821
 Thread 5 estimated dimension 7 of 11 : 0.981237454838039  | time taken : 6.43647027015686
 Thread 3 estimated dimension 4 of 11 : 0.45831134905082305  | time taken : 34.07327675819397
 Thread 4 estimated dimension 8 of 11 : 0.472470167443485  | time taken : 51.647316217422485exiting with current heads : 2706 out of 2706 | exp rv: 13565.947897395152

 Thread 2 estimated dimension 5 of 11 : 0.19939631350931233  | time taken : 110.43711304664612
 Thread 5 estimated dimension 8 of 11 : 0.981032317134555  | time taken : 16.2275607585907
 Thread 7 estimated dimension 7 of 11 : 0.3329943905723909  | time taken : 48.650604248046875
 Thread 2 estimated dimension 6 of 11 : 1  | time taken : 4.62749981880188
 Thread 3 estimated dimension 5 of 11 : 0.9929009461755229  | time taken : 11.310317516326904
 Thread 6 estimated dimension 6 of 11 : 0.2397010737568783  | time taken : 91.77013993263245
 Thread 5 estimated dimension 9 of 11 : 1  | time taken : 7.7913618087768555
 Thread 2 estimated dimension 7 of 11 : 0.9860767667684704  | time taken : 8.040242910385132
 Thread 3 estimated dimension 6 of 11 : 0.99838338666693  | time taken : 7.72310471534729
 Thread 1 estimated dimension 4 of 11 : 0.5153249123594339  | time taken : 38.0292022228241
 Thread 5 estimated dimension 10 of 11 : 1  | time taken : 4.500029802322388
 Thread 5 nsolns: 50167
 Thread 6 estimated dimension 7 of 11 : 1  | time taken : 10.91342043876648
 Thread 2 estimated dimension 8 of 11 : 0.9869146853594432  | time taken : 10.1761953830719
 Thread 3 estimated dimension 7 of 11 : 1  | time taken : 12.572693586349487
 Thread 1 estimated dimension 5 of 11 : 1  | time taken : 12.182504177093506
 Thread 2 estimated dimension 9 of 11 : 0.9721517191919131  | time taken : 10.759488344192505
 Thread 1 estimated dimension 6 of 11 : 0.992636122209969  | time taken : 8.997872352600098
 Thread 4 estimated dimension 9 of 11 : 0.46583113980966995  | time taken : 39.71211290359497
 Thread 7 estimated dimension 8 of 11 : 0.5233917270782883  | time taken : 40.07975101470947
 Thread 2 estimated dimension 10 of 11 : 1  | time taken : 6.993824481964111
 Thread 2 nsolns: 51305
 Thread 1 estimated dimension 7 of 11 : 0.9892810760709891  | time taken : 7.272764444351196
 Thread 7 estimated dimension 9 of 11 : 1  | time taken : 3.57401442527771
 Thread 4 estimated dimension 10 of 11 : 0.9684671073524505  | time taken : 14.261701345443726
 Thread 4 nsolns: 45518
 Thread 6 estimated dimension 8 of 11 : 0.45235884243384694  | time taken : 35.86245799064636
 Thread 7 estimated dimension 10 of 11 : 0.9687412818494305  | time taken : 19.24844479560852
 Thread 7 nsolns: 47917
 Thread 6 estimated dimension 9 of 11 : 0.9876445931403992  | time taken : 16.431615829467773
 Thread 3 estimated dimension 8 of 11 : 0.49971353236499694  | time taken : 56.87494659423828
 Thread 6 estimated dimension 10 of 11 : 1  | time taken : 10.378671646118164
 Thread 6 nsolns: 50180
 Thread 1 estimated dimension 8 of 11 : 0.5016630282907258  | time taken : 42.69285702705383
 Thread 3 estimated dimension 9 of 11 : 0.9934492408155953  | time taken : 4.967124700546265
 Thread 1 estimated dimension 9 of 11 : 1  | time taken : 9.227783441543579
 Thread 3 estimated dimension 10 of 11 : 0.9957434037711347  | time taken : 9.68158769607544
 Thread 3 nsolns: 53414
 Thread 1 estimated dimension 10 of 11 : 0.9613193985481028  | time taken : 8.14714789390564
 Thread 1 nsolns: 52213
 Thread 1 estimated dimension 0 of 11 : 0.4602664520516727  | time taken : 20.25801968574524
 Thread 1 estimated dimension 1 of 11 : 0.38121423099526375  | time taken : 36.7872474193573
 Thread 1 estimated dimension 2 of 11 : 0.4401431500335719  | time taken : 35.588523387908936
 Thread 1 estimated dimension 3 of 11 : 0.9672889434047367  | time taken : 6.038989067077637
 Thread 1 estimated dimension 4 of 11 : 0.5341593533304113  | time taken : 21.688825130462646
 Thread 1 estimated dimension 5 of 11 : 0.20851783002070912  | time taken : 79.96918678283691
 Thread 1 estimated dimension 6 of 11 : 1  | time taken : 7.581860303878784
 Thread 1 estimated dimension 7 of 11 : 0.9684755092672029  | time taken : 7.417830944061279
 Thread 1 estimated dimension 8 of 11 : 1  | time taken : 1.9424514770507812
 Thread 1 estimated dimension 9 of 11 : 0.9937766763153698  | time taken : 8.464286804199219
 Thread 1 estimated dimension 10 of 11 : 1  | time taken : 12.63996934890747
 Thread 1 nsolns: 53448
 estimated weights : [0.009340374347329053, 0.01126601069664959, 0.008728753422698835, 0.012687851257097545, 0.008006005242460899, 0.009697850026084568, 0.012535059262381097, 0.007132156769622298, 0.011147142565922882, 0.01401617629058438, 0.009278028503684749, 0.013700608305378306, 0.01121103672884912, 0.008336706392347293, 0.010478432068910436, 0.010928916402499824, 0.009623228347228127, 0.009999533652459217, 0.009089694317197927, 0.00868818992453361, 0.00835087649671858, 0.015035875550659897, 0.013258501105265044, 0.011532202597847806, 0.01117284583904706, 0.013293902940044103, 0.00909144370098919, 0.012444268706345955, 0.010440024115504203, 0.0070733069502858315, 0.010810854905291486, 0.012042905430459886, 0.011290033496931185, 0.012115882411364649, 0.014639038083030182, 0.008042916584946122, 0.009292472480501756, 0.009831015860359974, 0.006568738812171108, 0.013262911582205213, 0.01311260192771065, 0.009813824650500324, 0.009588140539334806, 0.009251797775988292, 0.011791670704878894, 0.00945049276975361, 0.010491319661533105, 0.013524001373367858, 0.012464697567653423, 0.014031200550985296, 0.011423031956142736, 0.012922875341596153, 0.013282304811244783, 0.011178106466297875, 0.009112568510869827, 0.008957106699790876, 0.012683259886559954, 0.01184600928654597, 0.007831258158171994, 0.013038603218283517, 0.014465466589133965, 0.011177796707763773, 0.012815601800186177, 0.013113170940704168, 0.012354601420753106, 0.013238758997712843, 0.01110202206944297, 0.009076101822693982, 0.01018726963331155, 0.012079938260686915, 0.008007926411168695]
