numSolutions: 82 k : 2706
11 82 0.030151134457776365 0.00011086474501108647

 Thread 7 estimated dimension 0 of 11 : 0.7076086851141473  | time taken : 6.047443389892578
 Thread 2 estimated dimension 0 of 11 : 0.7120601194486306  | time taken : 6.255186557769775
 Thread 1 estimated dimension 0 of 11 : 0.7296041109370819  | time taken : 6.267360210418701
 Thread 5 estimated dimension 0 of 11 : 0.7177752949169365  | time taken : 6.3747336864471436
 Thread 4 estimated dimension 0 of 11 : 0.7316432214954376  | time taken : 6.492676258087158
 Thread 3 estimated dimension 0 of 11 : 0.7224859280020945  | time taken : 6.624082565307617
 Thread 7 estimated dimension 1 of 11 : 0.6622840201061542  | time taken : 5.657459259033203
 Thread 2 estimated dimension 1 of 11 : 0.6722125738782349  | time taken : 6.010038375854492
 Thread 5 estimated dimension 1 of 11 : 0.6932169855154563  | time taken : 6.131654262542725
 Thread 4 estimated dimension 1 of 11 : 0.6576295052504126  | time taken : 6.049933433532715
 Thread 3 estimated dimension 1 of 11 : 0.6729373132204011  | time taken : 6.091187238693237
 Thread 1 estimated dimension 1 of 11 : 0.6812449679712493  | time taken : 6.568086862564087
 Thread 6 estimated dimension 0 of 11 : 0.27620266714737757  | time taken : 20.527003288269043
 Thread 7 estimated dimension 2 of 11 : 0.5072130179841844  | time taken : 8.769068241119385
 Thread 6 estimated dimension 1 of 11 : 0.9999862725640868  | time taken : 1.2398605346679688
 Thread 3 estimated dimension 2 of 11 : 0.5080060083303289  | time taken : 8.929921627044678
 Thread 1 estimated dimension 2 of 11 : 0.483993563891545  | time taken : 9.067782163619995
 Thread 5 estimated dimension 2 of 11 : 0.4967480089434571  | time taken : 9.54905080795288
 Thread 7 estimated dimension 3 of 11 : 0.9910757263129609  | time taken : 1.3637752532958984
 Thread 4 estimated dimension 2 of 11 : 0.493477514398123  | time taken : 9.76090121269226
 Thread 6 estimated dimension 2 of 11 : 1  | time taken : 1.1991069316864014
 Thread 2 estimated dimension 2 of 11 : 0.48791178291161863  | time taken : 10.972036361694336
 Thread 3 estimated dimension 3 of 11 : 0.9950872252541387  | time taken : 1.7270700931549072
 Thread 7 estimated dimension 4 of 11 : 0.9916766166291038  | time taken : 1.3405230045318604
 Thread 6 estimated dimension 3 of 11 : 0.9899389478144929  | time taken : 2.392928123474121
 Thread 3 estimated dimension 4 of 11 : 0.9994695479346662  | time taken : 2.0258541107177734
 Thread 6 estimated dimension 4 of 11 : 1  | time taken : 0.9641382694244385
 Thread 5 estimated dimension 3 of 11 : 0.5595087324672596  | time taken : 9.125524282455444
 Thread 1 estimated dimension 3 of 11 : 0.5718083820077288  | time taken : 9.942153453826904
 Thread 1 estimated dimension 4 of 11 : 1  | time taken : 1.5911409854888916
 Thread 5 estimated dimension 4 of 11 : 1  | time taken : 1.998248815536499
 Thread 7 estimated dimension 5 of 11 : 0.42831400247581963  | time taken : 10.94993257522583
 Thread 5 estimated dimension 5 of 11 : 1  | time taken : 1.634892225265503
 Thread 1 estimated dimension 5 of 11 : 1  | time taken : 1.6596870422363281
 Thread 7 estimated dimension 6 of 11 : 0.9858237376927627  | time taken : 1.5918362140655518
 Thread 2 estimated dimension 3 of 11 : 0.4274033702840864  | time taken : 14.223705768585205
 Thread 7 estimated dimension 7 of 11 : 0.9973307312707275  | time taken : 1.639024257659912
 Thread 4 estimated dimension 3 of 11 : 0.4316834068905731  | time taken : 19.508822202682495
 Thread 3 estimated dimension 5 of 11 : 0.5687267608424721  | time taken : 16.935673236846924
 Thread 6 estimated dimension 5 of 11 : 0.5636722294636902  | time taken : 19.06098771095276
 Thread 5 estimated dimension 6 of 11 : 0.49588268007284975  | time taken : 13.3882417678833
 Thread 1 estimated dimension 6 of 11 : 0.4953227173429735  | time taken : 14.214326858520508
 Thread 5 estimated dimension 7 of 11 : 0.9627768229012856  | time taken : 1.3742222785949707
 Thread 1 estimated dimension 7 of 11 : 1  | time taken : 1.5627648830413818
 Thread 5 estimated dimension 8 of 11 : 1  | time taken : 1.5221335887908936
 Thread 1 estimated dimension 8 of 11 : 1  | time taken : 1.3262946605682373
 Thread 3 estimated dimension 6 of 11 : 0.49211113059351375  | time taken : 10.960454940795898
 Thread 3 estimated dimension 7 of 11 : 1  | time taken : 1.414146900177002
 Thread 3 estimated dimension 8 of 11 : 0.9813480948649553  | time taken : 0.8752803802490234
 Thread 6 estimated dimension 6 of 11 : 0.48715029581930835  | time taken : 10.722743034362793
 Thread 2 estimated dimension 4 of 11 : 0.3170767008394275  | time taken : 19.70517611503601
 Thread 6 estimated dimension 7 of 11 : 0.9997204316067043  | time taken : 1.2726740837097168
 Thread 4 estimated dimension 4 of 11 : 0.31487380366248474  | time taken : 16.851130962371826
 Thread 2 estimated dimension 5 of 11 : 0.9769193179110396  | time taken : 1.676853895187378
 Thread 6 estimated dimension 8 of 11 : 1  | time taken : 1.4371681213378906
 Thread 4 estimated dimension 5 of 11 : 0.9770187784468526  | time taken : 1.365724802017212
 Thread 2 estimated dimension 6 of 11 : 1  | time taken : 1.6707103252410889
 Thread 4 estimated dimension 6 of 11 : 1  | time taken : 1.8670949935913086
 Thread 2 estimated dimension 7 of 11 : 1  | time taken : 1.4260213375091553
 Thread 7 estimated dimension 8 of 11 : 0.3056475570499366  | time taken : 22.159953594207764
 Thread 4 estimated dimension 7 of 11 : 1  | time taken : 1.3404438495635986
 Thread 2 estimated dimension 8 of 11 : 0.9972404877565775  | time taken : 1.5084574222564697
 Thread 3 estimated dimension 9 of 11 : 0.6281987279695879  | time taken : 8.567359685897827
 Thread 7 estimated dimension 9 of 11 : 1  | time taken : 1.3761866092681885
 Thread 4 estimated dimension 8 of 11 : 0.9788020089238793  | time taken : 1.7486553192138672
 Thread 2 estimated dimension 9 of 11 : 0.9805084934072661  | time taken : 1.835313081741333
 Thread 7 estimated dimension 10 of 11 : 0.9873908982733518  | time taken : 1.6618311405181885
 Thread 5 estimated dimension 9 of 11 : 0.38260998951942793  | time taken : 14.81823468208313
 Thread 7 nsolns: 44498
 Thread 2 estimated dimension 10 of 11 : 0.9803634227420603  | time taken : 1.6155307292938232
 Thread 4 estimated dimension 9 of 11 : 0.9601213676341688  | time taken : 1.8026866912841797
 Thread 1 estimated dimension 9 of 11 : 0.38187457466837044  | time taken : 15.708539724349976
 Thread 5 estimated dimension 10 of 11 : 0.965385442263129  | time taken : 1.8248348236083984
 Thread 2 nsolns: 44322
 Thread 5 nsolns: 44144
 Thread 4 estimated dimension 10 of 11 : 1  | time taken : 0.7019505500793457
 Thread 4 nsolns: 44322
 Thread 1 estimated dimension 10 of 11 : 0.9688629533234121  | time taken : 1.8798410892486572
 Thread 1 nsolns: 44144
 Thread 7 estimated dimension 0 of 11 : 0.7381372303262838  | time taken : 7.326178312301636
 Thread 3 estimated dimension 10 of 11 : 0.5107077897855204  | time taken : 9.723938226699829
 Thread 3 nsolns: 43744
 Thread 4 estimated dimension 0 of 11 : 0.7082215522381028  | time taken : 4.969910621643066
 Thread 6 estimated dimension 9 of 11 : 0.3786211994264596  | time taken : 15.71222448348999
 Thread 2 estimated dimension 0 of 11 : 0.7322681679035213  | time taken : 7.172211408615112
 Thread 1 estimated dimension 0 of 11 : 0.728638612276522  | time taken : 6.636342287063599
 Thread 6 estimated dimension 10 of 11 : 1  | time taken : 2.092266082763672
 Thread 6 nsolns: 46036
 Thread 4 estimated dimension 1 of 11 : 0.68492461469533  | time taken : 6.008871078491211
 Thread 7 estimated dimension 1 of 11 : 0.6771110541540867  | time taken : 6.837493896484375
 Thread 2 estimated dimension 1 of 11 : 0.6644392654002486  | time taken : 6.311216592788696
 Thread 1 estimated dimension 1 of 11 : 0.6822251443825534  | time taken : 5.617190599441528
 Thread 6 estimated dimension 0 of 11 : 0.7369025491759564  | time taken : 6.024459600448608
 Thread 7 estimated dimension 2 of 11 : 0.4886073048642988  | time taken : 10.955699682235718
 Thread 4 estimated dimension 2 of 11 : 0.48851558325347866  | time taken : 11.083080291748047
 Thread 5 estimated dimension 0 of 11 : 0.2774159750396354  | time taken : 25.181756496429443
 Thread 2 estimated dimension 2 of 11 : 0.4893933330109436  | time taken : 12.010131359100342
 Thread 1 estimated dimension 2 of 11 : 0.5036642396472394  | time taken : 11.105301141738892
 Thread 5 estimated dimension 1 of 11 : 1  | time taken : 1.4325742721557617
 Thread 5 estimated dimension 2 of 11 : 0.9902805061059968  | time taken : 1.0878348350524902
 Thread 5 estimated dimension 3 of 11 : 0.9951314409340605  | time taken : 1.40688157081604
 Thread 3 estimated dimension 0 of 11 : 0.27759223615849143  | time taken : 24.65565037727356
 Thread 4 estimated dimension 3 of 11 : 0.5616120731164849  | time taken : 7.330010890960693
 Thread 5 estimated dimension 4 of 11 : 1  | time taken : 1.3335304260253906
 Thread 7 estimated dimension 3 of 11 : 0.5756882751462937  | time taken : 8.733078002929688
 Thread 3 estimated dimension 1 of 11 : 1  | time taken : 1.4697036743164062
 Thread 4 estimated dimension 4 of 11 : 1  | time taken : 1.014564037322998
 Thread 7 estimated dimension 4 of 11 : 1  | time taken : 1.8228504657745361
 Thread 4 estimated dimension 5 of 11 : 1  | time taken : 1.8803884983062744
 Thread 3 estimated dimension 2 of 11 : 1  | time taken : 2.0836005210876465
 Thread 3 estimated dimension 3 of 11 : 1  | time taken : 1.6049108505249023
 Thread 6 estimated dimension 1 of 11 : 0.32203208938776645  | time taken : 21.45432949066162
 Thread 7 estimated dimension 5 of 11 : 1  | time taken : 1.9158732891082764
 Thread 6 estimated dimension 2 of 11 : 1  | time taken : 1.4484710693359375
 Thread 3 estimated dimension 4 of 11 : 0.9856083216674048  | time taken : 1.3027153015136719
 Thread 2 estimated dimension 3 of 11 : 0.433121428772659  | time taken : 14.016172647476196
 Thread 1 estimated dimension 3 of 11 : 0.4283607088139264  | time taken : 13.72333812713623
 Thread 6 estimated dimension 3 of 11 : 0.9462358659137303  | time taken : 1.6950957775115967
 Thread 6 estimated dimension 4 of 11 : 0.9981376780183746  | time taken : 1.3983922004699707
 Thread 4 estimated dimension 6 of 11 : 0.49640399622936987  | time taken : 9.761148452758789
 Thread 4 estimated dimension 7 of 11 : 1  | time taken : 1.2269201278686523
 Thread 2 estimated dimension 4 of 11 : 0.6787515855260503  | time taken : 6.263503313064575
 Thread 4 estimated dimension 8 of 11 : 0.9921531496796779  | time taken : 0.7486145496368408
 Thread 5 estimated dimension 5 of 11 : 0.5817850725747964  | time taken : 16.492640733718872
 Thread 2 estimated dimension 5 of 11 : 1  | time taken : 1.454322099685669
 Thread 3 estimated dimension 5 of 11 : 0.4343477779215725  | time taken : 10.035852193832397
 Thread 7 estimated dimension 6 of 11 : 0.5054364048695804  | time taken : 12.763258934020996
 Thread 2 estimated dimension 6 of 11 : 1  | time taken : 1.5764076709747314
 Thread 3 estimated dimension 6 of 11 : 0.9901187938513912  | time taken : 1.6281862258911133
 Thread 3 estimated dimension 7 of 11 : 1  | time taken : 1.455324411392212
 Thread 6 estimated dimension 5 of 11 : 0.4332904881601735  | time taken : 10.683411598205566
 Thread 6 estimated dimension 6 of 11 : 0.9876608830962199  | time taken : 1.7456581592559814
 Thread 6 estimated dimension 7 of 11 : 1  | time taken : 1.3614985942840576
 Thread 1 estimated dimension 4 of 11 : 0.3119113619565293  | time taken : 16.313743114471436
 Thread 1 estimated dimension 5 of 11 : 0.982346970475453  | time taken : 1.389474868774414
 Thread 1 estimated dimension 6 of 11 : 1  | time taken : 1.3320534229278564
 Thread 3 estimated dimension 8 of 11 : 0.6920946283534729  | time taken : 6.896202802658081
 Thread 5 estimated dimension 6 of 11 : 0.5081408137476499  | time taken : 12.602363109588623
 Thread 1 estimated dimension 7 of 11 : 0.9852248353559757  | time taken : 1.7095932960510254
 Thread 4 estimated dimension 9 of 11 : 0.38086067019936376  | time taken : 14.416563510894775
 Thread 7 estimated dimension 7 of 11 : 0.38028668984244207  | time taken : 12.611244678497314
 Thread 2 estimated dimension 7 of 11 : 0.3807751041456111  | time taken : 12.908497333526611
 Thread 1 estimated dimension 8 of 11 : 1  | time taken : 1.3094241619110107
 Thread 4 estimated dimension 10 of 11 : 1  | time taken : 1.7026259899139404
 Thread 4 nsolns: 44144
 Thread 7 estimated dimension 8 of 11 : 1  | time taken : 1.4583089351654053
 Thread 2 estimated dimension 8 of 11 : 0.9685411119260613  | time taken : 1.4348704814910889
 Thread 1 estimated dimension 9 of 11 : 0.9850200139148254  | time taken : 1.6341161727905273
 Thread 7 estimated dimension 9 of 11 : 0.9652742166312652  | time taken : 2.0264408588409424
 Thread 2 estimated dimension 9 of 11 : 0.9904910559113517  | time taken : 1.9210584163665771
 Thread 1 estimated dimension 10 of 11 : 0.9901257560026031  | time taken : 1.5939531326293945
 Thread 1 nsolns: 44322
 Thread 3 estimated dimension 9 of 11 : 0.6152871791509216  | time taken : 8.140615224838257
 Thread 2 estimated dimension 10 of 11 : 0.992143296253714  | time taken : 1.2677569389343262
 Thread 7 estimated dimension 10 of 11 : 0.9656114744645292  | time taken : 1.804051160812378
 Thread 2 nsolns: 44058
 Thread 7 nsolns: 43947
 Thread 4 estimated dimension 0 of 11 : 0.7217684787268802  | time taken : 7.295124292373657
 Thread 1 estimated dimension 0 of 11 : 0.73319458562583  | time taken : 5.927601337432861
 Thread 5 estimated dimension 7 of 11 : 0.38526480130082436  | time taken : 13.864489078521729
 Thread 2 estimated dimension 0 of 11 : 0.733287066590322  | time taken : 5.9659693241119385
 Thread 7 estimated dimension 0 of 11 : 0.7229411353327145  | time taken : 5.581046104431152
 Thread 5 estimated dimension 8 of 11 : 0.9964771617040532  | time taken : 1.2619214057922363
 Thread 3 estimated dimension 10 of 11 : 0.5184973634087868  | time taken : 8.399475812911987
 Thread 6 estimated dimension 8 of 11 : 0.3028563286769577  | time taken : 20.72177267074585
 Thread 3 nsolns: 45833
 Thread 4 estimated dimension 1 of 11 : 0.6638468744057412  | time taken : 5.399074554443359
 Thread 5 estimated dimension 9 of 11 : 1  | time taken : 1.2997708320617676
 Thread 6 estimated dimension 9 of 11 : 1  | time taken : 1.5453412532806396
 Thread 1 estimated dimension 1 of 11 : 0.6596676646101248  | time taken : 5.63757061958313
 Thread 5 estimated dimension 10 of 11 : 0.9998553793149401  | time taken : 1.3431010246276855
 Thread 5 nsolns: 45839
 Thread 6 estimated dimension 10 of 11 : 0.9993629853229221  | time taken : 1.644859790802002
 Thread 6 nsolns: 46201
 Thread 7 estimated dimension 1 of 11 : 0.6702344461007161  | time taken : 6.002711772918701
 Thread 2 estimated dimension 1 of 11 : 0.6622641172359918  | time taken : 6.31163763999939
 Thread 4 estimated dimension 2 of 11 : 0.5036641128631197  | time taken : 10.762962818145752
 Thread 6 estimated dimension 0 of 11 : 0.7294330295657253  | time taken : 7.052619695663452
 Thread 1 estimated dimension 2 of 11 : 0.501563288526385  | time taken : 10.20842957496643
 Thread 2 estimated dimension 2 of 11 : 0.5096467301338039  | time taken : 9.717124700546265
 Thread 1 estimated dimension 3 of 11 : 1  | time taken : 1.6492812633514404
 Thread 7 estimated dimension 2 of 11 : 0.4785901523760031  | time taken : 11.235339403152466
 Thread 2 estimated dimension 3 of 11 : 0.997855992359605  | time taken : 1.4999194145202637
 Thread 1 estimated dimension 4 of 11 : 1  | time taken : 1.3277838230133057
 Thread 2 estimated dimension 4 of 11 : 0.9704699410897804  | time taken : 1.387389898300171
 Thread 6 estimated dimension 1 of 11 : 0.6834522459073127  | time taken : 6.665998935699463
 Thread 3 estimated dimension 0 of 11 : 0.2715876360161431  | time taken : 23.555697202682495
 Thread 3 estimated dimension 1 of 11 : 1  | time taken : 1.1272361278533936
 Thread 3 estimated dimension 2 of 11 : 1  | time taken : 1.07606840133667
 Thread 5 estimated dimension 0 of 11 : 0.27717994744341273  | time taken : 22.95668625831604
 Thread 4 estimated dimension 3 of 11 : 0.4219055832192434  | time taken : 15.525838851928711
 Thread 1 estimated dimension 5 of 11 : 0.4232724273889223  | time taken : 10.309554815292358
 Thread 6 estimated dimension 2 of 11 : 0.49038883146905476  | time taken : 8.856879472732544
 Thread 3 estimated dimension 3 of 11 : 1  | time taken : 1.612105131149292
 Thread 5 estimated dimension 1 of 11 : 0.9942320661896282  | time taken : 1.6028940677642822
 Thread 1 estimated dimension 6 of 11 : 0.9977308399808362  | time taken : 1.3574512004852295
 Thread 5 estimated dimension 2 of 11 : 1  | time taken : 1.744053602218628
 Thread 3 estimated dimension 4 of 11 : 0.9991121963282595  | time taken : 1.7958111763000488
 Thread 1 estimated dimension 7 of 11 : 1  | time taken : 1.0313005447387695
 Thread 7 estimated dimension 3 of 11 : 0.43422633701145835  | time taken : 15.109779596328735
 Thread 5 estimated dimension 3 of 11 : 0.9779087656632598  | time taken : 1.2540967464447021
 Thread 2 estimated dimension 5 of 11 : 0.5712878691638433  | time taken : 14.396473169326782
 Thread 4 estimated dimension 4 of 11 : 0.6980968578066  | time taken : 5.672593832015991
 Thread 5 estimated dimension 4 of 11 : 1  | time taken : 1.2380332946777344
 Thread 4 estimated dimension 5 of 11 : 0.9688266628397276  | time taken : 1.5059394836425781
 Thread 4 estimated dimension 6 of 11 : 1  | time taken : 1.566161870956421
 Thread 7 estimated dimension 4 of 11 : 0.6744958162570944  | time taken : 5.321207046508789
 Thread 7 estimated dimension 5 of 11 : 0.9924876076556225  | time taken : 1.3430895805358887
 Thread 7 estimated dimension 6 of 11 : 1  | time taken : 1.3003976345062256
 Thread 3 estimated dimension 5 of 11 : 0.4352594243425738  | time taken : 9.860616683959961
 Thread 3 estimated dimension 6 of 11 : 1  | time taken : 1.5104472637176514
 Thread 3 estimated dimension 7 of 11 : 1  | time taken : 1.2106125354766846
 Thread 6 estimated dimension 3 of 11 : 0.42701351889095857  | time taken : 16.373396396636963
 Thread 2 estimated dimension 6 of 11 : 0.49622915698574005  | time taken : 11.562267780303955
 Thread 4 estimated dimension 7 of 11 : 0.6272843955292663  | time taken : 7.819457530975342
 Thread 2 estimated dimension 7 of 11 : 0.991536713828173  | time taken : 1.5095555782318115
 Thread 4 estimated dimension 8 of 11 : 1  | time taken : 1.2636728286743164
 Thread 2 estimated dimension 8 of 11 : 0.9869533056431032  | time taken : 1.530360460281372
 Thread 7 estimated dimension 7 of 11 : 0.6162909100232629  | time taken : 8.994534969329834
 Thread 4 estimated dimension 9 of 11 : 0.9990245451936466  | time taken : 1.9342870712280273
 Thread 5 estimated dimension 5 of 11 : 0.5857908540369811  | time taken : 16.242623567581177
 Thread 6 estimated dimension 4 of 11 : 0.6889362444976824  | time taken : 6.142888069152832
 Thread 7 estimated dimension 8 of 11 : 0.9923490787649648  | time taken : 1.4531707763671875
 Thread 6 estimated dimension 5 of 11 : 1  | time taken : 1.3934330940246582
 Thread 7 estimated dimension 9 of 11 : 0.9886014905152956  | time taken : 1.1471514701843262
 Thread 6 estimated dimension 6 of 11 : 0.9796462959050428  | time taken : 1.0192573070526123
 Thread 1 estimated dimension 8 of 11 : 0.3067908623208675  | time taken : 23.214398860931396
 Thread 1 estimated dimension 9 of 11 : 1  | time taken : 1.9436430931091309
 Thread 1 estimated dimension 10 of 11 : 0.9817139923854893  | time taken : 1.483377456665039
 Thread 1 nsolns: 44498
 Thread 7 estimated dimension 10 of 11 : 0.5122060857680082  | time taken : 7.5190348625183105
 Thread 7 nsolns: 43918
 Thread 4 estimated dimension 10 of 11 : 0.4896178160394204  | time taken : 11.805768251419067
 Thread 4 nsolns: 44212
 Thread 6 estimated dimension 7 of 11 : 0.6226006365905701  | time taken : 8.214019775390625
 Thread 2 estimated dimension 9 of 11 : 0.37706945258336505  | time taken : 14.710541248321533
 Thread 5 estimated dimension 6 of 11 : 0.5024021874253003  | time taken : 13.022522926330566
 Thread 1 estimated dimension 0 of 11 : 0.7268150336451128  | time taken : 5.388908386230469
 Thread 6 estimated dimension 8 of 11 : 0.9827824989980654  | time taken : 1.279841661453247
 Thread 2 estimated dimension 10 of 11 : 1  | time taken : 1.6454360485076904
 Thread 3 estimated dimension 8 of 11 : 0.3093005080260697  | time taken : 21.165502548217773
 Thread 2 nsolns: 43955
 Thread 6 estimated dimension 9 of 11 : 0.9803714265038639  | time taken : 1.5579097270965576
 Thread 3 estimated dimension 9 of 11 : 1  | time taken : 1.3561186790466309
 Thread 4 estimated dimension 0 of 11 : 0.7144289274507573  | time taken : 5.984877109527588
 Thread 3 estimated dimension 10 of 11 : 1  | time taken : 1.2343966960906982
 Thread 3 nsolns: 46579
 Thread 1 estimated dimension 1 of 11 : 0.6632301442773983  | time taken : 6.2704432010650635
 Thread 2 estimated dimension 0 of 11 : 0.7047880542230295  | time taken : 6.177793741226196
 Thread 4 estimated dimension 1 of 11 : 0.649547746854484  | time taken : 5.8641357421875
 Thread 3 estimated dimension 0 of 11 : 0.7418523126216031  | time taken : 6.030758380889893
 Thread 5 estimated dimension 7 of 11 : 0.38431055440282114  | time taken : 12.108558177947998
 Thread 6 estimated dimension 10 of 11 : 0.4812271233918467  | time taken : 10.349640607833862
 Thread 5 estimated dimension 8 of 11 : 0.9664201836399421  | time taken : 1.1785519123077393
 Thread 6 nsolns: 44212
 Thread 5 estimated dimension 9 of 11 : 1  | time taken : 1.6521327495574951
 Thread 5 estimated dimension 10 of 11 : 1  | time taken : 0.8326261043548584
 Thread 1 estimated dimension 2 of 11 : 0.4920923090416181  | time taken : 9.240667819976807
 Thread 5 nsolns: 45839
 Thread 3 estimated dimension 1 of 11 : 0.6930740977103471  | time taken : 6.2172040939331055
 Thread 7 estimated dimension 0 of 11 : 0.2795568132560574  | time taken : 20.42166256904602
 Thread 6 estimated dimension 0 of 11 : 0.7419540876709803  | time taken : 6.254933595657349
 Thread 7 estimated dimension 1 of 11 : 0.9923007096821782  | time taken : 1.5917942523956299
 Thread 4 estimated dimension 2 of 11 : 0.48782491778010867  | time taken : 9.742892742156982
 Thread 7 estimated dimension 2 of 11 : 1  | time taken : 1.3303732872009277
 Thread 5 estimated dimension 0 of 11 : 0.7242901815404764  | time taken : 5.230036497116089
 Thread 7 estimated dimension 3 of 11 : 1  | time taken : 1.1681320667266846
 Thread 1 estimated dimension 3 of 11 : 0.5736510159353051  | time taken : 7.586947917938232
 Thread 7 estimated dimension 4 of 11 : 1  | time taken : 1.510716199874878
 Thread 6 estimated dimension 1 of 11 : 0.6681917196737933  | time taken : 5.602062225341797
 Thread 1 estimated dimension 4 of 11 : 1  | time taken : 0.9836513996124268
 Thread 5 estimated dimension 1 of 11 : 0.6678960720902366  | time taken : 4.7155773639678955
 Thread 1 estimated dimension 5 of 11 : 0.9760342968138666  | time taken : 1.332397222518921
 Thread 3 estimated dimension 2 of 11 : 0.4958758556968694  | time taken : 9.398184299468994
 Thread 2 estimated dimension 1 of 11 : 0.3292523499568224  | time taken : 19.840301275253296
 Thread 4 estimated dimension 3 of 11 : 0.5666776944075925  | time taken : 7.593102931976318
 Thread 2 estimated dimension 2 of 11 : 0.975385923221158  | time taken : 1.553856611251831
 Thread 4 estimated dimension 4 of 11 : 1  | time taken : 1.4637041091918945
 Thread 2 estimated dimension 3 of 11 : 0.9819618446776043  | time taken : 0.840907096862793
 Thread 4 estimated dimension 5 of 11 : 0.9781003285763709  | time taken : 1.2144889831542969
 Thread 2 estimated dimension 4 of 11 : 0.9881966572414499  | time taken : 1.0507071018218994
 Thread 5 estimated dimension 2 of 11 : 0.5065468972302949  | time taken : 8.451609134674072
 Thread 6 estimated dimension 2 of 11 : 0.49668553409941163  | time taken : 10.076703548431396
 Thread 5 estimated dimension 3 of 11 : 1  | time taken : 0.9960927963256836
 Thread 1 estimated dimension 6 of 11 : 0.4939675390304943  | time taken : 9.950163841247559
 Thread 5 estimated dimension 4 of 11 : 1  | time taken : 1.0681266784667969
 Thread 7 estimated dimension 5 of 11 : 0.5591193650225731  | time taken : 13.574753284454346
 Thread 1 estimated dimension 7 of 11 : 1  | time taken : 0.7913734912872314
 Thread 1 estimated dimension 8 of 11 : 0.9734554064347756  | time taken : 1.6158227920532227
 Thread 4 estimated dimension 6 of 11 : 0.4940905378641595  | time taken : 8.780071258544922
 Thread 3 estimated dimension 3 of 11 : 0.43621346125852706  | time taken : 13.384355306625366
 Thread 2 estimated dimension 5 of 11 : 0.4293815774907867  | time taken : 9.079029083251953
 Thread 4 estimated dimension 7 of 11 : 0.9849971586369456  | time taken : 1.8004839420318604
 Thread 6 estimated dimension 3 of 11 : 0.5629205706416256  | time taken : 7.215747594833374
 Thread 2 estimated dimension 6 of 11 : 1  | time taken : 1.5533192157745361
 Thread 4 estimated dimension 8 of 11 : 0.9773183913921937  | time taken : 1.4235351085662842
 Thread 6 estimated dimension 4 of 11 : 0.9773922220437472  | time taken : 1.253807544708252
 Thread 2 estimated dimension 7 of 11 : 0.9909726909313237  | time taken : 0.9616918563842773
 Thread 3 estimated dimension 4 of 11 : 0.6760310922617598  | time taken : 4.411182641983032
 Thread 6 estimated dimension 5 of 11 : 1  | time taken : 1.4614660739898682
 Thread 3 estimated dimension 5 of 11 : 0.9937333629550883  | time taken : 1.4248487949371338
 Thread 5 estimated dimension 5 of 11 : 0.435266933221196  | time taken : 10.159370183944702
 Thread 3 estimated dimension 6 of 11 : 1  | time taken : 1.4159085750579834
 Thread 5 estimated dimension 6 of 11 : 1  | time taken : 1.2778778076171875
 Thread 7 estimated dimension 6 of 11 : 0.5161852927688638  | time taken : 12.076811790466309
 Thread 5 estimated dimension 7 of 11 : 1  | time taken : 0.8154582977294922
 Thread 1 estimated dimension 9 of 11 : 0.38322195186287217  | time taken : 13.156265497207642
 Thread 1 estimated dimension 10 of 11 : 0.9953813920148387  | time taken : 1.0992646217346191
 Thread 6 estimated dimension 6 of 11 : 0.49353371370509164  | time taken : 8.662334442138672
 Thread 1 nsolns: 44144
 Thread 6 estimated dimension 7 of 11 : 1  | time taken : 1.4167063236236572
 Thread 5 estimated dimension 8 of 11 : 0.6678665860207234  | time taken : 5.846126556396484
 Thread 4 estimated dimension 9 of 11 : 0.3703781961570652  | time taken : 13.451677799224854
 Thread 3 estimated dimension 7 of 11 : 0.6206715476097253  | time taken : 8.04175353050232
 Thread 6 estimated dimension 8 of 11 : 1  | time taken : 1.4486234188079834
 Thread 3 estimated dimension 8 of 11 : 1  | time taken : 1.1943414211273193
 Thread 4 estimated dimension 10 of 11 : 0.9894393317484074  | time taken : 1.5586779117584229
 Thread 4 nsolns: 44144
 Thread 3 estimated dimension 9 of 11 : 0.998734908148192  | time taken : 1.162003517150879
 Thread 1 estimated dimension 0 of 11 : 0.7158497765740685  | time taken : 5.731523752212524
 Thread 7 estimated dimension 7 of 11 : 0.38775429660864796  | time taken : 11.759078979492188
 Thread 7 estimated dimension 8 of 11 : 0.9909439949559117  | time taken : 0.9917111396789551
 Thread 5 estimated dimension 9 of 11 : 0.6328917284868835  | time taken : 6.4858927726745605
 Thread 4 estimated dimension 0 of 11 : 0.7212007858900368  | time taken : 4.418537616729736
 Thread 2 estimated dimension 8 of 11 : 0.31102413742160845  | time taken : 20.092620372772217
 Thread 7 estimated dimension 9 of 11 : 0.9657960976572747  | time taken : 1.615652084350586
 Thread 1 estimated dimension 1 of 11 : 0.6654649081636785  | time taken : 4.568713665008545
 Thread 7 estimated dimension 10 of 11 : 0.9877351200618797  | time taken : 1.0372045040130615
 Thread 2 estimated dimension 9 of 11 : 0.9916891207398314  | time taken : 1.14410400390625
 Thread 7 nsolns: 45839
 Thread 3 estimated dimension 10 of 11 : 0.5229464567109299  | time taken : 6.6892266273498535
 Thread 3 nsolns: 43918
 Thread 2 estimated dimension 10 of 11 : 0.9757682147673772  | time taken : 1.328068733215332
 Thread 2 nsolns: 46201
 Thread 4 estimated dimension 1 of 11 : 0.6696911780136092  | time taken : 5.526549577713013
 Thread 6 estimated dimension 9 of 11 : 0.3823065772437217  | time taken : 12.58092975616455
 Thread 7 estimated dimension 0 of 11 : 0.7254466769380966  | time taken : 4.173426389694214
 Thread 5 estimated dimension 10 of 11 : 0.4804962957526869  | time taken : 8.323968648910522
 Thread 6 estimated dimension 10 of 11 : 1  | time taken : 1.1319434642791748
 Thread 5 nsolns: 44046
 Thread 6 nsolns: 44144
 Thread 2 estimated dimension 0 of 11 : 0.7121318616270221  | time taken : 3.8742713928222656
 Thread 1 estimated dimension 2 of 11 : 0.5093024230217578  | time taken : 7.579118967056274
 Thread 1 estimated dimension 3 of 11 : 0.9888409858502419  | time taken : 1.4270403385162354
 Thread 7 estimated dimension 1 of 11 : 0.6705907556726229  | time taken : 4.927496910095215
 Thread 1 estimated dimension 4 of 11 : 1  | time taken : 0.9793555736541748
 Thread 6 estimated dimension 0 of 11 : 0.7053284138740121  | time taken : 4.563233852386475
 Thread 4 estimated dimension 2 of 11 : 0.4964417354116313  | time taken : 8.531236410140991
 Thread 2 estimated dimension 1 of 11 : 0.6606134175329481  | time taken : 5.09855580329895
 Thread 6 estimated dimension 1 of 11 : 0.6673264433594392  | time taken : 5.037012100219727
 Thread 4 estimated dimension 3 of 11 : 0.5663398470940113  | time taken : 6.222614049911499
 Thread 3 estimated dimension 0 of 11 : 0.2767612650083854  | time taken : 17.098186492919922
 Thread 2 estimated dimension 2 of 11 : 0.500843355008437  | time taken : 6.832571983337402
 Thread 7 estimated dimension 2 of 11 : 0.5036167553942363  | time taken : 8.914748191833496
 Thread 4 estimated dimension 4 of 11 : 0.994567284576534  | time taken : 0.7837750911712646
 Thread 3 estimated dimension 1 of 11 : 1  | time taken : 1.5155119895935059
 Thread 2 estimated dimension 3 of 11 : 1  | time taken : 1.5196099281311035
 Thread 4 estimated dimension 5 of 11 : 1  | time taken : 1.3260672092437744
 Thread 3 estimated dimension 2 of 11 : 0.991285642138035  | time taken : 1.4565913677215576
 Thread 2 estimated dimension 4 of 11 : 0.9832788479709391  | time taken : 1.6018688678741455
 Thread 1 estimated dimension 5 of 11 : 0.5722664428224344  | time taken : 13.0752694606781
 Thread 3 estimated dimension 3 of 11 : 1  | time taken : 1.225775957107544
 Thread 6 estimated dimension 2 of 11 : 0.5013394570432513  | time taken : 8.583033800125122
 Thread 5 estimated dimension 0 of 11 : 0.2760000070083497  | time taken : 18.837486743927002
 Thread 3 estimated dimension 4 of 11 : 1  | time taken : 1.4955708980560303
 Thread 5 estimated dimension 1 of 11 : 0.9974145483730629  | time taken : 1.6817073822021484
 Thread 5 estimated dimension 2 of 11 : 1  | time taken : 1.108097791671753
 Thread 5 estimated dimension 3 of 11 : 0.9878632775692603  | time taken : 1.0587615966796875
 Thread 4 estimated dimension 6 of 11 : 0.4841566988587884  | time taken : 9.28506088256836
 Thread 5 estimated dimension 4 of 11 : 0.9724549386753034  | time taken : 0.3969247341156006
 Thread 2 estimated dimension 5 of 11 : 0.4241697611018751  | time taken : 8.49483847618103
 Thread 4 estimated dimension 7 of 11 : 1  | time taken : 1.6070325374603271
 Thread 7 estimated dimension 3 of 11 : 0.43336861595229687  | time taken : 13.976089239120483
 Thread 2 estimated dimension 6 of 11 : 0.9765796059128282  | time taken : 1.4495041370391846
 Thread 4 estimated dimension 8 of 11 : 0.9967571967972761  | time taken : 1.2450287342071533
 Thread 1 estimated dimension 6 of 11 : 0.5049160648082801  | time taken : 10.625233888626099
 Thread 3 estimated dimension 5 of 11 : 0.4337182978062068  | time taken : 8.558928966522217
 Thread 2 estimated dimension 7 of 11 : 0.9944772795756208  | time taken : 1.1047067642211914
 Thread 3 estimated dimension 6 of 11 : 1  | time taken : 2.108823299407959
 Thread 3 estimated dimension 7 of 11 : 0.9795039508582872  | time taken : 1.1470460891723633
 Thread 6 estimated dimension 3 of 11 : 0.4353945853009672  | time taken : 13.123451709747314
 Thread 2 estimated dimension 8 of 11 : 0.7027384779180316  | time taken : 5.727265357971191
 Thread 1 estimated dimension 7 of 11 : 0.6136097428637663  | time taken : 7.260770320892334
 Thread 5 estimated dimension 5 of 11 : 0.5807826677666367  | time taken : 11.829681158065796
 Thread 6 estimated dimension 4 of 11 : 0.6721706199706777  | time taken : 3.9398036003112793
 Thread 1 estimated dimension 8 of 11 : 0.9944508908601974  | time taken : 1.0769708156585693
 Thread 3 estimated dimension 8 of 11 : 0.68142687397947  | time taken : 4.773860692977905
 Thread 6 estimated dimension 5 of 11 : 0.9897110340552897  | time taken : 1.0273518562316895
 Thread 1 estimated dimension 9 of 11 : 1  | time taken : 1.0724427700042725
 Thread 4 estimated dimension 9 of 11 : 0.3824127801598009  | time taken : 10.529760837554932
 Thread 6 estimated dimension 6 of 11 : 1  | time taken : 1.22243332862854
 Thread 2 estimated dimension 9 of 11 : 0.6155471529183684  | time taken : 5.2088706493377686
 Thread 4 estimated dimension 10 of 11 : 0.9819799898667305  | time taken : 0.9936399459838867
 Thread 4 nsolns: 44144
 Thread 7 estimated dimension 4 of 11 : 0.317258245824417  | time taken : 13.26582145690918
 Thread 7 estimated dimension 5 of 11 : 0.991930336038894  | time taken : 1.5050792694091797
 Thread 3 estimated dimension 9 of 11 : 0.6238375182822116  | time taken : 6.389508962631226
 Thread 7 estimated dimension 6 of 11 : 1  | time taken : 1.0695652961730957
 Thread 5 estimated dimension 6 of 11 : 0.5009362146010098  | time taken : 8.063932418823242
 Thread 7 estimated dimension 7 of 11 : 0.9660298320569755  | time taken : 1.1790947914123535
 Thread 4 estimated dimension 0 of 11 : 0.7191053567399981  | time taken : 5.316631555557251
 Thread 6 estimated dimension 7 of 11 : 0.6096100233652995  | time taken : 6.690251111984253
 Thread 5 estimated dimension 7 of 11 : 0.981079273614426  | time taken : 1.0003788471221924
 Thread 7 estimated dimension 8 of 11 : 0.9976156489129087  | time taken : 1.0255827903747559
 Thread 1 estimated dimension 10 of 11 : 0.505593698132639  | time taken : 8.335841655731201
 Thread 1 nsolns: 43618
 Thread 5 estimated dimension 8 of 11 : 1  | time taken : 1.7182323932647705
 Thread 6 estimated dimension 8 of 11 : 0.9948953690481612  | time taken : 1.8762092590332031
 Thread 7 estimated dimension 9 of 11 : 0.984296581435466  | time taken : 1.8404035568237305
 Thread 6 estimated dimension 9 of 11 : 1  | time taken : 1.2825663089752197
 Thread 2 estimated dimension 10 of 11 : 0.48439194331924534  | time taken : 10.008700370788574
 Thread 2 nsolns: 44046
 Thread 7 estimated dimension 10 of 11 : 1  | time taken : 1.601802110671997
 Thread 7 nsolns: 44322
 Thread 4 estimated dimension 1 of 11 : 0.6812486868022617  | time taken : 6.170013666152954
 Thread 1 estimated dimension 0 of 11 : 0.7284708118954416  | time taken : 4.707286596298218
 Thread 3 estimated dimension 10 of 11 : 0.48011294916118813  | time taken : 9.369937419891357
 Thread 3 nsolns: 46127
 Thread 7 estimated dimension 0 of 11 : 0.7351042351833569  | time taken : 5.124770879745483
 Thread 6 estimated dimension 10 of 11 : 0.5145193333362001  | time taken : 6.825687408447266
 Thread 6 nsolns: 43918
 Thread 3 estimated dimension 0 of 11 : 0.7467788641566306  | time taken : 4.271716833114624
 Thread 5 estimated dimension 9 of 11 : 0.37936513529514815  | time taken : 11.210416316986084
 Thread 4 estimated dimension 2 of 11 : 0.4843935266629693  | time taken : 7.200165033340454
 Thread 5 estimated dimension 10 of 11 : 1  | time taken : 1.030949354171753
 Thread 5 nsolns: 46036
 Thread 6 estimated dimension 0 of 11 : 0.7261162260178892  | time taken : 4.504137754440308
 Thread 3 estimated dimension 1 of 11 : 0.6613603846608408  | time taken : 4.010879278182983
 Thread 4 estimated dimension 3 of 11 : 0.5552543546394273  | time taken : 6.1787261962890625
 Thread 2 estimated dimension 0 of 11 : 0.27948463844467913  | time taken : 16.344160079956055
 Thread 1 estimated dimension 1 of 11 : 0.3255452795514352  | time taken : 14.11923623085022
 Thread 6 estimated dimension 1 of 11 : 0.6718796544121635  | time taken : 5.0301947593688965
 Thread 4 estimated dimension 4 of 11 : 1  | time taken : 1.0746231079101562
 Thread 2 estimated dimension 1 of 11 : 1  | time taken : 1.0625743865966797
 Thread 1 estimated dimension 2 of 11 : 0.9512535815562431  | time taken : 1.592756986618042
 Thread 4 estimated dimension 5 of 11 : 0.9989979870008663  | time taken : 1.24700927734375
 Thread 7 estimated dimension 1 of 11 : 0.32460355974243543  | time taken : 13.033235549926758
 Thread 2 estimated dimension 2 of 11 : 1  | time taken : 1.2857177257537842
 Thread 1 estimated dimension 3 of 11 : 0.975378635315335  | time taken : 1.4191184043884277
 Thread 3 estimated dimension 2 of 11 : 0.5013229135308047  | time taken : 7.868681907653809
 Thread 7 estimated dimension 2 of 11 : 1  | time taken : 1.6397314071655273
 Thread 2 estimated dimension 3 of 11 : 1  | time taken : 1.356198787689209
 Thread 1 estimated dimension 4 of 11 : 0.9909489719684225  | time taken : 1.554732084274292
 Thread 7 estimated dimension 3 of 11 : 1  | time taken : 1.0750737190246582
 Thread 2 estimated dimension 4 of 11 : 0.9758018707179943  | time taken : 1.13139009475708
 Thread 7 estimated dimension 4 of 11 : 1  | time taken : 1.2443721294403076
 Thread 6 estimated dimension 2 of 11 : 0.5107159587612159  | time taken : 6.567660093307495
 Thread 6 estimated dimension 3 of 11 : 1  | time taken : 1.3102874755859375
 Thread 6 estimated dimension 4 of 11 : 0.9781020450296197  | time taken : 0.9324371814727783
 Thread 4 estimated dimension 6 of 11 : 0.4864295588672771  | time taken : 8.540891408920288
 Thread 5 estimated dimension 0 of 11 : 0.27936646028863055  | time taken : 16.25301241874695
 Thread 4 estimated dimension 7 of 11 : 1  | time taken : 0.7584350109100342
 Thread 5 estimated dimension 1 of 11 : 0.986894837645331  | time taken : 0.8201026916503906
 Thread 4 estimated dimension 8 of 11 : 1  | time taken : 1.009906530380249
 Thread 2 estimated dimension 5 of 11 : 0.4209133632017305  | time taken : 6.988125801086426
 Thread 5 estimated dimension 2 of 11 : 0.9680446656006813  | time taken : 1.0376198291778564
 Thread 3 estimated dimension 3 of 11 : 0.4238941989598239  | time taken : 10.750243902206421
 Thread 2 estimated dimension 6 of 11 : 1  | time taken : 1.1402618885040283
 Thread 2 estimated dimension 7 of 11 : 0.969867078590678  | time taken : 1.323549509048462
 Thread 5 estimated dimension 3 of 11 : 0.9713152603622723  | time taken : 1.747666835784912
 Thread 1 estimated dimension 5 of 11 : 0.5747365587203667  | time taken : 11.820279359817505
 Thread 5 estimated dimension 4 of 11 : 1  | time taken : 1.077219009399414
 Thread 7 estimated dimension 5 of 11 : 0.586932292536558  | time taken : 11.421911478042603
 Thread 3 estimated dimension 4 of 11 : 0.6712432222386018  | time taken : 3.8750202655792236
 Thread 4 estimated dimension 9 of 11 : 0.6125902821655849  | time taken : 5.276347398757935
 Thread 3 estimated dimension 5 of 11 : 0.9636375048118891  | time taken : 1.7888615131378174
 Thread 6 estimated dimension 5 of 11 : 0.5683040421499513  | time taken : 11.162018060684204
 Thread 3 estimated dimension 6 of 11 : 1  | time taken : 1.1443490982055664
 Thread 1 estimated dimension 6 of 11 : 0.48100583349529713  | time taken : 7.974224805831909
 Thread 5 estimated dimension 5 of 11 : 0.429843035701771  | time taken : 8.684521675109863
 Thread 1 estimated dimension 7 of 11 : 1  | time taken : 1.0027084350585938
 Thread 4 estimated dimension 10 of 11 : 0.46478268139149465  | time taken : 8.613555192947388
 Thread 7 estimated dimension 6 of 11 : 0.5080141088124541  | time taken : 9.046160459518433
 Thread 5 estimated dimension 6 of 11 : 1  | time taken : 1.03397536277771
 Thread 4 nsolns: 44227
 Thread 1 estimated dimension 8 of 11 : 1  | time taken : 0.9214363098144531
 Thread 3 estimated dimension 7 of 11 : 0.6054074504098835  | time taken : 5.7145984172821045
 Thread 6 estimated dimension 6 of 11 : 0.48567371138626847  | time taken : 6.982690095901489
 Thread 5 estimated dimension 7 of 11 : 1  | time taken : 1.8461928367614746
 Thread 3 estimated dimension 8 of 11 : 0.9798302364242022  | time taken : 1.9823148250579834
 Thread 6 estimated dimension 7 of 11 : 1  | time taken : 1.4142389297485352
 Thread 2 estimated dimension 8 of 11 : 0.3112439482090589  | time taken : 15.596696376800537
 Thread 3 estimated dimension 9 of 11 : 0.9971440240223219  | time taken : 1.6766743659973145
 Thread 6 estimated dimension 8 of 11 : 1  | time taken : 1.962583065032959
 Thread 2 estimated dimension 9 of 11 : 0.990678877000198  | time taken : 1.3636722564697266
 Thread 2 estimated dimension 10 of 11 : 1  | time taken : 1.4447197914123535
 Thread 2 nsolns: 46579
 Thread 5 estimated dimension 8 of 11 : 0.6934460210303687  | time taken : 6.173344373703003
 Thread 6 estimated dimension 9 of 11 : 0.6364089115324353  | time taken : 5.2771689891815186
 Thread 3 estimated dimension 10 of 11 : 0.5118769537594711  | time taken : 5.844571113586426
 Thread 7 estimated dimension 7 of 11 : 0.3919369185631384  | time taken : 10.551552534103394
 Thread 3 nsolns: 43918
 Thread 1 estimated dimension 9 of 11 : 0.37608804940244966  | time taken : 10.641916275024414
 Thread 2 estimated dimension 0 of 11 : 0.7192654023185672  | time taken : 4.482746601104736
 Thread 7 estimated dimension 8 of 11 : 1  | time taken : 1.4368245601654053
 Thread 1 estimated dimension 10 of 11 : 0.9947311709881473  | time taken : 1.4932284355163574
 Thread 1 nsolns: 45658
 Thread 7 estimated dimension 9 of 11 : 0.9829129792442852  | time taken : 1.263878583908081
 Thread 3 estimated dimension 0 of 11 : 0.723521181800257  | time taken : 3.468205690383911
 Thread 7 estimated dimension 10 of 11 : 0.9867032748109944  | time taken : 1.113722562789917
 Thread 7 nsolns: 45461
 Thread 4 estimated dimension 0 of 11 : 0.27038316364941345  | time taken : 16.141929149627686
 Thread 1 estimated dimension 0 of 11 : 0.7256261509293173  | time taken : 4.251973867416382
 Thread 4 estimated dimension 1 of 11 : 0.982333948099968  | time taken : 0.9579939842224121
 Thread 6 estimated dimension 10 of 11 : 0.48985810431954313  | time taken : 7.219184160232544
 Thread 6 nsolns: 44038
 Thread 3 estimated dimension 1 of 11 : 0.6591120392299068  | time taken : 3.8971571922302246
 Thread 5 estimated dimension 9 of 11 : 0.368577829353688  | time taken : 9.891359806060791
 Thread 4 estimated dimension 2 of 11 : 1  | time taken : 1.3219871520996094
 Thread 7 estimated dimension 0 of 11 : 0.7178210584846925  | time taken : 3.950166940689087
 Thread 5 estimated dimension 10 of 11 : 1  | time taken : 1.4905483722686768
 Thread 4 estimated dimension 3 of 11 : 1  | time taken : 1.5257134437561035
 Thread 5 nsolns: 46044
 Thread 4 estimated dimension 4 of 11 : 1  | time taken : 1.567194938659668
 Thread 1 estimated dimension 1 of 11 : 0.6713134123066427  | time taken : 5.585768222808838
 Thread 6 estimated dimension 0 of 11 : 0.7355438758870932  | time taken : 4.964379072189331
 Thread 5 estimated dimension 0 of 11 : 0.7386679980300231  | time taken : 4.907660722732544
 Thread 3 estimated dimension 2 of 11 : 0.49159602487213394  | time taken : 8.594338178634644
 Thread 2 estimated dimension 1 of 11 : 0.33238703169525796  | time taken : 15.19117784500122
 Thread 6 estimated dimension 1 of 11 : 0.6708304106874873  | time taken : 4.689610004425049
 Thread 2 estimated dimension 2 of 11 : 1  | time taken : 0.8948616981506348
 Thread 2 estimated dimension 3 of 11 : 1  | time taken : 0.9695172309875488
 Thread 2 estimated dimension 4 of 11 : 1  | time taken : 0.7360501289367676
 Thread 5 estimated dimension 1 of 11 : 0.6793506203759121  | time taken : 4.926245212554932
 Thread 1 estimated dimension 2 of 11 : 0.4956186755346746  | time taken : 8.051881074905396
 Thread 4 estimated dimension 5 of 11 : 0.5618574399872489  | time taken : 12.145716428756714
 Thread 6 estimated dimension 2 of 11 : 0.4969666456407946  | time taken : 7.449604511260986
 Thread 7 estimated dimension 1 of 11 : 0.32547178946426414  | time taken : 15.530949592590332
 Thread 3 estimated dimension 3 of 11 : 0.42656523456606243  | time taken : 9.30910325050354
 Thread 7 estimated dimension 2 of 11 : 1  | time taken : 1.294316053390503
 Thread 5 estimated dimension 2 of 11 : 0.5110089079497793  | time taken : 6.355169057846069
 Thread 7 estimated dimension 3 of 11 : 1  | time taken : 1.1822376251220703
 Thread 5 estimated dimension 3 of 11 : 1  | time taken : 1.0014469623565674
 Thread 7 estimated dimension 4 of 11 : 1  | time taken : 1.1956143379211426
 Thread 5 estimated dimension 4 of 11 : 1  | time taken : 0.9803316593170166
 Thread 3 estimated dimension 4 of 11 : 0.6832435890786964  | time taken : 4.366607189178467
 Thread 1 estimated dimension 3 of 11 : 0.43423343964233774  | time taken : 10.082748413085938
 Thread 2 estimated dimension 5 of 11 : 0.5739722792606969  | time taken : 10.750845432281494
 Thread 4 estimated dimension 6 of 11 : 0.5005546937529203  | time taken : 7.780811309814453
 Thread 3 estimated dimension 5 of 11 : 1  | time taken : 1.6508429050445557
 Thread 3 estimated dimension 6 of 11 : 0.9867690137130104  | time taken : 0.84476637840271
 Thread 4 estimated dimension 7 of 11 : 0.9877724981673822  | time taken : 1.44038724899292
 Thread 4 estimated dimension 8 of 11 : 1  | time taken : 1.1336109638214111
 Thread 6 estimated dimension 3 of 11 : 0.4294093897133709  | time taken : 11.389335632324219
 Thread 2 estimated dimension 6 of 11 : 0.4969673205535939  | time taken : 7.7564263343811035
 Thread 3 estimated dimension 7 of 11 : 0.640173203467091  | time taken : 5.403578281402588
 Thread 2 estimated dimension 7 of 11 : 0.9588765692592136  | time taken : 1.3625285625457764
 Thread 7 estimated dimension 5 of 11 : 0.5662235969975846  | time taken : 11.001261711120605
 Thread 3 estimated dimension 8 of 11 : 1  | time taken : 1.3305065631866455
 Thread 4 estimated dimension 9 of 11 : 0.6162660575199904  | time taken : 5.313406705856323
 Thread 5 estimated dimension 5 of 11 : 0.5778517765111691  | time taken : 11.509063243865967
 Thread 2 estimated dimension 8 of 11 : 1  | time taken : 1.4873294830322266
 Thread 3 estimated dimension 9 of 11 : 1  | time taken : 1.889233112335205
 Thread 1 estimated dimension 4 of 11 : 0.3183279713139436  | time taken : 11.896954536437988
 Thread 1 estimated dimension 5 of 11 : 0.975891577113931  | time taken : 1.5788636207580566
 Thread 1 estimated dimension 6 of 11 : 1  | time taken : 1.2433998584747314
 Thread 6 estimated dimension 4 of 11 : 0.3179162716283  | time taken : 10.650169134140015
 Thread 1 estimated dimension 7 of 11 : 1  | time taken : 0.8789458274841309
 Thread 6 estimated dimension 5 of 11 : 1  | time taken : 1.206779956817627
 Thread 1 estimated dimension 8 of 11 : 0.9768568844625825  | time taken : 1.3546011447906494
 Thread 4 estimated dimension 10 of 11 : 0.4975025793492142  | time taken : 8.630863904953003
 Thread 6 estimated dimension 6 of 11 : 1  | time taken : 1.067129135131836
 Thread 4 nsolns: 46119
 Thread 1 estimated dimension 9 of 11 : 0.9630762713199745  | time taken : 1.4255702495574951
 Thread 6 estimated dimension 7 of 11 : 1  | time taken : 0.8090198040008545
 Thread 1 estimated dimension 10 of 11 : 1  | time taken : 0.6313068866729736
 Thread 7 estimated dimension 6 of 11 : 0.5066580845713883  | time taken : 11.071850776672363
 Thread 3 estimated dimension 10 of 11 : 0.486342519823944  | time taken : 9.153527021408081
 Thread 1 nsolns: 44322
 Thread 3 nsolns: 44212
 Thread 5 estimated dimension 6 of 11 : 0.5192294315475707  | time taken : 10.570417165756226
 Thread 6 estimated dimension 8 of 11 : 1  | time taken : 1.136261224746704
 Thread 2 estimated dimension 9 of 11 : 0.37162081159874233  | time taken : 11.381350994110107
 Thread 4 estimated dimension 0 of 11 : 0.7142555178004265  | time taken : 3.850615978240967
 Thread 6 estimated dimension 9 of 11 : 0.994486190374824  | time taken : 1.6297485828399658
 Thread 2 estimated dimension 10 of 11 : 0.9863529781126046  | time taken : 1.189652442932129
 Thread 2 nsolns: 45658
 Thread 6 estimated dimension 10 of 11 : 1  | time taken : 1.0397591590881348
 Thread 6 nsolns: 44322
 Thread 1 estimated dimension 0 of 11 : 0.7228706974809778  | time taken : 5.360972881317139
 Thread 3 estimated dimension 0 of 11 : 0.7384519170147741  | time taken : 5.35103964805603
 Thread 5 estimated dimension 7 of 11 : 0.6192516530374056  | time taken : 6.12579870223999
 Thread 7 estimated dimension 7 of 11 : 0.6069588427984867  | time taken : 6.584872245788574
 Thread 5 estimated dimension 8 of 11 : 1  | time taken : 1.0831072330474854
 Thread 7 estimated dimension 8 of 11 : 0.9881195315600729  | time taken : 1.0803961753845215
 Thread 6 estimated dimension 0 of 11 : 0.7239082472618863  | time taken : 4.162224292755127
 Thread 2 estimated dimension 0 of 11 : 0.7255365067270892  | time taken : 4.591714382171631
 Thread 5 estimated dimension 9 of 11 : 1  | time taken : 0.7894282341003418
 Thread 7 estimated dimension 9 of 11 : 1  | time taken : 1.206289529800415
 Thread 1 estimated dimension 1 of 11 : 0.6633461377481924  | time taken : 3.875858783721924
 Thread 3 estimated dimension 1 of 11 : 0.6980758146973464  | time taken : 4.47664999961853
 Thread 6 estimated dimension 1 of 11 : 0.6685993051710017  | time taken : 4.50225043296814
 Thread 2 estimated dimension 1 of 11 : 0.6661088507607281  | time taken : 4.764480829238892
 Thread 7 estimated dimension 10 of 11 : 0.5189539081075247  | time taken : 5.994793653488159
 Thread 7 nsolns: 45321
 Thread 5 estimated dimension 10 of 11 : 0.5064229570455698  | time taken : 8.015777826309204
 Thread 5 nsolns: 43618
 Thread 2 estimated dimension 2 of 11 : 0.5036628304812844  | time taken : 3.6514222621917725
 Thread 1 estimated dimension 2 of 11 : 0.5122653534595862  | time taken : 7.924501657485962
 Thread 3 estimated dimension 2 of 11 : 0.4944017326250207  | time taken : 7.811291217803955
 Thread 2 estimated dimension 3 of 11 : 0.9971197692072097  | time taken : 1.0132989883422852
 Thread 1 estimated dimension 3 of 11 : 1  | time taken : 0.8479082584381104
 Thread 6 estimated dimension 2 of 11 : 0.4971232330313116  | time taken : 6.218752145767212
 Thread 7 estimated dimension 0 of 11 : 0.7265442993415159  | time taken : 3.9229776859283447
 Thread 4 estimated dimension 1 of 11 : 0.32109212612864596  | time taken : 17.481186866760254
 Thread 2 estimated dimension 4 of 11 : 0.9609985028314558  | time taken : 1.4062879085540771
 Thread 1 estimated dimension 4 of 11 : 1  | time taken : 1.1794085502624512
 Thread 4 estimated dimension 2 of 11 : 1  | time taken : 1.8107073307037354
 Thread 4 estimated dimension 3 of 11 : 0.9802667040893601  | time taken : 1.1236624717712402
 Thread 4 estimated dimension 4 of 11 : 0.9922872790621519  | time taken : 1.0516836643218994
 Thread 7 estimated dimension 1 of 11 : 0.7022278581066939  | time taken : 5.711692810058594
 Thread 6 estimated dimension 3 of 11 : 0.5755659858958556  | time taken : 6.752092361450195
 Thread 6 estimated dimension 4 of 11 : 1  | time taken : 0.8394265174865723
 Thread 2 estimated dimension 5 of 11 : 0.42931168927586494  | time taken : 7.619267225265503
 Thread 1 estimated dimension 5 of 11 : 0.4369686955944239  | time taken : 8.228416204452515
 Thread 6 estimated dimension 5 of 11 : 0.9716658899931384  | time taken : 1.1765735149383545
 Thread 3 estimated dimension 3 of 11 : 0.42720870199138045  | time taken : 10.877248048782349
 Thread 2 estimated dimension 6 of 11 : 1  | time taken : 1.3698797225952148
 Thread 1 estimated dimension 6 of 11 : 1  | time taken : 0.6634094715118408
 Thread 2 estimated dimension 7 of 11 : 1  | time taken : 1.727221965789795
 Thread 1 estimated dimension 7 of 11 : 0.9830939852911457  | time taken : 1.8044514656066895
 Thread 4 estimated dimension 5 of 11 : 0.4290033798940262  | time taken : 7.877533912658691
 Thread 5 estimated dimension 0 of 11 : 0.2768164247767439  | time taken : 16.550155878067017
 Thread 4 estimated dimension 6 of 11 : 0.9620108203023554  | time taken : 1.0188441276550293
 Thread 7 estimated dimension 2 of 11 : 0.4889482063325935  | time taken : 8.094917297363281
 Thread 3 estimated dimension 4 of 11 : 0.6962771912970769  | time taken : 4.427167177200317
 Thread 4 estimated dimension 7 of 11 : 1  | time taken : 1.55399751663208
 Thread 5 estimated dimension 1 of 11 : 0.990922971543939  | time taken : 2.123401641845703
 Thread 3 estimated dimension 5 of 11 : 0.9807623838380257  | time taken : 2.050577402114868
 Thread 1 estimated dimension 8 of 11 : 0.6728123548228299  | time taken : 5.235170602798462
 Thread 6 estimated dimension 6 of 11 : 0.49026248463825345  | time taken : 8.069785833358765
 Thread 5 estimated dimension 2 of 11 : 0.9825686994788362  | time taken : 1.5240392684936523
 Thread 3 estimated dimension 6 of 11 : 1  | time taken : 1.402958631515503
 Thread 5 estimated dimension 3 of 11 : 0.9955345343968022  | time taken : 1.3906900882720947
 Thread 6 estimated dimension 7 of 11 : 1  | time taken : 1.8747682571411133
 Thread 5 estimated dimension 4 of 11 : 1  | time taken : 1.1910934448242188
 Thread 6 estimated dimension 8 of 11 : 0.9724531007635275  | time taken : 1.083303689956665
 Thread 4 estimated dimension 8 of 11 : 0.6891940266573612  | time taken : 5.252804756164551
 Thread 1 estimated dimension 9 of 11 : 0.6223498501877578  | time taken : 7.357188701629639
 Thread 7 estimated dimension 3 of 11 : 0.432221185114297  | time taken : 12.007797241210938
 Thread 4 estimated dimension 9 of 11 : 0.6284163741267058  | time taken : 7.367574691772461
 Thread 2 estimated dimension 8 of 11 : 0.3079252417084797  | time taken : 17.031368255615234
 Thread 3 estimated dimension 7 of 11 : 0.3842201715511696  | time taken : 11.423834800720215
 Thread 7 estimated dimension 4 of 11 : 0.6808515626959982  | time taken : 3.636871099472046
 Thread 2 estimated dimension 9 of 11 : 0.9691515274604028  | time taken : 1.395315408706665
 Thread 3 estimated dimension 8 of 11 : 1  | time taken : 1.069930076599121
 Thread 7 estimated dimension 5 of 11 : 1  | time taken : 1.3966946601867676
 Thread 1 estimated dimension 10 of 11 : 0.5073502426078377  | time taken : 6.6493425369262695
 Thread 2 estimated dimension 10 of 11 : 1  | time taken : 1.1650640964508057
 Thread 1 nsolns: 43752
 Thread 2 nsolns: 44498
 Thread 3 estimated dimension 9 of 11 : 0.997516801515276  | time taken : 1.3672170639038086
 Thread 7 estimated dimension 6 of 11 : 0.9857513209826891  | time taken : 1.4008781909942627
 Thread 5 estimated dimension 5 of 11 : 0.5778319580338703  | time taken : 12.059172630310059
 Thread 6 estimated dimension 9 of 11 : 0.377294392311796  | time taken : 12.234468698501587
 Thread 3 estimated dimension 10 of 11 : 1  | time taken : 1.0091168880462646
 Thread 3 nsolns: 44058
 Thread 6 estimated dimension 10 of 11 : 0.9861624449499984  | time taken : 1.5280859470367432
 Thread 6 nsolns: 44144
 Thread 4 estimated dimension 10 of 11 : 0.5155680411084823  | time taken : 7.440516948699951
 Thread 4 nsolns: 45455
 Thread 1 estimated dimension 0 of 11 : 0.732422546385001  | time taken : 4.808344841003418
 Thread 3 estimated dimension 0 of 11 : 0.715724556980633  | time taken : 4.514562368392944
 Thread 6 estimated dimension 0 of 11 : 0.7410199531873065  | time taken : 3.9350366592407227
 Thread 7 estimated dimension 7 of 11 : 0.6192553760871343  | time taken : 6.927716493606567
 Thread 4 estimated dimension 0 of 11 : 0.6985114231838023  | time taken : 3.7845680713653564
 Thread 5 estimated dimension 6 of 11 : 0.4943155483107444  | time taken : 7.694807767868042
 Thread 1 estimated dimension 1 of 11 : 0.6654754285828294  | time taken : 4.36132025718689
 Thread 7 estimated dimension 8 of 11 : 1  | time taken : 1.2503857612609863
 Thread 5 estimated dimension 7 of 11 : 0.987891077899317  | time taken : 1.259103536605835
 Thread 7 estimated dimension 9 of 11 : 0.9856633825712622  | time taken : 1.356076717376709
 Thread 5 estimated dimension 8 of 11 : 1  | time taken : 1.156554937362671
 Thread 3 estimated dimension 1 of 11 : 0.6699827992214014  | time taken : 4.6390907764434814
 Thread 6 estimated dimension 1 of 11 : 0.6777379441918112  | time taken : 4.704352855682373
 Thread 4 estimated dimension 1 of 11 : 0.6820639652336375  | time taken : 4.966728925704956
 Thread 2 estimated dimension 0 of 11 : 0.27670805571055557  | time taken : 16.979928970336914
 Thread 1 estimated dimension 2 of 11 : 0.4924589892627863  | time taken : 9.08213472366333
 Thread 2 estimated dimension 1 of 11 : 1  | time taken : 1.1476738452911377
 Thread 3 estimated dimension 2 of 11 : 0.4997609261743746  | time taken : 8.073721647262573
 Thread 2 estimated dimension 2 of 11 : 1  | time taken : 1.3913483619689941
 Thread 6 estimated dimension 2 of 11 : 0.5153680804482065  | time taken : 8.284285068511963
 Thread 7 estimated dimension 10 of 11 : 0.49163256837707925  | time taken : 10.20296597480774
 Thread 2 estimated dimension 3 of 11 : 0.957911617534003  | time taken : 1.371675968170166
 Thread 7 nsolns: 44212
 Thread 6 estimated dimension 3 of 11 : 0.9957043279139272  | time taken : 1.2823193073272705
 Thread 4 estimated dimension 2 of 11 : 0.4779320881952423  | time taken : 8.588741779327393
 Thread 2 estimated dimension 4 of 11 : 1  | time taken : 1.7795023918151855
 Thread 6 estimated dimension 4 of 11 : 0.9839423449022805  | time taken : 1.6131880283355713
 Thread 5 estimated dimension 9 of 11 : 0.3756663827769248  | time taken : 12.784902811050415
 Thread 1 estimated dimension 3 of 11 : 0.5704847242668569  | time taken : 7.327353000640869
 Thread 5 estimated dimension 10 of 11 : 0.9998182045533014  | time taken : 1.4601256847381592
 Thread 5 nsolns: 46036
 Thread 1 estimated dimension 4 of 11 : 0.9997589024929322  | time taken : 1.181758165359497
 Thread 7 estimated dimension 0 of 11 : 0.7248620311715804  | time taken : 5.863316297531128
 Thread 3 estimated dimension 3 of 11 : 0.5667004420293185  | time taken : 8.218463659286499
 Thread 1 estimated dimension 5 of 11 : 1  | time taken : 0.8856019973754883
 Thread 3 estimated dimension 4 of 11 : 0.9834982152759311  | time taken : 1.629918098449707
 Thread 3 estimated dimension 5 of 11 : 1  | time taken : 1.2641782760620117
 Thread 5 estimated dimension 0 of 11 : 0.7256719458240632  | time taken : 5.248358726501465
 Thread 7 estimated dimension 1 of 11 : 0.656967502957812  | time taken : 4.764299631118774
 Thread 4 estimated dimension 3 of 11 : 0.4236541116052529  | time taken : 10.952079057693481
 Thread 2 estimated dimension 5 of 11 : 0.5560209246273108  | time taken : 9.604409456253052
 Thread 6 estimated dimension 5 of 11 : 0.563014138331424  | time taken : 10.129982233047485
 Thread 5 estimated dimension 1 of 11 : 0.68134602086737  | time taken : 4.236863374710083
 Thread 3 estimated dimension 6 of 11 : 0.4912671145163301  | time taken : 4.882777452468872
 Thread 1 estimated dimension 6 of 11 : 0.5120273907561403  | time taken : 8.663333415985107
 Thread 3 estimated dimension 7 of 11 : 1  | time taken : 1.2800521850585938
 Thread 3 estimated dimension 8 of 11 : 0.9982607644465966  | time taken : 1.0802876949310303
 Thread 7 estimated dimension 2 of 11 : 0.4823156852671599  | time taken : 6.81149435043335
 Thread 6 estimated dimension 6 of 11 : 0.5016267586219753  | time taken : 7.017658710479736
 Thread 1 estimated dimension 7 of 11 : 0.603708993868249  | time taken : 5.2035651206970215
 Thread 6 estimated dimension 7 of 11 : 0.944998413695157  | time taken : 0.6277844905853271
 Thread 1 estimated dimension 8 of 11 : 0.9764126158506963  | time taken : 1.0987608432769775
 Thread 6 estimated dimension 8 of 11 : 1  | time taken : 1.2807090282440186
 Thread 2 estimated dimension 6 of 11 : 0.5057797873589208  | time taken : 10.804934024810791
 Thread 5 estimated dimension 2 of 11 : 0.48818462327207873  | time taken : 8.286914348602295
 Thread 1 estimated dimension 9 of 11 : 1  | time taken : 1.1239879131317139
 Thread 4 estimated dimension 4 of 11 : 0.318320014519184  | time taken : 13.124194383621216
 Thread 4 estimated dimension 5 of 11 : 1  | time taken : 1.2678260803222656
 Thread 4 estimated dimension 6 of 11 : 0.9774454727694594  | time taken : 1.2095987796783447
 Thread 3 estimated dimension 9 of 11 : 0.37381820187272347  | time taken : 10.87716817855835
 Thread 4 estimated dimension 7 of 11 : 0.9730552854122742  | time taken : 1.1933016777038574
 Thread 2 estimated dimension 7 of 11 : 0.6203591159703666  | time taken : 6.717787265777588
 Thread 7 estimated dimension 3 of 11 : 0.4303543713710112  | time taken : 11.737822771072388
 Thread 3 estimated dimension 10 of 11 : 0.9829448157998971  | time taken : 0.9790089130401611
 Thread 3 nsolns: 44144
 Thread 1 estimated dimension 10 of 11 : 0.5072157755775847  | time taken : 6.884950876235962
 Thread 1 nsolns: 43807
 Thread 2 estimated dimension 8 of 11 : 0.9669557763292725  | time taken : 1.676945447921753
 Thread 4 estimated dimension 8 of 11 : 0.9726259837401078  | time taken : 1.7560973167419434
 Thread 2 estimated dimension 9 of 11 : 1  | time taken : 1.1391634941101074
 Thread 4 estimated dimension 9 of 11 : 1  | time taken : 1.2928874492645264
 Thread 7 estimated dimension 4 of 11 : 0.7046715307480778  | time taken : 3.6243975162506104
 Thread 6 estimated dimension 9 of 11 : 0.3773000833174461  | time taken : 11.188332080841064
 Thread 5 estimated dimension 3 of 11 : 0.43306908414671563  | time taken : 10.839235067367554
 Thread 4 estimated dimension 10 of 11 : 0.9917319543462835  | time taken : 1.229454517364502
 Thread 3 estimated dimension 0 of 11 : 0.7282610009701231  | time taken : 4.373122453689575
 Thread 7 estimated dimension 5 of 11 : 1  | time taken : 1.2111091613769531
 Thread 4 nsolns: 44322
 Thread 1 estimated dimension 0 of 11 : 0.7220468286272143  | time taken : 3.957737922668457
 Thread 6 estimated dimension 10 of 11 : 1  | time taken : 1.1597390174865723
 Thread 6 nsolns: 43955
 Thread 7 estimated dimension 6 of 11 : 1  | time taken : 1.139714241027832
 Thread 2 estimated dimension 10 of 11 : 0.5044801850142081  | time taken : 6.476985931396484
 Thread 2 nsolns: 45699
 Thread 4 estimated dimension 0 of 11 : 0.7253384396426271  | time taken : 5.173180818557739
 Thread 1 estimated dimension 1 of 11 : 0.681506574071243  | time taken : 4.7600696086883545
 Thread 3 estimated dimension 1 of 11 : 0.6629582750568185  | time taken : 5.664872169494629
 Thread 6 estimated dimension 0 of 11 : 0.7129805727182766  | time taken : 4.981046438217163
 Thread 7 estimated dimension 7 of 11 : 0.6293573696864354  | time taken : 7.139441728591919
 Thread 2 estimated dimension 0 of 11 : 0.7288374575048137  | time taken : 5.0538482666015625
 Thread 4 estimated dimension 1 of 11 : 0.6774607897291465  | time taken : 4.441789627075195
 Thread 7 estimated dimension 8 of 11 : 1  | time taken : 1.1932787895202637
 Thread 6 estimated dimension 1 of 11 : 0.6835829664988203  | time taken : 4.207266330718994
 Thread 1 estimated dimension 2 of 11 : 0.4977805612502447  | time taken : 5.734383821487427
 Thread 7 estimated dimension 9 of 11 : 0.9549724682935193  | time taken : 1.2683846950531006
 Thread 5 estimated dimension 4 of 11 : 0.3152815419418226  | time taken : 12.506110191345215
 Thread 1 estimated dimension 3 of 11 : 0.9744291572103032  | time taken : 1.1362619400024414
 Thread 3 estimated dimension 2 of 11 : 0.4877484115111282  | time taken : 7.4906251430511475
 Thread 5 estimated dimension 5 of 11 : 0.9979397493842934  | time taken : 1.3604421615600586
 Thread 1 estimated dimension 4 of 11 : 0.9659765964185341  | time taken : 1.204880714416504
 Thread 5 estimated dimension 6 of 11 : 0.9669399665218907  | time taken : 1.5074748992919922
 Thread 2 estimated dimension 1 of 11 : 0.6510477043558454  | time taken : 5.740185499191284
 Thread 5 estimated dimension 7 of 11 : 1  | time taken : 1.535815715789795
 Thread 4 estimated dimension 2 of 11 : 0.5006342004605746  | time taken : 7.555443048477173
 Thread 5 estimated dimension 8 of 11 : 0.975429870817978  | time taken : 1.1209027767181396
 Thread 6 estimated dimension 2 of 11 : 0.5065404502082053  | time taken : 8.464958429336548
 Thread 5 estimated dimension 9 of 11 : 1  | time taken : 1.0874927043914795
 Thread 7 estimated dimension 10 of 11 : 0.4822029575551684  | time taken : 8.77652883529663
 Thread 7 nsolns: 44212
 Thread 5 estimated dimension 10 of 11 : 1  | time taken : 1.0971519947052002
 Thread 5 nsolns: 44322
 Thread 1 estimated dimension 5 of 11 : 0.42271258990808325  | time taken : 7.218933820724487
 Thread 1 estimated dimension 6 of 11 : 1  | time taken : 1.1937050819396973
 Thread 1 estimated dimension 7 of 11 : 0.9848148130384903  | time taken : 0.605332612991333
 Thread 2 estimated dimension 2 of 11 : 0.49168547591800826  | time taken : 7.96048641204834
 Thread 3 estimated dimension 3 of 11 : 0.42430485388638106  | time taken : 11.27529263496399
 Thread 7 estimated dimension 0 of 11 : 0.7208599023700945  | time taken : 4.055639266967773
 Thread 5 estimated dimension 0 of 11 : 0.7186187670072186  | time taken : 4.200692653656006
 Thread 4 estimated dimension 3 of 11 : 0.42512089880716253  | time taken : 11.58912992477417
 Thread 6 estimated dimension 3 of 11 : 0.4269002908137034  | time taken : 10.621676921844482
 Thread 7 estimated dimension 1 of 11 : 0.6729160626468141  | time taken : 5.335096597671509
 Thread 5 estimated dimension 1 of 11 : 0.6633130643823788  | time taken : 5.080633878707886
 Thread 2 estimated dimension 3 of 11 : 0.429808096195594  | time taken : 11.826293230056763
 Thread 7 estimated dimension 2 of 11 : 0.5086701352579078  | time taken : 5.800716400146484
 Thread 3 estimated dimension 4 of 11 : 0.31356269457881514  | time taken : 12.34712529182434
 Thread 5 estimated dimension 2 of 11 : 0.5062323291407187  | time taken : 6.217609882354736
 Thread 7 estimated dimension 3 of 11 : 0.9826121507979619  | time taken : 1.6425285339355469
 Thread 3 estimated dimension 5 of 11 : 0.981366566078443  | time taken : 1.5636680126190186
 Thread 1 estimated dimension 8 of 11 : 0.3042240569079254  | time taken : 14.839160442352295
 Thread 3 estimated dimension 6 of 11 : 1  | time taken : 1.446990728378296
 Thread 7 estimated dimension 4 of 11 : 0.9987623688776204  | time taken : 1.3749961853027344
 Thread 1 estimated dimension 9 of 11 : 0.9789760280071165  | time taken : 1.3837759494781494
 Thread 4 estimated dimension 4 of 11 : 0.3136167005900213  | time taken : 11.295698404312134
 Thread 3 estimated dimension 7 of 11 : 1  | time taken : 1.553206443786621
 Thread 1 estimated dimension 10 of 11 : 0.9708162817815291  | time taken : 1.4310534000396729
 Thread 1 nsolns: 44498
 Thread 4 estimated dimension 5 of 11 : 0.9981428437488388  | time taken : 1.078995943069458
 Thread 6 estimated dimension 4 of 11 : 0.31489397500696015  | time taken : 12.187956094741821
 Thread 3 estimated dimension 8 of 11 : 0.98503704063753  | time taken : 1.2207093238830566
 Thread 4 estimated dimension 6 of 11 : 1  | time taken : 1.3768391609191895
 Thread 5 estimated dimension 3 of 11 : 0.5511236745245186  | time taken : 6.897666931152344
 Thread 6 estimated dimension 5 of 11 : 1  | time taken : 1.5288026332855225
 Thread 3 estimated dimension 9 of 11 : 1  | time taken : 1.2272896766662598
 Thread 6 estimated dimension 6 of 11 : 1  | time taken : 1.29673433303833
 Thread 4 estimated dimension 7 of 11 : 0.9681349937712074  | time taken : 1.843738317489624
 Thread 5 estimated dimension 4 of 11 : 0.9895932165999182  | time taken : 1.8436059951782227
 Thread 3 estimated dimension 10 of 11 : 1  | time taken : 1.3439085483551025
 Thread 3 nsolns: 44322
 Thread 6 estimated dimension 7 of 11 : 1  | time taken : 1.503854751586914
 Thread 1 estimated dimension 0 of 11 : 0.7294204425322364  | time taken : 5.14531946182251
 Thread 5 estimated dimension 5 of 11 : 1  | time taken : 1.2941794395446777
 Thread 2 estimated dimension 4 of 11 : 0.31251921274253025  | time taken : 12.02736759185791
 Thread 4 estimated dimension 8 of 11 : 1  | time taken : 1.5823566913604736
 Thread 7 estimated dimension 5 of 11 : 0.4350270431164924  | time taken : 8.503837585449219
 Thread 6 estimated dimension 8 of 11 : 0.990790591631351  | time taken : 1.1318018436431885
 Thread 2 estimated dimension 5 of 11 : 1  | time taken : 1.7866027355194092
 Thread 4 estimated dimension 9 of 11 : 0.9943904130031708  | time taken : 1.9563169479370117
 Thread 6 estimated dimension 9 of 11 : 0.9648727958694502  | time taken : 1.8281478881835938
 Thread 7 estimated dimension 6 of 11 : 1  | time taken : 1.8337771892547607
 Thread 4 estimated dimension 10 of 11 : 1  | time taken : 1.1694591045379639
 Thread 2 estimated dimension 6 of 11 : 0.9835169181704783  | time taken : 1.4585707187652588
 Thread 4 nsolns: 44322
 Thread 6 estimated dimension 10 of 11 : 1  | time taken : 1.5506446361541748
 Thread 6 nsolns: 44322
 Thread 7 estimated dimension 7 of 11 : 0.9621392294660281  | time taken : 1.2970094680786133
 Thread 1 estimated dimension 1 of 11 : 0.6824652890585671  | time taken : 5.05947732925415
 Thread 2 estimated dimension 7 of 11 : 0.995503900430684  | time taken : 0.9207503795623779
 Thread 2 estimated dimension 8 of 11 : 1  | time taken : 1.13942289352417
 Thread 2 estimated dimension 9 of 11 : 1  | time taken : 0.7905247211456299
 Thread 2 estimated dimension 10 of 11 : 1  | time taken : 0.6172552108764648
 Thread 2 nsolns: 44322
 Thread 7 estimated dimension 8 of 11 : 0.6944718813482731  | time taken : 3.2993690967559814
 Thread 5 estimated dimension 6 of 11 : 0.5001573972954968  | time taken : 8.632241249084473
 Thread 1 estimated dimension 2 of 11 : 0.49947819698307944  | time taken : 5.527291297912598
 Thread 7 estimated dimension 9 of 11 : 0.6420612794118743  | time taken : 3.83209490776062
 Thread 5 estimated dimension 7 of 11 : 0.621136473749327  | time taken : 5.258636713027954
 Thread 1 estimated dimension 3 of 11 : 0.5534693932850624  | time taken : 4.386627197265625
 Thread 5 estimated dimension 8 of 11 : 0.9881391970039517  | time taken : 0.7164208889007568
 Thread 1 estimated dimension 4 of 11 : 1  | time taken : 0.683619499206543
 Thread 5 estimated dimension 9 of 11 : 1  | time taken : 1.0805644989013672
 Thread 1 estimated dimension 5 of 11 : 1  | time taken : 1.0573046207427979
 Thread 7 estimated dimension 10 of 11 : 0.4886633217189817  | time taken : 5.3477184772491455
 Thread 7 nsolns: 44046
 Thread 5 estimated dimension 10 of 11 : 0.5251309525238953  | time taken : 3.578521251678467
 Thread 5 nsolns: 43807
 Thread 1 estimated dimension 6 of 11 : 0.4878181269482507  | time taken : 5.039058208465576
 Thread 1 estimated dimension 7 of 11 : 0.6232459893405514  | time taken : 3.2542037963867188
 Thread 1 estimated dimension 8 of 11 : 0.9907795582578087  | time taken : 1.131239891052246
 Thread 1 estimated dimension 9 of 11 : 0.9949043988140827  | time taken : 1.0082616806030273
 Thread 1 estimated dimension 10 of 11 : 0.4746678215507612  | time taken : 5.182115077972412
 Thread 1 nsolns: 44101
 estimated weights : [0.02969036445805937, 0.029639026394332763, 0.02438722149962958, 0.029632875475033443, 0.025208791376841684, 0.02164527158399164, 0.028418648603329873, 0.024963580852730448, 0.03157602940450182, 0.025369714969308753, 0.025186923513372785, 0.025979242376107388, 0.031022776681220443, 0.02902992982797594, 0.030855384548264073, 0.020875177715979003, 0.02112913544657035, 0.025071971582837468, 0.036530285973421214, 0.020339105362714213, 0.029457122771936912, 0.024361383571309018, 0.021870856109267655, 0.029346425825868206, 0.024220047059527166, 0.028126992584334827, 0.02166237161836974, 0.025562552978024577, 0.024474887496855127, 0.021386709119867897, 0.01999772595314392, 0.031695276482747885, 0.0237876876056703, 0.02132866970971148, 0.02863575992077821, 0.018230270683098706, 0.034328777633997845, 0.02055516167908565, 0.0225506373082337, 0.027044801299838755, 0.020969743543311478, 0.02848082161977673, 0.022622312004925395, 0.0306391824644706, 0.020991096004398357, 0.023968843814615046, 0.03329136619659159, 0.02086075399740501, 0.024128373394710627, 0.022417005216571084, 0.029882993666390932, 0.02849648140184304, 0.023869961633812747, 0.020557987223134407, 0.021715404370069268, 0.028437359727278268, 0.0240685691495065, 0.020958011462033337, 0.0281715283971326, 0.025534493222805904, 0.022557644160531066, 0.020186527267893304, 0.031020426515518285, 0.027751894770167776, 0.030286934672776326, 0.03151683176958552, 0.03172676548860981, 0.03068364789745313, 0.022084489868110162, 0.021215449249165047, 0.01957646398171593]
