numSolutions: 82 k : 3217
13 82 0.02773500981126146 9.380863039399625e-05

 Thread 2 estimated dimension 0 of 13 : 0.6150269414974642  | time taken : 6.652192831039429
 Thread 1 estimated dimension 0 of 13 : 0.6084795336538972  | time taken : 7.326350688934326
 Thread 4 estimated dimension 0 of 13 : 0.6123444189674642  | time taken : 7.84028434753418
 Thread 5 estimated dimension 0 of 13 : 0.6294082845530489  | time taken : 7.7704551219940186
 Thread 6 estimated dimension 0 of 13 : 0.6191047366655057  | time taken : 8.814926624298096
 Thread 7 estimated dimension 0 of 13 : 0.3748351827971919  | time taken : 12.128992080688477
 Thread 3 estimated dimension 0 of 13 : 0.37512641722665485  | time taken : 13.374491214752197
 Thread 2 estimated dimension 1 of 13 : 0.5914448811768804  | time taken : 8.556495428085327
 Thread 4 estimated dimension 1 of 13 : 0.595883432445758  | time taken : 8.13496208190918
 Thread 5 estimated dimension 1 of 13 : 0.5912025332547132  | time taken : 8.699456691741943
 Thread 1 estimated dimension 1 of 13 : 0.4054318717561678  | time taken : 11.381711959838867
 Thread 7 estimated dimension 1 of 13 : 0.6853213544090522  | time taken : 7.892207860946655
 Thread 6 estimated dimension 1 of 13 : 0.40668069337695256  | time taken : 11.646209478378296
 Thread 3 estimated dimension 1 of 13 : 0.6940441151689011  | time taken : 7.125712633132935
 Thread 7 estimated dimension 2 of 13 : 1  | time taken : 1.205477237701416
 Thread 2 estimated dimension 2 of 13 : 0.6017673590909789  | time taken : 7.049416780471802
 Thread 3 estimated dimension 2 of 13 : 0.9708418616729032  | time taken : 2.019129991531372
 Thread 4 estimated dimension 2 of 13 : 0.5998963650868758  | time taken : 7.332643032073975
 Thread 5 estimated dimension 2 of 13 : 0.6084114332643599  | time taken : 7.868240833282471
 Thread 1 estimated dimension 2 of 13 : 0.6231076926308962  | time taken : 7.060405731201172
 Thread 2 estimated dimension 3 of 13 : 0.8218559837729187  | time taken : 4.2082624435424805
 Thread 4 estimated dimension 3 of 13 : 0.88130722370706  | time taken : 4.376750469207764
 Thread 5 estimated dimension 3 of 13 : 0.8394154850425186  | time taken : 3.9620556831359863
 Thread 4 estimated dimension 4 of 13 : 0.6887360483426913  | time taken : 6.773754835128784
 Thread 5 estimated dimension 4 of 13 : 0.6918657332392755  | time taken : 7.060513019561768
 Thread 1 estimated dimension 3 of 13 : 0.5564365940560926  | time taken : 10.668274879455566
 Thread 6 estimated dimension 2 of 13 : 0.376528152356293  | time taken : 15.959361791610718
 Thread 7 estimated dimension 3 of 13 : 0.37300996837244743  | time taken : 16.290107488632202
 Thread 3 estimated dimension 3 of 13 : 0.3703402114461595  | time taken : 19.32884120941162
 Thread 6 estimated dimension 3 of 13 : 0.7077545952949119  | time taken : 9.188544511795044
 Thread 2 estimated dimension 4 of 13 : 0.29549189879170673  | time taken : 19.75114941596985
 Thread 4 estimated dimension 5 of 13 : 0.6170908431551781  | time taken : 10.895199298858643
 Thread 3 estimated dimension 4 of 13 : 0.7051147298781317  | time taken : 5.566971302032471
 Thread 1 estimated dimension 4 of 13 : 0.6174165638682622  | time taken : 12.082621335983276
 Thread 1 estimated dimension 5 of 13 : 1  | time taken : 1.5657708644866943
 Thread 5 estimated dimension 5 of 13 : 0.3699797782786139  | time taken : 18.76347851753235
 Thread 4 estimated dimension 6 of 13 : 0.564998861097988  | time taken : 9.461991786956787
 Thread 4 estimated dimension 7 of 13 : 0.9847798146285779  | time taken : 1.321300983428955
 Thread 6 estimated dimension 4 of 13 : 0.5444535426022417  | time taken : 11.443857431411743
 Thread 6 estimated dimension 5 of 13 : 1  | time taken : 1.4728920459747314
 Thread 1 estimated dimension 6 of 13 : 0.4926920492756995  | time taken : 8.637935638427734
 Thread 2 estimated dimension 5 of 13 : 0.3616666893028177  | time taken : 13.784146547317505
 Thread 1 estimated dimension 7 of 13 : 1  | time taken : 1.8185079097747803
 Thread 3 estimated dimension 5 of 13 : 0.37052234839940384  | time taken : 15.225572347640991
 Thread 3 estimated dimension 6 of 13 : 0.977501014939211  | time taken : 1.0423824787139893
 Thread 7 estimated dimension 4 of 13 : 0.26783925304982975  | time taken : 28.150639295578003
 Thread 2 estimated dimension 6 of 13 : 0.5022851715495441  | time taken : 8.48574447631836
 Thread 4 estimated dimension 8 of 13 : 0.5023704282149228  | time taken : 12.068079948425293
 Thread 5 estimated dimension 6 of 13 : 0.37778242522554634  | time taken : 15.813712358474731
 Thread 2 estimated dimension 7 of 13 : 1  | time taken : 1.3810489177703857
 Thread 5 estimated dimension 7 of 13 : 0.9974990249896067  | time taken : 1.5319886207580566
 Thread 2 estimated dimension 8 of 13 : 0.9987180909421395  | time taken : 1.3985302448272705
 Thread 6 estimated dimension 6 of 13 : 0.5082803673209806  | time taken : 13.204479932785034
 Thread 3 estimated dimension 7 of 13 : 0.502887462131436  | time taken : 8.351600646972656
 Thread 5 estimated dimension 8 of 13 : 0.9931732750517078  | time taken : 1.364248514175415
 Thread 1 estimated dimension 8 of 13 : 0.5070740910381735  | time taken : 11.905954599380493
 Thread 2 estimated dimension 9 of 13 : 1  | time taken : 1.8388299942016602
 Thread 3 estimated dimension 8 of 13 : 1  | time taken : 2.0993711948394775
 Thread 5 estimated dimension 9 of 13 : 1  | time taken : 1.872192621231079
 Thread 1 estimated dimension 9 of 13 : 1  | time taken : 1.9223787784576416
 Thread 2 estimated dimension 10 of 13 : 1  | time taken : 1.816415548324585
 Thread 3 estimated dimension 9 of 13 : 0.9668319513397485  | time taken : 1.8508265018463135
 Thread 5 estimated dimension 10 of 13 : 0.9760447123556995  | time taken : 1.7871203422546387
 Thread 3 estimated dimension 10 of 13 : 0.9987343989100232  | time taken : 1.6371936798095703
 Thread 7 estimated dimension 5 of 13 : 0.38734150801460254  | time taken : 15.128673791885376
 Thread 3 estimated dimension 11 of 13 : 0.9869507237546734  | time taken : 1.752234935760498
 Thread 7 estimated dimension 6 of 13 : 1  | time taken : 1.6517999172210693
 Thread 7 estimated dimension 7 of 13 : 1  | time taken : 1.4309008121490479
 Thread 7 estimated dimension 8 of 13 : 1  | time taken : 1.1630308628082275
 Thread 5 estimated dimension 11 of 13 : 0.6199166753430798  | time taken : 8.01317286491394
 Thread 6 estimated dimension 7 of 13 : 0.3851587782268179  | time taken : 14.00159215927124
 Thread 7 estimated dimension 9 of 13 : 1  | time taken : 2.00517201423645
 Thread 2 estimated dimension 11 of 13 : 0.47585442260275546  | time taken : 12.057823896408081
 Thread 6 estimated dimension 8 of 13 : 0.9957558033349058  | time taken : 1.5409290790557861
 Thread 7 estimated dimension 10 of 13 : 0.9722718443083926  | time taken : 1.7980594635009766
 Thread 2 estimated dimension 12 of 13 : 0.986553923044879  | time taken : 1.943587064743042
 Thread 6 estimated dimension 9 of 13 : 0.987683128487615  | time taken : 2.062329053878784
 Thread 1 estimated dimension 10 of 13 : 0.367027064706959  | time taken : 15.115716218948364
 Thread 2 nsolns: 68637
 Thread 3 estimated dimension 12 of 13 : 0.48196111529929714  | time taken : 10.128363132476807
 Thread 3 nsolns: 67463
 Thread 7 estimated dimension 11 of 13 : 0.9955237900160596  | time taken : 1.4528753757476807
 Thread 6 estimated dimension 10 of 13 : 0.9942115043802181  | time taken : 1.7649638652801514
 Thread 1 estimated dimension 11 of 13 : 1  | time taken : 1.7630703449249268
 Thread 7 estimated dimension 12 of 13 : 1  | time taken : 1.500458002090454
 Thread 4 estimated dimension 9 of 13 : 0.2617081547283864  | time taken : 25.262688398361206
 Thread 7 nsolns: 68051
 Thread 1 estimated dimension 12 of 13 : 0.9955643006447802  | time taken : 2.0548079013824463
 Thread 6 estimated dimension 11 of 13 : 0.9881334112761028  | time taken : 1.756150484085083
 Thread 1 nsolns: 66853
 Thread 4 estimated dimension 10 of 13 : 1  | time taken : 1.2734668254852295
 Thread 6 estimated dimension 12 of 13 : 1  | time taken : 1.5665614604949951
 Thread 6 nsolns: 66420
 Thread 5 estimated dimension 12 of 13 : 0.48450948354201806  | time taken : 11.976951599121094
 Thread 4 estimated dimension 11 of 13 : 1  | time taken : 1.3178603649139404
 Thread 5 nsolns: 66143
 Thread 4 estimated dimension 12 of 13 : 0.9811794877480932  | time taken : 1.3881547451019287
 Thread 4 nsolns: 66600
 Thread 3 estimated dimension 0 of 13 : 0.6225817571469705  | time taken : 8.211746454238892
 Thread 7 estimated dimension 0 of 13 : 0.6249779696116136  | time taken : 6.463125705718994
 Thread 1 estimated dimension 0 of 13 : 0.6191037174150528  | time taken : 8.476396799087524
 Thread 5 estimated dimension 0 of 13 : 0.6252710883058731  | time taken : 7.5760862827301025
 Thread 6 estimated dimension 0 of 13 : 0.6190578360498247  | time taken : 8.569881439208984
 Thread 2 estimated dimension 0 of 13 : 0.36757424717839704  | time taken : 15.969364643096924
 Thread 3 estimated dimension 1 of 13 : 0.5938484636879702  | time taken : 10.080170392990112
 Thread 7 estimated dimension 1 of 13 : 0.40303496969635216  | time taken : 12.89017915725708
 Thread 1 estimated dimension 1 of 13 : 0.6086606740931413  | time taken : 10.562507152557373
 Thread 4 estimated dimension 0 of 13 : 0.3715778404935855  | time taken : 15.328538179397583
 Thread 6 estimated dimension 1 of 13 : 0.5870127585459721  | time taken : 9.451536655426025
 Thread 2 estimated dimension 1 of 13 : 0.6805074877697704  | time taken : 9.401976108551025
 Thread 2 estimated dimension 2 of 13 : 1  | time taken : 1.387563705444336
 Thread 3 estimated dimension 2 of 13 : 0.596956640607464  | time taken : 7.358240842819214
 Thread 5 estimated dimension 1 of 13 : 0.405458719007099  | time taken : 13.235826015472412
 Thread 1 estimated dimension 2 of 13 : 0.5881453898518558  | time taken : 6.667332649230957
 Thread 3 estimated dimension 3 of 13 : 0.8477958178096066  | time taken : 3.471369981765747
 Thread 6 estimated dimension 2 of 13 : 0.5861412484211199  | time taken : 7.685967922210693
 Thread 1 estimated dimension 3 of 13 : 0.86955519806376  | time taken : 2.518123149871826
 Thread 2 estimated dimension 3 of 13 : 0.619823105245057  | time taken : 6.904502868652344
 Thread 5 estimated dimension 2 of 13 : 0.6301212501347686  | time taken : 5.668974161148071
 Thread 6 estimated dimension 3 of 13 : 0.8576398388760608  | time taken : 3.529402732849121
 Thread 2 estimated dimension 4 of 13 : 0.99474027807013  | time taken : 1.302889347076416
 Thread 3 estimated dimension 4 of 13 : 0.7237213245937468  | time taken : 5.462439060211182
 Thread 7 estimated dimension 2 of 13 : 0.37377024287615873  | time taken : 14.092779159545898
 Thread 1 estimated dimension 4 of 13 : 0.7073892373936181  | time taken : 6.4759438037872314
 Thread 4 estimated dimension 1 of 13 : 0.30709617049007587  | time taken : 15.875128030776978
 Thread 4 estimated dimension 2 of 13 : 1  | time taken : 1.3068628311157227
 Thread 5 estimated dimension 3 of 13 : 0.5422296419414464  | time taken : 8.973832368850708
 Thread 7 estimated dimension 3 of 13 : 0.7184961118904551  | time taken : 5.516833305358887
 Thread 3 estimated dimension 5 of 13 : 0.6319784946102949  | time taken : 6.299193859100342
 Thread 2 estimated dimension 5 of 13 : 0.6268666209268244  | time taken : 7.2582621574401855
 Thread 6 estimated dimension 4 of 13 : 0.29514035268946065  | time taken : 14.399003982543945
 Thread 4 estimated dimension 3 of 13 : 0.5652748489494922  | time taken : 9.177531957626343
 Thread 2 estimated dimension 6 of 13 : 0.5789451177863976  | time taken : 7.922193288803101
 Thread 2 estimated dimension 7 of 13 : 1  | time taken : 1.2288436889648438
 Thread 1 estimated dimension 5 of 13 : 0.3811802261370311  | time taken : 13.451236486434937
 Thread 3 estimated dimension 6 of 13 : 0.42602455791909655  | time taken : 11.19637942314148
 Thread 7 estimated dimension 4 of 13 : 0.5387479583288037  | time taken : 11.738954782485962
 Thread 5 estimated dimension 4 of 13 : 0.39962679936395806  | time taken : 12.33134126663208
 Thread 7 estimated dimension 5 of 13 : 1  | time taken : 1.4169960021972656
 Thread 5 estimated dimension 5 of 13 : 0.9901297071763393  | time taken : 1.6333699226379395
 Thread 4 estimated dimension 4 of 13 : 0.5718306683881076  | time taken : 8.503190279006958
 Thread 3 estimated dimension 7 of 13 : 0.7137660614127337  | time taken : 5.714975595474243
 Thread 4 estimated dimension 5 of 13 : 1  | time taken : 1.549910306930542
 Thread 2 estimated dimension 8 of 13 : 0.48931660822885287  | time taken : 8.810559749603271
 Thread 4 estimated dimension 6 of 13 : 0.97336363663352  | time taken : 0.7110517024993896
 Thread 5 estimated dimension 6 of 13 : 0.6232998379055145  | time taken : 6.091477155685425
 Thread 6 estimated dimension 5 of 13 : 0.3608857957362352  | time taken : 14.777612924575806
 Thread 1 estimated dimension 6 of 13 : 0.36681172466233936  | time taken : 15.300394773483276
 Thread 7 estimated dimension 6 of 13 : 0.5186639558484575  | time taken : 11.611134767532349
 Thread 1 estimated dimension 7 of 13 : 0.9791163732145649  | time taken : 2.0496716499328613
 Thread 3 estimated dimension 8 of 13 : 0.5019586805732935  | time taken : 11.059435606002808
 Thread 1 estimated dimension 8 of 13 : 1  | time taken : 1.1910350322723389
 Thread 3 estimated dimension 9 of 13 : 1  | time taken : 1.2304742336273193
 Thread 5 estimated dimension 7 of 13 : 0.4957377381461544  | time taken : 9.89504337310791
 Thread 6 estimated dimension 6 of 13 : 0.498192901074829  | time taken : 8.543816089630127
 Thread 1 estimated dimension 9 of 13 : 0.9862313469619606  | time taken : 1.2643098831176758
 Thread 2 estimated dimension 9 of 13 : 0.5039730949538997  | time taken : 11.846541166305542
 Thread 1 estimated dimension 10 of 13 : 1  | time taken : 2.0446865558624268
 Thread 6 estimated dimension 7 of 13 : 0.990157000718838  | time taken : 2.1553826332092285
 Thread 4 estimated dimension 7 of 13 : 0.37360613548809357  | time taken : 14.320810079574585
 Thread 6 estimated dimension 8 of 13 : 1  | time taken : 2.046614408493042
 Thread 4 estimated dimension 8 of 13 : 1  | time taken : 1.8816428184509277
 Thread 6 estimated dimension 9 of 13 : 0.9706216662557144  | time taken : 1.1786940097808838
 Thread 7 estimated dimension 7 of 13 : 0.3736604223980885  | time taken : 11.89661693572998
 Thread 6 estimated dimension 10 of 13 : 0.953894331998582  | time taken : 1.4995057582855225
 Thread 7 estimated dimension 8 of 13 : 1  | time taken : 1.7603836059570312
 Thread 2 estimated dimension 10 of 13 : 0.6089034493798716  | time taken : 8.476359367370605
 Thread 7 estimated dimension 9 of 13 : 0.9891274464296881  | time taken : 1.2489044666290283
 Thread 5 estimated dimension 8 of 13 : 0.4949701263063067  | time taken : 10.43272089958191
 Thread 2 estimated dimension 11 of 13 : 0.9930736588297987  | time taken : 1.2244558334350586
 Thread 5 estimated dimension 9 of 13 : 1  | time taken : 1.8095426559448242
 Thread 7 estimated dimension 10 of 13 : 1  | time taken : 1.8427190780639648
 Thread 3 estimated dimension 10 of 13 : 0.37413834411257285  | time taken : 12.757140398025513
 Thread 7 estimated dimension 11 of 13 : 0.993408553749862  | time taken : 1.5397558212280273
 Thread 3 estimated dimension 11 of 13 : 0.9932581279387093  | time taken : 2.2941505908966064
 Thread 5 estimated dimension 10 of 13 : 1  | time taken : 2.228180170059204
 Thread 7 estimated dimension 12 of 13 : 0.9954410633152526  | time taken : 1.8330049514770508
 Thread 5 estimated dimension 11 of 13 : 1  | time taken : 1.2674665451049805
 Thread 3 estimated dimension 12 of 13 : 1  | time taken : 1.868873119354248
 Thread 4 estimated dimension 9 of 13 : 0.49138029977229986  | time taken : 11.319740056991577
 Thread 7 nsolns: 66420
 Thread 3 nsolns: 66117
 Thread 4 estimated dimension 10 of 13 : 0.994009807349807  | time taken : 0.937769889831543
 Thread 6 estimated dimension 11 of 13 : 0.5049664029010321  | time taken : 9.352733135223389
 Thread 5 estimated dimension 12 of 13 : 0.9478779427664985  | time taken : 1.6618852615356445
 Thread 1 estimated dimension 11 of 13 : 0.3722333239797847  | time taken : 16.184337615966797
 Thread 5 nsolns: 66515
 Thread 2 estimated dimension 12 of 13 : 0.5158745610969437  | time taken : 8.90920114517212
 Thread 6 estimated dimension 12 of 13 : 0.9988739582587293  | time taken : 1.8320658206939697
 Thread 4 estimated dimension 11 of 13 : 0.9875056480426393  | time taken : 2.18648624420166
 Thread 2 nsolns: 66302
 Thread 6 nsolns: 68376
 Thread 1 estimated dimension 12 of 13 : 0.9947995148927893  | time taken : 2.457913398742676
 Thread 1 nsolns: 66115
 Thread 4 estimated dimension 12 of 13 : 1  | time taken : 2.3285911083221436
 Thread 4 nsolns: 67732
 Thread 3 estimated dimension 0 of 13 : 0.6059320187639764  | time taken : 8.167328596115112
 Thread 5 estimated dimension 0 of 13 : 0.6038174806385932  | time taken : 8.724101781845093
 Thread 2 estimated dimension 0 of 13 : 0.6160708751817409  | time taken : 8.27765417098999
 Thread 1 estimated dimension 0 of 13 : 0.6108909662550016  | time taken : 8.25948429107666
 Thread 7 estimated dimension 0 of 13 : 0.381292112385843  | time taken : 14.573277950286865
 Thread 3 estimated dimension 1 of 13 : 0.5808256195172306  | time taken : 8.018409967422485
 Thread 6 estimated dimension 0 of 13 : 0.3777703344270548  | time taken : 14.504873991012573
 Thread 4 estimated dimension 0 of 13 : 0.37274828507728647  | time taken : 13.256709575653076
 Thread 2 estimated dimension 1 of 13 : 0.5880182449047048  | time taken : 8.083258867263794
 Thread 5 estimated dimension 1 of 13 : 0.40658772415333144  | time taken : 10.81640338897705
 Thread 7 estimated dimension 1 of 13 : 0.6896407689000297  | time taken : 6.965759038925171
 Thread 1 estimated dimension 1 of 13 : 0.40413348209586697  | time taken : 9.605879068374634
 Thread 7 estimated dimension 2 of 13 : 1  | time taken : 1.4402427673339844
 Thread 3 estimated dimension 2 of 13 : 0.6067030752238088  | time taken : 7.075075626373291
 Thread 6 estimated dimension 1 of 13 : 0.6851749119150109  | time taken : 6.585125923156738
 Thread 6 estimated dimension 2 of 13 : 1  | time taken : 1.1907219886779785
 Thread 4 estimated dimension 1 of 13 : 0.6698940940681231  | time taken : 7.106033802032471
 Thread 3 estimated dimension 3 of 13 : 0.8234883535339028  | time taken : 3.4422059059143066
 Thread 2 estimated dimension 2 of 13 : 0.6139927465239478  | time taken : 7.012097120285034
 Thread 5 estimated dimension 2 of 13 : 0.6156265028685561  | time taken : 6.5901548862457275
 Thread 4 estimated dimension 2 of 13 : 1  | time taken : 1.328519582748413
 Thread 1 estimated dimension 2 of 13 : 0.6141065616182252  | time taken : 6.062792062759399
 Thread 7 estimated dimension 3 of 13 : 0.6196164026157308  | time taken : 6.654046535491943
 Thread 7 estimated dimension 4 of 13 : 1  | time taken : 1.687204122543335
 Thread 2 estimated dimension 3 of 13 : 0.8605716263228212  | time taken : 4.547099590301514
 Thread 4 estimated dimension 3 of 13 : 0.6140635400774819  | time taken : 8.361976146697998
 Thread 5 estimated dimension 3 of 13 : 0.5613257456090462  | time taken : 10.75204586982727
 Thread 4 estimated dimension 4 of 13 : 1  | time taken : 1.27337646484375
 Thread 1 estimated dimension 3 of 13 : 0.5567718945760993  | time taken : 9.78403639793396
 Thread 2 estimated dimension 4 of 13 : 0.7037764707854856  | time taken : 6.8770129680633545
 Thread 7 estimated dimension 5 of 13 : 0.6260130662058887  | time taken : 7.492235898971558
 Thread 6 estimated dimension 3 of 13 : 0.37536908778579364  | time taken : 16.631970405578613
 Thread 3 estimated dimension 4 of 13 : 0.2883313218988219  | time taken : 16.909583806991577
 Thread 5 estimated dimension 4 of 13 : 0.6104180758271599  | time taken : 6.354383230209351
 Thread 2 estimated dimension 5 of 13 : 0.6179521384483633  | time taken : 6.35904335975647
 Thread 5 estimated dimension 5 of 13 : 1  | time taken : 1.9881820678710938
 Thread 1 estimated dimension 4 of 13 : 0.6021071117532304  | time taken : 8.954102039337158
 Thread 7 estimated dimension 6 of 13 : 0.5733061135987266  | time taken : 8.798975229263306
 Thread 1 estimated dimension 5 of 13 : 1  | time taken : 1.9458539485931396
 Thread 7 estimated dimension 7 of 13 : 0.9904850062974313  | time taken : 1.585296392440796
 Thread 3 estimated dimension 5 of 13 : 0.6332880056184618  | time taken : 5.88945746421814
 Thread 4 estimated dimension 5 of 13 : 0.3760847678632293  | time taken : 13.921562194824219
 Thread 2 estimated dimension 6 of 13 : 0.4153609649767472  | time taken : 10.674944639205933
 Thread 5 estimated dimension 6 of 13 : 0.4982840721434674  | time taken : 9.504734754562378
 Thread 7 estimated dimension 8 of 13 : 0.4928193340806042  | time taken : 7.524512529373169
 Thread 4 estimated dimension 6 of 13 : 0.6311621156773974  | time taken : 5.534611225128174
 Thread 5 estimated dimension 7 of 13 : 0.9946456878567089  | time taken : 1.341825246810913
 Thread 1 estimated dimension 6 of 13 : 0.5007225010746248  | time taken : 10.658643960952759
 Thread 1 estimated dimension 7 of 13 : 0.9760936978232296  | time taken : 1.6007564067840576
 Thread 6 estimated dimension 4 of 13 : 0.2690490492853398  | time taken : 20.2260799407959
 Thread 3 estimated dimension 6 of 13 : 0.29662826689779065  | time taken : 17.478095054626465
 Thread 3 estimated dimension 7 of 13 : 1  | time taken : 1.1368589401245117
 Thread 7 estimated dimension 9 of 13 : 0.5041689039266357  | time taken : 12.784858703613281
 Thread 5 estimated dimension 8 of 13 : 0.5052988638165212  | time taken : 12.181997299194336
 Thread 6 estimated dimension 5 of 13 : 0.6102609887240347  | time taken : 8.460229635238647
 Thread 5 estimated dimension 9 of 13 : 0.9555141665955204  | time taken : 1.6346361637115479
 Thread 4 estimated dimension 7 of 13 : 0.4790099169814428  | time taken : 15.17706823348999
 Thread 6 estimated dimension 6 of 13 : 0.9985277084395169  | time taken : 1.8195111751556396
 Thread 1 estimated dimension 8 of 13 : 0.5170676988996863  | time taken : 11.071766376495361
 Thread 2 estimated dimension 7 of 13 : 0.29865370125135837  | time taken : 17.75652813911438
 Thread 4 estimated dimension 8 of 13 : 1  | time taken : 1.2342123985290527
 Thread 6 estimated dimension 7 of 13 : 0.9650114674712098  | time taken : 1.6864254474639893
 Thread 1 estimated dimension 9 of 13 : 1  | time taken : 2.085672378540039
 Thread 3 estimated dimension 8 of 13 : 0.5092773930277222  | time taken : 7.390052318572998
 Thread 7 estimated dimension 10 of 13 : 0.6154810900593498  | time taken : 6.98735237121582
 Thread 3 estimated dimension 9 of 13 : 0.9928723368687205  | time taken : 1.0515620708465576
 Thread 7 estimated dimension 11 of 13 : 0.9869732422781735  | time taken : 1.7309060096740723
 Thread 3 estimated dimension 10 of 13 : 0.9725915275113769  | time taken : 1.4045860767364502
 Thread 3 estimated dimension 11 of 13 : 1  | time taken : 1.0639967918395996
 Thread 4 estimated dimension 9 of 13 : 0.6046994695457588  | time taken : 7.3340795040130615
 Thread 3 estimated dimension 12 of 13 : 0.9757630475892457  | time taken : 1.4305205345153809
 Thread 3 nsolns: 68877
 Thread 2 estimated dimension 8 of 13 : 0.49434287422686  | time taken : 9.956131219863892
 Thread 6 estimated dimension 8 of 13 : 0.5001153801264797  | time taken : 8.785964488983154
 Thread 2 estimated dimension 9 of 13 : 1  | time taken : 1.1178052425384521
 Thread 6 estimated dimension 9 of 13 : 0.9705644281994084  | time taken : 1.3182532787322998
 Thread 7 estimated dimension 12 of 13 : 0.5300867135906006  | time taken : 6.201547145843506
 Thread 7 nsolns: 66302
 Thread 2 estimated dimension 10 of 13 : 0.9743097159034609  | time taken : 1.2893445491790771
 Thread 6 estimated dimension 10 of 13 : 0.994053564469308  | time taken : 0.708388090133667
 Thread 5 estimated dimension 10 of 13 : 0.3854684274951583  | time taken : 14.574822425842285
 Thread 6 estimated dimension 11 of 13 : 0.9787278977593104  | time taken : 1.3075249195098877
 Thread 1 estimated dimension 10 of 13 : 0.378737740182453  | time taken : 12.758660316467285
 Thread 2 estimated dimension 11 of 13 : 1  | time taken : 2.1253066062927246
 Thread 5 estimated dimension 11 of 13 : 0.9886358650523384  | time taken : 1.7004663944244385
 Thread 4 estimated dimension 10 of 13 : 0.5137724199819144  | time taken : 7.622375726699829
 Thread 6 estimated dimension 12 of 13 : 0.9878129293491599  | time taken : 1.01582932472229
 Thread 6 nsolns: 68145
 Thread 1 estimated dimension 11 of 13 : 0.9936839854505235  | time taken : 1.363687515258789
 Thread 3 estimated dimension 0 of 13 : 0.6273693784988184  | time taken : 6.423243522644043
 Thread 2 estimated dimension 12 of 13 : 1  | time taken : 1.606412410736084
 Thread 2 nsolns: 67218
 Thread 5 estimated dimension 12 of 13 : 0.9974834110110326  | time taken : 1.8146967887878418
 Thread 5 nsolns: 66786
 Thread 4 estimated dimension 11 of 13 : 1  | time taken : 2.0846035480499268
 Thread 1 estimated dimension 12 of 13 : 1  | time taken : 2.4513907432556152
 Thread 1 nsolns: 66786
 Thread 4 estimated dimension 12 of 13 : 1  | time taken : 1.8727686405181885
 Thread 4 nsolns: 66307
 Thread 6 estimated dimension 0 of 13 : 0.6099273661236709  | time taken : 7.427452325820923
 Thread 7 estimated dimension 0 of 13 : 0.37527916892805074  | time taken : 11.905086040496826
 Thread 3 estimated dimension 1 of 13 : 0.6022156435857794  | time taken : 9.08954405784607
 Thread 4 estimated dimension 0 of 13 : 0.6118310901586791  | time taken : 6.291710138320923
 Thread 2 estimated dimension 0 of 13 : 0.3750289362984914  | time taken : 12.465988874435425
 Thread 5 estimated dimension 0 of 13 : 0.3753317710281319  | time taken : 12.003650188446045
 Thread 6 estimated dimension 1 of 13 : 0.6041478868986643  | time taken : 6.594533205032349
 Thread 7 estimated dimension 1 of 13 : 0.6862406071974064  | time taken : 6.468405723571777
 Thread 1 estimated dimension 0 of 13 : 0.37814603531280466  | time taken : 11.462296962738037
 Thread 3 estimated dimension 2 of 13 : 0.5985183406570013  | time taken : 5.335031509399414
 Thread 7 estimated dimension 2 of 13 : 0.9986238010085263  | time taken : 1.4857850074768066
 Thread 4 estimated dimension 1 of 13 : 0.5962154465293363  | time taken : 7.1367409229278564
 Thread 3 estimated dimension 3 of 13 : 0.8496728182244977  | time taken : 3.411600112915039
 Thread 2 estimated dimension 1 of 13 : 0.6806374402822536  | time taken : 6.4494404792785645
 Thread 5 estimated dimension 1 of 13 : 0.6893322232225809  | time taken : 6.859544515609741
 Thread 2 estimated dimension 2 of 13 : 0.990702334672136  | time taken : 0.9896516799926758
 Thread 1 estimated dimension 1 of 13 : 0.6791511672148116  | time taken : 6.703308582305908
 Thread 5 estimated dimension 2 of 13 : 0.9990713810809537  | time taken : 1.306565761566162
 Thread 1 estimated dimension 2 of 13 : 0.9684854600695686  | time taken : 1.6704957485198975
 Thread 3 estimated dimension 4 of 13 : 0.7083598129575388  | time taken : 4.769677400588989
 Thread 4 estimated dimension 2 of 13 : 0.5961921196926102  | time taken : 5.528910398483276
 Thread 2 estimated dimension 3 of 13 : 0.62776336949271  | time taken : 5.97821831703186
 Thread 4 estimated dimension 3 of 13 : 0.839879881969711  | time taken : 3.5906221866607666
 Thread 6 estimated dimension 2 of 13 : 0.40873644807315485  | time taken : 14.101054906845093
 Thread 7 estimated dimension 3 of 13 : 0.37071330764848115  | time taken : 12.171296119689941
 Thread 2 estimated dimension 4 of 13 : 0.992242707263262  | time taken : 1.338914155960083
 Thread 1 estimated dimension 3 of 13 : 0.6286160123024541  | time taken : 6.005048990249634
 Thread 1 estimated dimension 4 of 13 : 1  | time taken : 1.6363646984100342
 Thread 4 estimated dimension 4 of 13 : 0.7115265913563672  | time taken : 5.026883840560913
 Thread 5 estimated dimension 3 of 13 : 0.3690175385949618  | time taken : 12.283427000045776
 Thread 6 estimated dimension 3 of 13 : 0.7000648168596098  | time taken : 6.266428470611572
 Thread 3 estimated dimension 5 of 13 : 0.3733927044948855  | time taken : 12.169348239898682
 Thread 2 estimated dimension 5 of 13 : 0.6061770534449534  | time taken : 7.372130870819092
 Thread 5 estimated dimension 4 of 13 : 0.7279062768944783  | time taken : 5.0456321239471436
 Thread 3 estimated dimension 6 of 13 : 0.6349664412189643  | time taken : 4.829650163650513
 Thread 6 estimated dimension 4 of 13 : 0.5505314360702303  | time taken : 6.71473503112793
 Thread 4 estimated dimension 5 of 13 : 0.3702304978815483  | time taken : 11.114925384521484
 Thread 1 estimated dimension 5 of 13 : 0.3716301650613627  | time taken : 11.843345403671265
 Thread 5 estimated dimension 5 of 13 : 0.6287112778491649  | time taken : 5.150278329849243
 Thread 2 estimated dimension 6 of 13 : 0.4252265086042248  | time taken : 8.654425859451294
 Thread 5 estimated dimension 6 of 13 : 1  | time taken : 1.3635833263397217
 Thread 7 estimated dimension 4 of 13 : 0.26684746748019106  | time taken : 18.439427375793457
 Thread 4 estimated dimension 6 of 13 : 0.6347951077452822  | time taken : 4.841823101043701
 Thread 1 estimated dimension 6 of 13 : 0.6415135385947509  | time taken : 4.568561553955078
 Thread 6 estimated dimension 5 of 13 : 0.5044271768900012  | time taken : 6.927113771438599
 Thread 5 estimated dimension 7 of 13 : 0.7162268566326775  | time taken : 4.491262674331665
 Thread 3 estimated dimension 7 of 13 : 0.482924600420131  | time taken : 10.095491886138916
 Thread 3 estimated dimension 8 of 13 : 1  | time taken : 1.3718626499176025
 Thread 7 estimated dimension 5 of 13 : 0.6022733860538959  | time taken : 6.012113332748413
 Thread 6 estimated dimension 6 of 13 : 0.7504797802203488  | time taken : 5.467197895050049
 Thread 7 estimated dimension 6 of 13 : 1  | time taken : 1.0023481845855713
 Thread 7 estimated dimension 7 of 13 : 0.9933665768472085  | time taken : 1.4419004917144775
 Thread 4 estimated dimension 7 of 13 : 0.47016997380303993  | time taken : 10.676811695098877
 Thread 2 estimated dimension 7 of 13 : 0.30080013228320057  | time taken : 14.950574159622192
 Thread 4 estimated dimension 8 of 13 : 0.9941345201622526  | time taken : 1.0835275650024414
 Thread 5 estimated dimension 8 of 13 : 0.49231853789455404  | time taken : 10.13365912437439
 Thread 1 estimated dimension 7 of 13 : 0.48305534342122614  | time taken : 12.406833171844482
 Thread 5 estimated dimension 9 of 13 : 1  | time taken : 1.1209192276000977
 Thread 1 estimated dimension 8 of 13 : 1  | time taken : 1.69881010055542
 Thread 7 estimated dimension 8 of 13 : 0.5056961279115989  | time taken : 6.903353929519653
 Thread 3 estimated dimension 9 of 13 : 0.38314950836192113  | time taken : 12.486532211303711
 Thread 7 estimated dimension 9 of 13 : 1  | time taken : 1.7793262004852295
 Thread 2 estimated dimension 8 of 13 : 0.5092110198456191  | time taken : 6.574223756790161
 Thread 7 estimated dimension 10 of 13 : 1  | time taken : 1.6253392696380615
 Thread 3 estimated dimension 10 of 13 : 0.9997658553873263  | time taken : 1.694946527481079
 Thread 6 estimated dimension 7 of 13 : 0.39355308224130736  | time taken : 13.009074687957764
 Thread 2 estimated dimension 9 of 13 : 0.9785764108536125  | time taken : 2.1351404190063477
 Thread 1 estimated dimension 9 of 13 : 0.6219255078002635  | time taken : 6.287797689437866
 Thread 6 estimated dimension 8 of 13 : 1  | time taken : 1.9779696464538574
 Thread 3 estimated dimension 11 of 13 : 0.9952277487593838  | time taken : 2.1113035678863525
 Thread 7 estimated dimension 11 of 13 : 0.9957776568649523  | time taken : 2.1285696029663086
 Thread 2 estimated dimension 10 of 13 : 0.9867863943782086  | time taken : 1.7664036750793457
 Thread 7 estimated dimension 12 of 13 : 1  | time taken : 2.312187671661377
 Thread 3 estimated dimension 12 of 13 : 0.9808701248792093  | time taken : 2.3858044147491455
 Thread 7 nsolns: 67884
 Thread 3 nsolns: 66025
 Thread 4 estimated dimension 9 of 13 : 0.3758693806185392  | time taken : 12.40472936630249
 Thread 2 estimated dimension 11 of 13 : 0.9733731996079229  | time taken : 1.039346694946289
 Thread 2 estimated dimension 12 of 13 : 0.9740580198493434  | time taken : 1.3898110389709473
 Thread 4 estimated dimension 10 of 13 : 0.9977835509478975  | time taken : 1.618729829788208
 Thread 2 nsolns: 67472
 Thread 5 estimated dimension 10 of 13 : 0.3873585109347623  | time taken : 12.36077880859375
 Thread 6 estimated dimension 9 of 13 : 0.5327575093323048  | time taken : 6.269704103469849
 Thread 5 estimated dimension 11 of 13 : 1  | time taken : 1.604689359664917
 Thread 4 estimated dimension 11 of 13 : 1  | time taken : 1.9886581897735596
 Thread 6 estimated dimension 10 of 13 : 1  | time taken : 1.2356772422790527
 Thread 1 estimated dimension 10 of 13 : 0.4888992013271378  | time taken : 8.304037809371948
 Thread 5 estimated dimension 12 of 13 : 0.9944672544180432  | time taken : 0.9924750328063965
 Thread 5 nsolns: 66863
 Thread 4 estimated dimension 12 of 13 : 1  | time taken : 1.9133074283599854
 Thread 6 estimated dimension 11 of 13 : 1  | time taken : 1.6649560928344727
 Thread 4 nsolns: 66025
 Thread 7 estimated dimension 0 of 13 : 0.6132631342914765  | time taken : 7.437908411026001
 Thread 1 estimated dimension 11 of 13 : 0.9755972246826161  | time taken : 1.5748488903045654
 Thread 6 estimated dimension 12 of 13 : 0.9905192762844371  | time taken : 0.7609877586364746
 Thread 6 nsolns: 66822
 Thread 1 estimated dimension 12 of 13 : 1  | time taken : 1.619971752166748
 Thread 1 nsolns: 66568
 Thread 2 estimated dimension 0 of 13 : 0.6346383110984684  | time taken : 7.826049089431763
 Thread 5 estimated dimension 0 of 13 : 0.6187159176811104  | time taken : 7.281888484954834
 Thread 3 estimated dimension 0 of 13 : 0.381635095824722  | time taken : 13.299614667892456
 Thread 4 estimated dimension 0 of 13 : 0.6219325115291994  | time taken : 6.0701048374176025
 Thread 7 estimated dimension 1 of 13 : 0.5821914180206519  | time taken : 9.243782043457031
 Thread 2 estimated dimension 1 of 13 : 0.5914353212337463  | time taken : 8.111417055130005
 Thread 5 estimated dimension 1 of 13 : 0.5855922236343691  | time taken : 7.374013900756836
 Thread 6 estimated dimension 0 of 13 : 0.3773683963233849  | time taken : 12.64009141921997
 Thread 1 estimated dimension 0 of 13 : 0.37728645157413915  | time taken : 13.088180780410767
 Thread 7 estimated dimension 2 of 13 : 0.6041443419750493  | time taken : 6.521914958953857
 Thread 4 estimated dimension 1 of 13 : 0.40413958944989115  | time taken : 11.062244415283203
 Thread 3 estimated dimension 1 of 13 : 0.3099991611502889  | time taken : 12.838933944702148
 Thread 7 estimated dimension 3 of 13 : 0.8336632776348204  | time taken : 2.5485072135925293
 Thread 5 estimated dimension 2 of 13 : 0.598766045055561  | time taken : 6.133042097091675
 Thread 3 estimated dimension 2 of 13 : 0.987550752139999  | time taken : 1.0140907764434814
 Thread 6 estimated dimension 1 of 13 : 0.6878274479743263  | time taken : 6.0006043910980225
 Thread 1 estimated dimension 1 of 13 : 0.6891419780506017  | time taken : 5.954926252365112
 Thread 6 estimated dimension 2 of 13 : 1  | time taken : 1.763108253479004
 Thread 2 estimated dimension 2 of 13 : 0.39419629646648974  | time taken : 12.125905275344849
 Thread 1 estimated dimension 2 of 13 : 0.9685266238664788  | time taken : 1.381727933883667
 Thread 7 estimated dimension 4 of 13 : 0.7106925132630647  | time taken : 4.807762145996094
 Thread 4 estimated dimension 2 of 13 : 0.37886002553024906  | time taken : 9.32618498802185
 Thread 2 estimated dimension 3 of 13 : 0.7357885928700542  | time taken : 4.419867753982544
 Thread 6 estimated dimension 3 of 13 : 0.6214647075248516  | time taken : 6.652923345565796
 Thread 3 estimated dimension 3 of 13 : 0.4444436199144314  | time taken : 9.023907661437988
 Thread 1 estimated dimension 3 of 13 : 0.6289912462715357  | time taken : 6.25964879989624
 Thread 7 estimated dimension 5 of 13 : 0.6150371485809148  | time taken : 5.872183799743652
 Thread 6 estimated dimension 4 of 13 : 1  | time taken : 1.705392599105835
 Thread 1 estimated dimension 4 of 13 : 1  | time taken : 1.6248979568481445
 Thread 3 estimated dimension 4 of 13 : 0.98414307489893  | time taken : 2.2890236377716064
 Thread 3 estimated dimension 5 of 13 : 1  | time taken : 2.083103895187378
 Thread 1 estimated dimension 5 of 13 : 0.6183900336294048  | time taken : 5.670077800750732
 Thread 2 estimated dimension 4 of 13 : 0.4423060044432858  | time taken : 10.13834285736084
 Thread 4 estimated dimension 3 of 13 : 0.29706307732883885  | time taken : 13.117564678192139
 Thread 7 estimated dimension 6 of 13 : 0.4222302336968098  | time taken : 9.638704538345337
 Thread 4 estimated dimension 4 of 13 : 0.9669361973145697  | time taken : 1.3654491901397705
 Thread 3 estimated dimension 6 of 13 : 0.502608928242551  | time taken : 8.391270637512207
 Thread 6 estimated dimension 5 of 13 : 0.37630012605541824  | time taken : 12.18025016784668
 Thread 4 estimated dimension 5 of 13 : 0.9930943762719557  | time taken : 1.2543647289276123
 Thread 3 estimated dimension 7 of 13 : 1  | time taken : 1.968409776687622
 Thread 4 estimated dimension 6 of 13 : 0.99343669514867  | time taken : 1.7371864318847656exiting with current heads : 3217 out of 3217 | exp rv: 20425.962206127962

 Thread 5 estimated dimension 3 of 13 : 0.15744668317437563  | time taken : 26.345675468444824
 Thread 2 estimated dimension 5 of 13 : 0.5011893044843885  | time taken : 8.143609285354614
 Thread 3 estimated dimension 8 of 13 : 1  | time taken : 1.2111945152282715
 Thread 1 estimated dimension 6 of 13 : 0.4203346425414639  | time taken : 9.658754348754883
 Thread 4 estimated dimension 7 of 13 : 0.9877763216822913  | time taken : 1.7616443634033203
 Thread 5 estimated dimension 4 of 13 : 1  | time taken : 1.1221821308135986
 Thread 3 estimated dimension 9 of 13 : 1  | time taken : 1.4208381175994873
 Thread 4 estimated dimension 8 of 13 : 0.9945973085914173  | time taken : 1.2440266609191895
 Thread 3 estimated dimension 10 of 13 : 1  | time taken : 1.6260185241699219
 Thread 2 estimated dimension 6 of 13 : 0.615066851345599  | time taken : 7.474143743515015
 Thread 2 estimated dimension 7 of 13 : 1  | time taken : 0.9820668697357178
 Thread 4 estimated dimension 9 of 13 : 0.6136449818155573  | time taken : 6.3185765743255615
 Thread 7 estimated dimension 7 of 13 : 0.3010401236352681  | time taken : 15.526890754699707
 Thread 2 estimated dimension 8 of 13 : 1  | time taken : 1.0979681015014648
 Thread 6 estimated dimension 6 of 13 : 0.37297120096728087  | time taken : 12.951494693756104
 Thread 6 estimated dimension 7 of 13 : 0.9759193569589206  | time taken : 1.3762156963348389
 Thread 6 estimated dimension 8 of 13 : 0.9909649469842098  | time taken : 1.1375994682312012
 Thread 5 estimated dimension 5 of 13 : 0.3790091738696505  | time taken : 12.068468570709229
 Thread 6 estimated dimension 9 of 13 : 0.9854923644842599  | time taken : 0.7855234146118164
 Thread 5 estimated dimension 6 of 13 : 0.9977019895833799  | time taken : 0.9559633731842041
 Thread 3 estimated dimension 11 of 13 : 0.37459438660034794  | time taken : 11.38294529914856
 Thread 6 estimated dimension 10 of 13 : 1  | time taken : 1.5054831504821777
 Thread 5 estimated dimension 7 of 13 : 0.9987932888752411  | time taken : 1.5712950229644775
 Thread 1 estimated dimension 7 of 13 : 0.30196878117119685  | time taken : 15.075059175491333
 Thread 4 estimated dimension 10 of 13 : 0.4845030890395897  | time taken : 7.779827833175659
 Thread 3 estimated dimension 12 of 13 : 1  | time taken : 1.1480472087860107
 Thread 3 nsolns: 67016
 Thread 7 estimated dimension 8 of 13 : 0.49418519463845256  | time taken : 8.217897176742554
 Thread 5 estimated dimension 8 of 13 : 1  | time taken : 1.8960258960723877
 Thread 4 estimated dimension 11 of 13 : 1  | time taken : 1.210456371307373
 Thread 2 estimated dimension 9 of 13 : 0.493769248684751  | time taken : 9.423295974731445
 Thread 7 estimated dimension 9 of 13 : 1  | time taken : 1.594074010848999
 Thread 5 estimated dimension 9 of 13 : 1  | time taken : 2.2141478061676025
 Thread 4 estimated dimension 12 of 13 : 0.9831249683312353  | time taken : 2.086451768875122
 Thread 4 nsolns: 66837
 Thread 2 estimated dimension 10 of 13 : 1  | time taken : 1.9862587451934814
 Thread 7 estimated dimension 10 of 13 : 1  | time taken : 1.651994228363037
 Thread 5 estimated dimension 10 of 13 : 1  | time taken : 1.5940723419189453
 Thread 7 estimated dimension 11 of 13 : 0.9753051358793692  | time taken : 1.629575490951538
 Thread 2 estimated dimension 11 of 13 : 0.9959019622686249  | time taken : 2.055208683013916
 Thread 5 estimated dimension 11 of 13 : 1  | time taken : 1.6167068481445312
 Thread 3 estimated dimension 0 of 13 : 0.6265505612799447  | time taken : 7.298269271850586
 Thread 7 estimated dimension 12 of 13 : 1  | time taken : 1.2475707530975342
 Thread 7 nsolns: 67218
 Thread 1 estimated dimension 8 of 13 : 0.5138878268551896  | time taken : 9.357352018356323
 Thread 5 estimated dimension 12 of 13 : 1  | time taken : 0.7969372272491455
 Thread 5 nsolns: 70631
 Thread 1 estimated dimension 9 of 13 : 0.9713620706951066  | time taken : 1.6447465419769287
 Thread 1 estimated dimension 10 of 13 : 0.9961922223018712  | time taken : 1.2737658023834229
 Thread 4 estimated dimension 0 of 13 : 0.6252517361749157  | time taken : 7.915641784667969
 Thread 1 estimated dimension 11 of 13 : 1  | time taken : 1.0050992965698242
 Thread 6 estimated dimension 11 of 13 : 0.38082172804212455  | time taken : 14.866563558578491
 Thread 2 estimated dimension 12 of 13 : 0.5092729480523865  | time taken : 7.658131837844849
 Thread 1 estimated dimension 12 of 13 : 1  | time taken : 1.464676856994629
 Thread 2 nsolns: 67650
 Thread 1 nsolns: 67472
 Thread 7 estimated dimension 0 of 13 : 0.6212433489893934  | time taken : 6.786151885986328
 Thread 6 estimated dimension 12 of 13 : 0.9713800346224623  | time taken : 1.3862991333007812
 Thread 3 estimated dimension 1 of 13 : 0.5913960826202044  | time taken : 7.542064905166626
 Thread 6 nsolns: 66630
 Thread 5 estimated dimension 0 of 13 : 0.37422649239420613  | time taken : 12.975621461868286
 Thread 2 estimated dimension 0 of 13 : 0.6192141443661334  | time taken : 7.220141410827637
 Thread 3 estimated dimension 2 of 13 : 0.5946193437355085  | time taken : 6.941366672515869
 Thread 4 estimated dimension 1 of 13 : 0.40558126962644225  | time taken : 10.837660551071167
 Thread 6 estimated dimension 0 of 13 : 0.6275714252000675  | time taken : 7.632094860076904
 Thread 7 estimated dimension 1 of 13 : 0.5959928120452296  | time taken : 9.397122144699097
 Thread 3 estimated dimension 3 of 13 : 0.8537224698044842  | time taken : 3.7762045860290527
 Thread 5 estimated dimension 1 of 13 : 0.6825146094497483  | time taken : 6.293186664581299
 Thread 1 estimated dimension 0 of 13 : 0.3761738087038156  | time taken : 13.558318853378296
 Thread 5 estimated dimension 2 of 13 : 1  | time taken : 1.3528342247009277
 Thread 2 estimated dimension 1 of 13 : 0.5849391899321503  | time taken : 7.595802068710327
 Thread 7 estimated dimension 2 of 13 : 0.604374038161179  | time taken : 6.17509651184082
 Thread 3 estimated dimension 4 of 13 : 0.7152122875173552  | time taken : 5.3149192333221436
 Thread 6 estimated dimension 1 of 13 : 0.4096459887408131  | time taken : 9.846373081207275
 Thread 2 estimated dimension 2 of 13 : 0.6117791966100455  | time taken : 5.514152765274048
 Thread 4 estimated dimension 2 of 13 : 0.3733910015706452  | time taken : 12.293079853057861
 Thread 5 estimated dimension 3 of 13 : 0.6269274214962076  | time taken : 6.2203757762908936
 Thread 5 estimated dimension 4 of 13 : 1  | time taken : 1.9751958847045898
 Thread 3 estimated dimension 5 of 13 : 0.6213064317567162  | time taken : 6.194977521896362
 Thread 6 estimated dimension 2 of 13 : 0.6218765309019257  | time taken : 5.619637727737427
 Thread 2 estimated dimension 3 of 13 : 0.8368324234762035  | time taken : 3.4508612155914307
 Thread 4 estimated dimension 3 of 13 : 0.711980609558863  | time taken : 5.3340654373168945
 Thread 1 estimated dimension 1 of 13 : 0.31022773495969985  | time taken : 13.335297584533691
 Thread 1 estimated dimension 2 of 13 : 0.9506510782844564  | time taken : 1.2507553100585938
 Thread 2 estimated dimension 4 of 13 : 0.7203962564941204  | time taken : 5.678483009338379
 Thread 5 estimated dimension 5 of 13 : 0.6141073519309947  | time taken : 6.784430265426636
 Thread 3 estimated dimension 6 of 13 : 0.5817800061300972  | time taken : 7.007152318954468
 Thread 3 estimated dimension 7 of 13 : 0.9754631845198057  | time taken : 1.3337223529815674
 Thread 6 estimated dimension 3 of 13 : 0.5392598543947578  | time taken : 8.749335527420044
 Thread 4 estimated dimension 4 of 13 : 0.5290947808587505  | time taken : 8.2412269115448
 Thread 5 estimated dimension 6 of 13 : 0.5790183903733568  | time taken : 5.1650917530059814
 Thread 4 estimated dimension 5 of 13 : 0.9986418746209395  | time taken : 0.95285964012146
 Thread 1 estimated dimension 3 of 13 : 0.4296151024832204  | time taken : 7.745070695877075
 Thread 5 estimated dimension 7 of 13 : 0.9595958625130483  | time taken : 1.0125293731689453
 Thread 6 estimated dimension 4 of 13 : 0.6067383624031156  | time taken : 4.120519638061523
 Thread 1 estimated dimension 4 of 13 : 0.9916644719279735  | time taken : 1.245896339416504
 Thread 3 estimated dimension 8 of 13 : 0.4900049006019819  | time taken : 5.421693325042725exiting with current heads : 3217 out of 3217 | exp rv: 20497.666280071062

 Thread 7 estimated dimension 3 of 13 : 0.15689590981031673  | time taken : 22.332714796066284
 Thread 6 estimated dimension 5 of 13 : 0.9971148043426915  | time taken : 0.9536075592041016
 Thread 2 estimated dimension 5 of 13 : 0.3754005538641659  | time taken : 8.672685146331787
 Thread 1 estimated dimension 5 of 13 : 1  | time taken : 1.597703456878662
 Thread 7 estimated dimension 4 of 13 : 1  | time taken : 1.833827018737793
 Thread 5 estimated dimension 8 of 13 : 0.5130017739431969  | time taken : 8.141278982162476
 Thread 4 estimated dimension 6 of 13 : 0.4915181291792943  | time taken : 9.063122034072876
 Thread 2 estimated dimension 6 of 13 : 0.6359308412076976  | time taken : 6.069903135299683
 Thread 4 estimated dimension 7 of 13 : 0.9900430248321295  | time taken : 1.4053502082824707
 Thread 6 estimated dimension 6 of 13 : 0.5068319135917264  | time taken : 8.125814199447632
 Thread 7 estimated dimension 5 of 13 : 0.628127516765398  | time taken : 7.581755638122559
 Thread 4 estimated dimension 8 of 13 : 1  | time taken : 1.8612031936645508
 Thread 6 estimated dimension 7 of 13 : 0.9970388355821245  | time taken : 1.8808300495147705
 Thread 7 estimated dimension 6 of 13 : 1  | time taken : 0.8295066356658936
 Thread 4 estimated dimension 9 of 13 : 1  | time taken : 0.9097518920898438
 Thread 3 estimated dimension 9 of 13 : 0.4997993579241122  | time taken : 12.13818359375
 Thread 7 estimated dimension 7 of 13 : 0.9868925075274985  | time taken : 0.9156320095062256
 Thread 1 estimated dimension 6 of 13 : 0.49912508163050284  | time taken : 11.450629234313965
 Thread 4 estimated dimension 10 of 13 : 0.9818248194561162  | time taken : 1.418600082397461
 Thread 5 estimated dimension 9 of 13 : 0.4862753664613767  | time taken : 9.001403331756592
 Thread 5 estimated dimension 10 of 13 : 0.9881368376693258  | time taken : 1.0621223449707031
 Thread 2 estimated dimension 7 of 13 : 0.47463609006174406  | time taken : 10.765275001525879
 Thread 3 estimated dimension 10 of 13 : 0.6305622974484867  | time taken : 6.276669979095459
 Thread 2 estimated dimension 8 of 13 : 0.9880586347887363  | time taken : 0.9663741588592529
 Thread 4 estimated dimension 11 of 13 : 0.615369878992855  | time taken : 6.027811527252197
 Thread 7 estimated dimension 8 of 13 : 0.5114943985539779  | time taken : 7.233839273452759
 Thread 3 estimated dimension 11 of 13 : 0.9899565502360731  | time taken : 1.3895697593688965
 Thread 6 estimated dimension 8 of 13 : 0.47974451762387865  | time taken : 9.235981464385986
 Thread 7 estimated dimension 9 of 13 : 0.993015360536304  | time taken : 2.37589430809021
 Thread 6 estimated dimension 9 of 13 : 0.9914370749680196  | time taken : 2.5390095710754395
 Thread 7 estimated dimension 10 of 13 : 1  | time taken : 1.1605937480926514
 Thread 1 estimated dimension 7 of 13 : 0.3804344869902138  | time taken : 11.160269975662231
 Thread 7 estimated dimension 11 of 13 : 0.9974352025209582  | time taken : 1.5082099437713623
 Thread 1 estimated dimension 8 of 13 : 0.9927238800995908  | time taken : 1.1241416931152344
 Thread 7 estimated dimension 12 of 13 : 0.9817299907669803  | time taken : 1.0294873714447021
 Thread 4 estimated dimension 12 of 13 : 0.5061536894800251  | time taken : 7.192698955535889
 Thread 4 nsolns: 66384
 Thread 7 nsolns: 70464
 Thread 1 estimated dimension 9 of 13 : 0.9748943523121085  | time taken : 0.9336004257202148
 Thread 3 estimated dimension 12 of 13 : 0.47718099625939964  | time taken : 8.643224000930786
 Thread 5 estimated dimension 11 of 13 : 0.3779724307955536  | time taken : 11.522524118423462
 Thread 1 estimated dimension 10 of 13 : 0.9868453696696289  | time taken : 1.5487785339355469
 Thread 3 nsolns: 66048
 Thread 5 estimated dimension 12 of 13 : 1  | time taken : 1.3015875816345215
 Thread 5 nsolns: 66699
 Thread 1 estimated dimension 11 of 13 : 0.9937936687560507  | time taken : 2.06312894821167
 Thread 2 estimated dimension 9 of 13 : 0.37841777907973345  | time taken : 12.687522649765015
 Thread 1 estimated dimension 12 of 13 : 1  | time taken : 1.457423210144043
 Thread 1 nsolns: 66819
 Thread 7 estimated dimension 0 of 13 : 0.6225210064428801  | time taken : 6.357169151306152
 Thread 2 estimated dimension 10 of 13 : 0.9832176284992074  | time taken : 1.4842636585235596
 Thread 4 estimated dimension 0 of 13 : 0.6065005563852837  | time taken : 7.295006990432739
 Thread 6 estimated dimension 10 of 13 : 0.37550450024284987  | time taken : 11.90699553489685
 Thread 2 estimated dimension 11 of 13 : 0.9912149456951848  | time taken : 1.0546550750732422
 Thread 3 estimated dimension 0 of 13 : 0.621743899432248  | time taken : 7.356889724731445
 Thread 6 estimated dimension 11 of 13 : 0.9875912076904608  | time taken : 2.1854825019836426
 Thread 2 estimated dimension 12 of 13 : 1  | time taken : 1.6830956935882568
 Thread 2 nsolns: 66025
 Thread 5 estimated dimension 0 of 13 : 0.6338502783393527  | time taken : 6.997681140899658
 Thread 6 estimated dimension 12 of 13 : 0.9696156067117401  | time taken : 1.9615569114685059
 Thread 6 nsolns: 66989
 Thread 7 estimated dimension 1 of 13 : 0.5891629976873829  | time taken : 8.701961755752563
 Thread 4 estimated dimension 1 of 13 : 0.5983946058941271  | time taken : 8.385891199111938
 Thread 2 estimated dimension 0 of 13 : 0.6122390821882107  | time taken : 6.306139230728149
 Thread 3 estimated dimension 1 of 13 : 0.5913445350056287  | time taken : 7.286715269088745
 Thread 5 estimated dimension 1 of 13 : 0.5961124249353357  | time taken : 6.483510255813599
 Thread 6 estimated dimension 0 of 13 : 0.625266369419877  | time taken : 5.175901889801025
 Thread 1 estimated dimension 0 of 13 : 0.3706028035512839  | time taken : 11.923561096191406
 Thread 4 estimated dimension 2 of 13 : 0.6203699442634225  | time taken : 5.905520439147949
 Thread 5 estimated dimension 2 of 13 : 0.6143829055112379  | time taken : 6.303570508956909
 Thread 4 estimated dimension 3 of 13 : 0.845881602796404  | time taken : 2.587519884109497
 Thread 1 estimated dimension 1 of 13 : 0.6805925868795191  | time taken : 6.41686487197876
 Thread 5 estimated dimension 3 of 13 : 0.8489099921340716  | time taken : 2.152629852294922
 Thread 1 estimated dimension 2 of 13 : 0.994589035820873  | time taken : 1.323380470275879
 Thread 2 estimated dimension 1 of 13 : 0.4023335647300865  | time taken : 9.540950536727905
 Thread 6 estimated dimension 1 of 13 : 0.4061277086452287  | time taken : 8.875190019607544
 Thread 7 estimated dimension 2 of 13 : 0.40190330037384553  | time taken : 12.73376989364624
 Thread 4 estimated dimension 4 of 13 : 0.7157208933391827  | time taken : 5.520926475524902
 Thread 3 estimated dimension 2 of 13 : 0.4087231853351846  | time taken : 14.07845425605774
 Thread 2 estimated dimension 2 of 13 : 0.6147258907573365  | time taken : 5.368526220321655
 Thread 1 estimated dimension 3 of 13 : 0.6313690859777371  | time taken : 6.233790159225464
 Thread 6 estimated dimension 2 of 13 : 0.6135668272441431  | time taken : 5.477017164230347
 Thread 7 estimated dimension 3 of 13 : 0.7132022640795934  | time taken : 5.275801420211792
 Thread 1 estimated dimension 4 of 13 : 0.9854173724609921  | time taken : 1.8077280521392822
 Thread 4 estimated dimension 5 of 13 : 0.6159805299393286  | time taken : 6.058600187301636
 Thread 5 estimated dimension 4 of 13 : 0.29062740704955586  | time taken : 13.118782997131348
 Thread 1 estimated dimension 5 of 13 : 0.6110039917560693  | time taken : 5.39934229850769
 Thread 6 estimated dimension 3 of 13 : 0.5523804589406387  | time taken : 7.491093635559082
 Thread 4 estimated dimension 6 of 13 : 0.5795108117257187  | time taken : 5.055364370346069
 Thread 2 estimated dimension 3 of 13 : 0.4481727668767432  | time taken : 10.808696269989014
 Thread 7 estimated dimension 4 of 13 : 0.43830944815543715  | time taken : 9.782597541809082
 Thread 4 estimated dimension 7 of 13 : 1  | time taken : 1.680140495300293
 Thread 2 estimated dimension 4 of 13 : 1  | time taken : 1.2370944023132324
 Thread 5 estimated dimension 5 of 13 : 0.6392651425970789  | time taken : 5.585041046142578
 Thread 2 estimated dimension 5 of 13 : 0.9889649113784627  | time taken : 1.863593578338623
 Thread 6 estimated dimension 4 of 13 : 0.6273710703431206  | time taken : 6.227084398269653
 Thread 2 estimated dimension 6 of 13 : 1  | time taken : 1.1655969619750977
 Thread 1 estimated dimension 6 of 13 : 0.4148562136246354  | time taken : 8.288965940475464
 Thread 3 estimated dimension 3 of 13 : 0.28709783325451455  | time taken : 17.33152151107788
 Thread 6 estimated dimension 5 of 13 : 1  | time taken : 1.7214114665985107
 Thread 2 estimated dimension 7 of 13 : 1  | time taken : 1.606537103652954
 Thread 3 estimated dimension 4 of 13 : 1  | time taken : 1.5873708724975586
 Thread 7 estimated dimension 5 of 13 : 0.49107238959941074  | time taken : 7.721689462661743
 Thread 4 estimated dimension 8 of 13 : 0.5004101333197307  | time taken : 8.739490032196045
 Thread 1 estimated dimension 7 of 13 : 0.7104246122028669  | time taken : 4.472749948501587
 Thread 2 estimated dimension 8 of 13 : 0.5036991427452013  | time taken : 7.155434608459473
 Thread 6 estimated dimension 6 of 13 : 0.5013537140667029  | time taken : 7.296658277511597
 Thread 3 estimated dimension 5 of 13 : 0.48922112764365977  | time taken : 6.904143571853638
 Thread 5 estimated dimension 6 of 13 : 0.29976283909768064  | time taken : 13.325833559036255
 Thread 6 estimated dimension 7 of 13 : 0.97011996104858  | time taken : 1.3194706439971924
 Thread 3 estimated dimension 6 of 13 : 0.9939806759782831  | time taken : 0.9930808544158936
 Thread 1 estimated dimension 8 of 13 : 0.4852570959640178  | time taken : 6.43668007850647
 Thread 5 estimated dimension 7 of 13 : 1  | time taken : 1.41148042678833
 Thread 3 estimated dimension 7 of 13 : 0.9963500948767303  | time taken : 1.0294077396392822
 Thread 4 estimated dimension 9 of 13 : 0.49337243030576117  | time taken : 6.754727363586426
 Thread 2 estimated dimension 9 of 13 : 0.7467444386018741  | time taken : 3.9697792530059814
 Thread 1 estimated dimension 9 of 13 : 1  | time taken : 1.7042298316955566
 Thread 3 estimated dimension 8 of 13 : 1  | time taken : 1.543757677078247
 Thread 4 estimated dimension 10 of 13 : 0.9838427142993699  | time taken : 1.8834424018859863
 Thread 7 estimated dimension 6 of 13 : 0.3742402968165787  | time taken : 12.08263111114502
 Thread 3 estimated dimension 9 of 13 : 1  | time taken : 1.922760248184204
 Thread 7 estimated dimension 7 of 13 : 0.9705284220147457  | time taken : 1.8620178699493408
 Thread 3 estimated dimension 10 of 13 : 1  | time taken : 1.6157629489898682
 Thread 6 estimated dimension 8 of 13 : 0.510168721097041  | time taken : 7.790488004684448
 Thread 7 estimated dimension 8 of 13 : 1  | time taken : 1.0550804138183594
 Thread 1 estimated dimension 10 of 13 : 0.6294571705010976  | time taken : 5.626485347747803
 Thread 6 estimated dimension 9 of 13 : 1  | time taken : 1.191103458404541
 Thread 4 estimated dimension 11 of 13 : 0.6209656246947731  | time taken : 5.38064980506897
 Thread 7 estimated dimension 9 of 13 : 0.9936843201959545  | time taken : 1.3683805465698242
 Thread 5 estimated dimension 8 of 13 : 0.4904786642574793  | time taken : 9.28432321548462
 Thread 1 estimated dimension 11 of 13 : 0.9751670127874879  | time taken : 2.034501314163208
 Thread 7 estimated dimension 10 of 13 : 1  | time taken : 1.9076390266418457
 Thread 5 estimated dimension 9 of 13 : 0.9885985390739286  | time taken : 1.2975099086761475
 Thread 7 estimated dimension 11 of 13 : 0.9835683669095551  | time taken : 1.3998239040374756
 Thread 5 estimated dimension 10 of 13 : 0.9970683049287596  | time taken : 1.5670006275177002
 Thread 5 estimated dimension 11 of 13 : 1  | time taken : 1.4167649745941162
 Thread 6 estimated dimension 10 of 13 : 0.6020756050250827  | time taken : 6.445531129837036
 Thread 6 estimated dimension 11 of 13 : 0.9786222278032206  | time taken : 1.3906137943267822
 Thread 5 estimated dimension 12 of 13 : 0.9931392770475295  | time taken : 1.8497588634490967
 Thread 5 nsolns: 69138
 Thread 2 estimated dimension 10 of 13 : 0.39416239613150234  | time taken : 16.198291540145874
 Thread 4 estimated dimension 12 of 13 : 0.5091713491264669  | time taken : 9.238947868347168
 Thread 4 nsolns: 65951
 Thread 1 estimated dimension 12 of 13 : 0.5175351013213441  | time taken : 7.730163812637329
 Thread 1 nsolns: 66568
 Thread 3 estimated dimension 11 of 13 : 0.3813359848570418  | time taken : 12.992746353149414
 Thread 3 estimated dimension 12 of 13 : 1  | time taken : 2.128950595855713
 Thread 7 estimated dimension 12 of 13 : 0.4916405298110652  | time taken : 8.763245820999146
 Thread 3 nsolns: 67417
 Thread 7 nsolns: 68060
 Thread 5 estimated dimension 0 of 13 : 0.6293064767594647  | time taken : 5.84440803527832
 Thread 6 estimated dimension 12 of 13 : 0.5144899266544527  | time taken : 7.333808660507202
 Thread 4 estimated dimension 0 of 13 : 0.6100326648233324  | time taken : 5.838700294494629
 Thread 6 nsolns: 66620
 Thread 2 estimated dimension 11 of 13 : 0.5157532351408259  | time taken : 7.062089204788208
 Thread 1 estimated dimension 0 of 13 : 0.6244201917090234  | time taken : 6.5153093338012695
 Thread 2 estimated dimension 12 of 13 : 1  | time taken : 1.8691723346710205
 Thread 3 estimated dimension 0 of 13 : 0.6190394227928095  | time taken : 5.357736587524414
 Thread 2 nsolns: 66558
 Thread 7 estimated dimension 0 of 13 : 0.604557071996612  | time taken : 5.644739866256714
 Thread 5 estimated dimension 1 of 13 : 0.5975707240842292  | time taken : 6.615001678466797
 Thread 6 estimated dimension 0 of 13 : 0.6263939518043543  | time taken : 6.323023080825806
 Thread 2 estimated dimension 0 of 13 : 0.6227901397616945  | time taken : 5.6619884967803955
 Thread 3 estimated dimension 1 of 13 : 0.5928266844552177  | time taken : 6.453552484512329
 Thread 4 estimated dimension 1 of 13 : 0.4071255990657264  | time taken : 9.73321270942688
 Thread 1 estimated dimension 1 of 13 : 0.4103699629987587  | time taken : 9.699880123138428
 Thread 5 estimated dimension 2 of 13 : 0.6046340464635006  | time taken : 5.485676527023315
 Thread 7 estimated dimension 1 of 13 : 0.4066917987926131  | time taken : 8.71712040901184
 Thread 6 estimated dimension 1 of 13 : 0.597992920821662  | time taken : 6.785792350769043
 Thread 5 estimated dimension 3 of 13 : 0.8257846643575941  | time taken : 3.868464469909668
 Thread 3 estimated dimension 2 of 13 : 0.5952336916060023  | time taken : 5.404107332229614
 Thread 4 estimated dimension 2 of 13 : 0.6290294931586068  | time taken : 5.975340843200684
 Thread 7 estimated dimension 2 of 13 : 0.6220802705095051  | time taken : 4.160646915435791
 Thread 2 estimated dimension 1 of 13 : 0.40146097316703366  | time taken : 9.18002986907959
 Thread 3 estimated dimension 3 of 13 : 0.8575185926572138  | time taken : 3.1907057762145996
 Thread 6 estimated dimension 2 of 13 : 0.5976334609937966  | time taken : 5.288392543792725
 Thread 5 estimated dimension 4 of 13 : 0.7161980470062635  | time taken : 4.981563329696655
 Thread 1 estimated dimension 2 of 13 : 0.37246180510140353  | time taken : 10.37047004699707
 Thread 6 estimated dimension 3 of 13 : 0.8385463067927258  | time taken : 3.016500949859619
 Thread 2 estimated dimension 2 of 13 : 0.621290445220626  | time taken : 5.081828594207764
 Thread 3 estimated dimension 4 of 13 : 0.713627834801181  | time taken : 5.0550572872161865
 Thread 7 estimated dimension 3 of 13 : 0.5478065963744839  | time taken : 7.408226251602173
 Thread 1 estimated dimension 3 of 13 : 0.7156075604195512  | time taken : 4.450158596038818
 Thread 4 estimated dimension 3 of 13 : 0.4546708876942006  | time taken : 10.015040159225464
 Thread 6 estimated dimension 4 of 13 : 0.6970447394138921  | time taken : 4.9530885219573975
 Thread 4 estimated dimension 4 of 13 : 0.996053713943062  | time taken : 1.8664379119873047
 Thread 5 estimated dimension 5 of 13 : 0.375354155391073  | time taken : 9.741454601287842
 Thread 4 estimated dimension 5 of 13 : 0.9790890568392642  | time taken : 1.3906173706054688
 Thread 3 estimated dimension 5 of 13 : 0.6230708767997769  | time taken : 6.724795341491699
 Thread 4 estimated dimension 6 of 13 : 0.9941854397035494  | time taken : 1.5764262676239014
 Thread 4 estimated dimension 7 of 13 : 0.9696338923739589  | time taken : 1.4977881908416748
 Thread 2 estimated dimension 3 of 13 : 0.4628121479352191  | time taken : 10.95415449142456
 Thread 7 estimated dimension 4 of 13 : 0.39267099925472615  | time taken : 9.973861694335938
 Thread 5 estimated dimension 6 of 13 : 0.636097376266646  | time taken : 5.121358871459961
 Thread 1 estimated dimension 4 of 13 : 0.5370093690493054  | time taken : 9.51138162612915
 Thread 2 estimated dimension 4 of 13 : 0.9984703255089099  | time taken : 1.1419994831085205
 Thread 7 estimated dimension 5 of 13 : 1  | time taken : 1.262730360031128
 Thread 3 estimated dimension 6 of 13 : 0.5637815927078916  | time taken : 6.043173313140869
 Thread 1 estimated dimension 5 of 13 : 1  | time taken : 1.5415849685668945
 Thread 6 estimated dimension 5 of 13 : 0.376760898010942  | time taken : 10.109909772872925
 Thread 2 estimated dimension 5 of 13 : 0.9971690104622999  | time taken : 2.409576416015625
 Thread 3 estimated dimension 7 of 13 : 0.9919193373801752  | time taken : 1.9979820251464844
 Thread 2 estimated dimension 6 of 13 : 1  | time taken : 1.7282769680023193
 Thread 4 estimated dimension 8 of 13 : 0.513185056355236  | time taken : 7.7526609897613525
 Thread 2 estimated dimension 7 of 13 : 0.9986668897350376  | time taken : 1.059849739074707
 Thread 5 estimated dimension 7 of 13 : 0.5164476442874294  | time taken : 6.784162282943726
 Thread 6 estimated dimension 6 of 13 : 0.6186625896351224  | time taken : 4.859019756317139
 Thread 5 estimated dimension 8 of 13 : 0.99498436072539  | time taken : 1.4917645454406738
 Thread 4 estimated dimension 9 of 13 : 0.7465540020434255  | time taken : 4.535925626754761
 Thread 3 estimated dimension 8 of 13 : 0.5128010348829654  | time taken : 7.1963582038879395
 Thread 1 estimated dimension 6 of 13 : 0.5055205267122528  | time taken : 8.798038005828857
 Thread 2 estimated dimension 8 of 13 : 0.4931879996560574  | time taken : 5.960611581802368
 Thread 6 estimated dimension 7 of 13 : 0.5180610528229608  | time taken : 5.363310098648071
 Thread 7 estimated dimension 6 of 13 : 0.37873657872652133  | time taken : 12.80927300453186
 Thread 6 estimated dimension 8 of 13 : 1  | time taken : 1.7228033542633057
 Thread 7 estimated dimension 7 of 13 : 1  | time taken : 1.5425586700439453
 Thread 3 estimated dimension 9 of 13 : 0.7703786141412194  | time taken : 4.412167072296143
 Thread 5 estimated dimension 9 of 13 : 0.4885324298165745  | time taken : 6.929835796356201
 Thread 5 estimated dimension 10 of 13 : 0.9971098192077591  | time taken : 1.914222240447998
 Thread 5 estimated dimension 11 of 13 : 0.9967634662299978  | time taken : 1.7090067863464355
 Thread 2 estimated dimension 9 of 13 : 0.5054499546160106  | time taken : 10.355711936950684
 Thread 1 estimated dimension 7 of 13 : 0.3793361959643344  | time taken : 12.011959075927734
 Thread 7 estimated dimension 8 of 13 : 0.5083210019946591  | time taken : 7.591546058654785
 Thread 2 estimated dimension 10 of 13 : 1  | time taken : 1.1968939304351807
 Thread 1 estimated dimension 8 of 13 : 0.9875011991106876  | time taken : 1.3517627716064453
 Thread 7 estimated dimension 9 of 13 : 0.9814749591368034  | time taken : 1.3517670631408691
 Thread 6 estimated dimension 9 of 13 : 0.4929213368191311  | time taken : 10.290805101394653
 Thread 4 estimated dimension 10 of 13 : 0.40054836863859045  | time taken : 14.4450364112854
 Thread 1 estimated dimension 9 of 13 : 0.977893621824649  | time taken : 0.8875565528869629
 Thread 7 estimated dimension 10 of 13 : 1  | time taken : 1.125166416168213
 Thread 6 estimated dimension 10 of 13 : 1  | time taken : 1.4161646366119385
 Thread 1 estimated dimension 10 of 13 : 1  | time taken : 1.7178049087524414
 Thread 7 estimated dimension 11 of 13 : 0.9913859749063284  | time taken : 1.7440195083618164
 Thread 6 estimated dimension 11 of 13 : 0.9994232676802322  | time taken : 1.3187308311462402
 Thread 5 estimated dimension 12 of 13 : 0.48848992001477937  | time taken : 8.812225341796875
 Thread 1 estimated dimension 11 of 13 : 0.9939027659207512  | time taken : 1.3170313835144043
 Thread 5 nsolns: 66725
 Thread 3 estimated dimension 10 of 13 : 0.40289557084581124  | time taken : 14.145260572433472
 Thread 7 estimated dimension 12 of 13 : 0.9908414615553938  | time taken : 1.3518948554992676
 Thread 7 nsolns: 66403
 Thread 1 estimated dimension 12 of 13 : 1  | time taken : 2.0269858837127686
 Thread 1 nsolns: 66420
 Thread 4 estimated dimension 11 of 13 : 0.497843129507057  | time taken : 9.195029497146606
 Thread 6 estimated dimension 12 of 13 : 0.5049599460574735  | time taken : 6.27411961555481
 Thread 6 nsolns: 66464
 Thread 2 estimated dimension 11 of 13 : 0.3736812553104963  | time taken : 10.860311508178711
 Thread 5 estimated dimension 0 of 13 : 0.6228185832657855  | time taken : 5.993314743041992
 Thread 4 estimated dimension 12 of 13 : 1  | time taken : 0.7656264305114746
 Thread 4 nsolns: 66819
 Thread 7 estimated dimension 0 of 13 : 0.6021172187619269  | time taken : 6.203378677368164
 Thread 2 estimated dimension 12 of 13 : 0.9929209213247333  | time taken : 1.3092894554138184
 Thread 2 nsolns: 66237
 Thread 1 estimated dimension 0 of 13 : 0.6197636878512731  | time taken : 5.427752256393433
 Thread 3 estimated dimension 11 of 13 : 0.476528098031828  | time taken : 7.770678758621216
 Thread 3 estimated dimension 12 of 13 : 0.9858427159715176  | time taken : 2.26816463470459
 Thread 3 nsolns: 66766
 Thread 6 estimated dimension 0 of 13 : 0.6267611433326575  | time taken : 6.623769283294678
 Thread 4 estimated dimension 0 of 13 : 0.6236464665958589  | time taken : 6.847255706787109
 Thread 5 estimated dimension 1 of 13 : 0.5944800838909279  | time taken : 7.482487678527832
 Thread 7 estimated dimension 1 of 13 : 0.6002756926501165  | time taken : 7.5235772132873535
 Thread 3 estimated dimension 0 of 13 : 0.6146713052429851  | time taken : 5.4870264530181885
 Thread 1 estimated dimension 1 of 13 : 0.40258200803293787  | time taken : 10.09069013595581
 Thread 2 estimated dimension 0 of 13 : 0.3758626310991913  | time taken : 11.393720865249634
 Thread 5 estimated dimension 2 of 13 : 0.6071678205270599  | time taken : 7.585652589797974
 Thread 4 estimated dimension 1 of 13 : 0.5899149704425694  | time taken : 8.993847846984863
 Thread 7 estimated dimension 2 of 13 : 0.601884701230282  | time taken : 7.843346834182739
 Thread 6 estimated dimension 1 of 13 : 0.4083064546323003  | time taken : 10.224225521087646
 Thread 3 estimated dimension 1 of 13 : 0.6032875811067449  | time taken : 8.317768812179565
 Thread 2 estimated dimension 1 of 13 : 0.6773396628418733  | time taken : 6.902026414871216
 Thread 7 estimated dimension 3 of 13 : 0.8382943173858868  | time taken : 3.455583095550537
 Thread 2 estimated dimension 2 of 13 : 1  | time taken : 1.5725605487823486
 Thread 6 estimated dimension 2 of 13 : 0.6164941570690918  | time taken : 6.5603578090667725
 Thread 4 estimated dimension 2 of 13 : 0.5928285781316659  | time taken : 7.234385251998901
 Thread 1 estimated dimension 2 of 13 : 0.3769126396969984  | time taken : 12.46723747253418
 Thread 3 estimated dimension 2 of 13 : 0.599650764831114  | time taken : 6.3814918994903564
 Thread 7 estimated dimension 4 of 13 : 0.7117938363814822  | time taken : 5.178909778594971
 Thread 4 estimated dimension 3 of 13 : 0.8323744535887674  | time taken : 2.8394064903259277
 Thread 1 estimated dimension 3 of 13 : 0.6888331072721264  | time taken : 5.300267934799194
 Thread 6 estimated dimension 3 of 13 : 0.5431186630574918  | time taken : 7.880624771118164
 Thread 7 estimated dimension 5 of 13 : 0.6295446963372686  | time taken : 6.465036630630493
 Thread 2 estimated dimension 3 of 13 : 0.3856617948321959  | time taken : 12.641952991485596
 Thread 6 estimated dimension 4 of 13 : 0.6110030671497784  | time taken : 6.407611131668091
 Thread 2 estimated dimension 4 of 13 : 0.7246088800418466  | time taken : 3.876478672027588
 Thread 7 estimated dimension 6 of 13 : 0.5680004942699659  | time taken : 6.5372326374053955
 Thread 6 estimated dimension 5 of 13 : 1  | time taken : 1.4673049449920654
 Thread 1 estimated dimension 4 of 13 : 0.4523374093048816  | time taken : 9.291751146316528
 Thread 4 estimated dimension 4 of 13 : 0.29246467725903913  | time taken : 13.346205711364746
 Thread 7 estimated dimension 7 of 13 : 1  | time taken : 1.2802011966705322
 Thread 1 estimated dimension 5 of 13 : 1  | time taken : 2.374055862426758exiting with current heads : 3217 out of 3217 | exp rv: 20449.05806343256

 Thread 5 estimated dimension 3 of 13 : 0.1572688575690887  | time taken : 28.869455575942993
 Thread 5 estimated dimension 4 of 13 : 1  | time taken : 1.4357750415802002
 Thread 4 estimated dimension 5 of 13 : 0.6189521464701543  | time taken : 6.815446138381958
 Thread 4 estimated dimension 6 of 13 : 0.7095448965994199  | time taken : 2.6449272632598877
 Thread 6 estimated dimension 6 of 13 : 0.49414880063407646  | time taken : 9.765234470367432
 Thread 7 estimated dimension 8 of 13 : 0.5010325156810546  | time taken : 8.648066282272339
 Thread 5 estimated dimension 5 of 13 : 0.6133329318498618  | time taken : 5.177464008331299
 Thread 6 estimated dimension 7 of 13 : 1  | time taken : 1.0810844898223877
 Thread 2 estimated dimension 5 of 13 : 0.36394679602651886  | time taken : 12.477416515350342
 Thread 4 estimated dimension 7 of 13 : 1  | time taken : 1.5485954284667969exiting with current heads : 3217 out of 3217 | exp rv: 20266.890651628186

 Thread 3 estimated dimension 3 of 13 : 0.15868245678533008  | time taken : 27.44085669517517
 Thread 5 estimated dimension 6 of 13 : 1  | time taken : 2.166193962097168
 Thread 2 estimated dimension 6 of 13 : 0.9948660268469298  | time taken : 2.101536750793457
 Thread 1 estimated dimension 6 of 13 : 0.37960248317659534  | time taken : 11.777021169662476
 Thread 3 estimated dimension 4 of 13 : 0.9819516293775563  | time taken : 1.6576762199401855
 Thread 5 estimated dimension 7 of 13 : 0.9823410227559214  | time taken : 1.4830787181854248
 Thread 1 estimated dimension 7 of 13 : 1  | time taken : 1.1475210189819336
 Thread 7 estimated dimension 9 of 13 : 0.7506580934570748  | time taken : 5.909245014190674
 Thread 1 estimated dimension 8 of 13 : 0.9945339924938655  | time taken : 2.04542875289917
 Thread 1 estimated dimension 9 of 13 : 0.9809036592593163  | time taken : 1.0918056964874268
 Thread 4 estimated dimension 8 of 13 : 0.5146672923511336  | time taken : 9.975703477859497
 Thread 6 estimated dimension 8 of 13 : 0.5094371809820805  | time taken : 10.641143560409546
 Thread 5 estimated dimension 8 of 13 : 0.5158079407162128  | time taken : 6.447245836257935
 Thread 6 estimated dimension 9 of 13 : 0.9941778703150447  | time taken : 1.0701704025268555
 Thread 5 estimated dimension 9 of 13 : 1  | time taken : 1.3281025886535645
 Thread 2 estimated dimension 7 of 13 : 0.5102878208399461  | time taken : 9.973445653915405
 Thread 5 estimated dimension 10 of 13 : 0.9687347102378253  | time taken : 1.3824748992919922
 Thread 2 estimated dimension 8 of 13 : 1  | time taken : 1.5126588344573975
 Thread 3 estimated dimension 5 of 13 : 0.37871222590408443  | time taken : 10.772792100906372
 Thread 5 estimated dimension 11 of 13 : 1  | time taken : 1.6118905544281006
 Thread 1 estimated dimension 10 of 13 : 0.4834162981945082  | time taken : 7.430971622467041
 Thread 3 estimated dimension 6 of 13 : 0.9931159944486093  | time taken : 1.3702166080474854
 Thread 2 estimated dimension 9 of 13 : 1  | time taken : 1.763176441192627
 Thread 7 estimated dimension 10 of 13 : 0.3941044586810173  | time taken : 11.717135429382324
 Thread 3 estimated dimension 7 of 13 : 0.9654640912071816  | time taken : 0.6893825531005859
 Thread 5 estimated dimension 12 of 13 : 1  | time taken : 1.2289741039276123
 Thread 5 nsolns: 70464
 Thread 1 estimated dimension 11 of 13 : 1  | time taken : 1.68662428855896
 Thread 6 estimated dimension 10 of 13 : 0.6369903166808968  | time taken : 5.949728488922119
 Thread 3 estimated dimension 8 of 13 : 0.9974927875433929  | time taken : 1.7923786640167236
 Thread 1 estimated dimension 12 of 13 : 0.9859687079038019  | time taken : 1.9570345878601074
 Thread 6 estimated dimension 11 of 13 : 1  | time taken : 2.2349507808685303
 Thread 1 nsolns: 67626
 Thread 3 estimated dimension 9 of 13 : 0.9905546979065739  | time taken : 1.7244186401367188
 Thread 4 estimated dimension 9 of 13 : 0.3881086263382856  | time taken : 11.714528322219849
 Thread 3 estimated dimension 10 of 13 : 1  | time taken : 1.5337395668029785
 Thread 4 estimated dimension 10 of 13 : 1  | time taken : 1.1481826305389404
 Thread 5 estimated dimension 0 of 13 : 0.6164938077176959  | time taken : 6.559926271438599
 Thread 3 estimated dimension 11 of 13 : 1  | time taken : 1.3912937641143799
 Thread 4 estimated dimension 11 of 13 : 1  | time taken : 1.1144752502441406
 Thread 4 estimated dimension 12 of 13 : 1  | time taken : 1.0252697467803955
 Thread 7 estimated dimension 11 of 13 : 0.49187349263738817  | time taken : 9.164623737335205
 Thread 4 nsolns: 68037
 Thread 2 estimated dimension 10 of 13 : 0.4987481183824815  | time taken : 9.716109275817871
 Thread 1 estimated dimension 0 of 13 : 0.6214711566164529  | time taken : 5.655033111572266
 Thread 3 estimated dimension 12 of 13 : 1  | time taken : 1.5970261096954346
 Thread 3 nsolns: 70631
 Thread 6 estimated dimension 12 of 13 : 0.5121059531584053  | time taken : 6.206175804138184
 Thread 6 nsolns: 66620
 Thread 7 estimated dimension 12 of 13 : 1  | time taken : 1.8433361053466797
 Thread 7 nsolns: 66766
 Thread 2 estimated dimension 11 of 13 : 0.998819625937511  | time taken : 2.295189619064331
 Thread 2 estimated dimension 12 of 13 : 0.9905318158604582  | time taken : 2.051656723022461
 Thread 2 nsolns: 67351
 Thread 4 estimated dimension 0 of 13 : 0.6290581098225607  | time taken : 6.772531509399414
 Thread 3 estimated dimension 0 of 13 : 0.6114066464448754  | time taken : 7.141033887863159
 Thread 5 estimated dimension 1 of 13 : 0.40123325891037126  | time taken : 10.043718576431274
 Thread 1 estimated dimension 1 of 13 : 0.5864502068627222  | time taken : 8.131439447402954
 Thread 2 estimated dimension 0 of 13 : 0.6142915032455613  | time taken : 4.897634983062744
 Thread 6 estimated dimension 0 of 13 : 0.36995989747049157  | time taken : 10.73411750793457
 Thread 7 estimated dimension 0 of 13 : 0.3769610922684236  | time taken : 11.095988273620605
 Thread 4 estimated dimension 1 of 13 : 0.6080240336621631  | time taken : 7.230459928512573
 Thread 5 estimated dimension 2 of 13 : 0.6186947791472951  | time taken : 5.657058477401733
 Thread 1 estimated dimension 2 of 13 : 0.5793843190511927  | time taken : 6.0450439453125
 Thread 3 estimated dimension 1 of 13 : 0.6027151310723102  | time taken : 7.240110874176025
 Thread 6 estimated dimension 1 of 13 : 0.6781474135826223  | time taken : 5.882424831390381
 Thread 1 estimated dimension 3 of 13 : 0.8382117024478719  | time taken : 3.380866527557373
 Thread 6 estimated dimension 2 of 13 : 0.9992960013654737  | time taken : 1.1337251663208008
 Thread 7 estimated dimension 1 of 13 : 0.6762321830501973  | time taken : 6.166941165924072
 Thread 2 estimated dimension 1 of 13 : 0.4030549317699182  | time taken : 9.270742177963257
 Thread 4 estimated dimension 2 of 13 : 0.5977878177970988  | time taken : 6.49998140335083
 Thread 3 estimated dimension 2 of 13 : 0.590250566261419  | time taken : 6.314012050628662
 Thread 7 estimated dimension 2 of 13 : 0.9760892350296074  | time taken : 1.797504186630249
 Thread 5 estimated dimension 3 of 13 : 0.5411797126320425  | time taken : 8.17625641822815
 Thread 3 estimated dimension 3 of 13 : 0.8663878502144141  | time taken : 2.5560169219970703
 Thread 1 estimated dimension 4 of 13 : 0.6987774119774429  | time taken : 6.325778007507324
 Thread 4 estimated dimension 3 of 13 : 0.8283360284001533  | time taken : 3.6776282787323
 Thread 6 estimated dimension 3 of 13 : 0.62571663441419  | time taken : 7.037233591079712
 Thread 6 estimated dimension 4 of 13 : 1  | time taken : 1.396190881729126
 Thread 7 estimated dimension 3 of 13 : 0.6308846616299041  | time taken : 6.987277984619141
 Thread 7 estimated dimension 4 of 13 : 0.9651989369319893  | time taken : 1.142235517501831
 Thread 1 estimated dimension 5 of 13 : 0.631862540553712  | time taken : 6.685330152511597
 Thread 2 estimated dimension 2 of 13 : 0.37988990217837215  | time taken : 13.364570140838623
 Thread 5 estimated dimension 4 of 13 : 0.3915157566213241  | time taken : 11.100787162780762
 Thread 5 estimated dimension 5 of 13 : 0.9999185199429411  | time taken : 1.2405095100402832
 Thread 7 estimated dimension 5 of 13 : 0.6124420642444682  | time taken : 4.960231304168701
 Thread 3 estimated dimension 4 of 13 : 0.2912607053931317  | time taken : 11.482864618301392
 Thread 2 estimated dimension 3 of 13 : 0.7240166759969313  | time taken : 3.6103742122650146
 Thread 6 estimated dimension 5 of 13 : 0.37134251959821774  | time taken : 9.397993564605713
 Thread 4 estimated dimension 4 of 13 : 0.29686298432580005  | time taken : 13.1073477268219
 Thread 1 estimated dimension 6 of 13 : 0.4166707304758985  | time taken : 7.895153045654297
 Thread 5 estimated dimension 6 of 13 : 0.623917551312264  | time taken : 4.444552183151245
 Thread 7 estimated dimension 6 of 13 : 0.5896361475906146  | time taken : 4.900334358215332
 Thread 3 estimated dimension 5 of 13 : 0.6160720367662718  | time taken : 4.812223434448242
 Thread 7 estimated dimension 7 of 13 : 0.9977100226770408  | time taken : 2.396437883377075
 Thread 6 estimated dimension 6 of 13 : 0.6238273374611892  | time taken : 6.073696613311768
 Thread 2 estimated dimension 4 of 13 : 0.4662772156842147  | time taken : 8.943900346755981
 Thread 3 estimated dimension 6 of 13 : 0.7078347397211383  | time taken : 6.35376763343811
 Thread 2 estimated dimension 5 of 13 : 1  | time taken : 1.055532455444336
 Thread 3 estimated dimension 7 of 13 : 1  | time taken : 1.3653674125671387
 Thread 4 estimated dimension 5 of 13 : 0.36932255098086114  | time taken : 12.626736640930176
 Thread 5 estimated dimension 7 of 13 : 0.5007518307143961  | time taken : 10.995058298110962
 Thread 7 estimated dimension 8 of 13 : 0.49619959756993115  | time taken : 11.895791053771973
 Thread 6 estimated dimension 7 of 13 : 0.4788082065603292  | time taken : 11.777854204177856
 Thread 1 estimated dimension 7 of 13 : 0.30612402868637945  | time taken : 17.369925260543823
 Thread 6 estimated dimension 8 of 13 : 0.9889030479854404  | time taken : 1.1073081493377686
 Thread 2 estimated dimension 6 of 13 : 0.3664619469260476  | time taken : 11.22846245765686
 Thread 5 estimated dimension 8 of 13 : 0.5044630505642896  | time taken : 8.011868238449097
 Thread 7 estimated dimension 9 of 13 : 0.7478340017233606  | time taken : 4.39819598197937
 Thread 3 estimated dimension 8 of 13 : 0.504223020226907  | time taken : 11.03843355178833
 Thread 5 estimated dimension 9 of 13 : 1  | time taken : 1.4061808586120605
 Thread 2 estimated dimension 7 of 13 : 0.9883481887584761  | time taken : 1.7052161693572998
 Thread 4 estimated dimension 6 of 13 : 0.49734690692676237  | time taken : 10.886658668518066
 Thread 5 estimated dimension 10 of 13 : 0.9865401810965593  | time taken : 1.295013666152954
 Thread 2 estimated dimension 8 of 13 : 1  | time taken : 1.5486390590667725
 Thread 4 estimated dimension 7 of 13 : 0.9587801376611343  | time taken : 1.6429705619812012
 Thread 5 estimated dimension 11 of 13 : 0.9843845685002577  | time taken : 1.0845286846160889
 Thread 6 estimated dimension 9 of 13 : 0.6266847805871126  | time taken : 6.430404186248779
 Thread 2 estimated dimension 9 of 13 : 1  | time taken : 1.2795488834381104
 Thread 1 estimated dimension 8 of 13 : 0.4824995054016141  | time taken : 8.212162733078003
 Thread 4 estimated dimension 8 of 13 : 1  | time taken : 1.9384543895721436
 Thread 5 estimated dimension 12 of 13 : 0.9929011896356869  | time taken : 2.06514048576355
 Thread 5 nsolns: 66254
 Thread 1 estimated dimension 9 of 13 : 1  | time taken : 1.4861412048339844
 Thread 7 estimated dimension 10 of 13 : 0.5952314188749711  | time taken : 8.164389371871948
 Thread 1 estimated dimension 10 of 13 : 0.9868158888639927  | time taken : 1.5095245838165283
 Thread 1 estimated dimension 11 of 13 : 1  | time taken : 1.189103126525879
 Thread 1 estimated dimension 12 of 13 : 1  | time taken : 1.0698623657226562
 Thread 1 nsolns: 67218
 Thread 2 estimated dimension 10 of 13 : 0.5083548204545892  | time taken : 7.6271257400512695
 Thread 3 estimated dimension 9 of 13 : 0.3662639622535631  | time taken : 12.462382793426514
 Thread 4 estimated dimension 9 of 13 : 0.5109239631666957  | time taken : 6.700261831283569
 Thread 6 estimated dimension 10 of 13 : 0.4896669189044483  | time taken : 9.081961393356323
 Thread 2 estimated dimension 11 of 13 : 0.979283407033813  | time taken : 1.227705717086792
 Thread 3 estimated dimension 10 of 13 : 0.9801997115971923  | time taken : 1.300546407699585
 Thread 4 estimated dimension 10 of 13 : 0.9891993691860116  | time taken : 1.4120070934295654
 Thread 6 estimated dimension 11 of 13 : 1  | time taken : 1.6779320240020752
 Thread 2 estimated dimension 12 of 13 : 0.9757304978611966  | time taken : 1.3375236988067627
 Thread 2 nsolns: 67365
 Thread 4 estimated dimension 11 of 13 : 1  | time taken : 1.359290599822998
 Thread 3 estimated dimension 11 of 13 : 1  | time taken : 1.5002765655517578
 Thread 6 estimated dimension 12 of 13 : 0.9837616064810554  | time taken : 1.1659495830535889
 Thread 6 nsolns: 66568
 Thread 7 estimated dimension 11 of 13 : 0.3773761266319037  | time taken : 8.780113697052002
 Thread 4 estimated dimension 12 of 13 : 0.9982323332408142  | time taken : 0.903031587600708
 Thread 4 nsolns: 68264
 Thread 3 estimated dimension 12 of 13 : 1  | time taken : 0.9092977046966553
 Thread 3 nsolns: 68037
 Thread 7 estimated dimension 12 of 13 : 1  | time taken : 0.6012496948242188
 Thread 7 nsolns: 66568
 Thread 1 estimated dimension 0 of 13 : 0.3806573146608749  | time taken : 7.423438549041748
 Thread 1 estimated dimension 1 of 13 : 0.6836020380036524  | time taken : 4.693361759185791
 Thread 1 estimated dimension 2 of 13 : 0.9791970879507781  | time taken : 0.6577179431915283
 Thread 1 estimated dimension 3 of 13 : 0.37684121710742186  | time taken : 6.122020483016968
 Thread 1 estimated dimension 4 of 13 : 0.26740043513877965  | time taken : 3.3297603130340576
 Thread 1 estimated dimension 5 of 13 : 0.6339847884284464  | time taken : 1.5995168685913086
 Thread 1 estimated dimension 6 of 13 : 0.9924386283277188  | time taken : 0.472170352935791
 Thread 1 estimated dimension 7 of 13 : 0.9670501109174724  | time taken : 0.7018723487854004
 Thread 1 estimated dimension 8 of 13 : 0.5100964381649696  | time taken : 4.074296474456787
 Thread 1 estimated dimension 9 of 13 : 0.9754364545713884  | time taken : 0.5808582305908203
 Thread 1 estimated dimension 10 of 13 : 1  | time taken : 1.0280487537384033
 Thread 1 estimated dimension 11 of 13 : 1  | time taken : 1.0916881561279297
 Thread 1 estimated dimension 12 of 13 : 1  | time taken : 0.9450151920318604
 Thread 1 nsolns: 67884
 estimated weights : [0.004527673151356875, 0.005521852268299741, 0.009621940497467823, 0.004820979835414643, 0.00690981860253186, 0.005337371871993627, 0.005884899421830599, 0.006908457488794651, 0.004854366925036196, 0.004968776579864563, 0.0043056557961167665, 0.004482387515346483, 0.0068157940338549544, 0.006469763857155173, 0.0045701620770056, 0.0046339605969295955, 0.007170814944362113, 0.004973707239375757, 0.004710655189822105, 0.0048339954109774385, 0.0054164739864926755, 0.0076645959892408305, 0.005827133122281362, 0.005693973369727871, 0.00592945163296616, 0.0053543703354135535, 0.0045637140411280705, 0.005341293902833972, 0.00962131935596821, 0.0077492381706080705, 0.004815385746219799, 0.01290040801706574, 0.0037173830925554562, 0.0061822762924917405, 0.007981923163040968, 0.005300957446435262, 0.01082459025944252, 0.0034603831941523023, 0.005090578262589523, 0.008518345406778902, 0.0055156098917214505, 0.004507792392961421, 0.0052697033348478445, 0.003736883766161482, 0.004332710267677988, 0.007971025731132307, 0.0039492041418547254, 0.004061428811542882, 0.0051318685588581875, 0.0039132316315550995, 0.006106701673512638, 0.0067503649659299385, 0.003930527462184897, 0.005101671764446848, 0.006611739127403337, 0.0034826941307074, 0.010643924845124114, 0.005171983854834779, 0.004657640859339972, 0.012431352498123261, 0.004274255922908781, 0.003384106227771131, 0.00648635028212053, 0.004927449443238111, 0.004746324916814422, 0.005586416841168238, 0.00519451225753428, 0.004995479544032864, 0.00433279071688279, 0.004550132264790953, 0.007773397904549021]
