numSolutions: 82 k : 2453
10 82 0.03162277660168379 0.00012195121951219512

 Thread 3 estimated dimension 0 of 10 : 0.4582221812260188  | time taken : 17.45631241798401
 Thread 4 estimated dimension 0 of 10 : 0.44424027382235964  | time taken : 17.44516348838806
 Thread 5 estimated dimension 0 of 10 : 0.44401368211270004  | time taken : 18.053541898727417
 Thread 7 estimated dimension 0 of 10 : 0.44973282564277256  | time taken : 18.291279792785645
 Thread 1 estimated dimension 0 of 10 : 0.4413799403215685  | time taken : 18.613155841827393
 Thread 6 estimated dimension 0 of 10 : 0.4494183119790709  | time taken : 18.59967017173767
 Thread 2 estimated dimension 0 of 10 : 0.44821065534201954  | time taken : 18.67338228225708
 Thread 5 estimated dimension 1 of 10 : 0.9860113372481467  | time taken : 7.060509204864502
 Thread 4 estimated dimension 1 of 10 : 1  | time taken : 7.68177056312561
 Thread 3 estimated dimension 1 of 10 : 1  | time taken : 8.039193868637085
 Thread 1 estimated dimension 1 of 10 : 1  | time taken : 7.053003549575806
 Thread 6 estimated dimension 1 of 10 : 1  | time taken : 7.262197971343994
 Thread 2 estimated dimension 1 of 10 : 1  | time taken : 7.2155070304870605
 Thread 7 estimated dimension 1 of 10 : 0.9992895224223074  | time taken : 7.827993631362915
 Thread 3 estimated dimension 2 of 10 : 1  | time taken : 6.126323461532593
 Thread 4 estimated dimension 2 of 10 : 0.9745959786527557  | time taken : 6.873315334320068
 Thread 1 estimated dimension 2 of 10 : 0.95265725427564  | time taken : 7.360904216766357
 Thread 5 estimated dimension 2 of 10 : 0.9856939927257132  | time taken : 8.180594682693481
 Thread 7 estimated dimension 2 of 10 : 0.9808256102840006  | time taken : 7.29207706451416
 Thread 2 estimated dimension 2 of 10 : 0.998082419348039  | time taken : 7.708958864212036
 Thread 6 estimated dimension 2 of 10 : 0.9912537918026714  | time taken : 7.827131986618042
 Thread 1 estimated dimension 3 of 10 : 0.6780665856978312  | time taken : 8.809742212295532
 Thread 3 estimated dimension 3 of 10 : 0.6787538314798528  | time taken : 11.29884386062622
 Thread 4 estimated dimension 3 of 10 : 0.6760670860961092  | time taken : 11.10827374458313
 Thread 6 estimated dimension 3 of 10 : 0.6771192074269025  | time taken : 10.765123844146729
 Thread 5 estimated dimension 3 of 10 : 0.700820793581743  | time taken : 11.307578086853027
 Thread 2 estimated dimension 3 of 10 : 0.6986499212314426  | time taken : 11.232395887374878
 Thread 7 estimated dimension 3 of 10 : 0.6917419245041204  | time taken : 12.435984134674072
 Thread 1 estimated dimension 4 of 10 : 0.7774432461952284  | time taken : 9.962197065353394
 Thread 4 estimated dimension 4 of 10 : 0.8094087175998026  | time taken : 9.76885724067688
 Thread 3 estimated dimension 4 of 10 : 0.7999658714020916  | time taken : 10.778465270996094
 Thread 6 estimated dimension 4 of 10 : 0.7973857129977058  | time taken : 9.763078212738037
 Thread 2 estimated dimension 4 of 10 : 0.7929621874784059  | time taken : 9.43441653251648
 Thread 7 estimated dimension 4 of 10 : 0.8056458986093573  | time taken : 8.81076192855835
 Thread 5 estimated dimension 4 of 10 : 0.7914147259097685  | time taken : 10.834091186523438
 Thread 1 estimated dimension 5 of 10 : 0.41541600733565376  | time taken : 18.298002004623413
 Thread 6 estimated dimension 5 of 10 : 0.41941425521412284  | time taken : 17.29219627380371
 Thread 2 estimated dimension 5 of 10 : 0.4046184305574152  | time taken : 18.217715740203857
 Thread 3 estimated dimension 5 of 10 : 0.39973208171024355  | time taken : 19.28656268119812
 Thread 7 estimated dimension 5 of 10 : 0.41599036572944625  | time taken : 18.43919062614441
 Thread 5 estimated dimension 5 of 10 : 0.41517338887255606  | time taken : 18.330880880355835
 Thread 4 estimated dimension 5 of 10 : 0.41024935237586785  | time taken : 20.883901596069336
 Thread 1 estimated dimension 6 of 10 : 0.9980367047665235  | time taken : 6.277801513671875
 Thread 6 estimated dimension 6 of 10 : 0.9769991242576346  | time taken : 6.487154483795166
 Thread 2 estimated dimension 6 of 10 : 0.9648834922611625  | time taken : 7.036651849746704
 Thread 7 estimated dimension 6 of 10 : 0.9754187420966339  | time taken : 6.720081090927124
 Thread 5 estimated dimension 6 of 10 : 0.976686618397868  | time taken : 6.61371374130249
 Thread 3 estimated dimension 6 of 10 : 1  | time taken : 7.888527870178223
 Thread 4 estimated dimension 6 of 10 : 1  | time taken : 7.743496656417847
 Thread 1 estimated dimension 7 of 10 : 0.6920534466491465  | time taken : 10.145134687423706
 Thread 6 estimated dimension 7 of 10 : 0.7093772838056964  | time taken : 10.778014659881592
 Thread 2 estimated dimension 7 of 10 : 0.7147822335165804  | time taken : 10.105992794036865
 Thread 7 estimated dimension 7 of 10 : 0.6861008174573913  | time taken : 10.50990080833435
 Thread 5 estimated dimension 7 of 10 : 0.6839755332682869  | time taken : 10.528789520263672
 Thread 3 estimated dimension 7 of 10 : 0.6816224545903552  | time taken : 10.67965292930603
 Thread 4 estimated dimension 7 of 10 : 0.6866940424811979  | time taken : 10.68139362335205
 Thread 1 estimated dimension 8 of 10 : 0.6787983085249719  | time taken : 11.792553663253784
 Thread 2 estimated dimension 8 of 10 : 0.7085811762482701  | time taken : 9.58582592010498
 Thread 6 estimated dimension 8 of 10 : 0.6552314154678434  | time taken : 10.862382173538208
 Thread 3 estimated dimension 8 of 10 : 0.6701440693325581  | time taken : 9.153059005737305
 Thread 4 estimated dimension 8 of 10 : 0.714795220185908  | time taken : 9.914807558059692
 Thread 7 estimated dimension 8 of 10 : 0.6656135444722934  | time taken : 12.035335540771484
 Thread 5 estimated dimension 8 of 10 : 0.6765153467024383  | time taken : 12.469756841659546
 Thread 1 estimated dimension 9 of 10 : 0.49967569458635713  | time taken : 13.976666927337646
 Thread 1 nsolns: 37552
 Thread 6 estimated dimension 9 of 10 : 0.4946802885661276  | time taken : 14.726945638656616
 Thread 6 nsolns: 37497
 Thread 2 estimated dimension 9 of 10 : 0.5011931025531379  | time taken : 15.577097177505493
 Thread 2 nsolns: 37445
 Thread 3 estimated dimension 9 of 10 : 0.49340238479546505  | time taken : 15.864819288253784
 Thread 3 nsolns: 37602
 Thread 4 estimated dimension 9 of 10 : 0.49159948927138325  | time taken : 14.637977600097656
 Thread 4 nsolns: 37470
 Thread 5 estimated dimension 9 of 10 : 0.5063423047488186  | time taken : 13.75938630104065
 Thread 5 nsolns: 37606
 Thread 7 estimated dimension 9 of 10 : 0.4860153996591344  | time taken : 16.395084619522095
 Thread 7 nsolns: 37532
 Thread 6 estimated dimension 0 of 10 : 0.6250708726538199  | time taken : 14.700736284255981
 Thread 5 estimated dimension 0 of 10 : 0.6211523526843159  | time taken : 12.13228964805603
 Thread 3 estimated dimension 0 of 10 : 0.6337897731932476  | time taken : 13.148950099945068
 Thread 1 estimated dimension 0 of 10 : 0.44817325666402763  | time taken : 19.10785746574402
 Thread 2 estimated dimension 0 of 10 : 0.4463197294125315  | time taken : 17.600448608398438
 Thread 4 estimated dimension 0 of 10 : 0.43607862393630026  | time taken : 18.56431007385254
 Thread 7 estimated dimension 0 of 10 : 0.45394891453882596  | time taken : 16.863994598388672
 Thread 5 estimated dimension 1 of 10 : 0.7796497057805999  | time taken : 9.580467700958252
 Thread 3 estimated dimension 1 of 10 : 0.8231590936557951  | time taken : 9.070716142654419
 Thread 2 estimated dimension 1 of 10 : 1  | time taken : 6.665109634399414
 Thread 1 estimated dimension 1 of 10 : 0.9995543629277346  | time taken : 8.081971406936646
 Thread 7 estimated dimension 1 of 10 : 1  | time taken : 7.033309459686279
 Thread 4 estimated dimension 1 of 10 : 1  | time taken : 7.939874172210693
 Thread 2 estimated dimension 2 of 10 : 0.9852303593126538  | time taken : 7.852416038513184
 Thread 1 estimated dimension 2 of 10 : 1  | time taken : 8.042368173599243
 Thread 5 estimated dimension 2 of 10 : 0.7353090129398768  | time taken : 10.696393966674805
 Thread 7 estimated dimension 2 of 10 : 1  | time taken : 6.924383640289307
 Thread 3 estimated dimension 2 of 10 : 0.7442740092648392  | time taken : 11.08879804611206
 Thread 4 estimated dimension 2 of 10 : 1  | time taken : 7.203479528427124
 Thread 2 estimated dimension 3 of 10 : 0.7017901542695992  | time taken : 10.01911187171936
 Thread 5 estimated dimension 3 of 10 : 0.9999055649708957  | time taken : 7.950368165969849
 Thread 3 estimated dimension 3 of 10 : 1  | time taken : 8.522775650024414
 Thread 1 estimated dimension 3 of 10 : 0.6963221138724771  | time taken : 10.840670108795166
 Thread 7 estimated dimension 3 of 10 : 0.6884860152292366  | time taken : 9.938030481338501
 Thread 4 estimated dimension 3 of 10 : 0.6972325694349102  | time taken : 10.82249665260315
 Thread 2 estimated dimension 4 of 10 : 0.7656324094192511  | time taken : 10.387893676757812
 Thread 6 estimated dimension 1 of 10 : 0.19218125851600987  | time taken : 38.751177072525024
 Thread 3 estimated dimension 4 of 10 : 0.806969660075584  | time taken : 10.398228406906128
 Thread 4 estimated dimension 4 of 10 : 0.7846469306875514  | time taken : 7.5299131870269775
 Thread 5 estimated dimension 4 of 10 : 0.8166787179552143  | time taken : 11.400838375091553
 Thread 1 estimated dimension 4 of 10 : 0.7902559760838614  | time taken : 10.729039430618286
 Thread 7 estimated dimension 4 of 10 : 0.7913605081058132  | time taken : 10.827240467071533
 Thread 3 estimated dimension 5 of 10 : 0.6077856235319645  | time taken : 14.121090412139893
 Thread 6 estimated dimension 2 of 10 : 0.48695035402701203  | time taken : 15.708326578140259
 Thread 7 estimated dimension 5 of 10 : 0.41138576364364327  | time taken : 13.715025663375854
 Thread 2 estimated dimension 5 of 10 : 0.4095787848353573  | time taken : 20.216856956481934
 Thread 4 estimated dimension 5 of 10 : 0.4174881212139241  | time taken : 19.298161268234253
 Thread 5 estimated dimension 5 of 10 : 0.40825577058829493  | time taken : 20.68201446533203
 Thread 1 estimated dimension 5 of 10 : 0.40955801101515715  | time taken : 20.80402970314026
 Thread 3 estimated dimension 6 of 10 : 0.8205165066179793  | time taken : 7.318423748016357
 Thread 6 estimated dimension 3 of 10 : 1  | time taken : 7.54875922203064
 Thread 7 estimated dimension 6 of 10 : 1  | time taken : 7.208371162414551
 Thread 4 estimated dimension 6 of 10 : 0.9876206017908864  | time taken : 6.258387327194214
 Thread 2 estimated dimension 6 of 10 : 0.9934569425693718  | time taken : 7.699032783508301
 Thread 6 estimated dimension 4 of 10 : 0.9841164533002751  | time taken : 6.329802989959717
 Thread 1 estimated dimension 6 of 10 : 0.9888596372272901  | time taken : 7.728421926498413
 Thread 7 estimated dimension 7 of 10 : 0.677329858090204  | time taken : 6.913947105407715
 Thread 5 estimated dimension 6 of 10 : 1  | time taken : 9.33903169631958
 Thread 3 estimated dimension 7 of 10 : 0.6958467809670779  | time taken : 9.516472578048706
 Thread 6 estimated dimension 5 of 10 : 1  | time taken : 5.440126657485962
 Thread 2 estimated dimension 7 of 10 : 0.7074807759920382  | time taken : 10.080274105072021
 Thread 4 estimated dimension 7 of 10 : 0.678786844324945  | time taken : 12.619283199310303
 Thread 1 estimated dimension 7 of 10 : 0.6996108435956957  | time taken : 11.091917037963867
 Thread 7 estimated dimension 8 of 10 : 0.6962606204206846  | time taken : 10.86461329460144
 Thread 3 estimated dimension 8 of 10 : 0.6987696410593252  | time taken : 10.460144758224487
 Thread 5 estimated dimension 7 of 10 : 0.6804703183943693  | time taken : 11.743395566940308
 Thread 2 estimated dimension 8 of 10 : 0.6939949770652853  | time taken : 10.52609372138977
 Thread 6 estimated dimension 6 of 10 : 0.5182369298188655  | time taken : 13.788353443145752
 Thread 4 estimated dimension 8 of 10 : 0.6850713877077552  | time taken : 10.285635948181152
 Thread 1 estimated dimension 8 of 10 : 0.6846313423270486  | time taken : 10.778398990631104
 Thread 6 estimated dimension 7 of 10 : 0.9728590617824204  | time taken : 6.923460006713867
 Thread 7 estimated dimension 9 of 10 : 0.49544045414419846  | time taken : 15.905439615249634
 Thread 7 nsolns: 37520
 Thread 3 estimated dimension 9 of 10 : 0.5023640642373818  | time taken : 15.399163722991943
 Thread 3 nsolns: 34880
 Thread 6 estimated dimension 8 of 10 : 0.9622852135166434  | time taken : 7.149924278259277
 Thread 2 estimated dimension 9 of 10 : 0.4884253390682483  | time taken : 16.120740175247192
 Thread 2 nsolns: 37518
 Thread 5 estimated dimension 8 of 10 : 0.33474924788309346  | time taken : 22.193416595458984
 Thread 4 estimated dimension 9 of 10 : 0.4963148475386157  | time taken : 15.715792655944824
 Thread 4 nsolns: 37630
 Thread 1 estimated dimension 9 of 10 : 0.506716529311803  | time taken : 13.988526344299316
 Thread 1 nsolns: 37597
 Thread 6 estimated dimension 9 of 10 : 1  | time taken : 6.967318534851074
 Thread 6 nsolns: 40855
 Thread 5 estimated dimension 9 of 10 : 0.9983054256483108  | time taken : 6.721790075302124
 Thread 5 nsolns: 37596
 Thread 7 estimated dimension 0 of 10 : 0.4499417549762542  | time taken : 17.67267370223999
 Thread 2 estimated dimension 0 of 10 : 0.621164636414045  | time taken : 12.209856033325195
 Thread 3 estimated dimension 0 of 10 : 0.45777272370657873  | time taken : 19.498191595077515
 Thread 1 estimated dimension 0 of 10 : 0.6290132020855528  | time taken : 12.933216094970703
 Thread 7 estimated dimension 1 of 10 : 1  | time taken : 6.9675164222717285
 Thread 6 estimated dimension 0 of 10 : 0.6342090803557476  | time taken : 12.927507162094116
 Thread 4 estimated dimension 0 of 10 : 0.44955737848336536  | time taken : 18.03508949279785
 Thread 3 estimated dimension 1 of 10 : 1  | time taken : 7.402631998062134
 Thread 2 estimated dimension 1 of 10 : 0.7968157430958672  | time taken : 8.949312210083008
 Thread 5 estimated dimension 0 of 10 : 0.44682221301513936  | time taken : 18.42154860496521
 Thread 7 estimated dimension 2 of 10 : 1  | time taken : 8.173611164093018
 Thread 4 estimated dimension 1 of 10 : 0.9933939969476319  | time taken : 7.374322175979614
 Thread 6 estimated dimension 1 of 10 : 0.8066009540411224  | time taken : 9.430392980575562
 Thread 3 estimated dimension 2 of 10 : 0.9898949476318658  | time taken : 7.800924777984619
 Thread 2 estimated dimension 2 of 10 : 0.7511142072144443  | time taken : 9.856988191604614
 Thread 5 estimated dimension 1 of 10 : 0.9740953698440749  | time taken : 6.3587775230407715
 Thread 4 estimated dimension 2 of 10 : 1  | time taken : 7.35689902305603
 Thread 7 estimated dimension 3 of 10 : 0.6936828193578132  | time taken : 11.14473032951355
 Thread 2 estimated dimension 3 of 10 : 1  | time taken : 7.330338001251221
 Thread 3 estimated dimension 3 of 10 : 0.6821680784790808  | time taken : 10.37134575843811
 Thread 6 estimated dimension 2 of 10 : 0.7564224425107199  | time taken : 10.900724411010742
 Thread 5 estimated dimension 2 of 10 : 1  | time taken : 7.75884222984314
 Thread 4 estimated dimension 3 of 10 : 0.6962989164513945  | time taken : 10.499556064605713
 Thread 6 estimated dimension 3 of 10 : 1  | time taken : 7.7234251499176025
 Thread 7 estimated dimension 4 of 10 : 0.7728719237545153  | time taken : 10.496448278427124
 Thread 2 estimated dimension 4 of 10 : 0.8069758808912222  | time taken : 9.312167406082153
 Thread 3 estimated dimension 4 of 10 : 0.8002268223091612  | time taken : 10.771193027496338
 Thread 5 estimated dimension 3 of 10 : 0.6627020787517273  | time taken : 10.485666751861572
 Thread 4 estimated dimension 4 of 10 : 0.8040252701168292  | time taken : 8.069321870803833
 Thread 6 estimated dimension 4 of 10 : 0.8119017485288027  | time taken : 10.78929328918457
 Thread 1 estimated dimension 1 of 10 : 0.1957574953255819  | time taken : 44.88425874710083
 Thread 5 estimated dimension 4 of 10 : 0.794961544360147  | time taken : 10.406349182128906
 Thread 3 estimated dimension 5 of 10 : 0.4052238034591865  | time taken : 16.681203365325928
 Thread 7 estimated dimension 5 of 10 : 0.41919253254366007  | time taken : 19.072944402694702
 Thread 2 estimated dimension 5 of 10 : 0.4152290040770362  | time taken : 19.406240224838257
 Thread 4 estimated dimension 5 of 10 : 0.41879572266647386  | time taken : 18.327183723449707
 Thread 6 estimated dimension 5 of 10 : 0.6046070946104125  | time taken : 13.191159963607788
 Thread 3 estimated dimension 6 of 10 : 0.9931336291512225  | time taken : 6.53548526763916
 Thread 7 estimated dimension 6 of 10 : 0.9905545290988055  | time taken : 6.80206823348999
 Thread 2 estimated dimension 6 of 10 : 1  | time taken : 8.015437841415405
 Thread 1 estimated dimension 2 of 10 : 0.4882338985431103  | time taken : 16.839803218841553
 Thread 4 estimated dimension 6 of 10 : 0.9920691700898019  | time taken : 6.840750455856323
 Thread 5 estimated dimension 5 of 10 : 0.4010884162726625  | time taken : 17.605846881866455
 Thread 6 estimated dimension 6 of 10 : 0.8260874546623103  | time taken : 9.057860851287842
 Thread 3 estimated dimension 7 of 10 : 0.6751798181419425  | time taken : 10.515137910842896
 Thread 1 estimated dimension 3 of 10 : 1  | time taken : 7.189330339431763
 Thread 7 estimated dimension 7 of 10 : 0.6949743480080814  | time taken : 11.831796407699585
 Thread 2 estimated dimension 7 of 10 : 0.7045166809074465  | time taken : 10.080596208572388
 Thread 5 estimated dimension 6 of 10 : 0.9885724369178571  | time taken : 7.106676340103149
 Thread 4 estimated dimension 7 of 10 : 0.7076576917657729  | time taken : 10.095147132873535
 Thread 6 estimated dimension 7 of 10 : 0.6951861893564201  | time taken : 10.25771427154541
 Thread 1 estimated dimension 4 of 10 : 1  | time taken : 7.946673154830933
 Thread 3 estimated dimension 8 of 10 : 0.6906202536356041  | time taken : 10.552314043045044
 Thread 5 estimated dimension 7 of 10 : 0.6911641099902366  | time taken : 10.303019762039185
 Thread 7 estimated dimension 8 of 10 : 0.6772080928686017  | time taken : 11.070146322250366
 Thread 4 estimated dimension 8 of 10 : 0.6912301686659489  | time taken : 8.986085653305054
 Thread 1 estimated dimension 5 of 10 : 0.998958442961075  | time taken : 7.755825996398926
 Thread 6 estimated dimension 8 of 10 : 0.6675941928623896  | time taken : 10.370177030563354
 Thread 2 estimated dimension 8 of 10 : 0.3312592974224442  | time taken : 21.815017461776733
 Thread 5 estimated dimension 8 of 10 : 0.6863116298232123  | time taken : 12.265029191970825
 Thread 7 estimated dimension 9 of 10 : 0.49577680511985317  | time taken : 13.140199899673462
 Thread 7 nsolns: 37476
 Thread 3 estimated dimension 9 of 10 : 0.4995562393971516  | time taken : 15.912433624267578
 Thread 3 nsolns: 37545
 Thread 4 estimated dimension 9 of 10 : 0.5052209048660081  | time taken : 13.864833116531372
 Thread 4 nsolns: 37462
 Thread 1 estimated dimension 6 of 10 : 0.5210158791306801  | time taken : 13.121729850769043
 Thread 2 estimated dimension 9 of 10 : 1  | time taken : 6.938632488250732
 Thread 2 nsolns: 37430
 Thread 6 estimated dimension 9 of 10 : 0.47868520016850247  | time taken : 18.558332920074463
 Thread 6 nsolns: 35209
 Thread 1 estimated dimension 7 of 10 : 0.9717495565163217  | time taken : 7.261399745941162
 Thread 5 estimated dimension 9 of 10 : 0.48251900422598215  | time taken : 13.750876426696777
 Thread 5 nsolns: 37680
 Thread 3 estimated dimension 0 of 10 : 0.6301020329317792  | time taken : 13.87277865409851
 Thread 1 estimated dimension 8 of 10 : 0.9836032596910388  | time taken : 6.033266305923462
 Thread 7 estimated dimension 0 of 10 : 0.44192751267834385  | time taken : 18.72313642501831
 Thread 4 estimated dimension 0 of 10 : 0.4353930081668421  | time taken : 18.433461666107178
 Thread 2 estimated dimension 0 of 10 : 0.4514422055247062  | time taken : 17.727505207061768
 Thread 1 estimated dimension 9 of 10 : 0.9686695272857735  | time taken : 7.826331615447998
 Thread 1 nsolns: 41021
 Thread 7 estimated dimension 1 of 10 : 0.9916775106175308  | time taken : 5.925703287124634
 Thread 6 estimated dimension 0 of 10 : 0.45008681203767564  | time taken : 18.190892934799194
 Thread 4 estimated dimension 1 of 10 : 0.9744508913061479  | time taken : 8.492380142211914
 Thread 2 estimated dimension 1 of 10 : 0.9985399032952729  | time taken : 7.254871845245361
 Thread 5 estimated dimension 0 of 10 : 0.4375296707236431  | time taken : 18.769516468048096
 Thread 7 estimated dimension 2 of 10 : 0.9896829229892856  | time taken : 6.925123691558838
 Thread 4 estimated dimension 2 of 10 : 0.9870560210836815  | time taken : 7.250747442245483
 Thread 6 estimated dimension 1 of 10 : 1  | time taken : 8.056199073791504
 Thread 2 estimated dimension 2 of 10 : 0.9732135103202247  | time taken : 7.738604784011841
 Thread 5 estimated dimension 1 of 10 : 1  | time taken : 6.935360908508301
 Thread 6 estimated dimension 2 of 10 : 0.9966126457522859  | time taken : 7.264920473098755
 Thread 1 estimated dimension 0 of 10 : 0.4499306219627194  | time taken : 19.234889030456543
 Thread 7 estimated dimension 3 of 10 : 0.7027134809021606  | time taken : 11.779787063598633
 Thread 5 estimated dimension 2 of 10 : 0.986816016678282  | time taken : 6.98966908454895
 Thread 4 estimated dimension 3 of 10 : 0.6595297725124849  | time taken : 10.689867973327637
 Thread 2 estimated dimension 3 of 10 : 0.6787897064688644  | time taken : 10.650676965713501
 Thread 1 estimated dimension 1 of 10 : 1  | time taken : 6.567510604858398
 Thread 7 estimated dimension 4 of 10 : 0.7869691352750395  | time taken : 9.852684736251831
 Thread 5 estimated dimension 3 of 10 : 0.6895911335275714  | time taken : 9.168605089187622
 Thread 6 estimated dimension 3 of 10 : 0.6916548363783074  | time taken : 12.093724250793457
 Thread 4 estimated dimension 4 of 10 : 0.8038391060579915  | time taken : 10.096430540084839
 Thread 1 estimated dimension 2 of 10 : 1  | time taken : 7.040474891662598
 Thread 2 estimated dimension 4 of 10 : 0.8073832638370328  | time taken : 9.242297649383545
 Thread 3 estimated dimension 1 of 10 : 0.1930874428698083  | time taken : 43.93423247337341
 Thread 5 estimated dimension 4 of 10 : 0.802286489580467  | time taken : 9.545226335525513
 Thread 6 estimated dimension 4 of 10 : 0.7820311533111061  | time taken : 9.670892000198364
 Thread 1 estimated dimension 3 of 10 : 0.6489835834336395  | time taken : 12.885246276855469
 Thread 7 estimated dimension 5 of 10 : 0.4228442685624983  | time taken : 18.510894298553467
 Thread 4 estimated dimension 5 of 10 : 0.4178851968488877  | time taken : 17.917666912078857
 Thread 3 estimated dimension 2 of 10 : 0.4830979290127733  | time taken : 16.454403400421143
 Thread 2 estimated dimension 5 of 10 : 0.40429030859532483  | time taken : 18.122597455978394
 Thread 7 estimated dimension 6 of 10 : 0.9855159865803444  | time taken : 6.62116813659668
 Thread 1 estimated dimension 4 of 10 : 0.7753489419879116  | time taken : 9.747140169143677
 Thread 4 estimated dimension 6 of 10 : 1  | time taken : 6.533597707748413
 Thread 3 estimated dimension 3 of 10 : 1  | time taken : 7.639662265777588
 Thread 2 estimated dimension 6 of 10 : 0.9943533419784475  | time taken : 7.498460531234741
 Thread 5 estimated dimension 5 of 10 : 0.4115390474704072  | time taken : 19.639448404312134
 Thread 6 estimated dimension 5 of 10 : 0.4111374365617299  | time taken : 19.014175176620483
 Thread 7 estimated dimension 7 of 10 : 0.6946559904489552  | time taken : 9.872528076171875
 Thread 3 estimated dimension 4 of 10 : 1  | time taken : 7.3341217041015625
 Thread 5 estimated dimension 6 of 10 : 0.9985650507352704  | time taken : 7.294543266296387
 Thread 4 estimated dimension 7 of 10 : 0.6950573837617106  | time taken : 10.582841873168945
 Thread 6 estimated dimension 6 of 10 : 1  | time taken : 7.534142732620239
 Thread 2 estimated dimension 7 of 10 : 0.6841931903027507  | time taken : 10.10943603515625
 Thread 3 estimated dimension 5 of 10 : 0.9851719710071863  | time taken : 7.527298450469971
 Thread 7 estimated dimension 8 of 10 : 0.6743021044715302  | time taken : 8.771445751190186
 Thread 1 estimated dimension 5 of 10 : 0.4086694008071201  | time taken : 18.752289295196533
 Thread 5 estimated dimension 7 of 10 : 0.689996638502337  | time taken : 10.518978595733643
 Thread 4 estimated dimension 8 of 10 : 0.6968250769993976  | time taken : 10.500324010848999
 Thread 6 estimated dimension 7 of 10 : 0.6962701472680203  | time taken : 10.734685182571411
 Thread 2 estimated dimension 8 of 10 : 0.6857334491757011  | time taken : 10.44792652130127
 Thread 1 estimated dimension 6 of 10 : 0.9828059964067531  | time taken : 6.806839466094971
 Thread 5 estimated dimension 8 of 10 : 0.6841026635791038  | time taken : 9.728333234786987
 Thread 7 estimated dimension 9 of 10 : 0.49378887193568144  | time taken : 14.3960440158844
 Thread 7 nsolns: 37471
 Thread 3 estimated dimension 6 of 10 : 0.527720890983  | time taken : 14.557791233062744
 Thread 6 estimated dimension 8 of 10 : 0.6450126588025757  | time taken : 10.788581848144531
 Thread 1 estimated dimension 7 of 10 : 0.6592644083311123  | time taken : 10.808670043945312
 Thread 4 estimated dimension 9 of 10 : 0.49613649595610965  | time taken : 14.414157390594482
 Thread 4 nsolns: 37602
 Thread 3 estimated dimension 7 of 10 : 1  | time taken : 6.86065411567688
 Thread 2 estimated dimension 9 of 10 : 0.4963399323886526  | time taken : 15.976921796798706
 Thread 2 nsolns: 37546
 Thread 3 estimated dimension 8 of 10 : 0.9968580180454273  | time taken : 6.708378076553345
 Thread 6 estimated dimension 9 of 10 : 0.49285035701444946  | time taken : 13.233595132827759
 Thread 6 nsolns: 37522
 Thread 5 estimated dimension 9 of 10 : 0.5006267401027765  | time taken : 15.244263172149658
 Thread 5 nsolns: 37494
 Thread 1 estimated dimension 8 of 10 : 0.6717359512450914  | time taken : 11.158676385879517
 Thread 7 estimated dimension 0 of 10 : 0.4423448829472024  | time taken : 17.534022569656372
 Thread 4 estimated dimension 0 of 10 : 0.6238361156577115  | time taken : 14.920891284942627
 Thread 3 estimated dimension 9 of 10 : 1  | time taken : 6.102972745895386
 Thread 3 nsolns: 40937
 Thread 2 estimated dimension 0 of 10 : 0.6425009324852138  | time taken : 12.234448671340942
 Thread 7 estimated dimension 1 of 10 : 1  | time taken : 5.871395111083984
 Thread 7 estimated dimension 2 of 10 : 0.9645244591818578  | time taken : 7.09480619430542
 Thread 1 estimated dimension 9 of 10 : 0.4932487711059246  | time taken : 16.25490713119507
 Thread 1 nsolns: 37577
 Thread 6 estimated dimension 0 of 10 : 0.448300568076468  | time taken : 17.267388343811035
 Thread 5 estimated dimension 0 of 10 : 0.4560311145977731  | time taken : 19.56513214111328
 Thread 3 estimated dimension 0 of 10 : 0.4481154862907481  | time taken : 19.181915760040283
 Thread 6 estimated dimension 1 of 10 : 1  | time taken : 7.393168687820435
 Thread 7 estimated dimension 3 of 10 : 0.7057979926701948  | time taken : 10.37143588066101
 Thread 5 estimated dimension 1 of 10 : 0.9947750619028465  | time taken : 7.218845367431641
 Thread 3 estimated dimension 1 of 10 : 1  | time taken : 6.762499809265137
 Thread 6 estimated dimension 2 of 10 : 0.9800917376138495  | time taken : 7.911433696746826
 Thread 5 estimated dimension 2 of 10 : 1  | time taken : 6.76125693321228
 Thread 1 estimated dimension 0 of 10 : 0.45572846556089086  | time taken : 16.74643325805664
 Thread 7 estimated dimension 4 of 10 : 0.7919764401577835  | time taken : 10.174019575119019
 Thread 3 estimated dimension 2 of 10 : 1  | time taken : 6.859631776809692
 Thread 1 estimated dimension 1 of 10 : 1  | time taken : 7.464784622192383
 Thread 6 estimated dimension 3 of 10 : 0.6982543471310744  | time taken : 11.210264682769775
 Thread 5 estimated dimension 3 of 10 : 0.6878342276565844  | time taken : 11.471866846084595
 Thread 1 estimated dimension 2 of 10 : 0.9700377096877048  | time taken : 7.744068384170532
 Thread 3 estimated dimension 3 of 10 : 0.693085669942785  | time taken : 11.482211112976074
 Thread 2 estimated dimension 1 of 10 : 0.19488600142527177  | time taken : 44.66699528694153exiting with current heads : 2452 out of 2453 | exp rv: 12655.95580008463

 Thread 4 estimated dimension 1 of 10 : 0.19374277523816918  | time taken : 47.673996686935425
 Thread 6 estimated dimension 4 of 10 : 0.7936268459344934  | time taken : 8.610579252243042
 Thread 7 estimated dimension 5 of 10 : 0.4011729903816842  | time taken : 16.708893299102783
 Thread 5 estimated dimension 4 of 10 : 0.7835882324651597  | time taken : 10.870579242706299
 Thread 3 estimated dimension 4 of 10 : 0.7747753014717869  | time taken : 8.673121213912964
 Thread 7 estimated dimension 6 of 10 : 0.9773129473670336  | time taken : 5.80125880241394
 Thread 1 estimated dimension 3 of 10 : 0.6800691065878917  | time taken : 12.255168437957764
 Thread 2 estimated dimension 2 of 10 : 0.49306270811455083  | time taken : 13.858433723449707
 Thread 4 estimated dimension 2 of 10 : 0.48747801502714305  | time taken : 15.651485443115234
 Thread 7 estimated dimension 7 of 10 : 0.6919501152320232  | time taken : 11.478508234024048
 Thread 2 estimated dimension 3 of 10 : 1  | time taken : 7.248997688293457
 Thread 1 estimated dimension 4 of 10 : 0.7788300902444064  | time taken : 10.341289520263672
 Thread 3 estimated dimension 5 of 10 : 0.41809927765115434  | time taken : 14.903178930282593
 Thread 6 estimated dimension 5 of 10 : 0.4221851665711593  | time taken : 20.631397247314453
 Thread 4 estimated dimension 3 of 10 : 0.9919770058489064  | time taken : 7.469128847122192
 Thread 5 estimated dimension 5 of 10 : 0.41601996119668344  | time taken : 20.499503135681152
 Thread 2 estimated dimension 4 of 10 : 1  | time taken : 7.572207689285278
 Thread 3 estimated dimension 6 of 10 : 1  | time taken : 6.963295221328735
 Thread 7 estimated dimension 8 of 10 : 0.6896442375319487  | time taken : 9.911022663116455
 Thread 6 estimated dimension 6 of 10 : 1  | time taken : 7.3641884326934814
 Thread 4 estimated dimension 4 of 10 : 1  | time taken : 6.267233610153198
 Thread 2 estimated dimension 5 of 10 : 0.9848602467722285  | time taken : 4.621351480484009
 Thread 5 estimated dimension 6 of 10 : 0.9901423989131201  | time taken : 9.341101169586182
 Thread 4 estimated dimension 5 of 10 : 1  | time taken : 8.169235467910767
 Thread 1 estimated dimension 5 of 10 : 0.4041629006532269  | time taken : 19.10134744644165
 Thread 6 estimated dimension 7 of 10 : 0.7026047362325126  | time taken : 10.769518375396729
 Thread 3 estimated dimension 7 of 10 : 0.6858047373838941  | time taken : 11.657613039016724
 Thread 7 estimated dimension 9 of 10 : 0.49569094683281567  | time taken : 13.460736751556396
 Thread 7 nsolns: 37489
 Thread 5 estimated dimension 7 of 10 : 0.687862249431748  | time taken : 8.28151273727417
 Thread 2 estimated dimension 6 of 10 : 0.5272325918262228  | time taken : 12.436410665512085
 Thread 1 estimated dimension 6 of 10 : 0.9898789438054522  | time taken : 8.126953840255737
 Thread 4 estimated dimension 6 of 10 : 0.521343072651978  | time taken : 10.72632384300232
 Thread 6 estimated dimension 8 of 10 : 0.6789772246646153  | time taken : 12.165780782699585
 Thread 3 estimated dimension 8 of 10 : 0.6768046234255739  | time taken : 12.729469537734985
 Thread 2 estimated dimension 7 of 10 : 0.9659402365170475  | time taken : 8.85898470878601
 Thread 5 estimated dimension 8 of 10 : 0.6656880984621951  | time taken : 12.683724641799927
 Thread 7 estimated dimension 0 of 10 : 0.4531443797437715  | time taken : 14.987145900726318
 Thread 4 estimated dimension 7 of 10 : 1  | time taken : 8.306792259216309
 Thread 1 estimated dimension 7 of 10 : 0.7010325754343293  | time taken : 11.265233039855957
 Thread 2 estimated dimension 8 of 10 : 0.9883446136777856  | time taken : 5.7727952003479
 Thread 2 estimated dimension 9 of 10 : 1  | time taken : 3.830679178237915
 Thread 2 nsolns: 40979
 Thread 4 estimated dimension 8 of 10 : 0.9876764540141413  | time taken : 6.928159952163696
 Thread 7 estimated dimension 1 of 10 : 1  | time taken : 7.838428974151611
 Thread 6 estimated dimension 9 of 10 : 0.4829343379213915  | time taken : 13.58024263381958
 Thread 6 nsolns: 37602
 Thread 3 estimated dimension 9 of 10 : 0.5066559417768404  | time taken : 14.768200874328613
 Thread 3 nsolns: 37500
 Thread 1 estimated dimension 8 of 10 : 0.6618982111759463  | time taken : 12.650980710983276
 Thread 4 estimated dimension 9 of 10 : 1  | time taken : 6.8254921436309814
 Thread 4 nsolns: 40936
 Thread 5 estimated dimension 9 of 10 : 0.490977659232808  | time taken : 16.386136770248413
 Thread 5 nsolns: 37550
 Thread 7 estimated dimension 2 of 10 : 1  | time taken : 6.749572515487671
 Thread 2 estimated dimension 0 of 10 : 0.6160725928961825  | time taken : 13.996239423751831
 Thread 6 estimated dimension 0 of 10 : 0.6166658493509932  | time taken : 14.37375020980835
 Thread 7 estimated dimension 3 of 10 : 0.6784700364765583  | time taken : 10.821643352508545
 Thread 4 estimated dimension 0 of 10 : 0.6141288068186698  | time taken : 12.790870189666748
 Thread 3 estimated dimension 0 of 10 : 0.43928989031509513  | time taken : 16.94506335258484
 Thread 1 estimated dimension 9 of 10 : 0.4839979000201203  | time taken : 13.475017547607422
 Thread 1 nsolns: 37512
 Thread 2 estimated dimension 1 of 10 : 0.8036553779141561  | time taken : 9.64182448387146
 Thread 5 estimated dimension 0 of 10 : 0.449490096280231  | time taken : 17.64338731765747
 Thread 6 estimated dimension 1 of 10 : 0.8278638422703405  | time taken : 10.37731409072876
 Thread 3 estimated dimension 1 of 10 : 0.9622296862208282  | time taken : 7.791620254516602
 Thread 7 estimated dimension 4 of 10 : 0.8061526908174645  | time taken : 10.027493238449097
 Thread 4 estimated dimension 1 of 10 : 0.797197959684141  | time taken : 9.990994215011597
 Thread 5 estimated dimension 1 of 10 : 1  | time taken : 7.10387110710144
 Thread 1 estimated dimension 0 of 10 : 0.6288055566984722  | time taken : 13.60395884513855
 Thread 2 estimated dimension 2 of 10 : 0.7585655945692554  | time taken : 11.243717432022095
 Thread 3 estimated dimension 2 of 10 : 1  | time taken : 6.831209421157837
 Thread 6 estimated dimension 2 of 10 : 0.7404775343198208  | time taken : 9.583266735076904
 Thread 5 estimated dimension 2 of 10 : 1  | time taken : 7.4883716106414795
 Thread 4 estimated dimension 2 of 10 : 0.7535507356418204  | time taken : 10.978775024414062
 Thread 2 estimated dimension 3 of 10 : 1  | time taken : 7.100041389465332
 Thread 6 estimated dimension 3 of 10 : 0.9939566476831118  | time taken : 7.6004297733306885
 Thread 3 estimated dimension 3 of 10 : 0.7019873434484054  | time taken : 11.077585935592651
 Thread 7 estimated dimension 5 of 10 : 0.4198719209523533  | time taken : 18.69609785079956
 Thread 4 estimated dimension 3 of 10 : 1  | time taken : 6.715388059616089
 Thread 2 estimated dimension 4 of 10 : 0.8146566058727377  | time taken : 9.53803277015686
 Thread 5 estimated dimension 3 of 10 : 0.6983222892404246  | time taken : 11.472090721130371
 Thread 6 estimated dimension 4 of 10 : 0.8018223084580357  | time taken : 10.834780931472778
 Thread 7 estimated dimension 6 of 10 : 0.9812132256056851  | time taken : 7.967541694641113
 Thread 3 estimated dimension 4 of 10 : 0.8240294825333572  | time taken : 10.755775213241577
 Thread 4 estimated dimension 4 of 10 : 0.7914813223647862  | time taken : 9.843541622161865
 Thread 5 estimated dimension 4 of 10 : 0.7994356486878322  | time taken : 10.623325824737549
 Thread 7 estimated dimension 7 of 10 : 0.6845082553449808  | time taken : 9.489022016525269
 Thread 2 estimated dimension 5 of 10 : 0.4222157559450815  | time taken : 16.94290590286255
 Thread 1 estimated dimension 1 of 10 : 0.19343701501022037  | time taken : 37.872023582458496
 Thread 6 estimated dimension 5 of 10 : 0.41229110068982033  | time taken : 19.160170793533325
 Thread 2 estimated dimension 6 of 10 : 1  | time taken : 6.558683156967163
 Thread 7 estimated dimension 8 of 10 : 0.6818307354629719  | time taken : 11.38047480583191
 Thread 3 estimated dimension 5 of 10 : 0.4141251914072404  | time taken : 20.112218856811523
 Thread 4 estimated dimension 5 of 10 : 0.415172018903727  | time taken : 19.929399728775024
 Thread 5 estimated dimension 5 of 10 : 0.40899423656636624  | time taken : 18.99462914466858
 Thread 6 estimated dimension 6 of 10 : 0.9517653729052244  | time taken : 8.030227661132812
 Thread 3 estimated dimension 6 of 10 : 0.9950568005229873  | time taken : 5.7777605056762695
 Thread 4 estimated dimension 6 of 10 : 1  | time taken : 6.735394716262817
 Thread 2 estimated dimension 7 of 10 : 0.6729826997036781  | time taken : 10.050717115402222
 Thread 1 estimated dimension 2 of 10 : 0.49758564934142785  | time taken : 14.451086282730103
 Thread 5 estimated dimension 6 of 10 : 0.9906830299658262  | time taken : 6.769704341888428
 Thread 6 estimated dimension 7 of 10 : 0.6876927706590474  | time taken : 9.743440628051758
 Thread 7 estimated dimension 9 of 10 : 0.49573699637568386  | time taken : 15.877928733825684
 Thread 7 nsolns: 37504
 Thread 1 estimated dimension 3 of 10 : 1  | time taken : 7.22157096862793
 Thread 3 estimated dimension 7 of 10 : 0.6948793634737732  | time taken : 11.23451852798462
 Thread 4 estimated dimension 7 of 10 : 0.6943625829476263  | time taken : 10.247132539749146
 Thread 5 estimated dimension 7 of 10 : 0.6810377125661431  | time taken : 10.489562034606934
 Thread 1 estimated dimension 4 of 10 : 1  | time taken : 6.953742265701294
 Thread 6 estimated dimension 8 of 10 : 0.6921986194832064  | time taken : 10.333842515945435
 Thread 3 estimated dimension 8 of 10 : 0.6633682649255348  | time taken : 11.106661319732666
 Thread 2 estimated dimension 8 of 10 : 0.33181781349692885  | time taken : 22.26907253265381
 Thread 1 estimated dimension 5 of 10 : 0.9724500935983749  | time taken : 7.792403697967529
 Thread 5 estimated dimension 8 of 10 : 0.6899866467755081  | time taken : 10.926733493804932
 Thread 7 estimated dimension 0 of 10 : 0.4380553571906768  | time taken : 18.271214485168457
 Thread 2 estimated dimension 9 of 10 : 0.9993649516194969  | time taken : 7.303174257278442
 Thread 2 nsolns: 37557
 Thread 4 estimated dimension 8 of 10 : 0.33413364028080744  | time taken : 20.077158451080322
 Thread 6 estimated dimension 9 of 10 : 0.49184860494342986  | time taken : 15.258062362670898
 Thread 6 nsolns: 36293
 Thread 7 estimated dimension 1 of 10 : 1  | time taken : 7.213249444961548
 Thread 3 estimated dimension 9 of 10 : 0.4964270943403535  | time taken : 14.44544005393982
 Thread 3 nsolns: 37487
 Thread 4 estimated dimension 9 of 10 : 0.9847098421775586  | time taken : 5.4475417137146
 Thread 4 nsolns: 37650
 Thread 1 estimated dimension 6 of 10 : 0.5317140649041068  | time taken : 14.675995826721191
 Thread 7 estimated dimension 2 of 10 : 0.9874976162954778  | time taken : 8.132195711135864
 Thread 5 estimated dimension 9 of 10 : 0.49809034833809107  | time taken : 16.40286898612976
 Thread 5 nsolns: 37604
 Thread 2 estimated dimension 0 of 10 : 0.6313837957956029  | time taken : 13.584159135818481
 Thread 1 estimated dimension 7 of 10 : 1  | time taken : 6.639912366867065
 Thread 6 estimated dimension 0 of 10 : 0.6297910008786249  | time taken : 13.872208595275879
 Thread 7 estimated dimension 3 of 10 : 0.6970609607934132  | time taken : 10.45784616470337
 Thread 1 estimated dimension 8 of 10 : 0.9923842476956795  | time taken : 7.320632219314575
 Thread 3 estimated dimension 0 of 10 : 0.4364812101185868  | time taken : 17.946227312088013
 Thread 4 estimated dimension 0 of 10 : 0.44950972534312994  | time taken : 17.60251474380493
 Thread 5 estimated dimension 0 of 10 : 0.4456994807638993  | time taken : 17.68353772163391
 Thread 4 estimated dimension 1 of 10 : 0.9926314295951959  | time taken : 6.706585884094238
 Thread 1 estimated dimension 9 of 10 : 0.9967750347459904  | time taken : 7.4645514488220215
 Thread 1 nsolns: 41071
 Thread 7 estimated dimension 4 of 10 : 0.8242481697699775  | time taken : 9.096734285354614
 Thread 3 estimated dimension 1 of 10 : 1  | time taken : 8.1929292678833
 Thread 5 estimated dimension 1 of 10 : 0.9796549917245444  | time taken : 7.265823841094971
 Thread 4 estimated dimension 2 of 10 : 1  | time taken : 7.30128288269043
 Thread 3 estimated dimension 2 of 10 : 0.9995138540494893  | time taken : 7.699813604354858
 Thread 5 estimated dimension 2 of 10 : 1  | time taken : 7.15385627746582
 Thread 4 estimated dimension 3 of 10 : 0.6785263354444064  | time taken : 10.030678033828735
 Thread 1 estimated dimension 0 of 10 : 0.44660079848076595  | time taken : 17.81007432937622
 Thread 7 estimated dimension 5 of 10 : 0.4040206786246424  | time taken : 18.229259252548218
 Thread 3 estimated dimension 3 of 10 : 0.6933786808133116  | time taken : 10.89018964767456
 Thread 1 estimated dimension 1 of 10 : 1  | time taken : 6.240373134613037
 Thread 5 estimated dimension 3 of 10 : 0.6963621493568569  | time taken : 11.535470724105835
 Thread 2 estimated dimension 1 of 10 : 0.19377120233089476  | time taken : 42.55677819252014
 Thread 7 estimated dimension 6 of 10 : 0.983063463617279  | time taken : 7.70513129234314
 Thread 4 estimated dimension 4 of 10 : 0.8180369654436523  | time taken : 9.920161485671997
 Thread 6 estimated dimension 1 of 10 : 0.19331185847625323  | time taken : 42.09011626243591
 Thread 3 estimated dimension 4 of 10 : 0.8166580249043313  | time taken : 8.744991540908813
 Thread 1 estimated dimension 2 of 10 : 0.9872673814352604  | time taken : 6.869302272796631
 Thread 5 estimated dimension 4 of 10 : 0.7655700552847776  | time taken : 10.740204095840454
 Thread 7 estimated dimension 7 of 10 : 0.6833439842830967  | time taken : 10.935949087142944
 Thread 2 estimated dimension 2 of 10 : 0.48309913275605626  | time taken : 16.477340698242188
 Thread 1 estimated dimension 3 of 10 : 0.6812820466418771  | time taken : 11.378616094589233
 Thread 4 estimated dimension 5 of 10 : 0.4125056539728353  | time taken : 17.058908224105835
 Thread 6 estimated dimension 2 of 10 : 0.4961832878334955  | time taken : 16.691275596618652
 Thread 7 estimated dimension 8 of 10 : 0.678157364790593  | time taken : 9.33773136138916
 Thread 3 estimated dimension 5 of 10 : 0.40811344597185095  | time taken : 18.70120072364807
 Thread 2 estimated dimension 3 of 10 : 1  | time taken : 7.08263087272644
 Thread 4 estimated dimension 6 of 10 : 1  | time taken : 7.653033971786499
 Thread 6 estimated dimension 3 of 10 : 0.988354852343802  | time taken : 7.5390777587890625
 Thread 1 estimated dimension 4 of 10 : 0.7974557483402901  | time taken : 10.26231336593628
 Thread 5 estimated dimension 5 of 10 : 0.40442936302059296  | time taken : 18.614980220794678
 Thread 3 estimated dimension 6 of 10 : 0.9768379884950921  | time taken : 7.372705698013306
 Thread 2 estimated dimension 4 of 10 : 1  | time taken : 6.789616823196411
 Thread 6 estimated dimension 4 of 10 : 1  | time taken : 7.5033299922943115
 Thread 5 estimated dimension 6 of 10 : 1  | time taken : 6.860008239746094
 Thread 7 estimated dimension 9 of 10 : 0.5086593591677916  | time taken : 14.769744873046875
 Thread 7 nsolns: 37513
 Thread 2 estimated dimension 5 of 10 : 1  | time taken : 7.151305198669434
 Thread 4 estimated dimension 7 of 10 : 0.7043642673923663  | time taken : 11.160396575927734
 Thread 3 estimated dimension 7 of 10 : 0.7143392364582023  | time taken : 9.539273262023926
 Thread 6 estimated dimension 5 of 10 : 0.9701020410540929  | time taken : 7.340978384017944
 Thread 1 estimated dimension 5 of 10 : 0.4194519604249001  | time taken : 17.12082576751709
 Thread 5 estimated dimension 7 of 10 : 0.7143083256853894  | time taken : 11.236132383346558
 Thread 4 estimated dimension 8 of 10 : 0.6972202278225459  | time taken : 10.911208629608154
 Thread 3 estimated dimension 8 of 10 : 0.6783645393168606  | time taken : 10.29042649269104
 Thread 1 estimated dimension 6 of 10 : 0.9947475737321355  | time taken : 6.943206787109375
 Thread 2 estimated dimension 6 of 10 : 0.5173572515026291  | time taken : 14.466639757156372
 Thread 7 estimated dimension 0 of 10 : 0.44292044539927117  | time taken : 18.10086226463318
 Thread 6 estimated dimension 6 of 10 : 0.5374623338618703  | time taken : 13.117518424987793
 Thread 5 estimated dimension 8 of 10 : 0.6901308426145883  | time taken : 10.966652631759644
 Thread 2 estimated dimension 7 of 10 : 1  | time taken : 6.192911148071289
 Thread 7 estimated dimension 1 of 10 : 1  | time taken : 7.0225725173950195
 Thread 6 estimated dimension 7 of 10 : 0.9872279120170571  | time taken : 7.176153182983398
 Thread 1 estimated dimension 7 of 10 : 0.7054677933213815  | time taken : 10.735692024230957
 Thread 3 estimated dimension 9 of 10 : 0.4930833644934284  | time taken : 15.064502954483032
 Thread 3 nsolns: 37568
 Thread 4 estimated dimension 9 of 10 : 0.49866868424717514  | time taken : 16.427303552627563
 Thread 4 nsolns: 37493
 Thread 2 estimated dimension 8 of 10 : 0.9949738747458607  | time taken : 6.833114862442017
 Thread 7 estimated dimension 2 of 10 : 0.977747664444513  | time taken : 7.026159763336182
 Thread 6 estimated dimension 8 of 10 : 0.9704936460558268  | time taken : 6.775298595428467
 Thread 2 estimated dimension 9 of 10 : 0.9739130487081515  | time taken : 6.410364627838135
 Thread 2 nsolns: 40986
 Thread 1 estimated dimension 8 of 10 : 0.6829143697929868  | time taken : 10.910377025604248
 Thread 5 estimated dimension 9 of 10 : 0.48077446809567276  | time taken : 15.711511850357056
 Thread 5 nsolns: 37550
 Thread 6 estimated dimension 9 of 10 : 1  | time taken : 5.819498777389526
 Thread 6 nsolns: 40903
 Thread 7 estimated dimension 3 of 10 : 0.6812987128055152  | time taken : 10.666276931762695
 Thread 3 estimated dimension 0 of 10 : 0.43978193807132726  | time taken : 17.80674147605896
 Thread 4 estimated dimension 0 of 10 : 0.4417751910469937  | time taken : 17.874735116958618
 Thread 1 estimated dimension 9 of 10 : 0.48485424603266813  | time taken : 14.26490044593811
 Thread 1 nsolns: 37519
 Thread 7 estimated dimension 4 of 10 : 0.8090677951930689  | time taken : 10.239309072494507
 Thread 4 estimated dimension 1 of 10 : 0.9984517268194935  | time taken : 7.619386196136475
 Thread 2 estimated dimension 0 of 10 : 0.4502913926373232  | time taken : 19.075011491775513
 Thread 3 estimated dimension 1 of 10 : 1  | time taken : 8.803167819976807
 Thread 5 estimated dimension 0 of 10 : 0.4393895732090772  | time taken : 19.213470697402954
 Thread 6 estimated dimension 0 of 10 : 0.45628537436038036  | time taken : 18.540685176849365
 Thread 4 estimated dimension 2 of 10 : 1  | time taken : 6.781402826309204
 Thread 3 estimated dimension 2 of 10 : 0.9848119054274546  | time taken : 7.526447057723999
 Thread 2 estimated dimension 1 of 10 : 0.9973515520846595  | time taken : 7.9385035037994385
 Thread 5 estimated dimension 1 of 10 : 0.9957212942801094  | time taken : 7.19735312461853
 Thread 6 estimated dimension 1 of 10 : 1  | time taken : 7.537109613418579
 Thread 1 estimated dimension 0 of 10 : 0.45325051640094927  | time taken : 16.877920627593994
 Thread 2 estimated dimension 2 of 10 : 0.999723443048053  | time taken : 8.191994667053223
 Thread 6 estimated dimension 2 of 10 : 1  | time taken : 6.776116847991943
 Thread 7 estimated dimension 5 of 10 : 0.4130707540817221  | time taken : 18.124902963638306
 Thread 5 estimated dimension 2 of 10 : 0.9630382393682891  | time taken : 7.931957483291626
 Thread 4 estimated dimension 3 of 10 : 0.6831402836101865  | time taken : 11.45884084701538
 Thread 3 estimated dimension 3 of 10 : 0.6740126361513102  | time taken : 10.483444690704346
 Thread 1 estimated dimension 1 of 10 : 0.987021752213976  | time taken : 7.3803699016571045
 Thread 7 estimated dimension 6 of 10 : 1  | time taken : 6.6858460903167725
 Thread 2 estimated dimension 3 of 10 : 0.6931365580407755  | time taken : 11.52047610282898
 Thread 6 estimated dimension 3 of 10 : 0.7002009287433801  | time taken : 10.752452611923218
 Thread 5 estimated dimension 3 of 10 : 0.7073239703290409  | time taken : 10.441083669662476
 Thread 3 estimated dimension 4 of 10 : 0.7952993234540583  | time taken : 9.562126398086548
 Thread 4 estimated dimension 4 of 10 : 0.818387041869451  | time taken : 10.215476512908936
 Thread 1 estimated dimension 2 of 10 : 1  | time taken : 7.761969804763794
 Thread 7 estimated dimension 7 of 10 : 0.6754891662345583  | time taken : 12.723666191101074
 Thread 6 estimated dimension 4 of 10 : 0.8007765342011004  | time taken : 9.337549448013306
 Thread 2 estimated dimension 4 of 10 : 0.7954200249190098  | time taken : 9.39462685585022
 Thread 5 estimated dimension 4 of 10 : 0.8078883438772096  | time taken : 10.292818784713745
 Thread 1 estimated dimension 3 of 10 : 0.6704210595970125  | time taken : 10.0417640209198
 Thread 3 estimated dimension 5 of 10 : 0.40575745297843613  | time taken : 16.903355360031128
 Thread 4 estimated dimension 5 of 10 : 0.4095836454464418  | time taken : 18.583298683166504
 Thread 7 estimated dimension 8 of 10 : 0.6733110303872991  | time taken : 11.237322568893433
 Thread 1 estimated dimension 4 of 10 : 0.8258113696055389  | time taken : 10.26082158088684
 Thread 3 estimated dimension 6 of 10 : 0.9673044275638739  | time taken : 7.27813196182251
 Thread 4 estimated dimension 6 of 10 : 0.992898233402501  | time taken : 6.559730529785156
 Thread 2 estimated dimension 5 of 10 : 0.40366202008990354  | time taken : 17.511069297790527
 Thread 6 estimated dimension 5 of 10 : 0.4119450703136972  | time taken : 17.6071457862854
 Thread 5 estimated dimension 5 of 10 : 0.4119007911525442  | time taken : 20.6611487865448
 Thread 6 estimated dimension 6 of 10 : 1  | time taken : 6.036591529846191
 Thread 2 estimated dimension 6 of 10 : 0.9868085053682505  | time taken : 6.772241830825806
 Thread 3 estimated dimension 7 of 10 : 0.6840893318056029  | time taken : 10.886303901672363
 Thread 4 estimated dimension 7 of 10 : 0.6779742356261926  | time taken : 10.773691654205322
 Thread 7 estimated dimension 9 of 10 : 0.48669874390107015  | time taken : 16.33239436149597
 Thread 7 nsolns: 37522
 Thread 5 estimated dimension 6 of 10 : 1  | time taken : 6.934307813644409
 Thread 1 estimated dimension 5 of 10 : 0.4065888974769659  | time taken : 19.858007669448853
 Thread 6 estimated dimension 7 of 10 : 0.704403337647806  | time taken : 10.504180192947388
 Thread 2 estimated dimension 7 of 10 : 0.6954181054605513  | time taken : 10.086908340454102
 Thread 3 estimated dimension 8 of 10 : 0.693177476049984  | time taken : 10.34449028968811
 Thread 1 estimated dimension 6 of 10 : 1  | time taken : 5.606584548950195
 Thread 4 estimated dimension 8 of 10 : 0.678710523490917  | time taken : 10.924382448196411
 Thread 5 estimated dimension 7 of 10 : 0.6917506722717236  | time taken : 10.00892186164856
 Thread 6 estimated dimension 8 of 10 : 0.6729974827601619  | time taken : 11.025918006896973
 Thread 7 estimated dimension 0 of 10 : 0.4380495151532771  | time taken : 18.004909992218018
 Thread 2 estimated dimension 8 of 10 : 0.6983865558175091  | time taken : 11.026154518127441
 Thread 5 estimated dimension 8 of 10 : 0.6901713208861626  | time taken : 9.399975299835205
 Thread 1 estimated dimension 7 of 10 : 0.6628167326159548  | time taken : 11.254514932632446
 Thread 3 estimated dimension 9 of 10 : 0.4875705533438246  | time taken : 15.41682505607605
 Thread 3 nsolns: 37640
 Thread 7 estimated dimension 1 of 10 : 1  | time taken : 7.169005393981934
 Thread 4 estimated dimension 9 of 10 : 0.4920069530948543  | time taken : 15.50990343093872
 Thread 4 nsolns: 37515
 Thread 2 estimated dimension 9 of 10 : 0.49631531644619353  | time taken : 14.262010335922241
 Thread 2 nsolns: 37607
 Thread 7 estimated dimension 2 of 10 : 0.9891736210298792  | time taken : 7.231303930282593
 Thread 1 estimated dimension 8 of 10 : 0.6924216445639391  | time taken : 11.250022888183594
 Thread 6 estimated dimension 9 of 10 : 0.48911486718561875  | time taken : 15.58750867843628
 Thread 6 nsolns: 37481
 Thread 5 estimated dimension 9 of 10 : 0.49725027207532796  | time taken : 14.901121854782104
 Thread 5 nsolns: 37529
 Thread 3 estimated dimension 0 of 10 : 0.6293342199494716  | time taken : 13.618151187896729
 Thread 7 estimated dimension 3 of 10 : 0.6749639174547887  | time taken : 10.452266693115234
 Thread 4 estimated dimension 0 of 10 : 0.4492567725956458  | time taken : 17.29300332069397
 Thread 1 estimated dimension 9 of 10 : 0.49253998131940696  | time taken : 15.204685688018799
 Thread 1 nsolns: 37588
 Thread 2 estimated dimension 0 of 10 : 0.4557283043895678  | time taken : 17.410881519317627
 Thread 4 estimated dimension 1 of 10 : 1  | time taken : 7.464158058166504
 Thread 6 estimated dimension 0 of 10 : 0.4450308321952941  | time taken : 19.028759241104126
 Thread 5 estimated dimension 0 of 10 : 0.44560411509947717  | time taken : 16.83135747909546
 Thread 7 estimated dimension 4 of 10 : 0.824159607245304  | time taken : 11.080265760421753
 Thread 2 estimated dimension 1 of 10 : 0.9980725860901298  | time taken : 7.506148338317871
 Thread 4 estimated dimension 2 of 10 : 1  | time taken : 6.332726955413818
 Thread 6 estimated dimension 1 of 10 : 0.9824580762768553  | time taken : 7.689708471298218
 Thread 5 estimated dimension 1 of 10 : 0.9931298850917724  | time taken : 7.838300466537476
 Thread 1 estimated dimension 0 of 10 : 0.45258131751612535  | time taken : 16.433443546295166
 Thread 2 estimated dimension 2 of 10 : 1  | time taken : 7.900450229644775
 Thread 4 estimated dimension 3 of 10 : 0.6977832240196493  | time taken : 10.127335786819458
 Thread 5 estimated dimension 2 of 10 : 0.9831485516166497  | time taken : 7.289527893066406
 Thread 6 estimated dimension 2 of 10 : 1  | time taken : 7.977969646453857
 Thread 1 estimated dimension 1 of 10 : 0.9675424725170035  | time taken : 7.305464506149292
 Thread 7 estimated dimension 5 of 10 : 0.412390643784658  | time taken : 19.198331594467163
 Thread 4 estimated dimension 4 of 10 : 0.7731116266028758  | time taken : 8.862292051315308
 Thread 2 estimated dimension 3 of 10 : 0.6876319388802313  | time taken : 11.980693578720093
 Thread 5 estimated dimension 3 of 10 : 0.6700040726065583  | time taken : 10.4461088180542
 Thread 1 estimated dimension 2 of 10 : 1  | time taken : 7.361938238143921
 Thread 6 estimated dimension 3 of 10 : 0.6812310299179122  | time taken : 12.102698802947998
 Thread 7 estimated dimension 6 of 10 : 1  | time taken : 7.3381898403167725exiting with current heads : 2451 out of 2453 | exp rv: 12869.672906994283

 Thread 3 estimated dimension 1 of 10 : 0.19052543275341607  | time taken : 43.95151710510254
 Thread 2 estimated dimension 4 of 10 : 0.7558310625804364  | time taken : 9.109915018081665
 Thread 5 estimated dimension 4 of 10 : 0.8138697991992869  | time taken : 9.554207563400269
 Thread 1 estimated dimension 3 of 10 : 0.6831802594098296  | time taken : 10.657912969589233
 Thread 6 estimated dimension 4 of 10 : 0.8242878400138469  | time taken : 9.878077745437622
 Thread 7 estimated dimension 7 of 10 : 0.6889099707753868  | time taken : 11.20882248878479
 Thread 4 estimated dimension 5 of 10 : 0.41450193949497777  | time taken : 17.90035080909729
 Thread 3 estimated dimension 2 of 10 : 0.4893321009171354  | time taken : 17.636139392852783
 Thread 4 estimated dimension 6 of 10 : 1  | time taken : 5.613256216049194
 Thread 1 estimated dimension 4 of 10 : 0.798801420228702  | time taken : 10.299611806869507
 Thread 7 estimated dimension 8 of 10 : 0.6877458885337892  | time taken : 9.796466827392578
 Thread 2 estimated dimension 5 of 10 : 0.4101569198925317  | time taken : 18.225205659866333
 Thread 5 estimated dimension 5 of 10 : 0.40939103541481475  | time taken : 18.42807960510254
 Thread 3 estimated dimension 3 of 10 : 1  | time taken : 7.82884669303894
 Thread 6 estimated dimension 5 of 10 : 0.4085075009019352  | time taken : 20.34169888496399
 Thread 4 estimated dimension 7 of 10 : 0.6943468141875807  | time taken : 10.616666793823242
 Thread 2 estimated dimension 6 of 10 : 1  | time taken : 6.7651190757751465
 Thread 5 estimated dimension 6 of 10 : 0.9869841687362577  | time taken : 7.276602506637573
 Thread 3 estimated dimension 4 of 10 : 0.9713554014968778  | time taken : 7.653573513031006
 Thread 7 estimated dimension 9 of 10 : 0.4993628259804964  | time taken : 14.799709796905518
 Thread 7 nsolns: 37582
 Thread 6 estimated dimension 6 of 10 : 1  | time taken : 7.475985288619995
 Thread 1 estimated dimension 5 of 10 : 0.4081532612785585  | time taken : 18.512601375579834
 Thread 2 estimated dimension 7 of 10 : 0.6898682901878798  | time taken : 9.79047679901123
 Thread 4 estimated dimension 8 of 10 : 0.6771338826745724  | time taken : 10.718610286712646
 Thread 3 estimated dimension 5 of 10 : 0.9987466805255821  | time taken : 7.017077922821045
 Thread 5 estimated dimension 7 of 10 : 0.689718524604536  | time taken : 10.814587116241455
 Thread 1 estimated dimension 6 of 10 : 0.9897602329299384  | time taken : 7.40434455871582
 Thread 6 estimated dimension 7 of 10 : 0.6931507149195284  | time taken : 9.702056169509888
 Thread 2 estimated dimension 8 of 10 : 0.6919731646640926  | time taken : 10.787874460220337
 Thread 7 estimated dimension 0 of 10 : 0.44529363045739484  | time taken : 16.219865083694458
 Thread 5 estimated dimension 8 of 10 : 0.6960674227102704  | time taken : 11.620949029922485
 Thread 4 estimated dimension 9 of 10 : 0.48683307526662783  | time taken : 14.835369110107422
 Thread 4 nsolns: 37564
 Thread 3 estimated dimension 6 of 10 : 0.5119635145756096  | time taken : 14.782664775848389
 Thread 1 estimated dimension 7 of 10 : 0.7039244077953701  | time taken : 10.421428203582764
 Thread 6 estimated dimension 8 of 10 : 0.6834668619067061  | time taken : 10.888602256774902
 Thread 7 estimated dimension 1 of 10 : 0.9979356575544206  | time taken : 7.872385501861572
 Thread 3 estimated dimension 7 of 10 : 0.9895693016865516  | time taken : 6.730447053909302
 Thread 1 estimated dimension 8 of 10 : 0.7121729422672012  | time taken : 10.173600196838379
 Thread 2 estimated dimension 9 of 10 : 0.4988799571728537  | time taken : 15.84776782989502
 Thread 2 nsolns: 37539
 Thread 7 estimated dimension 2 of 10 : 0.9828033556802102  | time taken : 7.118799209594727
 Thread 3 estimated dimension 8 of 10 : 0.9823033151102118  | time taken : 7.258014917373657
 Thread 5 estimated dimension 9 of 10 : 0.4896738888257571  | time taken : 15.604934453964233
 Thread 5 nsolns: 37553
 Thread 6 estimated dimension 9 of 10 : 0.48874709788027293  | time taken : 15.094773054122925
 Thread 6 nsolns: 37598
 Thread 4 estimated dimension 0 of 10 : 0.43804825886451043  | time taken : 19.368792295455933
 Thread 3 estimated dimension 9 of 10 : 1  | time taken : 7.058817148208618
 Thread 3 nsolns: 41069
 Thread 7 estimated dimension 3 of 10 : 0.674196235714736  | time taken : 9.920670509338379
 Thread 1 estimated dimension 9 of 10 : 0.49146313478936926  | time taken : 13.67254114151001
 Thread 1 nsolns: 37432
 Thread 4 estimated dimension 1 of 10 : 0.999618656724818  | time taken : 7.83491063117981
 Thread 2 estimated dimension 0 of 10 : 0.45193453724926497  | time taken : 17.165563344955444
 Thread 5 estimated dimension 0 of 10 : 0.6196488295791805  | time taken : 13.59497880935669
 Thread 7 estimated dimension 4 of 10 : 0.7973718990345081  | time taken : 9.287936449050903
 Thread 4 estimated dimension 2 of 10 : 0.9898638830877698  | time taken : 7.130728006362915
 Thread 3 estimated dimension 0 of 10 : 0.6219015963362181  | time taken : 14.001113414764404
 Thread 6 estimated dimension 0 of 10 : 0.4467546256214484  | time taken : 18.100335359573364
 Thread 2 estimated dimension 1 of 10 : 1  | time taken : 7.71820592880249
 Thread 5 estimated dimension 1 of 10 : 0.8383147852994883  | time taken : 9.674709558486938
 Thread 1 estimated dimension 0 of 10 : 0.4510208947677558  | time taken : 17.87627077102661
 Thread 6 estimated dimension 1 of 10 : 1  | time taken : 7.347936391830444
 Thread 2 estimated dimension 2 of 10 : 0.9876276354562292  | time taken : 8.26384711265564
 Thread 4 estimated dimension 3 of 10 : 0.6706487575668711  | time taken : 11.406810283660889
 Thread 5 estimated dimension 2 of 10 : 0.73559630421674  | time taken : 10.480146408081055
 Thread 1 estimated dimension 1 of 10 : 1  | time taken : 6.896155118942261
 Thread 7 estimated dimension 5 of 10 : 0.41556798301429404  | time taken : 18.140305519104004
 Thread 6 estimated dimension 2 of 10 : 0.9980747404344518  | time taken : 7.724972248077393
 Thread 4 estimated dimension 4 of 10 : 0.8154846595750971  | time taken : 9.198359251022339
 Thread 7 estimated dimension 6 of 10 : 0.9470015607140668  | time taken : 6.5232765674591064
 Thread 5 estimated dimension 3 of 10 : 0.9595464472111382  | time taken : 7.105026960372925
 Thread 2 estimated dimension 3 of 10 : 0.6963550171524153  | time taken : 11.540141344070435
 Thread 1 estimated dimension 2 of 10 : 0.9965991338442968  | time taken : 7.477669954299927
 Thread 6 estimated dimension 3 of 10 : 0.6820133028747484  | time taken : 11.217595338821411
 Thread 2 estimated dimension 4 of 10 : 0.8133983443501894  | time taken : 9.516312599182129
 Thread 5 estimated dimension 4 of 10 : 0.7746276806805243  | time taken : 9.78150486946106
 Thread 7 estimated dimension 7 of 10 : 0.6887429601642295  | time taken : 10.17692232131958
 Thread 1 estimated dimension 3 of 10 : 0.6696668193437466  | time taken : 11.517722368240356
 Thread 6 estimated dimension 4 of 10 : 0.8005481382124325  | time taken : 10.352908372879028
 Thread 4 estimated dimension 5 of 10 : 0.3989813788852866  | time taken : 18.131770849227905
 Thread 1 estimated dimension 4 of 10 : 0.8099579915940308  | time taken : 8.675801038742065
 Thread 7 estimated dimension 8 of 10 : 0.6860067125471484  | time taken : 11.287813901901245
 Thread 3 estimated dimension 1 of 10 : 0.19433713027770844  | time taken : 42.19195914268494
 Thread 4 estimated dimension 6 of 10 : 0.9874642002898214  | time taken : 7.035708427429199
 Thread 2 estimated dimension 5 of 10 : 0.4090753593385864  | time taken : 17.994334936141968
 Thread 5 estimated dimension 5 of 10 : 0.41583637290816283  | time taken : 17.963682651519775
 Thread 4 estimated dimension 7 of 10 : 0.6820939716740578  | time taken : 10.419944047927856
 Thread 5 estimated dimension 6 of 10 : 0.9849665214323151  | time taken : 6.549140214920044
 Thread 2 estimated dimension 6 of 10 : 1  | time taken : 7.446105003356934
 Thread 6 estimated dimension 5 of 10 : 0.42145221010390355  | time taken : 18.961189031600952
 Thread 3 estimated dimension 2 of 10 : 0.48720632506148365  | time taken : 15.822531700134277
 Thread 7 estimated dimension 9 of 10 : 0.49326766129024563  | time taken : 16.47158455848694
 Thread 7 nsolns: 37483
 Thread 1 estimated dimension 5 of 10 : 0.42014353786011027  | time taken : 18.125209093093872
 Thread 6 estimated dimension 6 of 10 : 0.9741875495333091  | time taken : 5.43190598487854
 Thread 4 estimated dimension 8 of 10 : 0.6936510344445683  | time taken : 9.335654973983765
 Thread 3 estimated dimension 3 of 10 : 0.9882279271361232  | time taken : 6.725579738616943
 Thread 2 estimated dimension 7 of 10 : 0.6883064789729727  | time taken : 9.09578013420105
 Thread 5 estimated dimension 7 of 10 : 0.7057683183589926  | time taken : 10.154617071151733
 Thread 1 estimated dimension 6 of 10 : 0.9922548425560354  | time taken : 5.923810720443726
 Thread 6 estimated dimension 7 of 10 : 0.6925193659042655  | time taken : 9.013118028640747
 Thread 3 estimated dimension 4 of 10 : 1  | time taken : 6.070434331893921
 Thread 2 estimated dimension 8 of 10 : 0.6711808401319173  | time taken : 9.257190942764282
 Thread 1 estimated dimension 7 of 10 : 0.68338886491167  | time taken : 8.997737646102905
 Thread 4 estimated dimension 9 of 10 : 0.5031450791657338  | time taken : 12.198492527008057
 Thread 4 nsolns: 37631
 Thread 3 estimated dimension 5 of 10 : 0.9742448621885085  | time taken : 5.708361864089966
 Thread 6 estimated dimension 8 of 10 : 0.683690059475629  | time taken : 9.054670095443726
 Thread 1 estimated dimension 8 of 10 : 0.66803382785105  | time taken : 7.8879406452178955
 Thread 5 estimated dimension 8 of 10 : 0.3346999612200061  | time taken : 18.746059894561768
 Thread 2 estimated dimension 9 of 10 : 0.4921690373783523  | time taken : 11.390740871429443
 Thread 2 nsolns: 37569
 Thread 3 estimated dimension 6 of 10 : 0.5227643090132906  | time taken : 9.470481634140015
 Thread 5 estimated dimension 9 of 10 : 0.9825744320333372  | time taken : 3.9843173027038574
 Thread 5 nsolns: 37614
 Thread 6 estimated dimension 9 of 10 : 0.48125333784743307  | time taken : 9.146288871765137
 Thread 6 nsolns: 37496
 Thread 3 estimated dimension 7 of 10 : 0.989815433314296  | time taken : 3.105717658996582
 Thread 1 estimated dimension 9 of 10 : 0.4933823945214424  | time taken : 7.2481653690338135
 Thread 1 nsolns: 37493
 Thread 3 estimated dimension 8 of 10 : 1  | time taken : 1.9736337661743164
 Thread 3 estimated dimension 9 of 10 : 0.9785584093216281  | time taken : 1.9800667762756348
 Thread 3 nsolns: 40967
 Thread 1 estimated dimension 0 of 10 : 0.44167044825080126  | time taken : 4.598925590515137
 Thread 1 estimated dimension 1 of 10 : 1  | time taken : 1.4539496898651123
 Thread 1 estimated dimension 2 of 10 : 1  | time taken : 1.4411139488220215
 Thread 1 estimated dimension 3 of 10 : 0.6906380623757764  | time taken : 2.128838062286377
 Thread 1 estimated dimension 4 of 10 : 0.785486038451788  | time taken : 1.923572063446045
 Thread 1 estimated dimension 5 of 10 : 0.4125981524793758  | time taken : 3.5361263751983643
 Thread 1 estimated dimension 6 of 10 : 0.9841563348394903  | time taken : 1.3830058574676514
 Thread 1 estimated dimension 7 of 10 : 0.6686813299787676  | time taken : 2.0461699962615967
 Thread 1 estimated dimension 8 of 10 : 0.6724598942935106  | time taken : 2.0897724628448486
 Thread 1 estimated dimension 9 of 10 : 0.4944801271462278  | time taken : 2.9312679767608643
 Thread 1 nsolns: 37503
 estimated weights : [0.021571913099487333, 0.022662257255395727, 0.024561204366172838, 0.022415177313762386, 0.02345332708812572, 0.02273938199943041, 0.02212383971377913, 0.0237732882169518, 0.038170076380010305, 0.023055105324256524, 0.0227027006137714, 0.024230299924931337, 0.02792888337198277, 0.026996180717848848, 0.023371888806001422, 0.023189388887808002, 0.02567104208467987, 0.02907222015723979, 0.03485956967188505, 0.02080972131208881, 0.0289703951981019, 0.023118693454027284, 0.022294068967098197, 0.022508060348280016, 0.02207924740876755, 0.02319714602543563, 0.030461390791986342, 0.019862806631419566, 0.022117862665963675, 0.03060497843802464, 0.02368227128396841, 0.023659687009799618, 0.030094766432300944, 0.0226431518575244, 0.021037879270907785, 0.02362497727545511, 0.028829135285481266, 0.027679406255690292, 0.023056909582308348, 0.027696295455930296, 0.02379750506203319, 0.030956103088698998, 0.023268899883780964, 0.023531874686350047, 0.025019351451306182, 0.029630660090799066, 0.022311902496409925, 0.02982535023005596, 0.02334734948441016, 0.021826986924326056, 0.021067535810888566, 0.02270457590759317, 0.023767714956089838, 0.024437433210853496, 0.023543712525718727, 0.022764317857611696, 0.02351814687946974, 0.022994024921781278, 0.023091409397938658, 0.022536445732026376, 0.023222384277971613, 0.028327115609558442, 0.023784636014101267, 0.021533957980728012, 0.022232851944689946, 0.023514826329334836, 0.027000918350765613, 0.022775518526741118, 0.022893350638556412, 0.02870532876939084, 0.021632819204019185]
