numSolutions: 82 k : 2453
10 82 0.03162277660168379 0.00012195121951219512

 Thread 1 estimated dimension 0 of 10 : 0.6508737811070314  | time taken : 28.452661275863647
 Thread 6 estimated dimension 0 of 10 : 0.668434681952941  | time taken : 33.268043756484985
 Thread 2 estimated dimension 0 of 10 : 0.6771428634004951  | time taken : 37.78075933456421
 Thread 7 estimated dimension 0 of 10 : 0.6441881115820097  | time taken : 50.25724935531616
 Thread 5 estimated dimension 0 of 10 : 0.662792569400924  | time taken : 50.546390771865845
 Thread 3 estimated dimension 0 of 10 : 0.38930744346230595  | time taken : 54.27734136581421
 Thread 4 estimated dimension 0 of 10 : 0.36864694543552456  | time taken : 57.92353653907776
 Thread 1 estimated dimension 1 of 10 : 0.5350259423240522  | time taken : 44.194068908691406
 Thread 6 estimated dimension 1 of 10 : 0.6289414300571635  | time taken : 42.542197942733765
 Thread 2 estimated dimension 1 of 10 : 0.6075083477086919  | time taken : 46.80246138572693
 Thread 7 estimated dimension 1 of 10 : 0.6560992776328161  | time taken : 36.919097900390625
 Thread 3 estimated dimension 1 of 10 : 0.4898457402506505  | time taken : 49.287407636642456
 Thread 5 estimated dimension 1 of 10 : 0.6114386770485175  | time taken : 54.1146719455719
 Thread 1 estimated dimension 2 of 10 : 0.6909866115447842  | time taken : 34.88381505012512
 Thread 7 estimated dimension 2 of 10 : 0.6696028320460535  | time taken : 28.797968864440918
 Thread 2 estimated dimension 2 of 10 : 0.7226843836850794  | time taken : 33.15156126022339
 Thread 4 estimated dimension 1 of 10 : 0.38629296322017603  | time taken : 66.23193407058716
 Thread 1 estimated dimension 3 of 10 : 0.7113298226316078  | time taken : 25.079484224319458
 Thread 3 estimated dimension 2 of 10 : 0.5610566571224462  | time taken : 40.07675385475159
 Thread 2 estimated dimension 3 of 10 : 0.775538632225646  | time taken : 24.924065589904785
 Thread 6 estimated dimension 2 of 10 : 0.31121604120428076  | time taken : 84.88485932350159
 Thread 4 estimated dimension 2 of 10 : 0.4725954025162945  | time taken : 53.30479645729065
 Thread 1 estimated dimension 4 of 10 : 0.44066013837964746  | time taken : 55.7015700340271
 Thread 5 estimated dimension 2 of 10 : 0.32869385212294183  | time taken : 83.79229283332825
 Thread 6 estimated dimension 3 of 10 : 0.7165191928989671  | time taken : 26.048685312271118
 Thread 6 estimated dimension 4 of 10 : 1  | time taken : 8.70158052444458
 Thread 7 estimated dimension 3 of 10 : 0.3050627095759073  | time taken : 84.07007455825806
 Thread 2 estimated dimension 4 of 10 : 0.38272747964410747  | time taken : 62.36017608642578
 Thread 3 estimated dimension 3 of 10 : 0.3720189044954979  | time taken : 69.16788578033447
 Thread 4 estimated dimension 3 of 10 : 0.6441651450068239  | time taken : 36.34668159484863
 Thread 4 estimated dimension 4 of 10 : 1  | time taken : 5.350242376327515
 Thread 5 estimated dimension 3 of 10 : 0.7514196348973604  | time taken : 35.07119369506836
 Thread 4 estimated dimension 5 of 10 : 0.9974832474485676  | time taken : 8.615636348724365
 Thread 5 estimated dimension 4 of 10 : 1  | time taken : 11.745834589004517
 Thread 6 estimated dimension 5 of 10 : 0.6539715543895511  | time taken : 36.906739234924316
 Thread 3 estimated dimension 4 of 10 : 0.6877719654568231  | time taken : 27.319599151611328
 Thread 4 estimated dimension 6 of 10 : 0.999965003249505  | time taken : 12.209980964660645
 Thread 7 estimated dimension 4 of 10 : 0.6737428019591933  | time taken : 40.97077012062073
 Thread 2 estimated dimension 5 of 10 : 0.6598302574087274  | time taken : 36.09235072135925
 Thread 6 estimated dimension 6 of 10 : 0.9811042127876518  | time taken : 8.66445803642273
 Thread 7 estimated dimension 5 of 10 : 0.9966051099513182  | time taken : 5.660380125045776
 Thread 2 estimated dimension 6 of 10 : 1  | time taken : 5.454910755157471
 Thread 3 estimated dimension 5 of 10 : 1  | time taken : 14.869159460067749
 Thread 6 estimated dimension 7 of 10 : 0.5698032652740228  | time taken : 48.14622521400452
 Thread 4 estimated dimension 7 of 10 : 0.5013265021353494  | time taken : 54.6484649181366
 Thread 4 estimated dimension 8 of 10 : 0.9907971614086898  | time taken : 4.028432607650757
 Thread 2 estimated dimension 7 of 10 : 0.5203133813694283  | time taken : 55.47449207305908
 Thread 7 estimated dimension 6 of 10 : 0.5272377347720202  | time taken : 57.38334035873413
 Thread 1 estimated dimension 5 of 10 : 0.3339455300510558  | time taken : 120.2971441745758
 Thread 7 estimated dimension 7 of 10 : 0.9688855779915533  | time taken : 5.254132986068726
 Thread 1 estimated dimension 6 of 10 : 1  | time taken : 8.312264919281006
 Thread 3 estimated dimension 6 of 10 : 0.5140938331531717  | time taken : 64.1828088760376
 Thread 1 estimated dimension 7 of 10 : 1  | time taken : 11.492065191268921
 Thread 3 estimated dimension 7 of 10 : 1  | time taken : 8.279121398925781
 Thread 5 estimated dimension 5 of 10 : 0.3409344033960559  | time taken : 97.58611154556274
 Thread 5 estimated dimension 6 of 10 : 0.9940348204929085  | time taken : 9.96562910079956
 Thread 3 estimated dimension 8 of 10 : 0.9670226710644929  | time taken : 13.610780000686646
 Thread 2 estimated dimension 8 of 10 : 0.5060369470030325  | time taken : 44.67527198791504
 Thread 6 estimated dimension 8 of 10 : 0.5167101040391906  | time taken : 56.827566623687744
 Thread 5 estimated dimension 7 of 10 : 1  | time taken : 10.49895167350769
 Thread 3 estimated dimension 9 of 10 : 1  | time taken : 15.3025062084198
 Thread 3 nsolns: 40464
 Thread 6 estimated dimension 9 of 10 : 0.9728927690556304  | time taken : 8.497993230819702
 Thread 6 nsolns: 38724
 Thread 2 estimated dimension 9 of 10 : 0.9813034629693251  | time taken : 12.894695520401001
 Thread 4 estimated dimension 9 of 10 : 0.49247185419452255  | time taken : 62.63338255882263
 Thread 2 nsolns: 38648
 Thread 4 nsolns: 41951
 Thread 7 estimated dimension 8 of 10 : 0.4868610470523721  | time taken : 64.01566481590271
 Thread 1 estimated dimension 8 of 10 : 0.505399882317404  | time taken : 57.66711640357971
 Thread 7 estimated dimension 9 of 10 : 0.9860663101260786  | time taken : 10.602126836776733
 Thread 7 nsolns: 40347
 Thread 1 estimated dimension 9 of 10 : 1  | time taken : 8.093617916107178
 Thread 1 nsolns: 40372
 Thread 2 estimated dimension 0 of 10 : 0.6300385880942753  | time taken : 32.87940049171448
 Thread 3 estimated dimension 0 of 10 : 0.6066742827733322  | time taken : 40.2335844039917
 Thread 6 estimated dimension 0 of 10 : 0.4304834266432109  | time taken : 45.91205167770386
 Thread 5 estimated dimension 8 of 10 : 0.47858036061545833  | time taken : 64.38728380203247
 Thread 5 estimated dimension 9 of 10 : 0.9924149371365838  | time taken : 5.314178466796875
 Thread 5 nsolns: 40507
 Thread 3 estimated dimension 1 of 10 : 0.6731687023781258  | time taken : 27.342177391052246
 Thread 4 estimated dimension 0 of 10 : 0.4272079709269796  | time taken : 63.996358156204224
 Thread 7 estimated dimension 0 of 10 : 0.40988032681954584  | time taken : 45.18848180770874
 Thread 1 estimated dimension 0 of 10 : 0.5090859034825779  | time taken : 38.86455035209656
 Thread 6 estimated dimension 1 of 10 : 0.6111025028334487  | time taken : 40.61058807373047
 Thread 3 estimated dimension 2 of 10 : 0.705018937480949  | time taken : 23.468618869781494
 Thread 2 estimated dimension 1 of 10 : 0.6533075178333958  | time taken : 56.452778816223145
 Thread 5 estimated dimension 0 of 10 : 0.5549308754180768  | time taken : 46.17248892784119
 Thread 2 estimated dimension 2 of 10 : 0.6572390651545985  | time taken : 31.584614753723145
 Thread 7 estimated dimension 1 of 10 : 0.4160669999049634  | time taken : 54.88536858558655
 Thread 4 estimated dimension 1 of 10 : 0.4406292122545116  | time taken : 68.46330833435059
 Thread 1 estimated dimension 1 of 10 : 0.36863626935471105  | time taken : 64.91926288604736
 Thread 5 estimated dimension 1 of 10 : 0.6115151568864859  | time taken : 33.62255549430847
 Thread 7 estimated dimension 2 of 10 : 0.5161103706584173  | time taken : 32.12434005737305
 Thread 6 estimated dimension 2 of 10 : 0.35132366319405145  | time taken : 75.14727282524109
 Thread 4 estimated dimension 2 of 10 : 0.51607021675615  | time taken : 46.850279092788696
 Thread 1 estimated dimension 2 of 10 : 0.47058172085798655  | time taken : 46.3235399723053
 Thread 3 estimated dimension 3 of 10 : 0.29278581584120134  | time taken : 104.29551982879639
 Thread 2 estimated dimension 3 of 10 : 0.3455082233223333  | time taken : 90.94435286521912
 Thread 5 estimated dimension 2 of 10 : 0.33705497403518836  | time taken : 73.31602358818054
 Thread 1 estimated dimension 3 of 10 : 0.6425875788760059  | time taken : 37.39508128166199
 Thread 4 estimated dimension 3 of 10 : 0.7090231151600231  | time taken : 43.183276414871216
 Thread 7 estimated dimension 3 of 10 : 0.45108799720898407  | time taken : 73.98322176933289
 Thread 6 estimated dimension 3 of 10 : 0.35047543492718153  | time taken : 86.73630285263062
 Thread 2 estimated dimension 4 of 10 : 0.6053396550115773  | time taken : 37.05426621437073
 Thread 5 estimated dimension 3 of 10 : 0.7572802295050693  | time taken : 35.179502725601196
 Thread 6 estimated dimension 4 of 10 : 0.994608182299976  | time taken : 8.637537479400635
 Thread 4 estimated dimension 4 of 10 : 0.6075667224204349  | time taken : 34.087422132492065
 Thread 2 estimated dimension 5 of 10 : 0.9791567061430898  | time taken : 9.507883071899414
 Thread 5 estimated dimension 4 of 10 : 1  | time taken : 9.110535383224487
 Thread 3 estimated dimension 4 of 10 : 0.33911185587024145  | time taken : 75.62538194656372
 Thread 4 estimated dimension 5 of 10 : 1  | time taken : 10.295036554336548
 Thread 6 estimated dimension 5 of 10 : 0.9997732805074138  | time taken : 14.885396242141724
 Thread 3 estimated dimension 5 of 10 : 0.9960465540993945  | time taken : 12.635597229003906
 Thread 6 estimated dimension 6 of 10 : 1  | time taken : 9.333286762237549
 Thread 6 estimated dimension 7 of 10 : 1  | time taken : 8.786923885345459
 Thread 1 estimated dimension 4 of 10 : 0.3958663742065687  | time taken : 72.3329701423645
 Thread 3 estimated dimension 6 of 10 : 1  | time taken : 12.385618209838867
 Thread 3 estimated dimension 7 of 10 : 0.9884910939703081  | time taken : 8.344608545303345
 Thread 2 estimated dimension 6 of 10 : 0.520998614714849  | time taken : 55.32052659988403
 Thread 2 estimated dimension 7 of 10 : 1  | time taken : 14.817959070205688
 Thread 7 estimated dimension 4 of 10 : 0.304154932639761  | time taken : 101.8520176410675
 Thread 1 estimated dimension 5 of 10 : 0.664158930698224  | time taken : 39.36432957649231
 Thread 6 estimated dimension 8 of 10 : 0.5485632483858665  | time taken : 47.255425453186035
 Thread 7 estimated dimension 5 of 10 : 1  | time taken : 11.666521549224854
 Thread 1 estimated dimension 6 of 10 : 0.9961077124042629  | time taken : 11.870108842849731
 Thread 6 estimated dimension 9 of 10 : 0.998529261222582  | time taken : 12.765480041503906
 Thread 6 nsolns: 40615
 Thread 5 estimated dimension 5 of 10 : 0.34991200282927165  | time taken : 93.47747850418091
 Thread 7 estimated dimension 6 of 10 : 0.9847890015585404  | time taken : 11.255619287490845
 Thread 4 estimated dimension 6 of 10 : 0.33045776212338696  | time taken : 91.39886331558228
 Thread 5 estimated dimension 6 of 10 : 0.9775381283465661  | time taken : 7.779772520065308
 Thread 7 estimated dimension 7 of 10 : 0.9922822536153505  | time taken : 7.882005929946899
 Thread 3 estimated dimension 8 of 10 : 0.5009005478828916  | time taken : 65.12891912460327
 Thread 4 estimated dimension 7 of 10 : 0.998890468110883  | time taken : 11.873556852340698
 Thread 7 estimated dimension 8 of 10 : 1  | time taken : 11.325063943862915
 Thread 5 estimated dimension 7 of 10 : 1  | time taken : 15.191164255142212
 Thread 2 estimated dimension 8 of 10 : 0.5204863962412568  | time taken : 55.46913933753967
 Thread 4 estimated dimension 8 of 10 : 0.9799005474875929  | time taken : 13.827773094177246
 Thread 3 estimated dimension 9 of 10 : 0.9914815143640437  | time taken : 19.29937767982483
 Thread 3 nsolns: 41552
 Thread 7 estimated dimension 9 of 10 : 0.9982069506833833  | time taken : 16.013565063476562
 Thread 7 nsolns: 42123
 Thread 4 estimated dimension 9 of 10 : 1  | time taken : 8.704542398452759
 Thread 4 nsolns: 40709
 Thread 2 estimated dimension 9 of 10 : 0.979930283474858  | time taken : 14.199809789657593
 Thread 2 nsolns: 39382
 Thread 6 estimated dimension 0 of 10 : 0.3629069876226985  | time taken : 52.346747159957886
 Thread 1 estimated dimension 7 of 10 : 0.5184858475581066  | time taken : 60.1789813041687
 Thread 1 estimated dimension 8 of 10 : 1  | time taken : 14.391326189041138
 Thread 1 estimated dimension 9 of 10 : 1  | time taken : 8.416135549545288
 Thread 1 nsolns: 42085
 Thread 4 estimated dimension 0 of 10 : 0.6587433496804569  | time taken : 34.52075958251953
 Thread 7 estimated dimension 0 of 10 : 0.4886345818291742  | time taken : 43.936742067337036
 Thread 5 estimated dimension 8 of 10 : 0.5024821094961374  | time taken : 60.88180065155029
 Thread 2 estimated dimension 0 of 10 : 0.5152688046688488  | time taken : 36.75914978981018
 Thread 3 estimated dimension 0 of 10 : 0.4908670837693631  | time taken : 50.951019048690796
 Thread 6 estimated dimension 1 of 10 : 0.5182515189432103  | time taken : 37.774205684661865
 Thread 5 estimated dimension 9 of 10 : 1  | time taken : 14.132961988449097
 Thread 5 nsolns: 40610
 Thread 6 estimated dimension 2 of 10 : 0.6200277220144645  | time taken : 33.73778772354126
 Thread 4 estimated dimension 1 of 10 : 0.3623927025608084  | time taken : 47.284384965896606
 Thread 3 estimated dimension 1 of 10 : 0.6174636208615619  | time taken : 44.0146381855011
 Thread 2 estimated dimension 1 of 10 : 0.525742835820016  | time taken : 49.279874086380005
 Thread 1 estimated dimension 0 of 10 : 0.40417657105535404  | time taken : 70.98822212219238
 Thread 5 estimated dimension 0 of 10 : 0.46037866369405284  | time taken : 50.36208200454712
 Thread 7 estimated dimension 1 of 10 : 0.42272236380243566  | time taken : 69.41931009292603
 Thread 3 estimated dimension 2 of 10 : 0.7625546813606694  | time taken : 26.90508532524109
 Thread 2 estimated dimension 2 of 10 : 0.6433195569478964  | time taken : 31.67156958580017
 Thread 4 estimated dimension 2 of 10 : 0.45835687512991913  | time taken : 51.44058394432068
 Thread 6 estimated dimension 3 of 10 : 0.5170839526455072  | time taken : 60.3212616443634
 Thread 1 estimated dimension 1 of 10 : 0.5963893147092811  | time taken : 44.75668239593506
 Thread 7 estimated dimension 2 of 10 : 0.5329319780175855  | time taken : 40.269835472106934
 Thread 2 estimated dimension 3 of 10 : 0.7662188644362331  | time taken : 30.348029375076294
 Thread 4 estimated dimension 3 of 10 : 0.7775010339786557  | time taken : 29.212127923965454
 Thread 5 estimated dimension 1 of 10 : 0.3586114293351446  | time taken : 60.41238188743591
 Thread 4 estimated dimension 4 of 10 : 1  | time taken : 4.0444254875183105
 Thread 1 estimated dimension 2 of 10 : 0.6506722260501318  | time taken : 23.887556791305542
 Thread 3 estimated dimension 3 of 10 : 0.4685542593829418  | time taken : 56.92237138748169
 Thread 6 estimated dimension 4 of 10 : 0.6498456608788349  | time taken : 36.29963421821594
 Thread 6 estimated dimension 5 of 10 : 0.976204703822969  | time taken : 8.801697969436646
 Thread 2 estimated dimension 4 of 10 : 0.574969065524157  | time taken : 38.77723431587219
 Thread 4 estimated dimension 5 of 10 : 0.686440355387854  | time taken : 34.06194758415222
 Thread 4 estimated dimension 6 of 10 : 0.9892422338934842  | time taken : 6.6333701610565186
 Thread 3 estimated dimension 4 of 10 : 0.6291416234391547  | time taken : 40.872355937957764
 Thread 5 estimated dimension 2 of 10 : 0.4922631112965619  | time taken : 47.502614974975586
 Thread 6 estimated dimension 6 of 10 : 0.6806631144814743  | time taken : 31.237120389938354
 Thread 2 estimated dimension 5 of 10 : 0.7580100570076974  | time taken : 28.84382128715515
 Thread 3 estimated dimension 5 of 10 : 0.9940925431909072  | time taken : 11.480432033538818
 Thread 7 estimated dimension 3 of 10 : 0.2730697390453955  | time taken : 75.72224497795105
 Thread 1 estimated dimension 3 of 10 : 0.3598957599780461  | time taken : 60.03836989402771
 Thread 4 estimated dimension 7 of 10 : 0.49598562972121457  | time taken : 46.44080662727356
 Thread 4 estimated dimension 8 of 10 : 1  | time taken : 8.024021625518799
 Thread 6 estimated dimension 7 of 10 : 0.47908196621417093  | time taken : 51.14231634140015
 Thread 1 estimated dimension 4 of 10 : 0.6027434868294597  | time taken : 41.81464457511902
 Thread 1 estimated dimension 5 of 10 : 0.9791075610039167  | time taken : 9.032008171081543
 Thread 3 estimated dimension 6 of 10 : 0.455849039274376  | time taken : 75.99325251579285
 Thread 5 estimated dimension 3 of 10 : 0.3297717898228349  | time taken : 91.97806143760681
 Thread 7 estimated dimension 4 of 10 : 0.33970980433792064  | time taken : 79.80845403671265
 Thread 5 estimated dimension 4 of 10 : 1  | time taken : 8.299874305725098
 Thread 3 estimated dimension 7 of 10 : 1  | time taken : 12.609981060028076
 Thread 2 estimated dimension 6 of 10 : 0.32122293755450027  | time taken : 93.96127128601074
 Thread 7 estimated dimension 5 of 10 : 1  | time taken : 13.762051582336426
 Thread 2 estimated dimension 7 of 10 : 0.9828217324878548  | time taken : 6.210694789886475
 Thread 5 estimated dimension 5 of 10 : 0.9967654627702492  | time taken : 9.415919065475464
 Thread 1 estimated dimension 6 of 10 : 0.5211668174603153  | time taken : 48.186781883239746
 Thread 6 estimated dimension 8 of 10 : 0.5077265533473646  | time taken : 65.38193917274475
 Thread 5 estimated dimension 6 of 10 : 1  | time taken : 11.693784236907959
 Thread 1 estimated dimension 7 of 10 : 1  | time taken : 6.478873014450073
 Thread 4 estimated dimension 9 of 10 : 0.5181237870758423  | time taken : 73.7750072479248
 Thread 7 estimated dimension 6 of 10 : 0.9718191428932337  | time taken : 18.297035217285156
 Thread 4 nsolns: 39678
 Thread 6 estimated dimension 9 of 10 : 1  | time taken : 12.037652492523193
 Thread 5 estimated dimension 7 of 10 : 0.9819434947525054  | time taken : 9.620864391326904
 Thread 6 nsolns: 42317
 Thread 7 estimated dimension 7 of 10 : 1  | time taken : 11.466348886489868
 Thread 5 estimated dimension 8 of 10 : 0.9772731622850022  | time taken : 8.395825386047363
 Thread 7 estimated dimension 8 of 10 : 0.9874483407582607  | time taken : 10.539407968521118
 Thread 3 estimated dimension 8 of 10 : 0.45369445499433914  | time taken : 49.595656394958496
 Thread 7 estimated dimension 9 of 10 : 0.991037039162628  | time taken : 8.560007333755493
 Thread 7 nsolns: 43938
 Thread 3 estimated dimension 9 of 10 : 0.9951635763839087  | time taken : 10.307581424713135
 Thread 3 nsolns: 39307
 Thread 2 estimated dimension 8 of 10 : 0.5482126058038319  | time taken : 57.49822998046875
 Thread 1 estimated dimension 8 of 10 : 0.5249151008518543  | time taken : 52.527650117874146
 Thread 2 estimated dimension 9 of 10 : 0.9986937897038713  | time taken : 13.5268874168396
 Thread 2 nsolns: 40940
 Thread 1 estimated dimension 9 of 10 : 1  | time taken : 8.313070297241211
 Thread 1 nsolns: 41624
 Thread 4 estimated dimension 0 of 10 : 0.4432988463689489  | time taken : 63.21535277366638
 Thread 5 estimated dimension 9 of 10 : 0.5654684998816121  | time taken : 47.76127767562866
 Thread 5 nsolns: 40978
 Thread 6 estimated dimension 0 of 10 : 0.4617847161380711  | time taken : 65.55644011497498
 Thread 7 estimated dimension 0 of 10 : 0.5263270977200398  | time taken : 50.800031661987305
 Thread 2 estimated dimension 0 of 10 : 0.5186046778172808  | time taken : 40.944692611694336
 Thread 3 estimated dimension 0 of 10 : 0.4350871547830911  | time taken : 57.855093240737915
 Thread 4 estimated dimension 1 of 10 : 0.5544321740080737  | time taken : 35.70662045478821
 Thread 5 estimated dimension 0 of 10 : 0.5442403538368603  | time taken : 34.05511140823364
 Thread 1 estimated dimension 0 of 10 : 0.45384741070059514  | time taken : 50.05272960662842
 Thread 7 estimated dimension 1 of 10 : 0.6562055751699504  | time taken : 34.56152296066284
 Thread 2 estimated dimension 1 of 10 : 0.6098348062039541  | time taken : 39.18175506591797
 Thread 6 estimated dimension 1 of 10 : 0.42635200798121076  | time taken : 66.91732907295227
 Thread 1 estimated dimension 1 of 10 : 0.5449435787561179  | time taken : 31.85979676246643
 Thread 3 estimated dimension 1 of 10 : 0.4415217716663887  | time taken : 50.29795455932617
 Thread 5 estimated dimension 1 of 10 : 0.4560242478496808  | time taken : 53.15163207054138
 Thread 2 estimated dimension 2 of 10 : 0.715773156625858  | time taken : 26.99012589454651
 Thread 1 estimated dimension 2 of 10 : 0.7372795189292963  | time taken : 33.03203749656677
 Thread 4 estimated dimension 2 of 10 : 0.329657159696349  | time taken : 87.02826690673828
 Thread 2 estimated dimension 3 of 10 : 0.6925926507565436  | time taken : 35.765987157821655
 Thread 6 estimated dimension 2 of 10 : 0.4766113173923805  | time taken : 58.663933753967285
 Thread 3 estimated dimension 2 of 10 : 0.46933663839622264  | time taken : 52.790164947509766
 Thread 5 estimated dimension 2 of 10 : 0.5005717954580751  | time taken : 49.36968636512756
 Thread 7 estimated dimension 2 of 10 : 0.2943467000821906  | time taken : 94.30741906166077
 Thread 4 estimated dimension 3 of 10 : 0.667410501762727  | time taken : 35.73247671127319
 Thread 5 estimated dimension 3 of 10 : 0.7372827663324404  | time taken : 23.8258855342865
 Thread 3 estimated dimension 3 of 10 : 0.6061615330363008  | time taken : 32.12485408782959
 Thread 4 estimated dimension 4 of 10 : 0.9735994732351709  | time taken : 7.222562074661255
 Thread 2 estimated dimension 4 of 10 : 0.5409328867709542  | time taken : 36.613210678100586
 Thread 7 estimated dimension 3 of 10 : 0.7512495538066915  | time taken : 22.972334146499634
 Thread 3 estimated dimension 4 of 10 : 0.9886726833201771  | time taken : 5.515666484832764
 Thread 7 estimated dimension 4 of 10 : 0.9730344482947282  | time taken : 5.318256616592407
 Thread 4 estimated dimension 5 of 10 : 1  | time taken : 10.036646604537964
 Thread 1 estimated dimension 3 of 10 : 0.40263231896702234  | time taken : 71.7307710647583
 Thread 3 estimated dimension 5 of 10 : 1  | time taken : 10.458812475204468
 Thread 3 estimated dimension 6 of 10 : 1  | time taken : 4.153265476226807
 Thread 4 estimated dimension 6 of 10 : 1  | time taken : 13.53067660331726
 Thread 2 estimated dimension 5 of 10 : 0.714326973531752  | time taken : 28.0368812084198
 Thread 7 estimated dimension 5 of 10 : 0.7208229944966381  | time taken : 29.344067811965942
 Thread 7 estimated dimension 6 of 10 : 0.9939802490543592  | time taken : 5.802678346633911
 Thread 6 estimated dimension 3 of 10 : 0.31961542091135303  | time taken : 81.63575148582458
 Thread 5 estimated dimension 4 of 10 : 0.41110654612752817  | time taken : 57.48357653617859
 Thread 6 estimated dimension 4 of 10 : 1  | time taken : 9.647445440292358
 Thread 6 estimated dimension 5 of 10 : 1  | time taken : 8.844611406326294
 Thread 4 estimated dimension 7 of 10 : 0.5625866615118231  | time taken : 46.684513092041016
 Thread 6 estimated dimension 6 of 10 : 1  | time taken : 9.992489337921143
 Thread 6 estimated dimension 7 of 10 : 1  | time taken : 4.882591724395752
 Thread 3 estimated dimension 7 of 10 : 0.4880304077702007  | time taken : 66.02131009101868
 Thread 6 estimated dimension 8 of 10 : 1  | time taken : 6.279726266860962
 Thread 5 estimated dimension 5 of 10 : 0.6749697807328283  | time taken : 41.127209186553955
 Thread 3 estimated dimension 8 of 10 : 0.9908642956260122  | time taken : 7.944913387298584
 Thread 7 estimated dimension 7 of 10 : 0.49130442461622237  | time taken : 52.078471183776855
 Thread 5 estimated dimension 6 of 10 : 1  | time taken : 9.113358974456787
 Thread 1 estimated dimension 4 of 10 : 0.3544011203443437  | time taken : 90.65081143379211
 Thread 2 estimated dimension 6 of 10 : 0.3308376173230962  | time taken : 79.35955452919006
 Thread 1 estimated dimension 5 of 10 : 1  | time taken : 9.335372686386108
 Thread 2 estimated dimension 7 of 10 : 1  | time taken : 14.277653217315674
 Thread 1 estimated dimension 6 of 10 : 1  | time taken : 9.924443483352661
 Thread 1 estimated dimension 7 of 10 : 1  | time taken : 5.331474542617798
 Thread 4 estimated dimension 8 of 10 : 0.44520448345216523  | time taken : 61.95811128616333
 Thread 6 estimated dimension 9 of 10 : 0.4654773442363035  | time taken : 42.906230449676514
 Thread 6 nsolns: 41083
 Thread 3 estimated dimension 9 of 10 : 0.49368115442406074  | time taken : 47.37010622024536
 Thread 3 nsolns: 40555
 Thread 4 estimated dimension 9 of 10 : 1  | time taken : 11.219377994537354
 Thread 4 nsolns: 40862
 Thread 7 estimated dimension 8 of 10 : 0.4935930630242809  | time taken : 59.69558262825012
 Thread 7 estimated dimension 9 of 10 : 0.9909915750436074  | time taken : 7.6649558544158936
 Thread 7 nsolns: 40733
 Thread 5 estimated dimension 7 of 10 : 0.49027413101949974  | time taken : 63.3280770778656
 Thread 6 estimated dimension 0 of 10 : 0.5620030830329618  | time taken : 41.17988300323486
 Thread 5 estimated dimension 8 of 10 : 1  | time taken : 15.4495370388031
 Thread 2 estimated dimension 8 of 10 : 0.5229525517237492  | time taken : 61.63696265220642
 Thread 3 estimated dimension 0 of 10 : 0.5958014495079555  | time taken : 45.65718865394592
 Thread 1 estimated dimension 8 of 10 : 0.48657683929955003  | time taken : 58.942418575286865
 Thread 4 estimated dimension 0 of 10 : 0.436471872259253  | time taken : 47.05926156044006
 Thread 5 estimated dimension 9 of 10 : 0.9772651262746521  | time taken : 13.475740909576416
 Thread 5 nsolns: 39919
 Thread 2 estimated dimension 9 of 10 : 1  | time taken : 12.719171285629272
 Thread 2 nsolns: 40734
 Thread 1 estimated dimension 9 of 10 : 0.9916884518218514  | time taken : 10.26828384399414
 Thread 1 nsolns: 41395
 Thread 6 estimated dimension 1 of 10 : 0.6455908578294451  | time taken : 35.00628328323364
 Thread 7 estimated dimension 0 of 10 : 0.3974677674989388  | time taken : 63.363335609436035
 Thread 5 estimated dimension 0 of 10 : 0.625921487372381  | time taken : 32.449808835983276
 Thread 4 estimated dimension 1 of 10 : 0.6251263108245677  | time taken : 41.5570285320282
 Thread 6 estimated dimension 2 of 10 : 0.7340484208167619  | time taken : 26.9368839263916
 Thread 1 estimated dimension 0 of 10 : 0.5159050120733093  | time taken : 41.07151985168457
 Thread 3 estimated dimension 1 of 10 : 0.4421672047302012  | time taken : 56.380160331726074
 Thread 2 estimated dimension 0 of 10 : 0.5402793066948929  | time taken : 51.0839262008667
 Thread 4 estimated dimension 2 of 10 : 0.7128236925299738  | time taken : 27.08965516090393
 Thread 6 estimated dimension 3 of 10 : 0.6791518487503841  | time taken : 34.22912812232971
 Thread 5 estimated dimension 1 of 10 : 0.4226650720399896  | time taken : 61.304757833480835
 Thread 1 estimated dimension 1 of 10 : 0.6003405481949052  | time taken : 47.82505655288696
 Thread 7 estimated dimension 1 of 10 : 0.4811944132293225  | time taken : 66.57877779006958
 Thread 3 estimated dimension 2 of 10 : 0.4389019056300359  | time taken : 49.369446754455566
 Thread 2 estimated dimension 1 of 10 : 0.5709957974103981  | time taken : 54.835620164871216
 Thread 4 estimated dimension 3 of 10 : 0.4001127203145339  | time taken : 53.76975917816162
 Thread 3 estimated dimension 3 of 10 : 0.7853222237836797  | time taken : 27.772544860839844
 Thread 3 estimated dimension 4 of 10 : 0.9809989889277805  | time taken : 4.971000909805298
 Thread 5 estimated dimension 2 of 10 : 0.4974315181335216  | time taken : 38.9144823551178
 Thread 6 estimated dimension 4 of 10 : 0.44883605271695814  | time taken : 57.125993490219116
 Thread 4 estimated dimension 4 of 10 : 0.6349629732987087  | time taken : 25.25892424583435
 Thread 2 estimated dimension 2 of 10 : 0.6705037703414445  | time taken : 36.371604919433594
 Thread 7 estimated dimension 2 of 10 : 0.5028484251636705  | time taken : 48.47226858139038
 Thread 4 estimated dimension 5 of 10 : 0.9797049996516263  | time taken : 12.567572355270386
 Thread 2 estimated dimension 3 of 10 : 0.72621211154228  | time taken : 38.25266146659851
 Thread 7 estimated dimension 3 of 10 : 0.7135026034251833  | time taken : 37.76824164390564
 Thread 1 estimated dimension 2 of 10 : 0.30473385500533917  | time taken : 96.64348983764648
 Thread 7 estimated dimension 4 of 10 : 1  | time taken : 6.924387454986572
 Thread 7 estimated dimension 5 of 10 : 1  | time taken : 8.346012115478516
 Thread 7 estimated dimension 6 of 10 : 1  | time taken : 7.311482906341553
 Thread 2 estimated dimension 4 of 10 : 0.5260777182024666  | time taken : 31.510300159454346
 Thread 3 estimated dimension 5 of 10 : 0.3273882917267188  | time taken : 83.57364749908447
 Thread 1 estimated dimension 3 of 10 : 0.7730393331582168  | time taken : 28.608015537261963
 Thread 5 estimated dimension 3 of 10 : 0.34223364842856263  | time taken : 87.09323143959045
 Thread 3 estimated dimension 6 of 10 : 1  | time taken : 13.244512796401978
 Thread 1 estimated dimension 4 of 10 : 1  | time taken : 9.517600059509277
 Thread 3 estimated dimension 7 of 10 : 0.9591117574877055  | time taken : 8.748021602630615
 Thread 6 estimated dimension 5 of 10 : 0.35138704025622414  | time taken : 106.32949113845825
 Thread 4 estimated dimension 6 of 10 : 0.4748607731563219  | time taken : 86.93183279037476
 Thread 3 estimated dimension 8 of 10 : 1  | time taken : 9.50884747505188
 Thread 6 estimated dimension 6 of 10 : 0.9689401799904388  | time taken : 13.895309686660767
 Thread 4 estimated dimension 7 of 10 : 1  | time taken : 12.398902416229248
 Thread 6 estimated dimension 7 of 10 : 1  | time taken : 3.803377151489258
 Thread 7 estimated dimension 7 of 10 : 0.451635708458598  | time taken : 58.18887543678284
 Thread 7 estimated dimension 8 of 10 : 0.9663262861454294  | time taken : 7.250266790390015
 Thread 3 estimated dimension 9 of 10 : 0.4842790439743534  | time taken : 50.45996880531311
 Thread 3 nsolns: 40534
 Thread 4 estimated dimension 8 of 10 : 0.5397343444174594  | time taken : 44.69045567512512
 Thread 4 estimated dimension 9 of 10 : 0.9994511880554667  | time taken : 11.794278860092163
 Thread 6 estimated dimension 8 of 10 : 0.5109824152035727  | time taken : 56.42172956466675
 Thread 4 nsolns: 39935
 Thread 1 estimated dimension 5 of 10 : 0.34177049112540525  | time taken : 86.96733546257019
 Thread 7 estimated dimension 9 of 10 : 0.5352199831834685  | time taken : 49.81636047363281
 Thread 7 nsolns: 39599
 Thread 6 estimated dimension 9 of 10 : 1  | time taken : 12.652234315872192
 Thread 6 nsolns: 39633
 Thread 5 estimated dimension 4 of 10 : 0.3316328882286371  | time taken : 109.8955020904541
 Thread 1 estimated dimension 6 of 10 : 1  | time taken : 12.766072511672974
 Thread 5 estimated dimension 5 of 10 : 1  | time taken : 4.635149240493774
 Thread 1 estimated dimension 7 of 10 : 0.9751028940725803  | time taken : 5.699615240097046
 Thread 3 estimated dimension 0 of 10 : 0.5381662087051882  | time taken : 42.23674917221069
 Thread 2 estimated dimension 5 of 10 : 0.24409785220227126  | time taken : 130.3562684059143
 Thread 5 estimated dimension 6 of 10 : 1  | time taken : 15.51198673248291
 Thread 2 estimated dimension 6 of 10 : 1  | time taken : 8.164790630340576
 Thread 7 estimated dimension 0 of 10 : 0.5625755892131485  | time taken : 34.6738703250885
 Thread 4 estimated dimension 0 of 10 : 0.500696255253726  | time taken : 48.07068610191345
 Thread 5 estimated dimension 7 of 10 : 1  | time taken : 12.206635475158691
 Thread 2 estimated dimension 7 of 10 : 0.9975289356019803  | time taken : 12.435860395431519
 Thread 6 estimated dimension 0 of 10 : 0.464782797563298  | time taken : 46.68124055862427
 Thread 5 estimated dimension 8 of 10 : 0.9923979304401186  | time taken : 13.521768569946289
 Thread 5 estimated dimension 9 of 10 : 1  | time taken : 4.367767810821533
 Thread 5 nsolns: 41440
 Thread 1 estimated dimension 8 of 10 : 0.5046813505136596  | time taken : 51.73754167556763
 Thread 3 estimated dimension 1 of 10 : 0.39628805391000876  | time taken : 50.77181911468506
 Thread 4 estimated dimension 1 of 10 : 0.575773609785547  | time taken : 30.277546644210815
 Thread 1 estimated dimension 9 of 10 : 0.9673295974593514  | time taken : 13.629383325576782
 Thread 1 nsolns: 41665
 Thread 2 estimated dimension 8 of 10 : 0.5452164979686355  | time taken : 45.45587635040283
 Thread 2 estimated dimension 9 of 10 : 0.9889459263377156  | time taken : 4.3490893840789795
 Thread 2 nsolns: 42377
 Thread 5 estimated dimension 0 of 10 : 0.5012619947794174  | time taken : 36.93524789810181
 Thread 4 estimated dimension 2 of 10 : 0.7157635658336893  | time taken : 29.776116847991943
 Thread 7 estimated dimension 1 of 10 : 0.395388232107206  | time taken : 66.74568915367126
 Thread 6 estimated dimension 1 of 10 : 0.3737353902451107  | time taken : 62.01121163368225
 Thread 1 estimated dimension 0 of 10 : 0.5856555404401078  | time taken : 42.507423400878906
 Thread 3 estimated dimension 2 of 10 : 0.4885005535149487  | time taken : 54.925779819488525
 Thread 3 estimated dimension 3 of 10 : 0.7639962804826355  | time taken : 16.72357153892517
 Thread 2 estimated dimension 0 of 10 : 0.4056162487170519  | time taken : 46.62685298919678
 Thread 5 estimated dimension 1 of 10 : 0.4226260175732162  | time taken : 47.89548301696777
 Thread 3 estimated dimension 4 of 10 : 0.9948620061791129  | time taken : 8.276243448257446
 Thread 6 estimated dimension 2 of 10 : 0.5168680688160194  | time taken : 39.69846868515015
 Thread 7 estimated dimension 2 of 10 : 0.49153539807124375  | time taken : 50.98920488357544
 Thread 1 estimated dimension 1 of 10 : 0.5769982660338808  | time taken : 37.052321910858154
 Thread 7 estimated dimension 3 of 10 : 0.7269470863379999  | time taken : 21.524465084075928
 Thread 5 estimated dimension 2 of 10 : 0.5417984556693883  | time taken : 33.764633655548096
 Thread 7 estimated dimension 4 of 10 : 1  | time taken : 7.39760684967041
 Thread 4 estimated dimension 3 of 10 : 0.3631162978301401  | time taken : 86.6300892829895
 Thread 2 estimated dimension 1 of 10 : 0.4234804580616547  | time taken : 52.04924130439758
 Thread 6 estimated dimension 3 of 10 : 0.39144712252083624  | time taken : 58.836302757263184
 Thread 4 estimated dimension 4 of 10 : 0.6737478310995351  | time taken : 32.851998805999756
 Thread 1 estimated dimension 2 of 10 : 0.2985117317303137  | time taken : 59.67485284805298
 Thread 3 estimated dimension 5 of 10 : 0.3029709580128657  | time taken : 72.69076037406921
 Thread 4 estimated dimension 5 of 10 : 1  | time taken : 7.869948625564575
 Thread 3 estimated dimension 6 of 10 : 1  | time taken : 10.68327522277832
 Thread 2 estimated dimension 2 of 10 : 0.48328988021300234  | time taken : 40.1051869392395
 Thread 6 estimated dimension 4 of 10 : 0.654723857582287  | time taken : 25.589723348617554
 Thread 3 estimated dimension 7 of 10 : 0.9929361880918396  | time taken : 4.147491216659546
 Thread 7 estimated dimension 5 of 10 : 0.3317290542065718  | time taken : 59.90914702415466
 Thread 6 estimated dimension 5 of 10 : 0.9968718650010691  | time taken : 9.305029392242432
 Thread 3 estimated dimension 8 of 10 : 1  | time taken : 12.740185022354126
 Thread 7 estimated dimension 6 of 10 : 1  | time taken : 9.521219968795776
 Thread 5 estimated dimension 3 of 10 : 0.2718775466274998  | time taken : 78.36625599861145
 Thread 7 estimated dimension 7 of 10 : 0.9748375116919096  | time taken : 9.655484914779663
 Thread 4 estimated dimension 6 of 10 : 0.5291560390350732  | time taken : 45.48300862312317
 Thread 7 estimated dimension 8 of 10 : 1  | time taken : 9.648767232894897
 Thread 4 estimated dimension 7 of 10 : 0.9824300733985217  | time taken : 9.532349109649658
 Thread 3 estimated dimension 9 of 10 : 0.5337552096085665  | time taken : 53.216312646865845
 Thread 3 nsolns: 41576
 Thread 2 estimated dimension 3 of 10 : 0.3709267894350051  | time taken : 74.83863258361816
 Thread 6 estimated dimension 6 of 10 : 0.45115316387734283  | time taken : 62.649378299713135
 Thread 1 estimated dimension 3 of 10 : 0.2470117440139348  | time taken : 92.00329852104187
 Thread 7 estimated dimension 9 of 10 : 0.5643708828629269  | time taken : 38.72132706642151
 Thread 7 nsolns: 40659
 Thread 2 estimated dimension 4 of 10 : 1  | time taken : 8.055865287780762
 Thread 1 estimated dimension 4 of 10 : 0.9926142430832078  | time taken : 12.912992715835571
 Thread 6 estimated dimension 7 of 10 : 0.9701614326370688  | time taken : 14.978671312332153
 Thread 1 estimated dimension 5 of 10 : 1  | time taken : 4.462337493896484
 Thread 2 estimated dimension 5 of 10 : 0.966743757347644  | time taken : 12.859975337982178
 Thread 1 estimated dimension 6 of 10 : 0.9861709712456552  | time taken : 3.9161136150360107
 Thread 4 estimated dimension 8 of 10 : 0.4660730305438365  | time taken : 50.03977394104004
 Thread 6 estimated dimension 8 of 10 : 1  | time taken : 10.99073576927185
 Thread 5 estimated dimension 4 of 10 : 0.3438458719935201  | time taken : 80.11367225646973
 Thread 2 estimated dimension 6 of 10 : 0.9877050665225265  | time taken : 11.487245321273804
 Thread 4 estimated dimension 9 of 10 : 1  | time taken : 9.693715333938599
 Thread 1 estimated dimension 7 of 10 : 1  | time taken : 11.357849597930908
 Thread 4 nsolns: 40417
 Thread 6 estimated dimension 9 of 10 : 0.9887899120237282  | time taken : 8.734320640563965
 Thread 6 nsolns: 41686
 Thread 5 estimated dimension 5 of 10 : 0.9798258654509243  | time taken : 14.543877601623535
 Thread 2 estimated dimension 7 of 10 : 1  | time taken : 9.084818124771118
 Thread 3 estimated dimension 0 of 10 : 0.47966220851504326  | time taken : 51.81570100784302
 Thread 2 estimated dimension 8 of 10 : 1  | time taken : 6.8445868492126465
 Thread 5 estimated dimension 6 of 10 : 1  | time taken : 8.68968415260315
 Thread 7 estimated dimension 0 of 10 : 0.4086175159919012  | time taken : 55.40957260131836
 Thread 5 estimated dimension 7 of 10 : 1  | time taken : 12.984220266342163
 Thread 6 estimated dimension 0 of 10 : 0.4805872954692481  | time taken : 30.503829956054688
 Thread 5 estimated dimension 8 of 10 : 0.9969389819095028  | time taken : 6.778132677078247
 Thread 1 estimated dimension 8 of 10 : 0.535247766151381  | time taken : 37.77590227127075
 Thread 4 estimated dimension 0 of 10 : 0.5150049058334508  | time taken : 41.27384328842163
 Thread 5 estimated dimension 9 of 10 : 1  | time taken : 14.164679527282715
 Thread 5 nsolns: 43675
 Thread 1 estimated dimension 9 of 10 : 1  | time taken : 17.585548400878906
 Thread 1 nsolns: 43381
 Thread 3 estimated dimension 1 of 10 : 0.42241260982447404  | time taken : 48.4662983417511
 Thread 7 estimated dimension 1 of 10 : 0.449196784182214  | time taken : 38.66392993927002
 Thread 2 estimated dimension 9 of 10 : 0.5116989667159214  | time taken : 50.36286783218384
 Thread 2 nsolns: 40423
 Thread 4 estimated dimension 1 of 10 : 0.5392840443931969  | time taken : 29.73530101776123
 Thread 6 estimated dimension 1 of 10 : 0.42367920030249223  | time taken : 40.646920919418335
 Thread 5 estimated dimension 0 of 10 : 0.4911469235392945  | time taken : 38.19052839279175
 Thread 1 estimated dimension 0 of 10 : 0.5116769744700481  | time taken : 48.5447998046875
 Thread 7 estimated dimension 2 of 10 : 0.5354920674042946  | time taken : 43.212443351745605
 Thread 6 estimated dimension 2 of 10 : 0.5555644837069984  | time taken : 34.25903081893921
 Thread 3 estimated dimension 2 of 10 : 0.43623494122936013  | time taken : 51.7566864490509
 Thread 2 estimated dimension 0 of 10 : 0.4125779347780622  | time taken : 53.81713652610779
 Thread 1 estimated dimension 1 of 10 : 0.5626373678242594  | time taken : 33.16747450828552
 Thread 3 estimated dimension 3 of 10 : 0.6748019220951923  | time taken : 33.46056294441223
 Thread 4 estimated dimension 2 of 10 : 0.3124004331759648  | time taken : 79.04241871833801
 Thread 2 estimated dimension 1 of 10 : 0.6197979141675887  | time taken : 31.695339679718018
 Thread 7 estimated dimension 3 of 10 : 0.3786670736415676  | time taken : 49.21802735328674
 Thread 3 estimated dimension 4 of 10 : 0.9857688686073544  | time taken : 8.268756866455078
 Thread 5 estimated dimension 1 of 10 : 0.4223248717170148  | time taken : 67.42919921875
 Thread 1 estimated dimension 2 of 10 : 0.7162626104105942  | time taken : 22.238256216049194
 Thread 3 estimated dimension 5 of 10 : 1  | time taken : 15.024595975875854
 Thread 3 estimated dimension 6 of 10 : 1  | time taken : 6.564736366271973
 Thread 6 estimated dimension 3 of 10 : 0.2593459994551019  | time taken : 80.05136036872864
 Thread 1 estimated dimension 3 of 10 : 0.47813651553133063  | time taken : 40.48175859451294
 Thread 6 estimated dimension 4 of 10 : 0.7150155483336308  | time taken : 34.51224446296692
 Thread 5 estimated dimension 2 of 10 : 0.5103631559222425  | time taken : 65.54231786727905
 Thread 3 estimated dimension 7 of 10 : 0.5016316838884978  | time taken : 50.14215660095215
 Thread 6 estimated dimension 5 of 10 : 0.9653322599066629  | time taken : 7.452357530593872
 Thread 7 estimated dimension 4 of 10 : 0.3458441154032477  | time taken : 81.6932065486908
 Thread 2 estimated dimension 2 of 10 : 0.30908430032267453  | time taken : 86.49005103111267
 Thread 3 estimated dimension 8 of 10 : 1  | time taken : 10.918785333633423
 Thread 4 estimated dimension 3 of 10 : 0.2771559354152498  | time taken : 97.89122319221497
 Thread 1 estimated dimension 4 of 10 : 0.4041563660486583  | time taken : 45.709938287734985
 Thread 7 estimated dimension 5 of 10 : 1  | time taken : 10.972193479537964
 Thread 4 estimated dimension 4 of 10 : 0.9844812352988456  | time taken : 4.365357875823975
 Thread 1 estimated dimension 5 of 10 : 1  | time taken : 8.364618062973022
 Thread 7 estimated dimension 6 of 10 : 1  | time taken : 8.83597207069397
 Thread 4 estimated dimension 5 of 10 : 0.9509269820860459  | time taken : 9.00226879119873
 Thread 1 estimated dimension 6 of 10 : 1  | time taken : 8.184513330459595
 Thread 4 estimated dimension 6 of 10 : 0.9844465921419698  | time taken : 9.951173067092896
 Thread 7 estimated dimension 7 of 10 : 0.9853063747406275  | time taken : 13.10497498512268
 Thread 4 estimated dimension 7 of 10 : 0.9647738849147711  | time taken : 9.661023616790771
 Thread 7 estimated dimension 8 of 10 : 1  | time taken : 11.048882484436035
 Thread 6 estimated dimension 6 of 10 : 0.5890635682781316  | time taken : 55.586756229400635
 Thread 7 estimated dimension 9 of 10 : 1  | time taken : 11.025526285171509
 Thread 6 estimated dimension 7 of 10 : 1  | time taken : 11.675438404083252
 Thread 7 nsolns: 41841
 Thread 3 estimated dimension 9 of 10 : 0.47851997275321784  | time taken : 56.3171124458313
 Thread 3 nsolns: 39940
 Thread 6 estimated dimension 8 of 10 : 1  | time taken : 8.124855995178223
 Thread 1 estimated dimension 7 of 10 : 0.5275382254635675  | time taken : 42.93710017204285
 Thread 2 estimated dimension 3 of 10 : 0.38900885153366915  | time taken : 71.19265818595886
 Thread 2 estimated dimension 4 of 10 : 0.992077204864715  | time taken : 5.86453652381897
 Thread 6 estimated dimension 9 of 10 : 0.9949979627319714  | time taken : 12.872344732284546
 Thread 6 nsolns: 42219
 Thread 2 estimated dimension 5 of 10 : 1  | time taken : 6.0905210971832275
 Thread 3 estimated dimension 0 of 10 : 0.5682550242546607  | time taken : 26.028356313705444
 Thread 2 estimated dimension 6 of 10 : 0.9816807117421639  | time taken : 8.372190237045288
 Thread 4 estimated dimension 8 of 10 : 0.5017143172765213  | time taken : 50.27007746696472
 Thread 7 estimated dimension 0 of 10 : 0.5586554352401766  | time taken : 39.20917010307312
 Thread 2 estimated dimension 7 of 10 : 1  | time taken : 7.959254264831543
 Thread 4 estimated dimension 9 of 10 : 1  | time taken : 13.853590726852417
 Thread 4 nsolns: 43296
 Thread 3 estimated dimension 1 of 10 : 0.6115935536183184  | time taken : 26.364093542099
 Thread 5 estimated dimension 3 of 10 : 0.2635461543235992  | time taken : 132.95075798034668
 Thread 6 estimated dimension 0 of 10 : 0.6473982766821325  | time taken : 37.569498777389526
 Thread 1 estimated dimension 8 of 10 : 0.4843326325710385  | time taken : 54.476521253585815
 Thread 5 estimated dimension 4 of 10 : 0.9827799416813459  | time taken : 8.989253520965576
 Thread 5 estimated dimension 5 of 10 : 0.9798703753677853  | time taken : 10.970264196395874
 Thread 7 estimated dimension 1 of 10 : 0.4472673282379231  | time taken : 43.18987321853638
 Thread 1 estimated dimension 9 of 10 : 1  | time taken : 15.731485366821289
 Thread 1 nsolns: 41214
 Thread 4 estimated dimension 0 of 10 : 0.6625118830196134  | time taken : 33.02148222923279
 Thread 5 estimated dimension 6 of 10 : 1  | time taken : 7.343419551849365
 Thread 3 estimated dimension 2 of 10 : 0.6778004805196511  | time taken : 37.158297538757324
 Thread 2 estimated dimension 8 of 10 : 0.5300866829475565  | time taken : 48.757659673690796
 Thread 5 estimated dimension 7 of 10 : 1  | time taken : 12.329875469207764
 Thread 2 estimated dimension 9 of 10 : 0.9953199146333235  | time taken : 12.09435224533081
 Thread 2 nsolns: 41083
 Thread 5 estimated dimension 8 of 10 : 1  | time taken : 9.606991291046143
 Thread 6 estimated dimension 1 of 10 : 0.4469257855781326  | time taken : 62.04129886627197
 Thread 1 estimated dimension 0 of 10 : 0.6145863175626337  | time taken : 39.97649908065796
 Thread 7 estimated dimension 2 of 10 : 0.5425099611321573  | time taken : 51.762490034103394
 Thread 4 estimated dimension 1 of 10 : 0.45453304834632186  | time taken : 53.9708833694458
 Thread 2 estimated dimension 0 of 10 : 0.4100685017639802  | time taken : 45.07895541191101
 Thread 7 estimated dimension 3 of 10 : 0.7999079069206585  | time taken : 24.746238470077515
 Thread 5 estimated dimension 9 of 10 : 0.47693109820243956  | time taken : 56.17945194244385
 Thread 5 nsolns: 42576
 Thread 6 estimated dimension 2 of 10 : 0.5102550712990765  | time taken : 49.80187940597534
 Thread 1 estimated dimension 1 of 10 : 0.47089337020960975  | time taken : 50.262181520462036
 Thread 3 estimated dimension 3 of 10 : 0.2477232729421545  | time taken : 82.82581448554993
 Thread 4 estimated dimension 2 of 10 : 0.5198802591998338  | time taken : 41.19685697555542
 Thread 2 estimated dimension 1 of 10 : 0.6045626156019034  | time taken : 34.14322018623352
 Thread 6 estimated dimension 3 of 10 : 0.6473686714877386  | time taken : 23.812692165374756
 Thread 5 estimated dimension 0 of 10 : 0.630499180259666  | time taken : 28.80269169807434
 Thread 3 estimated dimension 4 of 10 : 0.6889952715884551  | time taken : 23.33115816116333
 Thread 4 estimated dimension 3 of 10 : 0.6195399914906851  | time taken : 22.792860746383667
 Thread 7 estimated dimension 4 of 10 : 0.4200036198828393  | time taken : 45.68713331222534
 Thread 3 estimated dimension 5 of 10 : 1  | time taken : 9.862558603286743
 Thread 1 estimated dimension 2 of 10 : 0.5045152734516223  | time taken : 37.70138669013977
 Thread 7 estimated dimension 5 of 10 : 0.6541929414195969  | time taken : 19.261425495147705
 Thread 7 estimated dimension 6 of 10 : 0.9920526897872443  | time taken : 6.676177501678467
 Thread 4 estimated dimension 4 of 10 : 0.6272257885250729  | time taken : 31.61655306816101
 Thread 5 estimated dimension 1 of 10 : 0.402937046481195  | time taken : 46.62282085418701
 Thread 6 estimated dimension 4 of 10 : 0.39393335121189826  | time taken : 48.122629165649414
 Thread 3 estimated dimension 6 of 10 : 0.516839676112945  | time taken : 39.84261631965637
 Thread 2 estimated dimension 2 of 10 : 0.3072168188670356  | time taken : 64.70148658752441
 Thread 3 estimated dimension 7 of 10 : 0.9861984992096793  | time taken : 5.53704047203064
 Thread 4 estimated dimension 5 of 10 : 0.7681200001436431  | time taken : 21.652963399887085
 Thread 6 estimated dimension 5 of 10 : 0.6409642642523389  | time taken : 37.19669723510742
 Thread 5 estimated dimension 2 of 10 : 0.5133618709154726  | time taken : 40.57954788208008
 Thread 7 estimated dimension 7 of 10 : 0.5297949188551199  | time taken : 51.9024178981781
 Thread 6 estimated dimension 6 of 10 : 0.9766994518859411  | time taken : 8.290442943572998
 Thread 4 estimated dimension 6 of 10 : 0.6586636266539758  | time taken : 32.45076036453247
 Thread 2 estimated dimension 3 of 10 : 0.6585399359927947  | time taken : 42.254751205444336
 Thread 7 estimated dimension 8 of 10 : 0.9962285392699288  | time taken : 9.361743450164795
 Thread 2 estimated dimension 4 of 10 : 0.9903027656717613  | time taken : 9.985698938369751
 Thread 7 estimated dimension 9 of 10 : 0.9789817473994767  | time taken : 14.392716884613037
 Thread 7 nsolns: 39053
 Thread 2 estimated dimension 5 of 10 : 1  | time taken : 6.947531461715698
 Thread 2 estimated dimension 6 of 10 : 1  | time taken : 7.8285071849823
 Thread 3 estimated dimension 8 of 10 : 0.4800285987524158  | time taken : 65.1300048828125
 Thread 3 estimated dimension 9 of 10 : 0.9822705905186437  | time taken : 7.6034064292907715
 Thread 3 nsolns: 42382
 Thread 4 estimated dimension 7 of 10 : 0.5603072157313153  | time taken : 39.565603733062744
 Thread 1 estimated dimension 3 of 10 : 0.24185944516975302  | time taken : 123.32867074012756
 Thread 4 estimated dimension 8 of 10 : 0.9876377339157875  | time taken : 6.829061031341553
 Thread 6 estimated dimension 7 of 10 : 0.5031981819843615  | time taken : 51.94614219665527
 Thread 7 estimated dimension 0 of 10 : 0.5289961975208778  | time taken : 32.968782901763916
 Thread 5 estimated dimension 3 of 10 : 0.3564605287412338  | time taken : 65.51436710357666
 Thread 4 estimated dimension 9 of 10 : 1  | time taken : 10.638131618499756
 Thread 1 estimated dimension 4 of 10 : 0.9950261805156108  | time taken : 15.985625743865967
 Thread 4 nsolns: 38112
 Thread 6 estimated dimension 8 of 10 : 1  | time taken : 11.135934591293335
 Thread 6 estimated dimension 9 of 10 : 0.9877709419415593  | time taken : 4.142028331756592
 Thread 1 estimated dimension 5 of 10 : 1  | time taken : 9.143750190734863
 Thread 6 nsolns: 40110
 Thread 2 estimated dimension 7 of 10 : 0.47314553011964533  | time taken : 51.69600868225098
 Thread 1 estimated dimension 6 of 10 : 1  | time taken : 12.495126008987427
 Thread 7 estimated dimension 1 of 10 : 0.5651658615307669  | time taken : 33.291637897491455
 Thread 5 estimated dimension 4 of 10 : 0.6744457160230088  | time taken : 31.225606679916382
 Thread 1 estimated dimension 7 of 10 : 0.9943622313447611  | time taken : 11.997761249542236
 Thread 3 estimated dimension 0 of 10 : 0.4300184860359163  | time taken : 59.939778566360474
 Thread 1 estimated dimension 8 of 10 : 0.9900620142399514  | time taken : 4.20939302444458
 Thread 5 estimated dimension 5 of 10 : 0.9991479003153929  | time taken : 8.762157440185547
 Thread 4 estimated dimension 0 of 10 : 0.4375237223266401  | time taken : 43.84861135482788
 Thread 6 estimated dimension 0 of 10 : 0.44893000480162826  | time taken : 35.992233991622925
 Thread 7 estimated dimension 2 of 10 : 0.7218994382951298  | time taken : 23.100155353546143
 Thread 4 estimated dimension 1 of 10 : 0.6277123626977801  | time taken : 24.75002670288086
 Thread 2 estimated dimension 8 of 10 : 0.4491806028799151  | time taken : 50.569178104400635
 Thread 3 estimated dimension 1 of 10 : 0.5688966046966492  | time taken : 35.10341286659241
 Thread 2 estimated dimension 9 of 10 : 0.9900247873312027  | time taken : 12.502856016159058
 Thread 2 nsolns: 42289
 Thread 5 estimated dimension 6 of 10 : 0.5196037312336106  | time taken : 46.84190821647644
 Thread 1 estimated dimension 9 of 10 : 0.5361316639799607  | time taken : 49.799426317214966
 Thread 1 nsolns: 40926
 Thread 6 estimated dimension 1 of 10 : 0.46817581372878087  | time taken : 44.14967966079712
 Thread 5 estimated dimension 7 of 10 : 1  | time taken : 8.918630838394165
 Thread 5 estimated dimension 8 of 10 : 0.9904996406280313  | time taken : 12.995181560516357
 Thread 7 estimated dimension 3 of 10 : 0.34833499070846446  | time taken : 63.974578619003296
 Thread 5 estimated dimension 9 of 10 : 0.9986965887818396  | time taken : 5.5977466106414795
 Thread 5 nsolns: 39708
 Thread 2 estimated dimension 0 of 10 : 0.49262791726846294  | time taken : 39.50811433792114
 Thread 4 estimated dimension 2 of 10 : 0.34213805440675515  | time taken : 56.366267681121826
 Thread 1 estimated dimension 0 of 10 : 0.4898226804330162  | time taken : 42.22891187667847
 Thread 5 estimated dimension 0 of 10 : 0.6038937808024808  | time taken : 26.60249400138855
 Thread 6 estimated dimension 2 of 10 : 0.4275069676896633  | time taken : 53.59792757034302
 Thread 3 estimated dimension 2 of 10 : 0.3123592240437102  | time taken : 74.88888835906982
 Thread 4 estimated dimension 3 of 10 : 0.6848911246025279  | time taken : 25.21804118156433
 Thread 2 estimated dimension 1 of 10 : 0.6138898835503094  | time taken : 31.224472284317017
 Thread 4 estimated dimension 4 of 10 : 1  | time taken : 8.015546321868896
 Thread 4 estimated dimension 5 of 10 : 0.9951924083134374  | time taken : 5.604644060134888
 Thread 1 estimated dimension 1 of 10 : 0.5447936959851971  | time taken : 34.61620378494263
 Thread 4 estimated dimension 6 of 10 : 1  | time taken : 7.3951475620269775
 Thread 2 estimated dimension 2 of 10 : 0.6446914957870926  | time taken : 24.34630060195923
 Thread 5 estimated dimension 1 of 10 : 0.4126182504028602  | time taken : 46.465930700302124
 Thread 1 estimated dimension 2 of 10 : 0.7573458128365432  | time taken : 22.81512951850891
 Thread 7 estimated dimension 4 of 10 : 0.3176277767764074  | time taken : 77.73464894294739
 Thread 7 estimated dimension 5 of 10 : 0.9818086823482944  | time taken : 6.929537534713745
 Thread 6 estimated dimension 3 of 10 : 0.33540283411991634  | time taken : 57.862412214279175
 Thread 7 estimated dimension 6 of 10 : 1  | time taken : 8.159966230392456
 Thread 2 estimated dimension 3 of 10 : 0.5649834259126925  | time taken : 29.206560611724854
 Thread 6 estimated dimension 4 of 10 : 1  | time taken : 7.7798240184783936
 Thread 7 estimated dimension 7 of 10 : 0.9653310551603681  | time taken : 4.213175296783447
 Thread 1 estimated dimension 3 of 10 : 0.6155832781036514  | time taken : 23.892990350723267
 Thread 3 estimated dimension 3 of 10 : 0.3438613169654882  | time taken : 65.58720397949219
 Thread 4 estimated dimension 7 of 10 : 0.4584759854639306  | time taken : 44.8648681640625
 Thread 6 estimated dimension 5 of 10 : 0.9873132486019113  | time taken : 9.235233068466187
 Thread 6 estimated dimension 6 of 10 : 1  | time taken : 4.577186346054077
 Thread 3 estimated dimension 4 of 10 : 0.9831716576516644  | time taken : 11.115055561065674
 Thread 5 estimated dimension 2 of 10 : 0.49643842809453037  | time taken : 36.170284032821655
 Thread 6 estimated dimension 7 of 10 : 1  | time taken : 11.962272644042969
 Thread 3 estimated dimension 5 of 10 : 1  | time taken : 13.287830352783203
 Thread 3 estimated dimension 6 of 10 : 0.9870685948768818  | time taken : 4.884054899215698
 Thread 6 estimated dimension 8 of 10 : 0.978618216071806  | time taken : 8.57541275024414
 Thread 2 estimated dimension 4 of 10 : 0.5961078781668451  | time taken : 39.127785444259644
 Thread 2 estimated dimension 5 of 10 : 0.9886202178978768  | time taken : 7.867400169372559
 Thread 3 estimated dimension 7 of 10 : 1  | time taken : 11.920239210128784
 Thread 1 estimated dimension 4 of 10 : 0.44007047261616056  | time taken : 47.75919532775879
 Thread 1 estimated dimension 5 of 10 : 1  | time taken : 8.457675457000732
 Thread 7 estimated dimension 8 of 10 : 0.47354450286048566  | time taken : 59.25563597679138
 Thread 1 estimated dimension 6 of 10 : 0.9875005731813665  | time taken : 7.537625789642334
 Thread 7 estimated dimension 9 of 10 : 0.9883801085439368  | time taken : 11.465723752975464
 Thread 7 nsolns: 42145
 Thread 6 estimated dimension 9 of 10 : 0.5117170280198448  | time taken : 49.46304965019226
 Thread 6 nsolns: 40792
 Thread 3 estimated dimension 8 of 10 : 0.5130837795394034  | time taken : 43.66507172584534
 Thread 4 estimated dimension 8 of 10 : 0.5316760867783464  | time taken : 85.54974246025085
 Thread 3 estimated dimension 9 of 10 : 1  | time taken : 6.450775861740112
 Thread 3 nsolns: 41939
 Thread 5 estimated dimension 3 of 10 : 0.3814657748944116  | time taken : 85.56980633735657
 Thread 1 estimated dimension 7 of 10 : 0.4821745786228318  | time taken : 33.59274077415466
 Thread 4 estimated dimension 9 of 10 : 0.9990404091132639  | time taken : 8.172269821166992
 Thread 4 nsolns: 40126
 Thread 7 estimated dimension 0 of 10 : 0.42604772736532853  | time taken : 36.03931641578674
 Thread 6 estimated dimension 0 of 10 : 0.5361063738806616  | time taken : 32.31403303146362
 Thread 2 estimated dimension 6 of 10 : 0.3255050890192806  | time taken : 73.41921901702881
 Thread 2 estimated dimension 7 of 10 : 1  | time taken : 8.019516706466675
 Thread 4 estimated dimension 0 of 10 : 0.6159613083533577  | time taken : 31.888532161712646
 Thread 1 estimated dimension 8 of 10 : 0.5464383077204132  | time taken : 37.381676197052
 Thread 6 estimated dimension 1 of 10 : 0.5691885267379131  | time taken : 29.59639573097229
 Thread 3 estimated dimension 0 of 10 : 0.37326435364994004  | time taken : 51.225234031677246
 Thread 1 estimated dimension 9 of 10 : 1  | time taken : 11.10352349281311
 Thread 1 nsolns: 39583
 Thread 7 estimated dimension 1 of 10 : 0.5243208897343685  | time taken : 45.094778060913086
 Thread 4 estimated dimension 1 of 10 : 0.6088574078914976  | time taken : 32.15224528312683
 Thread 6 estimated dimension 2 of 10 : 0.6265765807246167  | time taken : 20.886710166931152
 Thread 5 estimated dimension 4 of 10 : 0.3470850358373567  | time taken : 68.2860939502716
 Thread 2 estimated dimension 8 of 10 : 0.4652965816847255  | time taken : 47.538256883621216
 Thread 7 estimated dimension 2 of 10 : 0.6704715906927672  | time taken : 23.18969202041626
 Thread 2 estimated dimension 9 of 10 : 1  | time taken : 4.276807546615601
 Thread 2 nsolns: 41500
 Thread 3 estimated dimension 1 of 10 : 0.5824128715385684  | time taken : 31.405085563659668
 Thread 5 estimated dimension 5 of 10 : 1  | time taken : 12.732780694961548
 Thread 1 estimated dimension 0 of 10 : 0.4639184699308422  | time taken : 35.97124457359314
 Thread 5 estimated dimension 6 of 10 : 1  | time taken : 8.605072736740112
 Thread 6 estimated dimension 3 of 10 : 0.7655770025081574  | time taken : 26.16899871826172
 Thread 5 estimated dimension 7 of 10 : 1  | time taken : 7.9734039306640625
 Thread 5 estimated dimension 8 of 10 : 0.9939724297766851  | time taken : 6.957874774932861
 Thread 3 estimated dimension 2 of 10 : 0.7018203917852301  | time taken : 28.74818253517151
 Thread 5 estimated dimension 9 of 10 : 0.9921678030634621  | time taken : 7.986670017242432
 Thread 5 nsolns: 40697
 Thread 1 estimated dimension 1 of 10 : 0.5979905532867048  | time taken : 28.92481517791748
 Thread 7 estimated dimension 3 of 10 : 0.3995313115320928  | time taken : 47.63653230667114
 Thread 2 estimated dimension 0 of 10 : 0.40472245826340714  | time taken : 49.797436475753784
 Thread 6 estimated dimension 4 of 10 : 0.4081997796348779  | time taken : 48.639660596847534
 Thread 5 estimated dimension 0 of 10 : 0.40547746785735456  | time taken : 33.77314329147339
 Thread 7 estimated dimension 4 of 10 : 0.6931110168623527  | time taken : 27.63784122467041
 Thread 4 estimated dimension 2 of 10 : 0.3310336809711372  | time taken : 87.24522304534912
 Thread 7 estimated dimension 5 of 10 : 1  | time taken : 12.088626146316528
 Thread 3 estimated dimension 3 of 10 : 0.4446183825405202  | time taken : 59.61535668373108
 Thread 4 estimated dimension 3 of 10 : 0.7553032257630682  | time taken : 18.864317655563354
 Thread 1 estimated dimension 2 of 10 : 0.3094438495460006  | time taken : 61.286059856414795
 Thread 2 estimated dimension 1 of 10 : 0.36301848020140537  | time taken : 48.55535054206848
 Thread 4 estimated dimension 4 of 10 : 0.9913516324070182  | time taken : 6.302607536315918
 Thread 5 estimated dimension 1 of 10 : 0.5482483418236083  | time taken : 31.99072790145874
 Thread 3 estimated dimension 4 of 10 : 0.6561551637023073  | time taken : 27.256728410720825
 Thread 3 estimated dimension 5 of 10 : 0.9719097161600895  | time taken : 7.236092805862427
 Thread 5 estimated dimension 2 of 10 : 0.6921261388255028  | time taken : 28.661071062088013
 Thread 7 estimated dimension 6 of 10 : 0.5202387350519558  | time taken : 50.26468825340271
 Thread 2 estimated dimension 2 of 10 : 0.5145497113696165  | time taken : 40.98241996765137
 Thread 7 estimated dimension 7 of 10 : 1  | time taken : 7.221104860305786
 Thread 6 estimated dimension 5 of 10 : 0.3471503394696567  | time taken : 78.23094534873962
 Thread 6 estimated dimension 6 of 10 : 1  | time taken : 2.990063190460205
 Thread 4 estimated dimension 5 of 10 : 0.38173269247284886  | time taken : 54.67158317565918
 Thread 6 estimated dimension 7 of 10 : 0.9833595609642253  | time taken : 10.568877458572388
 Thread 4 estimated dimension 6 of 10 : 1  | time taken : 13.07260251045227
 Thread 3 estimated dimension 6 of 10 : 0.4660756288799139  | time taken : 45.450106620788574
 Thread 4 estimated dimension 7 of 10 : 0.9898925657040646  | time taken : 7.433474063873291
 Thread 3 estimated dimension 7 of 10 : 1  | time taken : 6.713642120361328
 Thread 1 estimated dimension 3 of 10 : 0.2599548702334789  | time taken : 87.5269546508789
 Thread 7 estimated dimension 8 of 10 : 0.5182952831787171  | time taken : 49.29322695732117
 Thread 5 estimated dimension 3 of 10 : 0.4419392442807559  | time taken : 59.5303897857666
 Thread 1 estimated dimension 4 of 10 : 1  | time taken : 8.6406991481781
 Thread 1 estimated dimension 5 of 10 : 0.9942612113670936  | time taken : 8.025272607803345
 Thread 7 estimated dimension 9 of 10 : 0.9706448627796115  | time taken : 12.307775497436523
 Thread 7 nsolns: 40884
 Thread 6 estimated dimension 8 of 10 : 0.5205790962583423  | time taken : 49.98222303390503
 Thread 1 estimated dimension 6 of 10 : 1  | time taken : 8.0135338306427
 Thread 2 estimated dimension 3 of 10 : 0.3628978573310805  | time taken : 71.54249477386475
 Thread 1 estimated dimension 7 of 10 : 1  | time taken : 9.135019063949585
 Thread 5 estimated dimension 4 of 10 : 0.6911289231101143  | time taken : 33.11427021026611
 Thread 6 estimated dimension 9 of 10 : 0.9851996320706694  | time taken : 17.671336889266968
 Thread 6 nsolns: 41280
 Thread 3 estimated dimension 8 of 10 : 0.4380085826592179  | time taken : 48.6511971950531
 Thread 5 estimated dimension 5 of 10 : 1  | time taken : 6.776817560195923
 Thread 3 estimated dimension 9 of 10 : 0.9980480412875518  | time taken : 10.648978471755981
 Thread 3 nsolns: 41467
 Thread 2 estimated dimension 4 of 10 : 0.681597306720538  | time taken : 26.79349446296692
 Thread 2 estimated dimension 5 of 10 : 1  | time taken : 7.466989755630493
 Thread 4 estimated dimension 8 of 10 : 0.48469020419867503  | time taken : 77.36909031867981
 Thread 4 estimated dimension 9 of 10 : 1  | time taken : 3.13262939453125
 Thread 4 nsolns: 39806
 Thread 1 estimated dimension 8 of 10 : 0.5021398303390223  | time taken : 36.417853355407715
 Thread 1 estimated dimension 9 of 10 : 0.9780161867714202  | time taken : 5.233689308166504
 Thread 1 nsolns: 43798
 Thread 5 estimated dimension 6 of 10 : 0.48943651474896716  | time taken : 34.82315945625305
 Thread 5 estimated dimension 7 of 10 : 0.984576998796056  | time taken : 6.014504909515381
 Thread 2 estimated dimension 6 of 10 : 0.5005439015868328  | time taken : 26.03709864616394
 Thread 2 estimated dimension 7 of 10 : 1  | time taken : 10.870964050292969
 Thread 2 estimated dimension 8 of 10 : 1  | time taken : 3.5987179279327393
 Thread 1 estimated dimension 0 of 10 : 0.3954138376962633  | time taken : 35.38016200065613
 Thread 2 estimated dimension 9 of 10 : 0.988932179182496  | time taken : 11.979166507720947
 Thread 2 nsolns: 42189
 Thread 5 estimated dimension 8 of 10 : 0.5295402306744635  | time taken : 46.92182421684265
 Thread 5 estimated dimension 9 of 10 : 1  | time taken : 11.934466123580933
 Thread 5 nsolns: 40226
 Thread 1 estimated dimension 1 of 10 : 0.6219788897784967  | time taken : 33.49004030227661
 Thread 1 estimated dimension 2 of 10 : 0.2949831244863846  | time taken : 59.19013977050781
 Thread 1 estimated dimension 3 of 10 : 0.6614358589329632  | time taken : 26.262027978897095
 Thread 1 estimated dimension 4 of 10 : 0.99929089430159  | time taken : 4.830212354660034
 Thread 1 estimated dimension 5 of 10 : 0.9913316678801084  | time taken : 4.630022764205933
 Thread 1 estimated dimension 6 of 10 : 0.9807497774412065  | time taken : 4.590595960617065
 Thread 1 estimated dimension 7 of 10 : 0.43780230363911976  | time taken : 31.86896324157715
 Thread 1 estimated dimension 8 of 10 : 0.5666292931824397  | time taken : 24.02207374572754
 Thread 1 estimated dimension 9 of 10 : 0.9914527056131875  | time taken : 7.254929304122925
 Thread 1 nsolns: 41613
 estimated weights : [0.013609660511945182, 0.01722938768479206, 0.015043783961743702, 0.010577703631444864, 0.014216609847785232, 0.01272995314646609, 0.01611110204908139, 0.01764316688296578, 0.013978540124801452, 0.011779261680284678, 0.013536039988097597, 0.014721735860718085, 0.007705846493974993, 0.014887323429147841, 0.014845967134592863, 0.006333315420311715, 0.009711416518545055, 0.013939923477733564, 0.010059326919689464, 0.00911315468790009, 0.014496193479992639, 0.013960420221540171, 0.012899157996355616, 0.013186509893899438, 0.012795678877714559, 0.01217781117508094, 0.01048140567107071, 0.012555209928562157, 0.01354565570024906, 0.012400528296274294, 0.016028745517815128, 0.014124206559073264, 0.014822302452685407, 0.011870430312176185, 0.010375209157981949, 0.012714843580164241, 0.014505829375721447, 0.012231456831999023, 0.009927425211108086, 0.010481257847656642, 0.01305519462905065, 0.015045194901186325, 0.01268282167213098, 0.014113322442280021, 0.01186861707181433, 0.010727377283042195, 0.01018112405984328, 0.015798572725808598, 0.01281370253385414, 0.015271929087597072, 0.009662945788363275, 0.017032263230590556, 0.011715444754414923, 0.010450921847080543, 0.01854623753160747, 0.016102514960622892, 0.010592749301476505, 0.014900322270875056, 0.013083474586254296, 0.015596926891651175, 0.014244822439131388, 0.009831938188756167, 0.016151963300455287, 0.010854997289486742, 0.010461255673787377, 0.008814218555188935, 0.017025580823261534, 0.010896499698402572, 0.009256234111499282, 0.011992119668863724, 0.011466493024763724]
