numSolutions: 82 k : 2453
10 82 0.03162277660168379 0.00012195121951219512

 Thread 2 estimated dimension 0 of 10 : 0.6326843901748109  | time taken : 28.94676184654236
 Thread 6 estimated dimension 0 of 10 : 0.6332227803942385  | time taken : 29.244508743286133
 Thread 7 estimated dimension 0 of 10 : 0.6399501668660627  | time taken : 30.357250452041626
 Thread 4 estimated dimension 0 of 10 : 0.6546512868099974  | time taken : 34.45193815231323
 Thread 1 estimated dimension 0 of 10 : 0.3771389077444677  | time taken : 42.39000058174133
 Thread 3 estimated dimension 0 of 10 : 0.36674257094557855  | time taken : 42.57430458068848
 Thread 5 estimated dimension 0 of 10 : 0.36696397282186427  | time taken : 47.664612770080566
 Thread 4 estimated dimension 1 of 10 : 0.7691211011532496  | time taken : 17.110251665115356
 Thread 7 estimated dimension 1 of 10 : 0.759258073010979  | time taken : 21.43638801574707
 Thread 6 estimated dimension 1 of 10 : 0.8092194979865622  | time taken : 26.99370503425598
 Thread 7 estimated dimension 2 of 10 : 0.7636328961220429  | time taken : 29.625881671905518
 Thread 6 estimated dimension 2 of 10 : 0.7540513259573811  | time taken : 25.852440357208252
 Thread 3 estimated dimension 1 of 10 : 0.5819676326432366  | time taken : 39.85554218292236
 Thread 3 estimated dimension 2 of 10 : 0.9957970732659968  | time taken : 4.7581305503845215
 Thread 1 estimated dimension 1 of 10 : 0.40306880699707337  | time taken : 49.562557220458984
 Thread 5 estimated dimension 1 of 10 : 0.4155904885042899  | time taken : 51.63298487663269
 Thread 6 estimated dimension 3 of 10 : 0.7852778534542505  | time taken : 21.84775185585022
 Thread 3 estimated dimension 3 of 10 : 0.7580668378593376  | time taken : 26.500922918319702
 Thread 1 estimated dimension 2 of 10 : 0.5711395529064363  | time taken : 46.582592487335205
 Thread 6 estimated dimension 4 of 10 : 0.5945430227657015  | time taken : 37.60141682624817
 Thread 4 estimated dimension 2 of 10 : 0.25568103679025145  | time taken : 94.96916699409485
 Thread 2 estimated dimension 1 of 10 : 0.19924656582366698  | time taken : 118.99892210960388
 Thread 5 estimated dimension 2 of 10 : 0.5126020649855815  | time taken : 50.24107241630554
 Thread 2 estimated dimension 2 of 10 : 1  | time taken : 8.465225219726562
 Thread 3 estimated dimension 4 of 10 : 0.5664402144668147  | time taken : 48.52015733718872
 Thread 1 estimated dimension 3 of 10 : 0.7597510191249816  | time taken : 30.31956124305725
 Thread 4 estimated dimension 3 of 10 : 0.7725340702195247  | time taken : 29.299439668655396
 Thread 2 estimated dimension 3 of 10 : 0.7968159490078879  | time taken : 19.033527851104736
 Thread 5 estimated dimension 3 of 10 : 0.7322136781040727  | time taken : 36.381598234176636
 Thread 7 estimated dimension 3 of 10 : 0.21868514315542498  | time taken : 110.73188591003418
 Thread 3 estimated dimension 5 of 10 : 0.7605697329989196  | time taken : 30.407877683639526
 Thread 7 estimated dimension 4 of 10 : 0.9861075190998067  | time taken : 5.0210888385772705
 Thread 1 estimated dimension 4 of 10 : 0.4859964746723139  | time taken : 44.141834020614624
 Thread 4 estimated dimension 4 of 10 : 0.610744032707544  | time taken : 51.83976340293884
 Thread 2 estimated dimension 4 of 10 : 0.4744777469541627  | time taken : 58.767293214797974
 Thread 1 estimated dimension 5 of 10 : 0.6446523890138406  | time taken : 31.986217498779297
 Thread 4 estimated dimension 5 of 10 : 0.7614514240754607  | time taken : 23.53989553451538
 Thread 1 estimated dimension 6 of 10 : 1  | time taken : 6.423553228378296
 Thread 6 estimated dimension 5 of 10 : 0.2671431747892936  | time taken : 114.02361583709717
 Thread 5 estimated dimension 4 of 10 : 0.4235214546422392  | time taken : 72.15695476531982
 Thread 4 estimated dimension 6 of 10 : 1  | time taken : 5.52574348449707
 Thread 1 estimated dimension 7 of 10 : 0.9818362072939185  | time taken : 4.006394147872925
 Thread 7 estimated dimension 5 of 10 : 0.4677926447022374  | time taken : 66.32010316848755
 Thread 4 estimated dimension 7 of 10 : 0.9860693896123267  | time taken : 7.5811920166015625
 Thread 2 estimated dimension 5 of 10 : 0.6497683532069711  | time taken : 41.01032996177673
 Thread 3 estimated dimension 6 of 10 : 0.3254065787092246  | time taken : 94.7279269695282
 Thread 2 estimated dimension 6 of 10 : 0.9986245815107785  | time taken : 12.671155452728271
 Thread 6 estimated dimension 6 of 10 : 0.6836908389487105  | time taken : 36.021313428878784
 Thread 3 estimated dimension 7 of 10 : 1  | time taken : 4.468106746673584
 Thread 2 estimated dimension 7 of 10 : 1  | time taken : 13.804452657699585
 Thread 3 estimated dimension 8 of 10 : 0.6938718149917684  | time taken : 35.94770407676697
 Thread 1 estimated dimension 8 of 10 : 0.521523234081234  | time taken : 74.46031856536865
 Thread 4 estimated dimension 8 of 10 : 0.32164741692707577  | time taken : 74.22614741325378
 Thread 5 estimated dimension 5 of 10 : 0.33664782383961217  | time taken : 84.38581323623657
 Thread 1 estimated dimension 9 of 10 : 1  | time taken : 10.779468297958374
 Thread 1 nsolns: 41153
 Thread 5 estimated dimension 6 of 10 : 0.9970915326253176  | time taken : 8.139033079147339
 Thread 4 estimated dimension 9 of 10 : 0.9835775609668326  | time taken : 10.310348272323608
 Thread 7 estimated dimension 6 of 10 : 0.3380036648590549  | time taken : 87.87041115760803
 Thread 4 nsolns: 41904
 Thread 6 estimated dimension 7 of 10 : 0.5194760249357119  | time taken : 66.2244622707367
 Thread 5 estimated dimension 7 of 10 : 0.9806837896526799  | time taken : 13.95644474029541
 Thread 2 estimated dimension 8 of 10 : 0.5009704800213463  | time taken : 62.04868483543396
 Thread 6 estimated dimension 8 of 10 : 1  | time taken : 8.499806880950928
 Thread 7 estimated dimension 7 of 10 : 0.9953505064197478  | time taken : 13.694262027740479
 Thread 6 estimated dimension 9 of 10 : 1  | time taken : 10.436931610107422
 Thread 6 nsolns: 40055
 Thread 5 estimated dimension 8 of 10 : 1  | time taken : 14.797001123428345
 Thread 2 estimated dimension 9 of 10 : 1  | time taken : 16.635873317718506
 Thread 7 estimated dimension 8 of 10 : 1  | time taken : 14.788049459457397
 Thread 2 nsolns: 42801
 Thread 3 estimated dimension 9 of 10 : 0.48327610428796725  | time taken : 53.19792103767395
 Thread 1 estimated dimension 0 of 10 : 0.510286971091759  | time taken : 40.134660720825195
 Thread 3 nsolns: 42403
 Thread 7 estimated dimension 9 of 10 : 0.9978692066550486  | time taken : 13.954670429229736
 Thread 7 nsolns: 44051
 Thread 5 estimated dimension 9 of 10 : 1  | time taken : 16.43891215324402
 Thread 5 nsolns: 43361
 Thread 4 estimated dimension 0 of 10 : 0.5630850797460532  | time taken : 47.43371367454529
 Thread 3 estimated dimension 0 of 10 : 0.5025181800589212  | time taken : 40.6215717792511
 Thread 4 estimated dimension 1 of 10 : 0.7841373885733313  | time taken : 27.773118257522583
 Thread 6 estimated dimension 0 of 10 : 0.4875403916689717  | time taken : 52.083744525909424
 Thread 2 estimated dimension 0 of 10 : 0.47971154617002565  | time taken : 48.92634153366089
 Thread 7 estimated dimension 0 of 10 : 0.5136726752327215  | time taken : 40.311384439468384
 Thread 5 estimated dimension 0 of 10 : 0.44532635843751356  | time taken : 55.14235520362854
 Thread 3 estimated dimension 1 of 10 : 0.805214714956588  | time taken : 26.73478126525879
 Thread 1 estimated dimension 1 of 10 : 0.4121915686598438  | time taken : 68.81567430496216
 Thread 7 estimated dimension 1 of 10 : 0.7960826325227602  | time taken : 25.392566680908203
 Thread 6 estimated dimension 1 of 10 : 0.6095873227049249  | time taken : 40.88857293128967
 Thread 2 estimated dimension 1 of 10 : 0.5928424772829705  | time taken : 41.07734656333923
 Thread 6 estimated dimension 2 of 10 : 0.9977114271549073  | time taken : 3.566864252090454
 Thread 3 estimated dimension 2 of 10 : 0.7456554645472094  | time taken : 23.416550874710083
 Thread 2 estimated dimension 2 of 10 : 1  | time taken : 7.293097257614136
 Thread 7 estimated dimension 2 of 10 : 0.738300957522395  | time taken : 29.051329135894775
 Thread 1 estimated dimension 2 of 10 : 0.503735474219142  | time taken : 41.30657982826233
 Thread 2 estimated dimension 3 of 10 : 0.7663681563592261  | time taken : 24.05787491798401
 Thread 6 estimated dimension 3 of 10 : 0.7915526148359238  | time taken : 30.60965347290039
 Thread 5 estimated dimension 1 of 10 : 0.6394301018364271  | time taken : 56.35250473022461
 Thread 5 estimated dimension 2 of 10 : 0.975517308442009  | time taken : 5.868196249008179
 Thread 7 estimated dimension 3 of 10 : 0.7942651896694712  | time taken : 27.198386669158936
 Thread 1 estimated dimension 3 of 10 : 0.7761334553758199  | time taken : 31.804749727249146
 Thread 4 estimated dimension 2 of 10 : 0.28897292325188073  | time taken : 106.61709403991699
 Thread 5 estimated dimension 3 of 10 : 0.7114744115458811  | time taken : 25.998355865478516
 Thread 6 estimated dimension 4 of 10 : 0.4622485862874361  | time taken : 47.07712197303772
 Thread 4 estimated dimension 3 of 10 : 0.8358672748228911  | time taken : 21.892266273498535
 Thread 7 estimated dimension 4 of 10 : 0.5993070678653105  | time taken : 39.44239401817322
 Thread 2 estimated dimension 4 of 10 : 0.43537902494733177  | time taken : 74.34114003181458
 Thread 1 estimated dimension 4 of 10 : 0.5580219727835756  | time taken : 51.43276762962341
 Thread 3 estimated dimension 3 of 10 : 0.23908614958674007  | time taken : 104.16416645050049
 Thread 5 estimated dimension 4 of 10 : 0.6134650570236196  | time taken : 39.15556502342224
 Thread 3 estimated dimension 4 of 10 : 1  | time taken : 5.758248567581177
 Thread 6 estimated dimension 5 of 10 : 0.716666225769645  | time taken : 39.19094204902649
 Thread 7 estimated dimension 5 of 10 : 0.7423710869994427  | time taken : 32.43192791938782
 Thread 5 estimated dimension 5 of 10 : 0.7755189714752855  | time taken : 26.947276830673218
 Thread 1 estimated dimension 5 of 10 : 0.7011145086385107  | time taken : 30.943211793899536
 Thread 1 estimated dimension 6 of 10 : 0.9942460309592511  | time taken : 8.951146364212036
 Thread 7 estimated dimension 6 of 10 : 0.6390340900410523  | time taken : 28.52746558189392
 Thread 6 estimated dimension 6 of 10 : 0.6633076721404018  | time taken : 30.09515070915222
 Thread 1 estimated dimension 7 of 10 : 1  | time taken : 12.142823934555054
 Thread 3 estimated dimension 5 of 10 : 0.5020033297270778  | time taken : 51.12437915802002
 Thread 5 estimated dimension 6 of 10 : 0.6563013292703579  | time taken : 30.845174312591553
 Thread 4 estimated dimension 4 of 10 : 0.4223683219417163  | time taken : 87.31408739089966
 Thread 1 estimated dimension 8 of 10 : 0.670593412060919  | time taken : 34.35878109931946
 Thread 7 estimated dimension 7 of 10 : 0.4828737057872035  | time taken : 46.97141885757446
 Thread 3 estimated dimension 6 of 10 : 0.6797162747278691  | time taken : 36.252387285232544
 Thread 4 estimated dimension 5 of 10 : 0.636980786132403  | time taken : 36.80941200256348
 Thread 2 estimated dimension 5 of 10 : 0.3263888327498694  | time taken : 103.11647200584412
 Thread 6 estimated dimension 7 of 10 : 0.5005062574044375  | time taken : 61.17895221710205
 Thread 5 estimated dimension 7 of 10 : 0.4752999175246746  | time taken : 51.41098356246948
 Thread 4 estimated dimension 6 of 10 : 1  | time taken : 14.67863941192627
 Thread 4 estimated dimension 7 of 10 : 0.9977695039764486  | time taken : 8.007784128189087
 Thread 7 estimated dimension 8 of 10 : 0.6461620014669051  | time taken : 44.630452156066895
 Thread 2 estimated dimension 6 of 10 : 0.6411064097147576  | time taken : 40.40036988258362
 Thread 1 estimated dimension 9 of 10 : 0.46357070824478375  | time taken : 53.9820990562439
 Thread 1 nsolns: 40464
 Thread 5 estimated dimension 8 of 10 : 0.6250647223283593  | time taken : 35.185324907302856
 Thread 3 estimated dimension 7 of 10 : 0.5132401116770834  | time taken : 56.55847692489624
 Thread 6 estimated dimension 8 of 10 : 0.5370236403755463  | time taken : 61.63788938522339
 Thread 3 estimated dimension 8 of 10 : 1  | time taken : 14.865543365478516
 Thread 6 estimated dimension 9 of 10 : 1  | time taken : 10.39262342453003
 Thread 6 nsolns: 39169
 Thread 3 estimated dimension 9 of 10 : 0.9848129548249269  | time taken : 11.357836723327637
 Thread 3 nsolns: 42132
 Thread 1 estimated dimension 0 of 10 : 0.48499365246734916  | time taken : 37.94171929359436
 Thread 4 estimated dimension 8 of 10 : 0.5044548599323071  | time taken : 62.09834122657776
 Thread 4 estimated dimension 9 of 10 : 0.9825026080192323  | time taken : 10.287413597106934
 Thread 4 nsolns: 41083
 Thread 7 estimated dimension 9 of 10 : 0.49161485778640357  | time taken : 68.88490581512451
 Thread 7 nsolns: 38925
 Thread 1 estimated dimension 1 of 10 : 0.7842365467588459  | time taken : 23.520350217819214
 Thread 2 estimated dimension 7 of 10 : 0.479882640716131  | time taken : 64.99775314331055
 Thread 2 estimated dimension 8 of 10 : 1  | time taken : 6.265571117401123
 Thread 3 estimated dimension 0 of 10 : 0.5239387353734398  | time taken : 34.86113739013672
 Thread 6 estimated dimension 0 of 10 : 0.6006207622839831  | time taken : 40.81362867355347
 Thread 5 estimated dimension 9 of 10 : 0.49364149942727736  | time taken : 70.51491498947144
 Thread 2 estimated dimension 9 of 10 : 1  | time taken : 4.3180015087127686
 Thread 5 nsolns: 40440
 Thread 2 nsolns: 41903
 Thread 1 estimated dimension 2 of 10 : 0.73831167851707  | time taken : 26.704241275787354
 Thread 3 estimated dimension 1 of 10 : 0.8155663528802852  | time taken : 27.55311107635498
 Thread 4 estimated dimension 0 of 10 : 0.5365737860795398  | time taken : 44.7978150844574
 Thread 7 estimated dimension 0 of 10 : 0.39115595879216725  | time taken : 41.27770662307739
 Thread 5 estimated dimension 0 of 10 : 0.6183296895042749  | time taken : 42.20149326324463
 Thread 6 estimated dimension 1 of 10 : 0.6001374377664344  | time taken : 47.804081439971924
 Thread 2 estimated dimension 0 of 10 : 0.4348760663554069  | time taken : 46.273104190826416
 Thread 7 estimated dimension 1 of 10 : 0.796509656195113  | time taken : 20.105157136917114
 Thread 6 estimated dimension 2 of 10 : 1  | time taken : 6.815730810165405
 Thread 4 estimated dimension 1 of 10 : 0.8144797586822082  | time taken : 34.808985471725464
 Thread 5 estimated dimension 1 of 10 : 0.7943931997808108  | time taken : 28.42962098121643
 Thread 6 estimated dimension 3 of 10 : 0.7701376266567469  | time taken : 19.79288959503174
 Thread 7 estimated dimension 2 of 10 : 0.7581619722552447  | time taken : 31.306888580322266
 Thread 2 estimated dimension 1 of 10 : 0.6355855011496134  | time taken : 39.80226469039917
 Thread 2 estimated dimension 2 of 10 : 0.9841805624691435  | time taken : 4.835778713226318
 Thread 4 estimated dimension 2 of 10 : 0.7423162145989509  | time taken : 32.84819769859314
 Thread 3 estimated dimension 2 of 10 : 0.3189988037221226  | time taken : 69.45252966880798
 Thread 5 estimated dimension 2 of 10 : 0.7835272583807196  | time taken : 32.44874572753906
 Thread 2 estimated dimension 3 of 10 : 0.8134754835006541  | time taken : 28.095025777816772
 Thread 1 estimated dimension 3 of 10 : 0.24464202416514683  | time taken : 109.43938660621643
 Thread 6 estimated dimension 4 of 10 : 0.5082096393839866  | time taken : 48.98188304901123
 Thread 4 estimated dimension 3 of 10 : 0.7825408749154664  | time taken : 33.13741850852966
 Thread 1 estimated dimension 4 of 10 : 0.9917874364133377  | time taken : 4.792001962661743
 Thread 5 estimated dimension 3 of 10 : 0.8033621028398884  | time taken : 30.455424785614014
 Thread 2 estimated dimension 4 of 10 : 0.4344594576455856  | time taken : 46.6204788684845
 Thread 4 estimated dimension 4 of 10 : 0.4125949326037516  | time taken : 42.29010987281799
 Thread 5 estimated dimension 4 of 10 : 0.5818512032807551  | time taken : 33.150808572769165
 Thread 1 estimated dimension 5 of 10 : 0.4709188036428639  | time taken : 53.98309874534607
 Thread 7 estimated dimension 3 of 10 : 0.25023873779197364  | time taken : 112.86859178543091
 Thread 7 estimated dimension 4 of 10 : 1  | time taken : 8.32639217376709
 Thread 4 estimated dimension 5 of 10 : 0.685680465093794  | time taken : 34.718043088912964
 Thread 5 estimated dimension 5 of 10 : 0.726994115576261  | time taken : 48.84986901283264
 Thread 3 estimated dimension 3 of 10 : 0.21709924332299205  | time taken : 127.18109059333801
 Thread 6 estimated dimension 5 of 10 : 0.25102053653135653  | time taken : 102.6031641960144
 Thread 3 estimated dimension 4 of 10 : 1  | time taken : 8.692684650421143
 Thread 4 estimated dimension 6 of 10 : 0.6339452750632537  | time taken : 37.78974533081055
 Thread 2 estimated dimension 5 of 10 : 0.33231536444394777  | time taken : 81.79429960250854
 Thread 7 estimated dimension 5 of 10 : 0.5068791616731078  | time taken : 53.442851543426514
 Thread 5 estimated dimension 6 of 10 : 0.655967407569231  | time taken : 35.19792461395264
 Thread 1 estimated dimension 6 of 10 : 0.32830939068488213  | time taken : 78.69769501686096
 Thread 1 estimated dimension 7 of 10 : 1  | time taken : 5.244426727294922
 Thread 1 estimated dimension 8 of 10 : 0.987962816689534  | time taken : 11.19225001335144
 Thread 1 estimated dimension 9 of 10 : 0.9943177018418163  | time taken : 4.434914827346802
 Thread 7 estimated dimension 6 of 10 : 0.7021000745794467  | time taken : 30.050151348114014
 Thread 1 nsolns: 44043
 Thread 3 estimated dimension 5 of 10 : 0.5128748231668305  | time taken : 58.33546495437622
 Thread 2 estimated dimension 6 of 10 : 0.6727373926755208  | time taken : 45.950804471969604
 Thread 3 estimated dimension 6 of 10 : 1  | time taken : 9.306596040725708
 Thread 4 estimated dimension 7 of 10 : 0.45064893060094807  | time taken : 58.45608639717102
 Thread 5 estimated dimension 7 of 10 : 0.4775109738534052  | time taken : 52.903170108795166
 Thread 3 estimated dimension 7 of 10 : 1  | time taken : 17.13203001022339
 Thread 6 estimated dimension 6 of 10 : 0.31883888289339163  | time taken : 89.73586559295654
 Thread 6 estimated dimension 7 of 10 : 1  | time taken : 10.987314701080322
 Thread 1 estimated dimension 0 of 10 : 0.5655770899439478  | time taken : 44.10684394836426
 Thread 6 estimated dimension 8 of 10 : 1  | time taken : 9.20690631866455
 Thread 3 estimated dimension 8 of 10 : 0.9686890873614662  | time taken : 22.596959829330444
 Thread 7 estimated dimension 7 of 10 : 0.5113105332778347  | time taken : 60.99993014335632
 Thread 6 estimated dimension 9 of 10 : 0.9852396957951921  | time taken : 8.982399940490723
 Thread 6 nsolns: 43321
 Thread 3 estimated dimension 9 of 10 : 0.9797095665024882  | time taken : 12.210996150970459
 Thread 1 estimated dimension 1 of 10 : 0.7517571668603473  | time taken : 23.92740273475647
 Thread 5 estimated dimension 8 of 10 : 0.7034747776924359  | time taken : 44.62048625946045
 Thread 3 nsolns: 43929
 Thread 7 estimated dimension 8 of 10 : 1  | time taken : 8.701454639434814
 Thread 2 estimated dimension 7 of 10 : 0.5039696425517123  | time taken : 60.820788621902466
 Thread 2 estimated dimension 8 of 10 : 0.9940222867912221  | time taken : 7.9929893016815186
 Thread 4 estimated dimension 8 of 10 : 0.47076275121220124  | time taken : 67.73043704032898
 Thread 7 estimated dimension 9 of 10 : 0.9971771207300767  | time taken : 13.801956176757812
 Thread 7 nsolns: 42739
 Thread 1 estimated dimension 2 of 10 : 0.7466940696050871  | time taken : 23.357541799545288
 Thread 2 estimated dimension 9 of 10 : 0.9771137614566385  | time taken : 12.681750059127808
 Thread 2 nsolns: 41730
 Thread 4 estimated dimension 9 of 10 : 1  | time taken : 12.608550786972046
 Thread 4 nsolns: 40524
 Thread 6 estimated dimension 0 of 10 : 0.5392009268163063  | time taken : 36.140039920806885
 Thread 3 estimated dimension 0 of 10 : 0.6308769925078289  | time taken : 37.35274314880371
 Thread 5 estimated dimension 9 of 10 : 0.5099798655326556  | time taken : 54.35097575187683
 Thread 5 nsolns: 38064
 Thread 7 estimated dimension 0 of 10 : 0.3628355110864908  | time taken : 46.649741411209106
 Thread 4 estimated dimension 0 of 10 : 0.5554653539191928  | time taken : 39.01896119117737
 Thread 2 estimated dimension 0 of 10 : 0.4518638644663071  | time taken : 48.769622802734375
 Thread 4 estimated dimension 1 of 10 : 0.8317666547934172  | time taken : 22.01233220100403
 Thread 7 estimated dimension 1 of 10 : 0.6243619139361838  | time taken : 38.295262575149536
 Thread 5 estimated dimension 0 of 10 : 0.6056554863460137  | time taken : 50.29404258728027
 Thread 7 estimated dimension 2 of 10 : 1  | time taken : 9.023036003112793
 Thread 2 estimated dimension 1 of 10 : 0.5782457278410337  | time taken : 52.320980072021484
 Thread 2 estimated dimension 2 of 10 : 0.9902876800088801  | time taken : 4.287588357925415
 Thread 4 estimated dimension 2 of 10 : 0.789024203913368  | time taken : 41.848947525024414
 Thread 7 estimated dimension 3 of 10 : 0.7842775801773172  | time taken : 21.175182580947876
 Thread 6 estimated dimension 1 of 10 : 0.219267804731485  | time taken : 104.37584066390991
 Thread 1 estimated dimension 3 of 10 : 0.23924628205664838  | time taken : 115.51059412956238
 Thread 6 estimated dimension 2 of 10 : 1  | time taken : 8.461639881134033
 Thread 1 estimated dimension 4 of 10 : 0.9931201766876916  | time taken : 9.604088544845581
 Thread 5 estimated dimension 1 of 10 : 0.42078654399697796  | time taken : 45.96562933921814
 Thread 4 estimated dimension 3 of 10 : 0.8053203138353711  | time taken : 24.154213666915894
 Thread 3 estimated dimension 1 of 10 : 0.2078008868564706  | time taken : 126.16681790351868
 Thread 7 estimated dimension 4 of 10 : 0.5781033678395149  | time taken : 38.20744299888611
 Thread 3 estimated dimension 2 of 10 : 1  | time taken : 9.233386278152466
 Thread 3 estimated dimension 3 of 10 : 0.7743053071599645  | time taken : 27.962592363357544
 Thread 5 estimated dimension 2 of 10 : 0.4591566422160278  | time taken : 53.68607831001282
 Thread 4 estimated dimension 4 of 10 : 0.46146981713148555  | time taken : 49.22943663597107
 Thread 1 estimated dimension 5 of 10 : 0.47137717248547634  | time taken : 62.44577360153198
 Thread 2 estimated dimension 3 of 10 : 0.20994199228704463  | time taken : 105.61635899543762
 Thread 3 estimated dimension 4 of 10 : 0.546253818864105  | time taken : 36.336446046829224
 Thread 2 estimated dimension 4 of 10 : 0.9691940734873674  | time taken : 13.277573108673096
 Thread 6 estimated dimension 3 of 10 : 0.21263002091149394  | time taken : 128.96667385101318
 Thread 3 estimated dimension 5 of 10 : 0.7456131064925596  | time taken : 38.29431653022766
 Thread 7 estimated dimension 5 of 10 : 0.2804783126313101  | time taken : 113.15671968460083
 Thread 4 estimated dimension 5 of 10 : 0.33909323483705966  | time taken : 77.30551552772522
 Thread 3 estimated dimension 6 of 10 : 1  | time taken : 8.433885335922241
 Thread 6 estimated dimension 4 of 10 : 1  | time taken : 14.83364987373352
 Thread 3 estimated dimension 7 of 10 : 0.9486506197755405  | time taken : 10.243346452713013
 Thread 1 estimated dimension 6 of 10 : 0.33103483333757255  | time taken : 96.6086106300354
 Thread 2 estimated dimension 5 of 10 : 0.4746509669982756  | time taken : 64.19332838058472
 Thread 1 estimated dimension 7 of 10 : 1  | time taken : 16.09490180015564
 Thread 4 estimated dimension 6 of 10 : 0.674914769044748  | time taken : 42.18026876449585
 Thread 3 estimated dimension 8 of 10 : 0.6898094430153743  | time taken : 31.02851629257202
 Thread 6 estimated dimension 5 of 10 : 0.515538345258157  | time taken : 44.295143127441406
 Thread 7 estimated dimension 6 of 10 : 0.6731133142486445  | time taken : 47.56317448616028
 Thread 1 estimated dimension 8 of 10 : 1  | time taken : 15.811556339263916
 Thread 5 estimated dimension 3 of 10 : 0.22393021675436575  | time taken : 139.17630100250244
 Thread 6 estimated dimension 6 of 10 : 1  | time taken : 15.657979249954224
 Thread 5 estimated dimension 4 of 10 : 1  | time taken : 5.377936601638794
 Thread 1 estimated dimension 9 of 10 : 0.9768633610925821  | time taken : 14.603350400924683
 Thread 1 nsolns: 43656
 Thread 2 estimated dimension 6 of 10 : 0.6574931325434844  | time taken : 40.66635823249817
 Thread 6 estimated dimension 7 of 10 : 0.9923678419762133  | time taken : 10.228662729263306
 Thread 6 estimated dimension 8 of 10 : 0.9825386677258212  | time taken : 14.26401162147522
 Thread 4 estimated dimension 7 of 10 : 0.5331797957242821  | time taken : 58.40146279335022
 Thread 6 estimated dimension 9 of 10 : 0.9944967165226403  | time taken : 16.192494869232178
 Thread 7 estimated dimension 7 of 10 : 0.5380555082349346  | time taken : 59.87854313850403
 Thread 6 nsolns: 46812
 Thread 3 estimated dimension 9 of 10 : 0.49058602868045714  | time taken : 69.80909752845764
 Thread 1 estimated dimension 0 of 10 : 0.5732409361548572  | time taken : 41.387014389038086
 Thread 3 nsolns: 42538
 Thread 4 estimated dimension 8 of 10 : 0.9879222923463311  | time taken : 16.265991687774658
 Thread 7 estimated dimension 8 of 10 : 1  | time taken : 12.756076097488403
 Thread 5 estimated dimension 5 of 10 : 0.48505320989724515  | time taken : 57.01740026473999
 Thread 5 estimated dimension 6 of 10 : 1  | time taken : 9.985219955444336
 Thread 2 estimated dimension 7 of 10 : 0.550918641220227  | time taken : 61.229928731918335
 Thread 4 estimated dimension 9 of 10 : 0.9933589758186959  | time taken : 14.466574907302856
 Thread 4 nsolns: 39470
 Thread 1 estimated dimension 1 of 10 : 0.7919491419464576  | time taken : 25.549301385879517
 Thread 7 estimated dimension 9 of 10 : 0.9659289770540633  | time taken : 18.53087329864502
 Thread 7 nsolns: 42070
 Thread 5 estimated dimension 7 of 10 : 1  | time taken : 9.889622449874878
 Thread 2 estimated dimension 8 of 10 : 1  | time taken : 14.097599029541016
 Thread 2 estimated dimension 9 of 10 : 1  | time taken : 7.760386943817139
 Thread 2 nsolns: 44702
 Thread 5 estimated dimension 8 of 10 : 1  | time taken : 15.406020641326904
 Thread 5 estimated dimension 9 of 10 : 1  | time taken : 6.657576560974121
 Thread 1 estimated dimension 2 of 10 : 0.7517508350709828  | time taken : 26.34242081642151
 Thread 5 nsolns: 43496
 Thread 7 estimated dimension 0 of 10 : 0.6023718524091572  | time taken : 35.169522285461426
 Thread 6 estimated dimension 0 of 10 : 0.4029211546039839  | time taken : 72.29618835449219
 Thread 1 estimated dimension 3 of 10 : 0.7709964792359869  | time taken : 21.55240797996521
 Thread 3 estimated dimension 0 of 10 : 0.3891711980428682  | time taken : 75.79846048355103
 Thread 2 estimated dimension 0 of 10 : 0.5583834948192625  | time taken : 32.0504207611084
 Thread 7 estimated dimension 1 of 10 : 0.8252043668240941  | time taken : 20.870038270950317
 Thread 4 estimated dimension 0 of 10 : 0.4381589060437003  | time taken : 69.99054002761841
 Thread 2 estimated dimension 1 of 10 : 0.8054518241265561  | time taken : 27.534791946411133
 Thread 5 estimated dimension 0 of 10 : 0.3875958960938668  | time taken : 53.46396565437317
 Thread 7 estimated dimension 2 of 10 : 0.7458805539388228  | time taken : 23.113865613937378
 Thread 1 estimated dimension 4 of 10 : 0.6094888793897911  | time taken : 41.87638878822327
 Thread 7 estimated dimension 3 of 10 : 0.7897476026151785  | time taken : 18.08520221710205
 Thread 3 estimated dimension 1 of 10 : 0.3978504478088882  | time taken : 59.914642572402954
 Thread 6 estimated dimension 1 of 10 : 0.39572462186890833  | time taken : 71.46040678024292
 Thread 4 estimated dimension 1 of 10 : 0.549620466405804  | time taken : 46.49427676200867
 Thread 1 estimated dimension 5 of 10 : 0.7228052813507028  | time taken : 21.77457308769226
 Thread 5 estimated dimension 1 of 10 : 0.6127236497114975  | time taken : 35.22417163848877
 Thread 4 estimated dimension 2 of 10 : 1  | time taken : 6.783782720565796
 Thread 2 estimated dimension 2 of 10 : 0.7411821322584278  | time taken : 42.31608247756958
 Thread 5 estimated dimension 2 of 10 : 1  | time taken : 5.398748874664307
 Thread 7 estimated dimension 4 of 10 : 0.568829817352403  | time taken : 37.799896001815796
 Thread 5 estimated dimension 3 of 10 : 0.7787464210917193  | time taken : 20.137348413467407
 Thread 4 estimated dimension 3 of 10 : 0.7786304352352638  | time taken : 28.232892751693726
 Thread 2 estimated dimension 3 of 10 : 0.7295852777122933  | time taken : 31.608450412750244
 Thread 3 estimated dimension 2 of 10 : 0.504850564618314  | time taken : 57.51631689071655
 Thread 6 estimated dimension 2 of 10 : 0.4490516321492244  | time taken : 57.26834034919739
 Thread 5 estimated dimension 4 of 10 : 0.5847106605584438  | time taken : 48.159682512283325
 Thread 3 estimated dimension 3 of 10 : 0.7945173796365063  | time taken : 25.820017337799072
 Thread 6 estimated dimension 3 of 10 : 0.7901489458058294  | time taken : 26.866156101226807
 Thread 2 estimated dimension 4 of 10 : 0.5783084069872921  | time taken : 46.23336386680603
 Thread 4 estimated dimension 4 of 10 : 0.5865191101685604  | time taken : 51.053327560424805
 Thread 1 estimated dimension 6 of 10 : 0.3258460206905812  | time taken : 95.15869951248169
 Thread 1 estimated dimension 7 of 10 : 0.9708126178393762  | time taken : 8.772758722305298
 Thread 4 estimated dimension 5 of 10 : 0.7410866786340639  | time taken : 27.7603542804718
 Thread 3 estimated dimension 4 of 10 : 0.6048426799119035  | time taken : 39.05302119255066
 Thread 6 estimated dimension 4 of 10 : 0.6147653682264985  | time taken : 38.78834629058838
 Thread 2 estimated dimension 5 of 10 : 0.7136162007310932  | time taken : 37.248647689819336
 Thread 7 estimated dimension 5 of 10 : 0.2491963516698859  | time taken : 100.17336297035217
 Thread 4 estimated dimension 6 of 10 : 0.6781668671724087  | time taken : 31.349552631378174
 Thread 3 estimated dimension 5 of 10 : 0.7014111386219921  | time taken : 36.63638424873352
 Thread 2 estimated dimension 6 of 10 : 0.6318996873484614  | time taken : 33.85348391532898
 Thread 5 estimated dimension 5 of 10 : 0.2728486260722744  | time taken : 83.1263108253479
 Thread 7 estimated dimension 6 of 10 : 0.6724755813073096  | time taken : 36.58842444419861
 Thread 3 estimated dimension 6 of 10 : 0.9628594979968106  | time taken : 12.305598735809326
 Thread 3 estimated dimension 7 of 10 : 1  | time taken : 8.799112796783447
 Thread 1 estimated dimension 8 of 10 : 0.33182537334782247  | time taken : 96.60306453704834
 Thread 5 estimated dimension 6 of 10 : 0.6561113548950387  | time taken : 41.251335859298706
 Thread 4 estimated dimension 7 of 10 : 0.500783481823667  | time taken : 64.50544714927673
 Thread 1 estimated dimension 9 of 10 : 0.9536159750647379  | time taken : 13.055564403533936
 Thread 1 nsolns: 40763
 Thread 2 estimated dimension 7 of 10 : 0.5219645248624125  | time taken : 59.52948307991028
 Thread 3 estimated dimension 8 of 10 : 0.654301686590585  | time taken : 38.67696404457092
 Thread 7 estimated dimension 7 of 10 : 0.5732287280009684  | time taken : 61.35447907447815
 Thread 7 estimated dimension 8 of 10 : 0.9586969177379594  | time taken : 9.6114182472229
 Thread 6 estimated dimension 5 of 10 : 0.2599687833558014  | time taken : 115.15128970146179
 Thread 7 estimated dimension 9 of 10 : 0.9763659156577988  | time taken : 11.54694151878357
 Thread 7 nsolns: 40126
 Thread 6 estimated dimension 6 of 10 : 1  | time taken : 12.132269144058228
 Thread 1 estimated dimension 0 of 10 : 0.614595932565386  | time taken : 36.82851600646973
 Thread 4 estimated dimension 8 of 10 : 0.703925923974237  | time taken : 49.51448345184326
 Thread 5 estimated dimension 7 of 10 : 0.48595078014733323  | time taken : 60.21321225166321
 Thread 6 estimated dimension 7 of 10 : 0.9757183170280854  | time taken : 15.06982946395874
 Thread 5 estimated dimension 8 of 10 : 0.9911103432178096  | time taken : 5.9890289306640625
 Thread 6 estimated dimension 8 of 10 : 0.9751704691182069  | time taken : 12.096982717514038
 Thread 1 estimated dimension 1 of 10 : 0.8273135728684652  | time taken : 26.287862062454224
 Thread 3 estimated dimension 9 of 10 : 0.4927221466501335  | time taken : 65.36553144454956
 Thread 5 estimated dimension 9 of 10 : 0.9756972527600347  | time taken : 12.115581035614014
 Thread 3 nsolns: 41524
 Thread 5 nsolns: 42818
 Thread 6 estimated dimension 9 of 10 : 0.9991975846908134  | time taken : 9.111644268035889
 Thread 6 nsolns: 43935
 Thread 2 estimated dimension 8 of 10 : 0.35141972625986717  | time taken : 76.69420313835144
 Thread 7 estimated dimension 0 of 10 : 0.4236657561003748  | time taken : 54.749805212020874
 Thread 2 estimated dimension 9 of 10 : 1  | time taken : 15.041483879089355
 Thread 2 nsolns: 39817
 Thread 1 estimated dimension 2 of 10 : 0.7694060687754165  | time taken : 35.44004583358765
 Thread 3 estimated dimension 0 of 10 : 0.5889698029998012  | time taken : 38.42765998840332
 Thread 4 estimated dimension 9 of 10 : 0.505807607115485  | time taken : 69.99634194374084
 Thread 5 estimated dimension 0 of 10 : 0.4714826702822482  | time taken : 47.1172559261322
 Thread 4 nsolns: 39979
 Thread 6 estimated dimension 0 of 10 : 0.5261056470680907  | time taken : 47.300453186035156
 Thread 3 estimated dimension 1 of 10 : 0.7635728932429195  | time taken : 22.605952739715576
 Thread 1 estimated dimension 3 of 10 : 0.7785914094888653  | time taken : 29.753722667694092
 Thread 7 estimated dimension 1 of 10 : 0.579763696961154  | time taken : 49.174142360687256
 Thread 7 estimated dimension 2 of 10 : 0.9698711833549529  | time taken : 5.888060092926025
 Thread 2 estimated dimension 0 of 10 : 0.4453769136122721  | time taken : 60.17860245704651
 Thread 4 estimated dimension 0 of 10 : 0.5789772392302488  | time taken : 41.77984356880188
 Thread 7 estimated dimension 3 of 10 : 0.8184232329914348  | time taken : 22.472707986831665
 Thread 6 estimated dimension 1 of 10 : 0.6165344068055251  | time taken : 49.31562829017639
 Thread 5 estimated dimension 1 of 10 : 0.41595271707933834  | time taken : 57.275657653808594
 Thread 6 estimated dimension 2 of 10 : 0.9955016265205443  | time taken : 4.776489973068237
 Thread 4 estimated dimension 1 of 10 : 0.7681171344219045  | time taken : 22.885751724243164
 Thread 1 estimated dimension 4 of 10 : 0.4057888751340223  | time taken : 56.85996222496033
 Thread 2 estimated dimension 1 of 10 : 0.6293562559709421  | time taken : 47.216490745544434
 Thread 6 estimated dimension 3 of 10 : 0.7486557174088085  | time taken : 29.45731258392334
 Thread 7 estimated dimension 4 of 10 : 0.6229846976700183  | time taken : 42.58058547973633
 Thread 4 estimated dimension 2 of 10 : 0.6988832788147511  | time taken : 28.369864225387573
 Thread 2 estimated dimension 2 of 10 : 0.9819222032268328  | time taken : 10.083462238311768
 Thread 5 estimated dimension 2 of 10 : 0.44503193928091334  | time taken : 45.54022431373596
 Thread 1 estimated dimension 5 of 10 : 0.6661276276164068  | time taken : 37.15192985534668
 Thread 3 estimated dimension 2 of 10 : 0.25165692119894034  | time taken : 106.65636110305786
 Thread 4 estimated dimension 3 of 10 : 0.7251744381662345  | time taken : 28.137118339538574
 Thread 7 estimated dimension 5 of 10 : 0.7373270987681135  | time taken : 40.69260001182556
 Thread 1 estimated dimension 6 of 10 : 0.6988079903073594  | time taken : 33.518434286117554
 Thread 3 estimated dimension 3 of 10 : 0.8000604758853583  | time taken : 30.125185251235962
 Thread 6 estimated dimension 4 of 10 : 0.42242098916872833  | time taken : 69.20531988143921
 Thread 7 estimated dimension 6 of 10 : 0.6820386093428046  | time taken : 35.02309226989746
 Thread 4 estimated dimension 4 of 10 : 0.40836046430233863  | time taken : 65.8558599948883
 Thread 1 estimated dimension 7 of 10 : 0.5125275548139073  | time taken : 48.18231010437012
 Thread 3 estimated dimension 4 of 10 : 0.5814066945034722  | time taken : 43.457873582839966
 Thread 6 estimated dimension 5 of 10 : 0.6562395618446668  | time taken : 49.54697227478027
 Thread 7 estimated dimension 7 of 10 : 0.5433952157738878  | time taken : 38.61844849586487
 Thread 3 estimated dimension 5 of 10 : 0.6797352937865474  | time taken : 28.824787378311157
 Thread 2 estimated dimension 3 of 10 : 0.22205717921006804  | time taken : 129.20315670967102
 Thread 3 estimated dimension 6 of 10 : 1  | time taken : 7.962214231491089
 Thread 2 estimated dimension 4 of 10 : 1  | time taken : 4.964084148406982
 Thread 4 estimated dimension 5 of 10 : 0.6686482360726059  | time taken : 44.136046409606934
 Thread 6 estimated dimension 6 of 10 : 0.6571826118904933  | time taken : 33.243966817855835
 Thread 3 estimated dimension 7 of 10 : 0.9603822195111025  | time taken : 9.261326789855957
 Thread 5 estimated dimension 3 of 10 : 0.21568679429721263  | time taken : 144.4492528438568
 Thread 5 estimated dimension 4 of 10 : 1  | time taken : 10.278081893920898
 Thread 1 estimated dimension 8 of 10 : 0.45384291997690906  | time taken : 68.80976343154907
 Thread 1 estimated dimension 9 of 10 : 0.9850064529057723  | time taken : 4.69144344329834
 Thread 1 nsolns: 39405
 Thread 6 estimated dimension 7 of 10 : 0.47094632626583993  | time taken : 48.27011489868164
 Thread 2 estimated dimension 5 of 10 : 0.45694882922321045  | time taken : 60.25372552871704
 Thread 3 estimated dimension 8 of 10 : 0.6729333749691084  | time taken : 53.15662884712219
 Thread 5 estimated dimension 5 of 10 : 0.4942419123256774  | time taken : 53.14197587966919
 Thread 7 estimated dimension 8 of 10 : 0.3338707559340382  | time taken : 107.82639932632446
 Thread 1 estimated dimension 0 of 10 : 0.5630553862258306  | time taken : 51.77863025665283
 Thread 2 estimated dimension 6 of 10 : 0.6927096848772722  | time taken : 24.582013368606567
 Thread 5 estimated dimension 6 of 10 : 0.9894917056410782  | time taken : 7.562859535217285
 Thread 7 estimated dimension 9 of 10 : 1  | time taken : 4.282681226730347
 Thread 7 nsolns: 40679
 Thread 4 estimated dimension 6 of 10 : 0.3376743665725105  | time taken : 89.08765912055969
 Thread 5 estimated dimension 7 of 10 : 0.9984172876930335  | time taken : 9.857593536376953
 Thread 4 estimated dimension 7 of 10 : 1  | time taken : 8.042108535766602
 Thread 1 estimated dimension 1 of 10 : 0.7994776320057346  | time taken : 18.54560351371765
 Thread 5 estimated dimension 8 of 10 : 1  | time taken : 7.660722017288208
 Thread 5 estimated dimension 9 of 10 : 1  | time taken : 8.455544233322144
 Thread 5 nsolns: 45104
 Thread 6 estimated dimension 8 of 10 : 0.5408966311273977  | time taken : 61.545329570770264
 Thread 1 estimated dimension 2 of 10 : 0.7525138182423401  | time taken : 22.082524299621582
 Thread 6 estimated dimension 9 of 10 : 1  | time taken : 8.302948713302612
 Thread 6 nsolns: 39788
 Thread 7 estimated dimension 0 of 10 : 0.50338248349696  | time taken : 45.35231018066406
 Thread 3 estimated dimension 9 of 10 : 0.4634507485103246  | time taken : 72.0694215297699
 Thread 3 nsolns: 41883
 Thread 2 estimated dimension 7 of 10 : 0.5056025103860239  | time taken : 64.6903817653656
 Thread 1 estimated dimension 3 of 10 : 0.8027171457002522  | time taken : 27.11149787902832
 Thread 5 estimated dimension 0 of 10 : 0.5922443143731053  | time taken : 45.25100755691528
 Thread 4 estimated dimension 8 of 10 : 0.4904206538546921  | time taken : 62.45943212509155
 Thread 2 estimated dimension 8 of 10 : 0.9866814028873747  | time taken : 10.378657341003418
 Thread 4 estimated dimension 9 of 10 : 1  | time taken : 11.428056716918945
 Thread 4 nsolns: 40768
 Thread 7 estimated dimension 1 of 10 : 0.6303375095712649  | time taken : 41.394540309906006
 Thread 2 estimated dimension 9 of 10 : 1  | time taken : 19.32928442955017
 Thread 2 nsolns: 43906
 Thread 7 estimated dimension 2 of 10 : 1  | time taken : 7.754654169082642
 Thread 6 estimated dimension 0 of 10 : 0.3844651644739649  | time taken : 55.71159839630127
 Thread 1 estimated dimension 4 of 10 : 0.4499539585758405  | time taken : 39.722251892089844
 Thread 5 estimated dimension 1 of 10 : 0.7929657964350143  | time taken : 36.70744180679321
 Thread 3 estimated dimension 0 of 10 : 0.3883885409406258  | time taken : 63.70316171646118
 Thread 4 estimated dimension 0 of 10 : 0.41412425093656813  | time taken : 37.48801589012146
 Thread 2 estimated dimension 0 of 10 : 0.5570888997599932  | time taken : 29.54109525680542
 Thread 5 estimated dimension 2 of 10 : 0.7067226829751344  | time taken : 26.422276735305786
 Thread 2 estimated dimension 1 of 10 : 0.8113617954608989  | time taken : 15.685654640197754
 Thread 1 estimated dimension 5 of 10 : 0.6280586633641866  | time taken : 36.00990629196167
 Thread 6 estimated dimension 1 of 10 : 0.3747066354480821  | time taken : 57.60054349899292
 Thread 3 estimated dimension 1 of 10 : 0.6208874499462586  | time taken : 44.94107270240784
 Thread 5 estimated dimension 3 of 10 : 0.7600786679887083  | time taken : 25.311301708221436
 Thread 2 estimated dimension 2 of 10 : 0.7102918996928732  | time taken : 20.890094757080078
 Thread 4 estimated dimension 1 of 10 : 0.647493727073154  | time taken : 41.5551598072052
 Thread 3 estimated dimension 2 of 10 : 0.9861472321905618  | time taken : 7.244971036911011
 Thread 4 estimated dimension 2 of 10 : 0.9824752180354303  | time taken : 4.95286750793457
 Thread 2 estimated dimension 3 of 10 : 0.761530328926151  | time taken : 23.318697690963745
 Thread 3 estimated dimension 3 of 10 : 0.7478063627211178  | time taken : 20.49799418449402
 Thread 6 estimated dimension 2 of 10 : 0.49261563951327003  | time taken : 40.57102656364441
 Thread 5 estimated dimension 4 of 10 : 0.5375125910434225  | time taken : 40.130775690078735
 Thread 7 estimated dimension 3 of 10 : 0.24697641329264683  | time taken : 107.63464283943176
 Thread 7 estimated dimension 4 of 10 : 1  | time taken : 7.603566884994507
 Thread 3 estimated dimension 4 of 10 : 0.5653854324621157  | time taken : 31.203493118286133
 Thread 5 estimated dimension 5 of 10 : 0.7560439775458903  | time taken : 20.685619592666626
 Thread 1 estimated dimension 6 of 10 : 0.3310933006127245  | time taken : 85.2734763622284
 Thread 1 estimated dimension 7 of 10 : 0.970926305153975  | time taken : 9.616405725479126
 Thread 3 estimated dimension 5 of 10 : 0.7127688630141589  | time taken : 25.224289894104004
 Thread 2 estimated dimension 4 of 10 : 0.3872431935250979  | time taken : 58.808072566986084
 Thread 5 estimated dimension 6 of 10 : 0.6606340558746164  | time taken : 26.273261547088623
 Thread 7 estimated dimension 5 of 10 : 0.5463117917591852  | time taken : 39.97261643409729
 Thread 4 estimated dimension 3 of 10 : 0.21192441523859437  | time taken : 93.2181487083435
 Thread 4 estimated dimension 4 of 10 : 0.9903681279773042  | time taken : 10.559223651885986
 Thread 7 estimated dimension 6 of 10 : 0.6489739514321032  | time taken : 31.33268713951111
 Thread 2 estimated dimension 5 of 10 : 0.664455793999331  | time taken : 42.282066106796265
 Thread 1 estimated dimension 8 of 10 : 0.44338054495536705  | time taken : 54.15260362625122
 Thread 6 estimated dimension 3 of 10 : 0.22098223867276015  | time taken : 104.26395535469055
 Thread 5 estimated dimension 7 of 10 : 0.5041670763442582  | time taken : 53.40975332260132
 Thread 3 estimated dimension 6 of 10 : 0.4060160970259734  | time taken : 59.399924516677856
 Thread 1 estimated dimension 9 of 10 : 1  | time taken : 12.28383994102478
 Thread 1 nsolns: 40851
 Thread 2 estimated dimension 6 of 10 : 0.6876392163221042  | time taken : 24.55020022392273
 Thread 6 estimated dimension 4 of 10 : 1  | time taken : 14.408207893371582
 Thread 3 estimated dimension 7 of 10 : 0.9937238561545815  | time taken : 13.341217517852783
 Thread 4 estimated dimension 5 of 10 : 0.5099838756945063  | time taken : 54.62546515464783
 Thread 7 estimated dimension 7 of 10 : 0.5058753830677083  | time taken : 47.71720600128174
 Thread 7 estimated dimension 8 of 10 : 0.9992358464196466  | time taken : 5.262437343597412
 Thread 7 estimated dimension 9 of 10 : 1  | time taken : 14.513355016708374
 Thread 7 nsolns: 41620
 Thread 1 estimated dimension 0 of 10 : 0.41392044390872884  | time taken : 46.013166427612305
 Thread 4 estimated dimension 6 of 10 : 0.6109433323567253  | time taken : 30.055715322494507
 Thread 2 estimated dimension 7 of 10 : 0.5244346126701774  | time taken : 46.95733308792114
 Thread 6 estimated dimension 5 of 10 : 0.4854124619355422  | time taken : 45.66976976394653
 Thread 3 estimated dimension 8 of 10 : 0.6706055264195556  | time taken : 43.05224323272705
 Thread 6 estimated dimension 6 of 10 : 0.9545675951478085  | time taken : 10.292744874954224
 Thread 6 estimated dimension 7 of 10 : 1  | time taken : 9.024278402328491
 Thread 1 estimated dimension 1 of 10 : 0.5605991503782604  | time taken : 32.54025363922119
 Thread 6 estimated dimension 8 of 10 : 0.9918485746870407  | time taken : 7.5169899463653564
 Thread 1 estimated dimension 2 of 10 : 0.9883352470896433  | time taken : 4.396461486816406
 Thread 7 estimated dimension 0 of 10 : 0.589998993947616  | time taken : 40.376102924346924
 Thread 6 estimated dimension 9 of 10 : 1  | time taken : 9.312588930130005
 Thread 6 nsolns: 46078
 Thread 7 estimated dimension 1 of 10 : 0.8187737775774504  | time taken : 18.848901510238647
 Thread 5 estimated dimension 8 of 10 : 0.31755653666414857  | time taken : 112.0799560546875
 Thread 3 estimated dimension 9 of 10 : 0.5289260029127085  | time taken : 53.68394422531128
 Thread 3 nsolns: 40666
 Thread 4 estimated dimension 7 of 10 : 0.4850310312627422  | time taken : 56.98761320114136
 Thread 1 estimated dimension 3 of 10 : 0.8161540192560495  | time taken : 24.320517778396606
 Thread 2 estimated dimension 8 of 10 : 0.5170326991370776  | time taken : 65.03325605392456
 Thread 5 estimated dimension 9 of 10 : 1  | time taken : 12.037766456604004
 Thread 5 nsolns: 40284
 Thread 4 estimated dimension 8 of 10 : 0.9906093284443886  | time taken : 18.422950267791748
 Thread 2 estimated dimension 9 of 10 : 0.9761458263705168  | time taken : 12.42824912071228
 Thread 2 nsolns: 39649
 Thread 4 estimated dimension 9 of 10 : 1  | time taken : 6.629365921020508
 Thread 4 nsolns: 44995
 Thread 1 estimated dimension 4 of 10 : 0.5424810512065056  | time taken : 29.0817449092865
 Thread 6 estimated dimension 0 of 10 : 0.4719408027531103  | time taken : 53.820899963378906
 Thread 3 estimated dimension 0 of 10 : 0.4373797728180711  | time taken : 48.21009135246277
 Thread 1 estimated dimension 5 of 10 : 0.7621945799577301  | time taken : 20.86248469352722
 Thread 2 estimated dimension 0 of 10 : 0.5415790389112773  | time taken : 36.42836618423462
 Thread 4 estimated dimension 0 of 10 : 0.4281229767936768  | time taken : 35.60899877548218
 Thread 5 estimated dimension 0 of 10 : 0.5232545530389432  | time taken : 54.99829030036926
 Thread 1 estimated dimension 6 of 10 : 0.6046002526772837  | time taken : 26.384533166885376
 Thread 2 estimated dimension 1 of 10 : 0.772045286107821  | time taken : 20.102941513061523
 Thread 6 estimated dimension 1 of 10 : 0.6187300069562556  | time taken : 42.279014110565186
 Thread 7 estimated dimension 2 of 10 : 0.24831424339376493  | time taken : 85.23548173904419
 Thread 6 estimated dimension 2 of 10 : 0.9991390519958834  | time taken : 5.481149196624756
 Thread 4 estimated dimension 1 of 10 : 0.8111727247130256  | time taken : 26.32130002975464
 Thread 3 estimated dimension 1 of 10 : 0.6099446463163997  | time taken : 45.37653827667236
 Thread 3 estimated dimension 2 of 10 : 0.9928348384798609  | time taken : 8.19319462776184
 Thread 7 estimated dimension 3 of 10 : 0.7886600156938371  | time taken : 22.421883583068848
 Thread 2 estimated dimension 2 of 10 : 0.7631664917223479  | time taken : 33.668384075164795
 Thread 5 estimated dimension 1 of 10 : 0.400408619724504  | time taken : 49.444448709487915
 Thread 3 estimated dimension 3 of 10 : 0.7581549991790352  | time taken : 24.514586687088013
 Thread 1 estimated dimension 7 of 10 : 0.5107455681376843  | time taken : 48.454673290252686
 Thread 7 estimated dimension 4 of 10 : 0.554736482303869  | time taken : 41.060165882110596
 Thread 5 estimated dimension 2 of 10 : 0.4734554134462356  | time taken : 41.21680545806885
 Thread 3 estimated dimension 4 of 10 : 0.625444121470994  | time taken : 36.66771125793457
 Thread 1 estimated dimension 8 of 10 : 0.6527660024096352  | time taken : 47.6860613822937
 Thread 5 estimated dimension 3 of 10 : 0.7533264808034401  | time taken : 19.10737705230713
 Thread 4 estimated dimension 2 of 10 : 0.2991560346113132  | time taken : 93.13506841659546
 Thread 3 estimated dimension 5 of 10 : 0.7103218947492087  | time taken : 22.77906370162964
 Thread 6 estimated dimension 3 of 10 : 0.20826605757800865  | time taken : 111.61219763755798
 Thread 6 estimated dimension 4 of 10 : 1  | time taken : 11.937731742858887
 Thread 4 estimated dimension 3 of 10 : 0.7793780328948524  | time taken : 29.521680116653442
 Thread 2 estimated dimension 3 of 10 : 0.22352789371296455  | time taken : 110.90367388725281
 Thread 3 estimated dimension 6 of 10 : 0.6771979369203472  | time taken : 37.28534245491028
 Thread 2 estimated dimension 4 of 10 : 0.983745098117022  | time taken : 4.815760374069214
 Thread 1 estimated dimension 9 of 10 : 0.5122758182370493  | time taken : 60.27051377296448
 Thread 1 nsolns: 40973
 Thread 5 estimated dimension 4 of 10 : 0.4067658716121089  | time taken : 58.45371699333191
 Thread 4 estimated dimension 4 of 10 : 0.5680401514389565  | time taken : 38.96786069869995
 Thread 6 estimated dimension 5 of 10 : 0.5073976816591759  | time taken : 47.43494725227356
 Thread 5 estimated dimension 5 of 10 : 0.687019187649422  | time taken : 36.7915461063385
 Thread 3 estimated dimension 7 of 10 : 0.4986486215385748  | time taken : 49.21723794937134
 Thread 1 estimated dimension 0 of 10 : 0.4848932317778313  | time taken : 38.57466006278992
 Thread 2 estimated dimension 5 of 10 : 0.5335762209425446  | time taken : 45.46262311935425
 Thread 5 estimated dimension 6 of 10 : 0.9823797724685823  | time taken : 8.712303400039673
 Thread 4 estimated dimension 5 of 10 : 0.7514694951854586  | time taken : 32.104645013809204
 Thread 4 estimated dimension 6 of 10 : 0.9710129272896728  | time taken : 8.313677549362183
 Thread 7 estimated dimension 5 of 10 : 0.24914054330734756  | time taken : 152.86094737052917
 Thread 5 estimated dimension 7 of 10 : 0.9989931057231666  | time taken : 15.672751903533936
 Thread 4 estimated dimension 7 of 10 : 1  | time taken : 8.270392417907715
 Thread 2 estimated dimension 6 of 10 : 0.649492934263184  | time taken : 32.82950448989868
 Thread 7 estimated dimension 6 of 10 : 1  | time taken : 11.88597559928894
 Thread 3 estimated dimension 8 of 10 : 0.6595783868996252  | time taken : 43.85119605064392
 Thread 7 estimated dimension 7 of 10 : 0.9826652745809316  | time taken : 11.30334210395813
 Thread 7 estimated dimension 8 of 10 : 0.9785310298334988  | time taken : 7.101260185241699
 Thread 7 estimated dimension 9 of 10 : 1  | time taken : 7.621243715286255
 Thread 7 nsolns: 44565
 Thread 6 estimated dimension 6 of 10 : 0.33471803605888456  | time taken : 83.40796756744385
 Thread 6 estimated dimension 7 of 10 : 0.9857571991172968  | time taken : 11.22064733505249
 Thread 2 estimated dimension 7 of 10 : 0.5253995488173488  | time taken : 51.21005082130432
 Thread 2 estimated dimension 8 of 10 : 0.9939818061065832  | time taken : 3.4728777408599854
 Thread 6 estimated dimension 8 of 10 : 0.9904233905176214  | time taken : 11.946810245513916
 Thread 5 estimated dimension 8 of 10 : 0.45526763244010643  | time taken : 67.38059329986572
 Thread 3 estimated dimension 9 of 10 : 0.4614434143198669  | time taken : 49.96328854560852
 Thread 3 nsolns: 40073
 Thread 6 estimated dimension 9 of 10 : 0.9986953678390416  | time taken : 14.38536524772644
 Thread 2 estimated dimension 9 of 10 : 1  | time taken : 17.0090548992157
 Thread 5 estimated dimension 9 of 10 : 1  | time taken : 13.81071949005127
 Thread 6 nsolns: 45451
 Thread 2 nsolns: 42280
 Thread 5 nsolns: 41385
 Thread 1 estimated dimension 1 of 10 : 0.19622163018172153  | time taken : 115.76483273506165
 Thread 7 estimated dimension 0 of 10 : 0.49723102516459056  | time taken : 55.651519775390625
 Thread 1 estimated dimension 2 of 10 : 1  | time taken : 5.7009055614471436
 Thread 4 estimated dimension 8 of 10 : 0.33690795651473887  | time taken : 107.0741639137268
 Thread 4 estimated dimension 9 of 10 : 1  | time taken : 11.276691436767578
 Thread 3 estimated dimension 0 of 10 : 0.382977971109093  | time taken : 52.54966068267822
 Thread 4 nsolns: 42503
 Thread 1 estimated dimension 3 of 10 : 0.8035271204773198  | time taken : 26.203145742416382
 Thread 5 estimated dimension 0 of 10 : 0.47721827687906493  | time taken : 41.78024244308472
 Thread 2 estimated dimension 0 of 10 : 0.46981181417831586  | time taken : 53.56913185119629
 Thread 6 estimated dimension 0 of 10 : 0.45538871733443514  | time taken : 56.4236581325531
 Thread 7 estimated dimension 1 of 10 : 0.34894896166854755  | time taken : 52.96608901023865
 Thread 4 estimated dimension 0 of 10 : 0.559082268140764  | time taken : 44.62743782997131
 Thread 3 estimated dimension 1 of 10 : 0.6124748780136894  | time taken : 44.566659927368164
 Thread 2 estimated dimension 1 of 10 : 0.6304643963125478  | time taken : 32.570748805999756
 Thread 5 estimated dimension 1 of 10 : 0.5805176273213843  | time taken : 47.14487051963806
 Thread 3 estimated dimension 2 of 10 : 1  | time taken : 6.619246244430542
 Thread 2 estimated dimension 2 of 10 : 1  | time taken : 8.185312986373901
 Thread 5 estimated dimension 2 of 10 : 0.9968125259929435  | time taken : 6.362727642059326
 Thread 7 estimated dimension 2 of 10 : 0.44811871764985683  | time taken : 40.801193714141846
 Thread 1 estimated dimension 4 of 10 : 0.45099598910998284  | time taken : 68.97719287872314
 Thread 6 estimated dimension 1 of 10 : 0.43326644067669984  | time taken : 56.41167187690735
 Thread 3 estimated dimension 3 of 10 : 0.769833511191785  | time taken : 28.655686378479004
 Thread 5 estimated dimension 3 of 10 : 0.7426708358456817  | time taken : 26.22552728652954
 Thread 2 estimated dimension 3 of 10 : 0.7681396510102081  | time taken : 32.11304235458374
 Thread 7 estimated dimension 3 of 10 : 0.773566559631328  | time taken : 26.786112308502197
 Thread 1 estimated dimension 5 of 10 : 0.6329378143215632  | time taken : 39.22950839996338
 Thread 2 estimated dimension 4 of 10 : 0.5899155894815877  | time taken : 32.49243879318237
 Thread 1 estimated dimension 6 of 10 : 0.9912671527092866  | time taken : 14.222193241119385
 Thread 6 estimated dimension 2 of 10 : 0.5532722255805267  | time taken : 52.59052062034607
 Thread 5 estimated dimension 4 of 10 : 0.615196979836827  | time taken : 44.283271074295044
 Thread 3 estimated dimension 4 of 10 : 0.4594019620792407  | time taken : 49.62179493904114
 Thread 1 estimated dimension 7 of 10 : 1  | time taken : 11.708051919937134
 Thread 7 estimated dimension 4 of 10 : 0.4276124044945666  | time taken : 55.018776655197144
 Thread 5 estimated dimension 5 of 10 : 0.6988070879303732  | time taken : 22.582321166992188
 Thread 3 estimated dimension 5 of 10 : 0.6712200572191438  | time taken : 26.024025917053223
 Thread 2 estimated dimension 5 of 10 : 0.7414026698736874  | time taken : 38.120994567871094
 Thread 4 estimated dimension 1 of 10 : 0.1772756888183325  | time taken : 117.19013571739197
 Thread 6 estimated dimension 3 of 10 : 0.7296013448107354  | time taken : 38.95466136932373
 Thread 4 estimated dimension 2 of 10 : 1  | time taken : 15.209277868270874
 Thread 1 estimated dimension 8 of 10 : 0.509850750347408  | time taken : 48.88155174255371
 Thread 2 estimated dimension 6 of 10 : 0.7286969095542299  | time taken : 35.09121036529541
 Thread 1 estimated dimension 9 of 10 : 0.973331310651829  | time taken : 12.015756368637085
 Thread 1 nsolns: 44771
 Thread 4 estimated dimension 3 of 10 : 0.7820266438897097  | time taken : 25.080291748046875
 Thread 6 estimated dimension 4 of 10 : 0.5438864947548924  | time taken : 49.62128186225891
 Thread 5 estimated dimension 6 of 10 : 0.36057563790706076  | time taken : 78.65938186645508
 Thread 5 estimated dimension 7 of 10 : 1  | time taken : 8.368202686309814
 Thread 1 estimated dimension 0 of 10 : 0.5556832170282745  | time taken : 43.485395193099976
 Thread 6 estimated dimension 5 of 10 : 0.740327842566902  | time taken : 31.05369734764099
 Thread 7 estimated dimension 5 of 10 : 0.37655362254946706  | time taken : 97.7583544254303
 Thread 4 estimated dimension 4 of 10 : 0.5967376754272978  | time taken : 46.64139127731323
 Thread 2 estimated dimension 7 of 10 : 0.5255663588434817  | time taken : 58.81502866744995
 Thread 3 estimated dimension 6 of 10 : 0.3315548125001124  | time taken : 99.57344722747803
 Thread 6 estimated dimension 6 of 10 : 0.983600587152386  | time taken : 13.31545090675354
 Thread 7 estimated dimension 6 of 10 : 0.9738104886516589  | time taken : 17.88227915763855
 Thread 1 estimated dimension 1 of 10 : 0.8305608644818306  | time taken : 23.05675959587097
 Thread 6 estimated dimension 7 of 10 : 1  | time taken : 10.259427547454834
 Thread 3 estimated dimension 7 of 10 : 0.991689228398926  | time taken : 14.01620864868164
 Thread 7 estimated dimension 7 of 10 : 1  | time taken : 12.282785654067993
 Thread 2 estimated dimension 8 of 10 : 0.7047399778477711  | time taken : 28.378697156906128
 Thread 7 estimated dimension 8 of 10 : 1  | time taken : 14.773191928863525
 Thread 1 estimated dimension 2 of 10 : 0.7383417453422387  | time taken : 35.85575819015503
 Thread 7 estimated dimension 9 of 10 : 0.9954032528035628  | time taken : 10.866607666015625
 Thread 7 nsolns: 42864
 Thread 3 estimated dimension 8 of 10 : 0.5702267379358843  | time taken : 51.71285080909729
 Thread 3 estimated dimension 9 of 10 : 1  | time taken : 8.761131048202515
 Thread 5 estimated dimension 8 of 10 : 0.34810930340855484  | time taken : 94.44060373306274
 Thread 3 nsolns: 41411
 Thread 2 estimated dimension 9 of 10 : 0.541969281404882  | time taken : 50.68114638328552
 Thread 2 nsolns: 38155
 Thread 5 estimated dimension 9 of 10 : 0.9820520410537994  | time taken : 13.02469778060913
 Thread 5 nsolns: 41385
 Thread 6 estimated dimension 8 of 10 : 0.32664743100188026  | time taken : 90.61003112792969
 Thread 7 estimated dimension 0 of 10 : 0.603325544487934  | time taken : 55.4910204410553
 Thread 6 estimated dimension 9 of 10 : 1  | time taken : 5.080168724060059
 Thread 6 nsolns: 41504
 Thread 3 estimated dimension 0 of 10 : 0.47811786095193987  | time taken : 38.63050150871277
 Thread 4 estimated dimension 5 of 10 : 0.2485435677381996  | time taken : 129.21137022972107
 Thread 4 estimated dimension 6 of 10 : 0.980012117006245  | time taken : 9.08622145652771
 Thread 2 estimated dimension 0 of 10 : 0.38450027131655645  | time taken : 60.68336868286133
 Thread 5 estimated dimension 0 of 10 : 0.5145065114434338  | time taken : 46.90449285507202
 Thread 3 estimated dimension 1 of 10 : 0.7893233100407993  | time taken : 26.12674045562744
 Thread 4 estimated dimension 7 of 10 : 1  | time taken : 11.881600856781006
 Thread 6 estimated dimension 0 of 10 : 0.569714827944827  | time taken : 41.279794692993164
 Thread 7 estimated dimension 1 of 10 : 0.399967182221767  | time taken : 47.44530439376831
 Thread 4 estimated dimension 8 of 10 : 1  | time taken : 13.027481079101562
 Thread 1 estimated dimension 3 of 10 : 0.23007587760801987  | time taken : 117.84414768218994
 Thread 3 estimated dimension 2 of 10 : 0.7627946631427366  | time taken : 26.783151388168335
 Thread 1 estimated dimension 4 of 10 : 0.9957043200177211  | time taken : 7.468639373779297
 Thread 6 estimated dimension 1 of 10 : 0.7827914398384964  | time taken : 22.1070499420166
 Thread 4 estimated dimension 9 of 10 : 1  | time taken : 16.79037642478943
 Thread 4 nsolns: 47931
 Thread 2 estimated dimension 1 of 10 : 0.6215457288184989  | time taken : 44.01249837875366
 Thread 2 estimated dimension 2 of 10 : 0.982869892368384  | time taken : 9.335453748703003
 Thread 3 estimated dimension 3 of 10 : 0.7798294013886405  | time taken : 27.401637077331543
 Thread 7 estimated dimension 2 of 10 : 0.49785052528143936  | time taken : 56.285571336746216
 Thread 1 estimated dimension 5 of 10 : 0.5127039722698661  | time taken : 54.627256631851196
 Thread 7 estimated dimension 3 of 10 : 0.7656698724232754  | time taken : 32.11800241470337
 Thread 3 estimated dimension 4 of 10 : 0.6049059976431378  | time taken : 52.89988613128662
 Thread 5 estimated dimension 1 of 10 : 0.1984703511064118  | time taken : 113.84790182113647
 Thread 4 estimated dimension 0 of 10 : 0.4496829757229456  | time taken : 77.57088828086853
 Thread 5 estimated dimension 2 of 10 : 0.9815929067962744  | time taken : 9.299360036849976
 Thread 6 estimated dimension 2 of 10 : 0.27225242145193246  | time taken : 94.99910187721252
 Thread 3 estimated dimension 5 of 10 : 0.7130869546628771  | time taken : 36.367236375808716
 Thread 5 estimated dimension 3 of 10 : 0.784954598775757  | time taken : 24.46479058265686
 Thread 6 estimated dimension 3 of 10 : 0.7521685822523031  | time taken : 27.500056505203247
 Thread 4 estimated dimension 1 of 10 : 0.565591492398609  | time taken : 46.84906888008118
 Thread 7 estimated dimension 4 of 10 : 0.461571112048916  | time taken : 66.00290179252625
 Thread 4 estimated dimension 2 of 10 : 0.9764259195982794  | time taken : 5.167110443115234
 Thread 1 estimated dimension 6 of 10 : 0.3472031311661287  | time taken : 84.9982750415802
 Thread 1 estimated dimension 7 of 10 : 1  | time taken : 9.370454788208008
 Thread 2 estimated dimension 3 of 10 : 0.2328129317213811  | time taken : 135.79425501823425
 Thread 1 estimated dimension 8 of 10 : 0.9865064464149114  | time taken : 12.554115295410156
 Thread 4 estimated dimension 3 of 10 : 0.7900345839630056  | time taken : 28.070311069488525
 Thread 2 estimated dimension 4 of 10 : 1  | time taken : 8.942506313323975
 Thread 5 estimated dimension 4 of 10 : 0.4392301462011741  | time taken : 55.034974813461304
 Thread 1 estimated dimension 9 of 10 : 0.9934206391111063  | time taken : 10.38025426864624
 Thread 1 nsolns: 42961
 Thread 7 estimated dimension 5 of 10 : 0.6407280171120547  | time taken : 40.62049412727356
 Thread 6 estimated dimension 4 of 10 : 0.40395588668631427  | time taken : 55.496145486831665
 Thread 7 estimated dimension 6 of 10 : 0.982521476253806  | time taken : 8.379261493682861
 Thread 7 estimated dimension 7 of 10 : 0.9960807098978111  | time taken : 13.625015258789062
 Thread 5 estimated dimension 5 of 10 : 0.652964986715714  | time taken : 32.15836262702942
 Thread 3 estimated dimension 6 of 10 : 0.32625988104539266  | time taken : 88.34825849533081
 Thread 5 estimated dimension 6 of 10 : 0.9732248294394669  | time taken : 11.281463623046875
 Thread 2 estimated dimension 5 of 10 : 0.4793959896433985  | time taken : 48.201836824417114
 Thread 3 estimated dimension 7 of 10 : 0.9712213861813521  | time taken : 12.185132026672363
 Thread 1 estimated dimension 0 of 10 : 0.6104645015661551  | time taken : 48.81828784942627
 Thread 4 estimated dimension 4 of 10 : 0.5441063513486699  | time taken : 61.62792778015137
 Thread 5 estimated dimension 7 of 10 : 0.9635270150011936  | time taken : 13.922537803649902
 Thread 2 estimated dimension 6 of 10 : 0.6632544791654339  | time taken : 41.023319244384766
 Thread 4 estimated dimension 5 of 10 : 0.6878306426566421  | time taken : 30.081907510757446
 Thread 6 estimated dimension 5 of 10 : 0.3358999245998241  | time taken : 81.8729522228241
 Thread 7 estimated dimension 8 of 10 : 0.5036654422640777  | time taken : 68.79653978347778
 Thread 7 estimated dimension 9 of 10 : 0.9714359238091271  | time taken : 4.9013073444366455
 Thread 7 nsolns: 39995
 Thread 6 estimated dimension 6 of 10 : 0.9820216024324099  | time taken : 12.395352602005005
 Thread 6 estimated dimension 7 of 10 : 1  | time taken : 9.061437606811523
 Thread 4 estimated dimension 6 of 10 : 0.6704282896231872  | time taken : 28.66379189491272
 Thread 5 estimated dimension 8 of 10 : 0.46293173163669166  | time taken : 65.97282099723816
 Thread 5 estimated dimension 9 of 10 : 1  | time taken : 4.6752119064331055
 Thread 5 nsolns: 44519
 Thread 6 estimated dimension 8 of 10 : 0.9901675906916765  | time taken : 18.31865882873535
 Thread 2 estimated dimension 7 of 10 : 0.4963800703181728  | time taken : 56.17910718917847
 Thread 6 estimated dimension 9 of 10 : 0.9677680807844616  | time taken : 13.697586059570312
 Thread 6 nsolns: 42678
 Thread 3 estimated dimension 8 of 10 : 0.3087160856938473  | time taken : 107.773273229599
 Thread 2 estimated dimension 8 of 10 : 1  | time taken : 12.887445449829102
 Thread 3 estimated dimension 9 of 10 : 0.982659405945817  | time taken : 3.9191901683807373
 Thread 3 nsolns: 42371
 Thread 4 estimated dimension 7 of 10 : 0.48202355616317827  | time taken : 49.64422297477722
 Thread 2 estimated dimension 9 of 10 : 0.9960602346004317  | time taken : 16.284859657287598
 Thread 1 estimated dimension 1 of 10 : 0.20890250457041884  | time taken : 121.97854971885681
 Thread 2 nsolns: 44476
 Thread 1 estimated dimension 2 of 10 : 0.9984081530603184  | time taken : 5.518950939178467
 Thread 1 estimated dimension 3 of 10 : 0.7664233341223952  | time taken : 26.355852842330933
 Thread 4 estimated dimension 8 of 10 : 0.6597598275627018  | time taken : 38.99024820327759
 Thread 1 estimated dimension 4 of 10 : 0.5694582550587703  | time taken : 39.824607610702515
 Thread 4 estimated dimension 9 of 10 : 0.48725497183471206  | time taken : 65.28689098358154
 Thread 4 nsolns: 40841
 Thread 1 estimated dimension 5 of 10 : 0.26415161167780477  | time taken : 150.0593683719635
 Thread 1 estimated dimension 6 of 10 : 0.979045561067937  | time taken : 7.615793943405151
 Thread 1 estimated dimension 7 of 10 : 1  | time taken : 10.917673349380493
 Thread 1 estimated dimension 8 of 10 : 1  | time taken : 12.668303966522217
 Thread 1 estimated dimension 9 of 10 : 1  | time taken : 7.311450719833374
 Thread 1 nsolns: 44836
 estimated weights : [0.01058194445681906, 0.014428411040966026, 0.0171159009831754, 0.01549261663523412, 0.007574125814925594, 0.012565744192062545, 0.007980359741145143, 0.009944018266141691, 0.013862505411748164, 0.012441269963677826, 0.014189417735336916, 0.010457744370938776, 0.009050147850567323, 0.009528507681799421, 0.010348267390280975, 0.01112460846756737, 0.014403906983691194, 0.01072551205654053, 0.010520820558496052, 0.009659254277745125, 0.014697080742606334, 0.011498340202897491, 0.01256714831750666, 0.013272812141964055, 0.016223012732059602, 0.01007815960168075, 0.009051999970114036, 0.012710143495758306, 0.011603228634681065, 0.014976358559927738, 0.00817871207615484, 0.009097238668545626, 0.008596177163683142, 0.011633559506245483, 0.009855438872409998, 0.013182638745380655, 0.011081718434867596, 0.009191539506777376, 0.01121848090276237, 0.010718026882947627, 0.010191645738577951, 0.009650974026013533, 0.010952569925734857, 0.014044494797559056, 0.00720737180305033, 0.010255918331415353, 0.010843141523459108, 0.011449794909980831, 0.008277416239365187, 0.007991539735119702, 0.012572394432656866, 0.009169020916437636, 0.010062006889158466, 0.012699225991670468, 0.009330411685651761, 0.011307184382056482, 0.01073548664748012, 0.009387750308348892, 0.010439871831081974, 0.014556158254838582, 0.010868268165287326, 0.010303676068334487, 0.011265847847757745, 0.01361886979438391, 0.013026322639154125, 0.009795768740539234, 0.011660989961203638, 0.00930832877289365, 0.008597009274724803, 0.007628212334193845, 0.014371396105459105]
