numSolutions: 82 k : 733
3 82 0.05773502691896258 0.0004065040650406504

 Thread 3 estimated dimension 0 of 3 : 0.7065935800073915  | time taken : 1.2585444450378418
 Thread 5 estimated dimension 0 of 3 : 0.7205236085283008  | time taken : 1.2792162895202637
 Thread 2 estimated dimension 0 of 3 : 0.7242193839575226  | time taken : 1.2923595905303955
 Thread 7 estimated dimension 0 of 3 : 0.7267044084827744  | time taken : 1.3698267936706543
 Thread 1 estimated dimension 0 of 3 : 0.7017014212016724  | time taken : 1.4155752658843994
 Thread 6 estimated dimension 0 of 3 : 0.6589530792929064  | time taken : 1.4684712886810303
 Thread 2 estimated dimension 1 of 3 : 0.5136624500115187  | time taken : 2.0625414848327637
 Thread 6 estimated dimension 1 of 3 : 0.5194092447596442  | time taken : 1.9431209564208984
 Thread 5 estimated dimension 1 of 3 : 0.5012866787641137  | time taken : 2.2340569496154785
 Thread 1 estimated dimension 1 of 3 : 0.5142722676843389  | time taken : 2.9877560138702393
 Thread 3 estimated dimension 1 of 3 : 0.48792338077913683  | time taken : 3.4448957443237305
 Thread 7 estimated dimension 1 of 3 : 0.48067751283930515  | time taken : 3.2247469425201416
 Thread 4 estimated dimension 0 of 3 : 0.2895352664559683  | time taken : 6.541475772857666
 Thread 4 estimated dimension 1 of 3 : 0.9550686808986941  | time taken : 0.29040074348449707
 Thread 2 estimated dimension 2 of 3 : 0.5038100185040522  | time taken : 3.821471929550171
 Thread 2 nsolns: 3937
 Thread 4 estimated dimension 2 of 3 : 1  | time taken : 0.8442187309265137
 Thread 4 nsolns: 3988
 Thread 6 estimated dimension 2 of 3 : 0.5162038807811572  | time taken : 4.677379846572876
 Thread 6 nsolns: 3937
 Thread 3 estimated dimension 2 of 3 : 0.5268956947368385  | time taken : 4.036839962005615
 Thread 1 estimated dimension 2 of 3 : 0.5169561409535616  | time taken : 4.469951868057251
 Thread 1 nsolns: 3912
 Thread 3 nsolns: 3912
 Thread 5 estimated dimension 2 of 3 : 0.4900478911920963  | time taken : 5.6204938888549805
 Thread 5 nsolns: 3991
 Thread 7 estimated dimension 2 of 3 : 0.4817051681716958  | time taken : 5.922421455383301
 Thread 7 nsolns: 3966
 Thread 2 estimated dimension 0 of 3 : 0.7518895234164195  | time taken : 3.6733598709106445
 Thread 6 estimated dimension 0 of 3 : 0.7031062808658627  | time taken : 3.919147253036499
 Thread 3 estimated dimension 0 of 3 : 0.7239838757686413  | time taken : 3.4933109283447266
 Thread 1 estimated dimension 0 of 3 : 0.6494218156788197  | time taken : 3.853823661804199
 Thread 5 estimated dimension 0 of 3 : 0.7034530811762764  | time taken : 4.1177756786346436
 Thread 2 estimated dimension 1 of 3 : 0.4790253374356851  | time taken : 6.313588619232178
 Thread 3 estimated dimension 1 of 3 : 0.5035442503549952  | time taken : 7.157543659210205
 Thread 6 estimated dimension 1 of 3 : 0.5210384106387608  | time taken : 9.055582046508789
 Thread 5 estimated dimension 1 of 3 : 0.5083691878893125  | time taken : 9.14803171157837
 Thread 1 estimated dimension 1 of 3 : 0.4978416591463619  | time taken : 9.806429147720337
 Thread 4 estimated dimension 0 of 3 : 0.28525604754538725  | time taken : 15.684481859207153
 Thread 2 estimated dimension 2 of 3 : 0.5157274383926126  | time taken : 6.256060838699341
 Thread 2 nsolns: 3937
 Thread 4 estimated dimension 1 of 3 : 0.9233023935746792  | time taken : 1.6988131999969482
 Thread 4 estimated dimension 2 of 3 : 0.997363263604781  | time taken : 0.8571248054504395
 Thread 4 nsolns: 3988
 Thread 7 estimated dimension 0 of 3 : 0.2853732142578637  | time taken : 17.44016742706299
 Thread 6 estimated dimension 2 of 3 : 0.5198253332066319  | time taken : 7.641332387924194
 Thread 6 nsolns: 3912
 Thread 7 estimated dimension 1 of 3 : 0.9946212648028107  | time taken : 1.060075044631958
 Thread 7 estimated dimension 2 of 3 : 1  | time taken : 1.5561470985412598
 Thread 3 estimated dimension 2 of 3 : 0.48442254057394657  | time taken : 11.08184266090393
 Thread 7 nsolns: 3988
 Thread 3 nsolns: 3991
 Thread 5 estimated dimension 2 of 3 : 0.4773421076583281  | time taken : 11.090574741363525
 Thread 5 nsolns: 3966
 Thread 1 estimated dimension 2 of 3 : 0.4939064053578855  | time taken : 11.261720657348633
 Thread 1 nsolns: 3966
 Thread 6 estimated dimension 0 of 3 : 0.723677232422532  | time taken : 6.1847686767578125
 Thread 3 estimated dimension 0 of 3 : 0.7214052659637938  | time taken : 5.485267162322998
 Thread 7 estimated dimension 0 of 3 : 0.6867458880770219  | time taken : 6.112809896469116
 Thread 1 estimated dimension 0 of 3 : 0.6843843533969717  | time taken : 8.528366327285767
 Thread 6 estimated dimension 1 of 3 : 0.5022880881266354  | time taken : 10.747835397720337
 Thread 2 estimated dimension 0 of 3 : 0.2894368396802966  | time taken : 21.879016876220703
 Thread 2 estimated dimension 1 of 3 : 0.9566062036555767  | time taken : 1.2101118564605713
 Thread 4 estimated dimension 0 of 3 : 0.287186936331961  | time taken : 21.887505054473877
 Thread 2 estimated dimension 2 of 3 : 0.9490679292536017  | time taken : 1.2518644332885742
 Thread 2 nsolns: 3988
 Thread 3 estimated dimension 1 of 3 : 0.5270695089069215  | time taken : 11.79649806022644
 Thread 4 estimated dimension 1 of 3 : 0.918609634450419  | time taken : 1.1760003566741943
 Thread 1 estimated dimension 1 of 3 : 0.49329685186975275  | time taken : 7.277393341064453
 Thread 4 estimated dimension 2 of 3 : 0.978964288745702  | time taken : 0.847510576248169
 Thread 7 estimated dimension 1 of 3 : 0.4911216765800625  | time taken : 12.50156283378601
 Thread 4 nsolns: 3988
 Thread 5 estimated dimension 0 of 3 : 0.2763387000674302  | time taken : 19.472445487976074
 Thread 6 estimated dimension 2 of 3 : 0.503691676942709  | time taken : 7.689248085021973
 Thread 6 nsolns: 3937
 Thread 2 estimated dimension 0 of 3 : 0.6645799358341825  | time taken : 5.175450563430786
 Thread 5 estimated dimension 1 of 3 : 0.9884479857879374  | time taken : 0.965674877166748
 Thread 5 estimated dimension 2 of 3 : 0.9461742355277704  | time taken : 1.0557003021240234
 Thread 3 estimated dimension 2 of 3 : 0.5053274284682341  | time taken : 6.245233774185181
 Thread 5 nsolns: 3988
 Thread 3 nsolns: 3912
 Thread 4 estimated dimension 0 of 3 : 0.7308199973768831  | time taken : 5.118167400360107
 Thread 1 estimated dimension 2 of 3 : 0.5090353447505361  | time taken : 6.316376209259033
 Thread 1 nsolns: 3937
 Thread 6 estimated dimension 0 of 3 : 0.7104107889043212  | time taken : 4.6645941734313965
 Thread 7 estimated dimension 2 of 3 : 0.47655313311356184  | time taken : 8.680149555206299
 Thread 7 nsolns: 3966
 Thread 5 estimated dimension 0 of 3 : 0.7785324421476949  | time taken : 5.259537935256958
 Thread 1 estimated dimension 0 of 3 : 0.7132192966999764  | time taken : 5.3701066970825195
 Thread 2 estimated dimension 1 of 3 : 0.5080860295958084  | time taken : 9.822596549987793
 Thread 7 estimated dimension 0 of 3 : 0.7596245480190029  | time taken : 4.486370801925659
 Thread 4 estimated dimension 1 of 3 : 0.5049109749394255  | time taken : 8.668302536010742
 Thread 6 estimated dimension 1 of 3 : 0.5159425881101117  | time taken : 10.800094604492188
 Thread 2 estimated dimension 2 of 3 : 0.4993500252416709  | time taken : 6.80991792678833
 Thread 2 nsolns: 3912
 Thread 5 estimated dimension 1 of 3 : 0.4874696072593732  | time taken : 9.982088088989258
 Thread 4 estimated dimension 2 of 3 : 0.4793012537079568  | time taken : 7.169061899185181
 Thread 4 nsolns: 3937
 Thread 3 estimated dimension 0 of 3 : 0.29722374314979394  | time taken : 17.16657543182373
 Thread 1 estimated dimension 1 of 3 : 0.5037355370455536  | time taken : 11.16292667388916
 Thread 3 estimated dimension 1 of 3 : 0.9828725414711872  | time taken : 0.9187586307525635
 Thread 7 estimated dimension 1 of 3 : 0.4988377344710671  | time taken : 10.099849939346313
 Thread 2 estimated dimension 0 of 3 : 0.7251717891653034  | time taken : 4.144737720489502
 Thread 3 estimated dimension 2 of 3 : 1  | time taken : 1.2078096866607666
 Thread 3 nsolns: 3988
 Thread 6 estimated dimension 2 of 3 : 0.5254030613237589  | time taken : 6.578898906707764
 Thread 6 nsolns: 3912
 Thread 5 estimated dimension 2 of 3 : 0.5162971716834794  | time taken : 6.10163950920105
 Thread 4 estimated dimension 0 of 3 : 0.7095408387551799  | time taken : 4.9062745571136475
 Thread 5 nsolns: 3912
 Thread 3 estimated dimension 0 of 3 : 0.7340093498575591  | time taken : 4.384973764419556
 Thread 6 estimated dimension 0 of 3 : 0.6794166959072053  | time taken : 5.1516501903533936
 Thread 5 estimated dimension 0 of 3 : 0.7326233742791038  | time taken : 4.046579837799072
 Thread 1 estimated dimension 2 of 3 : 0.4945653415859465  | time taken : 8.141000747680664
 Thread 1 nsolns: 3966
 Thread 7 estimated dimension 2 of 3 : 0.48716672928941407  | time taken : 8.126859664916992
 Thread 7 nsolns: 3966
 Thread 2 estimated dimension 1 of 3 : 0.5123820689847164  | time taken : 9.068174839019775
 Thread 4 estimated dimension 1 of 3 : 0.47416733510427694  | time taken : 7.792002201080322
 Thread 3 estimated dimension 1 of 3 : 0.47738003563089343  | time taken : 7.022576808929443
 Thread 6 estimated dimension 1 of 3 : 0.5045757462628973  | time taken : 7.095219373703003
 Thread 5 estimated dimension 1 of 3 : 0.5092896152761239  | time taken : 8.991861820220947
 Thread 4 estimated dimension 2 of 3 : 0.5126230519472184  | time taken : 7.310455560684204
 Thread 4 nsolns: 3912
 Thread 3 estimated dimension 2 of 3 : 0.5149433850991437  | time taken : 5.735661506652832
 Thread 3 nsolns: 3937
 Thread 6 estimated dimension 2 of 3 : 0.5021720181543997  | time taken : 4.816531181335449
 Thread 6 nsolns: 3937
 Thread 2 estimated dimension 2 of 3 : 0.47970756496374917  | time taken : 9.4280366897583
 Thread 2 nsolns: 3966
 Thread 4 estimated dimension 0 of 3 : 0.7312699298700606  | time taken : 5.126500844955444
 Thread 3 estimated dimension 0 of 3 : 0.7320862516932793  | time taken : 5.207551002502441
 Thread 1 estimated dimension 0 of 3 : 0.2868535798843091  | time taken : 16.744118690490723
 Thread 7 estimated dimension 0 of 3 : 0.29463891876209336  | time taken : 16.437397956848145
 Thread 5 estimated dimension 2 of 3 : 0.4941654012383728  | time taken : 8.23872709274292
 Thread 5 nsolns: 3966
 Thread 7 estimated dimension 1 of 3 : 0.9734918596167962  | time taken : 2.3992581367492676
 Thread 1 estimated dimension 1 of 3 : 0.9747016370856459  | time taken : 2.670734405517578
 Thread 7 estimated dimension 2 of 3 : 0.9923341646038234  | time taken : 0.429776668548584
 Thread 7 nsolns: 3988
 Thread 1 estimated dimension 2 of 3 : 0.9703373717782348  | time taken : 0.3996591567993164
 Thread 1 nsolns: 3988
 Thread 7 estimated dimension 0 of 3 : 0.7175887838986654  | time taken : 5.122085094451904
 Thread 4 estimated dimension 1 of 3 : 0.5041185843646513  | time taken : 9.861682891845703
 Thread 3 estimated dimension 1 of 3 : 0.5084202844588289  | time taken : 9.078365325927734
 Thread 1 estimated dimension 0 of 3 : 0.7170932754099394  | time taken : 5.8778791427612305
 Thread 6 estimated dimension 0 of 3 : 0.29228140750859183  | time taken : 19.012717962265015
 Thread 6 estimated dimension 1 of 3 : 0.971553806223185  | time taken : 1.0511314868927002
 Thread 7 estimated dimension 1 of 3 : 0.4881559197936367  | time taken : 7.1386377811431885
 Thread 6 estimated dimension 2 of 3 : 0.9406219669937249  | time taken : 1.1600849628448486
 Thread 6 nsolns: 3988
 Thread 4 estimated dimension 2 of 3 : 0.5111757472147525  | time taken : 8.369730472564697
 Thread 5 estimated dimension 0 of 3 : 0.28318091555550917  | time taken : 17.230993270874023
 Thread 4 nsolns: 3966
 Thread 2 estimated dimension 0 of 3 : 0.2909647385324019  | time taken : 22.340269565582275
 Thread 3 estimated dimension 2 of 3 : 0.5064666836248092  | time taken : 9.025663614273071
 Thread 3 nsolns: 3991
 Thread 5 estimated dimension 1 of 3 : 0.9331869986783354  | time taken : 1.079888105392456
 Thread 2 estimated dimension 1 of 3 : 0.9771252275119824  | time taken : 1.1175038814544678
 Thread 1 estimated dimension 1 of 3 : 0.5254013973589912  | time taken : 9.515266180038452
 Thread 5 estimated dimension 2 of 3 : 0.9952906667690089  | time taken : 0.891606330871582
 Thread 2 estimated dimension 2 of 3 : 1  | time taken : 0.9086399078369141
 Thread 5 nsolns: 3988
 Thread 2 nsolns: 3988
 Thread 6 estimated dimension 0 of 3 : 0.7123031713714639  | time taken : 5.619190692901611
 Thread 4 estimated dimension 0 of 3 : 0.7201927378544604  | time taken : 5.701896667480469
 Thread 3 estimated dimension 0 of 3 : 0.6692723217192632  | time taken : 5.530704498291016
 Thread 7 estimated dimension 2 of 3 : 0.5122120044335989  | time taken : 9.517378330230713
 Thread 7 nsolns: 3991
 Thread 5 estimated dimension 0 of 3 : 0.6911278738835552  | time taken : 5.576287508010864
 Thread 2 estimated dimension 0 of 3 : 0.7137587047149302  | time taken : 5.864861965179443
 Thread 1 estimated dimension 2 of 3 : 0.4964256786192388  | time taken : 10.47479796409607
 Thread 1 nsolns: 3966
 Thread 7 estimated dimension 0 of 3 : 0.7265948374501536  | time taken : 5.470491170883179
 Thread 6 estimated dimension 1 of 3 : 0.5096325723484225  | time taken : 9.587051630020142
 Thread 3 estimated dimension 1 of 3 : 0.49090867420740847  | time taken : 9.058160066604614
 Thread 4 estimated dimension 1 of 3 : 0.4729437789931336  | time taken : 10.09266185760498
 Thread 5 estimated dimension 1 of 3 : 0.49721647192746493  | time taken : 7.809568881988525
 Thread 1 estimated dimension 0 of 3 : 0.7161318918641305  | time taken : 5.035718202590942
 Thread 2 estimated dimension 1 of 3 : 0.4969898203043086  | time taken : 9.72864556312561
 Thread 6 estimated dimension 2 of 3 : 0.504398438122542  | time taken : 5.925206422805786
 Thread 6 nsolns: 3912
 Thread 7 estimated dimension 1 of 3 : 0.5207695673341967  | time taken : 8.263084411621094
 Thread 3 estimated dimension 2 of 3 : 0.5005538332840147  | time taken : 6.998225688934326
 Thread 3 nsolns: 3912
 Thread 5 estimated dimension 2 of 3 : 0.4842834069718856  | time taken : 7.290985584259033
 Thread 5 nsolns: 3937
 Thread 4 estimated dimension 2 of 3 : 0.5004716762688978  | time taken : 9.410858631134033
 Thread 4 nsolns: 3966
 Thread 1 estimated dimension 1 of 3 : 0.5081342553790332  | time taken : 8.133514881134033
 Thread 2 estimated dimension 2 of 3 : 0.5289745644188436  | time taken : 7.13291335105896
 Thread 2 nsolns: 3912
 Thread 6 estimated dimension 0 of 3 : 0.7519328935384274  | time taken : 5.834873199462891
 Thread 7 estimated dimension 2 of 3 : 0.5193055850234346  | time taken : 6.356720685958862
 Thread 7 nsolns: 3912
 Thread 4 estimated dimension 0 of 3 : 0.6771596039552835  | time taken : 5.154332399368286
 Thread 2 estimated dimension 0 of 3 : 0.7093490993943657  | time taken : 5.095968246459961
 Thread 1 estimated dimension 2 of 3 : 0.5191742869683982  | time taken : 5.342267990112305
 Thread 1 nsolns: 3937
 Thread 6 estimated dimension 1 of 3 : 0.49498902412218077  | time taken : 7.636587142944336
 Thread 1 estimated dimension 0 of 3 : 0.7161520533482013  | time taken : 6.398024082183838
 Thread 2 estimated dimension 1 of 3 : 0.47154792645033866  | time taken : 7.844987630844116
 Thread 5 estimated dimension 0 of 3 : 0.30808602996358486  | time taken : 16.44444513320923
 Thread 3 estimated dimension 0 of 3 : 0.28409984699232405  | time taken : 18.065940618515015
 Thread 4 estimated dimension 1 of 3 : 0.4979603473097717  | time taken : 9.532670497894287
 Thread 6 estimated dimension 2 of 3 : 0.5065676222210377  | time taken : 6.869295358657837
 Thread 6 nsolns: 3937
 Thread 5 estimated dimension 1 of 3 : 1  | time taken : 1.1099321842193604
 Thread 3 estimated dimension 1 of 3 : 1  | time taken : 1.2905378341674805
 Thread 5 estimated dimension 2 of 3 : 0.9996808388321675  | time taken : 0.5147051811218262
 Thread 5 nsolns: 3988
 Thread 3 estimated dimension 2 of 3 : 0.9556658216680376  | time taken : 1.2588706016540527
 Thread 3 nsolns: 3988
 Thread 2 estimated dimension 2 of 3 : 0.5008385737460089  | time taken : 6.223373651504517
 Thread 4 estimated dimension 2 of 3 : 0.5119823000485818  | time taken : 5.688129901885986
 Thread 4 nsolns: 3912
 Thread 2 nsolns: 3937
 Thread 6 estimated dimension 0 of 3 : 0.7188890456496815  | time taken : 4.802828788757324
 Thread 7 estimated dimension 0 of 3 : 0.29140173032083  | time taken : 17.714542627334595
 Thread 1 estimated dimension 1 of 3 : 0.514021942532539  | time taken : 8.291958332061768
 Thread 7 estimated dimension 1 of 3 : 0.9540191203514093  | time taken : 0.9267334938049316
 Thread 7 estimated dimension 2 of 3 : 0.9854884774844784  | time taken : 0.8691282272338867
 Thread 7 nsolns: 3988
 Thread 5 estimated dimension 0 of 3 : 0.6924095270138918  | time taken : 4.899290084838867
 Thread 4 estimated dimension 0 of 3 : 0.6758590855686796  | time taken : 5.218858003616333
 Thread 2 estimated dimension 0 of 3 : 0.7109944076069135  | time taken : 5.556723594665527
 Thread 1 estimated dimension 2 of 3 : 0.49906212883440254  | time taken : 5.882055759429932
 Thread 1 nsolns: 3912
 Thread 6 estimated dimension 1 of 3 : 0.5065250041415089  | time taken : 8.68574833869934
 Thread 5 estimated dimension 1 of 3 : 0.49905761223436634  | time taken : 8.130881547927856
 Thread 4 estimated dimension 1 of 3 : 0.49610906172168345  | time taken : 8.807932138442993
 Thread 3 estimated dimension 0 of 3 : 0.27968790147043315  | time taken : 18.004874229431152
 Thread 2 estimated dimension 1 of 3 : 0.4938731272824328  | time taken : 10.19705581665039
 Thread 3 estimated dimension 1 of 3 : 0.947338242615863  | time taken : 1.0680277347564697
 Thread 3 estimated dimension 2 of 3 : 1  | time taken : 0.7931272983551025
 Thread 3 nsolns: 3988
 Thread 5 estimated dimension 2 of 3 : 0.5229040511595594  | time taken : 7.950422286987305
 Thread 6 estimated dimension 2 of 3 : 0.48654997107850806  | time taken : 10.4333016872406
 Thread 5 nsolns: 3937
 Thread 6 nsolns: 3991
 Thread 7 estimated dimension 0 of 3 : 0.2865345006945633  | time taken : 17.66150665283203
 Thread 4 estimated dimension 2 of 3 : 0.5414880204469781  | time taken : 6.178934574127197
 Thread 4 nsolns: 3937
 Thread 7 estimated dimension 1 of 3 : 1  | time taken : 0.8876481056213379
 Thread 7 estimated dimension 2 of 3 : 1  | time taken : 0.5757150650024414
 Thread 2 estimated dimension 2 of 3 : 0.51083670438908  | time taken : 6.115199089050293
 Thread 7 nsolns: 3988
 Thread 2 nsolns: 3912
 Thread 3 estimated dimension 0 of 3 : 0.7100072436628537  | time taken : 3.8830363750457764
 Thread 6 estimated dimension 0 of 3 : 0.6884115072599597  | time taken : 4.270545244216919
 Thread 5 estimated dimension 0 of 3 : 0.7168270883131885  | time taken : 5.464600086212158
 Thread 1 estimated dimension 0 of 3 : 0.2892549363034412  | time taken : 18.930001258850098
 Thread 1 estimated dimension 1 of 3 : 1  | time taken : 0.6456494331359863
 Thread 2 estimated dimension 0 of 3 : 0.7661523052817801  | time taken : 5.83508825302124
 Thread 1 estimated dimension 2 of 3 : 1  | time taken : 1.182934284210205
 Thread 1 nsolns: 3988
 Thread 3 estimated dimension 1 of 3 : 0.4956071356795396  | time taken : 7.258263349533081
 Thread 5 estimated dimension 1 of 3 : 0.48996372429105534  | time taken : 6.470470190048218
 Thread 6 estimated dimension 1 of 3 : 0.5050056162262465  | time taken : 9.68706750869751
 Thread 1 estimated dimension 0 of 3 : 0.7130225028351175  | time taken : 5.397803544998169
 Thread 2 estimated dimension 1 of 3 : 0.48517552370701644  | time taken : 7.904959440231323
 Thread 4 estimated dimension 0 of 3 : 0.2863944847031909  | time taken : 15.742103576660156
 Thread 5 estimated dimension 2 of 3 : 0.49771612767246326  | time taken : 5.504688024520874
 Thread 5 nsolns: 3937
 Thread 3 estimated dimension 2 of 3 : 0.5034235877225905  | time taken : 7.204009532928467
 Thread 4 estimated dimension 1 of 3 : 0.9677786551829411  | time taken : 0.7667667865753174
 Thread 3 nsolns: 3937
 Thread 4 estimated dimension 2 of 3 : 1  | time taken : 0.9589314460754395
 Thread 7 estimated dimension 0 of 3 : 0.2904133756517015  | time taken : 17.04861092567444
 Thread 4 nsolns: 3988
 Thread 7 estimated dimension 1 of 3 : 1  | time taken : 0.8665890693664551
 Thread 7 estimated dimension 2 of 3 : 1  | time taken : 1.2317397594451904
 Thread 6 estimated dimension 2 of 3 : 0.5004140680787545  | time taken : 8.19961953163147
 Thread 6 nsolns: 3966
 Thread 2 estimated dimension 2 of 3 : 0.5017198261433514  | time taken : 5.894739627838135
 Thread 7 nsolns: 3988
 Thread 2 nsolns: 3937
 Thread 1 estimated dimension 1 of 3 : 0.4844554243281411  | time taken : 8.665839433670044
 Thread 1 estimated dimension 2 of 3 : 0.4727015103581672  | time taken : 7.331477880477905
 Thread 1 nsolns: 3966
 Thread 1 estimated dimension 0 of 3 : 0.7217375284676051  | time taken : 5.569862365722656
 Thread 1 estimated dimension 1 of 3 : 0.5003663009568018  | time taken : 7.023843288421631
 Thread 1 estimated dimension 2 of 3 : 0.4993644845834743  | time taken : 5.615043640136719
 Thread 1 nsolns: 3937
 estimated weights : [0.18741949483316095, 0.27652606500775356, 0.1766792032886861, 0.1865516782180915, 0.18165441881310143, 0.17699985224459583, 0.16826465755811, 0.1857516828166163, 0.2626831341991673, 0.1904356087554579, 0.28383826730599987, 0.17660007282052936, 0.17070415919540258, 0.15968450168440534, 0.26277515356113945, 0.25826319910224055, 0.18308913083991166, 0.25844411598980227, 0.192141011585455, 0.17185269787484603, 0.1607298353708641, 0.16861241753909592, 0.17686170123364206, 0.2921330558152173, 0.1925766045935693, 0.1959404062613922, 0.17768442177397964, 0.18460179086732903, 0.17246745766943491, 0.18043688799696767, 0.17215319833284104, 0.1782425517863051, 0.18438174744853675, 0.2846298081914516, 0.2713030823199213, 0.2671057052882299, 0.18844328393906618, 0.18851069831459039, 0.26301625674486945, 0.2843089863364377, 0.179425413111067, 0.18703423667942082, 0.18310313852640672, 0.16445775687448605, 0.16641922895994918, 0.1704659954945015, 0.18764357591564845, 0.19649925051874725, 0.18892292606426278, 0.1885437239198436, 0.3079877008664688, 0.2715045137116831, 0.17263973096429977, 0.16752654476516293, 0.27396857821249176, 0.1837136876699054, 0.2649590450599188, 0.18069066892321473, 0.17717000840786357, 0.18156083405394116, 0.2865345006945633, 0.17937572734052165, 0.2892549363034412, 0.17480749495998457, 0.17714703616096145, 0.2771664692578655, 0.17396979018268138, 0.2904133756517015, 0.18649846390654856, 0.16328415729943033, 0.18033706301429606]
