avgdeg_3_008_0 16 0.10388158900487277 57780610 ACCEPT
avgdeg_3_008_1 15 0.11308387164499133 53251513 ACCEPT
avgdeg_3_008_2 19 0.16767539233231774 85093433 ACCEPT
avgdeg_3_008_3 3 0.031967829357918996 2275994 ACCEPT
avgdeg_3_008_4 9 0.07586405633759073 18789585 ACCEPT
avgdeg_3_010_0 12 0.10423736100484886 35685841 ACCEPT
avgdeg_3_010_1 16 0.15931029690562698 59077244 ACCEPT
avgdeg_3_010_3 17 0.16269415847998533 69823682 ACCEPT
avgdeg_3_010_4 19 0.1191083136738725 82898928 ACCEPT
avgdeg_5_008_0 2 0.02190932004410268 980431 ACCEPT
avgdeg_5_008_1 5 0.06173110613262272 6124907 ACCEPT
avgdeg_5_008_2 1 0.02085204372216132 265167 ACCEPT
avgdeg_5_008_3 3 0.0922684140933312 2320436 ACCEPT
avgdeg_5_008_4 5 0.07933607876673122 6482679 ACCEPT
avgdeg_5_010_0 5 0.03654520664721626 5743370 ACCEPT
avgdeg_5_010_1 10 0.11323983827995358 24020823 ACCEPT
avgdeg_5_010_2 10 0.06993400647290458 24747864 ACCEPT
avgdeg_5_010_3 16 0.1232908989270927 63074585 ACCEPT
avgdeg_5_010_4 11 0.08027546734024389 29102997 ACCEPT
bayesiannetwork_andes_008_0 9 0.07261585216789455 19023793 ACCEPT
bayesiannetwork_andes_008_1 5 0.04263545742245664 6058830 ACCEPT
bayesiannetwork_andes_008_2 17 0.14286484858752102 68238367 ACCEPT
bayesiannetwork_andes_008_3 17 0.11153029929810676 64243462 ACCEPT
bayesiannetwork_andes_008_4 6 0.08915325087730397 9120656 ACCEPT
bayesiannetwork_andes_010_3 22 0.1512876387837474 109527008 ACCEPT
bayesiannetwork_diabetes_008_0 5 0.05769096991026007 5995874 ACCEPT
bayesiannetwork_diabetes_008_1 10 0.05925317329818045 22902385 ACCEPT
bayesiannetwork_diabetes_008_2 9 0.030751120394552574 18512750 ACCEPT
bayesiannetwork_diabetes_008_3 11 0.06536172356688329 27257434 ACCEPT
bayesiannetwork_diabetes_008_4 8 0.043214851269381155 15207959 ACCEPT
bayesiannetwork_diabetes_010_0 4 0.022197956037183317 3714311 ACCEPT
bayesiannetwork_diabetes_010_1 9 0.03855591723269798 18423058 ACCEPT
bayesiannetwork_diabetes_010_2 9 0.04783272278828704 19452405 ACCEPT
bayesiannetwork_diabetes_010_3 26 0.1434559127263938 161376730 ACCEPT
bayesiannetwork_diabetes_010_4 14 0.09234858831799193 46476806 ACCEPT
bayesiannetwork_link_008_0 9 0.08265288614341551 18594762 ACCEPT
bayesiannetwork_link_008_1 13 0.11524378357148478 40145648 ACCEPT
bayesiannetwork_link_008_2 16 0.10021562885061548 56640105 ACCEPT
bayesiannetwork_link_008_3 18 0.16379544965503376 74689794 ACCEPT
bayesiannetwork_link_008_4 9 0.08951156576119362 19649837 ACCEPT
bayesiannetwork_link_010_0 17 0.20407512350056758 70341646 ACCEPT
bayesiannetwork_link_010_1 22 0.17506274046584963 119908947 ACCEPT
bayesiannetwork_link_010_3 23 0.20780187726850596 124171660 REJECT
bayesiannetwork_munin_008_1 17 0.12014421253552503 68388967 ACCEPT
bayesiannetwork_munin_008_2 7 0.08555280232946143 13039482 ACCEPT
bayesiannetwork_munin_008_3 11 0.04951820788373389 27026050 ACCEPT
bayesiannetwork_munin_008_4 16 0.1429215795722976 63190585 ACCEPT
bayesiannetwork_munin_010_0 22 0.13708175891405305 112112573 ACCEPT
bayesiannetwork_munin_010_2 16 0.17473689178472127 62004639 ACCEPT
bayesiannetwork_pigs_008_0 15 0.12834870864881 53555868 ACCEPT
bayesiannetwork_pigs_008_1 17 0.1444353743178849 66393846 ACCEPT
bayesiannetwork_pigs_008_2 6 0.08341345523318251 9245390 ACCEPT
bayesiannetwork_pigs_008_3 19 0.12133052574938176 83142808 ACCEPT
bayesiannetwork_pigs_008_4 17 0.10857943793885087 68933882 ACCEPT
bayesiannetwork_pigs_010_0 25 0.11560515753877415 149629089 ACCEPT
bayesiannetwork_pigs_010_3 21 0.20157642510866622 106092965 ACCEPT
bipartite_0.2_008_1 24 0.19654824693941464 137749199 ACCEPT
bipartite_0.2_008_2 24 0.1715929916816644 141073803 ACCEPT
bipartite_0.2_008_3 26 0.21709476047957235 164289521 REJECT
bipartite_0.2_008_4 25 0.25651062083138876 151106526 REJECT
bipartite_0.5_008_0 20 0.18644820238034293 96812156 ACCEPT
bipartite_0.5_008_1 21 0.19919876011288026 104470069 ACCEPT
bipartite_0.5_008_2 19 0.2283599260032148 85454622 REJECT
bipartite_0.5_008_3 18 0.2583429738137092 77466770 REJECT
bipartite_0.5_008_4 22 0.3614096310536422 112182650 REJECT
