numSolutions: 82 k : 2201
9 82 0.03333333333333333 0.00013550135501355014

 Thread 2 estimated dimension 0 of 9 : 0.8379355695451618  | time taken : 14.633880138397217
 Thread 5 estimated dimension 0 of 9 : 0.8934358408492743  | time taken : 15.478784799575806
 Thread 1 estimated dimension 0 of 9 : 0.8766777309065404  | time taken : 15.4942307472229
 Thread 6 estimated dimension 0 of 9 : 0.8375288409556026  | time taken : 24.878389835357666
 Thread 1 estimated dimension 1 of 9 : 0.9027870250282765  | time taken : 12.62229061126709
 Thread 5 estimated dimension 1 of 9 : 0.8953168124986901  | time taken : 15.527437448501587
 Thread 2 estimated dimension 1 of 9 : 0.9471432706430836  | time taken : 19.443326711654663
 Thread 6 estimated dimension 1 of 9 : 0.9054755161477708  | time taken : 15.618628978729248
 Thread 2 estimated dimension 2 of 9 : 0.8198896912610525  | time taken : 17.363441228866577
 Thread 6 estimated dimension 2 of 9 : 0.8226990108096102  | time taken : 18.111441373825073
 Thread 2 estimated dimension 3 of 9 : 0.8038834734003591  | time taken : 18.768408060073853
 Thread 6 estimated dimension 3 of 9 : 0.7405060980831196  | time taken : 17.37202739715576
 Thread 2 estimated dimension 4 of 9 : 0.7576937431902578  | time taken : 18.726210355758667
 Thread 6 estimated dimension 4 of 9 : 0.7815686239670646  | time taken : 32.13437581062317
 Thread 3 estimated dimension 0 of 9 : 0.18845717636707396  | time taken : 123.05577754974365
 Thread 2 estimated dimension 5 of 9 : 0.656118148103778  | time taken : 32.49803423881531
 Thread 7 estimated dimension 0 of 9 : 0.19090981552114242  | time taken : 142.29884886741638
 Thread 4 estimated dimension 0 of 9 : 0.2107387503735919  | time taken : 143.25946927070618
 Thread 3 estimated dimension 1 of 9 : 0.650438095883068  | time taken : 27.518165826797485
 Thread 3 estimated dimension 2 of 9 : 1  | time taken : 8.30861783027649
 Thread 3 estimated dimension 3 of 9 : 1  | time taken : 4.705294370651245
 Thread 4 estimated dimension 1 of 9 : 0.6865248891830383  | time taken : 26.000118732452393
 Thread 6 estimated dimension 5 of 9 : 0.3196401706590136  | time taken : 58.96344494819641
 Thread 2 estimated dimension 6 of 9 : 0.5303910631936787  | time taken : 44.71886205673218
 Thread 3 estimated dimension 4 of 9 : 1  | time taken : 8.68825101852417
 Thread 4 estimated dimension 2 of 9 : 0.9579847824111358  | time taken : 5.3219053745269775
 Thread 6 estimated dimension 6 of 9 : 0.9692841715654185  | time taken : 5.583547592163086
 Thread 4 estimated dimension 3 of 9 : 0.9759536826355617  | time taken : 7.748990774154663
 Thread 3 estimated dimension 5 of 9 : 1  | time taken : 9.00193190574646exiting with current heads : 2198 out of 2201 | exp rv: 13464.587344278105

 Thread 1 estimated dimension 2 of 9 : 0.16339156512916894  | time taken : 157.22844409942627exiting with current heads : 2199 out of 2201 | exp rv: 12430.214409889222

 Thread 5 estimated dimension 2 of 9 : 0.17698809750616412  | time taken : 156.80816459655762
 Thread 1 estimated dimension 3 of 9 : 0.9612820846421563  | time taken : 5.776832818984985
 Thread 3 estimated dimension 6 of 9 : 1  | time taken : 8.535027265548706
 Thread 5 estimated dimension 3 of 9 : 1  | time taken : 5.500823497772217
 Thread 4 estimated dimension 4 of 9 : 1  | time taken : 12.244478702545166
 Thread 1 estimated dimension 4 of 9 : 1  | time taken : 3.4894042015075684
 Thread 4 estimated dimension 5 of 9 : 0.9930452670108196  | time taken : 4.12557578086853
 Thread 5 estimated dimension 4 of 9 : 0.9898227490670004  | time taken : 8.538252830505371
 Thread 4 estimated dimension 6 of 9 : 0.9952816125226768  | time taken : 4.582967519760132
 Thread 1 estimated dimension 5 of 9 : 0.9702305979749265  | time taken : 8.668712139129639
 Thread 5 estimated dimension 5 of 9 : 0.9499079318818748  | time taken : 8.323181867599487
 Thread 1 estimated dimension 6 of 9 : 1  | time taken : 11.156194925308228
 Thread 2 estimated dimension 7 of 9 : 0.5601264476205225  | time taken : 49.04029059410095
 Thread 5 estimated dimension 6 of 9 : 0.9453681860532485  | time taken : 9.705169200897217
 Thread 6 estimated dimension 7 of 9 : 0.45620052955505846  | time taken : 54.0156569480896
 Thread 7 estimated dimension 1 of 9 : 0.3218454132322269  | time taken : 95.51548552513123
 Thread 3 estimated dimension 7 of 9 : 0.4673203965600265  | time taken : 55.38766074180603
 Thread 7 estimated dimension 2 of 9 : 0.9762246712129351  | time taken : 13.894188404083252
 Thread 7 estimated dimension 3 of 9 : 0.9963076515484909  | time taken : 11.711920738220215
 Thread 1 estimated dimension 7 of 9 : 0.46106716273376325  | time taken : 52.93272566795349
 Thread 7 estimated dimension 4 of 9 : 1  | time taken : 7.94961142539978
 Thread 4 estimated dimension 7 of 9 : 0.49237600521595576  | time taken : 69.19385004043579
 Thread 2 estimated dimension 8 of 9 : 0.4614218109256088  | time taken : 59.59298634529114
 Thread 2 nsolns: 29642
 Thread 7 estimated dimension 5 of 9 : 0.9967483864274037  | time taken : 12.527092456817627
 Thread 6 estimated dimension 8 of 9 : 0.49178446896279676  | time taken : 58.586644411087036
 Thread 6 nsolns: 31536
 Thread 5 estimated dimension 7 of 9 : 0.4923380894191074  | time taken : 65.1627357006073
 Thread 7 estimated dimension 6 of 9 : 0.9909147773485644  | time taken : 12.51728343963623
 Thread 7 estimated dimension 7 of 9 : 1  | time taken : 3.947293519973755
 Thread 3 estimated dimension 8 of 9 : 0.5027684336494185  | time taken : 56.71015405654907
 Thread 3 nsolns: 35179
 Thread 6 estimated dimension 0 of 9 : 0.7736682012919925  | time taken : 25.832862854003906
 Thread 1 estimated dimension 8 of 9 : 0.5221113481557019  | time taken : 56.731695890426636
 Thread 1 nsolns: 36204
 Thread 4 estimated dimension 8 of 9 : 0.5091916226606217  | time taken : 56.13453912734985
 Thread 4 nsolns: 33794
 Thread 5 estimated dimension 8 of 9 : 0.5309738597628529  | time taken : 49.093005418777466
 Thread 5 nsolns: 34670
 Thread 4 estimated dimension 0 of 9 : 0.8383982474438926  | time taken : 22.708804845809937
 Thread 5 estimated dimension 0 of 9 : 0.8412713903950652  | time taken : 15.347099304199219
 Thread 7 estimated dimension 8 of 9 : 0.4742183513986926  | time taken : 60.4474413394928
 Thread 7 nsolns: 35994
 Thread 4 estimated dimension 1 of 9 : 0.8967886137967542  | time taken : 11.878020286560059
 Thread 5 estimated dimension 1 of 9 : 0.9114043162955457  | time taken : 11.040768384933472
 Thread 4 estimated dimension 2 of 9 : 0.8132152410218215  | time taken : 19.481111764907837
 Thread 5 estimated dimension 2 of 9 : 0.8465489558204099  | time taken : 20.14617681503296
 Thread 2 estimated dimension 0 of 9 : 0.20932453063234083  | time taken : 122.84229636192322
 Thread 5 estimated dimension 3 of 9 : 0.7925034660847934  | time taken : 14.673715353012085
 Thread 4 estimated dimension 3 of 9 : 0.7384124089251299  | time taken : 26.175597190856934
 Thread 2 estimated dimension 1 of 9 : 0.7139450891444215  | time taken : 29.66210150718689
 Thread 4 estimated dimension 4 of 9 : 0.766272217909673  | time taken : 22.585981130599976
 Thread 2 estimated dimension 2 of 9 : 1  | time taken : 5.940729141235352
 Thread 1 estimated dimension 0 of 9 : 0.2135563114948693  | time taken : 114.97150897979736
 Thread 2 estimated dimension 3 of 9 : 1  | time taken : 11.301444292068481
 Thread 3 estimated dimension 0 of 9 : 0.21299817893380837  | time taken : 150.9503300189972
 Thread 2 estimated dimension 4 of 9 : 0.984244248099472  | time taken : 5.56211519241333
 Thread 2 estimated dimension 5 of 9 : 1  | time taken : 14.059050798416138exiting with current heads : 2148 out of 2201 | exp rv: 23976.014576082765

 Thread 6 estimated dimension 1 of 9 : 0.09175836930774169  | time taken : 162.68029308319092
 Thread 1 estimated dimension 1 of 9 : 0.6707841903669132  | time taken : 35.61815881729126
 Thread 2 estimated dimension 6 of 9 : 0.9907895793794623  | time taken : 13.496556758880615
 Thread 1 estimated dimension 2 of 9 : 0.9987955988016275  | time taken : 8.133894920349121
 Thread 6 estimated dimension 2 of 9 : 1  | time taken : 11.503891229629517
 Thread 1 estimated dimension 3 of 9 : 1  | time taken : 12.092536449432373
 Thread 6 estimated dimension 3 of 9 : 0.9991926550336353  | time taken : 9.75504732131958
 Thread 7 estimated dimension 0 of 9 : 0.21379855889655786  | time taken : 140.93283677101135
 Thread 1 estimated dimension 4 of 9 : 0.9740221685581784  | time taken : 4.729268789291382
 Thread 6 estimated dimension 4 of 9 : 0.9960345437739418  | time taken : 8.994863510131836
 Thread 5 estimated dimension 4 of 9 : 0.2632471613067831  | time taken : 106.87357592582703
 Thread 5 estimated dimension 5 of 9 : 0.9892861847737536  | time taken : 4.274214744567871
 Thread 1 estimated dimension 5 of 9 : 1  | time taken : 8.672054290771484
 Thread 6 estimated dimension 5 of 9 : 0.998148028662313  | time taken : 8.280815124511719
 Thread 5 estimated dimension 6 of 9 : 1  | time taken : 5.7418317794799805
 Thread 1 estimated dimension 6 of 9 : 1  | time taken : 5.721607208251953
 Thread 6 estimated dimension 6 of 9 : 1  | time taken : 5.798845291137695
 Thread 6 estimated dimension 7 of 9 : 0.9658525728059202  | time taken : 8.770588159561157
 Thread 2 estimated dimension 7 of 9 : 0.5228642673601674  | time taken : 54.702603340148926
 Thread 7 estimated dimension 1 of 9 : 0.6966131327605484  | time taken : 38.780505895614624
 Thread 4 estimated dimension 5 of 9 : 0.31328189715323945  | time taken : 109.68652772903442
 Thread 7 estimated dimension 2 of 9 : 0.970632711084633  | time taken : 8.898559808731079
 Thread 4 estimated dimension 6 of 9 : 1  | time taken : 8.826451539993286
 Thread 3 estimated dimension 1 of 9 : 0.3205200228153977  | time taken : 101.65196561813354
 Thread 7 estimated dimension 3 of 9 : 0.9986185534080244  | time taken : 8.999578952789307
 Thread 3 estimated dimension 2 of 9 : 0.9997034004083016  | time taken : 8.07952356338501
 Thread 7 estimated dimension 4 of 9 : 1  | time taken : 7.88619065284729
 Thread 1 estimated dimension 7 of 9 : 0.5021308022936222  | time taken : 51.183231353759766
 Thread 3 estimated dimension 3 of 9 : 0.9717014353134198  | time taken : 7.242055416107178
 Thread 5 estimated dimension 7 of 9 : 0.46860611979600053  | time taken : 53.91822266578674
 Thread 7 estimated dimension 5 of 9 : 1  | time taken : 10.54837441444397
 Thread 3 estimated dimension 4 of 9 : 1  | time taken : 16.754047870635986
 Thread 7 estimated dimension 6 of 9 : 0.9887196661026367  | time taken : 10.900228023529053
 Thread 6 estimated dimension 8 of 9 : 0.5118506340714938  | time taken : 60.108582496643066
 Thread 6 nsolns: 44385
 Thread 3 estimated dimension 5 of 9 : 1  | time taken : 9.284040689468384
 Thread 2 estimated dimension 8 of 9 : 0.49306470976956523  | time taken : 65.52478909492493
 Thread 2 nsolns: 33375
 Thread 3 estimated dimension 6 of 9 : 0.9838613254672244  | time taken : 4.956562757492065
 Thread 6 estimated dimension 0 of 9 : 0.7597592357726637  | time taken : 23.927591562271118
 Thread 3 estimated dimension 7 of 9 : 1  | time taken : 13.239251375198364
 Thread 4 estimated dimension 7 of 9 : 0.45958310676491276  | time taken : 74.06193709373474
 Thread 6 estimated dimension 1 of 9 : 0.9094160971232321  | time taken : 12.292912721633911
 Thread 1 estimated dimension 8 of 9 : 0.5516412578379184  | time taken : 61.18920612335205
 Thread 1 nsolns: 32691
 Thread 5 estimated dimension 8 of 9 : 0.5161655226766902  | time taken : 63.90115547180176
 Thread 5 nsolns: 32127
 Thread 7 estimated dimension 7 of 9 : 0.503796712658227  | time taken : 45.603474855422974
 Thread 1 estimated dimension 0 of 9 : 0.8492487359071597  | time taken : 23.49194645881653
 Thread 5 estimated dimension 0 of 9 : 0.7612076081881394  | time taken : 25.593144178390503
 Thread 6 estimated dimension 2 of 9 : 0.828800191825018  | time taken : 32.80780386924744
 Thread 1 estimated dimension 1 of 9 : 0.9203616457590788  | time taken : 17.555758953094482
 Thread 5 estimated dimension 1 of 9 : 0.9019259246365706  | time taken : 20.79862093925476
 Thread 4 estimated dimension 8 of 9 : 0.5066918833321229  | time taken : 61.51299214363098
 Thread 6 estimated dimension 3 of 9 : 0.8200908938268583  | time taken : 24.692866802215576
 Thread 4 nsolns: 31976
 Thread 3 estimated dimension 8 of 9 : 0.48993959048324504  | time taken : 78.22294974327087
 Thread 3 nsolns: 34892
 Thread 7 estimated dimension 8 of 9 : 0.4973296975290762  | time taken : 68.40580010414124
 Thread 5 estimated dimension 2 of 9 : 0.8078337145828249  | time taken : 24.634474992752075
 Thread 1 estimated dimension 2 of 9 : 0.8541572662841279  | time taken : 32.73120164871216
 Thread 7 nsolns: 33222
 Thread 4 estimated dimension 0 of 9 : 0.7518484083101971  | time taken : 26.079530000686646
 Thread 6 estimated dimension 4 of 9 : 0.7734198532682336  | time taken : 30.545536518096924
 Thread 1 estimated dimension 3 of 9 : 0.8030822557856342  | time taken : 21.180166482925415
 Thread 5 estimated dimension 3 of 9 : 0.805097030677952  | time taken : 24.63576626777649
 Thread 3 estimated dimension 0 of 9 : 0.8315472337811423  | time taken : 34.549110651016235
 Thread 7 estimated dimension 0 of 9 : 0.8186347379351447  | time taken : 29.459534645080566
 Thread 2 estimated dimension 0 of 9 : 0.21414235756312805  | time taken : 140.56312108039856
 Thread 3 estimated dimension 1 of 9 : 0.948837633309435  | time taken : 16.222838640213013
 Thread 5 estimated dimension 4 of 9 : 0.7484173374634381  | time taken : 26.478334426879883
 Thread 7 estimated dimension 1 of 9 : 0.9029767988142604  | time taken : 23.221152544021606
 Thread 2 estimated dimension 1 of 9 : 0.6911380369672626  | time taken : 32.79709434509277
 Thread 7 estimated dimension 2 of 9 : 0.8483776496010593  | time taken : 20.454922437667847
 Thread 2 estimated dimension 2 of 9 : 0.9626775585367489  | time taken : 7.7890098094940186
 Thread 2 estimated dimension 3 of 9 : 0.9742105493460398  | time taken : 4.04010272026062
 Thread 2 estimated dimension 4 of 9 : 0.9933076872520791  | time taken : 6.039843320846558
 Thread 2 estimated dimension 5 of 9 : 1  | time taken : 8.95668888092041
 Thread 2 estimated dimension 6 of 9 : 1  | time taken : 9.732852697372437
 Thread 6 estimated dimension 5 of 9 : 0.3344289682561453  | time taken : 115.14041471481323
 Thread 1 estimated dimension 4 of 9 : 0.2531663632985136  | time taken : 109.9714584350586
 Thread 6 estimated dimension 6 of 9 : 0.990443804122878  | time taken : 9.463935852050781
 Thread 1 estimated dimension 5 of 9 : 0.9971103519343315  | time taken : 8.414327144622803
 Thread 5 estimated dimension 5 of 9 : 0.3414026619698452  | time taken : 98.3655776977539
 Thread 1 estimated dimension 6 of 9 : 1  | time taken : 13.807998180389404
 Thread 2 estimated dimension 7 of 9 : 0.5402553156196002  | time taken : 45.67195987701416
 Thread 5 estimated dimension 6 of 9 : 0.9836129502055254  | time taken : 8.457646131515503exiting with current heads : 2136 out of 2201 | exp rv: 26172.021624897712

 Thread 4 estimated dimension 1 of 9 : 0.08405923056043624  | time taken : 186.6016070842743
 Thread 7 estimated dimension 3 of 9 : 0.20238702153224924  | time taken : 129.6208531856537
 Thread 4 estimated dimension 2 of 9 : 1  | time taken : 11.325013399124146
 Thread 6 estimated dimension 7 of 9 : 0.5383988411162937  | time taken : 69.37210726737976exiting with current heads : 2200 out of 2201 | exp rv: 11628.719975280621

 Thread 3 estimated dimension 2 of 9 : 0.18918677246305524  | time taken : 166.99963426589966
 Thread 2 estimated dimension 8 of 9 : 0.47911997275840673  | time taken : 52.695404291152954
 Thread 2 nsolns: 33123
 Thread 7 estimated dimension 4 of 9 : 1  | time taken : 5.2895426750183105
 Thread 5 estimated dimension 7 of 9 : 0.48909470036683034  | time taken : 51.93653631210327
 Thread 3 estimated dimension 3 of 9 : 0.9862122932484447  | time taken : 4.407480716705322
 Thread 4 estimated dimension 3 of 9 : 1  | time taken : 10.005661010742188
 Thread 7 estimated dimension 5 of 9 : 0.9877250833916333  | time taken : 5.893476724624634
 Thread 1 estimated dimension 7 of 9 : 0.5198395926399085  | time taken : 62.74281978607178
 Thread 7 estimated dimension 6 of 9 : 0.9642877205216738  | time taken : 6.142791032791138
 Thread 3 estimated dimension 4 of 9 : 0.9907700834229294  | time taken : 14.407250881195068
 Thread 4 estimated dimension 4 of 9 : 0.9971030038181609  | time taken : 15.343416213989258
 Thread 3 estimated dimension 5 of 9 : 1  | time taken : 14.201546430587769
 Thread 4 estimated dimension 5 of 9 : 1  | time taken : 12.626683473587036
 Thread 3 estimated dimension 6 of 9 : 0.9842803772798325  | time taken : 8.962143659591675
 Thread 6 estimated dimension 8 of 9 : 0.5436343822642639  | time taken : 49.88453269004822
 Thread 6 nsolns: 30522
 Thread 4 estimated dimension 6 of 9 : 1  | time taken : 14.07413649559021
 Thread 5 estimated dimension 8 of 9 : 0.5300784604839422  | time taken : 51.93913912773132
 Thread 5 nsolns: 30957
 Thread 4 estimated dimension 7 of 9 : 0.9917201258619633  | time taken : 11.8485848903656
 Thread 1 estimated dimension 8 of 9 : 0.49280698755886726  | time taken : 56.27938771247864
 Thread 1 nsolns: 32139
 Thread 7 estimated dimension 7 of 9 : 0.510993807965722  | time taken : 61.963552713394165
 Thread 3 estimated dimension 7 of 9 : 0.5691777216756406  | time taken : 43.97686004638672
 Thread 1 estimated dimension 0 of 9 : 0.8784850779093551  | time taken : 21.29185700416565
 Thread 1 estimated dimension 1 of 9 : 0.9585281900227098  | time taken : 17.52528142929077
 Thread 4 estimated dimension 8 of 9 : 0.5494320111690818  | time taken : 53.02946758270264
 Thread 4 nsolns: 46315
 Thread 7 estimated dimension 8 of 9 : 0.5348926124132671  | time taken : 44.77073907852173
 Thread 7 nsolns: 33438
 Thread 1 estimated dimension 2 of 9 : 0.8261406047300207  | time taken : 21.25465679168701
 Thread 2 estimated dimension 0 of 9 : 0.20824749059280742  | time taken : 145.0675916671753
 Thread 3 estimated dimension 8 of 9 : 0.5278188002608668  | time taken : 63.045159101486206
 Thread 1 estimated dimension 3 of 9 : 0.803849249616441  | time taken : 21.41501760482788
 Thread 3 nsolns: 33421
 Thread 3 estimated dimension 0 of 9 : 0.717690570510804  | time taken : 29.97760796546936
 Thread 1 estimated dimension 4 of 9 : 0.7483907949052956  | time taken : 30.230265140533447
 Thread 5 estimated dimension 0 of 9 : 0.2029296258051262  | time taken : 129.13617753982544
 Thread 6 estimated dimension 0 of 9 : 0.23274351345195454  | time taken : 146.4523425102234
 Thread 3 estimated dimension 1 of 9 : 0.9635181821583206  | time taken : 16.5350923538208
 Thread 3 estimated dimension 2 of 9 : 0.8348336451679242  | time taken : 19.847145080566406
 Thread 5 estimated dimension 1 of 9 : 0.6581021176860263  | time taken : 42.48136520385742
 Thread 2 estimated dimension 1 of 9 : 0.32066597724908785  | time taken : 82.57899689674377
 Thread 6 estimated dimension 1 of 9 : 0.6071467414682097  | time taken : 37.58525633811951
 Thread 2 estimated dimension 2 of 9 : 1  | time taken : 7.804662704467773
 Thread 5 estimated dimension 2 of 9 : 0.9900580411590325  | time taken : 8.920637845993042
 Thread 6 estimated dimension 2 of 9 : 0.9758165825438398  | time taken : 9.49959421157837
 Thread 5 estimated dimension 3 of 9 : 1  | time taken : 6.261924505233765
 Thread 3 estimated dimension 3 of 9 : 0.7617447169784064  | time taken : 24.976144313812256
 Thread 2 estimated dimension 3 of 9 : 1  | time taken : 8.113014459609985
 Thread 7 estimated dimension 0 of 9 : 0.22057163219083162  | time taken : 124.9635910987854
 Thread 4 estimated dimension 0 of 9 : 0.19637851200032508  | time taken : 136.96398973464966
 Thread 5 estimated dimension 4 of 9 : 1  | time taken : 9.956347465515137
 Thread 2 estimated dimension 4 of 9 : 1  | time taken : 9.184328079223633
 Thread 6 estimated dimension 3 of 9 : 1  | time taken : 14.38557505607605
 Thread 5 estimated dimension 5 of 9 : 1  | time taken : 8.424482822418213
 Thread 2 estimated dimension 5 of 9 : 0.9824533054268497  | time taken : 8.4669828414917
 Thread 6 estimated dimension 4 of 9 : 0.9813090374708958  | time taken : 9.817161321640015
 Thread 1 estimated dimension 5 of 9 : 0.35230779271148155  | time taken : 88.24037861824036
 Thread 5 estimated dimension 6 of 9 : 0.9862418380239287  | time taken : 9.028058528900146
 Thread 2 estimated dimension 6 of 9 : 0.9635131700621418  | time taken : 9.275563955307007
 Thread 1 estimated dimension 6 of 9 : 0.9862902957122822  | time taken : 6.702550172805786
 Thread 6 estimated dimension 5 of 9 : 1  | time taken : 8.983690977096558
 Thread 2 estimated dimension 7 of 9 : 1  | time taken : 14.156070470809937
 Thread 6 estimated dimension 6 of 9 : 0.9677161120900566  | time taken : 10.670543909072876
 Thread 4 estimated dimension 1 of 9 : 0.6737996581166981  | time taken : 36.49620223045349
 Thread 7 estimated dimension 1 of 9 : 0.625913585186215  | time taken : 46.58454513549805
 Thread 4 estimated dimension 2 of 9 : 1  | time taken : 8.71062159538269
 Thread 4 estimated dimension 3 of 9 : 0.9916397768969875  | time taken : 8.003044366836548
 Thread 7 estimated dimension 2 of 9 : 1  | time taken : 14.80422592163086
 Thread 4 estimated dimension 4 of 9 : 0.9733603215043809  | time taken : 6.8586039543151855
 Thread 7 estimated dimension 3 of 9 : 0.985204133375971  | time taken : 7.221454381942749
 Thread 4 estimated dimension 5 of 9 : 0.9799362924750286  | time taken : 3.9267666339874268
 Thread 7 estimated dimension 4 of 9 : 1  | time taken : 4.7295756340026855
 Thread 5 estimated dimension 7 of 9 : 0.5106003909834863  | time taken : 51.04181694984436
 Thread 1 estimated dimension 7 of 9 : 0.49789513248752465  | time taken : 48.5776002407074
 Thread 7 estimated dimension 5 of 9 : 1  | time taken : 7.9118945598602295
 Thread 4 estimated dimension 6 of 9 : 1  | time taken : 8.770495891571045
 Thread 7 estimated dimension 6 of 9 : 1  | time taken : 5.34080696105957
 Thread 2 estimated dimension 8 of 9 : 0.5041575888545217  | time taken : 49.633289098739624
 Thread 2 nsolns: 34902
 Thread 3 estimated dimension 4 of 9 : 0.2589644318035413  | time taken : 116.56596302986145
 Thread 6 estimated dimension 7 of 9 : 0.4898441494209229  | time taken : 70.25808906555176
 Thread 3 estimated dimension 5 of 9 : 0.9737934051383607  | time taken : 2.9100255966186523
 Thread 3 estimated dimension 6 of 9 : 1  | time taken : 3.1233553886413574
 Thread 2 estimated dimension 0 of 9 : 0.8377151821478848  | time taken : 31.480496406555176
 Thread 1 estimated dimension 8 of 9 : 0.5420747064072747  | time taken : 52.548760414123535
 Thread 1 nsolns: 30252
 Thread 5 estimated dimension 8 of 9 : 0.5221816935661003  | time taken : 58.611281633377075
 Thread 5 nsolns: 33499
 Thread 7 estimated dimension 7 of 9 : 0.514315884024894  | time taken : 48.09900879859924
 Thread 2 estimated dimension 1 of 9 : 0.901327284359986  | time taken : 15.108593225479126
 Thread 4 estimated dimension 7 of 9 : 0.4995110060433079  | time taken : 56.480464458465576
 Thread 1 estimated dimension 0 of 9 : 0.8567413955766807  | time taken : 16.4955472946167
 Thread 2 estimated dimension 2 of 9 : 0.8387178767864497  | time taken : 18.473482370376587
 Thread 6 estimated dimension 8 of 9 : 0.5599578555120047  | time taken : 48.24685978889465
 Thread 6 nsolns: 32602
 Thread 3 estimated dimension 7 of 9 : 0.5122842567943083  | time taken : 46.102121114730835
 Thread 2 estimated dimension 3 of 9 : 0.81296374944276  | time taken : 21.743870973587036
 Thread 6 estimated dimension 0 of 9 : 0.8296246899419722  | time taken : 21.984788417816162
 Thread 7 estimated dimension 8 of 9 : 0.46235105204216936  | time taken : 58.06684637069702
 Thread 7 nsolns: 33611
 Thread 6 estimated dimension 1 of 9 : 0.917026625990372  | time taken : 14.590947151184082
 Thread 2 estimated dimension 4 of 9 : 0.6551860878357941  | time taken : 24.59552025794983
 Thread 4 estimated dimension 8 of 9 : 0.4975364650109347  | time taken : 73.1577672958374
 Thread 4 nsolns: 34266
 Thread 6 estimated dimension 2 of 9 : 0.7919572346131327  | time taken : 18.08962917327881
 Thread 7 estimated dimension 0 of 9 : 0.781090621598327  | time taken : 24.668564319610596
 Thread 3 estimated dimension 8 of 9 : 0.5054316222899307  | time taken : 57.32441711425781
 Thread 3 nsolns: 32297
 Thread 4 estimated dimension 0 of 9 : 0.8183007011904846  | time taken : 15.783114194869995
 Thread 2 estimated dimension 5 of 9 : 0.6438865040911348  | time taken : 25.195071935653687
 Thread 7 estimated dimension 1 of 9 : 0.918926335187886  | time taken : 18.091597080230713
 Thread 4 estimated dimension 1 of 9 : 0.9255255471200234  | time taken : 18.361199140548706
 Thread 7 estimated dimension 2 of 9 : 0.8201237626653428  | time taken : 19.50985074043274
 Thread 5 estimated dimension 0 of 9 : 0.24017479747829468  | time taken : 127.62080550193787
 Thread 2 estimated dimension 6 of 9 : 0.5131067205336562  | time taken : 34.56225943565369
 Thread 5 estimated dimension 1 of 9 : 0.674217247387391  | time taken : 40.91928005218506
 Thread 5 estimated dimension 2 of 9 : 0.9939371012282119  | time taken : 5.773443698883057
 Thread 5 estimated dimension 3 of 9 : 1  | time taken : 4.302977085113525
 Thread 5 estimated dimension 4 of 9 : 0.9999241844774834  | time taken : 7.5399768352508545exiting with current heads : 2130 out of 2201 | exp rv: 26137.177932339222

 Thread 1 estimated dimension 1 of 9 : 0.08417129063034635  | time taken : 181.7177095413208
 Thread 2 estimated dimension 7 of 9 : 0.47602714417720127  | time taken : 65.89063906669617
 Thread 5 estimated dimension 5 of 9 : 0.9606360410671685  | time taken : 8.143952131271362
 Thread 1 estimated dimension 2 of 9 : 0.9931848314510832  | time taken : 7.024915933609009
 Thread 5 estimated dimension 6 of 9 : 1  | time taken : 4.301192760467529
 Thread 3 estimated dimension 0 of 9 : 0.20013853237012158  | time taken : 114.43875551223755
 Thread 1 estimated dimension 3 of 9 : 1  | time taken : 7.353697061538696
 Thread 6 estimated dimension 3 of 9 : 0.20986398182836857  | time taken : 129.5460443496704
 Thread 1 estimated dimension 4 of 9 : 0.9921847985455726  | time taken : 4.730333566665649
 Thread 6 estimated dimension 4 of 9 : 1  | time taken : 6.418616771697998
 Thread 1 estimated dimension 5 of 9 : 1  | time taken : 7.8514487743377686
 Thread 6 estimated dimension 5 of 9 : 0.9647332688106558  | time taken : 4.132190704345703
 Thread 3 estimated dimension 1 of 9 : 0.7010766706254558  | time taken : 23.06921362876892
 Thread 1 estimated dimension 6 of 9 : 1  | time taken : 4.933565855026245
 Thread 6 estimated dimension 6 of 9 : 1  | time taken : 9.165669202804565
 Thread 3 estimated dimension 2 of 9 : 1  | time taken : 8.156633138656616
 Thread 1 estimated dimension 7 of 9 : 0.9918593829991796  | time taken : 11.997218608856201
 Thread 3 estimated dimension 3 of 9 : 0.9992676950196662  | time taken : 12.044348955154419
 Thread 2 estimated dimension 8 of 9 : 0.5325073479141841  | time taken : 52.11297607421875
 Thread 2 nsolns: 30165
 Thread 5 estimated dimension 7 of 9 : 0.4861830064292703  | time taken : 54.04538369178772
 Thread 3 estimated dimension 4 of 9 : 1  | time taken : 7.068567752838135
 Thread 3 estimated dimension 5 of 9 : 0.9974790646471062  | time taken : 4.167297840118408
 Thread 7 estimated dimension 3 of 9 : 0.19938973958382636  | time taken : 139.24791622161865exiting with current heads : 2198 out of 2201 | exp rv: 13252.916231038931

 Thread 4 estimated dimension 2 of 9 : 0.16600120016208209  | time taken : 154.18362998962402
 Thread 3 estimated dimension 6 of 9 : 1  | time taken : 10.168843746185303
 Thread 7 estimated dimension 4 of 9 : 0.9882084320372961  | time taken : 9.17379379272461
 Thread 4 estimated dimension 3 of 9 : 0.9752180679360075  | time taken : 5.643908500671387
 Thread 4 estimated dimension 4 of 9 : 0.9976085179211575  | time taken : 5.238307237625122
 Thread 7 estimated dimension 5 of 9 : 1  | time taken : 8.484190702438354
 Thread 4 estimated dimension 5 of 9 : 0.9962126534681749  | time taken : 8.48249864578247
 Thread 7 estimated dimension 6 of 9 : 0.9823257735547819  | time taken : 6.7891340255737305
 Thread 4 estimated dimension 6 of 9 : 0.9625479052575873  | time taken : 3.8181910514831543
 Thread 6 estimated dimension 7 of 9 : 0.551041755161284  | time taken : 58.74987196922302
 Thread 1 estimated dimension 8 of 9 : 0.5532891316820403  | time taken : 59.847044944763184
 Thread 1 nsolns: 46012
 Thread 1 estimated dimension 0 of 9 : 0.7576616746558216  | time taken : 17.647295236587524
 Thread 3 estimated dimension 7 of 9 : 0.49773736207800867  | time taken : 48.16538906097412
 Thread 5 estimated dimension 8 of 9 : 0.5346365116955489  | time taken : 76.17646884918213
 Thread 5 nsolns: 32181
 Thread 4 estimated dimension 7 of 9 : 0.4828779603724184  | time taken : 46.83717727661133
 Thread 7 estimated dimension 7 of 9 : 0.4248027671110551  | time taken : 53.26850342750549
 Thread 6 estimated dimension 8 of 9 : 0.5196125566389445  | time taken : 50.8833065032959
 Thread 6 nsolns: 33005
 Thread 6 estimated dimension 0 of 9 : 0.7292106456279521  | time taken : 22.70617127418518
 Thread 3 estimated dimension 8 of 9 : 0.5041247587824791  | time taken : 50.44247627258301
 Thread 3 nsolns: 34230
 Thread 2 estimated dimension 0 of 9 : 0.1888070814668493  | time taken : 129.15110182762146
 Thread 6 estimated dimension 1 of 9 : 0.9052344863458089  | time taken : 15.936431169509888
 Thread 4 estimated dimension 8 of 9 : 0.48278529675871507  | time taken : 50.56520366668701
 Thread 4 nsolns: 36145
 Thread 3 estimated dimension 0 of 9 : 0.8628017600818402  | time taken : 24.404818296432495
 Thread 7 estimated dimension 8 of 9 : 0.4957705372784711  | time taken : 59.304657220840454
 Thread 7 nsolns: 34801
 Thread 6 estimated dimension 2 of 9 : 0.7917615891813168  | time taken : 18.00065803527832
 Thread 2 estimated dimension 1 of 9 : 0.6954475635502962  | time taken : 36.095765352249146
 Thread 3 estimated dimension 1 of 9 : 0.9120010150059782  | time taken : 16.085142135620117
 Thread 2 estimated dimension 2 of 9 : 0.9638862465658912  | time taken : 8.088740110397339
 Thread 6 estimated dimension 3 of 9 : 0.8024919087416722  | time taken : 19.36380934715271
 Thread 2 estimated dimension 3 of 9 : 1  | time taken : 9.021517515182495
 Thread 7 estimated dimension 0 of 9 : 0.920507215078215  | time taken : 34.881258487701416
 Thread 2 estimated dimension 4 of 9 : 1  | time taken : 5.348932981491089
 Thread 3 estimated dimension 2 of 9 : 0.8195802514085831  | time taken : 26.5732364654541
 Thread 2 estimated dimension 5 of 9 : 1  | time taken : 7.878663063049316
 Thread 6 estimated dimension 4 of 9 : 0.6884093629535831  | time taken : 27.590394020080566
 Thread 2 estimated dimension 6 of 9 : 0.9925753648700821  | time taken : 4.768798589706421
 Thread 7 estimated dimension 1 of 9 : 0.9059262602552401  | time taken : 15.345675706863403
 Thread 5 estimated dimension 0 of 9 : 0.20221983644178768  | time taken : 128.67817378044128
 Thread 6 estimated dimension 5 of 9 : 0.6437558448959433  | time taken : 25.071475982666016exiting with current heads : 2124 out of 2201 | exp rv: 25309.48584377174

 Thread 1 estimated dimension 1 of 9 : 0.08692393095537279  | time taken : 163.05673789978027
 Thread 1 estimated dimension 2 of 9 : 1  | time taken : 3.7998015880584717
 Thread 5 estimated dimension 1 of 9 : 0.6544185819931755  | time taken : 33.25847029685974
 Thread 1 estimated dimension 3 of 9 : 0.96597086919046  | time taken : 8.147745609283447
 Thread 2 estimated dimension 7 of 9 : 0.47153273063410656  | time taken : 45.23820471763611
 Thread 5 estimated dimension 2 of 9 : 1  | time taken : 4.552443504333496
 Thread 1 estimated dimension 4 of 9 : 0.9851712499954989  | time taken : 3.6060245037078857
 Thread 5 estimated dimension 3 of 9 : 1  | time taken : 9.55857253074646
 Thread 1 estimated dimension 5 of 9 : 0.98920842105121  | time taken : 11.276084899902344
 Thread 5 estimated dimension 4 of 9 : 0.9929250744377989  | time taken : 4.66100811958313
 Thread 4 estimated dimension 0 of 9 : 0.19343656556204536  | time taken : 127.52617502212524
 Thread 6 estimated dimension 6 of 9 : 0.5073813806957204  | time taken : 44.52141094207764
 Thread 1 estimated dimension 6 of 9 : 0.9983286244780214  | time taken : 12.187591075897217
 Thread 5 estimated dimension 5 of 9 : 1  | time taken : 9.432360410690308
 Thread 1 estimated dimension 7 of 9 : 1  | time taken : 9.088839292526245
 Thread 5 estimated dimension 6 of 9 : 1  | time taken : 13.17356562614441
 Thread 2 estimated dimension 8 of 9 : 0.5133017507996664  | time taken : 69.0861668586731
 Thread 2 nsolns: 34522
 Thread 3 estimated dimension 3 of 9 : 0.20329741894525408  | time taken : 128.01985692977905
 Thread 3 estimated dimension 4 of 9 : 0.9726103420077467  | time taken : 8.010468006134033
 Thread 5 estimated dimension 7 of 9 : 0.48413938906971804  | time taken : 42.123350381851196
 Thread 1 estimated dimension 8 of 9 : 0.48715553924515903  | time taken : 49.62551784515381
 Thread 1 nsolns: 46083
 Thread 3 estimated dimension 5 of 9 : 0.9739415855027193  | time taken : 8.348292350769043
 Thread 2 estimated dimension 0 of 9 : 0.9101486999862076  | time taken : 22.746408462524414
 Thread 6 estimated dimension 7 of 9 : 0.48159568406340986  | time taken : 69.29643821716309
 Thread 4 estimated dimension 1 of 9 : 0.33619474864994486  | time taken : 75.19621777534485
 Thread 3 estimated dimension 6 of 9 : 0.982909665083275  | time taken : 7.280004262924194exiting with current heads : 2200 out of 2201 | exp rv: 13007.52939266315

 Thread 7 estimated dimension 2 of 9 : 0.16913281020459597  | time taken : 152.41306805610657
 Thread 2 estimated dimension 1 of 9 : 0.9216409475327029  | time taken : 16.452343225479126
 Thread 4 estimated dimension 2 of 9 : 1  | time taken : 15.200762033462524
 Thread 7 estimated dimension 3 of 9 : 1  | time taken : 6.018254041671753
 Thread 1 estimated dimension 0 of 9 : 0.8439275608610252  | time taken : 27.905778169631958
 Thread 7 estimated dimension 4 of 9 : 1  | time taken : 4.808122396469116
 Thread 4 estimated dimension 3 of 9 : 1  | time taken : 9.77100920677185
 Thread 1 estimated dimension 1 of 9 : 0.9219576525912098  | time taken : 11.153097152709961
 Thread 7 estimated dimension 5 of 9 : 0.9823733079529339  | time taken : 7.452233076095581
 Thread 4 estimated dimension 4 of 9 : 1  | time taken : 8.607423543930054
 Thread 5 estimated dimension 8 of 9 : 0.5101056020164065  | time taken : 53.45862865447998
 Thread 5 nsolns: 34234
 Thread 7 estimated dimension 6 of 9 : 0.9962548713098234  | time taken : 12.851874113082886
 Thread 4 estimated dimension 5 of 9 : 0.980132889546591  | time taken : 12.308746337890625
 Thread 1 estimated dimension 2 of 9 : 0.8976561556675685  | time taken : 21.443220615386963
 Thread 4 estimated dimension 6 of 9 : 0.9953610890735478  | time taken : 7.753042459487915
 Thread 6 estimated dimension 8 of 9 : 0.4785832945903365  | time taken : 62.34184908866882
 Thread 6 nsolns: 31201
 Thread 4 estimated dimension 7 of 9 : 1  | time taken : 6.299194812774658
 Thread 3 estimated dimension 7 of 9 : 0.4396099173262064  | time taken : 66.452077627182
 Thread 6 estimated dimension 0 of 9 : 0.7857374543055855  | time taken : 25.490946054458618
 Thread 7 estimated dimension 7 of 9 : 0.5177686658623383  | time taken : 41.856120109558105
 Thread 6 estimated dimension 1 of 9 : 0.9237407969804621  | time taken : 13.139577865600586
 Thread 4 estimated dimension 8 of 9 : 0.45880788048956583  | time taken : 58.979435205459595
 Thread 4 nsolns: 35787
 Thread 3 estimated dimension 8 of 9 : 0.5468499679112385  | time taken : 56.55417060852051
 Thread 6 estimated dimension 2 of 9 : 0.7984914588160268  | time taken : 23.288020372390747
 Thread 3 nsolns: 33840
 Thread 4 estimated dimension 0 of 9 : 0.7788480237132314  | time taken : 18.349583387374878
 Thread 6 estimated dimension 3 of 9 : 0.7798812830565891  | time taken : 17.854828119277954
 Thread 7 estimated dimension 8 of 9 : 0.48936282852119456  | time taken : 55.81895995140076
 Thread 7 nsolns: 35510
 Thread 3 estimated dimension 0 of 9 : 0.7736007912175238  | time taken : 21.353660106658936
 Thread 5 estimated dimension 0 of 9 : 0.18278101219751852  | time taken : 110.91299796104431exiting with current heads : 2200 out of 2201 | exp rv: 12606.818830907629

 Thread 2 estimated dimension 2 of 9 : 0.17450873447997434  | time taken : 139.60003900527954
 Thread 4 estimated dimension 1 of 9 : 0.9230216022288135  | time taken : 14.277985334396362
 Thread 3 estimated dimension 1 of 9 : 0.9194386344068198  | time taken : 12.719740629196167
 Thread 2 estimated dimension 3 of 9 : 1  | time taken : 7.692896604537964
 Thread 7 estimated dimension 0 of 9 : 0.7454577774235555  | time taken : 20.461042881011963
 Thread 6 estimated dimension 4 of 9 : 0.767736283618937  | time taken : 21.244935750961304
 Thread 2 estimated dimension 4 of 9 : 1  | time taken : 7.217419624328613
 Thread 4 estimated dimension 2 of 9 : 0.8722583398867598  | time taken : 15.501542568206787
 Thread 2 estimated dimension 5 of 9 : 0.9958622981644606  | time taken : 7.715250730514526
 Thread 7 estimated dimension 1 of 9 : 0.8867372678374568  | time taken : 14.111514329910278
 Thread 3 estimated dimension 2 of 9 : 0.8162549108841975  | time taken : 18.86419701576233
 Thread 5 estimated dimension 1 of 9 : 0.6811256342395433  | time taken : 27.914267778396606
 Thread 1 estimated dimension 3 of 9 : 0.20538993222008473  | time taken : 127.83598804473877
 Thread 2 estimated dimension 6 of 9 : 1  | time taken : 10.863139390945435
 Thread 1 estimated dimension 4 of 9 : 1  | time taken : 6.89236307144165
 Thread 5 estimated dimension 2 of 9 : 0.9868660060146792  | time taken : 8.689337491989136
 Thread 4 estimated dimension 3 of 9 : 0.7497266923459396  | time taken : 19.45094633102417
 Thread 5 estimated dimension 3 of 9 : 1  | time taken : 4.123314142227173
 Thread 1 estimated dimension 5 of 9 : 1  | time taken : 4.9017274379730225
 Thread 3 estimated dimension 3 of 9 : 0.7792607547858592  | time taken : 15.979448556900024
 Thread 5 estimated dimension 4 of 9 : 1  | time taken : 6.275987386703491
 Thread 1 estimated dimension 6 of 9 : 0.9637719011113864  | time taken : 8.69713544845581
 Thread 7 estimated dimension 2 of 9 : 0.8326940339271865  | time taken : 24.519857168197632
 Thread 5 estimated dimension 5 of 9 : 1  | time taken : 7.7243616580963135
 Thread 5 estimated dimension 6 of 9 : 0.9554233854197337  | time taken : 6.02765154838562
 Thread 3 estimated dimension 4 of 9 : 0.7180268944136926  | time taken : 22.38109517097473
 Thread 4 estimated dimension 4 of 9 : 0.7202477758278073  | time taken : 28.374467611312866
 Thread 7 estimated dimension 3 of 9 : 0.8037319308135447  | time taken : 22.016140460968018
 Thread 2 estimated dimension 7 of 9 : 0.5107765080314312  | time taken : 41.670204162597656
 Thread 6 estimated dimension 5 of 9 : 0.31001941145996076  | time taken : 68.75463390350342
 Thread 6 estimated dimension 6 of 9 : 1  | time taken : 4.144900321960449
 Thread 1 estimated dimension 7 of 9 : 0.45622738613926156  | time taken : 39.69571590423584
 Thread 4 estimated dimension 5 of 9 : 0.7018344649597799  | time taken : 25.76437473297119
 Thread 5 estimated dimension 7 of 9 : 0.4444777860898838  | time taken : 47.946818590164185
 Thread 2 estimated dimension 8 of 9 : 0.47966053524332564  | time taken : 39.09603142738342
 Thread 2 nsolns: 35434
 Thread 6 estimated dimension 7 of 9 : 0.5003882519955681  | time taken : 32.99895143508911
 Thread 3 estimated dimension 5 of 9 : 0.33087983082108385  | time taken : 61.69828915596008
 Thread 1 estimated dimension 8 of 9 : 0.5173654304223967  | time taken : 42.90885543823242
 Thread 1 nsolns: 34066
 Thread 4 estimated dimension 6 of 9 : 0.47630206997216307  | time taken : 38.50604057312012
 Thread 3 estimated dimension 6 of 9 : 0.9979539751728713  | time taken : 6.915558099746704
 Thread 2 estimated dimension 0 of 9 : 0.7577788403268564  | time taken : 24.269519329071045
 Thread 7 estimated dimension 4 of 9 : 0.27809829842146067  | time taken : 72.77628016471863
 Thread 5 estimated dimension 8 of 9 : 0.5038230928080075  | time taken : 42.63585424423218
 Thread 5 nsolns: 35654
 Thread 7 estimated dimension 5 of 9 : 1  | time taken : 8.209884405136108
 Thread 2 estimated dimension 1 of 9 : 0.9194333781082368  | time taken : 15.229475975036621
 Thread 7 estimated dimension 6 of 9 : 0.979158867858427  | time taken : 4.564106464385986
 Thread 1 estimated dimension 0 of 9 : 0.7125484214314995  | time taken : 25.381285190582275
 Thread 6 estimated dimension 8 of 9 : 0.49241030303351674  | time taken : 45.417675256729126
 Thread 6 nsolns: 31652
 Thread 1 estimated dimension 1 of 9 : 0.8992667807406091  | time taken : 15.741671562194824
 Thread 2 estimated dimension 2 of 9 : 0.8683874241749205  | time taken : 17.436879634857178
 Thread 5 estimated dimension 0 of 9 : 0.7846973135215888  | time taken : 23.027372121810913
 Thread 3 estimated dimension 7 of 9 : 0.5053055900373606  | time taken : 42.67823052406311
 Thread 6 estimated dimension 0 of 9 : 0.7987574526380009  | time taken : 22.08299493789673
 Thread 4 estimated dimension 7 of 9 : 0.471535541501709  | time taken : 54.00832462310791
 Thread 1 estimated dimension 2 of 9 : 0.8386736520587552  | time taken : 14.961833953857422
 Thread 5 estimated dimension 1 of 9 : 0.9387350323838454  | time taken : 16.03123903274536
 Thread 7 estimated dimension 7 of 9 : 0.5258401330345596  | time taken : 39.306381702423096
 Thread 6 estimated dimension 1 of 9 : 0.9163755549135323  | time taken : 14.259807109832764
 Thread 1 estimated dimension 3 of 9 : 0.8282435861044769  | time taken : 14.156344413757324
 Thread 5 estimated dimension 2 of 9 : 0.8557030915292548  | time taken : 12.791228532791138
 Thread 1 estimated dimension 4 of 9 : 0.7455199338613678  | time taken : 20.946417808532715
 Thread 4 estimated dimension 8 of 9 : 0.5150076932945685  | time taken : 39.04108190536499
 Thread 5 estimated dimension 3 of 9 : 0.7857167750715881  | time taken : 20.434781551361084
 Thread 4 nsolns: 30436
 Thread 3 estimated dimension 8 of 9 : 0.5453790648277065  | time taken : 52.798651933670044
 Thread 3 nsolns: 31111
 Thread 1 estimated dimension 5 of 9 : 0.6644018474182684  | time taken : 17.289615869522095
 Thread 5 estimated dimension 4 of 9 : 0.7741919478414552  | time taken : 17.78519630432129
 Thread 7 estimated dimension 8 of 9 : 0.5319400125767687  | time taken : 48.290175676345825
 Thread 7 nsolns: 31729
 Thread 3 estimated dimension 0 of 9 : 0.7337213863209441  | time taken : 18.341449737548828
 Thread 3 estimated dimension 1 of 9 : 0.8856779398639659  | time taken : 10.349486827850342
 Thread 7 estimated dimension 0 of 9 : 0.7956583293536635  | time taken : 18.367995500564575
 Thread 5 estimated dimension 5 of 9 : 0.626604182262554  | time taken : 22.830137491226196
 Thread 2 estimated dimension 3 of 9 : 0.20832024327058685  | time taken : 96.54726552963257
 Thread 3 estimated dimension 2 of 9 : 0.7944381263205526  | time taken : 15.45326042175293
 Thread 2 estimated dimension 4 of 9 : 1  | time taken : 6.2087085247039795
 Thread 7 estimated dimension 1 of 9 : 0.9284396233689167  | time taken : 14.676562070846558
 Thread 2 estimated dimension 5 of 9 : 0.9955001104996389  | time taken : 2.631382942199707
 Thread 1 estimated dimension 6 of 9 : 0.5607479170387998  | time taken : 38.71413969993591
 Thread 2 estimated dimension 6 of 9 : 0.9783954437820931  | time taken : 3.3269827365875244
 Thread 3 estimated dimension 3 of 9 : 0.827614928105276  | time taken : 19.703639030456543
 Thread 5 estimated dimension 6 of 9 : 0.466028552808258  | time taken : 41.00394821166992exiting with current heads : 2199 out of 2201 | exp rv: 12790.286885013298

 Thread 6 estimated dimension 2 of 9 : 0.17200552417458248  | time taken : 115.4261360168457
 Thread 1 estimated dimension 7 of 9 : 0.5472446149644942  | time taken : 34.5406608581543
 Thread 3 estimated dimension 4 of 9 : 0.764543695532743  | time taken : 21.121296644210815
 Thread 6 estimated dimension 3 of 9 : 0.981770458858764  | time taken : 8.034269094467163
 Thread 4 estimated dimension 0 of 9 : 0.17047087491659116  | time taken : 98.82162690162659
 Thread 2 estimated dimension 7 of 9 : 0.5631818086754167  | time taken : 41.79520583152771
 Thread 6 estimated dimension 4 of 9 : 1  | time taken : 6.581075668334961
 Thread 6 estimated dimension 5 of 9 : 0.9940400835331056  | time taken : 7.974366664886475
 Thread 3 estimated dimension 5 of 9 : 0.7184564154997273  | time taken : 23.605830669403076
 Thread 6 estimated dimension 6 of 9 : 0.9819908321018334  | time taken : 3.6245975494384766
 Thread 1 estimated dimension 8 of 9 : 0.48116662032073443  | time taken : 41.38244915008545
 Thread 1 nsolns: 29529
 Thread 5 estimated dimension 7 of 9 : 0.5155250985806042  | time taken : 60.17205262184143
 Thread 6 estimated dimension 7 of 9 : 0.5721201338000118  | time taken : 30.532099962234497
 Thread 1 estimated dimension 0 of 9 : 0.7738642970977079  | time taken : 18.50723958015442
 Thread 2 estimated dimension 8 of 9 : 0.5176273024737253  | time taken : 55.19772481918335
 Thread 2 nsolns: 33236
 Thread 7 estimated dimension 2 of 9 : 0.16543180287865933  | time taken : 106.95115756988525
 Thread 3 estimated dimension 6 of 9 : 0.454666676011285  | time taken : 46.65673017501831
 Thread 1 estimated dimension 1 of 9 : 0.888946634730166  | time taken : 13.191655397415161
 Thread 7 estimated dimension 3 of 9 : 0.9926808872923107  | time taken : 6.278274774551392
 Thread 4 estimated dimension 1 of 9 : 0.33242976014994874  | time taken : 69.49826002120972
 Thread 2 estimated dimension 0 of 9 : 0.8297153632828775  | time taken : 11.935014724731445
 Thread 7 estimated dimension 4 of 9 : 0.963367560055491  | time taken : 3.461726665496826
 Thread 7 estimated dimension 5 of 9 : 0.9909582283729227  | time taken : 6.106646776199341
 Thread 4 estimated dimension 2 of 9 : 1  | time taken : 8.647976398468018
 Thread 4 estimated dimension 3 of 9 : 0.9433605512182152  | time taken : 3.8588707447052
 Thread 7 estimated dimension 6 of 9 : 0.970869397061727  | time taken : 4.336505651473999
 Thread 1 estimated dimension 2 of 9 : 0.8568350567172089  | time taken : 18.67121148109436
 Thread 2 estimated dimension 1 of 9 : 0.9019052122035551  | time taken : 16.420041799545288
 Thread 4 estimated dimension 4 of 9 : 1  | time taken : 8.470896482467651
 Thread 6 estimated dimension 8 of 9 : 0.48971178582549324  | time taken : 44.0245316028595
 Thread 6 nsolns: 35091
 Thread 3 estimated dimension 7 of 9 : 0.46723680886072816  | time taken : 32.06356120109558
 Thread 5 estimated dimension 8 of 9 : 0.4795640893262898  | time taken : 51.846638441085815
 Thread 5 nsolns: 30469
 Thread 4 estimated dimension 5 of 9 : 0.9820325000396609  | time taken : 5.958338499069214
 Thread 2 estimated dimension 2 of 9 : 0.8418633635466813  | time taken : 13.720046043395996
 Thread 4 estimated dimension 6 of 9 : 1  | time taken : 11.777864217758179
 Thread 6 estimated dimension 0 of 9 : 0.8222707088936309  | time taken : 16.724178552627563
 Thread 5 estimated dimension 0 of 9 : 0.7730822076665198  | time taken : 16.3864586353302
 Thread 4 estimated dimension 7 of 9 : 0.9967479343524034  | time taken : 3.5537004470825195
 Thread 2 estimated dimension 3 of 9 : 0.7738712550865284  | time taken : 15.814358949661255
 Thread 1 estimated dimension 3 of 9 : 0.7940605793426987  | time taken : 20.541892766952515
 Thread 6 estimated dimension 1 of 9 : 0.8856288333753752  | time taken : 12.961667537689209
 Thread 7 estimated dimension 7 of 9 : 0.5115939670984824  | time taken : 40.71891403198242
 Thread 5 estimated dimension 1 of 9 : 0.9177848875035155  | time taken : 15.49411416053772
 Thread 1 estimated dimension 4 of 9 : 0.7450928694148283  | time taken : 19.2301025390625
 Thread 6 estimated dimension 2 of 9 : 0.8199379648850773  | time taken : 15.63009238243103
 Thread 2 estimated dimension 4 of 9 : 0.7796881204394747  | time taken : 25.625500917434692
 Thread 3 estimated dimension 8 of 9 : 0.4916125323237522  | time taken : 48.822994232177734
 Thread 3 nsolns: 30839
 Thread 5 estimated dimension 2 of 9 : 0.828563569053448  | time taken : 18.742411375045776
 Thread 7 estimated dimension 8 of 9 : 0.5018051154590839  | time taken : 36.3956503868103
 Thread 7 nsolns: 36086
 Thread 6 estimated dimension 3 of 9 : 0.7874096850915624  | time taken : 22.521986961364746
 Thread 5 estimated dimension 3 of 9 : 0.7699226198205141  | time taken : 16.897310256958008
 Thread 4 estimated dimension 8 of 9 : 0.4866732021356227  | time taken : 52.721303939819336
 Thread 4 nsolns: 37137
 Thread 1 estimated dimension 5 of 9 : 0.6524559072093491  | time taken : 31.523277521133423
 Thread 5 estimated dimension 4 of 9 : 0.7918858992178824  | time taken : 16.542625665664673
 Thread 6 estimated dimension 4 of 9 : 0.7064137231239012  | time taken : 19.501128673553467
 Thread 4 estimated dimension 0 of 9 : 0.738736846179372  | time taken : 17.95471453666687
 Thread 2 estimated dimension 5 of 9 : 0.3655552087486434  | time taken : 63.3439736366272
 Thread 1 estimated dimension 6 of 9 : 0.520614123372056  | time taken : 45.17105150222778
 Thread 2 estimated dimension 6 of 9 : 1  | time taken : 10.064343929290771
 Thread 5 estimated dimension 5 of 9 : 0.686320941264214  | time taken : 34.92945098876953
 Thread 6 estimated dimension 5 of 9 : 0.6929918456255307  | time taken : 35.21120500564575
 Thread 3 estimated dimension 0 of 9 : 0.238575771318504  | time taken : 109.25426840782166
 Thread 6 estimated dimension 6 of 9 : 0.6034850961571556  | time taken : 35.26536798477173
 Thread 2 estimated dimension 7 of 9 : 0.49987023392060453  | time taken : 44.62008333206177
 Thread 5 estimated dimension 6 of 9 : 0.4939257985313008  | time taken : 44.43617606163025
 Thread 1 estimated dimension 7 of 9 : 0.42506369536343075  | time taken : 52.76892924308777
 Thread 3 estimated dimension 1 of 9 : 0.7027412017687729  | time taken : 26.914268493652344
 Thread 7 estimated dimension 0 of 9 : 0.1978164694234765  | time taken : 123.76185774803162
 Thread 3 estimated dimension 2 of 9 : 1  | time taken : 4.530153512954712
 Thread 3 estimated dimension 3 of 9 : 0.9785181112956215  | time taken : 4.184455633163452
 Thread 6 estimated dimension 7 of 9 : 0.46647676403022187  | time taken : 38.09530711174011
 Thread 3 estimated dimension 4 of 9 : 1  | time taken : 3.749427080154419
 Thread 2 estimated dimension 8 of 9 : 0.5177107350184571  | time taken : 33.92038679122925
 Thread 2 nsolns: 30175
 Thread 3 estimated dimension 5 of 9 : 0.9637952169972265  | time taken : 7.2018656730651855
 Thread 1 estimated dimension 8 of 9 : 0.5610918404632673  | time taken : 36.135984897613525
 Thread 1 nsolns: 30575
 Thread 5 estimated dimension 7 of 9 : 0.47722973751764514  | time taken : 43.35699391365051
 Thread 3 estimated dimension 6 of 9 : 0.9877296835455304  | time taken : 7.414387226104736
 Thread 7 estimated dimension 1 of 9 : 0.6056396754832392  | time taken : 25.28771948814392
 Thread 7 estimated dimension 2 of 9 : 1  | time taken : 4.6098761558532715
 Thread 2 estimated dimension 0 of 9 : 0.777750909342643  | time taken : 19.434332370758057
 Thread 7 estimated dimension 3 of 9 : 1  | time taken : 4.73103141784668
 Thread 7 estimated dimension 4 of 9 : 1  | time taken : 4.042455673217773
 Thread 2 estimated dimension 1 of 9 : 0.8901692581451319  | time taken : 12.588647603988647
 Thread 7 estimated dimension 5 of 9 : 0.9856511266213354  | time taken : 6.470628499984741exiting with current heads : 2130 out of 2201 | exp rv: 25360.974163575545

 Thread 4 estimated dimension 1 of 9 : 0.08674745637964211  | time taken : 146.1851236820221
 Thread 7 estimated dimension 6 of 9 : 0.9796325504085555  | time taken : 6.42187237739563
 Thread 4 estimated dimension 2 of 9 : 0.9947341501891965  | time taken : 6.316293001174927
 Thread 2 estimated dimension 2 of 9 : 0.834152741663234  | time taken : 12.671035528182983
 Thread 6 estimated dimension 8 of 9 : 0.46419799238436604  | time taken : 52.32766771316528
 Thread 6 nsolns: 30082
 Thread 5 estimated dimension 8 of 9 : 0.47504415847989606  | time taken : 43.313636779785156
 Thread 5 nsolns: 30401
 Thread 4 estimated dimension 3 of 9 : 0.9981183502464851  | time taken : 11.036590576171875
 Thread 3 estimated dimension 7 of 9 : 0.47427846401992724  | time taken : 43.65928363800049
 Thread 4 estimated dimension 4 of 9 : 1  | time taken : 4.151569843292236
 Thread 2 estimated dimension 3 of 9 : 0.7682857307474581  | time taken : 17.657339096069336
 Thread 4 estimated dimension 5 of 9 : 1  | time taken : 8.050199031829834
 Thread 7 estimated dimension 7 of 9 : 0.5506866819463763  | time taken : 32.631903409957886
 Thread 6 estimated dimension 0 of 9 : 0.7924165594837319  | time taken : 27.88815689086914
 Thread 5 estimated dimension 0 of 9 : 0.8161903683587504  | time taken : 24.7194402217865
 Thread 4 estimated dimension 6 of 9 : 0.9595083457067035  | time taken : 10.984753608703613
 Thread 4 estimated dimension 7 of 9 : 0.9723341777548564  | time taken : 9.613941431045532
 Thread 5 estimated dimension 1 of 9 : 0.9069395995557554  | time taken : 12.903512477874756
 Thread 6 estimated dimension 1 of 9 : 0.8671889386328926  | time taken : 15.721167087554932
 Thread 3 estimated dimension 8 of 9 : 0.4946591103103116  | time taken : 50.61389183998108
 Thread 3 nsolns: 32650
 Thread 6 estimated dimension 2 of 9 : 0.8410867936330656  | time taken : 14.842334270477295
 Thread 5 estimated dimension 2 of 9 : 0.8294648594080545  | time taken : 17.211384296417236
 Thread 5 estimated dimension 3 of 9 : 0.7996035484197649  | time taken : 16.085845470428467
 Thread 6 estimated dimension 3 of 9 : 0.7783946447268794  | time taken : 22.329710245132446
 Thread 1 estimated dimension 0 of 9 : 0.1870561674103552  | time taken : 123.160569190979
 Thread 3 estimated dimension 0 of 9 : 0.8012991660158821  | time taken : 24.429016828536987
 Thread 4 estimated dimension 8 of 9 : 0.5086368179081162  | time taken : 45.33017563819885
 Thread 4 nsolns: 45979
 Thread 7 estimated dimension 8 of 9 : 0.47558179482002266  | time taken : 68.57449197769165
 Thread 7 nsolns: 33974
 Thread 3 estimated dimension 1 of 9 : 0.9273282537765241  | time taken : 12.355674266815186
 Thread 6 estimated dimension 4 of 9 : 0.7607049670862176  | time taken : 16.6932110786438
 Thread 4 estimated dimension 0 of 9 : 0.7755915086544576  | time taken : 11.324367761611938
 Thread 7 estimated dimension 0 of 9 : 0.8377939072752115  | time taken : 14.823220252990723
 Thread 4 estimated dimension 1 of 9 : 0.9234810267841269  | time taken : 13.947101354598999
 Thread 3 estimated dimension 2 of 9 : 0.8578227674989016  | time taken : 17.54527997970581
 Thread 6 estimated dimension 5 of 9 : 0.677083686482699  | time taken : 22.734288692474365
 Thread 7 estimated dimension 1 of 9 : 0.916959471735965  | time taken : 12.95311689376831
 Thread 4 estimated dimension 2 of 9 : 0.819174048810029  | time taken : 17.071667909622192
 Thread 2 estimated dimension 4 of 9 : 0.24364917689459795  | time taken : 119.53503799438477
 Thread 2 estimated dimension 5 of 9 : 0.9659071393466011  | time taken : 4.832107782363892
 Thread 7 estimated dimension 2 of 9 : 0.7757035566973776  | time taken : 18.152693271636963
 Thread 2 estimated dimension 6 of 9 : 0.9792503447431853  | time taken : 7.367673397064209
 Thread 1 estimated dimension 1 of 9 : 0.35093610980615164  | time taken : 66.84072947502136
 Thread 5 estimated dimension 4 of 9 : 0.2710902491423138  | time taken : 73.47436165809631
 Thread 4 estimated dimension 3 of 9 : 0.8128270633128944  | time taken : 21.745725393295288
 Thread 5 estimated dimension 5 of 9 : 1  | time taken : 4.9129815101623535
 Thread 1 estimated dimension 2 of 9 : 1  | time taken : 10.027384519577026
 Thread 5 estimated dimension 6 of 9 : 0.9691214416156212  | time taken : 12.212246894836426
 Thread 6 estimated dimension 6 of 9 : 0.5387378127929998  | time taken : 48.05886673927307
 Thread 1 estimated dimension 3 of 9 : 1  | time taken : 11.779062271118164
 Thread 4 estimated dimension 4 of 9 : 0.6789618666802409  | time taken : 22.134556770324707
 Thread 1 estimated dimension 4 of 9 : 0.9789046052695936  | time taken : 11.8921537399292
 Thread 2 estimated dimension 7 of 9 : 0.5239042590189695  | time taken : 40.5304901599884
 Thread 1 estimated dimension 5 of 9 : 1  | time taken : 12.738746643066406
 Thread 4 estimated dimension 5 of 9 : 0.6050813247884803  | time taken : 27.73144769668579
 Thread 1 estimated dimension 6 of 9 : 0.9751093247138007  | time taken : 9.874515295028687
 Thread 5 estimated dimension 7 of 9 : 0.5235840759208714  | time taken : 40.696666955947876
 Thread 6 estimated dimension 7 of 9 : 0.5366602561910373  | time taken : 44.18115258216858
 Thread 1 estimated dimension 7 of 9 : 0.9627144720203159  | time taken : 10.740061283111572
 Thread 3 estimated dimension 3 of 9 : 0.2031712431863263  | time taken : 111.2615282535553
 Thread 3 estimated dimension 4 of 9 : 0.983289378001764  | time taken : 4.7505574226379395
 Thread 2 estimated dimension 8 of 9 : 0.48781341587769245  | time taken : 48.98315715789795
 Thread 2 nsolns: 32943
 Thread 4 estimated dimension 6 of 9 : 0.543481610695133  | time taken : 35.019047260284424
 Thread 3 estimated dimension 5 of 9 : 0.9638161146351029  | time taken : 10.747912406921387
 Thread 3 estimated dimension 6 of 9 : 0.9714829652890031  | time taken : 8.00011420249939
 Thread 6 estimated dimension 8 of 9 : 0.45770424837099  | time taken : 46.280675172805786
 Thread 6 nsolns: 29773
 Thread 5 estimated dimension 8 of 9 : 0.47517593556932536  | time taken : 52.810696601867676
 Thread 5 nsolns: 31728
 Thread 1 estimated dimension 8 of 9 : 0.5148366323780599  | time taken : 52.149954080581665
 Thread 1 nsolns: 35498exiting with current heads : 2201 out of 2201 | exp rv: 10954.1575352715

 Thread 7 estimated dimension 3 of 9 : 0.2008369875014284  | time taken : 135.20109724998474
 Thread 4 estimated dimension 7 of 9 : 0.49151869914681556  | time taken : 45.45246624946594
 Thread 7 estimated dimension 4 of 9 : 1  | time taken : 10.067559719085693
 Thread 1 estimated dimension 0 of 9 : 0.7495532236818013  | time taken : 15.765342235565186
 Thread 7 estimated dimension 5 of 9 : 0.971510195343829  | time taken : 7.030301570892334
 Thread 7 estimated dimension 6 of 9 : 0.9936061106305059  | time taken : 3.903003454208374
 Thread 3 estimated dimension 7 of 9 : 0.5380090628424621  | time taken : 49.42587471008301
 Thread 1 estimated dimension 1 of 9 : 0.9126856788324352  | time taken : 13.075831413269043
 Thread 1 estimated dimension 2 of 9 : 0.8533545076551702  | time taken : 17.51392698287964
 Thread 4 estimated dimension 8 of 9 : 0.5217472167316646  | time taken : 41.75381684303284
 Thread 4 nsolns: 30008
 Thread 7 estimated dimension 7 of 9 : 0.569735156465096  | time taken : 31.105194807052612
 Thread 1 estimated dimension 3 of 9 : 0.8237499556068997  | time taken : 12.751037359237671
 Thread 1 estimated dimension 4 of 9 : 0.7765869251542536  | time taken : 20.809260368347168
 Thread 3 estimated dimension 8 of 9 : 0.4855295944314436  | time taken : 56.1364061832428
 Thread 3 nsolns: 33689
 Thread 1 estimated dimension 5 of 9 : 0.6241942210927525  | time taken : 24.017533779144287
 Thread 7 estimated dimension 8 of 9 : 0.5325718209870264  | time taken : 52.30705904960632
 Thread 7 nsolns: 33550
 Thread 1 estimated dimension 6 of 9 : 0.5344336836067535  | time taken : 41.266430377960205
 Thread 1 estimated dimension 7 of 9 : 0.5208863240707091  | time taken : 35.74989914894104
 Thread 1 estimated dimension 8 of 9 : 0.4375236301416358  | time taken : 42.13311052322388
 Thread 1 nsolns: 30368
 estimated weights : [0.035647656007845106, 0.02509899213240696, 0.02880059027611456, 0.029034079208408926, 0.03351827514184663, 0.03289733190657209, 0.027991039653420292, 0.034863670435379905, 0.03757181154433273, 0.038602398887807, 0.032402837214078384, 0.025238952557185185, 0.03196770751434077, 0.03576217140740852, 0.03568848984925213, 0.035213608761932844, 0.02909459289660448, 0.03467262559974911, 0.0343367198605579, 0.03304179218276057, 0.04312851098278557, 0.03186900781486954, 0.039248252793095156, 0.03476847208189403, 0.035917531890269666, 0.03234387480780962, 0.03110427972645431, 0.028713551768056896, 0.02824912496788757, 0.03899766733987531, 0.04018560690651221, 0.03492807530453196, 0.03509297056686291, 0.027342629362877364, 0.023995868212841696, 0.030405806969692084, 0.03015222812587159, 0.03245087161364161, 0.02173660848667981, 0.029108913052801704, 0.029346125120152226, 0.03497531740590799, 0.03571539661736894, 0.0326330996151818, 0.02628696762160935, 0.02650705885865909, 0.02748779648977524, 0.02956121978948562, 0.03369632733975863, 0.03255283093584179, 0.03578732746437117, 0.03380491841908773, 0.027681221585374456, 0.02451044845753085, 0.028865402650291277, 0.025466920700352006, 0.03595991814585454, 0.02825249787612731, 0.03007706052602669, 0.027545619510980966, 0.03663978452267526, 0.030193098229055675, 0.03029653694736665, 0.026132514204545428, 0.030663968747011196, 0.03209042744101798, 0.031057086511243726, 0.027307348646265266, 0.031146123995983613, 0.03505416600076122, 0.02839204748308677]
