numSolutions: 82 k : 733
3 82 0.05773502691896258 0.0004065040650406504

 Thread 2 estimated dimension 0 of 3 : 0.7632001537860668  | time taken : 3.227234125137329
 Thread 1 estimated dimension 0 of 3 : 0.7196620918841821  | time taken : 3.245499610900879
 Thread 4 estimated dimension 0 of 3 : 0.7196678725353385  | time taken : 3.3528242111206055
 Thread 5 estimated dimension 0 of 3 : 0.7235402302488102  | time taken : 3.9009618759155273
 Thread 7 estimated dimension 0 of 3 : 0.7575520120053387  | time taken : 3.90860915184021
 Thread 6 estimated dimension 0 of 3 : 0.8094132191707742  | time taken : 3.949676275253296
 Thread 1 estimated dimension 1 of 3 : 0.628764542593221  | time taken : 3.6807146072387695
 Thread 2 estimated dimension 1 of 3 : 0.5980613598897591  | time taken : 4.0988123416900635
 Thread 4 estimated dimension 1 of 3 : 0.5901244746113959  | time taken : 4.240426540374756
 Thread 3 estimated dimension 0 of 3 : 0.373832324083106  | time taken : 7.627392292022705
 Thread 6 estimated dimension 1 of 3 : 0.6037619271626299  | time taken : 3.8544068336486816
 Thread 5 estimated dimension 1 of 3 : 0.5981866995414482  | time taken : 4.5441508293151855
 Thread 1 estimated dimension 2 of 3 : 0.5476603000309358  | time taken : 5.108649253845215
 Thread 1 nsolns: 3529
 Thread 4 estimated dimension 2 of 3 : 0.5772393705471182  | time taken : 4.573043346405029
 Thread 4 nsolns: 3494
 Thread 5 estimated dimension 2 of 3 : 0.5742461080726807  | time taken : 3.829105854034424
 Thread 5 nsolns: 3482
 Thread 2 estimated dimension 2 of 3 : 0.46255343009270694  | time taken : 5.160022020339966
 Thread 7 estimated dimension 1 of 3 : 0.3818708944901094  | time taken : 8.65221643447876
 Thread 2 nsolns: 3774
 Thread 6 estimated dimension 2 of 3 : 0.5719668212023948  | time taken : 4.853303670883179
 Thread 6 nsolns: 3506
 Thread 7 estimated dimension 2 of 3 : 1  | time taken : 1.6438803672790527
 Thread 7 nsolns: 3616
 Thread 3 estimated dimension 1 of 3 : 0.35563186167702054  | time taken : 6.758855104446411
 Thread 4 estimated dimension 0 of 3 : 0.7678295683181474  | time taken : 3.3548600673675537
 Thread 1 estimated dimension 0 of 3 : 0.72550370835178  | time taken : 3.779385805130005
 Thread 6 estimated dimension 0 of 3 : 0.7602826013681728  | time taken : 3.334857225418091
 Thread 3 estimated dimension 2 of 3 : 1  | time taken : 1.9330527782440186
 Thread 3 nsolns: 4779
 Thread 5 estimated dimension 0 of 3 : 0.7544598856969733  | time taken : 4.0233776569366455
 Thread 7 estimated dimension 0 of 3 : 0.7329549383036463  | time taken : 3.1884968280792236
 Thread 1 estimated dimension 1 of 3 : 0.6089564578363313  | time taken : 4.149637222290039
 Thread 2 estimated dimension 0 of 3 : 0.3559801347836034  | time taken : 7.629195690155029
 Thread 3 estimated dimension 0 of 3 : 0.7274066873197004  | time taken : 3.8956422805786133
 Thread 5 estimated dimension 1 of 3 : 0.6034810987481871  | time taken : 4.451040267944336
 Thread 4 estimated dimension 1 of 3 : 0.396227934958472  | time taken : 7.415454387664795
 Thread 6 estimated dimension 1 of 3 : 0.3837493142061759  | time taken : 6.987749338150024
 Thread 7 estimated dimension 1 of 3 : 0.3925025355922475  | time taken : 6.239974498748779
 Thread 3 estimated dimension 1 of 3 : 0.6292009657004657  | time taken : 3.902434825897217
 Thread 1 estimated dimension 2 of 3 : 0.5271514175232105  | time taken : 5.033817768096924
 Thread 1 nsolns: 3515
 Thread 6 estimated dimension 2 of 3 : 0.9744598742917117  | time taken : 2.025700569152832
 Thread 6 nsolns: 3598
 Thread 4 estimated dimension 2 of 3 : 0.9696048772425289  | time taken : 2.3242111206054688
 Thread 4 nsolns: 3545
 Thread 7 estimated dimension 2 of 3 : 0.9789958978558824  | time taken : 1.848803997039795
 Thread 7 nsolns: 3506
 Thread 5 estimated dimension 2 of 3 : 0.463431033243699  | time taken : 5.067090749740601
 Thread 5 nsolns: 3779
 Thread 2 estimated dimension 1 of 3 : 0.3481415230980891  | time taken : 8.395654439926147
 Thread 1 estimated dimension 0 of 3 : 0.7462873885066398  | time taken : 3.480165481567383
 Thread 3 estimated dimension 2 of 3 : 0.45829006131156275  | time taken : 4.548762798309326
 Thread 3 nsolns: 3794
 Thread 7 estimated dimension 0 of 3 : 0.7763696930174471  | time taken : 3.157491445541382
 Thread 4 estimated dimension 0 of 3 : 0.7581527032289359  | time taken : 3.964801549911499
 Thread 5 estimated dimension 0 of 3 : 0.702067193669308  | time taken : 4.0028603076934814
 Thread 2 estimated dimension 2 of 3 : 0.9255820640869848  | time taken : 2.0250284671783447
 Thread 2 nsolns: 4888
 Thread 1 estimated dimension 1 of 3 : 0.6420960003053902  | time taken : 3.7252535820007324
 Thread 3 estimated dimension 0 of 3 : 0.7185869397233354  | time taken : 3.667004346847534
 Thread 6 estimated dimension 0 of 3 : 0.35979979713521726  | time taken : 7.309885025024414
 Thread 7 estimated dimension 1 of 3 : 0.5771228216567161  | time taken : 4.659006595611572
 Thread 4 estimated dimension 1 of 3 : 0.5713113172445524  | time taken : 4.678691625595093
 Thread 2 estimated dimension 0 of 3 : 0.7286332300101832  | time taken : 3.3580572605133057
 Thread 6 estimated dimension 1 of 3 : 0.6244264261017406  | time taken : 3.8013250827789307
 Thread 1 estimated dimension 2 of 3 : 0.46497245822103533  | time taken : 4.86370587348938
 Thread 1 nsolns: 3767
 Thread 7 estimated dimension 2 of 3 : 0.5583309902118653  | time taken : 4.502721309661865
 Thread 7 nsolns: 3488
 Thread 5 estimated dimension 1 of 3 : 0.3993492325296779  | time taken : 8.398193120956421
 Thread 4 estimated dimension 2 of 3 : 0.4496237311718528  | time taken : 5.49718451499939
 Thread 4 nsolns: 3795
 Thread 3 estimated dimension 1 of 3 : 0.4087083620142903  | time taken : 7.5094664096832275
 Thread 5 estimated dimension 2 of 3 : 0.9053079253437565  | time taken : 1.8299932479858398
 Thread 5 nsolns: 3553
 Thread 1 estimated dimension 0 of 3 : 0.7394231313861632  | time taken : 3.2091987133026123
 Thread 6 estimated dimension 2 of 3 : 0.4676111645572433  | time taken : 4.853651285171509
 Thread 6 nsolns: 4753
 Thread 7 estimated dimension 0 of 3 : 0.7201336795423019  | time taken : 3.386028528213501
 Thread 2 estimated dimension 1 of 3 : 0.40394279706406805  | time taken : 7.618784189224243
 Thread 3 estimated dimension 2 of 3 : 1  | time taken : 2.4239139556884766
 Thread 3 nsolns: 3521
 Thread 4 estimated dimension 0 of 3 : 0.7543042339820198  | time taken : 3.153315782546997
 Thread 5 estimated dimension 0 of 3 : 0.7245477415766448  | time taken : 3.6575260162353516
 Thread 2 estimated dimension 2 of 3 : 0.9883781863057072  | time taken : 2.3361783027648926
 Thread 2 nsolns: 3520
 Thread 6 estimated dimension 0 of 3 : 0.7419446483932243  | time taken : 3.7064008712768555
 Thread 5 estimated dimension 1 of 3 : 0.5846414071898637  | time taken : 3.6750543117523193
 Thread 2 estimated dimension 0 of 3 : 0.7636575984219577  | time taken : 3.845569372177124
 Thread 7 estimated dimension 1 of 3 : 0.40829354817979446  | time taken : 6.570960998535156
 Thread 1 estimated dimension 1 of 3 : 0.358897905049118  | time taken : 8.026927709579468
 Thread 3 estimated dimension 0 of 3 : 0.36584426340292575  | time taken : 6.5799126625061035
 Thread 6 estimated dimension 1 of 3 : 0.6292717885257824  | time taken : 4.404867649078369
 Thread 7 estimated dimension 2 of 3 : 0.9934241669949997  | time taken : 1.877216100692749
 Thread 7 nsolns: 3510
 Thread 1 estimated dimension 2 of 3 : 0.9815576678112301  | time taken : 2.4173362255096436
 Thread 1 nsolns: 3718
 Thread 5 estimated dimension 2 of 3 : 0.5870276421716737  | time taken : 3.9072670936584473
 Thread 5 nsolns: 3485
 Thread 4 estimated dimension 1 of 3 : 0.38536559720175845  | time taken : 9.17691159248352
 Thread 3 estimated dimension 1 of 3 : 0.6639727994538512  | time taken : 4.002436399459839
 Thread 4 estimated dimension 2 of 3 : 0.9610144259528027  | time taken : 1.8758010864257812
 Thread 4 nsolns: 3613
 Thread 7 estimated dimension 0 of 3 : 0.7432200831521986  | time taken : 4.14073371887207
 Thread 6 estimated dimension 2 of 3 : 0.46835102843408294  | time taken : 5.173418283462524
 Thread 6 nsolns: 3788
 Thread 5 estimated dimension 0 of 3 : 0.7721189293543969  | time taken : 3.0893988609313965
 Thread 2 estimated dimension 1 of 3 : 0.3784984328735301  | time taken : 8.086974382400513
 Thread 4 estimated dimension 0 of 3 : 0.7536180084177219  | time taken : 3.3297770023345947
 Thread 3 estimated dimension 2 of 3 : 0.49683446041112733  | time taken : 4.8665611743927
 Thread 3 nsolns: 4701
 Thread 1 estimated dimension 0 of 3 : 0.36497968988637763  | time taken : 7.13946008682251
 Thread 2 estimated dimension 2 of 3 : 0.9965359623188597  | time taken : 2.197434902191162
 Thread 2 nsolns: 3614
 Thread 6 estimated dimension 0 of 3 : 0.7773264053520145  | time taken : 3.8648831844329834
 Thread 5 estimated dimension 1 of 3 : 0.3961475702459523  | time taken : 7.277535676956177
 Thread 3 estimated dimension 0 of 3 : 0.7709618218444623  | time taken : 3.980647563934326
 Thread 7 estimated dimension 1 of 3 : 0.4054087493394075  | time taken : 8.005788326263428
 Thread 5 estimated dimension 2 of 3 : 0.9620138125627747  | time taken : 1.9020640850067139
 Thread 5 nsolns: 3538
 Thread 7 estimated dimension 2 of 3 : 1  | time taken : 1.830221176147461
 Thread 7 nsolns: 3538
 Thread 6 estimated dimension 1 of 3 : 0.39964168904380476  | time taken : 6.288408041000366
 Thread 4 estimated dimension 1 of 3 : 0.39163791746442256  | time taken : 7.8763697147369385
 Thread 2 estimated dimension 0 of 3 : 0.3670103011633064  | time taken : 7.140483379364014
 Thread 6 estimated dimension 2 of 3 : 0.9917697691956494  | time taken : 2.0039212703704834
 Thread 6 nsolns: 3521
 Thread 4 estimated dimension 2 of 3 : 0.9785049079725125  | time taken : 1.777484655380249
 Thread 1 estimated dimension 1 of 3 : 0.3494481015844238  | time taken : 8.916684627532959
 Thread 4 nsolns: 3562
 Thread 5 estimated dimension 0 of 3 : 0.7302104940607388  | time taken : 3.30635404586792
 Thread 7 estimated dimension 0 of 3 : 0.7455619363192001  | time taken : 3.9159162044525146
 Thread 3 estimated dimension 1 of 3 : 0.4109199461595886  | time taken : 6.872312068939209
 Thread 1 estimated dimension 2 of 3 : 0.9085022091540451  | time taken : 2.1111435890197754
 Thread 1 nsolns: 4859
 Thread 6 estimated dimension 0 of 3 : 0.7327752096204009  | time taken : 3.341662883758545
 Thread 4 estimated dimension 0 of 3 : 0.7777010769034848  | time taken : 3.8392298221588135
 Thread 3 estimated dimension 2 of 3 : 0.9736624442764897  | time taken : 2.0536704063415527
 Thread 3 nsolns: 3501
 Thread 5 estimated dimension 1 of 3 : 0.5926270318585  | time taken : 3.929337739944458
 Thread 7 estimated dimension 1 of 3 : 0.5985378131827391  | time taken : 4.455063819885254
 Thread 1 estimated dimension 0 of 3 : 0.7367877861698405  | time taken : 3.4184021949768066
 Thread 2 estimated dimension 1 of 3 : 0.34946812852114445  | time taken : 7.513173818588257
 Thread 3 estimated dimension 0 of 3 : 0.7272600712464402  | time taken : 3.7216291427612305
 Thread 2 estimated dimension 2 of 3 : 1  | time taken : 1.9264154434204102
 Thread 2 nsolns: 4736
 Thread 4 estimated dimension 1 of 3 : 0.6282822110532663  | time taken : 4.366925477981567
 Thread 7 estimated dimension 2 of 3 : 0.5686935242577604  | time taken : 3.6070241928100586
 Thread 7 nsolns: 3488
 Thread 5 estimated dimension 2 of 3 : 0.45032793549272687  | time taken : 5.5809760093688965
 Thread 5 nsolns: 3798
 Thread 1 estimated dimension 1 of 3 : 0.6114603013452117  | time taken : 4.568968296051025
 Thread 2 estimated dimension 0 of 3 : 0.7265728494091735  | time taken : 3.0183515548706055
 Thread 6 estimated dimension 1 of 3 : 0.4010430995011237  | time taken : 8.744568347930908
 Thread 7 estimated dimension 0 of 3 : 0.7502114463820286  | time taken : 3.7140398025512695
 Thread 4 estimated dimension 2 of 3 : 0.45632260962698135  | time taken : 5.226589202880859
 Thread 4 nsolns: 3762
 Thread 3 estimated dimension 1 of 3 : 0.39579254203956  | time taken : 5.9882729053497314
 Thread 6 estimated dimension 2 of 3 : 1  | time taken : 2.0727322101593018
 Thread 6 nsolns: 3566
 Thread 1 estimated dimension 2 of 3 : 0.4729445257389397  | time taken : 5.307971715927124
 Thread 1 nsolns: 3802
 Thread 3 estimated dimension 2 of 3 : 1  | time taken : 2.147489547729492
 Thread 3 nsolns: 3586
 Thread 5 estimated dimension 0 of 3 : 0.36906626578748786  | time taken : 7.1709771156311035
 Thread 6 estimated dimension 0 of 3 : 0.7320780226271781  | time taken : 3.114931344985962
 Thread 4 estimated dimension 0 of 3 : 0.7354579762291432  | time taken : 3.8957555294036865
 Thread 7 estimated dimension 1 of 3 : 0.608275328102047  | time taken : 4.7913689613342285
 Thread 1 estimated dimension 0 of 3 : 0.7314907883173014  | time taken : 3.097665309906006
 Thread 2 estimated dimension 1 of 3 : 0.40124422485369987  | time taken : 7.828184604644775
 Thread 3 estimated dimension 0 of 3 : 0.7465536740841962  | time taken : 3.6885933876037598
 Thread 2 estimated dimension 2 of 3 : 1  | time taken : 2.1135756969451904
 Thread 2 nsolns: 3589
 Thread 4 estimated dimension 1 of 3 : 0.59198533021481  | time taken : 4.503332853317261
 Thread 7 estimated dimension 2 of 3 : 0.5300595305774382  | time taken : 4.835404872894287
 Thread 7 nsolns: 3503
 Thread 3 estimated dimension 1 of 3 : 0.5983214032745587  | time taken : 3.950981855392456
 Thread 5 estimated dimension 1 of 3 : 0.33563796841037635  | time taken : 7.135677337646484
 Thread 2 estimated dimension 0 of 3 : 0.7901543503502116  | time taken : 3.5549814701080322
 Thread 6 estimated dimension 1 of 3 : 0.3877223622821393  | time taken : 8.15826940536499
 Thread 5 estimated dimension 2 of 3 : 0.9763303957901135  | time taken : 1.757352352142334
 Thread 5 nsolns: 4883
 Thread 1 estimated dimension 1 of 3 : 0.4031323894586122  | time taken : 7.296120882034302
 Thread 7 estimated dimension 0 of 3 : 0.765587409278554  | time taken : 3.233215093612671
 Thread 4 estimated dimension 2 of 3 : 0.5572872456641885  | time taken : 4.737809658050537
 Thread 4 nsolns: 3489
 Thread 6 estimated dimension 2 of 3 : 1  | time taken : 2.0885260105133057
 Thread 6 nsolns: 3574
 Thread 3 estimated dimension 2 of 3 : 0.567363214746526  | time taken : 4.300047874450684
 Thread 3 nsolns: 3474
 Thread 1 estimated dimension 2 of 3 : 1  | time taken : 2.1200311183929443
 Thread 1 nsolns: 3575
 Thread 2 estimated dimension 1 of 3 : 0.6160028990086189  | time taken : 4.702419757843018
 Thread 5 estimated dimension 0 of 3 : 0.80298348565931  | time taken : 3.6736373901367188
 Thread 7 estimated dimension 1 of 3 : 0.6437138797837838  | time taken : 3.9370930194854736
 Thread 6 estimated dimension 0 of 3 : 0.7317194048295688  | time taken : 3.2707178592681885
 Thread 3 estimated dimension 0 of 3 : 0.7327009611132331  | time taken : 3.2538950443267822
 Thread 1 estimated dimension 0 of 3 : 0.737186794958062  | time taken : 4.0630059242248535
 Thread 5 estimated dimension 1 of 3 : 0.584377264486652  | time taken : 4.247684001922607
 Thread 2 estimated dimension 2 of 3 : 0.5421741260509495  | time taken : 4.57050633430481
 Thread 2 nsolns: 3488
 Thread 4 estimated dimension 0 of 3 : 0.352968147735442  | time taken : 7.431945085525513
 Thread 7 estimated dimension 2 of 3 : 0.5720962255077989  | time taken : 4.558738946914673
 Thread 7 nsolns: 3489
 Thread 3 estimated dimension 1 of 3 : 0.6479439019147484  | time taken : 4.127722501754761
 Thread 6 estimated dimension 1 of 3 : 0.5930036792505344  | time taken : 4.544134616851807
 Thread 1 estimated dimension 1 of 3 : 0.5784240008621  | time taken : 3.925236225128174
 Thread 2 estimated dimension 0 of 3 : 0.7763563252060216  | time taken : 3.293348550796509
 Thread 5 estimated dimension 2 of 3 : 0.5613097366755897  | time taken : 3.7588894367218018
 Thread 5 nsolns: 3483
 Thread 7 estimated dimension 0 of 3 : 0.7153208872584097  | time taken : 3.9677059650421143
 Thread 3 estimated dimension 2 of 3 : 0.5557908929190819  | time taken : 4.8897881507873535
 Thread 3 nsolns: 3480
 Thread 6 estimated dimension 2 of 3 : 0.5416624319278007  | time taken : 5.077704429626465
 Thread 6 nsolns: 3495
 Thread 1 estimated dimension 2 of 3 : 0.5639009397981696  | time taken : 4.729734897613525
 Thread 1 nsolns: 3502
 Thread 2 estimated dimension 1 of 3 : 0.4154610401314353  | time taken : 5.825089693069458
 Thread 3 estimated dimension 0 of 3 : 0.7762400629329955  | time taken : 3.208143472671509
 Thread 6 estimated dimension 0 of 3 : 0.7521879390189556  | time taken : 3.07088303565979
 Thread 4 estimated dimension 1 of 3 : 0.3523644030573959  | time taken : 9.883310079574585
 Thread 5 estimated dimension 0 of 3 : 0.36858414266283773  | time taken : 6.844043254852295
 Thread 1 estimated dimension 0 of 3 : 0.7365414330596465  | time taken : 3.5330729484558105
 Thread 2 estimated dimension 2 of 3 : 0.9751424512709951  | time taken : 2.3908281326293945
 Thread 2 nsolns: 3461
 Thread 4 estimated dimension 2 of 3 : 1  | time taken : 1.8448193073272705
 Thread 4 nsolns: 4808
 Thread 7 estimated dimension 1 of 3 : 0.4025985796526317  | time taken : 7.4242963790893555
 Thread 7 estimated dimension 2 of 3 : 1  | time taken : 2.131596803665161
 Thread 7 nsolns: 3492
 Thread 6 estimated dimension 1 of 3 : 0.6329215977266752  | time taken : 4.532821178436279
 Thread 5 estimated dimension 1 of 3 : 0.6794217547963617  | time taken : 3.74432373046875
 Thread 2 estimated dimension 0 of 3 : 0.7361735477626953  | time taken : 3.2011823654174805
 Thread 4 estimated dimension 0 of 3 : 0.7292338951396501  | time taken : 3.890316963195801
 Thread 7 estimated dimension 0 of 3 : 0.7472191092182562  | time taken : 3.7982027530670166
 Thread 3 estimated dimension 1 of 3 : 0.37244079261265745  | time taken : 8.88687014579773
 Thread 6 estimated dimension 2 of 3 : 0.45832128253535126  | time taken : 4.551100492477417
 Thread 6 nsolns: 3768
 Thread 1 estimated dimension 1 of 3 : 0.3851521708351066  | time taken : 8.206949472427368
 Thread 2 estimated dimension 1 of 3 : 0.5916903109673362  | time taken : 4.004313945770264
 Thread 5 estimated dimension 2 of 3 : 0.4630932797578048  | time taken : 4.71952748298645
 Thread 5 nsolns: 4710
 Thread 3 estimated dimension 2 of 3 : 0.9997378284542405  | time taken : 2.0248727798461914
 Thread 3 nsolns: 3724
 Thread 1 estimated dimension 2 of 3 : 1  | time taken : 1.904097557067871
 Thread 1 nsolns: 3593
 Thread 5 estimated dimension 0 of 3 : 0.7596653219235264  | time taken : 2.949018955230713
 Thread 6 estimated dimension 0 of 3 : 0.7431717355486074  | time taken : 3.283172369003296
 Thread 4 estimated dimension 1 of 3 : 0.4126626640730031  | time taken : 6.89896821975708
 Thread 2 estimated dimension 2 of 3 : 0.45741471832762925  | time taken : 5.520243883132935
 Thread 3 estimated dimension 0 of 3 : 0.7267815452887836  | time taken : 3.8030998706817627
 Thread 2 nsolns: 3777
 Thread 1 estimated dimension 0 of 3 : 0.7685073650401917  | time taken : 3.6944363117218018
 Thread 4 estimated dimension 2 of 3 : 0.9748797997566969  | time taken : 1.821150302886963
 Thread 4 nsolns: 3565
 Thread 7 estimated dimension 1 of 3 : 0.3956977824321309  | time taken : 7.626598834991455
 Thread 7 estimated dimension 2 of 3 : 0.9776920851952219  | time taken : 2.086076259613037
 Thread 7 nsolns: 3544
 Thread 2 estimated dimension 0 of 3 : 0.7568715583994736  | time taken : 3.5417513847351074
 Thread 6 estimated dimension 1 of 3 : 0.41208926406493307  | time taken : 5.961453437805176
 Thread 3 estimated dimension 1 of 3 : 0.6071398650091632  | time taken : 3.705029249191284
 Thread 4 estimated dimension 0 of 3 : 0.7494373581706196  | time taken : 3.6956701278686523
 Thread 1 estimated dimension 1 of 3 : 0.5887891874840752  | time taken : 4.503846645355225
 Thread 5 estimated dimension 1 of 3 : 0.38905552047387626  | time taken : 7.6862633228302
 Thread 6 estimated dimension 2 of 3 : 1  | time taken : 2.0946760177612305
 Thread 5 estimated dimension 2 of 3 : 0.9866329337386289  | time taken : 1.652980089187622
 Thread 6 nsolns: 3540
 Thread 5 nsolns: 3566
 Thread 4 estimated dimension 1 of 3 : 0.5943208376023058  | time taken : 4.168424844741821
 Thread 3 estimated dimension 2 of 3 : 0.4678304959404672  | time taken : 4.4642932415008545
 Thread 3 nsolns: 3761
 Thread 1 estimated dimension 2 of 3 : 0.47231641481688835  | time taken : 4.1657469272613525
 Thread 1 nsolns: 3788
 Thread 2 estimated dimension 1 of 3 : 0.3944128834529663  | time taken : 5.818584680557251
 Thread 2 estimated dimension 2 of 3 : 1  | time taken : 0.6833705902099609
 Thread 2 nsolns: 3557
 Thread 4 estimated dimension 2 of 3 : 0.5672229802170995  | time taken : 2.0144054889678955
 Thread 4 nsolns: 3490
 Thread 1 estimated dimension 0 of 3 : 0.7730209850228761  | time taken : 1.192143440246582
 Thread 1 estimated dimension 1 of 3 : 0.4013925089149361  | time taken : 1.2487540245056152
 Thread 1 estimated dimension 2 of 3 : 1  | time taken : 0.4203681945800781
 Thread 1 nsolns: 3543
 estimated weights : [0.2478151937431822, 0.24514988087117004, 0.248540688252708, 0.21112812901103006, 0.27951611602197907, 0.2892870644472608, 0.13294668536872228, 0.23289558502615784, 0.284306392749072, 0.2949882481478477, 0.2816440715199124, 0.2110012064209414, 0.2097524821828041, 0.11470874239829978, 0.222809290771854, 0.2501661563740981, 0.1947505712603048, 0.25382117848045516, 0.10505749959641485, 0.293692491099186, 0.2909055413420072, 0.2920924697351879, 0.26048323439711074, 0.24866526802202968, 0.27935046181570355, 0.21866599304539586, 0.1206863766212444, 0.2880419477036588, 0.29425408725860946, 0.30130792439466325, 0.3080952996041588, 0.2888012101171721, 0.11587169793948664, 0.3084597581098734, 0.1282584030955223, 0.25377778535050416, 0.1948760265948723, 0.22296641511928866, 0.29387444130375123, 0.21306930380303016, 0.28784411232250007, 0.29153315976092786, 0.24188477615061155, 0.12094063502054912, 0.24263190654774217, 0.2838430203078469, 0.25342925717105313, 0.29488762936131757, 0.2638964084563325, 0.2819400279428297, 0.2633919517252234, 0.2638612371397146, 0.2350339912513175, 0.24045104600435505, 0.3145281082832181, 0.12437341067507375, 0.287987173206096, 0.21819575930859178, 0.11596971085211634, 0.2890276695943449, 0.2836805318529232, 0.1992437930292854, 0.2933682402821794, 0.28907709765240097, 0.30625309357608466, 0.29160132421023766, 0.206433972040705, 0.21371790053107093, 0.2985198937518766, 0.25264465397432967, 0.3102848326222275]
