numSolutions: 82 k : 1212
5 82 0.044721359549995794 0.00024390243902439024

 Thread 4 estimated dimension 0 of 5 : 0.49798926212046163  | time taken : 3.9512486457824707
 Thread 1 estimated dimension 0 of 5 : 0.5074976246387723  | time taken : 4.512727737426758
 Thread 7 estimated dimension 0 of 5 : 0.5157702011297086  | time taken : 4.8290910720825195
 Thread 6 estimated dimension 0 of 5 : 0.49847663066710596  | time taken : 5.218263864517212
 Thread 2 estimated dimension 0 of 5 : 0.48664668450907944  | time taken : 5.013865232467651
 Thread 2 estimated dimension 1 of 5 : 1  | time taken : 0.5774757862091064
 Thread 3 estimated dimension 0 of 5 : 0.5015823791717235  | time taken : 5.797339200973511
 Thread 6 estimated dimension 1 of 5 : 0.9591882086900658  | time taken : 0.8171787261962891
 Thread 5 estimated dimension 0 of 5 : 0.5140516676494121  | time taken : 5.963381767272949
 Thread 3 estimated dimension 1 of 5 : 0.9647425661272312  | time taken : 0.45072364807128906
 Thread 5 estimated dimension 1 of 5 : 0.9993060887661013  | time taken : 0.8221151828765869
 Thread 4 estimated dimension 1 of 5 : 0.6151392772037999  | time taken : 4.862788677215576
 Thread 7 estimated dimension 1 of 5 : 0.6183566612148467  | time taken : 5.738671541213989
 Thread 4 estimated dimension 2 of 5 : 1  | time taken : 1.3693926334381104
 Thread 7 estimated dimension 2 of 5 : 0.9881620883244838  | time taken : 1.1511306762695312
 Thread 1 estimated dimension 1 of 5 : 0.3648803268225537  | time taken : 11.192045211791992
 Thread 1 estimated dimension 2 of 5 : 0.9671113274713776  | time taken : 0.8392009735107422
 Thread 2 estimated dimension 2 of 5 : 0.36966897392609743  | time taken : 11.879562377929688
 Thread 6 estimated dimension 2 of 5 : 0.37635281943916904  | time taken : 11.83352017402649
 Thread 1 estimated dimension 3 of 5 : 0.9750951112035767  | time taken : 0.9421427249908447
 Thread 3 estimated dimension 2 of 5 : 0.36626973098085785  | time taken : 12.069424390792847
 Thread 6 estimated dimension 3 of 5 : 0.975610144512283  | time taken : 0.5610744953155518
 Thread 2 estimated dimension 3 of 5 : 0.9949636877567029  | time taken : 0.5750796794891357
 Thread 5 estimated dimension 2 of 5 : 0.3686431146693068  | time taken : 11.885936498641968
 Thread 3 estimated dimension 3 of 5 : 1  | time taken : 1.225792646408081
 Thread 4 estimated dimension 3 of 5 : 0.5080380454120957  | time taken : 9.280465841293335
 Thread 5 estimated dimension 3 of 5 : 0.9633975348587424  | time taken : 1.3798332214355469
 Thread 7 estimated dimension 3 of 5 : 0.5097266798328364  | time taken : 9.129875659942627
 Thread 2 estimated dimension 4 of 5 : 0.5203744541150266  | time taken : 7.342253684997559
 Thread 2 nsolns: 10492
 Thread 1 estimated dimension 4 of 5 : 0.5184925860979519  | time taken : 7.947725296020508
 Thread 1 nsolns: 10327
 Thread 6 estimated dimension 4 of 5 : 0.47988434501278027  | time taken : 9.273354291915894
 Thread 6 nsolns: 10648
 Thread 5 estimated dimension 4 of 5 : 0.4889683283585066  | time taken : 7.556807518005371
 Thread 5 nsolns: 10492
 Thread 4 estimated dimension 4 of 5 : 0.48213922869089565  | time taken : 8.551417589187622
 Thread 4 nsolns: 10444
 Thread 3 estimated dimension 4 of 5 : 0.47706105393595943  | time taken : 9.81407618522644
 Thread 3 nsolns: 10648
 Thread 7 estimated dimension 4 of 5 : 0.4714739694175002  | time taken : 9.20718765258789
 Thread 7 nsolns: 10444
 Thread 2 estimated dimension 0 of 5 : 0.5020309057933967  | time taken : 6.5131707191467285
 Thread 1 estimated dimension 0 of 5 : 0.49130356699396777  | time taken : 7.689640045166016
 Thread 6 estimated dimension 0 of 5 : 0.513464074603323  | time taken : 7.453301429748535
 Thread 1 estimated dimension 1 of 5 : 1  | time taken : 0.9630308151245117
 Thread 4 estimated dimension 0 of 5 : 0.5154213544577871  | time taken : 9.645447492599487
 Thread 5 estimated dimension 0 of 5 : 0.4951425580120479  | time taken : 10.701365947723389
 Thread 3 estimated dimension 0 of 5 : 0.5061284879250408  | time taken : 9.640742540359497
 Thread 7 estimated dimension 0 of 5 : 0.48532240977250024  | time taken : 11.574701070785522
 Thread 2 estimated dimension 1 of 5 : 0.6126369112213327  | time taken : 9.833382606506348
 Thread 7 estimated dimension 1 of 5 : 0.9667399432971355  | time taken : 1.0627779960632324
 Thread 2 estimated dimension 2 of 5 : 0.9315551501014039  | time taken : 0.4451587200164795
 Thread 3 estimated dimension 1 of 5 : 0.620238980373313  | time taken : 6.016555309295654
 Thread 3 estimated dimension 2 of 5 : 1  | time taken : 1.0317339897155762
 Thread 7 estimated dimension 2 of 5 : 0.6258022471814365  | time taken : 4.880470275878906
 Thread 6 estimated dimension 1 of 5 : 0.3862658266248944  | time taken : 15.646910667419434
 Thread 4 estimated dimension 1 of 5 : 0.3800460172139256  | time taken : 13.020773887634277
 Thread 1 estimated dimension 2 of 5 : 0.3683458791307257  | time taken : 13.12428092956543
 Thread 5 estimated dimension 1 of 5 : 0.37622601809152867  | time taken : 12.421905994415283
 Thread 2 estimated dimension 3 of 5 : 0.4985487384839105  | time taken : 8.632947444915771
 Thread 6 estimated dimension 2 of 5 : 0.92759407058457  | time taken : 1.1828768253326416
 Thread 1 estimated dimension 3 of 5 : 0.9905656776418582  | time taken : 0.4540386199951172
 Thread 5 estimated dimension 2 of 5 : 0.983800855168354  | time taken : 0.9401438236236572
 Thread 4 estimated dimension 2 of 5 : 1  | time taken : 1.1909935474395752
 Thread 6 estimated dimension 3 of 5 : 0.9993518120083023  | time taken : 1.0340895652770996
 Thread 5 estimated dimension 3 of 5 : 1  | time taken : 1.0260870456695557
 Thread 4 estimated dimension 3 of 5 : 1  | time taken : 1.0323169231414795
 Thread 3 estimated dimension 3 of 5 : 0.5044698463209419  | time taken : 8.911572217941284
 Thread 7 estimated dimension 3 of 5 : 0.48897837276159123  | time taken : 7.790978908538818
 Thread 2 estimated dimension 4 of 5 : 0.48700746518318694  | time taken : 8.72836947441101
 Thread 2 nsolns: 10444
 Thread 4 estimated dimension 4 of 5 : 0.5076069918734594  | time taken : 7.3502233028411865
 Thread 1 estimated dimension 4 of 5 : 0.48866914115303284  | time taken : 9.328459978103638
 Thread 4 nsolns: 10327
 Thread 1 nsolns: 10648
 Thread 5 estimated dimension 4 of 5 : 0.5156316360373308  | time taken : 8.012029886245728
 Thread 6 estimated dimension 4 of 5 : 0.4843778894931073  | time taken : 8.503808736801147
 Thread 5 nsolns: 10327
 Thread 6 nsolns: 10483
 Thread 3 estimated dimension 4 of 5 : 0.4755464933493073  | time taken : 8.655545473098755
 Thread 7 estimated dimension 4 of 5 : 0.4954320872322426  | time taken : 8.57518744468689
 Thread 3 nsolns: 10444
 Thread 7 nsolns: 10535
 Thread 4 estimated dimension 0 of 5 : 0.5271944770697705  | time taken : 7.378647089004517
 Thread 6 estimated dimension 0 of 5 : 0.5142049051881417  | time taken : 7.211843729019165
 Thread 5 estimated dimension 0 of 5 : 0.505172023973987  | time taken : 7.540598392486572
 Thread 2 estimated dimension 0 of 5 : 0.4911051599913178  | time taken : 9.215757131576538
 Thread 1 estimated dimension 0 of 5 : 0.49836919467523544  | time taken : 9.168935060501099
 Thread 2 estimated dimension 1 of 5 : 1  | time taken : 1.1996378898620605
 Thread 1 estimated dimension 1 of 5 : 1  | time taken : 1.5264530181884766
 Thread 7 estimated dimension 0 of 5 : 0.49823940789492793  | time taken : 8.299696922302246
 Thread 7 estimated dimension 1 of 5 : 0.9887829726304658  | time taken : 1.150233507156372
 Thread 3 estimated dimension 0 of 5 : 0.4889293269062547  | time taken : 9.903583526611328
 Thread 3 estimated dimension 1 of 5 : 0.9938033523531921  | time taken : 1.0462327003479004
 Thread 2 estimated dimension 2 of 5 : 0.6200145303401757  | time taken : 4.070429563522339
 Thread 1 estimated dimension 2 of 5 : 0.6246154933474719  | time taken : 5.580678462982178
 Thread 3 estimated dimension 2 of 5 : 0.6232144723828543  | time taken : 3.5415971279144287
 Thread 6 estimated dimension 1 of 5 : 0.3833441163370671  | time taken : 11.597445011138916
 Thread 6 estimated dimension 2 of 5 : 0.9478935889331814  | time taken : 0.8571789264678955
 Thread 4 estimated dimension 1 of 5 : 0.3846846412295186  | time taken : 13.161130905151367
 Thread 5 estimated dimension 1 of 5 : 0.37079196021403854  | time taken : 12.655769109725952
 Thread 5 estimated dimension 2 of 5 : 0.9816016070041053  | time taken : 1.5158913135528564
 Thread 6 estimated dimension 3 of 5 : 0.9924251642906293  | time taken : 1.8908727169036865
 Thread 4 estimated dimension 2 of 5 : 0.9720942002398757  | time taken : 1.8308932781219482
 Thread 2 estimated dimension 3 of 5 : 0.5170174099847242  | time taken : 8.39849328994751
 Thread 4 estimated dimension 3 of 5 : 1  | time taken : 0.7324535846710205
 Thread 5 estimated dimension 3 of 5 : 0.9415455446734229  | time taken : 0.9357295036315918
 Thread 1 estimated dimension 3 of 5 : 0.4997011588655299  | time taken : 7.2340989112854
 Thread 3 estimated dimension 3 of 5 : 0.48902538603816037  | time taken : 7.524627685546875
 Thread 7 estimated dimension 2 of 5 : 0.3646004709848298  | time taken : 13.253180742263794
 Thread 7 estimated dimension 3 of 5 : 0.9383922715180066  | time taken : 0.6047885417938232
 Thread 6 estimated dimension 4 of 5 : 0.49345481867488816  | time taken : 6.5853235721588135
 Thread 6 nsolns: 10483
 Thread 4 estimated dimension 4 of 5 : 0.5121196132728482  | time taken : 5.9145729541778564
 Thread 4 nsolns: 10327
 Thread 1 estimated dimension 4 of 5 : 0.5194067420972113  | time taken : 6.45159912109375
 Thread 2 estimated dimension 4 of 5 : 0.47308372946990496  | time taken : 8.523185014724731
 Thread 1 nsolns: 10379
 Thread 2 nsolns: 10450
 Thread 5 estimated dimension 4 of 5 : 0.47062674741776256  | time taken : 8.698577404022217
 Thread 5 nsolns: 10483
 Thread 3 estimated dimension 4 of 5 : 0.5131928402289677  | time taken : 7.320789813995361
 Thread 3 nsolns: 10379
 Thread 7 estimated dimension 4 of 5 : 0.47412924456131467  | time taken : 8.733307123184204
 Thread 7 nsolns: 10648
 Thread 1 estimated dimension 0 of 5 : 0.5079432953453704  | time taken : 5.978556394577026
 Thread 4 estimated dimension 0 of 5 : 0.5088653954771761  | time taken : 6.9595255851745605
 Thread 6 estimated dimension 0 of 5 : 0.48918344809902636  | time taken : 7.845361948013306
 Thread 6 estimated dimension 1 of 5 : 0.9920373184701068  | time taken : 0.7946090698242188
 Thread 2 estimated dimension 0 of 5 : 0.5139317962892144  | time taken : 7.620948314666748
 Thread 5 estimated dimension 0 of 5 : 0.5002136555213188  | time taken : 6.783566951751709
 Thread 3 estimated dimension 0 of 5 : 0.4964162804605117  | time taken : 8.581109523773193
 Thread 3 estimated dimension 1 of 5 : 0.994243593356718  | time taken : 0.7590579986572266
 Thread 7 estimated dimension 0 of 5 : 0.4874119570417538  | time taken : 8.223469495773315
 Thread 2 estimated dimension 1 of 5 : 0.6224165984312732  | time taken : 5.014720678329468
 Thread 2 estimated dimension 2 of 5 : 1  | time taken : 0.3820302486419678
 Thread 5 estimated dimension 1 of 5 : 0.6179310881863378  | time taken : 6.205148935317993
 Thread 7 estimated dimension 1 of 5 : 1  | time taken : 0.99422287940979
 Thread 4 estimated dimension 1 of 5 : 0.38058245288808285  | time taken : 9.31635046005249
 Thread 5 estimated dimension 2 of 5 : 1  | time taken : 0.9464027881622314
 Thread 1 estimated dimension 1 of 5 : 0.3777090970785811  | time taken : 10.465239763259888
 Thread 4 estimated dimension 2 of 5 : 1  | time taken : 1.0852899551391602
 Thread 1 estimated dimension 2 of 5 : 0.9997733929623484  | time taken : 1.068880558013916
 Thread 4 estimated dimension 3 of 5 : 1  | time taken : 1.099273681640625
 Thread 1 estimated dimension 3 of 5 : 1  | time taken : 0.7441256046295166
 Thread 6 estimated dimension 2 of 5 : 0.3774071849429286  | time taken : 11.938129186630249
 Thread 6 estimated dimension 3 of 5 : 0.9822939353592269  | time taken : 0.9549424648284912
 Thread 2 estimated dimension 3 of 5 : 0.4865713253370385  | time taken : 7.042165994644165
 Thread 3 estimated dimension 2 of 5 : 0.3692921510470499  | time taken : 10.862257242202759
 Thread 3 estimated dimension 3 of 5 : 1  | time taken : 0.9085707664489746
 Thread 7 estimated dimension 2 of 5 : 0.3655744037775891  | time taken : 10.447463989257812
 Thread 5 estimated dimension 3 of 5 : 0.5067581852504899  | time taken : 9.463168144226074
 Thread 7 estimated dimension 3 of 5 : 0.9977848798785793  | time taken : 1.0624637603759766
 Thread 4 estimated dimension 4 of 5 : 0.4701666242087787  | time taken : 8.211255550384521
 Thread 4 nsolns: 10483
 Thread 1 estimated dimension 4 of 5 : 0.4738464344918201  | time taken : 8.111013174057007
 Thread 1 nsolns: 10483
 Thread 6 estimated dimension 4 of 5 : 0.4719319797094242  | time taken : 8.509773969650269
 Thread 6 nsolns: 10648
 Thread 2 estimated dimension 4 of 5 : 0.49555347674128386  | time taken : 8.501252889633179
 Thread 2 nsolns: 10529
 Thread 3 estimated dimension 4 of 5 : 0.509456435359971  | time taken : 6.345412015914917
 Thread 3 nsolns: 10492
 Thread 7 estimated dimension 4 of 5 : 0.5245711454573767  | time taken : 6.425058603286743
 Thread 7 nsolns: 10492
 Thread 5 estimated dimension 4 of 5 : 0.4797272038955825  | time taken : 8.211730480194092
 Thread 5 nsolns: 10444
 Thread 1 estimated dimension 0 of 5 : 0.48097361910365144  | time taken : 6.934428691864014
 Thread 4 estimated dimension 0 of 5 : 0.5066501129104901  | time taken : 7.855867862701416
 Thread 1 estimated dimension 1 of 5 : 1  | time taken : 0.8941333293914795
 Thread 4 estimated dimension 1 of 5 : 0.9886512585280993  | time taken : 1.3522140979766846
 Thread 2 estimated dimension 0 of 5 : 0.5363624576110796  | time taken : 7.617565870285034
 Thread 6 estimated dimension 0 of 5 : 0.5065433264538097  | time taken : 9.224398851394653
 Thread 3 estimated dimension 0 of 5 : 0.48369523120079955  | time taken : 9.090757846832275
 Thread 6 estimated dimension 1 of 5 : 1  | time taken : 1.0181190967559814
 Thread 3 estimated dimension 1 of 5 : 1  | time taken : 1.0208661556243896
 Thread 4 estimated dimension 2 of 5 : 0.6304052738374571  | time taken : 4.573150396347046
 Thread 7 estimated dimension 0 of 5 : 0.5177988975481573  | time taken : 8.11870002746582
 Thread 5 estimated dimension 0 of 5 : 0.4673534207608351  | time taken : 7.883931398391724
 Thread 5 estimated dimension 1 of 5 : 1  | time taken : 1.2488329410552979
 Thread 2 estimated dimension 1 of 5 : 0.6120874760933721  | time taken : 8.076023817062378
 Thread 2 estimated dimension 2 of 5 : 0.9746057487667582  | time taken : 0.875774621963501
 Thread 1 estimated dimension 2 of 5 : 0.3628432969721871  | time taken : 11.557381629943848
 Thread 1 estimated dimension 3 of 5 : 0.9643705566753106  | time taken : 1.2544097900390625
 Thread 5 estimated dimension 2 of 5 : 0.6306768049981544  | time taken : 5.077240228652954
 Thread 4 estimated dimension 3 of 5 : 0.5221983769678014  | time taken : 9.388386726379395
 Thread 6 estimated dimension 2 of 5 : 0.36473328635866187  | time taken : 13.72048282623291
 Thread 3 estimated dimension 2 of 5 : 0.3655205158322635  | time taken : 12.864888668060303
 Thread 7 estimated dimension 1 of 5 : 0.3863705957610648  | time taken : 12.974252462387085
 Thread 1 estimated dimension 4 of 5 : 0.5141664850263322  | time taken : 6.74414849281311
 Thread 6 estimated dimension 3 of 5 : 0.9773428762667391  | time taken : 0.9413340091705322
 Thread 3 estimated dimension 3 of 5 : 0.9875339416636683  | time taken : 1.008328914642334
 Thread 7 estimated dimension 2 of 5 : 1  | time taken : 1.279799461364746
 Thread 1 nsolns: 10492
 Thread 2 estimated dimension 3 of 5 : 0.49912803567067887  | time taken : 9.388237953186035
 Thread 7 estimated dimension 3 of 5 : 1  | time taken : 1.2500224113464355
 Thread 5 estimated dimension 3 of 5 : 0.4985290427313546  | time taken : 9.59432053565979
 Thread 4 estimated dimension 4 of 5 : 0.4878268616980266  | time taken : 8.431638717651367
 Thread 4 nsolns: 10450
 Thread 6 estimated dimension 4 of 5 : 0.4942088413394858  | time taken : 7.525242567062378
 Thread 6 nsolns: 10492
 Thread 3 estimated dimension 4 of 5 : 0.4935537416720742  | time taken : 7.8376545906066895
 Thread 1 estimated dimension 0 of 5 : 0.5130306689243798  | time taken : 7.798424243927002
 Thread 3 nsolns: 10648
 Thread 2 estimated dimension 4 of 5 : 0.4774567274162393  | time taken : 8.059484243392944
 Thread 2 nsolns: 10444
 Thread 7 estimated dimension 4 of 5 : 0.5302300644590322  | time taken : 7.803323745727539
 Thread 7 nsolns: 10327
 Thread 5 estimated dimension 4 of 5 : 0.5096341317087035  | time taken : 7.10934591293335
 Thread 5 nsolns: 10294
 Thread 4 estimated dimension 0 of 5 : 0.49753396671001676  | time taken : 7.459780931472778
 Thread 6 estimated dimension 0 of 5 : 0.5169294742295966  | time taken : 6.470227479934692
 Thread 2 estimated dimension 0 of 5 : 0.5048516060350448  | time taken : 7.319328308105469
 Thread 3 estimated dimension 0 of 5 : 0.4918136087682279  | time taken : 8.413476943969727
 Thread 5 estimated dimension 0 of 5 : 0.49883218575039784  | time taken : 6.645411252975464
 Thread 3 estimated dimension 1 of 5 : 1  | time taken : 0.5884897708892822
 Thread 7 estimated dimension 0 of 5 : 0.5121446535766352  | time taken : 7.678505897521973
 Thread 1 estimated dimension 1 of 5 : 0.3733781074141835  | time taken : 10.995672702789307
 Thread 1 estimated dimension 2 of 5 : 0.9370128720143542  | time taken : 0.9732136726379395
 Thread 1 estimated dimension 3 of 5 : 1  | time taken : 0.7911245822906494
 Thread 4 estimated dimension 1 of 5 : 0.376179823273455  | time taken : 10.124637842178345
 Thread 4 estimated dimension 2 of 5 : 1  | time taken : 1.0243117809295654
 Thread 5 estimated dimension 1 of 5 : 0.6041470342531946  | time taken : 5.867336750030518
 Thread 4 estimated dimension 3 of 5 : 0.9793351011996222  | time taken : 0.8342971801757812
 Thread 5 estimated dimension 2 of 5 : 0.9699864887655752  | time taken : 0.8274862766265869
 Thread 6 estimated dimension 1 of 5 : 0.37604922334102736  | time taken : 10.498068571090698
 Thread 6 estimated dimension 2 of 5 : 1  | time taken : 0.8099520206451416
 Thread 6 estimated dimension 3 of 5 : 0.961742494095791  | time taken : 0.5345096588134766
 Thread 2 estimated dimension 1 of 5 : 0.37749951817535643  | time taken : 10.181786060333252
 Thread 2 estimated dimension 2 of 5 : 0.9874904768051496  | time taken : 0.9467365741729736
 Thread 1 estimated dimension 4 of 5 : 0.5076008147161448  | time taken : 6.277411699295044
 Thread 1 nsolns: 10327
 Thread 3 estimated dimension 2 of 5 : 0.36973368885559943  | time taken : 11.212936878204346
 Thread 7 estimated dimension 1 of 5 : 0.3742495130941129  | time taken : 11.738106727600098
 Thread 2 estimated dimension 3 of 5 : 1  | time taken : 0.9209930896759033
 Thread 3 estimated dimension 3 of 5 : 0.9903724808185996  | time taken : 0.9155564308166504
 Thread 7 estimated dimension 2 of 5 : 0.9825326771425208  | time taken : 1.0730903148651123
 Thread 7 estimated dimension 3 of 5 : 0.9864487991357893  | time taken : 0.6526939868927002
 Thread 4 estimated dimension 4 of 5 : 0.4822731738936355  | time taken : 7.418478012084961
 Thread 5 estimated dimension 3 of 5 : 0.4931729706034812  | time taken : 6.934581995010376
 Thread 4 nsolns: 10483
 Thread 6 estimated dimension 4 of 5 : 0.5042427573608526  | time taken : 6.921717882156372
 Thread 6 nsolns: 10327
 Thread 1 estimated dimension 0 of 5 : 0.5059730637330809  | time taken : 8.133788108825684
 Thread 2 estimated dimension 4 of 5 : 0.4710969325517078  | time taken : 7.7450337409973145
 Thread 2 nsolns: 10483
 Thread 3 estimated dimension 4 of 5 : 0.523636504212609  | time taken : 7.300156593322754
 Thread 7 estimated dimension 4 of 5 : 0.5371341679048163  | time taken : 6.158269643783569
 Thread 3 nsolns: 10492
 Thread 7 nsolns: 10327
 Thread 4 estimated dimension 0 of 5 : 0.5068405995067589  | time taken : 7.286318063735962
 Thread 5 estimated dimension 4 of 5 : 0.4829675165033198  | time taken : 8.06292462348938
 Thread 5 nsolns: 10444
 Thread 6 estimated dimension 0 of 5 : 0.523661289561112  | time taken : 6.725369215011597
 Thread 1 estimated dimension 1 of 5 : 0.6492396769101637  | time taken : 7.425347566604614
 Thread 2 estimated dimension 0 of 5 : 0.5212707156702252  | time taken : 7.031477212905884
 Thread 1 estimated dimension 2 of 5 : 1  | time taken : 0.6176722049713135
 Thread 3 estimated dimension 0 of 5 : 0.5217295832132043  | time taken : 7.340347051620483
 Thread 7 estimated dimension 0 of 5 : 0.4843901803456166  | time taken : 7.474924564361572
 Thread 7 estimated dimension 1 of 5 : 1  | time taken : 0.6433901786804199
 Thread 5 estimated dimension 0 of 5 : 0.489527734881926  | time taken : 6.644585847854614
 Thread 4 estimated dimension 1 of 5 : 0.3792429405207825  | time taken : 9.789751052856445
 Thread 4 estimated dimension 2 of 5 : 1  | time taken : 0.632136344909668
 Thread 2 estimated dimension 1 of 5 : 0.6222097004784981  | time taken : 5.525481224060059
 Thread 6 estimated dimension 1 of 5 : 0.38001259748158833  | time taken : 9.322333335876465
 Thread 3 estimated dimension 1 of 5 : 0.6521529197441176  | time taken : 5.282199144363403
 Thread 7 estimated dimension 2 of 5 : 0.6253202061774787  | time taken : 3.789360523223877
 Thread 4 estimated dimension 3 of 5 : 1  | time taken : 1.344141960144043
 Thread 1 estimated dimension 3 of 5 : 0.5040701119287774  | time taken : 6.355642080307007
 Thread 6 estimated dimension 2 of 5 : 1  | time taken : 1.3253376483917236
 Thread 2 estimated dimension 2 of 5 : 0.956299033149212  | time taken : 1.402796983718872
 Thread 3 estimated dimension 2 of 5 : 1  | time taken : 0.9015822410583496
 Thread 6 estimated dimension 3 of 5 : 0.9807141338475206  | time taken : 1.2956650257110596
 Thread 5 estimated dimension 1 of 5 : 0.37848603429562105  | time taken : 9.548518419265747
 Thread 5 estimated dimension 2 of 5 : 0.9978835879476965  | time taken : 0.8454089164733887
 Thread 3 estimated dimension 3 of 5 : 0.5199111449904545  | time taken : 5.858663558959961
 Thread 7 estimated dimension 3 of 5 : 0.4946625270681605  | time taken : 7.5773396492004395
 Thread 1 estimated dimension 4 of 5 : 0.5045820364815876  | time taken : 6.516767501831055
 Thread 5 estimated dimension 3 of 5 : 1  | time taken : 0.6428332328796387
 Thread 2 estimated dimension 3 of 5 : 0.49097794762215446  | time taken : 6.574810266494751
 Thread 1 nsolns: 10288
 Thread 4 estimated dimension 4 of 5 : 0.47990172878581006  | time taken : 7.1095685958862305
 Thread 4 nsolns: 10483
 Thread 6 estimated dimension 4 of 5 : 0.527187429038504  | time taken : 6.025246620178223
 Thread 6 nsolns: 10327
 Thread 2 estimated dimension 4 of 5 : 0.5250576661731964  | time taken : 5.248968124389648
 Thread 1 estimated dimension 0 of 5 : 0.5140389491841506  | time taken : 5.81054425239563
 Thread 2 nsolns: 10373
 Thread 3 estimated dimension 4 of 5 : 0.4929681008860769  | time taken : 6.919076681137085
 Thread 3 nsolns: 10444
 Thread 5 estimated dimension 4 of 5 : 0.491521972266028  | time taken : 7.141364574432373
 Thread 5 nsolns: 10483
 Thread 6 estimated dimension 0 of 5 : 0.5114719299818906  | time taken : 7.319036960601807
 Thread 7 estimated dimension 4 of 5 : 0.5218445749154952  | time taken : 8.955010175704956
 Thread 4 estimated dimension 0 of 5 : 0.5081253949785075  | time taken : 7.748405933380127
 Thread 7 nsolns: 10379
 Thread 2 estimated dimension 0 of 5 : 0.4999333774556245  | time taken : 8.170721530914307
 Thread 6 estimated dimension 1 of 5 : 0.6142330533436416  | time taken : 5.390813112258911
 Thread 2 estimated dimension 1 of 5 : 0.9670553979596432  | time taken : 0.9481821060180664
 Thread 5 estimated dimension 0 of 5 : 0.483200852614605  | time taken : 7.505345582962036
 Thread 6 estimated dimension 2 of 5 : 1  | time taken : 1.062084436416626
 Thread 3 estimated dimension 0 of 5 : 0.5037412915630355  | time taken : 8.911811351776123
 Thread 1 estimated dimension 1 of 5 : 0.38379945661412157  | time taken : 10.736303806304932
 Thread 3 estimated dimension 1 of 5 : 0.9858109390414075  | time taken : 0.9547278881072998
 Thread 7 estimated dimension 0 of 5 : 0.4950300443004031  | time taken : 7.939710855484009
 Thread 1 estimated dimension 2 of 5 : 1  | time taken : 0.7757682800292969
 Thread 7 estimated dimension 1 of 5 : 0.9568789677863556  | time taken : 0.6921336650848389
 Thread 1 estimated dimension 3 of 5 : 0.9801515844166162  | time taken : 0.6868607997894287
 Thread 4 estimated dimension 1 of 5 : 0.38342727186270376  | time taken : 9.960426568984985
 Thread 2 estimated dimension 2 of 5 : 0.6409909746855996  | time taken : 3.2907068729400635
 Thread 4 estimated dimension 2 of 5 : 1  | time taken : 0.8990321159362793
 Thread 4 estimated dimension 3 of 5 : 1  | time taken : 0.5625894069671631
 Thread 6 estimated dimension 3 of 5 : 0.48179788705636206  | time taken : 6.00995397567749
 Thread 7 estimated dimension 2 of 5 : 0.6391772243703407  | time taken : 3.8125476837158203
 Thread 2 estimated dimension 3 of 5 : 0.47332273411233433  | time taken : 4.580448627471924
 Thread 1 estimated dimension 4 of 5 : 0.520841716474191  | time taken : 6.1411659717559814
 Thread 5 estimated dimension 1 of 5 : 0.384267610211993  | time taken : 9.153819799423218
 Thread 1 nsolns: 10327
 Thread 5 estimated dimension 2 of 5 : 1  | time taken : 0.830009937286377
 Thread 4 estimated dimension 4 of 5 : 0.49760019182088505  | time taken : 5.971006393432617
 Thread 3 estimated dimension 2 of 5 : 0.37017616430612094  | time taken : 9.881754159927368
 Thread 4 nsolns: 10483
 Thread 5 estimated dimension 3 of 5 : 0.9664479401828815  | time taken : 0.6584446430206299
 Thread 6 estimated dimension 4 of 5 : 0.4928548620498384  | time taken : 5.813044786453247
 Thread 6 nsolns: 10529
 Thread 3 estimated dimension 3 of 5 : 0.9444745234946501  | time taken : 1.2045657634735107
 Thread 7 estimated dimension 3 of 5 : 0.5171576600275071  | time taken : 7.279292106628418
 Thread 2 estimated dimension 4 of 5 : 0.48576717010842113  | time taken : 7.119035482406616
 Thread 2 nsolns: 10535
 Thread 1 estimated dimension 0 of 5 : 0.49515304882152006  | time taken : 8.222423076629639
 Thread 5 estimated dimension 4 of 5 : 0.4956012177761215  | time taken : 7.073614835739136
 Thread 1 estimated dimension 1 of 5 : 0.9882807949935345  | time taken : 0.9302587509155273
 Thread 5 nsolns: 10483
 Thread 4 estimated dimension 0 of 5 : 0.4748140267855896  | time taken : 7.3080809116363525
 Thread 3 estimated dimension 4 of 5 : 0.4776836529190792  | time taken : 7.265765428543091
 Thread 4 estimated dimension 1 of 5 : 1  | time taken : 1.1249217987060547
 Thread 6 estimated dimension 0 of 5 : 0.5010228284037587  | time taken : 8.09114122390747
 Thread 3 nsolns: 10648
 Thread 7 estimated dimension 4 of 5 : 0.4908202202288228  | time taken : 7.4844794273376465
 Thread 7 nsolns: 10450
 Thread 6 estimated dimension 1 of 5 : 0.9611004021342103  | time taken : 1.3843846321105957
 Thread 1 estimated dimension 2 of 5 : 0.6344295720235327  | time taken : 3.569570541381836
 Thread 2 estimated dimension 0 of 5 : 0.5190250046263168  | time taken : 7.870375394821167
 Thread 4 estimated dimension 2 of 5 : 0.6220064824563932  | time taken : 4.397531032562256
 Thread 5 estimated dimension 0 of 5 : 0.5133798559661151  | time taken : 7.567756175994873
 Thread 3 estimated dimension 0 of 5 : 0.507376307324804  | time taken : 9.140528202056885
 Thread 7 estimated dimension 0 of 5 : 0.47738753759066077  | time taken : 7.810065984725952
 Thread 2 estimated dimension 1 of 5 : 0.5986180637993799  | time taken : 6.835542678833008
 Thread 3 estimated dimension 1 of 5 : 0.9975201952076301  | time taken : 0.5910823345184326
 Thread 7 estimated dimension 1 of 5 : 1  | time taken : 0.7128310203552246
 Thread 2 estimated dimension 2 of 5 : 1  | time taken : 1.0022907257080078
 Thread 1 estimated dimension 3 of 5 : 0.5003135243954971  | time taken : 8.552170276641846
 Thread 4 estimated dimension 3 of 5 : 0.4941179780363006  | time taken : 6.403280258178711
 Thread 5 estimated dimension 1 of 5 : 0.6148180687245771  | time taken : 5.286722183227539
 Thread 5 estimated dimension 2 of 5 : 1  | time taken : 0.5142858028411865
 Thread 6 estimated dimension 2 of 5 : 0.36699786761493214  | time taken : 11.086038589477539
 Thread 6 estimated dimension 3 of 5 : 1  | time taken : 0.8010027408599854
 Thread 7 estimated dimension 2 of 5 : 0.6347202476911786  | time taken : 3.498497247695923
 Thread 3 estimated dimension 2 of 5 : 0.6419766674840485  | time taken : 4.6381189823150635
 Thread 4 estimated dimension 4 of 5 : 0.5179168140139427  | time taken : 5.231142997741699
 Thread 4 nsolns: 10379
 Thread 1 estimated dimension 4 of 5 : 0.491725105512464  | time taken : 6.133348703384399
 Thread 1 nsolns: 10450
 Thread 2 estimated dimension 3 of 5 : 0.5169360950130216  | time taken : 7.49147629737854
 Thread 7 estimated dimension 3 of 5 : 0.493731411365842  | time taken : 5.311380624771118
 Thread 6 estimated dimension 4 of 5 : 0.5240722921018675  | time taken : 5.511627435684204
 Thread 5 estimated dimension 3 of 5 : 0.5133001975950986  | time taken : 7.039366006851196
 Thread 6 nsolns: 10492
 Thread 4 estimated dimension 0 of 5 : 0.4924192221259303  | time taken : 5.678839683532715
 Thread 3 estimated dimension 3 of 5 : 0.5000159667584061  | time taken : 7.5351526737213135
 Thread 1 estimated dimension 0 of 5 : 0.4861112594487544  | time taken : 6.306147575378418
 Thread 2 estimated dimension 4 of 5 : 0.5032465304545365  | time taken : 5.7726731300354
 Thread 2 nsolns: 10288
 Thread 1 estimated dimension 1 of 5 : 0.9901488395610186  | time taken : 0.5114166736602783
 Thread 6 estimated dimension 0 of 5 : 0.5332113036686351  | time taken : 6.089255332946777
 Thread 5 estimated dimension 4 of 5 : 0.49777008328200395  | time taken : 6.363848686218262
 Thread 5 nsolns: 10444
 Thread 7 estimated dimension 4 of 5 : 0.47237858676269445  | time taken : 6.7712929248809814
 Thread 7 nsolns: 10535
 Thread 3 estimated dimension 4 of 5 : 0.4866429889510927  | time taken : 5.94213080406189
 Thread 3 nsolns: 10450
 Thread 2 estimated dimension 0 of 5 : 0.5004782885410415  | time taken : 6.003359794616699
 Thread 6 estimated dimension 1 of 5 : 0.6293915519992149  | time taken : 5.317056894302368
 Thread 4 estimated dimension 1 of 5 : 0.3870543835540425  | time taken : 9.442216634750366
 Thread 5 estimated dimension 0 of 5 : 0.5046539163028537  | time taken : 5.3184943199157715
 Thread 6 estimated dimension 2 of 5 : 0.9935622408236444  | time taken : 0.7559845447540283
 Thread 7 estimated dimension 0 of 5 : 0.4996767369295612  | time taken : 6.025684118270874
 Thread 4 estimated dimension 2 of 5 : 0.9874489067234475  | time taken : 0.9500014781951904
 Thread 4 estimated dimension 3 of 5 : 1  | time taken : 0.6242716312408447
 Thread 1 estimated dimension 2 of 5 : 0.3641799211506689  | time taken : 10.09046196937561
 Thread 1 estimated dimension 3 of 5 : 1  | time taken : 1.0845692157745361
 Thread 2 estimated dimension 1 of 5 : 0.6064275929207004  | time taken : 5.581159830093384
 Thread 3 estimated dimension 0 of 5 : 0.49057898516517257  | time taken : 7.650874376296997
 Thread 2 estimated dimension 2 of 5 : 1  | time taken : 1.0942134857177734
 Thread 3 estimated dimension 1 of 5 : 0.9934384393289056  | time taken : 0.8350155353546143
 Thread 4 estimated dimension 4 of 5 : 0.5110408115455695  | time taken : 5.199045181274414
 Thread 4 nsolns: 10327
 Thread 6 estimated dimension 3 of 5 : 0.5020215370103265  | time taken : 7.347051382064819
 Thread 3 estimated dimension 2 of 5 : 0.6220373325752374  | time taken : 2.6107146739959717
 Thread 5 estimated dimension 1 of 5 : 0.37768476642896165  | time taken : 9.961697816848755
 Thread 7 estimated dimension 1 of 5 : 0.39014023566416334  | time taken : 9.475281715393066
 Thread 5 estimated dimension 2 of 5 : 1  | time taken : 1.2073307037353516
 Thread 7 estimated dimension 2 of 5 : 1  | time taken : 1.1314377784729004
 Thread 1 estimated dimension 4 of 5 : 0.47108605388533453  | time taken : 7.691493034362793
 Thread 2 estimated dimension 3 of 5 : 0.5211662928606177  | time taken : 6.282083988189697
 Thread 1 nsolns: 10648
 Thread 5 estimated dimension 3 of 5 : 0.9584663122010635  | time taken : 0.8196353912353516
 Thread 7 estimated dimension 3 of 5 : 0.9738949340407844  | time taken : 0.8905775547027588
 Thread 3 estimated dimension 3 of 5 : 0.4944275111338727  | time taken : 6.124300241470337
 Thread 6 estimated dimension 4 of 5 : 0.48460502862544963  | time taken : 7.8274736404418945
 Thread 6 nsolns: 10444
 Thread 1 estimated dimension 0 of 5 : 0.5100677542815304  | time taken : 6.968613386154175
 Thread 5 estimated dimension 4 of 5 : 0.4834969414295966  | time taken : 7.412463903427124
 Thread 5 nsolns: 10483
 Thread 2 estimated dimension 4 of 5 : 0.4848317299546344  | time taken : 8.264535427093506
 Thread 2 nsolns: 10444
 Thread 7 estimated dimension 4 of 5 : 0.49263812876572594  | time taken : 8.735709428787231
 Thread 7 nsolns: 10483
 Thread 3 estimated dimension 4 of 5 : 0.48204687997507334  | time taken : 7.476761817932129
 Thread 3 nsolns: 10535
 Thread 1 estimated dimension 1 of 5 : 0.6088253297901781  | time taken : 5.743889331817627
 Thread 1 estimated dimension 2 of 5 : 0.9814725539407306  | time taken : 0.8361120223999023
 Thread 1 estimated dimension 3 of 5 : 0.5148799721905087  | time taken : 6.279499530792236
 Thread 1 estimated dimension 4 of 5 : 0.47577398683808886  | time taken : 7.8389739990234375
 Thread 1 nsolns: 10444
 estimated weights : [0.09314294605108454, 0.09054207891668417, 0.08424743707823917, 0.08920674504119905, 0.07503469847381157, 0.08455293835804854, 0.07573882512428105, 0.0695641406430894, 0.09943200319972727, 0.0875999631457988, 0.09449869977318662, 0.08905473770678622, 0.07530920023287509, 0.071129688744044, 0.09150182692917308, 0.10096142227265399, 0.08079451561054486, 0.07447654894282327, 0.08147470562265026, 0.07599693347723932, 0.07991668212669428, 0.09105493230571667, 0.09088911377475883, 0.08490451741854899, 0.07713006412638386, 0.09285727766697531, 0.09326383635450106, 0.07514337681663848, 0.08653425676270635, 0.08044005026854306, 0.08923792436534451, 0.08617276804274522, 0.07625122336700985, 0.10607902953853732, 0.07488610714559227, 0.09110874102225995, 0.08839804483321044, 0.09427020815286585, 0.0886591036653351, 0.09430137922002128, 0.09978338169600677, 0.06962736952823141, 0.08355167920188157, 0.09224465600735939, 0.10288591986323922, 0.0799581637247645, 0.08720529404678604, 0.09087616222033461, 0.07818941748138414, 0.10071621364530461, 0.09694701443117502, 0.0746000165317994, 0.07125263435007974, 0.08893491637226413, 0.08293546085978724, 0.07685201625955808, 0.07558038801759283, 0.07637792518284937, 0.09261493220558077, 0.08082686719122772, 0.08064652690097165, 0.07066988597304741, 0.07906157610609046, 0.09617832417189834, 0.08257572745283008, 0.08111956265516448, 0.08832704481914623, 0.07668873070311928, 0.093529799091679, 0.07225339449930328, 0.07466299948296855]
