numSolutions: 82 k : 1456
6 82 0.040824829046386304 0.0002032520325203252

 Thread 1 estimated dimension 0 of 6 : 0.5983859212178071  | time taken : 7.671017408370972
 Thread 6 estimated dimension 0 of 6 : 0.5898998860943176  | time taken : 7.709934234619141
 Thread 2 estimated dimension 0 of 6 : 0.591026650978439  | time taken : 7.738621234893799
 Thread 5 estimated dimension 0 of 6 : 0.5849946974512428  | time taken : 7.751265048980713
 Thread 4 estimated dimension 0 of 6 : 0.5781254467533208  | time taken : 7.7697367668151855
 Thread 7 estimated dimension 0 of 6 : 0.5797573864531265  | time taken : 8.049055099487305
 Thread 3 estimated dimension 0 of 6 : 0.6082640949402405  | time taken : 8.177515983581543
 Thread 1 estimated dimension 1 of 6 : 0.5338476408313765  | time taken : 8.518890857696533
 Thread 7 estimated dimension 1 of 6 : 0.5853589267831637  | time taken : 8.358214378356934
 Thread 4 estimated dimension 1 of 6 : 0.5441735266164723  | time taken : 8.627995491027832
 Thread 6 estimated dimension 1 of 6 : 0.5547107442572636  | time taken : 8.730486631393433
 Thread 5 estimated dimension 1 of 6 : 0.5391194509739922  | time taken : 8.731079578399658
 Thread 2 estimated dimension 1 of 6 : 0.5595256977366868  | time taken : 8.755300283432007
 Thread 3 estimated dimension 1 of 6 : 0.5441597365428584  | time taken : 8.585254192352295
 Thread 7 estimated dimension 2 of 6 : 0.7218573811543639  | time taken : 5.895877361297607
 Thread 5 estimated dimension 2 of 6 : 0.7367683558330395  | time taken : 6.003093481063843
 Thread 6 estimated dimension 2 of 6 : 0.7159896927224487  | time taken : 6.085759162902832
 Thread 4 estimated dimension 2 of 6 : 0.7228642465883947  | time taken : 6.1662514209747314
 Thread 1 estimated dimension 2 of 6 : 0.7473526118992664  | time taken : 6.334165811538696
 Thread 3 estimated dimension 2 of 6 : 0.7229748909148388  | time taken : 6.318095922470093
 Thread 4 estimated dimension 3 of 6 : 0.5073696661215246  | time taken : 10.006613492965698
 Thread 2 estimated dimension 2 of 6 : 0.31167809063210894  | time taken : 16.321558713912964
 Thread 1 estimated dimension 3 of 6 : 0.49091890429617546  | time taken : 10.270162105560303
 Thread 3 estimated dimension 3 of 6 : 0.4808506826899757  | time taken : 9.661576747894287
 Thread 7 estimated dimension 3 of 6 : 0.4664818659107931  | time taken : 11.13122010231018
 Thread 6 estimated dimension 3 of 6 : 0.48730979262679935  | time taken : 11.249650955200195
 Thread 5 estimated dimension 3 of 6 : 0.4803334950118045  | time taken : 11.932907342910767
 Thread 2 estimated dimension 3 of 6 : 0.9988118048263356  | time taken : 3.874940872192383
 Thread 2 estimated dimension 4 of 6 : 0.6497385051884161  | time taken : 7.13813853263855
 Thread 1 estimated dimension 4 of 6 : 0.33822841460474984  | time taken : 13.116688251495361
 Thread 3 estimated dimension 4 of 6 : 0.3277967709310857  | time taken : 13.248895406723022
 Thread 4 estimated dimension 4 of 6 : 0.32708694831116225  | time taken : 13.861285209655762
 Thread 7 estimated dimension 4 of 6 : 0.3432965725037847  | time taken : 14.215213060379028
 Thread 6 estimated dimension 4 of 6 : 0.3312653073210397  | time taken : 13.868119239807129
 Thread 5 estimated dimension 4 of 6 : 0.3240340086402385  | time taken : 13.31519103050232
 Thread 1 estimated dimension 5 of 6 : 0.9670626857643235  | time taken : 4.175133228302002
 Thread 1 nsolns: 15881
 Thread 3 estimated dimension 5 of 6 : 1  | time taken : 4.216101884841919
 Thread 3 nsolns: 15984
 Thread 4 estimated dimension 5 of 6 : 1  | time taken : 4.051585674285889
 Thread 4 nsolns: 15930
 Thread 6 estimated dimension 5 of 6 : 0.9910584947505985  | time taken : 3.797888994216919
 Thread 6 nsolns: 15908
 Thread 7 estimated dimension 5 of 6 : 1  | time taken : 4.182146072387695
 Thread 7 nsolns: 15880
 Thread 5 estimated dimension 5 of 6 : 1  | time taken : 4.4518561363220215
 Thread 5 nsolns: 15996
 Thread 2 estimated dimension 5 of 6 : 0.4597214381717924  | time taken : 10.584684371948242
 Thread 2 nsolns: 16662
 Thread 1 estimated dimension 0 of 6 : 0.5968181447549502  | time taken : 7.727266073226929
 Thread 3 estimated dimension 0 of 6 : 0.6052828198738741  | time taken : 7.653433561325073
 Thread 6 estimated dimension 0 of 6 : 0.601362608683009  | time taken : 7.31020188331604
 Thread 4 estimated dimension 0 of 6 : 0.5891892935322915  | time taken : 8.340171098709106
 Thread 7 estimated dimension 0 of 6 : 0.5914702455876027  | time taken : 7.660685300827026
 Thread 5 estimated dimension 0 of 6 : 0.5788063028434758  | time taken : 7.709932327270508
 Thread 2 estimated dimension 0 of 6 : 0.5992215380023898  | time taken : 7.721135377883911
 Thread 1 estimated dimension 1 of 6 : 0.5456384230457756  | time taken : 8.69399094581604
 Thread 3 estimated dimension 1 of 6 : 0.5636914639934062  | time taken : 8.889338970184326
 Thread 6 estimated dimension 1 of 6 : 0.5543988555339364  | time taken : 8.900216817855835
 Thread 4 estimated dimension 1 of 6 : 0.5604314769114426  | time taken : 9.199538707733154
 Thread 7 estimated dimension 1 of 6 : 0.5616572411311599  | time taken : 8.582415342330933
 Thread 5 estimated dimension 1 of 6 : 0.556150952666773  | time taken : 8.172915697097778
 Thread 2 estimated dimension 1 of 6 : 0.5649836411722448  | time taken : 8.631525993347168
 Thread 3 estimated dimension 2 of 6 : 0.7311483557192532  | time taken : 5.99091362953186
 Thread 6 estimated dimension 2 of 6 : 0.7079399283832765  | time taken : 6.117665529251099
 Thread 7 estimated dimension 2 of 6 : 0.7055069167274063  | time taken : 5.898690223693848
 Thread 5 estimated dimension 2 of 6 : 0.7170455427707147  | time taken : 6.144627809524536
 Thread 4 estimated dimension 2 of 6 : 0.7403567012652024  | time taken : 6.499688625335693
 Thread 1 estimated dimension 2 of 6 : 0.3024140736685058  | time taken : 16.02940344810486
 Thread 3 estimated dimension 3 of 6 : 0.4800216293297873  | time taken : 10.243051528930664
 Thread 7 estimated dimension 3 of 6 : 0.4974280821495729  | time taken : 9.868489980697632
 Thread 6 estimated dimension 3 of 6 : 0.46938237954981377  | time taken : 10.675553798675537
 Thread 4 estimated dimension 3 of 6 : 0.4754918891279022  | time taken : 11.184041500091553
 Thread 2 estimated dimension 2 of 6 : 0.30281399866950715  | time taken : 15.019141674041748
 Thread 5 estimated dimension 3 of 6 : 0.5029656167315618  | time taken : 11.704129219055176
 Thread 1 estimated dimension 3 of 6 : 0.9813054766808379  | time taken : 3.9337189197540283
 Thread 2 estimated dimension 3 of 6 : 0.9895850263252792  | time taken : 4.1879847049713135
 Thread 1 estimated dimension 4 of 6 : 0.678599697106428  | time taken : 7.185285568237305
 Thread 3 estimated dimension 4 of 6 : 0.32939817547199657  | time taken : 12.78910517692566
 Thread 7 estimated dimension 4 of 6 : 0.3305509078941793  | time taken : 13.453500509262085
 Thread 6 estimated dimension 4 of 6 : 0.336934124424232  | time taken : 14.365298748016357
 Thread 5 estimated dimension 4 of 6 : 0.33344744799731874  | time taken : 13.334901571273804
 Thread 4 estimated dimension 4 of 6 : 0.3297316526756215  | time taken : 14.217877864837646
 Thread 3 estimated dimension 5 of 6 : 1  | time taken : 4.261875152587891
 Thread 3 nsolns: 15874
 Thread 7 estimated dimension 5 of 6 : 0.9861224993306642  | time taken : 4.08017635345459
 Thread 7 nsolns: 15906
 Thread 6 estimated dimension 5 of 6 : 1  | time taken : 4.198712110519409
 Thread 6 nsolns: 15912
 Thread 5 estimated dimension 5 of 6 : 0.983775351627974  | time taken : 3.7113425731658936
 Thread 5 nsolns: 15891
 Thread 1 estimated dimension 5 of 6 : 0.4687173355450375  | time taken : 9.559312582015991
 Thread 1 nsolns: 16676
 Thread 4 estimated dimension 5 of 6 : 1  | time taken : 3.7584118843078613
 Thread 4 nsolns: 15920
 Thread 2 estimated dimension 4 of 6 : 0.3369359019495556  | time taken : 14.192955255508423
 Thread 2 estimated dimension 5 of 6 : 1  | time taken : 4.0252461433410645
 Thread 2 nsolns: 17203
 Thread 3 estimated dimension 0 of 6 : 0.5906853122362128  | time taken : 8.376366138458252
 Thread 7 estimated dimension 0 of 6 : 0.6191527956370196  | time taken : 7.525767803192139
 Thread 6 estimated dimension 0 of 6 : 0.6146753165450004  | time taken : 7.751980543136597
 Thread 5 estimated dimension 0 of 6 : 0.5733767496625  | time taken : 7.7429187297821045
 Thread 1 estimated dimension 0 of 6 : 0.5820356758966564  | time taken : 8.223069429397583
 Thread 4 estimated dimension 0 of 6 : 0.5945676064855244  | time taken : 8.157103061676025
 Thread 2 estimated dimension 0 of 6 : 0.5652934083869484  | time taken : 7.809227466583252
 Thread 3 estimated dimension 1 of 6 : 0.5484184548848763  | time taken : 8.848694086074829
 Thread 7 estimated dimension 1 of 6 : 0.541302136675063  | time taken : 8.989667177200317
 Thread 6 estimated dimension 1 of 6 : 0.562240615341476  | time taken : 8.33816385269165
 Thread 5 estimated dimension 1 of 6 : 0.5369577119119732  | time taken : 9.0295889377594
 Thread 1 estimated dimension 1 of 6 : 0.5473049451456391  | time taken : 8.45922040939331
 Thread 4 estimated dimension 1 of 6 : 0.579269108394796  | time taken : 8.183191299438477
 Thread 3 estimated dimension 2 of 6 : 0.7288270987808371  | time taken : 6.055347681045532
 Thread 7 estimated dimension 2 of 6 : 0.7377144578700593  | time taken : 6.275434255599976
 Thread 2 estimated dimension 1 of 6 : 0.5566488590427773  | time taken : 8.872467279434204
 Thread 6 estimated dimension 2 of 6 : 0.7127555643967797  | time taken : 6.07736349105835
 Thread 5 estimated dimension 2 of 6 : 0.7199463047546828  | time taken : 6.263651371002197
 Thread 1 estimated dimension 2 of 6 : 0.7140664970830489  | time taken : 6.3815436363220215
 Thread 4 estimated dimension 2 of 6 : 0.7223107579479183  | time taken : 6.215038061141968
 Thread 2 estimated dimension 2 of 6 : 0.7334625386138146  | time taken : 5.877726316452026
 Thread 3 estimated dimension 3 of 6 : 0.4998041852484524  | time taken : 11.106334924697876
 Thread 5 estimated dimension 3 of 6 : 0.47775099891111183  | time taken : 9.507000923156738
 Thread 7 estimated dimension 3 of 6 : 0.4961987548247947  | time taken : 11.486064195632935
 Thread 4 estimated dimension 3 of 6 : 0.4679376461912768  | time taken : 9.393037796020508
 Thread 1 estimated dimension 3 of 6 : 0.49278139341005434  | time taken : 9.798105001449585
 Thread 6 estimated dimension 3 of 6 : 0.4781944306655407  | time taken : 12.326841831207275
 Thread 2 estimated dimension 3 of 6 : 0.4710337190901726  | time taken : 12.970925331115723
 Thread 7 estimated dimension 4 of 6 : 0.33621803521920807  | time taken : 12.67308783531189
 Thread 3 estimated dimension 4 of 6 : 0.3326745655251478  | time taken : 14.254536628723145
 Thread 4 estimated dimension 4 of 6 : 0.3335673529792283  | time taken : 13.393230199813843
 Thread 5 estimated dimension 4 of 6 : 0.32462208925056135  | time taken : 14.046273231506348
 Thread 1 estimated dimension 4 of 6 : 0.3325625119885233  | time taken : 13.593995094299316
 Thread 6 estimated dimension 4 of 6 : 0.34887481133319026  | time taken : 13.746985673904419
 Thread 7 estimated dimension 5 of 6 : 0.9227565968794609  | time taken : 3.8099594116210938
 Thread 7 nsolns: 15875
 Thread 3 estimated dimension 5 of 6 : 0.9982134237176081  | time taken : 4.027416467666626
 Thread 3 nsolns: 15890
 Thread 4 estimated dimension 5 of 6 : 1  | time taken : 4.11598539352417
 Thread 4 nsolns: 15910
 Thread 1 estimated dimension 5 of 6 : 0.9904592316389063  | time taken : 3.715689182281494
 Thread 1 nsolns: 15930
 Thread 5 estimated dimension 5 of 6 : 1  | time taken : 4.432314395904541
 Thread 5 nsolns: 15987
 Thread 6 estimated dimension 5 of 6 : 0.9431953024724008  | time taken : 4.2794108390808105
 Thread 6 nsolns: 15823
 Thread 2 estimated dimension 4 of 6 : 0.3293219970613196  | time taken : 17.769831895828247
 Thread 7 estimated dimension 0 of 6 : 0.6038893092120579  | time taken : 9.965965270996094
 Thread 3 estimated dimension 0 of 6 : 0.6034794720677259  | time taken : 9.763650178909302
 Thread 4 estimated dimension 0 of 6 : 0.5703786496351333  | time taken : 9.964483737945557
 Thread 5 estimated dimension 0 of 6 : 0.6010217149471417  | time taken : 9.099449872970581
 Thread 6 estimated dimension 0 of 6 : 0.5795852392815546  | time taken : 12.939232110977173
 Thread 2 estimated dimension 5 of 6 : 0.9435324795161193  | time taken : 7.346067905426025
 Thread 1 estimated dimension 0 of 6 : 0.5922758861090742  | time taken : 15.721278429031372
 Thread 2 nsolns: 16097
 Thread 5 estimated dimension 1 of 6 : 0.547597254350593  | time taken : 8.884860515594482
 Thread 7 estimated dimension 1 of 6 : 0.582792432924477  | time taken : 10.406351804733276
 Thread 3 estimated dimension 1 of 6 : 0.5685449696406669  | time taken : 10.727648258209229
 Thread 4 estimated dimension 1 of 6 : 0.538900354493923  | time taken : 10.037577390670776
 Thread 6 estimated dimension 1 of 6 : 0.5420004464363399  | time taken : 6.467517137527466
 Thread 1 estimated dimension 1 of 6 : 0.5531935630034127  | time taken : 8.001378774642944
 Thread 7 estimated dimension 2 of 6 : 0.7190942982252212  | time taken : 6.396684408187866
 Thread 2 estimated dimension 0 of 6 : 0.6017117270966843  | time taken : 8.669942617416382
 Thread 6 estimated dimension 2 of 6 : 0.7276477884919724  | time taken : 6.296361207962036
 Thread 2 estimated dimension 1 of 6 : 0.5451053769109345  | time taken : 8.617199182510376
 Thread 5 estimated dimension 2 of 6 : 0.3023780040918629  | time taken : 16.14543318748474
 Thread 4 estimated dimension 2 of 6 : 0.30356751818622685  | time taken : 15.162721872329712
 Thread 3 estimated dimension 2 of 6 : 0.3050989475432903  | time taken : 15.483377695083618
 Thread 7 estimated dimension 3 of 6 : 0.48791309874799565  | time taken : 11.127910137176514
 Thread 5 estimated dimension 3 of 6 : 0.9759522616060446  | time taken : 3.693812370300293
 Thread 6 estimated dimension 3 of 6 : 0.4836009585428901  | time taken : 10.196888446807861
 Thread 4 estimated dimension 3 of 6 : 0.951260847497893  | time taken : 4.572423934936523
 Thread 1 estimated dimension 2 of 6 : 0.2996832151336237  | time taken : 16.026787519454956
 Thread 3 estimated dimension 3 of 6 : 1  | time taken : 4.4505462646484375
 Thread 2 estimated dimension 2 of 6 : 0.7208819049042886  | time taken : 6.710827112197876
 Thread 1 estimated dimension 3 of 6 : 0.9788174679153395  | time taken : 4.034534931182861
 Thread 5 estimated dimension 4 of 6 : 0.643665863159873  | time taken : 6.530612230300903
 Thread 4 estimated dimension 4 of 6 : 0.674793178289261  | time taken : 7.201141119003296
 Thread 7 estimated dimension 4 of 6 : 0.3264788064671617  | time taken : 13.696338891983032
 Thread 1 estimated dimension 4 of 6 : 0.662296102009276  | time taken : 6.875416278839111
 Thread 2 estimated dimension 3 of 6 : 0.4861660102485301  | time taken : 10.719179153442383
 Thread 6 estimated dimension 4 of 6 : 0.337255543784054  | time taken : 13.970173835754395
 Thread 3 estimated dimension 4 of 6 : 0.33625236250651175  | time taken : 13.80157470703125
 Thread 7 estimated dimension 5 of 6 : 0.9809604464262287  | time taken : 3.8748648166656494
 Thread 7 nsolns: 15787
 Thread 5 estimated dimension 5 of 6 : 0.4642151146583689  | time taken : 9.363836765289307
 Thread 5 nsolns: 16718
 Thread 6 estimated dimension 5 of 6 : 0.9562033133066326  | time taken : 3.944359064102173
 Thread 6 nsolns: 15867
 Thread 3 estimated dimension 5 of 6 : 1  | time taken : 3.6969785690307617
 Thread 4 estimated dimension 5 of 6 : 0.4486182356236463  | time taken : 10.521124601364136
 Thread 3 nsolns: 17171
 Thread 4 nsolns: 16688
 Thread 1 estimated dimension 5 of 6 : 0.470659413282368  | time taken : 10.006918907165527
 Thread 1 nsolns: 16682
 Thread 7 estimated dimension 0 of 6 : 0.5933907029352233  | time taken : 7.800923585891724
 Thread 5 estimated dimension 0 of 6 : 0.5653856036201864  | time taken : 7.681084632873535
 Thread 6 estimated dimension 0 of 6 : 0.5870420078599653  | time taken : 7.868180990219116
 Thread 3 estimated dimension 0 of 6 : 0.5866331208970743  | time taken : 7.672616958618164
 Thread 2 estimated dimension 4 of 6 : 0.3266091341715688  | time taken : 13.143933773040771
 Thread 4 estimated dimension 0 of 6 : 0.5784835326009252  | time taken : 8.383070707321167
 Thread 1 estimated dimension 0 of 6 : 0.5784252134826662  | time taken : 8.091471910476685
 Thread 2 estimated dimension 5 of 6 : 0.9566632949033057  | time taken : 4.168821811676025
 Thread 2 nsolns: 16028
 Thread 5 estimated dimension 1 of 6 : 0.5662011871911707  | time taken : 8.388774394989014
 Thread 7 estimated dimension 1 of 6 : 0.5476807238487564  | time taken : 8.974607467651367
 Thread 3 estimated dimension 1 of 6 : 0.5669246825711155  | time taken : 7.863597393035889
 Thread 6 estimated dimension 1 of 6 : 0.5576307802920526  | time taken : 9.008450031280518
 Thread 4 estimated dimension 1 of 6 : 0.5645551765467616  | time taken : 8.763624906539917
 Thread 5 estimated dimension 2 of 6 : 0.7208459087641408  | time taken : 5.858713626861572
 Thread 2 estimated dimension 0 of 6 : 0.5824608865445766  | time taken : 7.792239189147949
 Thread 7 estimated dimension 2 of 6 : 0.7226580139893172  | time taken : 6.23487401008606
 Thread 1 estimated dimension 1 of 6 : 0.5481835287219012  | time taken : 8.534536361694336
 Thread 3 estimated dimension 2 of 6 : 0.6989581759864661  | time taken : 6.015113830566406
 Thread 6 estimated dimension 2 of 6 : 0.6796241366072033  | time taken : 6.060432195663452
 Thread 4 estimated dimension 2 of 6 : 0.705858122220377  | time taken : 5.721973896026611
 Thread 1 estimated dimension 2 of 6 : 0.695840735695634  | time taken : 5.754115343093872
 Thread 2 estimated dimension 1 of 6 : 0.5490124537950568  | time taken : 9.31033444404602
 Thread 7 estimated dimension 3 of 6 : 0.46599048419452815  | time taken : 10.957986831665039
 Thread 5 estimated dimension 3 of 6 : 0.48985741498111524  | time taken : 12.16332721710205
 Thread 3 estimated dimension 3 of 6 : 0.47487702089684425  | time taken : 10.284891843795776
 Thread 6 estimated dimension 3 of 6 : 0.48980462683889137  | time taken : 10.756765842437744
 Thread 4 estimated dimension 3 of 6 : 0.5010843612359227  | time taken : 10.358348846435547
 Thread 2 estimated dimension 2 of 6 : 0.7723641147779301  | time taken : 6.631718635559082
 Thread 1 estimated dimension 3 of 6 : 0.483387473807163  | time taken : 11.110523223876953
 Thread 7 estimated dimension 4 of 6 : 0.329052493243407  | time taken : 13.174721956253052
 Thread 5 estimated dimension 4 of 6 : 0.33885795976178557  | time taken : 13.834080457687378
 Thread 2 estimated dimension 3 of 6 : 0.48962399456556205  | time taken : 10.348083734512329
 Thread 3 estimated dimension 4 of 6 : 0.324502177608715  | time taken : 14.226918697357178
 Thread 6 estimated dimension 4 of 6 : 0.3343478912947552  | time taken : 13.597890615463257
 Thread 7 estimated dimension 5 of 6 : 0.9718163717189487  | time taken : 3.1804418563842773
 Thread 7 nsolns: 15931
 Thread 4 estimated dimension 4 of 6 : 0.33563272396775673  | time taken : 14.464574337005615
 Thread 5 estimated dimension 5 of 6 : 0.9509337867512033  | time taken : 4.30622410774231
 Thread 5 nsolns: 15953
 Thread 3 estimated dimension 5 of 6 : 0.9794070270404108  | time taken : 4.204862356185913
 Thread 1 estimated dimension 4 of 6 : 0.3379147709341352  | time taken : 13.399013757705688
 Thread 3 nsolns: 15980
 Thread 6 estimated dimension 5 of 6 : 0.9873661907447326  | time taken : 4.105833292007446
 Thread 6 nsolns: 15919
 Thread 4 estimated dimension 5 of 6 : 0.9944055590590617  | time taken : 4.014921188354492
 Thread 4 nsolns: 15932
 Thread 1 estimated dimension 5 of 6 : 0.9963342751561537  | time taken : 4.164684057235718
 Thread 1 nsolns: 15917
 Thread 7 estimated dimension 0 of 6 : 0.6066922694513618  | time taken : 8.287140607833862
 Thread 5 estimated dimension 0 of 6 : 0.595185422131762  | time taken : 7.955146074295044
 Thread 3 estimated dimension 0 of 6 : 0.5889130493076834  | time taken : 7.748060703277588
 Thread 6 estimated dimension 0 of 6 : 0.5934303173490878  | time taken : 7.64406418800354
 Thread 2 estimated dimension 4 of 6 : 0.3352134569013942  | time taken : 13.221065759658813
 Thread 4 estimated dimension 0 of 6 : 0.5953270783048782  | time taken : 7.446022987365723
 Thread 1 estimated dimension 0 of 6 : 0.5853994305390504  | time taken : 7.980990648269653
 Thread 2 estimated dimension 5 of 6 : 0.9988946202557579  | time taken : 4.121655225753784
 Thread 2 nsolns: 15823
 Thread 7 estimated dimension 1 of 6 : 0.5637867157527362  | time taken : 8.478673696517944
 Thread 5 estimated dimension 1 of 6 : 0.5620337446211746  | time taken : 9.003371477127075
 Thread 3 estimated dimension 1 of 6 : 0.5523924176023167  | time taken : 8.920852661132812
 Thread 6 estimated dimension 1 of 6 : 0.5570537786986319  | time taken : 8.884094953536987
 Thread 4 estimated dimension 1 of 6 : 0.5421421433657971  | time taken : 8.35801076889038
 Thread 7 estimated dimension 2 of 6 : 0.7212816672735666  | time taken : 5.329199552536011
 Thread 1 estimated dimension 1 of 6 : 0.5572788412195276  | time taken : 8.374927282333374
 Thread 2 estimated dimension 0 of 6 : 0.5932844732542595  | time taken : 8.073198080062866
 Thread 5 estimated dimension 2 of 6 : 0.7173999093597045  | time taken : 6.131619215011597
 Thread 3 estimated dimension 2 of 6 : 0.7059505166523737  | time taken : 6.237584352493286
 Thread 4 estimated dimension 2 of 6 : 0.6899482997378252  | time taken : 5.934331178665161
 Thread 1 estimated dimension 2 of 6 : 0.7152728051771106  | time taken : 6.261605262756348
 Thread 2 estimated dimension 1 of 6 : 0.5604732112345019  | time taken : 8.298850536346436
 Thread 7 estimated dimension 3 of 6 : 0.4953803508343804  | time taken : 11.806512594223022
 Thread 6 estimated dimension 2 of 6 : 0.2989483789034613  | time taken : 15.643983364105225
 Thread 3 estimated dimension 3 of 6 : 0.5057818057698721  | time taken : 10.691251039505005
 Thread 4 estimated dimension 3 of 6 : 0.47089886623540805  | time taken : 10.562507390975952
 Thread 5 estimated dimension 3 of 6 : 0.481473996447565  | time taken : 11.848419904708862
 Thread 2 estimated dimension 2 of 6 : 0.726368347586616  | time taken : 5.901782035827637
 Thread 6 estimated dimension 3 of 6 : 1  | time taken : 3.4320850372314453
 Thread 1 estimated dimension 3 of 6 : 0.48354833524532637  | time taken : 10.020930051803589
 Thread 7 estimated dimension 4 of 6 : 0.661090496028455  | time taken : 7.062030076980591
 Thread 6 estimated dimension 4 of 6 : 0.652412297031608  | time taken : 7.424386739730835
 Thread 3 estimated dimension 4 of 6 : 0.3292982613792937  | time taken : 13.129547834396362
 Thread 5 estimated dimension 4 of 6 : 0.3369268112457682  | time taken : 13.093928575515747
 Thread 4 estimated dimension 4 of 6 : 0.33894445517363936  | time taken : 13.82997989654541
 Thread 2 estimated dimension 3 of 6 : 0.47985174513247203  | time taken : 12.21957802772522
 Thread 7 estimated dimension 5 of 6 : 0.45696503167912766  | time taken : 9.755310535430908
 Thread 7 nsolns: 15390
 Thread 1 estimated dimension 4 of 6 : 0.3394884662814623  | time taken : 13.368137836456299
 Thread 3 estimated dimension 5 of 6 : 0.9687824088372988  | time taken : 3.8443570137023926
 Thread 3 nsolns: 15978
 Thread 5 estimated dimension 5 of 6 : 0.9908325825420243  | time taken : 4.005859613418579
 Thread 5 nsolns: 15889
 Thread 4 estimated dimension 5 of 6 : 0.9246793278981935  | time taken : 4.145348787307739
 Thread 4 nsolns: 15843
 Thread 6 estimated dimension 5 of 6 : 0.46600294886113874  | time taken : 9.125621318817139
 Thread 6 nsolns: 16584
 Thread 1 estimated dimension 5 of 6 : 0.9926206781618322  | time taken : 3.9108636379241943
 Thread 1 nsolns: 15914
 Thread 7 estimated dimension 0 of 6 : 0.5950458811736624  | time taken : 8.078001260757446
 Thread 3 estimated dimension 0 of 6 : 0.6191047762184158  | time taken : 7.866202116012573
 Thread 5 estimated dimension 0 of 6 : 0.5856121534946239  | time taken : 8.511287450790405
 Thread 4 estimated dimension 0 of 6 : 0.599584747876571  | time taken : 8.317312479019165
 Thread 6 estimated dimension 0 of 6 : 0.598930673339367  | time taken : 7.801438570022583
 Thread 2 estimated dimension 4 of 6 : 0.3306235418319726  | time taken : 14.092357158660889
 Thread 1 estimated dimension 0 of 6 : 0.5990774795013958  | time taken : 7.566859245300293
 Thread 7 estimated dimension 1 of 6 : 0.5684178860149818  | time taken : 8.454386711120605
 Thread 2 estimated dimension 5 of 6 : 1  | time taken : 4.315997838973999
 Thread 2 nsolns: 15924
 Thread 3 estimated dimension 1 of 6 : 0.5523400023709499  | time taken : 7.700373888015747
 Thread 5 estimated dimension 1 of 6 : 0.5711699570294451  | time taken : 8.486056089401245
 Thread 4 estimated dimension 1 of 6 : 0.5715403704855382  | time taken : 8.86608600616455
 Thread 6 estimated dimension 1 of 6 : 0.5522100122520937  | time taken : 9.226816654205322
 Thread 7 estimated dimension 2 of 6 : 0.7227506729219102  | time taken : 5.946178913116455
 Thread 1 estimated dimension 1 of 6 : 0.5592955267586521  | time taken : 9.604257822036743
 Thread 3 estimated dimension 2 of 6 : 0.7254546551321183  | time taken : 5.688030958175659
 Thread 2 estimated dimension 0 of 6 : 0.5870156005307366  | time taken : 7.497642278671265
 Thread 4 estimated dimension 2 of 6 : 0.7449741678583464  | time taken : 5.539605379104614
 Thread 6 estimated dimension 2 of 6 : 0.7416377649546579  | time taken : 6.222162485122681
 Thread 1 estimated dimension 2 of 6 : 0.7326913483276842  | time taken : 6.428029537200928
 Thread 2 estimated dimension 1 of 6 : 0.5650779410763153  | time taken : 8.401111364364624
 Thread 7 estimated dimension 3 of 6 : 0.4644843666015401  | time taken : 11.936074495315552
 Thread 3 estimated dimension 3 of 6 : 0.48981213083504826  | time taken : 11.436419486999512
 Thread 5 estimated dimension 2 of 6 : 0.30645570802397204  | time taken : 15.612442970275879
 Thread 4 estimated dimension 3 of 6 : 0.4859569439479635  | time taken : 10.30136775970459
 Thread 6 estimated dimension 3 of 6 : 0.4785428213702629  | time taken : 10.30306100845337
 Thread 2 estimated dimension 2 of 6 : 0.7182111137755035  | time taken : 5.889195680618286
 Thread 5 estimated dimension 3 of 6 : 1  | time taken : 4.391462564468384
 Thread 1 estimated dimension 3 of 6 : 0.4973533922544869  | time taken : 11.8749840259552
 Thread 5 estimated dimension 4 of 6 : 0.6440307068005502  | time taken : 6.717787742614746
 Thread 7 estimated dimension 4 of 6 : 0.33605886162406623  | time taken : 14.09659218788147
 Thread 4 estimated dimension 4 of 6 : 0.3363116834835866  | time taken : 12.47183871269226
 Thread 3 estimated dimension 4 of 6 : 0.33496067133948043  | time taken : 14.792487144470215
 Thread 2 estimated dimension 3 of 6 : 0.4755128516107188  | time taken : 11.19224214553833
 Thread 6 estimated dimension 4 of 6 : 0.32572132463971654  | time taken : 13.495253562927246
 Thread 7 estimated dimension 5 of 6 : 1  | time taken : 4.094136953353882
 Thread 7 nsolns: 15971
 Thread 4 estimated dimension 5 of 6 : 1  | time taken : 4.0232625007629395
 Thread 4 nsolns: 15840
 Thread 3 estimated dimension 5 of 6 : 0.9710496126626312  | time taken : 4.18302321434021
 Thread 3 nsolns: 15936
 Thread 6 estimated dimension 5 of 6 : 1  | time taken : 3.8815197944641113
 Thread 6 nsolns: 15917
 Thread 1 estimated dimension 4 of 6 : 0.3265101048892386  | time taken : 14.357215166091919
 Thread 5 estimated dimension 5 of 6 : 0.4598779332351812  | time taken : 11.184975624084473
 Thread 5 nsolns: 16654
 Thread 7 estimated dimension 0 of 6 : 0.6143370520383749  | time taken : 7.845463037490845
 Thread 1 estimated dimension 5 of 6 : 0.966598110194622  | time taken : 4.467801332473755
 Thread 1 nsolns: 15927
 Thread 4 estimated dimension 0 of 6 : 0.6003654745137924  | time taken : 7.43451189994812
 Thread 3 estimated dimension 0 of 6 : 0.586140030111909  | time taken : 7.608338832855225
 Thread 6 estimated dimension 0 of 6 : 0.5960469728056692  | time taken : 7.689910650253296
 Thread 2 estimated dimension 4 of 6 : 0.3424179106144864  | time taken : 13.170250415802002
 Thread 5 estimated dimension 0 of 6 : 0.6008061309233516  | time taken : 7.906972885131836
 Thread 1 estimated dimension 0 of 6 : 0.5831798361996204  | time taken : 7.558755159378052
 Thread 2 estimated dimension 5 of 6 : 1  | time taken : 4.387281179428101
 Thread 2 nsolns: 15818
 Thread 7 estimated dimension 1 of 6 : 0.523173348049716  | time taken : 8.496151208877563
 Thread 4 estimated dimension 1 of 6 : 0.5536687389342825  | time taken : 9.178079605102539
 Thread 3 estimated dimension 1 of 6 : 0.5698020323762588  | time taken : 8.2938072681427
 Thread 6 estimated dimension 1 of 6 : 0.5558488436719028  | time taken : 8.791987657546997
 Thread 5 estimated dimension 1 of 6 : 0.5545391302222321  | time taken : 8.267231941223145
 Thread 7 estimated dimension 2 of 6 : 0.7263849058063618  | time taken : 5.920851230621338
 Thread 4 estimated dimension 2 of 6 : 0.723138323019046  | time taken : 6.0082173347473145
 Thread 2 estimated dimension 0 of 6 : 0.5983022841388407  | time taken : 7.82021427154541
 Thread 1 estimated dimension 1 of 6 : 0.5457175470649386  | time taken : 8.522271156311035
 Thread 5 estimated dimension 2 of 6 : 0.7364080254206135  | time taken : 5.595633506774902
 Thread 1 estimated dimension 2 of 6 : 0.7268780693148558  | time taken : 6.03131365776062
 Thread 2 estimated dimension 1 of 6 : 0.5609436851576708  | time taken : 8.37535548210144
 Thread 7 estimated dimension 3 of 6 : 0.48713030177222955  | time taken : 10.480358839035034
 Thread 3 estimated dimension 2 of 6 : 0.3076426285152362  | time taken : 16.48795509338379
 Thread 4 estimated dimension 3 of 6 : 0.4782714081801584  | time taken : 11.426094770431519
 Thread 6 estimated dimension 2 of 6 : 0.3041884558590626  | time taken : 15.322705030441284
 Thread 2 estimated dimension 2 of 6 : 0.7105264650553761  | time taken : 5.791591167449951
 Thread 3 estimated dimension 3 of 6 : 1  | time taken : 4.020927429199219
 Thread 5 estimated dimension 3 of 6 : 0.4712757746555696  | time taken : 10.995099782943726
 Thread 6 estimated dimension 3 of 6 : 1  | time taken : 4.111504554748535
 Thread 1 estimated dimension 3 of 6 : 0.49703378460769154  | time taken : 10.466203927993774
 Thread 3 estimated dimension 4 of 6 : 0.6835673838347898  | time taken : 6.883765697479248
 Thread 7 estimated dimension 4 of 6 : 0.3234342232549531  | time taken : 14.339900732040405
 Thread 4 estimated dimension 4 of 6 : 0.3393033224493719  | time taken : 14.414807558059692
 Thread 2 estimated dimension 3 of 6 : 0.49177417692538694  | time taken : 11.63225269317627
 Thread 7 estimated dimension 5 of 6 : 1  | time taken : 3.6052935123443604
 Thread 7 nsolns: 15981
 Thread 6 estimated dimension 4 of 6 : 0.3362253815445065  | time taken : 13.092867851257324
 Thread 5 estimated dimension 4 of 6 : 0.33054747390186  | time taken : 14.220247030258179
 Thread 4 estimated dimension 5 of 6 : 1  | time taken : 3.4764797687530518
 Thread 4 nsolns: 15917
 Thread 1 estimated dimension 4 of 6 : 0.3308221318048454  | time taken : 13.419899463653564
 Thread 3 estimated dimension 5 of 6 : 0.45789956276681193  | time taken : 10.292418718338013
 Thread 3 nsolns: 16639
 Thread 6 estimated dimension 5 of 6 : 0.9893831555690127  | time taken : 3.8326640129089355
 Thread 6 nsolns: 17133
 Thread 5 estimated dimension 5 of 6 : 0.9941864757258096  | time taken : 4.1902172565460205
 Thread 5 nsolns: 15904
 Thread 1 estimated dimension 5 of 6 : 0.9571327243988333  | time taken : 3.865745782852173
 Thread 1 nsolns: 15976
 Thread 7 estimated dimension 0 of 6 : 0.5951367014731864  | time taken : 7.977569103240967
 Thread 4 estimated dimension 0 of 6 : 0.5956707913174838  | time taken : 7.490227222442627
 Thread 3 estimated dimension 0 of 6 : 0.597808010816274  | time taken : 7.971720933914185
 Thread 2 estimated dimension 4 of 6 : 0.324938080519562  | time taken : 13.892280578613281
 Thread 6 estimated dimension 0 of 6 : 0.5924685447779056  | time taken : 8.324811935424805
 Thread 5 estimated dimension 0 of 6 : 0.6022307984317316  | time taken : 7.707616090774536
 Thread 1 estimated dimension 0 of 6 : 0.5746829037667859  | time taken : 8.405420780181885
 Thread 7 estimated dimension 1 of 6 : 0.5737564956390233  | time taken : 8.338274717330933
 Thread 2 estimated dimension 5 of 6 : 1  | time taken : 4.266468286514282
 Thread 2 nsolns: 15800
 Thread 4 estimated dimension 1 of 6 : 0.5424188956973175  | time taken : 8.20899486541748
 Thread 3 estimated dimension 1 of 6 : 0.5426160349162965  | time taken : 8.145700931549072
 Thread 7 estimated dimension 2 of 6 : 0.7272289328889586  | time taken : 5.8848090171813965
 Thread 5 estimated dimension 1 of 6 : 0.5572035876508752  | time taken : 8.125423669815063
 Thread 6 estimated dimension 1 of 6 : 0.5497664515246582  | time taken : 9.17486834526062
 Thread 4 estimated dimension 2 of 6 : 0.7323680430504388  | time taken : 5.70229697227478
 Thread 1 estimated dimension 1 of 6 : 0.560252397262616  | time taken : 9.11411166191101
 Thread 2 estimated dimension 0 of 6 : 0.5612392416361929  | time taken : 7.857043266296387
 Thread 3 estimated dimension 2 of 6 : 0.7019704922137995  | time taken : 5.879828691482544
 Thread 5 estimated dimension 2 of 6 : 0.7126412606771629  | time taken : 6.395196199417114
 Thread 1 estimated dimension 2 of 6 : 0.7069820514380367  | time taken : 6.225390911102295
 Thread 7 estimated dimension 3 of 6 : 0.4873389694752941  | time taken : 10.505834579467773
 Thread 2 estimated dimension 1 of 6 : 0.5323111986661814  | time taken : 8.181808471679688
 Thread 4 estimated dimension 3 of 6 : 0.4986920578189493  | time taken : 11.483231544494629
 Thread 5 estimated dimension 3 of 6 : 0.4903461887112048  | time taken : 9.44758415222168
 Thread 3 estimated dimension 3 of 6 : 0.4967419765781861  | time taken : 11.238022565841675
 Thread 6 estimated dimension 2 of 6 : 0.30280537420578185  | time taken : 16.12039303779602
 Thread 2 estimated dimension 2 of 6 : 0.7126793809096221  | time taken : 6.097153663635254
 Thread 1 estimated dimension 3 of 6 : 0.48437525898252287  | time taken : 11.72288203239441
 Thread 6 estimated dimension 3 of 6 : 0.9737356913345652  | time taken : 4.010382652282715
 Thread 7 estimated dimension 4 of 6 : 0.3444958793308862  | time taken : 13.55722689628601
 Thread 4 estimated dimension 4 of 6 : 0.3348260533801525  | time taken : 13.644823789596558
 Thread 6 estimated dimension 4 of 6 : 0.676666616552268  | time taken : 6.933676481246948
 Thread 7 estimated dimension 5 of 6 : 0.995188907061184  | time taken : 4.405865430831909
 Thread 7 nsolns: 15852
 Thread 5 estimated dimension 4 of 6 : 0.3257228524482385  | time taken : 13.452999591827393
 Thread 2 estimated dimension 3 of 6 : 0.4684000982966028  | time taken : 11.824277639389038
 Thread 3 estimated dimension 4 of 6 : 0.32795261637803275  | time taken : 13.860891103744507
 Thread 4 estimated dimension 5 of 6 : 1  | time taken : 3.775322914123535
 Thread 4 nsolns: 15933
 Thread 5 estimated dimension 5 of 6 : 0.9577757051911616  | time taken : 4.094561576843262
 Thread 5 nsolns: 15880
 Thread 3 estimated dimension 5 of 6 : 0.9842954196233098  | time taken : 3.9921658039093018
 Thread 3 nsolns: 15951
 Thread 1 estimated dimension 4 of 6 : 0.32568213542156416  | time taken : 14.398935317993164
 Thread 7 estimated dimension 0 of 6 : 0.6148392297478064  | time taken : 7.693470001220703
 Thread 6 estimated dimension 5 of 6 : 0.46509162398837584  | time taken : 9.61414384841919
 Thread 6 nsolns: 16743
 Thread 4 estimated dimension 0 of 6 : 0.5834566105493857  | time taken : 7.84628963470459
 Thread 1 estimated dimension 5 of 6 : 0.9886298387748095  | time taken : 4.221828460693359
 Thread 1 nsolns: 16008
 Thread 3 estimated dimension 0 of 6 : 0.5986303041687114  | time taken : 7.350558757781982
 Thread 5 estimated dimension 0 of 6 : 0.6041427775809054  | time taken : 7.968731164932251
 Thread 2 estimated dimension 4 of 6 : 0.33199845744917933  | time taken : 14.284925699234009
 Thread 7 estimated dimension 1 of 6 : 0.5517507930707011  | time taken : 7.986280918121338
 Thread 6 estimated dimension 0 of 6 : 0.5818396189534172  | time taken : 8.323889970779419
 Thread 2 estimated dimension 5 of 6 : 1  | time taken : 3.709925889968872
 Thread 2 nsolns: 15995
 Thread 1 estimated dimension 0 of 6 : 0.5983900718890574  | time taken : 8.242884159088135
 Thread 4 estimated dimension 1 of 6 : 0.5386089928610336  | time taken : 9.05716609954834
 Thread 3 estimated dimension 1 of 6 : 0.5559814237929164  | time taken : 8.650196075439453
 Thread 5 estimated dimension 1 of 6 : 0.5648004135938837  | time taken : 8.809529304504395
 Thread 6 estimated dimension 1 of 6 : 0.5771896475940839  | time taken : 7.528891324996948
 Thread 2 estimated dimension 0 of 6 : 0.5871457330605812  | time taken : 7.83469820022583
 Thread 3 estimated dimension 2 of 6 : 0.7258491296502321  | time taken : 6.105019807815552
 Thread 1 estimated dimension 1 of 6 : 0.5619953548427935  | time taken : 8.477693796157837
 Thread 5 estimated dimension 2 of 6 : 0.7257585645059078  | time taken : 6.6230080127716064
 Thread 6 estimated dimension 2 of 6 : 0.7359656485232021  | time taken : 6.150669813156128
 Thread 7 estimated dimension 2 of 6 : 0.3084909453898876  | time taken : 15.929964303970337
 Thread 1 estimated dimension 2 of 6 : 0.742737727655393  | time taken : 6.277618408203125
 Thread 2 estimated dimension 1 of 6 : 0.5612118702105473  | time taken : 7.795846223831177
 Thread 4 estimated dimension 2 of 6 : 0.30669119764709907  | time taken : 15.935266017913818
 Thread 7 estimated dimension 3 of 6 : 1  | time taken : 4.168717861175537
 Thread 5 estimated dimension 3 of 6 : 0.4697347354115869  | time taken : 9.697175025939941
 Thread 4 estimated dimension 3 of 6 : 1  | time taken : 3.9798755645751953
 Thread 3 estimated dimension 3 of 6 : 0.4713505034774258  | time taken : 11.83003044128418
 Thread 2 estimated dimension 2 of 6 : 0.7248702223485063  | time taken : 5.62824821472168
 Thread 6 estimated dimension 3 of 6 : 0.49194605107438916  | time taken : 11.578361749649048
 Thread 7 estimated dimension 4 of 6 : 0.6607716724857108  | time taken : 7.153500080108643
 Thread 1 estimated dimension 3 of 6 : 0.4738184106795645  | time taken : 12.263718605041504
 Thread 4 estimated dimension 4 of 6 : 0.6793260057498619  | time taken : 7.671923398971558
 Thread 2 estimated dimension 3 of 6 : 0.47880132383732726  | time taken : 9.662992238998413
 Thread 5 estimated dimension 4 of 6 : 0.3345599463220853  | time taken : 13.978493690490723
 Thread 3 estimated dimension 4 of 6 : 0.337056003506326  | time taken : 13.018031597137451
 Thread 7 estimated dimension 5 of 6 : 0.43984627634045914  | time taken : 10.324382781982422
 Thread 7 nsolns: 16742
 Thread 6 estimated dimension 4 of 6 : 0.33049932082355016  | time taken : 12.761814594268799
 Thread 3 estimated dimension 5 of 6 : 1  | time taken : 3.273505687713623
 Thread 3 nsolns: 15944
 Thread 4 estimated dimension 5 of 6 : 0.4758628319694815  | time taken : 8.838501930236816
 Thread 4 nsolns: 16623
 Thread 5 estimated dimension 5 of 6 : 0.9953517456656317  | time taken : 3.9932119846343994
 Thread 5 nsolns: 15907
 Thread 6 estimated dimension 5 of 6 : 1  | time taken : 2.0246472358703613
 Thread 6 nsolns: 15869
 Thread 1 estimated dimension 4 of 6 : 0.33860778639713324  | time taken : 11.332698583602905
 Thread 2 estimated dimension 4 of 6 : 0.34250951371892546  | time taken : 8.726332426071167
 Thread 1 estimated dimension 5 of 6 : 0.9886435189655477  | time taken : 1.2001256942749023
 Thread 1 nsolns: 15890
 Thread 2 estimated dimension 5 of 6 : 1  | time taken : 1.202193021774292
 Thread 2 nsolns: 15915
 Thread 1 estimated dimension 0 of 6 : 0.6234241118324263  | time taken : 1.807854175567627
 Thread 1 estimated dimension 1 of 6 : 0.5563516202682534  | time taken : 1.683901309967041
 Thread 1 estimated dimension 2 of 6 : 0.2995874981590682  | time taken : 3.0164482593536377
 Thread 1 estimated dimension 3 of 6 : 1  | time taken : 0.8160090446472168
 Thread 1 estimated dimension 4 of 6 : 0.6655996632034161  | time taken : 1.3630504608154297
 Thread 1 estimated dimension 5 of 6 : 0.4632497252643353  | time taken : 1.8707289695739746
 Thread 1 nsolns: 16581
 estimated weights : [0.038335287432063006, 0.03771869931319896, 0.03774017886216158, 0.03748280151490781, 0.03923052958853699, 0.036166073541346225, 0.03075037420793758, 0.03944457755732759, 0.03800187822171176, 0.037327330699023754, 0.03808327686183216, 0.0307381596634871, 0.038328527100698555, 0.03418217087781964, 0.0380618338605458, 0.03918642437832575, 0.03883087893196989, 0.03692171216261218, 0.03437636420174158, 0.03876005303926659, 0.03378024337942021, 0.03954631840202816, 0.02902083806637087, 0.03564795894477008, 0.03519924732797026, 0.026870407870784468, 0.029958788549479084, 0.03591741693361225, 0.03499672958543414, 0.036424669144826755, 0.03508367830757858, 0.035973644293791636, 0.03855258477351921, 0.035907956161165024, 0.040492525301448506, 0.03692077864589919, 0.0370554448498442, 0.03857311235612628, 0.0328649276886741, 0.030045114289593406, 0.03802286152341471, 0.03831912695931074, 0.038158662728219536, 0.04172328071339511, 0.03952261740758079, 0.038233113541840565, 0.030359338019869557, 0.038534795249534105, 0.038790810197173585, 0.03678326273497604, 0.039007635089463054, 0.032160548774341165, 0.033525474142770066, 0.03799809944550942, 0.036406976594175924, 0.038105399028156565, 0.041489308497759385, 0.03951137980834287, 0.03658159855381617, 0.036512421462654994, 0.0302246631271942, 0.03550013400734268, 0.03311012874551335, 0.030415803470277922, 0.038380566640332084, 0.031156129608502427, 0.03873735538116103, 0.040185318726734365, 0.039618788023764825, 0.03917066984473159, 0.032039438960783914]
