numSolutions: 82 k : 273
1 82 0.1 0.0012195121951219512

 Thread 6 estimated dimension 0 of 1 : 0.4816742648676892  | time taken : 1.8937907218933105
 Thread 6 nsolns: 555
 Thread 4 estimated dimension 0 of 1 : 0.5921128283447435  | time taken : 1.9598734378814697
 Thread 2 estimated dimension 0 of 1 : 0.5918069739438246  | time taken : 1.962343692779541
 Thread 3 estimated dimension 0 of 1 : 0.5346122357832438  | time taken : 1.99434494972229
 Thread 4 nsolns: 450
 Thread 7 estimated dimension 0 of 1 : 0.4380823526757545  | time taken : 2.0120978355407715
 Thread 2 nsolns: 449
 Thread 3 nsolns: 455
 Thread 7 nsolns: 580
 Thread 1 estimated dimension 0 of 1 : 0.5738166646190948  | time taken : 2.0473034381866455
 Thread 1 nsolns: 453
 Thread 5 estimated dimension 0 of 1 : 0.4675650754107077  | time taken : 2.617131471633911
 Thread 5 nsolns: 560
 Thread 2 estimated dimension 0 of 1 : 0.6062785987723477  | time taken : 1.7840635776519775
 Thread 2 nsolns: 453
 Thread 6 estimated dimension 0 of 1 : 0.5758800941348944  | time taken : 1.832935094833374
 Thread 6 nsolns: 459
 Thread 3 estimated dimension 0 of 1 : 0.6369178347580657  | time taken : 1.8968417644500732
 Thread 1 estimated dimension 0 of 1 : 0.5460459338804604  | time taken : 1.8293633460998535
 Thread 3 nsolns: 455
 Thread 1 nsolns: 556
 Thread 7 estimated dimension 0 of 1 : 0.4807358088687339  | time taken : 2.153104543685913
 Thread 4 estimated dimension 0 of 1 : 0.6432549749523878  | time taken : 2.1533026695251465
 Thread 4 nsolns: 438
 Thread 7 nsolns: 560
 Thread 5 estimated dimension 0 of 1 : 0.5693400472478346  | time taken : 2.2016947269439697
 Thread 5 nsolns: 455
 Thread 2 estimated dimension 0 of 1 : 0.46952376315724687  | time taken : 1.8708090782165527
 Thread 2 nsolns: 565
 Thread 7 estimated dimension 0 of 1 : 0.6091915083654633  | time taken : 1.507218837738037
 Thread 3 estimated dimension 0 of 1 : 0.6276594450980679  | time taken : 1.7640230655670166
 Thread 7 nsolns: 448
 Thread 3 nsolns: 453
 Thread 6 estimated dimension 0 of 1 : 0.6225644070771508  | time taken : 2.010472297668457
 Thread 4 estimated dimension 0 of 1 : 0.491228280804216  | time taken : 1.7344043254852295
 Thread 6 nsolns: 457
 Thread 4 nsolns: 545
 Thread 1 estimated dimension 0 of 1 : 0.551420946453503  | time taken : 1.9957153797149658
 Thread 1 nsolns: 559
 Thread 5 estimated dimension 0 of 1 : 0.4813560786916638  | time taken : 1.861785888671875
 Thread 5 nsolns: 557
 Thread 4 estimated dimension 0 of 1 : 0.48310885171308177  | time taken : 1.5338807106018066
 Thread 4 nsolns: 557
 Thread 3 estimated dimension 0 of 1 : 0.5342223219009257  | time taken : 1.8374569416046143
 Thread 3 nsolns: 553
 Thread 2 estimated dimension 0 of 1 : 0.6203369012898517  | time taken : 1.9813799858093262
 Thread 2 nsolns: 456
 Thread 6 estimated dimension 0 of 1 : 0.5652329027255579  | time taken : 1.936687707901001
 Thread 6 nsolns: 458
 Thread 1 estimated dimension 0 of 1 : 0.4965179984469358  | time taken : 1.9086101055145264
 Thread 7 estimated dimension 0 of 1 : 0.46830578834188213  | time taken : 2.2958133220672607
 Thread 1 nsolns: 553
 Thread 7 nsolns: 558
 Thread 5 estimated dimension 0 of 1 : 0.5570544868339222  | time taken : 2.058483123779297
 Thread 5 nsolns: 470
 Thread 3 estimated dimension 0 of 1 : 0.4818480986526543  | time taken : 1.7099218368530273
 Thread 3 nsolns: 562
 Thread 4 estimated dimension 0 of 1 : 0.5781414794778863  | time taken : 1.900324821472168
 Thread 4 nsolns: 463
 Thread 6 estimated dimension 0 of 1 : 0.4721099072528118  | time taken : 1.6294827461242676
 Thread 6 nsolns: 556
 Thread 2 estimated dimension 0 of 1 : 0.4909052992009847  | time taken : 2.0476903915405273
 Thread 2 nsolns: 567
 Thread 1 estimated dimension 0 of 1 : 0.5548036751157658  | time taken : 2.2362372875213623
 Thread 1 nsolns: 454
 Thread 5 estimated dimension 0 of 1 : 0.6347886484455731  | time taken : 1.713648796081543
 Thread 5 nsolns: 446
 Thread 3 estimated dimension 0 of 1 : 0.4766893089990623  | time taken : 1.4089739322662354
 Thread 7 estimated dimension 0 of 1 : 0.5071978441557168  | time taken : 2.8100085258483887
 Thread 3 nsolns: 551
 Thread 7 nsolns: 554
 Thread 4 estimated dimension 0 of 1 : 0.6036851778935205  | time taken : 1.905405044555664
 Thread 4 nsolns: 450
 Thread 6 estimated dimension 0 of 1 : 0.48333098648702355  | time taken : 2.17513370513916
 Thread 6 nsolns: 555
 Thread 3 estimated dimension 0 of 1 : 0.5730285161886867  | time taken : 1.3104755878448486
 Thread 2 estimated dimension 0 of 1 : 0.539053010147532  | time taken : 2.333458662033081
 Thread 3 nsolns: 462
 Thread 2 nsolns: 561
 Thread 1 estimated dimension 0 of 1 : 0.5816220146815886  | time taken : 2.1636390686035156
 Thread 1 nsolns: 454
 Thread 7 estimated dimension 0 of 1 : 0.5040550725447589  | time taken : 2.0628325939178467
 Thread 5 estimated dimension 0 of 1 : 0.5931224085330313  | time taken : 2.1841182708740234
 Thread 7 nsolns: 557
 Thread 5 nsolns: 458
 Thread 6 estimated dimension 0 of 1 : 0.47952295122157584  | time taken : 1.454484224319458
 Thread 6 nsolns: 558
 Thread 4 estimated dimension 0 of 1 : 0.4752558493576617  | time taken : 2.1864278316497803
 Thread 4 nsolns: 556
 Thread 3 estimated dimension 0 of 1 : 0.5850854509132394  | time taken : 1.884140968322754
 Thread 3 nsolns: 467
 Thread 2 estimated dimension 0 of 1 : 0.46228119987765515  | time taken : 1.9616034030914307
 Thread 2 nsolns: 551
 Thread 1 estimated dimension 0 of 1 : 0.4830246506704646  | time taken : 1.6442992687225342
 Thread 1 nsolns: 556
 Thread 6 estimated dimension 0 of 1 : 0.5465041203566658  | time taken : 1.7392244338989258
 Thread 5 estimated dimension 0 of 1 : 0.567298135083595  | time taken : 2.1575205326080322
 Thread 6 nsolns: 453
 Thread 5 nsolns: 455
 Thread 7 estimated dimension 0 of 1 : 0.49006735572060517  | time taken : 2.408339738845825
 Thread 7 nsolns: 567
 Thread 3 estimated dimension 0 of 1 : 0.585857245494919  | time taken : 1.6835384368896484
 Thread 3 nsolns: 469
 Thread 2 estimated dimension 0 of 1 : 0.5880340127576519  | time taken : 1.7659776210784912
 Thread 4 estimated dimension 0 of 1 : 0.4879337770022394  | time taken : 2.3508002758026123
 Thread 2 nsolns: 455
 Thread 4 nsolns: 567
 Thread 1 estimated dimension 0 of 1 : 0.4952319102276257  | time taken : 2.1448488235473633
 Thread 1 nsolns: 553
 Thread 6 estimated dimension 0 of 1 : 0.4896601804092676  | time taken : 2.012795925140381
 Thread 6 nsolns: 553
 Thread 5 estimated dimension 0 of 1 : 0.6253211470931642  | time taken : 2.035393238067627
 Thread 5 nsolns: 453
 Thread 7 estimated dimension 0 of 1 : 0.49264747336229636  | time taken : 1.8569250106811523
 Thread 7 nsolns: 564
 Thread 3 estimated dimension 0 of 1 : 0.5081823637335781  | time taken : 2.0082454681396484
 Thread 3 nsolns: 544
 Thread 4 estimated dimension 0 of 1 : 0.49098387760826157  | time taken : 1.8844037055969238
 Thread 2 estimated dimension 0 of 1 : 0.6370552829802265  | time taken : 1.899702787399292
 Thread 4 nsolns: 542
 Thread 2 nsolns: 454
 Thread 1 estimated dimension 0 of 1 : 0.6147417436082683  | time taken : 1.7982683181762695
 Thread 1 nsolns: 453
 Thread 6 estimated dimension 0 of 1 : 0.612377814901521  | time taken : 1.4863266944885254
 Thread 6 nsolns: 455
 Thread 5 estimated dimension 0 of 1 : 0.5498722481366348  | time taken : 1.5667765140533447
 Thread 5 nsolns: 454
 Thread 7 estimated dimension 0 of 1 : 0.4706019400368345  | time taken : 1.5598154067993164
 Thread 7 nsolns: 549
 Thread 4 estimated dimension 0 of 1 : 0.5655777248896363  | time taken : 1.4256141185760498
 Thread 4 nsolns: 471
 Thread 2 estimated dimension 0 of 1 : 0.611916357193322  | time taken : 1.5342531204223633
 Thread 2 nsolns: 465
 Thread 1 estimated dimension 0 of 1 : 0.5562187446774629  | time taken : 1.3267669677734375
 Thread 1 nsolns: 463
 Thread 7 estimated dimension 0 of 1 : 0.558478602960668  | time taken : 0.7936043739318848
 Thread 7 nsolns: 453
 Thread 5 estimated dimension 0 of 1 : 0.48522666038564477  | time taken : 0.9603502750396729
 Thread 5 nsolns: 557
 Thread 1 estimated dimension 0 of 1 : 0.5687661624345313  | time taken : 0.3892221450805664
 Thread 1 nsolns: 457
 estimated weights : [0.4816742648676892, 0.5921128283447435, 0.5918069739438246, 0.5346122357832438, 0.4380823526757545, 0.5738166646190948, 0.4675650754107077, 0.6062785987723477, 0.5758800941348944, 0.6369178347580657, 0.5460459338804604, 0.6432549749523878, 0.4807358088687339, 0.5693400472478346, 0.46952376315724687, 0.6091915083654633, 0.6276594450980679, 0.6225644070771508, 0.491228280804216, 0.551420946453503, 0.4813560786916638, 0.48310885171308177, 0.5342223219009257, 0.6203369012898517, 0.5652329027255579, 0.4965179984469358, 0.46830578834188213, 0.5570544868339222, 0.4818480986526543, 0.5781414794778863, 0.4721099072528118, 0.4909052992009847, 0.5548036751157658, 0.6347886484455731, 0.4766893089990623, 0.5071978441557168, 0.6036851778935205, 0.48333098648702355, 0.5730285161886867, 0.539053010147532, 0.5816220146815886, 0.5040550725447589, 0.5931224085330313, 0.47952295122157584, 0.4752558493576617, 0.5850854509132394, 0.46228119987765515, 0.4830246506704646, 0.5465041203566658, 0.567298135083595, 0.49006735572060517, 0.585857245494919, 0.5880340127576519, 0.4879337770022394, 0.4952319102276257, 0.4896601804092676, 0.6253211470931642, 0.49264747336229636, 0.5081823637335781, 0.49098387760826157, 0.6370552829802265, 0.6147417436082683, 0.612377814901521, 0.5498722481366348, 0.4706019400368345, 0.5655777248896363, 0.611916357193322, 0.5562187446774629, 0.558478602960668, 0.48522666038564477, 0.5687661624345313]
