numSolutions: 150 k : 5651
6 150 0.020412414523193152 0.00011111111111111113

 Thread 8 estimated dimension 0 of 6 : 0.6162868425161321  | time taken : 11.767529249191284
 Thread 4 estimated dimension 0 of 6 : 0.5949084555295223  | time taken : 11.817927598953247
 Thread 2 estimated dimension 0 of 6 : 0.5982121087313259  | time taken : 11.902541399002075
 Thread 6 estimated dimension 0 of 6 : 0.6012548489935885  | time taken : 11.866022825241089
 Thread 3 estimated dimension 0 of 6 : 0.592529256814206  | time taken : 11.954406976699829
 Thread 1 estimated dimension 0 of 6 : 0.6002337024412598  | time taken : 12.084102630615234
 Thread 7 estimated dimension 0 of 6 : 0.6066486436039807  | time taken : 12.15154480934143
 Thread 5 estimated dimension 0 of 6 : 0.39782052017495395  | time taken : 15.488335609436035
 Thread 2 estimated dimension 1 of 6 : 0.7125164672441349  | time taken : 9.378091812133789
 Thread 4 estimated dimension 1 of 6 : 0.7096386529493999  | time taken : 9.61697769165039
 Thread 6 estimated dimension 1 of 6 : 0.7156870047900493  | time taken : 9.778896808624268
 Thread 3 estimated dimension 1 of 6 : 0.7097801006190505  | time taken : 9.85728120803833
 Thread 1 estimated dimension 1 of 6 : 0.7088762667328476  | time taken : 9.729922533035278
 Thread 8 estimated dimension 1 of 6 : 0.7014728502299153  | time taken : 10.34938359260559
 Thread 5 estimated dimension 1 of 6 : 0.38476873610778567  | time taken : 18.32793641090393
 Thread 2 estimated dimension 2 of 6 : 0.49133017935948037  | time taken : 14.218097448348999
 Thread 4 estimated dimension 2 of 6 : 0.4893862638860787  | time taken : 13.989434719085693
 Thread 3 estimated dimension 2 of 6 : 0.4927520382879171  | time taken : 13.666318416595459
 Thread 6 estimated dimension 2 of 6 : 0.4901274094316457  | time taken : 13.769050359725952
 Thread 8 estimated dimension 2 of 6 : 0.4958625292919066  | time taken : 13.198626041412354
 Thread 1 estimated dimension 2 of 6 : 0.48896535410120895  | time taken : 13.53172254562378
 Thread 7 estimated dimension 1 of 6 : 0.2941314164928612  | time taken : 25.187639713287354
 Thread 5 estimated dimension 2 of 6 : 0.9896780761010869  | time taken : 3.6206984519958496
 Thread 7 estimated dimension 2 of 6 : 0.9873968995473905  | time taken : 3.8561978340148926
 Thread 5 estimated dimension 3 of 6 : 1  | time taken : 3.586337089538574
 Thread 7 estimated dimension 3 of 6 : 1  | time taken : 3.851651906967163
 Thread 1 estimated dimension 3 of 6 : 0.5109645496575547  | time taken : 15.472650051116943
 Thread 5 estimated dimension 4 of 6 : 0.6226435942926198  | time taken : 9.090190887451172
 Thread 2 estimated dimension 3 of 6 : 0.510344741021467  | time taken : 16.374440670013428
 Thread 7 estimated dimension 4 of 6 : 0.6307600480202726  | time taken : 6.238765239715576
 Thread 8 estimated dimension 3 of 6 : 0.4883445827243242  | time taken : 16.844549655914307
 Thread 4 estimated dimension 3 of 6 : 0.5103424467578892  | time taken : 17.14299249649048
 Thread 3 estimated dimension 3 of 6 : 0.4883552242243687  | time taken : 17.557349681854248
 Thread 6 estimated dimension 3 of 6 : 0.4926671372975134  | time taken : 17.684725046157837
 Thread 3 estimated dimension 4 of 6 : 0.6275479129061557  | time taken : 12.206738710403442
 Thread 2 estimated dimension 4 of 6 : 0.6180284446883965  | time taken : 13.757907152175903
 Thread 6 estimated dimension 4 of 6 : 0.6350113032104713  | time taken : 12.416618824005127
 Thread 7 estimated dimension 5 of 6 : 0.4968213875563779  | time taken : 15.54301929473877
 Thread 7 nsolns: 60376
 Thread 5 estimated dimension 5 of 6 : 0.4949113425625928  | time taken : 16.78320336341858
 Thread 5 nsolns: 60446
 Thread 8 estimated dimension 4 of 6 : 0.3780203907418126  | time taken : 18.8025004863739
 Thread 1 estimated dimension 4 of 6 : 0.37437942874187174  | time taken : 20.39629864692688
 Thread 4 estimated dimension 4 of 6 : 0.37726392636921535  | time taken : 19.7981858253479
 Thread 1 estimated dimension 5 of 6 : 0.9847949053626035  | time taken : 3.730191469192505
 Thread 8 estimated dimension 5 of 6 : 0.9984994264557233  | time taken : 3.7465126514434814
 Thread 1 nsolns: 60693
 Thread 8 nsolns: 61167
 Thread 4 estimated dimension 5 of 6 : 0.9904345308204845  | time taken : 2.935295343399048
 Thread 4 nsolns: 60693
 Thread 6 estimated dimension 5 of 6 : 0.5054545971044541  | time taken : 14.684467315673828
 Thread 6 nsolns: 60719
 Thread 2 estimated dimension 5 of 6 : 0.48670946499263446  | time taken : 16.100882530212402
 Thread 2 nsolns: 60440
 Thread 3 estimated dimension 5 of 6 : 0.4988133034912697  | time taken : 17.42758870124817
 Thread 5 estimated dimension 0 of 6 : 0.5971114271042326  | time taken : 14.617603302001953
 Thread 3 nsolns: 60719
 Thread 4 estimated dimension 0 of 6 : 0.6035955622465748  | time taken : 11.006199836730957
 Thread 7 estimated dimension 0 of 6 : 0.39399863404923235  | time taken : 19.399945974349976
 Thread 8 estimated dimension 0 of 6 : 0.3980855994126638  | time taken : 16.033907175064087
 Thread 5 estimated dimension 1 of 6 : 0.6996486501822012  | time taken : 8.939554929733276
 Thread 4 estimated dimension 1 of 6 : 0.6999368926676987  | time taken : 5.791359186172485
 Thread 1 estimated dimension 0 of 6 : 0.39781395674276865  | time taken : 17.7403461933136
 Thread 2 estimated dimension 0 of 6 : 0.6101617867594693  | time taken : 10.899985790252686
 Thread 6 estimated dimension 0 of 6 : 0.4002993175238284  | time taken : 14.779165744781494
 Thread 7 estimated dimension 1 of 6 : 0.6281512660650637  | time taken : 8.147138357162476
 Thread 3 estimated dimension 0 of 6 : 0.39982671745627846  | time taken : 14.448433637619019
 Thread 7 estimated dimension 2 of 6 : 1  | time taken : 4.566406965255737
 Thread 2 estimated dimension 1 of 6 : 0.7032183886609142  | time taken : 9.85719347000122
 Thread 8 estimated dimension 1 of 6 : 0.625968719139415  | time taken : 13.188297033309937
 Thread 5 estimated dimension 2 of 6 : 0.4912822886579311  | time taken : 14.242488861083984
 Thread 1 estimated dimension 1 of 6 : 0.6132636750949517  | time taken : 13.04131293296814
 Thread 4 estimated dimension 2 of 6 : 0.48334848018604076  | time taken : 14.45323133468628
 Thread 8 estimated dimension 2 of 6 : 1  | time taken : 3.2182860374450684
 Thread 6 estimated dimension 1 of 6 : 0.6183927172123156  | time taken : 12.750041484832764
 Thread 1 estimated dimension 2 of 6 : 0.9818737396341923  | time taken : 5.071974039077759
 Thread 6 estimated dimension 2 of 6 : 1  | time taken : 2.9871487617492676
 Thread 7 estimated dimension 3 of 6 : 0.5110466872538753  | time taken : 10.510124444961548
 Thread 3 estimated dimension 1 of 6 : 0.38264854781351254  | time taken : 16.07958173751831
 Thread 2 estimated dimension 2 of 6 : 0.5080223294596818  | time taken : 13.150970697402954
 Thread 3 estimated dimension 2 of 6 : 1  | time taken : 3.0482847690582275
 Thread 3 estimated dimension 3 of 6 : 1  | time taken : 3.2325291633605957
 Thread 4 estimated dimension 3 of 6 : 0.5104774396026133  | time taken : 16.00382685661316
 Thread 7 estimated dimension 4 of 6 : 0.6192950428344919  | time taken : 12.157644987106323
 Thread 8 estimated dimension 3 of 6 : 0.4862492347477629  | time taken : 15.946458578109741
 Thread 5 estimated dimension 3 of 6 : 0.4893575374480191  | time taken : 18.263821125030518
 Thread 6 estimated dimension 3 of 6 : 0.5151992859226352  | time taken : 15.432042598724365
 Thread 1 estimated dimension 3 of 6 : 0.4858918642100372  | time taken : 15.646070957183838
 Thread 2 estimated dimension 3 of 6 : 0.48717886704108665  | time taken : 11.476421356201172
 Thread 4 estimated dimension 4 of 6 : 0.6215327136297523  | time taken : 12.525921821594238
 Thread 8 estimated dimension 4 of 6 : 0.6388316294654499  | time taken : 12.406445741653442
 Thread 1 estimated dimension 4 of 6 : 0.6185340766448368  | time taken : 12.01812744140625
 Thread 7 estimated dimension 5 of 6 : 0.5034519617153884  | time taken : 16.420152187347412
 Thread 7 nsolns: 60275
 Thread 3 estimated dimension 4 of 6 : 0.37629031629822424  | time taken : 20.27497696876526
 Thread 3 estimated dimension 5 of 6 : 1  | time taken : 1.865248441696167
 Thread 3 nsolns: 60894
 Thread 5 estimated dimension 4 of 6 : 0.3752859995120725  | time taken : 19.3282208442688
 Thread 6 estimated dimension 4 of 6 : 0.37458756606669696  | time taken : 18.065678358078003
 Thread 5 estimated dimension 5 of 6 : 1  | time taken : 3.0293924808502197
 Thread 5 nsolns: 61167
 Thread 8 estimated dimension 5 of 6 : 0.5006652309304555  | time taken : 10.113698482513428
 Thread 6 estimated dimension 5 of 6 : 1  | time taken : 1.8216221332550049
 Thread 8 nsolns: 60944
 Thread 6 nsolns: 60723
 Thread 2 estimated dimension 4 of 6 : 0.37963376096640766  | time taken : 18.66222882270813
 Thread 4 estimated dimension 5 of 6 : 0.506081429242126  | time taken : 11.837827920913696
 Thread 4 nsolns: 60245
 Thread 7 estimated dimension 0 of 6 : 0.612712113761048  | time taken : 10.784980773925781
 Thread 2 estimated dimension 5 of 6 : 0.9890980620932607  | time taken : 4.098446369171143
 Thread 2 nsolns: 60685
 Thread 1 estimated dimension 5 of 6 : 0.49889857127275444  | time taken : 15.514065980911255
 Thread 1 nsolns: 60749
 Thread 3 estimated dimension 0 of 6 : 0.6034646534882134  | time taken : 11.144795417785645
 Thread 7 estimated dimension 1 of 6 : 0.7100771654011363  | time taken : 11.454363346099854
 Thread 3 estimated dimension 1 of 6 : 0.6979435394120618  | time taken : 8.180466651916504
 Thread 8 estimated dimension 0 of 6 : 0.5997713688945994  | time taken : 15.564783096313477
 Thread 6 estimated dimension 0 of 6 : 0.6055458865815606  | time taken : 15.693215370178223
 Thread 5 estimated dimension 0 of 6 : 0.6011669057413438  | time taken : 16.47627544403076
 Thread 2 estimated dimension 0 of 6 : 0.599776270221294  | time taken : 12.758573293685913
 Thread 1 estimated dimension 0 of 6 : 0.5963850452164771  | time taken : 12.274938821792603
 Thread 4 estimated dimension 0 of 6 : 0.3951699855768842  | time taken : 21.11580514907837
 Thread 6 estimated dimension 1 of 6 : 0.7129946523708203  | time taken : 10.549840450286865
 Thread 5 estimated dimension 1 of 6 : 0.7228151632512456  | time taken : 12.571388006210327
 Thread 2 estimated dimension 1 of 6 : 0.7144512710427255  | time taken : 10.899780988693237
 Thread 8 estimated dimension 1 of 6 : 0.7036437902813983  | time taken : 13.607914924621582
 Thread 3 estimated dimension 2 of 6 : 0.4859047388083739  | time taken : 17.344772338867188
 Thread 7 estimated dimension 2 of 6 : 0.49343175782012916  | time taken : 19.14379096031189
 Thread 4 estimated dimension 1 of 6 : 0.3838544139795462  | time taken : 16.416399002075195
 Thread 6 estimated dimension 2 of 6 : 0.4842037976960479  | time taken : 12.74436354637146
 Thread 4 estimated dimension 2 of 6 : 0.9940261259933272  | time taken : 1.8099589347839355
 Thread 8 estimated dimension 2 of 6 : 0.5093776448159382  | time taken : 11.38972020149231
 Thread 5 estimated dimension 2 of 6 : 0.48707425353327777  | time taken : 12.648352146148682
 Thread 2 estimated dimension 2 of 6 : 0.4893956031184671  | time taken : 12.630200386047363
 Thread 1 estimated dimension 1 of 6 : 0.2931273473360285  | time taken : 22.319117069244385
 Thread 3 estimated dimension 3 of 6 : 0.4820603875921844  | time taken : 10.659899234771729
 Thread 4 estimated dimension 3 of 6 : 0.998297735844962  | time taken : 6.123200178146362
 Thread 7 estimated dimension 3 of 6 : 0.49283779016602525  | time taken : 11.21097993850708
 Thread 1 estimated dimension 2 of 6 : 1  | time taken : 4.003439664840698
 Thread 1 estimated dimension 3 of 6 : 0.9780614689222471  | time taken : 4.065064430236816
 Thread 3 estimated dimension 4 of 6 : 0.6133001214798841  | time taken : 11.221823692321777
 Thread 6 estimated dimension 3 of 6 : 0.5183887388160391  | time taken : 15.65107798576355
 Thread 4 estimated dimension 4 of 6 : 0.6260016321911536  | time taken : 10.501278162002563
 Thread 7 estimated dimension 4 of 6 : 0.6198817226241643  | time taken : 10.523658514022827
 Thread 5 estimated dimension 3 of 6 : 0.4918833402191229  | time taken : 16.589395761489868
 Thread 1 estimated dimension 4 of 6 : 0.6290008494408124  | time taken : 7.7810328006744385
 Thread 2 estimated dimension 3 of 6 : 0.4880492447944701  | time taken : 16.689935445785522
 Thread 8 estimated dimension 3 of 6 : 0.4910770858417879  | time taken : 17.84303569793701
 Thread 6 estimated dimension 4 of 6 : 0.6190924458553895  | time taken : 11.392575979232788
 Thread 2 estimated dimension 4 of 6 : 0.6323826519314942  | time taken : 12.506308555603027
 Thread 3 estimated dimension 5 of 6 : 0.5057938931717324  | time taken : 16.957807064056396
 Thread 3 nsolns: 60719
 Thread 5 estimated dimension 4 of 6 : 0.6214817662751754  | time taken : 13.29681396484375
 Thread 4 estimated dimension 5 of 6 : 0.4970239313557931  | time taken : 16.9464328289032
 Thread 4 nsolns: 60641
 Thread 1 estimated dimension 5 of 6 : 0.5036099481634974  | time taken : 16.83018922805786
 Thread 7 estimated dimension 5 of 6 : 0.5071664420583825  | time taken : 18.906680583953857
 Thread 1 nsolns: 60181
 Thread 7 nsolns: 60719
 Thread 6 estimated dimension 5 of 6 : 0.5017225088115083  | time taken : 12.785294771194458
 Thread 6 nsolns: 60245
 Thread 8 estimated dimension 4 of 6 : 0.37997097138056957  | time taken : 22.474183082580566
 Thread 3 estimated dimension 0 of 6 : 0.6016183567269516  | time taken : 11.670997858047485
 Thread 8 estimated dimension 5 of 6 : 1  | time taken : 2.1529390811920166
 Thread 8 nsolns: 60685
 Thread 2 estimated dimension 5 of 6 : 0.4962931055772051  | time taken : 13.542704343795776
 Thread 5 estimated dimension 5 of 6 : 0.5145618854480731  | time taken : 13.043914079666138
 Thread 2 nsolns: 60914
 Thread 5 nsolns: 60719
 Thread 3 estimated dimension 1 of 6 : 0.6988870146512365  | time taken : 9.169703006744385
 Thread 4 estimated dimension 0 of 6 : 0.3996223287113762  | time taken : 19.300001621246338
 Thread 2 estimated dimension 0 of 6 : 0.5949093239924531  | time taken : 9.414299011230469
 Thread 1 estimated dimension 0 of 6 : 0.4031265433123143  | time taken : 18.733839750289917
 Thread 5 estimated dimension 0 of 6 : 0.6008288137311119  | time taken : 9.278797626495361
 Thread 7 estimated dimension 0 of 6 : 0.3961812220492497  | time taken : 19.36150622367859
 Thread 6 estimated dimension 0 of 6 : 0.4033308764279951  | time taken : 17.017481088638306
 Thread 8 estimated dimension 0 of 6 : 0.39485398716098363  | time taken : 14.806470394134521
 Thread 4 estimated dimension 1 of 6 : 0.6115947114041183  | time taken : 14.42682671546936
 Thread 3 estimated dimension 2 of 6 : 0.49207844611737184  | time taken : 16.3604519367218
 Thread 4 estimated dimension 2 of 6 : 0.9640066082208972  | time taken : 1.597806453704834
 Thread 6 estimated dimension 1 of 6 : 0.609186261331823  | time taken : 13.25528860092163
 Thread 8 estimated dimension 1 of 6 : 0.617622348048761  | time taken : 12.41977071762085
 Thread 6 estimated dimension 2 of 6 : 1  | time taken : 3.0902721881866455
 Thread 8 estimated dimension 2 of 6 : 1  | time taken : 3.3583929538726807
 Thread 1 estimated dimension 1 of 6 : 0.38497272437832886  | time taken : 21.1570942401886
 Thread 7 estimated dimension 1 of 6 : 0.386214100162672  | time taken : 21.55819058418274
 Thread 1 estimated dimension 2 of 6 : 1  | time taken : 3.2509448528289795
 Thread 7 estimated dimension 2 of 6 : 1  | time taken : 2.300581216812134
 Thread 2 estimated dimension 1 of 6 : 0.29168918454885345  | time taken : 26.762070417404175
 Thread 5 estimated dimension 1 of 6 : 0.2900999554563851  | time taken : 26.818821907043457
 Thread 4 estimated dimension 3 of 6 : 0.516208718321059  | time taken : 11.689839839935303
 Thread 3 estimated dimension 3 of 6 : 0.5080301304246986  | time taken : 12.70960021018982
 Thread 7 estimated dimension 3 of 6 : 1  | time taken : 2.982588052749634
 Thread 1 estimated dimension 3 of 6 : 1  | time taken : 4.075324535369873
 Thread 2 estimated dimension 2 of 6 : 1  | time taken : 5.494446039199829
 Thread 5 estimated dimension 2 of 6 : 0.985966883466714  | time taken : 4.8972413539886475
 Thread 6 estimated dimension 3 of 6 : 0.508881190688342  | time taken : 12.973044872283936
 Thread 5 estimated dimension 3 of 6 : 1  | time taken : 4.1053667068481445
 Thread 2 estimated dimension 3 of 6 : 1  | time taken : 4.220047950744629
 Thread 8 estimated dimension 3 of 6 : 0.4877944758274257  | time taken : 17.454468727111816
 Thread 1 estimated dimension 4 of 6 : 0.6363291767068645  | time taken : 11.391098260879517
 Thread 4 estimated dimension 4 of 6 : 0.613043277782136  | time taken : 13.36212944984436
 Thread 6 estimated dimension 4 of 6 : 0.6229912418852082  | time taken : 9.481575012207031
 Thread 2 estimated dimension 4 of 6 : 0.6409176755053281  | time taken : 11.653684854507446
 Thread 8 estimated dimension 4 of 6 : 0.6361292755730684  | time taken : 11.163661479949951
 Thread 3 estimated dimension 4 of 6 : 0.3700337075740095  | time taken : 23.209404468536377
 Thread 7 estimated dimension 4 of 6 : 0.3719358918111637  | time taken : 23.153688430786133
 Thread 1 estimated dimension 5 of 6 : 0.49600529709723556  | time taken : 11.518476247787476
 Thread 4 estimated dimension 5 of 6 : 0.49184034810945565  | time taken : 11.46873426437378
 Thread 1 nsolns: 60641
 Thread 4 nsolns: 60470
 Thread 6 estimated dimension 5 of 6 : 0.49616438832042997  | time taken : 10.18936824798584
 Thread 6 nsolns: 60470
 Thread 3 estimated dimension 5 of 6 : 0.9950298677572628  | time taken : 3.877018690109253
 Thread 3 nsolns: 60693
 Thread 5 estimated dimension 4 of 6 : 0.3810062343475494  | time taken : 18.54939293861389
 Thread 7 estimated dimension 5 of 6 : 0.9890042204444732  | time taken : 3.743535041809082
 Thread 7 nsolns: 60894
 Thread 5 estimated dimension 5 of 6 : 0.9910017485634133  | time taken : 4.404040813446045
 Thread 5 nsolns: 60629
 Thread 2 estimated dimension 5 of 6 : 0.4978931528515251  | time taken : 14.738233089447021
 Thread 8 estimated dimension 5 of 6 : 0.5008488198773244  | time taken : 13.691277265548706
 Thread 2 nsolns: 60376
 Thread 8 nsolns: 60944
 Thread 4 estimated dimension 0 of 6 : 0.5980663167720538  | time taken : 13.639790058135986
 Thread 3 estimated dimension 0 of 6 : 0.597107888735409  | time taken : 11.454673051834106
 Thread 6 estimated dimension 0 of 6 : 0.6001318707817459  | time taken : 13.721949100494385
 Thread 7 estimated dimension 0 of 6 : 0.5958338142907862  | time taken : 12.164732456207275
 Thread 5 estimated dimension 0 of 6 : 0.6163354699367439  | time taken : 8.659069776535034
 Thread 1 estimated dimension 0 of 6 : 0.4001960814393495  | time taken : 17.222764492034912
 Thread 2 estimated dimension 0 of 6 : 0.5997452565413807  | time taken : 9.558789491653442
 Thread 4 estimated dimension 1 of 6 : 0.698711149575371  | time taken : 11.540954351425171
 Thread 3 estimated dimension 1 of 6 : 0.7121257900683154  | time taken : 13.347057342529297
 Thread 5 estimated dimension 1 of 6 : 0.6998631664072674  | time taken : 11.691762208938599
 Thread 6 estimated dimension 1 of 6 : 0.6963282772053083  | time taken : 13.061083316802979
 Thread 2 estimated dimension 1 of 6 : 0.6859785531631558  | time taken : 9.761160612106323
 Thread 1 estimated dimension 1 of 6 : 0.621684110160995  | time taken : 16.65950059890747
 Thread 8 estimated dimension 0 of 6 : 0.40219188682744345  | time taken : 25.49771761894226
 Thread 1 estimated dimension 2 of 6 : 0.9887331831248862  | time taken : 2.7796993255615234
 Thread 4 estimated dimension 2 of 6 : 0.5089971775807037  | time taken : 19.72636079788208
 Thread 2 estimated dimension 2 of 6 : 0.5116999189245521  | time taken : 17.02027153968811
 Thread 5 estimated dimension 2 of 6 : 0.4917900891578835  | time taken : 20.727497577667236
 Thread 3 estimated dimension 2 of 6 : 0.4820742350001102  | time taken : 21.851866006851196
 Thread 7 estimated dimension 1 of 6 : 0.29230936852725714  | time taken : 33.7292742729187
 Thread 6 estimated dimension 2 of 6 : 0.4800911668779066  | time taken : 21.647749185562134
 Thread 8 estimated dimension 1 of 6 : 0.6195606583430411  | time taken : 14.079118013381958
 Thread 1 estimated dimension 3 of 6 : 0.5124569373152988  | time taken : 14.224329471588135
 Thread 8 estimated dimension 2 of 6 : 1  | time taken : 4.851223707199097
 Thread 7 estimated dimension 2 of 6 : 0.9986120243136168  | time taken : 5.5210535526275635
 Thread 4 estimated dimension 3 of 6 : 0.5087989844178032  | time taken : 12.265453815460205
 Thread 7 estimated dimension 3 of 6 : 0.9999508428278097  | time taken : 4.938582897186279
 Thread 1 estimated dimension 4 of 6 : 0.6311548094657324  | time taken : 12.740096092224121
 Thread 2 estimated dimension 3 of 6 : 0.4975860684209926  | time taken : 17.312196254730225
 Thread 6 estimated dimension 3 of 6 : 0.5099439184789886  | time taken : 17.042040586471558
 Thread 5 estimated dimension 3 of 6 : 0.48802731503119723  | time taken : 18.57209587097168
 Thread 3 estimated dimension 3 of 6 : 0.4849374129520501  | time taken : 17.654563188552856
 Thread 8 estimated dimension 3 of 6 : 0.5157678264809409  | time taken : 12.242047786712646
 Thread 7 estimated dimension 4 of 6 : 0.628695480074964  | time taken : 7.000412464141846
 Thread 4 estimated dimension 4 of 6 : 0.3694321682068029  | time taken : 16.997445106506348
 Thread 2 estimated dimension 4 of 6 : 0.6232734579973921  | time taken : 11.020920753479004
 Thread 4 estimated dimension 5 of 6 : 1  | time taken : 2.8090579509735107
 Thread 4 nsolns: 60211
 Thread 6 estimated dimension 4 of 6 : 0.638847009059288  | time taken : 11.581362009048462
 Thread 5 estimated dimension 4 of 6 : 0.6258382283821458  | time taken : 11.109385251998901
 Thread 1 estimated dimension 5 of 6 : 0.5126766796272415  | time taken : 15.739710092544556
 Thread 1 nsolns: 60275
 Thread 7 estimated dimension 5 of 6 : 0.49953608775652025  | time taken : 15.118216753005981
 Thread 7 nsolns: 60376
 Thread 4 estimated dimension 0 of 6 : 0.6101249973619827  | time taken : 10.358495712280273
 Thread 2 estimated dimension 5 of 6 : 0.4974016356265937  | time taken : 12.929214239120483
 Thread 2 nsolns: 60432
 Thread 8 estimated dimension 4 of 6 : 0.3768860130685548  | time taken : 22.893855810165405
 Thread 3 estimated dimension 4 of 6 : 0.3734626213306071  | time taken : 23.430771112442017
 Thread 5 estimated dimension 5 of 6 : 0.4900220896255393  | time taken : 12.307181358337402
 Thread 1 estimated dimension 0 of 6 : 0.6054133671261339  | time taken : 9.593000650405884
 Thread 5 nsolns: 60914
 Thread 6 estimated dimension 5 of 6 : 0.5114554636195716  | time taken : 13.152965307235718
 Thread 6 nsolns: 60245
 Thread 8 estimated dimension 5 of 6 : 1  | time taken : 5.173607349395752
 Thread 8 nsolns: 60723
 Thread 3 estimated dimension 5 of 6 : 1  | time taken : 5.0812668800354
 Thread 3 nsolns: 61167
 Thread 7 estimated dimension 0 of 6 : 0.3991668812620093  | time taken : 13.229657888412476
 Thread 1 estimated dimension 1 of 6 : 0.7055560956348257  | time taken : 12.239956617355347
 Thread 2 estimated dimension 0 of 6 : 0.6056784795883077  | time taken : 16.122397422790527
 Thread 6 estimated dimension 0 of 6 : 0.6043292559289273  | time taken : 14.004046440124512
 Thread 3 estimated dimension 0 of 6 : 0.6040982936146926  | time taken : 10.042606353759766
 Thread 7 estimated dimension 1 of 6 : 0.6162653101529798  | time taken : 9.97772765159607
 Thread 8 estimated dimension 0 of 6 : 0.613846502078475  | time taken : 11.612350463867188
 Thread 5 estimated dimension 0 of 6 : 0.3973165797932575  | time taken : 18.855599880218506
 Thread 7 estimated dimension 2 of 6 : 1  | time taken : 2.6551992893218994
 Thread 1 estimated dimension 2 of 6 : 0.4858296688706247  | time taken : 10.857123613357544
 Thread 4 estimated dimension 1 of 6 : 0.2903080786812477  | time taken : 25.91740107536316
 Thread 3 estimated dimension 1 of 6 : 0.7042206464154928  | time taken : 8.8529794216156
 Thread 2 estimated dimension 1 of 6 : 0.7045962922169854  | time taken : 9.78536343574524
 Thread 8 estimated dimension 1 of 6 : 0.7009909258147514  | time taken : 8.766170978546143
 Thread 5 estimated dimension 1 of 6 : 0.6173318543346041  | time taken : 8.986640453338623
 Thread 4 estimated dimension 2 of 6 : 1  | time taken : 4.474261522293091
 Thread 5 estimated dimension 2 of 6 : 1  | time taken : 3.088754415512085
 Thread 4 estimated dimension 3 of 6 : 0.9872671468016812  | time taken : 2.9718711376190186
 Thread 7 estimated dimension 3 of 6 : 0.488341287391143  | time taken : 14.283083438873291
 Thread 1 estimated dimension 3 of 6 : 0.5152621721590329  | time taken : 14.841224431991577
 Thread 4 estimated dimension 4 of 6 : 0.6164411669351928  | time taken : 7.439054250717163
 Thread 3 estimated dimension 2 of 6 : 0.49843178691230583  | time taken : 15.32507038116455
 Thread 6 estimated dimension 1 of 6 : 0.29646917648916044  | time taken : 25.036634922027588
 Thread 2 estimated dimension 2 of 6 : 0.47939810458761933  | time taken : 15.554226398468018
 Thread 8 estimated dimension 2 of 6 : 0.48544744659671085  | time taken : 14.449813842773438
 Thread 5 estimated dimension 3 of 6 : 0.500850779917116  | time taken : 10.767541885375977
 Thread 6 estimated dimension 2 of 6 : 1  | time taken : 4.825876474380493
 Thread 1 estimated dimension 4 of 6 : 0.632260582688244  | time taken : 8.524880170822144
 Thread 7 estimated dimension 4 of 6 : 0.37654078308196215  | time taken : 15.199338674545288
 Thread 6 estimated dimension 3 of 6 : 0.973761836370164  | time taken : 4.131747007369995
 Thread 7 estimated dimension 5 of 6 : 0.9889096616509384  | time taken : 2.856687307357788
 Thread 7 nsolns: 61197
 Thread 3 estimated dimension 3 of 6 : 0.5057505752272078  | time taken : 12.996281862258911
 Thread 5 estimated dimension 4 of 6 : 0.6138723142860143  | time taken : 10.665131568908691
 Thread 2 estimated dimension 3 of 6 : 0.5108252085402506  | time taken : 16.581247329711914
 Thread 8 estimated dimension 3 of 6 : 0.48469519676738115  | time taken : 18.44055438041687
 Thread 4 estimated dimension 5 of 6 : 0.4952422424299989  | time taken : 20.64292001724243
 Thread 4 nsolns: 60181
 Thread 1 estimated dimension 5 of 6 : 0.5021880937673232  | time taken : 14.298814535140991
 Thread 1 nsolns: 60245
 Thread 3 estimated dimension 4 of 6 : 0.623458539354494  | time taken : 8.701575756072998
 Thread 5 estimated dimension 5 of 6 : 0.49458384835129027  | time taken : 13.060092210769653
 Thread 5 nsolns: 60944
 Thread 8 estimated dimension 4 of 6 : 0.621766524642456  | time taken : 8.738279342651367
 Thread 6 estimated dimension 4 of 6 : 0.3743935306270027  | time taken : 20.423457145690918
 Thread 6 estimated dimension 5 of 6 : 0.9705970654518544  | time taken : 1.9224157333374023
 Thread 6 nsolns: 60629
 Thread 3 estimated dimension 5 of 6 : 0.49845948086193176  | time taken : 10.34454870223999
 Thread 3 nsolns: 60245
 Thread 7 estimated dimension 0 of 6 : 0.3973535327467034  | time taken : 20.432030200958252
 Thread 1 estimated dimension 0 of 6 : 0.6173966727946232  | time taken : 11.293651819229126
 Thread 5 estimated dimension 0 of 6 : 0.6009567946487763  | time taken : 8.031689882278442
 Thread 4 estimated dimension 0 of 6 : 0.3986376677003393  | time taken : 14.797698259353638
 Thread 2 estimated dimension 4 of 6 : 0.37390843389307465  | time taken : 18.559139251708984
 Thread 8 estimated dimension 5 of 6 : 0.48992140167293  | time taken : 9.840453863143921
 Thread 8 nsolns: 60914
 Thread 2 estimated dimension 5 of 6 : 0.9664989150252112  | time taken : 4.390110015869141
 Thread 2 nsolns: 60693
 Thread 6 estimated dimension 0 of 6 : 0.6078814541037492  | time taken : 10.10796332359314
 Thread 1 estimated dimension 1 of 6 : 0.697332588226347  | time taken : 10.03498888015747
 Thread 5 estimated dimension 1 of 6 : 0.7009462459637811  | time taken : 9.95186448097229
 Thread 7 estimated dimension 1 of 6 : 0.6138125269232552  | time taken : 12.572461605072021
 Thread 4 estimated dimension 1 of 6 : 0.6205054113026607  | time taken : 11.875788450241089
 Thread 8 estimated dimension 0 of 6 : 0.5996613820289086  | time taken : 9.026750326156616
 Thread 6 estimated dimension 1 of 6 : 0.6944595927988428  | time taken : 7.796990633010864
 Thread 7 estimated dimension 2 of 6 : 0.9981006695436485  | time taken : 4.9234631061553955
 Thread 4 estimated dimension 2 of 6 : 0.996672681646052  | time taken : 3.0788254737854004
 Thread 3 estimated dimension 0 of 6 : 0.40432250186716284  | time taken : 19.96156072616577
 Thread 8 estimated dimension 1 of 6 : 0.7121581513224112  | time taken : 9.00477147102356
 Thread 5 estimated dimension 2 of 6 : 0.5138872129041568  | time taken : 15.040849685668945
 Thread 2 estimated dimension 0 of 6 : 0.39607808328704186  | time taken : 19.693478107452393
 Thread 1 estimated dimension 2 of 6 : 0.48665990261407327  | time taken : 16.905967712402344
 Thread 7 estimated dimension 3 of 6 : 0.5099348897401512  | time taken : 11.04112958908081
 Thread 3 estimated dimension 1 of 6 : 0.6184723492223957  | time taken : 9.059663772583008
 Thread 4 estimated dimension 3 of 6 : 0.517870309269191  | time taken : 11.646355628967285
 Thread 6 estimated dimension 2 of 6 : 0.4876075123297454  | time taken : 12.392988681793213
 Thread 3 estimated dimension 2 of 6 : 0.9920354482355668  | time taken : 4.65571928024292
 Thread 8 estimated dimension 2 of 6 : 0.4888185762906863  | time taken : 12.461288213729858
 Thread 2 estimated dimension 1 of 6 : 0.6106308529559871  | time taken : 11.467543363571167
 Thread 2 estimated dimension 2 of 6 : 0.9925283333411268  | time taken : 1.920931100845337
 Thread 7 estimated dimension 4 of 6 : 0.6273282764227285  | time taken : 12.600657939910889
 Thread 4 estimated dimension 4 of 6 : 0.6237661512358886  | time taken : 12.234726667404175
 Thread 5 estimated dimension 3 of 6 : 0.5100824516631239  | time taken : 15.248460531234741
 Thread 6 estimated dimension 3 of 6 : 0.48713157756830167  | time taken : 13.97403883934021
 Thread 1 estimated dimension 3 of 6 : 0.4880113214395551  | time taken : 16.657387733459473
 Thread 3 estimated dimension 3 of 6 : 0.4888967530420212  | time taken : 11.363109350204468
 Thread 8 estimated dimension 3 of 6 : 0.505713023288022  | time taken : 9.785735607147217
 Thread 5 estimated dimension 4 of 6 : 0.6247535594865704  | time taken : 11.661488771438599
 Thread 2 estimated dimension 3 of 6 : 0.5087747664559867  | time taken : 12.930503368377686
 Thread 1 estimated dimension 4 of 6 : 0.6354917861653027  | time taken : 9.427922010421753
 Thread 8 estimated dimension 4 of 6 : 0.61712045255387  | time taken : 7.77590799331665
 Thread 6 estimated dimension 4 of 6 : 0.619729926607912  | time taken : 10.669636249542236
 Thread 4 estimated dimension 5 of 6 : 0.4981920267038776  | time taken : 13.876305103302002
 Thread 7 estimated dimension 5 of 6 : 0.49712343534052345  | time taken : 14.40313458442688
 Thread 4 nsolns: 60470
 Thread 7 nsolns: 60470
 Thread 3 estimated dimension 4 of 6 : 0.38311984844180874  | time taken : 16.173131704330444
 Thread 3 estimated dimension 5 of 6 : 0.9946339531296728  | time taken : 2.416055679321289
 Thread 3 nsolns: 61197
 Thread 7 estimated dimension 0 of 6 : 0.6019697899875815  | time taken : 11.086923599243164
 Thread 5 estimated dimension 5 of 6 : 0.49420550661362334  | time taken : 14.305248260498047
 Thread 5 nsolns: 59958
 Thread 1 estimated dimension 5 of 6 : 0.5037258396379566  | time taken : 14.724982738494873
 Thread 1 nsolns: 60719
 Thread 6 estimated dimension 5 of 6 : 0.49774827215922224  | time taken : 15.23107385635376
 Thread 8 estimated dimension 5 of 6 : 0.49967149556091073  | time taken : 15.91981840133667
 Thread 6 nsolns: 60914
 Thread 8 nsolns: 60440
 Thread 4 estimated dimension 0 of 6 : 0.3950586497488899  | time taken : 16.319258213043213
 Thread 2 estimated dimension 4 of 6 : 0.37477279616430126  | time taken : 19.971644639968872
 Thread 7 estimated dimension 1 of 6 : 0.7100056586832779  | time taken : 9.038229703903198
 Thread 2 estimated dimension 5 of 6 : 1  | time taken : 2.199936628341675
 Thread 2 nsolns: 60723
 Thread 5 estimated dimension 0 of 6 : 0.6039906153412498  | time taken : 12.848487854003906
 Thread 3 estimated dimension 0 of 6 : 0.3992064469409673  | time taken : 17.516425132751465
 Thread 1 estimated dimension 0 of 6 : 0.6054793541497175  | time taken : 13.075417757034302
 Thread 8 estimated dimension 0 of 6 : 0.5997816363658649  | time taken : 13.592330932617188
 Thread 2 estimated dimension 0 of 6 : 0.6031969595620885  | time taken : 9.490071773529053
 Thread 5 estimated dimension 1 of 6 : 0.700854306343221  | time taken : 6.2243053913116455
 Thread 6 estimated dimension 0 of 6 : 0.3970439536771365  | time taken : 17.42653489112854
 Thread 4 estimated dimension 1 of 6 : 0.3867881517940697  | time taken : 15.79563593864441
 Thread 7 estimated dimension 2 of 6 : 0.48686734291145506  | time taken : 12.358083248138428
 Thread 1 estimated dimension 1 of 6 : 0.699681378832267  | time taken : 6.620667457580566
 Thread 3 estimated dimension 1 of 6 : 0.6165871438196914  | time taken : 9.124872207641602
 Thread 8 estimated dimension 1 of 6 : 0.6927595848219933  | time taken : 7.0865113735198975
 Thread 4 estimated dimension 2 of 6 : 1  | time taken : 6.736627578735352
 Thread 3 estimated dimension 2 of 6 : 0.9843247875629196  | time taken : 3.359363079071045
 Thread 4 estimated dimension 3 of 6 : 1  | time taken : 3.4714012145996094
 Thread 6 estimated dimension 1 of 6 : 0.6173555914661514  | time taken : 12.330129623413086
 Thread 6 estimated dimension 2 of 6 : 0.9746071821979019  | time taken : 1.956451654434204
 Thread 5 estimated dimension 2 of 6 : 0.4929404900068022  | time taken : 16.04047656059265
 Thread 7 estimated dimension 3 of 6 : 0.5105361493215528  | time taken : 15.101361751556396
 Thread 1 estimated dimension 2 of 6 : 0.48493469522967075  | time taken : 17.562262535095215
 Thread 3 estimated dimension 3 of 6 : 0.4908176907929287  | time taken : 12.425580263137817
 Thread 8 estimated dimension 2 of 6 : 0.4860074616521301  | time taken : 15.658080339431763
 Thread 7 estimated dimension 4 of 6 : 0.6254117216282147  | time taken : 10.167867660522461
 Thread 3 estimated dimension 4 of 6 : 0.6317351811051087  | time taken : 7.987505674362183
 Thread 2 estimated dimension 1 of 6 : 0.2914644483707907  | time taken : 29.43809175491333
 Thread 6 estimated dimension 3 of 6 : 0.49386775825897045  | time taken : 13.720411777496338
 Thread 5 estimated dimension 3 of 6 : 0.5132269022460069  | time taken : 12.335303544998169
 Thread 8 estimated dimension 3 of 6 : 0.503775494729866  | time taken : 10.37519097328186
 Thread 1 estimated dimension 3 of 6 : 0.493291657678507  | time taken : 12.0525963306427
 Thread 4 estimated dimension 4 of 6 : 0.3707254757600478  | time taken : 21.194636583328247
 Thread 2 estimated dimension 2 of 6 : 0.9903879124665946  | time taken : 3.875765800476074
 Thread 2 estimated dimension 3 of 6 : 0.9996309886422022  | time taken : 3.6630475521087646
 Thread 4 estimated dimension 5 of 6 : 0.9932202541123567  | time taken : 4.013929605484009
 Thread 4 nsolns: 60894
 Thread 7 estimated dimension 5 of 6 : 0.5059779960086493  | time taken : 12.357389688491821
 Thread 7 nsolns: 60245
 Thread 1 estimated dimension 4 of 6 : 0.618102894717831  | time taken : 9.46947193145752
 Thread 6 estimated dimension 4 of 6 : 0.6206418511209693  | time taken : 13.746756553649902
 Thread 3 estimated dimension 5 of 6 : 0.4896162867200136  | time taken : 16.283692598342896
 Thread 5 estimated dimension 4 of 6 : 0.6326929892718096  | time taken : 15.874736070632935
 Thread 3 nsolns: 60944
 Thread 2 estimated dimension 4 of 6 : 0.6350848511563983  | time taken : 9.311531782150269
 Thread 4 estimated dimension 0 of 6 : 0.6045524307062644  | time taken : 10.584900856018066
 Thread 8 estimated dimension 4 of 6 : 0.37379493095312416  | time taken : 22.71573305130005
 Thread 8 estimated dimension 5 of 6 : 0.9888620277639044  | time taken : 1.3225278854370117
 Thread 8 nsolns: 60693
 Thread 4 estimated dimension 1 of 6 : 0.6984991266458616  | time taken : 7.966578960418701
 Thread 7 estimated dimension 0 of 6 : 0.3990645056314214  | time taken : 16.23970627784729
 Thread 1 estimated dimension 5 of 6 : 0.49266769955853634  | time taken : 14.167160511016846
 Thread 1 nsolns: 60914
 Thread 6 estimated dimension 5 of 6 : 0.5060790738820927  | time taken : 13.76000714302063
 Thread 6 nsolns: 60749
 Thread 5 estimated dimension 5 of 6 : 0.5025535595712375  | time taken : 12.03289794921875
 Thread 5 nsolns: 60440
 Thread 2 estimated dimension 5 of 6 : 0.5046609693170324  | time taken : 11.269373655319214
 Thread 2 nsolns: 60181
 Thread 3 estimated dimension 0 of 6 : 0.39798689838131174  | time taken : 14.898877620697021
 Thread 8 estimated dimension 0 of 6 : 0.6149581991641536  | time taken : 13.35500192642212
 Thread 1 estimated dimension 0 of 6 : 0.5981407771728112  | time taken : 13.078979253768921
 Thread 5 estimated dimension 0 of 6 : 0.6047995878496343  | time taken : 12.0105721950531
 Thread 7 estimated dimension 1 of 6 : 0.6211320254573678  | time taken : 13.271429777145386
 Thread 6 estimated dimension 0 of 6 : 0.6082928186276636  | time taken : 12.714572191238403
 Thread 4 estimated dimension 2 of 6 : 0.5079996548695936  | time taken : 14.48463749885559
 Thread 2 estimated dimension 0 of 6 : 0.39991600715524755  | time taken : 15.732261896133423
 Thread 3 estimated dimension 1 of 6 : 0.37990090882560285  | time taken : 13.621188402175903
 Thread 7 estimated dimension 2 of 6 : 1  | time taken : 4.443233251571655
 Thread 3 estimated dimension 2 of 6 : 1  | time taken : 3.3378052711486816
 Thread 3 estimated dimension 3 of 6 : 0.983328108510304  | time taken : 2.302849054336548
 Thread 1 estimated dimension 1 of 6 : 0.7116246731464531  | time taken : 11.014608383178711
 Thread 6 estimated dimension 1 of 6 : 0.7063717575975708  | time taken : 10.80716609954834
 Thread 5 estimated dimension 1 of 6 : 0.6926172129054772  | time taken : 11.483540773391724
 Thread 8 estimated dimension 1 of 6 : 0.6870237444643306  | time taken : 11.972876071929932
 Thread 2 estimated dimension 1 of 6 : 0.617745926160485  | time taken : 10.868223667144775
 Thread 7 estimated dimension 3 of 6 : 0.5147187062704238  | time taken : 12.271960735321045
 Thread 4 estimated dimension 3 of 6 : 0.48423087570289364  | time taken : 19.130680322647095
 Thread 2 estimated dimension 2 of 6 : 0.9873496285011187  | time taken : 4.900532007217407
 Thread 5 estimated dimension 2 of 6 : 0.5129524047013861  | time taken : 15.097550630569458
 Thread 7 estimated dimension 4 of 6 : 0.6272442632717135  | time taken : 10.232566595077515
 Thread 1 estimated dimension 2 of 6 : 0.48751317033223013  | time taken : 16.84516167640686
 Thread 6 estimated dimension 2 of 6 : 0.4862725166005406  | time taken : 17.142826080322266
 Thread 8 estimated dimension 2 of 6 : 0.49021753760070585  | time taken : 17.505069255828857
 Thread 2 estimated dimension 3 of 6 : 0.5075281861675124  | time taken : 10.55481219291687
 Thread 3 estimated dimension 4 of 6 : 0.374509235773086  | time taken : 24.460278034210205
 Thread 3 estimated dimension 5 of 6 : 1  | time taken : 2.574964761734009
 Thread 3 nsolns: 60894
 Thread 4 estimated dimension 4 of 6 : 0.3732877790012463  | time taken : 20.286986589431763
 Thread 2 estimated dimension 4 of 6 : 0.6258765907059021  | time taken : 10.439473867416382
 Thread 5 estimated dimension 3 of 6 : 0.4901281453876854  | time taken : 15.342615842819214
 Thread 4 estimated dimension 5 of 6 : 0.9966915699355406  | time taken : 1.4043185710906982
 Thread 4 nsolns: 60685
 Thread 1 estimated dimension 3 of 6 : 0.4894740985881251  | time taken : 14.438042402267456
 Thread 7 estimated dimension 5 of 6 : 0.5055108536171813  | time taken : 14.927496433258057
 Thread 8 estimated dimension 3 of 6 : 0.4907631947845662  | time taken : 13.187127113342285
 Thread 6 estimated dimension 3 of 6 : 0.49567188060586626  | time taken : 14.094853401184082
 Thread 7 nsolns: 60275
 Thread 3 estimated dimension 0 of 6 : 0.6094702095674115  | time taken : 7.24091100692749
 Thread 4 estimated dimension 0 of 6 : 0.600974271371065  | time taken : 11.39517068862915
 Thread 3 estimated dimension 1 of 6 : 0.6967207552410345  | time taken : 7.636583089828491
 Thread 5 estimated dimension 4 of 6 : 0.631054014430253  | time taken : 12.026587009429932
 Thread 1 estimated dimension 4 of 6 : 0.6225357644443089  | time taken : 11.367372989654541
 Thread 8 estimated dimension 4 of 6 : 0.6237525067739739  | time taken : 11.280489921569824
 Thread 7 estimated dimension 0 of 6 : 0.6093930901738542  | time taken : 11.75269103050232
 Thread 2 estimated dimension 5 of 6 : 0.5060883944248799  | time taken : 14.481691360473633
 Thread 2 nsolns: 60470
 Thread 6 estimated dimension 4 of 6 : 0.3783715451428825  | time taken : 18.21594500541687
 Thread 6 estimated dimension 5 of 6 : 1  | time taken : 1.9251708984375
 Thread 6 nsolns: 61167
 Thread 7 estimated dimension 1 of 6 : 0.6941148323949091  | time taken : 9.766461372375488
 Thread 4 estimated dimension 1 of 6 : 0.7039821340343346  | time taken : 10.873313665390015
 Thread 3 estimated dimension 2 of 6 : 0.4806273542649864  | time taken : 14.72736382484436
 Thread 8 estimated dimension 5 of 6 : 0.5007951205238491  | time taken : 16.80115008354187
 Thread 8 nsolns: 60719
 Thread 5 estimated dimension 5 of 6 : 0.49600672951199076  | time taken : 17.221972227096558
 Thread 1 estimated dimension 5 of 6 : 0.49733896471041483  | time taken : 17.220021724700928
 Thread 5 nsolns: 60432
 Thread 1 nsolns: 60914
 Thread 6 estimated dimension 0 of 6 : 0.6118624565493903  | time taken : 9.08513355255127
 Thread 2 estimated dimension 0 of 6 : 0.40575237431155287  | time taken : 15.67878532409668
 Thread 7 estimated dimension 2 of 6 : 0.514745681783029  | time taken : 9.359844446182251
 Thread 4 estimated dimension 2 of 6 : 0.48513892535337405  | time taken : 10.730057001113892
 Thread 3 estimated dimension 3 of 6 : 0.5026745266526755  | time taken : 10.935494661331177
 Thread 6 estimated dimension 1 of 6 : 0.6990806982952091  | time taken : 10.638198852539062
 Thread 8 estimated dimension 0 of 6 : 0.6156849364026347  | time taken : 12.14553952217102
 Thread 1 estimated dimension 0 of 6 : 0.6004898914730503  | time taken : 12.076265811920166
 Thread 5 estimated dimension 0 of 6 : 0.608191893759623  | time taken : 12.731751203536987
 Thread 2 estimated dimension 1 of 6 : 0.6074693729116087  | time taken : 12.490605354309082
 Thread 4 estimated dimension 3 of 6 : 0.5058717154796493  | time taken : 10.013196229934692
 Thread 3 estimated dimension 4 of 6 : 0.6248204234856851  | time taken : 5.871540784835815
 Thread 7 estimated dimension 3 of 6 : 0.4890154460142815  | time taken : 12.795958995819092
 Thread 2 estimated dimension 2 of 6 : 1  | time taken : 5.130030155181885
 Thread 1 estimated dimension 1 of 6 : 0.7079030949843985  | time taken : 9.572735786437988
 Thread 8 estimated dimension 1 of 6 : 0.7016652202140271  | time taken : 10.338195323944092
 Thread 5 estimated dimension 1 of 6 : 0.6988432107789272  | time taken : 11.385274648666382
 Thread 7 estimated dimension 4 of 6 : 0.6343083543629451  | time taken : 11.404316902160645
 Thread 6 estimated dimension 2 of 6 : 0.5021276588396864  | time taken : 15.754099369049072
 Thread 3 estimated dimension 5 of 6 : 0.4939097076507409  | time taken : 15.629141807556152
 Thread 3 nsolns: 60440
 Thread 1 estimated dimension 2 of 6 : 0.5161136146321798  | time taken : 10.11939287185669
 Thread 2 estimated dimension 3 of 6 : 0.48857051678468316  | time taken : 12.766296863555908
 Thread 4 estimated dimension 4 of 6 : 0.3756676284073148  | time taken : 20.09269380569458
 Thread 8 estimated dimension 2 of 6 : 0.5093309283583838  | time taken : 12.737367868423462
 Thread 4 estimated dimension 5 of 6 : 1  | time taken : 2.99043607711792
 Thread 4 nsolns: 60693
 Thread 5 estimated dimension 2 of 6 : 0.49666113124589323  | time taken : 14.141834735870361
 Thread 7 estimated dimension 5 of 6 : 0.509798883130276  | time taken : 13.211830377578735
 Thread 6 estimated dimension 3 of 6 : 0.4922566969550972  | time taken : 12.438775539398193
 Thread 3 estimated dimension 0 of 6 : 0.6084734365502826  | time taken : 10.294739007949829
 Thread 7 nsolns: 60237
 Thread 2 estimated dimension 4 of 6 : 0.6188254369644614  | time taken : 8.33878231048584
 Thread 1 estimated dimension 3 of 6 : 0.49450736490670705  | time taken : 11.490798711776733
 Thread 8 estimated dimension 3 of 6 : 0.516577615123347  | time taken : 11.425930738449097
 Thread 3 estimated dimension 1 of 6 : 0.7148400299858472  | time taken : 8.552623271942139
 Thread 6 estimated dimension 4 of 6 : 0.6143710834618974  | time taken : 9.103498697280884
 Thread 7 estimated dimension 0 of 6 : 0.6000471532636952  | time taken : 9.59442925453186
 Thread 4 estimated dimension 0 of 6 : 0.5981075893886972  | time taken : 12.23336672782898
 Thread 1 estimated dimension 4 of 6 : 0.627753314228944  | time taken : 6.869897365570068
 Thread 5 estimated dimension 3 of 6 : 0.5215904880919355  | time taken : 11.775682210922241
 Thread 2 estimated dimension 5 of 6 : 0.4992972535520156  | time taken : 10.336681604385376
 Thread 2 nsolns: 60944
 Thread 8 estimated dimension 4 of 6 : 0.6273087537154948  | time taken : 9.597541809082031
 Thread 4 estimated dimension 1 of 6 : 0.7108198656337456  | time taken : 8.411590814590454
 Thread 7 estimated dimension 1 of 6 : 0.7058279256487349  | time taken : 11.614259004592896
 Thread 1 estimated dimension 5 of 6 : 0.5049188335540953  | time taken : 16.334513664245605
 Thread 1 nsolns: 60237
 Thread 6 estimated dimension 5 of 6 : 0.5073063704522751  | time taken : 18.15327024459839
 Thread 6 nsolns: 60237
 Thread 3 estimated dimension 2 of 6 : 0.49115847740009067  | time taken : 19.02167582511902
 Thread 8 estimated dimension 5 of 6 : 0.49710458772420824  | time taken : 12.483328819274902
 Thread 8 nsolns: 59958
 Thread 2 estimated dimension 0 of 6 : 0.3993770925016794  | time taken : 18.310396432876587
 Thread 7 estimated dimension 2 of 6 : 0.502298575435532  | time taken : 8.670000076293945
 Thread 4 estimated dimension 2 of 6 : 0.4894974862771023  | time taken : 12.272759199142456
 Thread 5 estimated dimension 4 of 6 : 0.3739520254010221  | time taken : 22.74104595184326
 Thread 5 estimated dimension 5 of 6 : 0.9925406157014115  | time taken : 3.0778791904449463
 Thread 5 nsolns: 60693
 Thread 1 estimated dimension 0 of 6 : 0.59639344000231  | time taken : 10.275057792663574
 Thread 6 estimated dimension 0 of 6 : 0.5992415204330754  | time taken : 11.871922969818115
 Thread 2 estimated dimension 1 of 6 : 0.6190189920324611  | time taken : 11.927292585372925
 Thread 3 estimated dimension 3 of 6 : 0.515982190687324  | time taken : 14.330888986587524
 Thread 7 estimated dimension 3 of 6 : 0.5100644969925098  | time taken : 13.131058692932129
 Thread 4 estimated dimension 3 of 6 : 0.511497972985395  | time taken : 14.662453651428223
 Thread 2 estimated dimension 2 of 6 : 0.9918926155893979  | time taken : 3.496617078781128
 Thread 6 estimated dimension 1 of 6 : 0.719776203435083  | time taken : 6.3992133140563965
 Thread 5 estimated dimension 0 of 6 : 0.6106244847685024  | time taken : 10.003360986709595
 Thread 8 estimated dimension 0 of 6 : 0.39738768606106883  | time taken : 23.106751441955566
 Thread 3 estimated dimension 4 of 6 : 0.6219568661501379  | time taken : 11.112310409545898
 Thread 7 estimated dimension 4 of 6 : 0.6154428824901739  | time taken : 11.362036943435669
 Thread 5 estimated dimension 1 of 6 : 0.7045967683926687  | time taken : 8.105106592178345
 Thread 2 estimated dimension 3 of 6 : 0.4781730383234224  | time taken : 14.236624002456665
 Thread 6 estimated dimension 2 of 6 : 0.4909283640120427  | time taken : 14.181897163391113
 Thread 8 estimated dimension 1 of 6 : 0.6172476133278887  | time taken : 8.58858036994934
 Thread 1 estimated dimension 1 of 6 : 0.29149680309713083  | time taken : 24.073681592941284
 Thread 8 estimated dimension 2 of 6 : 0.9841086704804409  | time taken : 3.5771634578704834
 Thread 1 estimated dimension 2 of 6 : 0.9899980101280959  | time taken : 2.248323678970337
 Thread 3 estimated dimension 5 of 6 : 0.4928147279342188  | time taken : 10.523876667022705
 Thread 3 nsolns: 60440
 Thread 4 estimated dimension 4 of 6 : 0.37200081252559847  | time taken : 19.127110242843628
 Thread 5 estimated dimension 2 of 6 : 0.5092968524446295  | time taken : 9.66925311088562
 Thread 7 estimated dimension 5 of 6 : 0.5086536454785942  | time taken : 10.263990640640259
 Thread 7 nsolns: 59763
 Thread 2 estimated dimension 4 of 6 : 0.6257263425891415  | time taken : 8.479902029037476
 Thread 4 estimated dimension 5 of 6 : 0.9910071246374982  | time taken : 4.260556936264038
 Thread 1 estimated dimension 3 of 6 : 0.9910963606935477  | time taken : 4.878823280334473
 Thread 4 nsolns: 60693
 Thread 6 estimated dimension 3 of 6 : 0.49010540618226656  | time taken : 16.61104702949524
 Thread 3 estimated dimension 0 of 6 : 0.6050642741937592  | time taken : 13.616450071334839
 Thread 1 estimated dimension 4 of 6 : 0.6269664445379127  | time taken : 9.949343919754028
 Thread 5 estimated dimension 3 of 6 : 0.517332180606893  | time taken : 14.087146759033203
 Thread 4 estimated dimension 0 of 6 : 0.6028683829473203  | time taken : 10.080369234085083
 Thread 7 estimated dimension 0 of 6 : 0.5938459628293149  | time taken : 13.654668092727661
 Thread 8 estimated dimension 3 of 6 : 0.4917373804819372  | time taken : 17.298726320266724
 Thread 2 estimated dimension 5 of 6 : 0.5040156546944866  | time taken : 13.300260782241821
 Thread 2 nsolns: 60749
 Thread 3 estimated dimension 1 of 6 : 0.6960244284854163  | time taken : 7.46011209487915
 Thread 6 estimated dimension 4 of 6 : 0.6395701498516017  | time taken : 8.825283288955688
 Thread 4 estimated dimension 1 of 6 : 0.71000497689982  | time taken : 10.768946409225464
 Thread 7 estimated dimension 1 of 6 : 0.6971327792911061  | time taken : 12.7775137424469
 Thread 2 estimated dimension 0 of 6 : 0.5997975420555386  | time taken : 12.008204460144043
 Thread 1 estimated dimension 5 of 6 : 0.50147134603735  | time taken : 16.123738527297974
 Thread 1 nsolns: 60181
 Thread 6 estimated dimension 5 of 6 : 0.48783061703753877  | time taken : 11.214672327041626
 Thread 3 estimated dimension 2 of 6 : 0.48848118744895724  | time taken : 11.668309450149536
 Thread 6 nsolns: 60914
 Thread 5 estimated dimension 4 of 6 : 0.37953897065543957  | time taken : 21.379517793655396
 Thread 8 estimated dimension 4 of 6 : 0.37356872664687896  | time taken : 19.685014963150024
 Thread 2 estimated dimension 1 of 6 : 0.6985837304691115  | time taken : 8.231335163116455
 Thread 4 estimated dimension 2 of 6 : 0.500458759997736  | time taken : 12.47449254989624
 Thread 5 estimated dimension 5 of 6 : 0.9847562900033099  | time taken : 1.9342060089111328
 Thread 5 nsolns: 60211
 Thread 8 estimated dimension 5 of 6 : 0.9953053223137771  | time taken : 4.583382844924927
 Thread 8 nsolns: 61197
 Thread 7 estimated dimension 2 of 6 : 0.4909134797590543  | time taken : 14.382620334625244
 Thread 6 estimated dimension 0 of 6 : 0.6022344548355779  | time taken : 13.751227140426636
 Thread 1 estimated dimension 0 of 6 : 0.39382642584602656  | time taken : 16.286182403564453
 Thread 3 estimated dimension 3 of 6 : 0.4848346879373389  | time taken : 16.862338542938232
 Thread 5 estimated dimension 0 of 6 : 0.6057108561838288  | time taken : 12.45660138130188
 Thread 8 estimated dimension 0 of 6 : 0.6072821553734044  | time taken : 10.876627206802368
 Thread 2 estimated dimension 2 of 6 : 0.5104931258822588  | time taken : 14.76736831665039
 Thread 6 estimated dimension 1 of 6 : 0.6980334346357263  | time taken : 6.48465895652771
 Thread 4 estimated dimension 3 of 6 : 0.4925728819978003  | time taken : 15.166053295135498
 Thread 7 estimated dimension 3 of 6 : 0.5160549400648643  | time taken : 11.45517873764038
 Thread 5 estimated dimension 1 of 6 : 0.7104243492582678  | time taken : 7.957057237625122
 Thread 8 estimated dimension 1 of 6 : 0.6913227253624294  | time taken : 11.034179210662842
 Thread 3 estimated dimension 4 of 6 : 0.6164695641303479  | time taken : 14.46932315826416
 Thread 7 estimated dimension 4 of 6 : 0.6229683580753416  | time taken : 9.866175413131714
 Thread 4 estimated dimension 4 of 6 : 0.6243113050424179  | time taken : 10.321907758712769
 Thread 6 estimated dimension 2 of 6 : 0.512745157306597  | time taken : 14.113657712936401
 Thread 2 estimated dimension 3 of 6 : 0.49055679916648476  | time taken : 15.367839336395264
 Thread 1 estimated dimension 1 of 6 : 0.38053994735155894  | time taken : 20.744048595428467
 Thread 5 estimated dimension 2 of 6 : 0.4803474496841093  | time taken : 11.761078357696533
 Thread 1 estimated dimension 2 of 6 : 0.9875395793408349  | time taken : 2.923184871673584
 Thread 1 estimated dimension 3 of 6 : 0.986655108314948  | time taken : 3.236971378326416
 Thread 2 estimated dimension 4 of 6 : 0.6225542136977343  | time taken : 9.68519115447998
 Thread 8 estimated dimension 2 of 6 : 0.501047863628408  | time taken : 16.225663900375366
 Thread 4 estimated dimension 5 of 6 : 0.4996032326789985  | time taken : 15.672160863876343
 Thread 4 nsolns: 60914
 Thread 7 estimated dimension 5 of 6 : 0.49566039936681244  | time taken : 15.800440073013306
 Thread 7 nsolns: 60440
 Thread 3 estimated dimension 5 of 6 : 0.4916220162619888  | time taken : 17.85561752319336
 Thread 5 estimated dimension 3 of 6 : 0.5099080705805599  | time taken : 10.820384502410889
 Thread 3 nsolns: 60914
 Thread 6 estimated dimension 3 of 6 : 0.48718268017118943  | time taken : 15.15430760383606
 Thread 2 estimated dimension 5 of 6 : 0.49800565853789264  | time taken : 11.412643671035767
 Thread 2 nsolns: 60432
 Thread 1 estimated dimension 4 of 6 : 0.37436729053743556  | time taken : 16.080500841140747
 Thread 3 estimated dimension 0 of 6 : 0.5978242673676536  | time taken : 10.484020233154297
 Thread 7 estimated dimension 0 of 6 : 0.6070746558856783  | time taken : 12.437531232833862
 Thread 8 estimated dimension 3 of 6 : 0.48992367735789244  | time taken : 13.127603769302368
 Thread 1 estimated dimension 5 of 6 : 1  | time taken : 4.423652410507202
 Thread 1 nsolns: 60894
 Thread 4 estimated dimension 0 of 6 : 0.39925358519848275  | time taken : 17.27836847305298
 Thread 3 estimated dimension 1 of 6 : 0.6909249660803967  | time taken : 8.603702068328857
 Thread 6 estimated dimension 4 of 6 : 0.3808597889121282  | time taken : 18.625763416290283
 Thread 2 estimated dimension 0 of 6 : 0.6079050194496735  | time taken : 11.540396690368652
 Thread 5 estimated dimension 4 of 6 : 0.3711020836029875  | time taken : 19.73626446723938
 Thread 8 estimated dimension 4 of 6 : 0.6163425964158448  | time taken : 9.165795803070068
 Thread 5 estimated dimension 5 of 6 : 0.9910355099958005  | time taken : 3.8627209663391113
 Thread 5 nsolns: 60693
 Thread 6 estimated dimension 5 of 6 : 0.9889745547590966  | time taken : 4.154209136962891
 Thread 6 nsolns: 60685
 Thread 1 estimated dimension 0 of 6 : 0.5930459062197474  | time taken : 9.814756393432617
 Thread 4 estimated dimension 1 of 6 : 0.6301485819667626  | time taken : 9.88675594329834
 Thread 4 estimated dimension 2 of 6 : 1  | time taken : 2.783254861831665
 Thread 2 estimated dimension 1 of 6 : 0.6996694614718852  | time taken : 9.360088109970093
 Thread 7 estimated dimension 1 of 6 : 0.2907165004506921  | time taken : 22.644624710083008
 Thread 8 estimated dimension 5 of 6 : 0.4924846330092877  | time taken : 13.019632816314697
 Thread 8 nsolns: 60432
 Thread 1 estimated dimension 1 of 6 : 0.7019527297769017  | time taken : 9.718983888626099
 Thread 5 estimated dimension 0 of 6 : 0.601526612362108  | time taken : 10.813045740127563
 Thread 6 estimated dimension 0 of 6 : 0.5981620690619339  | time taken : 11.244793891906738
 Thread 3 estimated dimension 2 of 6 : 0.4934397508592037  | time taken : 16.244658946990967
 Thread 7 estimated dimension 2 of 6 : 0.9739730458828032  | time taken : 2.485114812850952
 Thread 4 estimated dimension 3 of 6 : 0.5108212748252066  | time taken : 11.40963625907898
 Thread 7 estimated dimension 3 of 6 : 0.9775817696100892  | time taken : 3.2398996353149414
 Thread 2 estimated dimension 2 of 6 : 0.48799066691662923  | time taken : 12.904499530792236
 Thread 5 estimated dimension 1 of 6 : 0.6918826526031487  | time taken : 11.727286577224731
 Thread 6 estimated dimension 1 of 6 : 0.7180182918443089  | time taken : 10.99574065208435
 Thread 1 estimated dimension 2 of 6 : 0.48736495627988236  | time taken : 15.109905481338501
 Thread 7 estimated dimension 4 of 6 : 0.6319490332304759  | time taken : 9.539464712142944
 Thread 3 estimated dimension 3 of 6 : 0.48378985681064907  | time taken : 14.483623027801514
 Thread 8 estimated dimension 0 of 6 : 0.40147107436754054  | time taken : 17.30049443244934
 Thread 2 estimated dimension 3 of 6 : 0.525143831456271  | time taken : 11.640311241149902
 Thread 6 estimated dimension 2 of 6 : 0.5140457082477171  | time taken : 11.88581109046936
 Thread 4 estimated dimension 4 of 6 : 0.3806429337337426  | time taken : 18.605072498321533
 Thread 5 estimated dimension 2 of 6 : 0.513593036367557  | time taken : 12.453192710876465
 Thread 3 estimated dimension 4 of 6 : 0.617383271345019  | time taken : 9.036537170410156
 Thread 1 estimated dimension 3 of 6 : 0.5130470942438743  | time taken : 11.381056547164917
 Thread 7 estimated dimension 5 of 6 : 0.4947055202415748  | time taken : 11.916888236999512
 Thread 7 nsolns: 60376
 Thread 2 estimated dimension 4 of 6 : 0.6307012906385849  | time taken : 8.537791013717651
 Thread 4 estimated dimension 5 of 6 : 0.9937158154027259  | time taken : 4.038967609405518
 Thread 4 nsolns: 60723
 Thread 8 estimated dimension 1 of 6 : 0.3858776923431679  | time taken : 14.194876432418823
 Thread 8 estimated dimension 2 of 6 : 1  | time taken : 2.9579949378967285
 Thread 8 estimated dimension 3 of 6 : 1  | time taken : 3.68796706199646
 Thread 5 estimated dimension 3 of 6 : 0.5109911524451208  | time taken : 15.795203685760498
 Thread 3 estimated dimension 5 of 6 : 0.49528373710317924  | time taken : 15.626147985458374
 Thread 3 nsolns: 60914
 Thread 6 estimated dimension 3 of 6 : 0.4962401612849001  | time taken : 18.19014811515808
 Thread 2 estimated dimension 5 of 6 : 0.49286570160274124  | time taken : 15.308021068572998
 Thread 2 nsolns: 60440
 Thread 8 estimated dimension 4 of 6 : 0.621030255648388  | time taken : 6.357236623764038
 Thread 4 estimated dimension 0 of 6 : 0.3982194886428133  | time taken : 16.374046325683594
 Thread 7 estimated dimension 0 of 6 : 0.40090926529353593  | time taken : 17.135518789291382
 Thread 1 estimated dimension 4 of 6 : 0.373491156492752  | time taken : 19.69751214981079
 Thread 1 estimated dimension 5 of 6 : 1  | time taken : 2.8148488998413086
 Thread 1 nsolns: 60693
 Thread 5 estimated dimension 4 of 6 : 0.6281955735458737  | time taken : 9.780474185943604
 Thread 2 estimated dimension 0 of 6 : 0.6047591089075085  | time taken : 11.465629577636719
 Thread 4 estimated dimension 1 of 6 : 0.630899927087929  | time taken : 12.296752691268921
 Thread 7 estimated dimension 1 of 6 : 0.6234357977909127  | time taken : 11.957956314086914
 Thread 8 estimated dimension 5 of 6 : 0.5018165061842582  | time taken : 13.234247207641602
 Thread 8 nsolns: 60446
 Thread 6 estimated dimension 4 of 6 : 0.37242121751740487  | time taken : 16.680058002471924
 Thread 3 estimated dimension 0 of 6 : 0.39807364673406964  | time taken : 18.268110513687134
 Thread 5 estimated dimension 5 of 6 : 0.5096782693877455  | time taken : 10.876067399978638
 Thread 5 nsolns: 59763
 Thread 7 estimated dimension 2 of 6 : 0.9927280157331848  | time taken : 4.508056402206421
 Thread 1 estimated dimension 0 of 6 : 0.3968085860752624  | time taken : 12.347931861877441
 Thread 4 estimated dimension 2 of 6 : 0.990482977950851  | time taken : 4.773347854614258
 Thread 6 estimated dimension 5 of 6 : 1  | time taken : 3.154451847076416
 Thread 6 nsolns: 60685
 Thread 8 estimated dimension 0 of 6 : 0.6048777829984816  | time taken : 13.306082963943481
 Thread 6 estimated dimension 0 of 6 : 0.6002999755201563  | time taken : 10.221535682678223
 Thread 5 estimated dimension 0 of 6 : 0.6063956440960449  | time taken : 11.594006538391113
 Thread 3 estimated dimension 1 of 6 : 0.6136160280863664  | time taken : 13.875272512435913
 Thread 7 estimated dimension 3 of 6 : 0.5177296436580587  | time taken : 11.369545221328735
 Thread 1 estimated dimension 1 of 6 : 0.6174575118796958  | time taken : 11.970083236694336
 Thread 4 estimated dimension 3 of 6 : 0.49114447952919654  | time taken : 12.47227931022644
 Thread 8 estimated dimension 1 of 6 : 0.6989510855958022  | time taken : 3.963873863220215
 Thread 3 estimated dimension 2 of 6 : 1  | time taken : 5.657608509063721
 Thread 1 estimated dimension 2 of 6 : 1  | time taken : 4.74025297164917
 Thread 2 estimated dimension 1 of 6 : 0.2927808189251714  | time taken : 24.36233878135681
 Thread 2 estimated dimension 2 of 6 : 0.9887850924242011  | time taken : 3.5404393672943115
 Thread 5 estimated dimension 1 of 6 : 0.7077581326837675  | time taken : 9.942044019699097
 Thread 6 estimated dimension 1 of 6 : 0.7023274383167204  | time taken : 12.365341186523438
 Thread 2 estimated dimension 3 of 6 : 0.9854742818794382  | time taken : 2.9381492137908936
 Thread 7 estimated dimension 4 of 6 : 0.6222885988590254  | time taken : 13.088846921920776
 Thread 8 estimated dimension 2 of 6 : 0.49126251093197143  | time taken : 19.187859773635864
 Thread 1 estimated dimension 3 of 6 : 0.4944071739820784  | time taken : 15.95858907699585
 Thread 3 estimated dimension 3 of 6 : 0.4886719947052959  | time taken : 16.965599060058594
 Thread 7 estimated dimension 5 of 6 : 0.5016540616066179  | time taken : 11.377043008804321
 Thread 5 estimated dimension 2 of 6 : 0.4872097551615384  | time taken : 15.109652757644653
 Thread 7 nsolns: 60275
 Thread 4 estimated dimension 4 of 6 : 0.3744443619509828  | time taken : 23.75017261505127
 Thread 6 estimated dimension 2 of 6 : 0.49856464606002887  | time taken : 12.938080072402954
 Thread 4 estimated dimension 5 of 6 : 1  | time taken : 3.750039577484131
 Thread 4 nsolns: 61197
 Thread 2 estimated dimension 4 of 6 : 0.3727994871099164  | time taken : 17.372987985610962
 Thread 1 estimated dimension 4 of 6 : 0.63484729525877  | time taken : 8.939633846282959
 Thread 3 estimated dimension 4 of 6 : 0.6308052351105734  | time taken : 8.574804782867432
 Thread 8 estimated dimension 3 of 6 : 0.4928599880087456  | time taken : 10.643795013427734
 Thread 2 estimated dimension 5 of 6 : 0.9910919154666508  | time taken : 5.122702360153198
 Thread 2 nsolns: 60629
 Thread 6 estimated dimension 3 of 6 : 0.4886433861686878  | time taken : 13.917561769485474
 Thread 4 estimated dimension 0 of 6 : 0.60995872915631  | time taken : 10.59517765045166
 Thread 5 estimated dimension 3 of 6 : 0.49540855808809514  | time taken : 14.63225269317627
 Thread 8 estimated dimension 4 of 6 : 0.6203116040577579  | time taken : 8.635129451751709
 Thread 7 estimated dimension 0 of 6 : 0.39767498862028006  | time taken : 17.54819107055664
 Thread 3 estimated dimension 5 of 6 : 0.4988059179030164  | time taken : 13.245150804519653
 Thread 3 nsolns: 60944
 Thread 1 estimated dimension 5 of 6 : 0.49907186219429195  | time taken : 13.65866494178772
 Thread 1 nsolns: 60749
 Thread 2 estimated dimension 0 of 6 : 0.6067627185881654  | time taken : 9.815525531768799
 Thread 4 estimated dimension 1 of 6 : 0.708560590046759  | time taken : 9.375623941421509
 Thread 6 estimated dimension 4 of 6 : 0.6229866959681384  | time taken : 10.534889936447144
 Thread 5 estimated dimension 4 of 6 : 0.6314477089155291  | time taken : 10.239345788955688
 Thread 7 estimated dimension 1 of 6 : 0.6129256595025636  | time taken : 9.263446807861328
 Thread 8 estimated dimension 5 of 6 : 0.4904668702697317  | time taken : 12.957977056503296
 Thread 8 nsolns: 60914
 Thread 7 estimated dimension 2 of 6 : 0.9928599961718646  | time taken : 2.6114320755004883
 Thread 1 estimated dimension 0 of 6 : 0.596633920663369  | time taken : 11.512695789337158
 Thread 1 estimated dimension 1 of 6 : 0.6872774452272152  | time taken : 7.235187292098999
 Thread 4 estimated dimension 2 of 6 : 0.5145273767751682  | time taken : 18.037391185760498
 Thread 6 estimated dimension 5 of 6 : 0.5061248866867122  | time taken : 17.970350980758667
 Thread 8 estimated dimension 0 of 6 : 0.6060927505689064  | time taken : 13.672786474227905
 Thread 5 estimated dimension 5 of 6 : 0.494460309039364  | time taken : 17.70936369895935
 Thread 6 nsolns: 60719
 Thread 5 nsolns: 60914
 Thread 7 estimated dimension 3 of 6 : 0.510056313569743  | time taken : 13.52876901626587
 Thread 3 estimated dimension 0 of 6 : 0.39984600715314317  | time taken : 23.840487957000732
 Thread 2 estimated dimension 1 of 6 : 0.28868430468490797  | time taken : 27.18524956703186
 Thread 1 estimated dimension 2 of 6 : 0.49500531680852417  | time taken : 11.013349294662476
 Thread 2 estimated dimension 2 of 6 : 0.9848099725847839  | time taken : 3.2034664154052734
 Thread 8 estimated dimension 1 of 6 : 0.699568753875238  | time taken : 9.939170122146606
 Thread 7 estimated dimension 4 of 6 : 0.6178836156664864  | time taken : 9.674558877944946
 Thread 5 estimated dimension 0 of 6 : 0.6072972786572216  | time taken : 10.846116304397583
 Thread 3 estimated dimension 1 of 6 : 0.6082584675858139  | time taken : 11.57263469696045
 Thread 4 estimated dimension 3 of 6 : 0.5046772400384831  | time taken : 14.390994310379028
 Thread 2 estimated dimension 3 of 6 : 1  | time taken : 4.485467910766602
 Thread 3 estimated dimension 2 of 6 : 1  | time taken : 4.821539878845215
 Thread 6 estimated dimension 0 of 6 : 0.3995977030068908  | time taken : 19.84917950630188
 Thread 1 estimated dimension 3 of 6 : 0.49282610519845893  | time taken : 14.437355995178223
 Thread 5 estimated dimension 1 of 6 : 0.691434997824551  | time taken : 10.983891487121582
 Thread 2 estimated dimension 4 of 6 : 0.6227177453092011  | time taken : 8.777597427368164
 Thread 8 estimated dimension 2 of 6 : 0.4896684289080265  | time taken : 15.23262906074524
 Thread 7 estimated dimension 5 of 6 : 0.49672164075648373  | time taken : 14.743334293365479
 Thread 7 nsolns: 60470
 Thread 3 estimated dimension 3 of 6 : 0.49104795304407384  | time taken : 10.457876920700073
 Thread 6 estimated dimension 1 of 6 : 0.6228200431688915  | time taken : 8.362677335739136
 Thread 4 estimated dimension 4 of 6 : 0.3770537184007474  | time taken : 16.22016930580139
 Thread 6 estimated dimension 2 of 6 : 1  | time taken : 3.9619672298431396
 Thread 4 estimated dimension 5 of 6 : 0.996945277987447  | time taken : 2.312924385070801
 Thread 4 nsolns: 60211
 Thread 1 estimated dimension 4 of 6 : 0.6234297026366036  | time taken : 10.801783323287964
 Thread 5 estimated dimension 2 of 6 : 0.5162329663777407  | time taken : 12.694612979888916
 Thread 2 estimated dimension 5 of 6 : 0.49084441056060757  | time taken : 12.666330337524414
 Thread 2 nsolns: 60376
 Thread 3 estimated dimension 4 of 6 : 0.6237561628586854  | time taken : 13.43634557723999
 Thread 8 estimated dimension 3 of 6 : 0.5125519170319183  | time taken : 16.35850715637207
 Thread 7 estimated dimension 0 of 6 : 0.3972509877896348  | time taken : 19.322657823562622
 Thread 1 estimated dimension 5 of 6 : 0.49347619064077713  | time taken : 12.796573400497437
 Thread 1 nsolns: 60914
 Thread 6 estimated dimension 3 of 6 : 0.4877656916576279  | time taken : 13.803370237350464
 Thread 5 estimated dimension 3 of 6 : 0.498885956033783  | time taken : 11.468620777130127
 Thread 4 estimated dimension 0 of 6 : 0.3989554476571918  | time taken : 15.772378206253052
 Thread 2 estimated dimension 0 of 6 : 0.4044763253418665  | time taken : 12.612016201019287
 Thread 3 estimated dimension 5 of 6 : 0.4905073688379263  | time taken : 12.519725799560547
 Thread 3 nsolns: 60944
 Thread 6 estimated dimension 4 of 6 : 0.6370869998752575  | time taken : 10.794294357299805
 Thread 1 estimated dimension 0 of 6 : 0.6081323640663612  | time taken : 12.931513547897339
 Thread 4 estimated dimension 1 of 6 : 0.6185732197612942  | time taken : 10.360106229782104
 Thread 8 estimated dimension 4 of 6 : 0.3768098661428658  | time taken : 19.024868726730347
 Thread 4 estimated dimension 2 of 6 : 1  | time taken : 2.627558946609497
 Thread 3 estimated dimension 0 of 6 : 0.6039174699376689  | time taken : 8.549943685531616
 Thread 8 estimated dimension 5 of 6 : 0.9967693675981808  | time taken : 2.2013466358184814
 Thread 7 estimated dimension 1 of 6 : 0.3829315866393701  | time taken : 18.19454336166382
 Thread 8 nsolns: 60693
 Thread 2 estimated dimension 1 of 6 : 0.38266317779690795  | time taken : 16.28075861930847
 Thread 1 estimated dimension 1 of 6 : 0.7018309474227784  | time taken : 7.985781908035278
 Thread 7 estimated dimension 2 of 6 : 0.9702008004459962  | time taken : 4.118375778198242
 Thread 2 estimated dimension 2 of 6 : 0.9990328812733364  | time taken : 2.5683722496032715
 Thread 5 estimated dimension 4 of 6 : 0.3709104343610318  | time taken : 21.818503379821777
 Thread 6 estimated dimension 5 of 6 : 0.5088509402890166  | time taken : 13.19570541381836
 Thread 3 estimated dimension 1 of 6 : 0.7061395675419404  | time taken : 7.603754758834839
 Thread 6 nsolns: 60749
 Thread 2 estimated dimension 3 of 6 : 0.9873570455168555  | time taken : 3.002565383911133
 Thread 7 estimated dimension 3 of 6 : 1  | time taken : 4.123161554336548
 Thread 5 estimated dimension 5 of 6 : 0.991559087333651  | time taken : 3.5297365188598633
 Thread 5 nsolns: 60685
 Thread 4 estimated dimension 3 of 6 : 0.5088198283439592  | time taken : 11.568799495697021
 Thread 8 estimated dimension 0 of 6 : 0.6105926004513659  | time taken : 12.414824724197388
 Thread 1 estimated dimension 2 of 6 : 0.5169539008754096  | time taken : 14.683050394058228
 Thread 8 estimated dimension 1 of 6 : 0.6960775492410433  | time taken : 6.569490909576416
 Thread 7 estimated dimension 4 of 6 : 0.6300518130087952  | time taken : 11.279552936553955
 Thread 4 estimated dimension 4 of 6 : 0.6301026073542183  | time taken : 9.874891757965088
 Thread 2 estimated dimension 4 of 6 : 0.6320961422866325  | time taken : 12.195333003997803
 Thread 5 estimated dimension 0 of 6 : 0.6091052789085387  | time taken : 10.966165781021118
 Thread 3 estimated dimension 2 of 6 : 0.5179673192943387  | time taken : 13.419716119766235
 Thread 6 estimated dimension 0 of 6 : 0.40092230446854266  | time taken : 17.651848077774048
 Thread 1 estimated dimension 3 of 6 : 0.5158545920802419  | time taken : 11.086891412734985
 Thread 5 estimated dimension 1 of 6 : 0.6940323975381207  | time taken : 9.809091091156006
 Thread 3 estimated dimension 3 of 6 : 0.5061007520813079  | time taken : 12.425357341766357
 Thread 7 estimated dimension 5 of 6 : 0.5004755621142688  | time taken : 13.641773223876953
 Thread 7 nsolns: 60641
 Thread 2 estimated dimension 5 of 6 : 0.4945627201551474  | time taken : 14.470199823379517
 Thread 4 estimated dimension 5 of 6 : 0.5056111984719592  | time taken : 14.523086786270142
 Thread 4 nsolns: 60275
 Thread 2 nsolns: 60641
 Thread 6 estimated dimension 1 of 6 : 0.6134694239152658  | time taken : 9.849147081375122
 Thread 8 estimated dimension 2 of 6 : 0.4884511338884958  | time taken : 15.204596757888794
 Thread 1 estimated dimension 4 of 6 : 0.6410924452765107  | time taken : 7.097240924835205
 Thread 5 estimated dimension 2 of 6 : 0.5132166899172943  | time taken : 9.125679731369019
 Thread 6 estimated dimension 2 of 6 : 0.9955272342398543  | time taken : 4.7501060962677
 Thread 3 estimated dimension 4 of 6 : 0.6253784625002285  | time taken : 11.432908296585083
 Thread 4 estimated dimension 0 of 6 : 0.5923536480643631  | time taken : 12.502654075622559
 Thread 7 estimated dimension 0 of 6 : 0.6119728222109939  | time taken : 14.067053318023682
 Thread 2 estimated dimension 0 of 6 : 0.6044681171671631  | time taken : 16.095600128173828
 Thread 1 estimated dimension 5 of 6 : 0.5053210681659898  | time taken : 13.42007827758789
 Thread 1 nsolns: 59763
 Thread 6 estimated dimension 3 of 6 : 0.5127109179158336  | time taken : 11.221094846725464
 Thread 8 estimated dimension 3 of 6 : 0.48320964628309565  | time taken : 16.129802465438843
 Thread 5 estimated dimension 3 of 6 : 0.4987832095888905  | time taken : 12.525041341781616
 Thread 4 estimated dimension 1 of 6 : 0.6985936804103322  | time taken : 5.629213809967041
 Thread 7 estimated dimension 1 of 6 : 0.6998759029272164  | time taken : 4.6011879444122314
 Thread 3 estimated dimension 5 of 6 : 0.4954861722876643  | time taken : 9.219476461410522
 Thread 3 nsolns: 59958
 Thread 2 estimated dimension 1 of 6 : 0.7210516348136358  | time taken : 9.586838722229004
 Thread 6 estimated dimension 4 of 6 : 0.6310265883347037  | time taken : 12.620497703552246
 Thread 8 estimated dimension 4 of 6 : 0.6242806581175045  | time taken : 12.649601936340332
 Thread 4 estimated dimension 2 of 6 : 0.5084809929307057  | time taken : 14.476467370986938
 Thread 7 estimated dimension 2 of 6 : 0.5165672878665304  | time taken : 15.190962076187134
 Thread 1 estimated dimension 0 of 6 : 0.3961241089691968  | time taken : 19.83695673942566
 Thread 2 estimated dimension 2 of 6 : 0.48961291154123004  | time taken : 11.665546894073486
 Thread 3 estimated dimension 0 of 6 : 0.3942906987605243  | time taken : 18.012320041656494
 Thread 8 estimated dimension 5 of 6 : 0.49371545067838585  | time taken : 10.708446025848389
 Thread 8 nsolns: 60914
 Thread 6 estimated dimension 5 of 6 : 0.49145600145196566  | time taken : 10.98854923248291
 Thread 6 nsolns: 60470
 Thread 5 estimated dimension 4 of 6 : 0.37462604562366403  | time taken : 23.18635582923889
 Thread 5 estimated dimension 5 of 6 : 1  | time taken : 3.3956806659698486
 Thread 5 nsolns: 60685
 Thread 4 estimated dimension 3 of 6 : 0.49231454546371023  | time taken : 11.399675846099854
 Thread 7 estimated dimension 3 of 6 : 0.48944471456963107  | time taken : 11.508623123168945
 Thread 2 estimated dimension 3 of 6 : 0.5099680652583994  | time taken : 14.76119589805603
 Thread 7 estimated dimension 4 of 6 : 0.6296389650463351  | time taken : 8.214067220687866
 Thread 4 estimated dimension 4 of 6 : 0.6144705247849843  | time taken : 9.810116052627563
 Thread 5 estimated dimension 0 of 6 : 0.5962420702298452  | time taken : 10.035433530807495
 Thread 1 estimated dimension 1 of 6 : 0.3886957183734181  | time taken : 18.623043060302734
 Thread 8 estimated dimension 0 of 6 : 0.4054941132273888  | time taken : 15.967647075653076
 Thread 3 estimated dimension 1 of 6 : 0.3847107064297681  | time taken : 18.677974224090576
 Thread 6 estimated dimension 0 of 6 : 0.39659113719027356  | time taken : 17.45688796043396
 Thread 3 estimated dimension 2 of 6 : 0.9958576572594697  | time taken : 4.789650917053223
 Thread 1 estimated dimension 2 of 6 : 1  | time taken : 6.810595273971558
 Thread 1 estimated dimension 3 of 6 : 1  | time taken : 2.8357393741607666
 Thread 3 estimated dimension 3 of 6 : 0.9937294970607374  | time taken : 2.8775622844696045
 Thread 5 estimated dimension 1 of 6 : 0.7080438083643519  | time taken : 10.682132482528687
 Thread 2 estimated dimension 4 of 6 : 0.3764203824072353  | time taken : 17.394572973251343
 Thread 6 estimated dimension 1 of 6 : 0.6199659921953308  | time taken : 12.121242046356201
 Thread 7 estimated dimension 5 of 6 : 0.4921256543477934  | time taken : 16.44486427307129
 Thread 7 nsolns: 60432
 Thread 4 estimated dimension 5 of 6 : 0.492584053017761  | time taken : 17.023364305496216
 Thread 4 nsolns: 60432
 Thread 2 estimated dimension 5 of 6 : 0.9954600766998597  | time taken : 1.9537162780761719
 Thread 2 nsolns: 60693
 Thread 6 estimated dimension 2 of 6 : 1  | time taken : 1.78348708152771
 Thread 3 estimated dimension 4 of 6 : 0.6395703392653782  | time taken : 8.404887676239014
 Thread 1 estimated dimension 4 of 6 : 0.6226710303548189  | time taken : 8.902280330657959
 Thread 8 estimated dimension 1 of 6 : 0.3827661424221944  | time taken : 19.72496795654297
 Thread 5 estimated dimension 2 of 6 : 0.4913658976062406  | time taken : 11.476900815963745
 Thread 8 estimated dimension 2 of 6 : 1  | time taken : 3.3945045471191406
 Thread 8 estimated dimension 3 of 6 : 1  | time taken : 3.5068373680114746
 Thread 7 estimated dimension 0 of 6 : 0.5964951400197471  | time taken : 13.94600796699524
 Thread 4 estimated dimension 0 of 6 : 0.5995482740664246  | time taken : 13.332720041275024
 Thread 6 estimated dimension 3 of 6 : 0.4925342866012534  | time taken : 14.926355123519897
 Thread 5 estimated dimension 3 of 6 : 0.5164640179830825  | time taken : 11.174347639083862
 Thread 1 estimated dimension 5 of 6 : 0.504467345111381  | time taken : 14.471051692962646
 Thread 1 nsolns: 60641
 Thread 3 estimated dimension 5 of 6 : 0.5058700765173183  | time taken : 15.211563110351562
 Thread 3 nsolns: 60446
 Thread 2 estimated dimension 0 of 6 : 0.4006966674158397  | time taken : 18.264211893081665
 Thread 7 estimated dimension 1 of 6 : 0.7030448430034368  | time taken : 6.151893615722656
 Thread 4 estimated dimension 1 of 6 : 0.713905368830847  | time taken : 7.640853643417358
 Thread 5 estimated dimension 4 of 6 : 0.6241508909348135  | time taken : 13.827197313308716
 Thread 8 estimated dimension 4 of 6 : 0.3729049996580761  | time taken : 18.75416111946106
 Thread 3 estimated dimension 0 of 6 : 0.6063462598689172  | time taken : 13.419648885726929
 Thread 7 estimated dimension 2 of 6 : 0.5028452827522246  | time taken : 13.00638484954834
 Thread 4 estimated dimension 2 of 6 : 0.5151545647709311  | time taken : 11.452762126922607
 Thread 8 estimated dimension 5 of 6 : 0.9830866381220562  | time taken : 2.404355049133301
 Thread 8 nsolns: 60894
 Thread 1 estimated dimension 0 of 6 : 0.400517095974467  | time taken : 17.16038489341736
 Thread 2 estimated dimension 1 of 6 : 0.3812316425950272  | time taken : 15.954100608825684
 Thread 6 estimated dimension 4 of 6 : 0.3743859176489249  | time taken : 20.923065900802612
 Thread 6 estimated dimension 5 of 6 : 1  | time taken : 2.538484811782837
 Thread 2 estimated dimension 2 of 6 : 0.9984128056830489  | time taken : 4.390075206756592
 Thread 6 nsolns: 61197
 Thread 3 estimated dimension 1 of 6 : 0.7108817865289235  | time taken : 9.057951927185059
 Thread 5 estimated dimension 5 of 6 : 0.4975376295151992  | time taken : 12.912496089935303
 Thread 5 nsolns: 60440
 Thread 2 estimated dimension 3 of 6 : 1  | time taken : 3.605556011199951
 Thread 4 estimated dimension 3 of 6 : 0.5056337514138204  | time taken : 13.946482181549072
 Thread 7 estimated dimension 3 of 6 : 0.5088558646822617  | time taken : 14.71239185333252
 Thread 1 estimated dimension 1 of 6 : 0.6170691772391363  | time taken : 14.171092987060547
 Thread 1 estimated dimension 2 of 6 : 0.9851718193146296  | time taken : 2.313286066055298
 Thread 8 estimated dimension 0 of 6 : 0.3978483380230553  | time taken : 17.882219791412354
 Thread 3 estimated dimension 2 of 6 : 0.5168594474136885  | time taken : 12.036766052246094
 Thread 2 estimated dimension 4 of 6 : 0.6212961318323226  | time taken : 9.592483758926392
 Thread 5 estimated dimension 0 of 6 : 0.6136396938451704  | time taken : 10.54425835609436
 Thread 4 estimated dimension 4 of 6 : 0.623634035752663  | time taken : 9.22234034538269
 Thread 7 estimated dimension 4 of 6 : 0.6210082516987864  | time taken : 10.624519109725952
 Thread 6 estimated dimension 0 of 6 : 0.3976386567234042  | time taken : 19.832582473754883
 Thread 5 estimated dimension 1 of 6 : 0.7071050462538297  | time taken : 7.794619798660278
 Thread 8 estimated dimension 1 of 6 : 0.6089664159303045  | time taken : 11.784192562103271
 Thread 1 estimated dimension 3 of 6 : 0.49672294875869116  | time taken : 13.612203598022461
 Thread 2 estimated dimension 5 of 6 : 0.4990420911203593  | time taken : 12.709848642349243
 Thread 2 nsolns: 60641
 Thread 3 estimated dimension 3 of 6 : 0.5128831405638973  | time taken : 13.484519243240356
 Thread 8 estimated dimension 2 of 6 : 1  | time taken : 3.0715489387512207
 Thread 4 estimated dimension 5 of 6 : 0.501156607844747  | time taken : 13.689178943634033
 Thread 4 nsolns: 59763
 Thread 7 estimated dimension 5 of 6 : 0.5060478048843848  | time taken : 14.953834295272827
 Thread 7 nsolns: 59763
 Thread 1 estimated dimension 4 of 6 : 0.6319946423899907  | time taken : 10.643903970718384
 Thread 6 estimated dimension 1 of 6 : 0.3821512771751512  | time taken : 16.5277841091156
 Thread 5 estimated dimension 2 of 6 : 0.4848933623381886  | time taken : 14.407824277877808
 Thread 8 estimated dimension 3 of 6 : 0.4910457125753123  | time taken : 10.617461681365967
 Thread 6 estimated dimension 2 of 6 : 0.9922812928183983  | time taken : 3.270076036453247
 Thread 2 estimated dimension 0 of 6 : 0.39981259946173514  | time taken : 13.757250785827637
 Thread 3 estimated dimension 4 of 6 : 0.3709324152288186  | time taken : 15.12242603302002
 Thread 4 estimated dimension 0 of 6 : 0.3992095394328748  | time taken : 12.320300817489624
 Thread 6 estimated dimension 3 of 6 : 1  | time taken : 3.9900283813476562
 Thread 3 estimated dimension 5 of 6 : 1  | time taken : 2.578843593597412
 Thread 3 nsolns: 60211
 Thread 1 estimated dimension 5 of 6 : 0.5009946557551848  | time taken : 12.402669191360474
 Thread 1 nsolns: 60944
 Thread 5 estimated dimension 3 of 6 : 0.5076427485686092  | time taken : 12.032805442810059
 Thread 6 estimated dimension 4 of 6 : 0.6385669819318232  | time taken : 9.845431327819824
 Thread 8 estimated dimension 4 of 6 : 0.3808737715410988  | time taken : 16.046696186065674
 Thread 5 estimated dimension 4 of 6 : 0.6282598735851074  | time taken : 6.709190607070923
 Thread 2 estimated dimension 1 of 6 : 0.3847141416153011  | time taken : 17.54106855392456
 Thread 3 estimated dimension 0 of 6 : 0.3999730782943865  | time taken : 13.052643775939941
 Thread 8 estimated dimension 5 of 6 : 0.9921341193219578  | time taken : 3.493332862854004
 Thread 4 estimated dimension 1 of 6 : 0.3811156722683171  | time taken : 14.288363456726074
 Thread 8 nsolns: 61197
 Thread 2 estimated dimension 2 of 6 : 0.9958275647497842  | time taken : 3.228017807006836
 Thread 4 estimated dimension 2 of 6 : 1  | time taken : 3.1747493743896484
 Thread 1 estimated dimension 0 of 6 : 0.39452491567548575  | time taken : 13.873379945755005
 Thread 2 estimated dimension 3 of 6 : 1  | time taken : 3.2370238304138184
 Thread 4 estimated dimension 3 of 6 : 1  | time taken : 3.1602704524993896
 Thread 6 estimated dimension 5 of 6 : 0.5081634744084529  | time taken : 10.879447221755981
 Thread 6 nsolns: 60446
 Thread 5 estimated dimension 5 of 6 : 0.49584126413769936  | time taken : 10.644922018051147
 Thread 3 estimated dimension 1 of 6 : 0.6077761294662278  | time taken : 8.77571439743042
 Thread 5 nsolns: 60440
 Thread 3 estimated dimension 2 of 6 : 1  | time taken : 2.9873361587524414
 Thread 4 estimated dimension 4 of 6 : 0.6261109922690649  | time taken : 8.481078624725342
 Thread 2 estimated dimension 4 of 6 : 0.628748586973292  | time taken : 8.630446195602417
 Thread 6 estimated dimension 0 of 6 : 0.611638005869892  | time taken : 8.534191608428955
 Thread 5 estimated dimension 0 of 6 : 0.606529545358893  | time taken : 6.972921133041382
 Thread 1 estimated dimension 1 of 6 : 0.3826080353069639  | time taken : 13.982374668121338
 Thread 3 estimated dimension 3 of 6 : 0.48911622178732767  | time taken : 7.984803199768066
 Thread 1 estimated dimension 2 of 6 : 1  | time taken : 3.49821138381958
 Thread 5 estimated dimension 1 of 6 : 0.7175366477984492  | time taken : 6.686118841171265
 Thread 6 estimated dimension 1 of 6 : 0.7000701335815916  | time taken : 6.7929322719573975
 Thread 1 estimated dimension 3 of 6 : 0.9941499151019296  | time taken : 3.209040641784668
 Thread 2 estimated dimension 5 of 6 : 0.49202533140542204  | time taken : 11.202086210250854
 Thread 2 nsolns: 60641
 Thread 3 estimated dimension 4 of 6 : 0.6188023559627115  | time taken : 6.653764486312866
 Thread 4 estimated dimension 5 of 6 : 0.4925106574995766  | time taken : 12.076975345611572
 Thread 4 nsolns: 60641
 Thread 5 estimated dimension 2 of 6 : 0.48844311802021806  | time taken : 7.372936964035034
 Thread 1 estimated dimension 4 of 6 : 0.6315687697047954  | time taken : 5.203307628631592
 Thread 6 estimated dimension 2 of 6 : 0.49111430436510495  | time taken : 8.358237743377686
 Thread 3 estimated dimension 5 of 6 : 0.49693349402546866  | time taken : 5.332027196884155
 Thread 3 nsolns: 60944
 Thread 6 estimated dimension 3 of 6 : 0.5040850049215725  | time taken : 4.756063938140869
 Thread 5 estimated dimension 3 of 6 : 0.4897447233905049  | time taken : 6.069565773010254
 Thread 1 estimated dimension 5 of 6 : 0.5099438160060388  | time taken : 6.041274070739746
 Thread 1 nsolns: 60446
 Thread 5 estimated dimension 4 of 6 : 0.6255554358743615  | time taken : 3.7986042499542236
 Thread 6 estimated dimension 4 of 6 : 0.374938875316056  | time taken : 5.41460108757019
 Thread 6 estimated dimension 5 of 6 : 0.9790370026797692  | time taken : 1.0517947673797607
 Thread 6 nsolns: 60693
 Thread 5 estimated dimension 5 of 6 : 0.4992863546706803  | time taken : 3.463270902633667
 Thread 5 nsolns: 60914
 estimated weights : [0.05521217622964379, 0.046681826378962336, 0.03919380629829642, 0.03951340671511532, 0.03939779580913691, 0.03335092736198301, 0.03214885028725502, 0.03167982712374218, 0.03943439426300963, 0.057569826811360185, 0.03769251666482109, 0.038754476306001505, 0.047772484237634645, 0.03278885318621586, 0.039875913469266534, 0.035916864841596265, 0.0306035171545981, 0.046833988082412965, 0.0541620089965595, 0.03326231359954621, 0.03366170974801474, 0.04011239189108674, 0.0321220896780182, 0.0332924389358842, 0.04898233751041425, 0.03667195824620196, 0.03864875429245451, 0.03870163098395684, 0.05628442674962086, 0.06488842678907189, 0.055374460077978506, 0.03790080595916682, 0.039980050264056335, 0.04079045451469937, 0.054619853283621844, 0.03247482071372012, 0.03174913867006898, 0.03342808851518239, 0.04843746498150365, 0.03712412928367316, 0.04473158714181423, 0.053385331135428926, 0.03395145306702054, 0.037297670368342604, 0.06339765957761417, 0.03332697669046662, 0.030841597598972648, 0.03776745862516886, 0.039674919140905554, 0.03871337201569635, 0.04621580012978741, 0.03409199980817929, 0.032731347085747584, 0.03093105802503816, 0.03255284016359303, 0.045771599726335224, 0.05626427611386438, 0.033617955436052525, 0.036782526811856606, 0.037603198836734214, 0.030860399969090565, 0.03705729307572871, 0.034051576075913234, 0.05578548918191348, 0.055680111200451195, 0.03864740077487775, 0.040454250386857536, 0.0392125330317548, 0.039186681884497476, 0.03175049973395948, 0.032964430870329235, 0.03144758275042449, 0.0316598878390484, 0.03900567607273321, 0.034430509580652975, 0.03720831871072743, 0.03438809962188981, 0.03295247032531022, 0.035444857051324635, 0.04086715371417374, 0.03378709004721185, 0.03396887575625091, 0.03924225161604732, 0.036979865842512644, 0.053629935847718926, 0.03237906020788986, 0.04236824620556556, 0.044134371341899195, 0.032911610475446273, 0.032384740412472586, 0.030228074483746085, 0.03253222751846283, 0.054666703183471506, 0.038762624990788204, 0.03955355029328936, 0.031281953352045345, 0.0525340190253973, 0.04861169208774823, 0.030151175123525508, 0.0338821334686882, 0.03887657824658356, 0.04827937442455752, 0.03497122007785325, 0.04080209292260054, 0.0401021185523596, 0.045764272885671246, 0.06374725438953346, 0.03755817313407411, 0.03838002574556273, 0.03114377015764486, 0.03238604610897108, 0.03234366642441902, 0.03788453677287112, 0.04218656839543989, 0.0527265785362905, 0.03077494561942293, 0.03653972022183162, 0.039969287611024876, 0.03935375138666701, 0.03977290899706894, 0.046537917697100306, 0.040004376107493037, 0.0477274584974034, 0.036872094965157705, 0.03464032368230816, 0.03091878926290413, 0.03893239780435811, 0.04053989991519092, 0.033554542478207286, 0.0313548345861416, 0.0407786258013765, 0.04836517369050971, 0.04856725506834652, 0.056899449998754695, 0.045338468372923504, 0.03326927633684528, 0.04728796668288133, 0.034845097471749374, 0.03372158794740731, 0.04238417751337507, 0.038293724425903994, 0.04495564836513262, 0.04892925710558095, 0.03327237452193119, 0.04738525857955514, 0.046916399961686464, 0.0365625682846085, 0.048330732584307604, 0.03891185678103001, 0.032515864742565376]

 dTV estimated : 0.0
 nsamples : 9090393
 ACCEPTED