numSolutions: 150 k : 4661
5 150 0.022360679774997897 0.00013333333333333334

 Thread 8 estimated dimension 0 of 5 : 0.767753338802645  | time taken : 7.710230350494385
 Thread 1 estimated dimension 0 of 5 : 0.7308506080936242  | time taken : 7.730898141860962
 Thread 6 estimated dimension 0 of 5 : 0.7438937650985792  | time taken : 7.65383243560791
 Thread 2 estimated dimension 0 of 5 : 0.7572587031856647  | time taken : 7.820974111557007
 Thread 5 estimated dimension 0 of 5 : 0.7433534061670182  | time taken : 7.8629350662231445
 Thread 4 estimated dimension 0 of 5 : 0.73429127582691  | time taken : 7.8885204792022705
 Thread 7 estimated dimension 0 of 5 : 0.7362196104166548  | time taken : 7.857825994491577
 Thread 6 estimated dimension 1 of 5 : 0.48963657527207566  | time taken : 11.041414499282837
 Thread 2 estimated dimension 1 of 5 : 0.4920087859653271  | time taken : 10.972168445587158
 Thread 7 estimated dimension 1 of 5 : 0.49057211113358035  | time taken : 10.908222198486328
 Thread 4 estimated dimension 1 of 5 : 0.5084469689596496  | time taken : 10.985396146774292
 Thread 8 estimated dimension 1 of 5 : 0.5096689572566222  | time taken : 11.26036524772644
 Thread 1 estimated dimension 1 of 5 : 0.4886322068431079  | time taken : 11.385709762573242
 Thread 5 estimated dimension 1 of 5 : 0.4958434979746392  | time taken : 11.279981136322021
 Thread 3 estimated dimension 0 of 5 : 0.257022454260906  | time taken : 23.047765016555786
 Thread 5 estimated dimension 2 of 5 : 0.668219067912822  | time taken : 9.289497375488281
 Thread 8 estimated dimension 2 of 5 : 0.682544026847044  | time taken : 9.688419103622437
 Thread 1 estimated dimension 2 of 5 : 0.49738052880932065  | time taken : 11.427775859832764
 Thread 3 estimated dimension 1 of 5 : 0.5047800788685785  | time taken : 7.628326654434204
 Thread 6 estimated dimension 2 of 5 : 0.4963947153431985  | time taken : 12.055017948150635
 Thread 7 estimated dimension 2 of 5 : 0.49917339165636204  | time taken : 12.764492273330688
 Thread 2 estimated dimension 2 of 5 : 0.5036624129455055  | time taken : 12.823829412460327
 Thread 1 estimated dimension 3 of 5 : 0.9988888902372822  | time taken : 4.14040470123291
 Thread 3 estimated dimension 2 of 5 : 0.9895851603532286  | time taken : 4.128207445144653
 Thread 3 estimated dimension 3 of 5 : 0.9772747937218451  | time taken : 2.7233097553253174
 Thread 4 estimated dimension 2 of 5 : 0.3180183136685741  | time taken : 21.293780088424683
 Thread 3 estimated dimension 4 of 5 : 1  | time taken : 2.314038038253784
 Thread 3 nsolns: 41158
 Thread 4 estimated dimension 3 of 5 : 1  | time taken : 1.8873462677001953
 Thread 4 estimated dimension 4 of 5 : 0.9792015158772894  | time taken : 1.3494348526000977
 Thread 4 nsolns: 39531
 Thread 3 estimated dimension 0 of 5 : 0.7400061157599771  | time taken : 4.012768983840942
 Thread 2 estimated dimension 3 of 5 : 0.5036112278871635  | time taken : 13.740746021270752
 Thread 7 estimated dimension 3 of 5 : 0.5069443358737448  | time taken : 14.362864255905151
 Thread 6 estimated dimension 3 of 5 : 0.513160007071145  | time taken : 15.612924337387085
 Thread 1 estimated dimension 4 of 5 : 0.5019269077513323  | time taken : 11.641016006469727
 Thread 1 nsolns: 39028
 Thread 8 estimated dimension 3 of 5 : 0.37352724845974183  | time taken : 18.59408140182495
 Thread 5 estimated dimension 3 of 5 : 0.37124950059249523  | time taken : 18.695049285888672
 Thread 7 estimated dimension 4 of 5 : 1  | time taken : 4.4028706550598145
 Thread 5 estimated dimension 4 of 5 : 1  | time taken : 3.020763635635376
 Thread 4 estimated dimension 0 of 5 : 0.7389662635198297  | time taken : 6.283562660217285
 Thread 2 estimated dimension 4 of 5 : 0.9852589845600037  | time taken : 4.6727211475372314
 Thread 6 estimated dimension 4 of 5 : 1  | time taken : 3.882056951522827
 Thread 8 estimated dimension 4 of 5 : 1  | time taken : 3.222207546234131
 Thread 7 nsolns: 38943
 Thread 5 nsolns: 39435
 Thread 2 nsolns: 38943
 Thread 6 nsolns: 38943
 Thread 8 nsolns: 39435
 Thread 1 estimated dimension 0 of 5 : 0.7425992458602598  | time taken : 6.376537084579468
 Thread 3 estimated dimension 1 of 5 : 0.5169895421520394  | time taken : 12.406763553619385
 Thread 2 estimated dimension 0 of 5 : 0.7340186867345497  | time taken : 6.793978214263916
 Thread 7 estimated dimension 0 of 5 : 0.7400746584396158  | time taken : 6.986763000488281
 Thread 8 estimated dimension 0 of 5 : 0.7419177846518161  | time taken : 7.1093909740448
 Thread 5 estimated dimension 0 of 5 : 0.7419823915297848  | time taken : 8.42505931854248
 Thread 6 estimated dimension 0 of 5 : 0.7386954824294565  | time taken : 10.200885772705078
 Thread 4 estimated dimension 1 of 5 : 0.5069427362006982  | time taken : 12.90681004524231
 Thread 1 estimated dimension 1 of 5 : 0.4863996717160073  | time taken : 11.344032526016235
 Thread 3 estimated dimension 2 of 5 : 0.6748181374872909  | time taken : 8.15448808670044
 Thread 5 estimated dimension 1 of 5 : 0.5140693588231131  | time taken : 8.800631999969482
 Thread 7 estimated dimension 1 of 5 : 0.489230506531328  | time taken : 11.310163736343384
 Thread 2 estimated dimension 1 of 5 : 0.49324503913327994  | time taken : 11.86109209060669
 Thread 4 estimated dimension 2 of 5 : 0.68544578031732  | time taken : 6.44573450088501
 Thread 8 estimated dimension 1 of 5 : 0.4860700349372282  | time taken : 11.977800607681274
 Thread 6 estimated dimension 1 of 5 : 0.5059246373800093  | time taken : 10.251138925552368
 Thread 3 estimated dimension 3 of 5 : 0.6239656802105572  | time taken : 7.353428840637207
 Thread 1 estimated dimension 2 of 5 : 0.5064456438250182  | time taken : 9.529370069503784
 Thread 4 estimated dimension 3 of 5 : 0.6363011763042873  | time taken : 10.408807277679443
 Thread 8 estimated dimension 2 of 5 : 0.494475173869301  | time taken : 11.540587186813354
 Thread 7 estimated dimension 2 of 5 : 0.5002552479603224  | time taken : 12.50901174545288
 Thread 2 estimated dimension 2 of 5 : 0.4953066191017882  | time taken : 12.071192979812622
 Thread 3 estimated dimension 4 of 5 : 0.5009145148219658  | time taken : 9.407299280166626
 Thread 3 nsolns: 38959
 Thread 1 estimated dimension 3 of 5 : 0.5109523373117116  | time taken : 9.233536720275879
 Thread 8 estimated dimension 3 of 5 : 1  | time taken : 3.0705182552337646
 Thread 2 estimated dimension 3 of 5 : 1  | time taken : 2.962393283843994
 Thread 7 estimated dimension 3 of 5 : 1  | time taken : 3.012299060821533
 Thread 1 estimated dimension 4 of 5 : 0.9658732157548697  | time taken : 1.2622365951538086
 Thread 1 nsolns: 38943
 Thread 6 estimated dimension 2 of 5 : 0.3188045924439883  | time taken : 14.735360622406006
 Thread 3 estimated dimension 0 of 5 : 0.7335390157098067  | time taken : 5.8668012619018555
 Thread 5 estimated dimension 2 of 5 : 0.3147188974230102  | time taken : 20.30806875228882
 Thread 6 estimated dimension 3 of 5 : 1  | time taken : 2.093977689743042
 Thread 5 estimated dimension 3 of 5 : 0.9979683739468576  | time taken : 2.7911713123321533
 Thread 6 estimated dimension 4 of 5 : 1  | time taken : 2.6485705375671387
 Thread 6 nsolns: 39531
 Thread 5 estimated dimension 4 of 5 : 1  | time taken : 2.2998406887054443
 Thread 5 nsolns: 39531
 Thread 1 estimated dimension 0 of 5 : 0.746424550919534  | time taken : 8.752228260040283
 Thread 4 estimated dimension 4 of 5 : 0.5146928267670879  | time taken : 15.410511016845703
 Thread 4 nsolns: 38959
 Thread 6 estimated dimension 0 of 5 : 0.7497803011584839  | time taken : 4.883259057998657
 Thread 2 estimated dimension 4 of 5 : 0.5026068022991005  | time taken : 13.549772262573242
 Thread 7 estimated dimension 4 of 5 : 0.4993401481415276  | time taken : 13.621996402740479
 Thread 2 nsolns: 39028
 Thread 7 nsolns: 39028
 Thread 3 estimated dimension 1 of 5 : 0.4916248483548188  | time taken : 10.798672199249268
 Thread 8 estimated dimension 4 of 5 : 0.5117391844500244  | time taken : 12.002913475036621
 Thread 8 nsolns: 39028
 Thread 4 estimated dimension 0 of 5 : 0.7424652137795529  | time taken : 7.321391344070435
 Thread 2 estimated dimension 0 of 5 : 0.7470321758537115  | time taken : 8.014108419418335
 Thread 8 estimated dimension 0 of 5 : 0.7390207412005194  | time taken : 6.977794647216797
 Thread 1 estimated dimension 1 of 5 : 0.5167411741295643  | time taken : 13.3785719871521
 Thread 6 estimated dimension 1 of 5 : 0.4940402897019878  | time taken : 12.289798498153687
 Thread 3 estimated dimension 2 of 5 : 0.5026278691479308  | time taken : 11.70896577835083
 Thread 3 estimated dimension 3 of 5 : 0.9851706074215342  | time taken : 1.9737510681152344
 Thread 4 estimated dimension 1 of 5 : 0.49153663460433  | time taken : 11.061606884002686
 Thread 1 estimated dimension 2 of 5 : 0.6889093003763688  | time taken : 8.051338911056519
 Thread 2 estimated dimension 1 of 5 : 0.4964423852067832  | time taken : 12.49269151687622
 Thread 5 estimated dimension 0 of 5 : 0.26136917503520934  | time taken : 25.055715084075928
 Thread 8 estimated dimension 1 of 5 : 0.4885976324739902  | time taken : 12.875747919082642
 Thread 6 estimated dimension 2 of 5 : 0.500255193075654  | time taken : 14.752317190170288
 Thread 1 estimated dimension 3 of 5 : 0.6231550403039285  | time taken : 10.026248693466187
 Thread 3 estimated dimension 4 of 5 : 0.5059189486578423  | time taken : 13.746226072311401
 Thread 3 nsolns: 39028
 Thread 7 estimated dimension 0 of 5 : 0.2562670501153804  | time taken : 29.83732032775879
 Thread 4 estimated dimension 2 of 5 : 0.5075367331935664  | time taken : 16.187896490097046
 Thread 5 estimated dimension 1 of 5 : 0.5000949052785211  | time taken : 13.817317247390747
 Thread 8 estimated dimension 2 of 5 : 0.511037594265947  | time taken : 14.16556167602539
 Thread 3 estimated dimension 0 of 5 : 0.7350627963693103  | time taken : 6.341771364212036
 Thread 2 estimated dimension 2 of 5 : 0.5000965136750355  | time taken : 15.680508613586426
 Thread 5 estimated dimension 2 of 5 : 1  | time taken : 1.3765757083892822
 Thread 6 estimated dimension 3 of 5 : 0.5115859831725452  | time taken : 11.398583173751831
 Thread 1 estimated dimension 4 of 5 : 0.5068791986355161  | time taken : 11.06842827796936
 Thread 1 nsolns: 39153
 Thread 5 estimated dimension 3 of 5 : 0.995787470278763  | time taken : 3.2823705673217773
 Thread 6 estimated dimension 4 of 5 : 1  | time taken : 2.3829641342163086
 Thread 6 nsolns: 38943
 Thread 7 estimated dimension 1 of 5 : 0.5062246425523572  | time taken : 11.890164375305176
 Thread 5 estimated dimension 4 of 5 : 0.9686659815914793  | time taken : 3.7543747425079346
 Thread 7 estimated dimension 2 of 5 : 0.991966093860656  | time taken : 2.216834306716919
 Thread 5 nsolns: 41158
 Thread 7 estimated dimension 3 of 5 : 1  | time taken : 1.7893736362457275
 Thread 4 estimated dimension 3 of 5 : 0.5034425744523146  | time taken : 13.80659556388855
 Thread 6 estimated dimension 0 of 5 : 0.7394916563779305  | time taken : 8.006592273712158
 Thread 4 estimated dimension 4 of 5 : 0.9771779199968461  | time taken : 2.6320295333862305
 Thread 7 estimated dimension 4 of 5 : 1  | time taken : 2.5368378162384033
 Thread 1 estimated dimension 0 of 5 : 0.7447934632599592  | time taken : 8.9917573928833
 Thread 7 nsolns: 41158
 Thread 4 nsolns: 38943
 Thread 8 estimated dimension 3 of 5 : 0.4861901519698023  | time taken : 13.942121744155884
 Thread 3 estimated dimension 1 of 5 : 0.4915618992815219  | time taken : 14.347880125045776
 Thread 2 estimated dimension 3 of 5 : 0.4908567119718902  | time taken : 16.374715328216553
 Thread 2 estimated dimension 4 of 5 : 0.9953242448147723  | time taken : 2.687960624694824
 Thread 2 nsolns: 39137
 Thread 8 estimated dimension 4 of 5 : 1  | time taken : 5.2085959911346436
 Thread 8 nsolns: 39137
 Thread 7 estimated dimension 0 of 5 : 0.7300642734220301  | time taken : 8.750622510910034
 Thread 1 estimated dimension 1 of 5 : 0.5077540765544505  | time taken : 12.979689836502075
 Thread 8 estimated dimension 0 of 5 : 0.7423384325621563  | time taken : 6.472723960876465
 Thread 6 estimated dimension 1 of 5 : 0.5089051719054808  | time taken : 17.847770929336548
 Thread 3 estimated dimension 2 of 5 : 0.502716946399901  | time taken : 17.028895139694214
 Thread 7 estimated dimension 1 of 5 : 0.48998737911340323  | time taken : 9.87119722366333
 Thread 3 estimated dimension 3 of 5 : 0.9915913563913739  | time taken : 2.2723803520202637
 Thread 8 estimated dimension 1 of 5 : 0.4873518634847625  | time taken : 9.146661520004272
 Thread 5 estimated dimension 0 of 5 : 0.25885264783826883  | time taken : 27.223885536193848
 Thread 6 estimated dimension 2 of 5 : 0.6959229146318481  | time taken : 6.223042011260986
 Thread 4 estimated dimension 0 of 5 : 0.2623561696856436  | time taken : 24.353543519973755
 Thread 2 estimated dimension 0 of 5 : 0.25698312450083866  | time taken : 19.391262531280518
 Thread 1 estimated dimension 2 of 5 : 0.31174895795893615  | time taken : 13.803589105606079
 Thread 7 estimated dimension 2 of 5 : 0.501689816617929  | time taken : 8.658871412277222
 Thread 3 estimated dimension 4 of 5 : 0.5048401677099945  | time taken : 8.694020509719849
 Thread 3 nsolns: 39028
 Thread 1 estimated dimension 3 of 5 : 0.9975465591959181  | time taken : 2.6647140979766846
 Thread 7 estimated dimension 3 of 5 : 0.9734813571230143  | time taken : 1.5067644119262695
 Thread 1 estimated dimension 4 of 5 : 1  | time taken : 2.8105976581573486
 Thread 1 nsolns: 39531
 Thread 3 estimated dimension 0 of 5 : 0.7445456065753545  | time taken : 6.4867002964019775
 Thread 8 estimated dimension 2 of 5 : 0.5017968403217017  | time taken : 14.290549278259277
 Thread 5 estimated dimension 1 of 5 : 0.5085588828328246  | time taken : 14.577054023742676
 Thread 8 estimated dimension 3 of 5 : 0.9848767515561025  | time taken : 2.2651586532592773
 Thread 5 estimated dimension 2 of 5 : 0.9862255631589519  | time taken : 1.975090742111206
 Thread 4 estimated dimension 1 of 5 : 0.49476278589068867  | time taken : 14.881825923919678
 Thread 2 estimated dimension 1 of 5 : 0.4939370388230698  | time taken : 15.1355562210083
 Thread 7 estimated dimension 4 of 5 : 0.5100941713035677  | time taken : 11.218333959579468
 Thread 7 nsolns: 39028
 Thread 5 estimated dimension 3 of 5 : 0.9881236420711618  | time taken : 2.327310085296631
 Thread 4 estimated dimension 2 of 5 : 0.9975370516814152  | time taken : 3.0317273139953613
 Thread 6 estimated dimension 3 of 5 : 0.3686239175894714  | time taken : 20.76462459564209
 Thread 2 estimated dimension 2 of 5 : 1  | time taken : 3.838695526123047
 Thread 5 estimated dimension 4 of 5 : 0.9992252129149809  | time taken : 2.8463923931121826
 Thread 4 estimated dimension 3 of 5 : 1  | time taken : 2.2885539531707764
 Thread 5 nsolns: 41158
 Thread 2 estimated dimension 3 of 5 : 0.9899202518508207  | time taken : 3.1276252269744873
 Thread 6 estimated dimension 4 of 5 : 1  | time taken : 3.41900372505188
 Thread 4 estimated dimension 4 of 5 : 1  | time taken : 2.8919763565063477
 Thread 6 nsolns: 39435
 Thread 4 nsolns: 41352
 Thread 7 estimated dimension 0 of 5 : 0.7568203456372133  | time taken : 8.303922891616821
 Thread 3 estimated dimension 1 of 5 : 0.4870568528773107  | time taken : 14.46416187286377
 Thread 2 estimated dimension 4 of 5 : 1  | time taken : 3.273763656616211
 Thread 2 nsolns: 41352
 Thread 5 estimated dimension 0 of 5 : 0.7386852526678963  | time taken : 6.359427213668823
 Thread 8 estimated dimension 4 of 5 : 0.5110136086134187  | time taken : 13.661966323852539
 Thread 8 nsolns: 39028
 Thread 6 estimated dimension 0 of 5 : 0.726721512046291  | time taken : 7.267274856567383
 Thread 4 estimated dimension 0 of 5 : 0.7410535514784011  | time taken : 7.888359785079956
 Thread 1 estimated dimension 0 of 5 : 0.2594736858167205  | time taken : 24.99500036239624
 Thread 2 estimated dimension 0 of 5 : 0.7380950174354411  | time taken : 6.587170362472534
 Thread 8 estimated dimension 0 of 5 : 0.7479505674407794  | time taken : 5.904824495315552
 Thread 7 estimated dimension 1 of 5 : 0.4900538844275262  | time taken : 10.850152969360352
 Thread 3 estimated dimension 2 of 5 : 0.5008845976905303  | time taken : 10.309318542480469
 Thread 5 estimated dimension 1 of 5 : 0.4847484010452012  | time taken : 11.226300716400146
 Thread 3 estimated dimension 3 of 5 : 0.9949715423906803  | time taken : 2.5566227436065674
 Thread 4 estimated dimension 1 of 5 : 0.5065686342713656  | time taken : 12.345459461212158
 Thread 6 estimated dimension 1 of 5 : 0.49009115885824145  | time taken : 15.327781438827515
 Thread 2 estimated dimension 1 of 5 : 0.49441022000484564  | time taken : 12.770587682723999
 Thread 8 estimated dimension 1 of 5 : 0.5018685739682482  | time taken : 12.88390040397644
 Thread 7 estimated dimension 2 of 5 : 0.5009151219460896  | time taken : 11.030590534210205
 Thread 1 estimated dimension 1 of 5 : 0.4976128600535137  | time taken : 14.785685777664185
 Thread 5 estimated dimension 2 of 5 : 0.500800749241964  | time taken : 10.127372980117798
 Thread 4 estimated dimension 2 of 5 : 0.675449990972375  | time taken : 6.215685129165649
 Thread 3 estimated dimension 4 of 5 : 0.5020052771356777  | time taken : 11.405726671218872
 Thread 3 nsolns: 39028
 Thread 7 estimated dimension 3 of 5 : 0.9791953197058865  | time taken : 3.6589019298553467
 Thread 1 estimated dimension 2 of 5 : 0.997112827886614  | time taken : 2.9986572265625
 Thread 5 estimated dimension 3 of 5 : 0.9926710066197123  | time taken : 5.099714994430542
 Thread 1 estimated dimension 3 of 5 : 1  | time taken : 3.853890895843506
 Thread 1 estimated dimension 4 of 5 : 0.9904057190716978  | time taken : 3.0656979084014893
 Thread 1 nsolns: 41352
 Thread 6 estimated dimension 2 of 5 : 0.49480393449855864  | time taken : 15.997994422912598
 Thread 4 estimated dimension 3 of 5 : 0.6193858888832409  | time taken : 12.155480861663818
 Thread 8 estimated dimension 2 of 5 : 0.4925442553243297  | time taken : 15.808953046798706
 Thread 1 estimated dimension 0 of 5 : 0.7454127748864198  | time taken : 4.329529047012329
 Thread 7 estimated dimension 4 of 5 : 0.4888556630079513  | time taken : 13.001496315002441
 Thread 6 estimated dimension 3 of 5 : 0.9934925968052019  | time taken : 1.4917590618133545
 Thread 7 nsolns: 39222
 Thread 2 estimated dimension 2 of 5 : 0.5097813230130985  | time taken : 18.205744981765747
 Thread 8 estimated dimension 3 of 5 : 0.9815716198114437  | time taken : 2.5578513145446777
 Thread 5 estimated dimension 4 of 5 : 0.5116688830370184  | time taken : 11.435029983520508
 Thread 5 nsolns: 39028
 Thread 7 estimated dimension 0 of 5 : 0.7356102139533757  | time taken : 6.606798887252808
 Thread 5 estimated dimension 0 of 5 : 0.7540131064027453  | time taken : 8.020635843276978
 Thread 3 estimated dimension 0 of 5 : 0.2609750632412943  | time taken : 25.10368061065674
 Thread 4 estimated dimension 4 of 5 : 0.49728846049716624  | time taken : 14.58560585975647
 Thread 4 nsolns: 38959
 Thread 6 estimated dimension 4 of 5 : 0.4899654636720529  | time taken : 14.95317792892456
 Thread 1 estimated dimension 1 of 5 : 0.5051731393990607  | time taken : 15.520219802856445
 Thread 6 nsolns: 39222
 Thread 8 estimated dimension 4 of 5 : 0.5146222895699742  | time taken : 15.13897442817688
 Thread 2 estimated dimension 3 of 5 : 0.5052977804721404  | time taken : 15.37350869178772
 Thread 8 nsolns: 39028
 Thread 7 estimated dimension 1 of 5 : 0.4972900019963726  | time taken : 11.556915521621704
 Thread 4 estimated dimension 0 of 5 : 0.7489882299171382  | time taken : 6.318849802017212
 Thread 2 estimated dimension 4 of 5 : 0.9885561925521239  | time taken : 2.813142776489258
 Thread 2 nsolns: 38943
 Thread 6 estimated dimension 0 of 5 : 0.7486802677410578  | time taken : 6.322346210479736
 Thread 5 estimated dimension 1 of 5 : 0.48957159739126  | time taken : 10.97561264038086
 Thread 8 estimated dimension 0 of 5 : 0.7423479560593826  | time taken : 5.847365856170654
 Thread 3 estimated dimension 1 of 5 : 0.49481733296818436  | time taken : 12.477293729782104
 Thread 3 estimated dimension 2 of 5 : 0.999434905001642  | time taken : 2.404294490814209
 Thread 2 estimated dimension 0 of 5 : 0.7194696530998721  | time taken : 8.018122673034668
 Thread 3 estimated dimension 3 of 5 : 0.9989093891871115  | time taken : 1.4809622764587402
 Thread 3 estimated dimension 4 of 5 : 1  | time taken : 1.759483814239502
 Thread 3 nsolns: 41352
 Thread 7 estimated dimension 2 of 5 : 0.49285157158033616  | time taken : 14.1766676902771
 Thread 4 estimated dimension 1 of 5 : 0.4841062231519042  | time taken : 13.706773281097412
 Thread 6 estimated dimension 1 of 5 : 0.5080998647807128  | time taken : 12.434171199798584
 Thread 1 estimated dimension 2 of 5 : 0.3119206607322663  | time taken : 19.286595344543457
 Thread 7 estimated dimension 3 of 5 : 1  | time taken : 1.70904541015625
 Thread 3 estimated dimension 0 of 5 : 0.7466431119150935  | time taken : 3.985694646835327
 Thread 5 estimated dimension 2 of 5 : 0.49941230924920654  | time taken : 13.918063640594482
 Thread 8 estimated dimension 1 of 5 : 0.5082684909387476  | time taken : 13.13565731048584
 Thread 1 estimated dimension 3 of 5 : 0.9948519172298133  | time taken : 2.791579008102417
 Thread 2 estimated dimension 1 of 5 : 0.49662112625334687  | time taken : 8.93769907951355
 Thread 1 estimated dimension 4 of 5 : 1  | time taken : 3.1212875843048096
 Thread 1 nsolns: 39531
 Thread 6 estimated dimension 2 of 5 : 0.6804601237019374  | time taken : 10.181306838989258
 Thread 8 estimated dimension 2 of 5 : 0.6743124531099867  | time taken : 8.313842535018921
 Thread 4 estimated dimension 2 of 5 : 0.5046742749740277  | time taken : 12.41710114479065
 Thread 1 estimated dimension 0 of 5 : 0.7416860654277487  | time taken : 5.134435176849365
 Thread 4 estimated dimension 3 of 5 : 0.9825260446193741  | time taken : 1.605375051498413
 Thread 2 estimated dimension 2 of 5 : 0.4982580552864753  | time taken : 11.030370950698853
 Thread 5 estimated dimension 3 of 5 : 0.5167976550763459  | time taken : 12.680270195007324
 Thread 7 estimated dimension 4 of 5 : 0.5107387482042655  | time taken : 13.871447801589966
 Thread 3 estimated dimension 1 of 5 : 0.4894172516370452  | time taken : 13.093694925308228
 Thread 7 nsolns: 39028
 Thread 6 estimated dimension 3 of 5 : 0.623350360756386  | time taken : 8.004090547561646
 Thread 2 estimated dimension 3 of 5 : 1  | time taken : 3.98390793800354
 Thread 5 estimated dimension 4 of 5 : 0.9944161141711787  | time taken : 3.506776809692383
 Thread 5 nsolns: 38943
 Thread 8 estimated dimension 3 of 5 : 0.6258201868622867  | time taken : 9.06587529182434
 Thread 7 estimated dimension 0 of 5 : 0.7415632939556396  | time taken : 8.050816059112549
 Thread 1 estimated dimension 1 of 5 : 0.4932773693942801  | time taken : 12.994349956512451
 Thread 4 estimated dimension 4 of 5 : 0.5091085277405294  | time taken : 12.711789608001709
 Thread 4 nsolns: 39028
 Thread 6 estimated dimension 4 of 5 : 0.5108884998614172  | time taken : 9.573570966720581
 Thread 6 nsolns: 38959
 Thread 3 estimated dimension 2 of 5 : 0.508061317490658  | time taken : 14.393934965133667
 Thread 2 estimated dimension 4 of 5 : 0.5035183896799064  | time taken : 10.907344818115234
 Thread 2 nsolns: 39028
 Thread 8 estimated dimension 4 of 5 : 0.4982671466641091  | time taken : 12.088291645050049
 Thread 8 nsolns: 39153
 Thread 4 estimated dimension 0 of 5 : 0.7344282883747598  | time taken : 6.142168283462524
 Thread 7 estimated dimension 1 of 5 : 0.4901466089014824  | time taken : 11.265850305557251
 Thread 2 estimated dimension 0 of 5 : 0.735614246159255  | time taken : 8.025665760040283
 Thread 8 estimated dimension 0 of 5 : 0.7387407860711868  | time taken : 6.353926181793213
 Thread 1 estimated dimension 2 of 5 : 0.5044581346800334  | time taken : 17.965418338775635
 Thread 3 estimated dimension 3 of 5 : 0.5117663386729658  | time taken : 15.816186666488647
 Thread 5 estimated dimension 0 of 5 : 0.25872526440322335  | time taken : 27.2695152759552
 Thread 4 estimated dimension 1 of 5 : 0.5084450264398254  | time taken : 13.784450769424438
 Thread 3 estimated dimension 4 of 5 : 1  | time taken : 2.036583185195923
 Thread 3 nsolns: 38943
 Thread 2 estimated dimension 1 of 5 : 0.5141706840988365  | time taken : 11.55298924446106
 Thread 7 estimated dimension 2 of 5 : 0.49941733904596536  | time taken : 16.59172797203064
 Thread 8 estimated dimension 1 of 5 : 0.49823447273501337  | time taken : 13.43513035774231
 Thread 3 estimated dimension 0 of 5 : 0.7188607156989121  | time taken : 6.6259520053863525
 Thread 4 estimated dimension 2 of 5 : 0.6844073326105643  | time taken : 10.296658992767334
 Thread 1 estimated dimension 3 of 5 : 0.5030510840431146  | time taken : 14.746658325195312
 Thread 6 estimated dimension 0 of 5 : 0.2608498145970885  | time taken : 30.36863374710083
 Thread 2 estimated dimension 2 of 5 : 0.6851542455619801  | time taken : 9.052478790283203
 Thread 1 estimated dimension 4 of 5 : 0.9605963393131729  | time taken : 1.7731831073760986
 Thread 5 estimated dimension 1 of 5 : 0.5092600311334499  | time taken : 14.082566022872925
 Thread 1 nsolns: 38943
 Thread 7 estimated dimension 3 of 5 : 0.5059996234823486  | time taken : 11.51247262954712
 Thread 5 estimated dimension 2 of 5 : 1  | time taken : 2.485654354095459
 Thread 8 estimated dimension 2 of 5 : 0.4963541552078371  | time taken : 11.665136337280273
 Thread 7 estimated dimension 4 of 5 : 1  | time taken : 2.0133140087127686
 Thread 7 nsolns: 38943
 Thread 5 estimated dimension 3 of 5 : 1  | time taken : 2.1063976287841797
 Thread 3 estimated dimension 1 of 5 : 0.5004030347229622  | time taken : 11.132137537002563
 Thread 4 estimated dimension 3 of 5 : 0.6175593620455905  | time taken : 9.264863014221191
 Thread 1 estimated dimension 0 of 5 : 0.737633598376387  | time taken : 6.6870436668396
 Thread 5 estimated dimension 4 of 5 : 1  | time taken : 2.0187368392944336
 Thread 5 nsolns: 41158
 Thread 2 estimated dimension 3 of 5 : 0.6288639501777185  | time taken : 10.573931217193604
 Thread 7 estimated dimension 0 of 5 : 0.7343813640155468  | time taken : 9.481018304824829
 Thread 6 estimated dimension 1 of 5 : 0.4998655802051328  | time taken : 15.990282535552979
 Thread 6 estimated dimension 2 of 5 : 0.9936353214976152  | time taken : 2.575423002243042
 Thread 8 estimated dimension 3 of 5 : 0.48502316705645815  | time taken : 14.75190258026123
 Thread 6 estimated dimension 3 of 5 : 0.9918842240452337  | time taken : 2.3279449939727783
 Thread 8 estimated dimension 4 of 5 : 1  | time taken : 1.448441743850708
 Thread 8 nsolns: 39137
 Thread 3 estimated dimension 2 of 5 : 0.4960754527735638  | time taken : 15.226068496704102
 Thread 6 estimated dimension 4 of 5 : 0.997175781655216  | time taken : 2.0603954792022705
 Thread 6 nsolns: 41158
 Thread 1 estimated dimension 1 of 5 : 0.5034568312251357  | time taken : 16.485502243041992
 Thread 3 estimated dimension 3 of 5 : 0.9953757403073514  | time taken : 2.1511778831481934
 Thread 2 estimated dimension 4 of 5 : 0.488567982490446  | time taken : 14.367865085601807
 Thread 4 estimated dimension 4 of 5 : 0.5018406207061779  | time taken : 18.45882534980774
 Thread 2 nsolns: 39153
 Thread 4 nsolns: 38959
 Thread 8 estimated dimension 0 of 5 : 0.7553482492255561  | time taken : 5.566956520080566
 Thread 7 estimated dimension 1 of 5 : 0.48835266595002846  | time taken : 12.883832454681396
 Thread 6 estimated dimension 0 of 5 : 0.7387159797386124  | time taken : 7.143439769744873
 Thread 1 estimated dimension 2 of 5 : 0.6963319101642091  | time taken : 9.91031789779663
 Thread 4 estimated dimension 0 of 5 : 0.7391916867476187  | time taken : 8.320130109786987
 Thread 5 estimated dimension 0 of 5 : 0.2586490447949784  | time taken : 27.4207181930542
 Thread 3 estimated dimension 4 of 5 : 0.5010551405836622  | time taken : 15.018609523773193
 Thread 3 nsolns: 39222
 Thread 8 estimated dimension 1 of 5 : 0.5085794710609217  | time taken : 14.921887159347534
 Thread 6 estimated dimension 1 of 5 : 0.49031497406466673  | time taken : 11.548234701156616
 Thread 7 estimated dimension 2 of 5 : 0.5057012546708948  | time taken : 16.90872812271118
 Thread 1 estimated dimension 3 of 5 : 0.6361381013735306  | time taken : 11.670830249786377
 Thread 4 estimated dimension 1 of 5 : 0.4959579313022212  | time taken : 12.783987760543823
 Thread 3 estimated dimension 0 of 5 : 0.7458056477776825  | time taken : 6.980896472930908
 Thread 5 estimated dimension 1 of 5 : 0.5156364545061428  | time taken : 14.867071390151978
 Thread 8 estimated dimension 2 of 5 : 0.6835152407870859  | time taken : 7.933192729949951
 Thread 5 estimated dimension 2 of 5 : 0.9876732216775655  | time taken : 1.8941478729248047
 Thread 6 estimated dimension 2 of 5 : 0.49313109554731743  | time taken : 11.00788927078247
 Thread 2 estimated dimension 0 of 5 : 0.2593628097198678  | time taken : 28.601252794265747
 Thread 5 estimated dimension 3 of 5 : 1  | time taken : 2.7689695358276367
 Thread 6 estimated dimension 3 of 5 : 1  | time taken : 1.9675145149230957
 Thread 1 estimated dimension 4 of 5 : 0.5043432608516224  | time taken : 11.335933446884155
 Thread 1 nsolns: 38959
 Thread 7 estimated dimension 3 of 5 : 0.5012625783918626  | time taken : 12.81204628944397
 Thread 5 estimated dimension 4 of 5 : 1  | time taken : 2.0010015964508057
 Thread 5 nsolns: 41158
 Thread 3 estimated dimension 1 of 5 : 0.5126287427296421  | time taken : 10.91947603225708
 Thread 8 estimated dimension 3 of 5 : 0.6197473228644961  | time taken : 8.631853103637695
 Thread 7 estimated dimension 4 of 5 : 1  | time taken : 2.4414029121398926
 Thread 7 nsolns: 38943
 Thread 4 estimated dimension 2 of 5 : 0.5045212669053102  | time taken : 13.041709661483765
 Thread 5 estimated dimension 0 of 5 : 0.734411653909059  | time taken : 7.763596296310425
 Thread 1 estimated dimension 0 of 5 : 0.7489315065192375  | time taken : 8.474763631820679
 Thread 7 estimated dimension 0 of 5 : 0.7437063737353533  | time taken : 7.267855644226074
 Thread 2 estimated dimension 1 of 5 : 0.505992255520409  | time taken : 14.366418838500977
 Thread 3 estimated dimension 2 of 5 : 0.6832523699831428  | time taken : 9.332735776901245
 Thread 2 estimated dimension 2 of 5 : 0.9856530567667646  | time taken : 2.6505038738250732
 Thread 6 estimated dimension 4 of 5 : 0.5057230433388579  | time taken : 15.689525842666626
 Thread 6 nsolns: 39028
 Thread 4 estimated dimension 3 of 5 : 0.5040974043567046  | time taken : 12.207290649414062
 Thread 8 estimated dimension 4 of 5 : 0.5078606543240173  | time taken : 13.873291492462158
 Thread 2 estimated dimension 3 of 5 : 0.9841209357627184  | time taken : 2.5816917419433594
 Thread 8 nsolns: 38959
 Thread 4 estimated dimension 4 of 5 : 0.9979854289273652  | time taken : 1.9084467887878418
 Thread 4 nsolns: 38943
 Thread 2 estimated dimension 4 of 5 : 1  | time taken : 1.873415470123291
 Thread 2 nsolns: 41158
 Thread 1 estimated dimension 1 of 5 : 0.5062170238068274  | time taken : 10.838330745697021
 Thread 3 estimated dimension 3 of 5 : 0.6339925628400795  | time taken : 8.241507530212402
 Thread 5 estimated dimension 1 of 5 : 0.5056437498879756  | time taken : 11.336317300796509
 Thread 6 estimated dimension 0 of 5 : 0.7418419240513435  | time taken : 5.707719802856445
 Thread 7 estimated dimension 1 of 5 : 0.4904298119914525  | time taken : 11.074325323104858
 Thread 8 estimated dimension 0 of 5 : 0.731716322038828  | time taken : 6.384921073913574
 Thread 2 estimated dimension 0 of 5 : 0.7113297345323353  | time taken : 8.285303115844727
 Thread 5 estimated dimension 2 of 5 : 0.6818984621553204  | time taken : 10.220234155654907
 Thread 1 estimated dimension 2 of 5 : 0.6808682725955191  | time taken : 11.372262001037598
 Thread 3 estimated dimension 4 of 5 : 0.49762721944488736  | time taken : 13.691423177719116
 Thread 7 estimated dimension 2 of 5 : 0.48949205556610037  | time taken : 11.218938112258911
 Thread 3 nsolns: 39153
 Thread 6 estimated dimension 1 of 5 : 0.5076821640781943  | time taken : 15.305358409881592
 Thread 7 estimated dimension 3 of 5 : 1  | time taken : 3.2772104740142822
 Thread 8 estimated dimension 1 of 5 : 0.5058938806412215  | time taken : 13.596115112304688
 Thread 2 estimated dimension 1 of 5 : 0.49173665172994535  | time taken : 11.245906352996826
 Thread 1 estimated dimension 3 of 5 : 0.6244449214670346  | time taken : 8.545509576797485
 Thread 3 estimated dimension 0 of 5 : 0.7707854782104454  | time taken : 5.889181613922119
 Thread 6 estimated dimension 2 of 5 : 0.6679455905537941  | time taken : 5.872087240219116
 Thread 4 estimated dimension 0 of 5 : 0.2587875305949013  | time taken : 26.122838020324707
 Thread 5 estimated dimension 3 of 5 : 0.3765153561634125  | time taken : 15.674372911453247
 Thread 8 estimated dimension 2 of 5 : 0.6892020257393348  | time taken : 8.108843326568604
 Thread 5 estimated dimension 4 of 5 : 0.9979956222098517  | time taken : 2.2355406284332275
 Thread 5 nsolns: 39435
 Thread 7 estimated dimension 4 of 5 : 0.49141483950944037  | time taken : 12.711298704147339
 Thread 7 nsolns: 39222
 Thread 6 estimated dimension 3 of 5 : 0.6299929476773266  | time taken : 10.173132419586182
 Thread 3 estimated dimension 1 of 5 : 0.4847936710922168  | time taken : 12.214900970458984
 Thread 1 estimated dimension 4 of 5 : 0.5072565939183868  | time taken : 13.558488368988037
 Thread 1 nsolns: 38959
 Thread 5 estimated dimension 0 of 5 : 0.7194651022217319  | time taken : 4.772486448287964
 Thread 2 estimated dimension 2 of 5 : 0.5074779803030661  | time taken : 16.69263243675232
 Thread 4 estimated dimension 1 of 5 : 0.5065753324204872  | time taken : 12.227011919021606
 Thread 7 estimated dimension 0 of 5 : 0.7537148965189543  | time taken : 6.206316947937012
 Thread 4 estimated dimension 2 of 5 : 0.9724640647270452  | time taken : 2.814262866973877
 Thread 1 estimated dimension 0 of 5 : 0.7433548945019809  | time taken : 7.4709460735321045
 Thread 4 estimated dimension 3 of 5 : 1  | time taken : 1.667389154434204
 Thread 8 estimated dimension 3 of 5 : 0.37627690628710214  | time taken : 16.783536195755005
 Thread 3 estimated dimension 2 of 5 : 0.499777300198798  | time taken : 10.997838973999023
 Thread 6 estimated dimension 4 of 5 : 0.5064802682599707  | time taken : 11.53878378868103
 Thread 6 nsolns: 38959
 Thread 4 estimated dimension 4 of 5 : 0.9910517649174514  | time taken : 2.5401127338409424
 Thread 4 nsolns: 41158
 Thread 5 estimated dimension 1 of 5 : 0.5065069488845474  | time taken : 11.795189380645752
 Thread 8 estimated dimension 4 of 5 : 0.9977142494990274  | time taken : 3.3758721351623535
 Thread 3 estimated dimension 3 of 5 : 1  | time taken : 3.0050783157348633
 Thread 2 estimated dimension 3 of 5 : 0.4885867659439808  | time taken : 10.920845985412598
 Thread 8 nsolns: 39435
 Thread 7 estimated dimension 1 of 5 : 0.5076272443337613  | time taken : 11.445414781570435
 Thread 2 estimated dimension 4 of 5 : 1  | time taken : 3.074864387512207
 Thread 2 nsolns: 39137
 Thread 6 estimated dimension 0 of 5 : 0.7372247674893335  | time taken : 7.9869279861450195
 Thread 1 estimated dimension 1 of 5 : 0.49047021651260286  | time taken : 11.46301794052124
 Thread 4 estimated dimension 0 of 5 : 0.7333788793820553  | time taken : 8.671529769897461
 Thread 8 estimated dimension 0 of 5 : 0.7352135907824958  | time taken : 7.757476091384888
 Thread 5 estimated dimension 2 of 5 : 0.6785748253815709  | time taken : 8.599634647369385
 Thread 2 estimated dimension 0 of 5 : 0.7452854411353671  | time taken : 5.646782159805298
 Thread 3 estimated dimension 4 of 5 : 0.49341525554610577  | time taken : 17.267534732818604
 Thread 3 nsolns: 39222
 Thread 6 estimated dimension 1 of 5 : 0.49368263023248177  | time taken : 14.109993696212769
 Thread 4 estimated dimension 1 of 5 : 0.49425778609936244  | time taken : 14.652743577957153
 Thread 8 estimated dimension 1 of 5 : 0.5042170489708654  | time taken : 14.213250637054443
 Thread 2 estimated dimension 1 of 5 : 0.4967720423375453  | time taken : 12.42713451385498
 Thread 3 estimated dimension 0 of 5 : 0.7299169736158536  | time taken : 5.037371397018433
 Thread 7 estimated dimension 2 of 5 : 0.3162735660355023  | time taken : 20.7146475315094
 Thread 1 estimated dimension 2 of 5 : 0.5014451284991649  | time taken : 16.61159110069275
 Thread 7 estimated dimension 3 of 5 : 0.9924437981661869  | time taken : 3.426278829574585
 Thread 5 estimated dimension 3 of 5 : 0.3709494168314302  | time taken : 20.925286054611206
 Thread 7 estimated dimension 4 of 5 : 0.9825360894105232  | time taken : 2.4817416667938232
 Thread 7 nsolns: 39531
 Thread 5 estimated dimension 4 of 5 : 1  | time taken : 1.9952609539031982
 Thread 8 estimated dimension 2 of 5 : 0.6971100644140665  | time taken : 9.793142080307007
 Thread 5 nsolns: 39435
 Thread 6 estimated dimension 2 of 5 : 0.5033848659610277  | time taken : 13.633171796798706
 Thread 1 estimated dimension 3 of 5 : 0.4877036999362618  | time taken : 12.6796715259552
 Thread 3 estimated dimension 1 of 5 : 0.5089183936017977  | time taken : 14.204460382461548
 Thread 2 estimated dimension 2 of 5 : 0.5066122655120846  | time taken : 14.964354753494263
 Thread 4 estimated dimension 2 of 5 : 0.4959151504978113  | time taken : 16.734598398208618
 Thread 5 estimated dimension 0 of 5 : 0.7360007156807131  | time taken : 6.873006582260132
 Thread 1 estimated dimension 4 of 5 : 0.9906002883570875  | time taken : 3.174654960632324
 Thread 1 nsolns: 39137
 Thread 1 estimated dimension 0 of 5 : 0.742364411971371  | time taken : 6.162309408187866
 Thread 6 estimated dimension 3 of 5 : 0.5058121131623569  | time taken : 14.248029708862305
 Thread 8 estimated dimension 3 of 5 : 0.36819004896046037  | time taken : 17.332025289535522
 Thread 6 estimated dimension 4 of 5 : 0.9962231052759175  | time taken : 1.3073370456695557
 Thread 6 nsolns: 38943
 Thread 4 estimated dimension 3 of 5 : 0.494043261128182  | time taken : 11.166051387786865
 Thread 2 estimated dimension 3 of 5 : 0.5049842584543003  | time taken : 12.901593923568726
 Thread 5 estimated dimension 1 of 5 : 0.4922500533949734  | time taken : 10.454388618469238
 Thread 7 estimated dimension 0 of 5 : 0.25987914679169166  | time taken : 22.980024814605713
 Thread 2 estimated dimension 4 of 5 : 0.9919689774237564  | time taken : 3.0979557037353516
 Thread 8 estimated dimension 4 of 5 : 1  | time taken : 3.389171600341797
 Thread 4 estimated dimension 4 of 5 : 0.9902425247100621  | time taken : 3.398488998413086
 Thread 2 nsolns: 38943
 Thread 8 nsolns: 39435
 Thread 4 nsolns: 39137
 Thread 3 estimated dimension 2 of 5 : 0.3175479864084024  | time taken : 16.752951622009277
 Thread 1 estimated dimension 1 of 5 : 0.5057137412112117  | time taken : 9.135926008224487
 Thread 3 estimated dimension 3 of 5 : 0.9926771967551882  | time taken : 2.104572296142578
 Thread 6 estimated dimension 0 of 5 : 0.7431536643478176  | time taken : 8.125307321548462
 Thread 3 estimated dimension 4 of 5 : 1  | time taken : 2.513885259628296
 Thread 3 nsolns: 39531
 Thread 2 estimated dimension 0 of 5 : 0.7425168999775418  | time taken : 7.175415754318237
 Thread 8 estimated dimension 0 of 5 : 0.7368391562443584  | time taken : 7.259619235992432
 Thread 4 estimated dimension 0 of 5 : 0.7327330229100889  | time taken : 7.274689435958862
 Thread 5 estimated dimension 2 of 5 : 0.49289668051395935  | time taken : 15.347355127334595
 Thread 1 estimated dimension 2 of 5 : 0.668323614686432  | time taken : 9.178534507751465
 Thread 5 estimated dimension 3 of 5 : 1  | time taken : 1.545685052871704
 Thread 3 estimated dimension 0 of 5 : 0.7614940659636962  | time taken : 8.12663984298706
 Thread 7 estimated dimension 1 of 5 : 0.4970233136786341  | time taken : 15.496540546417236
 Thread 7 estimated dimension 2 of 5 : 0.9895455120842407  | time taken : 2.384254217147827
 Thread 6 estimated dimension 1 of 5 : 0.49628651962293235  | time taken : 12.957487106323242
 Thread 4 estimated dimension 1 of 5 : 0.49293639489692326  | time taken : 11.892582416534424
 Thread 8 estimated dimension 1 of 5 : 0.5154893893118095  | time taken : 12.576656341552734
 Thread 2 estimated dimension 1 of 5 : 0.5173867756743755  | time taken : 12.783876419067383
 Thread 7 estimated dimension 3 of 5 : 0.9754895513577545  | time taken : 2.7484827041625977
 Thread 7 estimated dimension 4 of 5 : 1  | time taken : 3.0275113582611084
 Thread 7 nsolns: 41158
 Thread 5 estimated dimension 4 of 5 : 0.4985789933151579  | time taken : 13.945960760116577
 Thread 5 nsolns: 39222
 Thread 3 estimated dimension 1 of 5 : 0.49038765209350177  | time taken : 13.204429149627686
 Thread 2 estimated dimension 2 of 5 : 0.6778195736244118  | time taken : 8.184741020202637
 Thread 8 estimated dimension 2 of 5 : 0.6802455944847746  | time taken : 7.991168737411499
 Thread 6 estimated dimension 2 of 5 : 0.49078723070978797  | time taken : 11.473069906234741
 Thread 7 estimated dimension 0 of 5 : 0.7370068788495573  | time taken : 5.009767532348633
 Thread 1 estimated dimension 3 of 5 : 0.36832219635055563  | time taken : 18.290184020996094
 Thread 6 estimated dimension 3 of 5 : 1  | time taken : 3.3005075454711914
 Thread 1 estimated dimension 4 of 5 : 1  | time taken : 2.2902867794036865
 Thread 1 nsolns: 39435
 Thread 5 estimated dimension 0 of 5 : 0.7347607009750826  | time taken : 6.851363658905029
 Thread 4 estimated dimension 2 of 5 : 0.5014931358469255  | time taken : 16.418481826782227
 Thread 1 estimated dimension 0 of 5 : 0.7365588595366832  | time taken : 7.489358425140381
 Thread 2 estimated dimension 3 of 5 : 0.6214695518778746  | time taken : 13.601924419403076
 Thread 8 estimated dimension 3 of 5 : 0.6209220880191719  | time taken : 13.429259538650513
 Thread 3 estimated dimension 2 of 5 : 0.49397548171006617  | time taken : 15.10809326171875
 Thread 7 estimated dimension 1 of 5 : 0.5104129847579364  | time taken : 15.908600568771362
 Thread 3 estimated dimension 3 of 5 : 0.9729998104515347  | time taken : 2.8894243240356445
 Thread 6 estimated dimension 4 of 5 : 0.5007872463703966  | time taken : 13.381738662719727
 Thread 6 nsolns: 39028
 Thread 5 estimated dimension 1 of 5 : 0.4838843784698992  | time taken : 12.92883849143982
 Thread 4 estimated dimension 3 of 5 : 0.5106412241576574  | time taken : 12.575273513793945
 Thread 4 estimated dimension 4 of 5 : 0.9961889844171753  | time taken : 2.545443534851074
 Thread 4 nsolns: 38943
 Thread 1 estimated dimension 1 of 5 : 0.5087447894713156  | time taken : 10.67024278640747
 Thread 6 estimated dimension 0 of 5 : 0.7273911201178209  | time taken : 5.671336889266968
 Thread 8 estimated dimension 4 of 5 : 0.5011343749723517  | time taken : 11.055206775665283
 Thread 8 nsolns: 39153
 Thread 7 estimated dimension 2 of 5 : 0.6836926111586978  | time taken : 7.298678159713745
 Thread 2 estimated dimension 4 of 5 : 0.49103678481530977  | time taken : 12.179649829864502
 Thread 2 nsolns: 39153
 Thread 4 estimated dimension 0 of 5 : 0.7330371499120673  | time taken : 5.752444505691528
 Thread 3 estimated dimension 4 of 5 : 0.4936195223059448  | time taken : 11.390523195266724
 Thread 3 nsolns: 39222
 Thread 5 estimated dimension 2 of 5 : 0.5069820035901715  | time taken : 12.474329233169556
 Thread 1 estimated dimension 2 of 5 : 0.6827264365245036  | time taken : 8.907465934753418
 Thread 8 estimated dimension 0 of 5 : 0.7317808772090388  | time taken : 7.963343620300293
 Thread 7 estimated dimension 3 of 5 : 0.6320583694924546  | time taken : 10.590435981750488
 Thread 6 estimated dimension 1 of 5 : 0.48284913289541986  | time taken : 13.416420936584473
 Thread 4 estimated dimension 1 of 5 : 0.5174893216747913  | time taken : 13.880013465881348
 Thread 1 estimated dimension 3 of 5 : 0.6302743297032373  | time taken : 11.402096033096313
 Thread 5 estimated dimension 3 of 5 : 0.498033029374765  | time taken : 13.824106454849243
 Thread 8 estimated dimension 1 of 5 : 0.5132402543553197  | time taken : 14.233696460723877
 Thread 5 estimated dimension 4 of 5 : 1  | time taken : 1.3700737953186035
 Thread 5 nsolns: 39137
 Thread 7 estimated dimension 4 of 5 : 0.48915686785194673  | time taken : 12.808526039123535
 Thread 7 nsolns: 39153
 Thread 6 estimated dimension 2 of 5 : 0.506688239330694  | time taken : 12.707775831222534
 Thread 4 estimated dimension 2 of 5 : 0.6808445103636827  | time taken : 6.7870707511901855
 Thread 2 estimated dimension 0 of 5 : 0.25804302482032065  | time taken : 25.2740695476532
 Thread 3 estimated dimension 0 of 5 : 0.25932934591830425  | time taken : 24.697502851486206
 Thread 5 estimated dimension 0 of 5 : 0.7465755697945028  | time taken : 6.225586891174316
 Thread 7 estimated dimension 0 of 5 : 0.7562892235498635  | time taken : 6.799299955368042
 Thread 1 estimated dimension 4 of 5 : 0.503557536251002  | time taken : 11.67343258857727
 Thread 1 nsolns: 38959
 Thread 4 estimated dimension 3 of 5 : 0.6275858088515157  | time taken : 10.623583316802979
 Thread 1 estimated dimension 0 of 5 : 0.7582634926101053  | time taken : 6.002813100814819
 Thread 6 estimated dimension 3 of 5 : 0.5107805608732304  | time taken : 14.659480810165405
 Thread 2 estimated dimension 1 of 5 : 0.49342137728001245  | time taken : 13.875214576721191
 Thread 5 estimated dimension 1 of 5 : 0.48641653440552696  | time taken : 11.218066692352295
 Thread 8 estimated dimension 2 of 5 : 0.3122913036183087  | time taken : 18.79261302947998
 Thread 3 estimated dimension 1 of 5 : 0.49285892009958887  | time taken : 12.431982040405273
 Thread 2 estimated dimension 2 of 5 : 0.99362549559654  | time taken : 1.897045373916626
 Thread 7 estimated dimension 1 of 5 : 0.5020402828110339  | time taken : 11.792798042297363
 Thread 6 estimated dimension 4 of 5 : 0.9917570240922351  | time taken : 2.7049660682678223
 Thread 6 nsolns: 38943
 Thread 8 estimated dimension 3 of 5 : 1  | time taken : 4.2701427936553955
 Thread 3 estimated dimension 2 of 5 : 1  | time taken : 4.0823423862457275
 Thread 2 estimated dimension 3 of 5 : 1  | time taken : 3.465672492980957
 Thread 4 estimated dimension 4 of 5 : 0.5080117754864893  | time taken : 9.92724347114563
 Thread 4 nsolns: 38959
 Thread 3 estimated dimension 3 of 5 : 0.9836858824424741  | time taken : 3.6191816329956055
 Thread 8 estimated dimension 4 of 5 : 1  | time taken : 3.637023448944092
 Thread 2 estimated dimension 4 of 5 : 0.9870438535421325  | time taken : 3.6115221977233887
 Thread 1 estimated dimension 1 of 5 : 0.5040479313869988  | time taken : 12.10913372039795
 Thread 8 nsolns: 39531
 Thread 2 nsolns: 41352
 Thread 3 estimated dimension 4 of 5 : 0.9928795471578212  | time taken : 3.670198917388916
 Thread 3 nsolns: 41352
 Thread 4 estimated dimension 0 of 5 : 0.7502644012484636  | time taken : 7.519482374191284
 Thread 7 estimated dimension 2 of 5 : 0.6888280093896322  | time taken : 11.414793014526367
 Thread 8 estimated dimension 0 of 5 : 0.731248647808041  | time taken : 6.56081485748291
 Thread 2 estimated dimension 0 of 5 : 0.7346512849268334  | time taken : 8.28302264213562
 Thread 1 estimated dimension 2 of 5 : 0.6905817473326457  | time taken : 9.302774429321289
 Thread 5 estimated dimension 2 of 5 : 0.5056710628222324  | time taken : 17.852749824523926
 Thread 3 estimated dimension 0 of 5 : 0.7343676165990647  | time taken : 6.838410139083862
 Thread 7 estimated dimension 3 of 5 : 0.6078039317897269  | time taken : 8.390947103500366
 Thread 4 estimated dimension 1 of 5 : 0.5178092099725784  | time taken : 12.684868812561035
 Thread 8 estimated dimension 1 of 5 : 0.49129256329848453  | time taken : 12.232580184936523
 Thread 6 estimated dimension 0 of 5 : 0.25930391627201305  | time taken : 27.55923819541931
 Thread 2 estimated dimension 1 of 5 : 0.47808073256655176  | time taken : 12.471723556518555
 Thread 1 estimated dimension 3 of 5 : 0.6195119306611231  | time taken : 11.640681743621826
 Thread 3 estimated dimension 1 of 5 : 0.5005376854565537  | time taken : 12.808559894561768
 Thread 5 estimated dimension 3 of 5 : 0.48923175071566866  | time taken : 14.217735528945923
 Thread 4 estimated dimension 2 of 5 : 0.675285347670965  | time taken : 6.857835054397583
 Thread 7 estimated dimension 4 of 5 : 0.5072777617292972  | time taken : 12.0230073928833
 Thread 7 nsolns: 38959
 Thread 5 estimated dimension 4 of 5 : 0.9962751643730101  | time taken : 3.490114688873291
 Thread 5 nsolns: 39137
 Thread 3 estimated dimension 2 of 5 : 0.6830972426518459  | time taken : 9.073443174362183
 Thread 5 estimated dimension 0 of 5 : 0.7477081957982513  | time taken : 5.831390857696533
 Thread 8 estimated dimension 2 of 5 : 0.5044553183139308  | time taken : 14.363202571868896
 Thread 1 estimated dimension 4 of 5 : 0.49303681959995094  | time taken : 13.26617431640625
 Thread 1 nsolns: 39153
 Thread 6 estimated dimension 1 of 5 : 0.5106184497035182  | time taken : 14.376322984695435
 Thread 4 estimated dimension 3 of 5 : 0.6163250872938932  | time taken : 11.524709939956665
 Thread 2 estimated dimension 2 of 5 : 0.504387672893988  | time taken : 16.48784589767456
 Thread 6 estimated dimension 2 of 5 : 1  | time taken : 4.336386442184448
 Thread 6 estimated dimension 3 of 5 : 0.9819818019100335  | time taken : 2.146304130554199
 Thread 1 estimated dimension 0 of 5 : 0.759831685229574  | time taken : 8.020497560501099
 Thread 6 estimated dimension 4 of 5 : 0.9941575394966915  | time taken : 1.733579158782959
 Thread 6 nsolns: 41158
 Thread 5 estimated dimension 1 of 5 : 0.4890645752977096  | time taken : 13.061538934707642
 Thread 7 estimated dimension 0 of 5 : 0.25428098178080233  | time taken : 23.058908462524414
 Thread 8 estimated dimension 3 of 5 : 0.5078496524607878  | time taken : 14.808630466461182
 Thread 6 estimated dimension 0 of 5 : 0.7230904849724519  | time taken : 4.5222814083099365
 Thread 4 estimated dimension 4 of 5 : 0.4959690957228842  | time taken : 13.187106609344482
 Thread 4 nsolns: 39153
 Thread 2 estimated dimension 3 of 5 : 0.5051405355995013  | time taken : 12.44835638999939
 Thread 3 estimated dimension 3 of 5 : 0.3783892189781785  | time taken : 18.431440114974976
 Thread 8 estimated dimension 4 of 5 : 1  | time taken : 3.9211292266845703
 Thread 8 nsolns: 38943
 Thread 2 estimated dimension 4 of 5 : 0.9979951573241144  | time taken : 2.7188637256622314
 Thread 1 estimated dimension 1 of 5 : 0.511232629796591  | time taken : 9.79909634590149
 Thread 2 nsolns: 38943
 Thread 3 estimated dimension 4 of 5 : 0.9700146408050366  | time taken : 2.0736289024353027
 Thread 3 nsolns: 39435
 Thread 5 estimated dimension 2 of 5 : 0.5012158678365635  | time taken : 10.676423788070679
 Thread 4 estimated dimension 0 of 5 : 0.7480428687363513  | time taken : 8.541052103042603
 Thread 3 estimated dimension 0 of 5 : 0.748276450848094  | time taken : 5.524041414260864
 Thread 5 estimated dimension 3 of 5 : 1  | time taken : 2.357085704803467
 Thread 2 estimated dimension 0 of 5 : 0.7423911211936169  | time taken : 7.124435901641846
 Thread 1 estimated dimension 2 of 5 : 0.682460925122456  | time taken : 8.169516324996948
 Thread 7 estimated dimension 1 of 5 : 0.4982708355693081  | time taken : 14.483368873596191
 Thread 6 estimated dimension 1 of 5 : 0.5117117414519257  | time taken : 14.83050012588501
 Thread 7 estimated dimension 2 of 5 : 1  | time taken : 3.1369786262512207
 Thread 7 estimated dimension 3 of 5 : 1  | time taken : 1.9032461643218994
 Thread 4 estimated dimension 1 of 5 : 0.5118488830588377  | time taken : 11.736020565032959
 Thread 7 estimated dimension 4 of 5 : 0.9800523717819412  | time taken : 1.960029125213623
 Thread 7 nsolns: 41352
 Thread 6 estimated dimension 2 of 5 : 0.685937564559868  | time taken : 7.173036098480225
 Thread 1 estimated dimension 3 of 5 : 0.6188549864844219  | time taken : 9.925483226776123
 Thread 3 estimated dimension 1 of 5 : 0.501409695443125  | time taken : 12.045583248138428
 Thread 2 estimated dimension 1 of 5 : 0.4857932714123071  | time taken : 11.830210208892822
 Thread 5 estimated dimension 4 of 5 : 0.5010599663280325  | time taken : 12.86260199546814
 Thread 5 nsolns: 39222
 Thread 7 estimated dimension 0 of 5 : 0.7400530758430913  | time taken : 6.896412134170532
 Thread 4 estimated dimension 2 of 5 : 0.6722568638082335  | time taken : 7.321868181228638
 Thread 8 estimated dimension 0 of 5 : 0.26132541298943796  | time taken : 26.706566333770752
 Thread 6 estimated dimension 3 of 5 : 0.6224600830019865  | time taken : 13.859878778457642
 Thread 2 estimated dimension 2 of 5 : 0.4924644199103934  | time taken : 15.78563928604126
 Thread 1 estimated dimension 4 of 5 : 0.5040495744785863  | time taken : 18.180235385894775
 Thread 1 nsolns: 38959
 Thread 2 estimated dimension 3 of 5 : 0.9934595849044978  | time taken : 1.8876841068267822
 Thread 7 estimated dimension 1 of 5 : 0.49004256752815817  | time taken : 13.634310722351074
 Thread 3 estimated dimension 2 of 5 : 0.5069288978552793  | time taken : 19.310847759246826
 Thread 8 estimated dimension 1 of 5 : 0.49080834157613873  | time taken : 13.7850501537323
 Thread 8 estimated dimension 2 of 5 : 1  | time taken : 2.743767738342285
 Thread 1 estimated dimension 0 of 5 : 0.7493305319007056  | time taken : 6.978329420089722
 Thread 4 estimated dimension 3 of 5 : 0.37176669784222777  | time taken : 21.412761449813843
 Thread 8 estimated dimension 3 of 5 : 0.9908198112158482  | time taken : 1.7782561779022217
 Thread 5 estimated dimension 0 of 5 : 0.2576870402050809  | time taken : 26.695098638534546
 Thread 6 estimated dimension 4 of 5 : 0.49210736669127825  | time taken : 14.518054962158203
 Thread 6 nsolns: 39153
 Thread 4 estimated dimension 4 of 5 : 0.9905675827693596  | time taken : 3.918975830078125
 Thread 8 estimated dimension 4 of 5 : 0.9947398669981791  | time taken : 3.4583277702331543
 Thread 8 nsolns: 41352
 Thread 4 nsolns: 39435
 Thread 7 estimated dimension 2 of 5 : 0.49333040215214535  | time taken : 16.047765493392944
 Thread 2 estimated dimension 4 of 5 : 0.5008183965999146  | time taken : 17.629252195358276
 Thread 2 nsolns: 39028
 Thread 7 estimated dimension 3 of 5 : 0.9884554779812171  | time taken : 1.8411791324615479
 Thread 3 estimated dimension 3 of 5 : 0.496229464965469  | time taken : 17.91247248649597
 Thread 8 estimated dimension 0 of 5 : 0.7232840044829942  | time taken : 7.021787881851196
 Thread 4 estimated dimension 0 of 5 : 0.7397663240075529  | time taken : 7.611983776092529
 Thread 3 estimated dimension 4 of 5 : 1  | time taken : 1.7920405864715576
 Thread 3 nsolns: 38943
 Thread 1 estimated dimension 1 of 5 : 0.5021447201231638  | time taken : 16.220438241958618
 Thread 5 estimated dimension 1 of 5 : 0.5066105711709226  | time taken : 16.68912172317505
 Thread 5 estimated dimension 2 of 5 : 1  | time taken : 1.3256652355194092
 Thread 2 estimated dimension 0 of 5 : 0.7476790544729374  | time taken : 9.759133100509644
 Thread 3 estimated dimension 0 of 5 : 0.734881356840298  | time taken : 6.399366855621338
 Thread 5 estimated dimension 3 of 5 : 0.9999009364332822  | time taken : 1.6218986511230469
 Thread 5 estimated dimension 4 of 5 : 0.9869018084062  | time taken : 1.9315640926361084
 Thread 5 nsolns: 41158
 Thread 1 estimated dimension 2 of 5 : 0.6800445103912336  | time taken : 9.603879928588867
 Thread 8 estimated dimension 1 of 5 : 0.49174518069309625  | time taken : 13.219731330871582
 Thread 4 estimated dimension 1 of 5 : 0.4893402810155651  | time taken : 13.336331129074097
 Thread 7 estimated dimension 4 of 5 : 0.5016357564938443  | time taken : 15.943095922470093
 Thread 6 estimated dimension 0 of 5 : 0.2591959499146195  | time taken : 25.02044939994812
 Thread 7 nsolns: 39028
 Thread 5 estimated dimension 0 of 5 : 0.7539303464745104  | time taken : 7.397245168685913
 Thread 2 estimated dimension 1 of 5 : 0.500886698771449  | time taken : 11.843772172927856
 Thread 3 estimated dimension 1 of 5 : 0.4792345529925357  | time taken : 12.683193445205688
 Thread 7 estimated dimension 0 of 5 : 0.7420416293778436  | time taken : 6.596420764923096
 Thread 1 estimated dimension 3 of 5 : 0.6352520288494296  | time taken : 9.933549404144287
 Thread 4 estimated dimension 2 of 5 : 0.4908760796452957  | time taken : 10.725232362747192
 Thread 4 estimated dimension 3 of 5 : 1  | time taken : 2.2431092262268066
 Thread 8 estimated dimension 2 of 5 : 0.5091436157158518  | time taken : 14.461387872695923
 Thread 6 estimated dimension 1 of 5 : 0.49789902515384027  | time taken : 13.294510841369629
 Thread 6 estimated dimension 2 of 5 : 0.9823424766292905  | time taken : 2.2682623863220215
 Thread 2 estimated dimension 2 of 5 : 0.4930909845116179  | time taken : 11.234009504318237
 Thread 5 estimated dimension 1 of 5 : 0.49191676214828567  | time taken : 12.847362756729126
 Thread 6 estimated dimension 3 of 5 : 1  | time taken : 2.408576011657715
 Thread 2 estimated dimension 3 of 5 : 1  | time taken : 2.4904699325561523
 Thread 7 estimated dimension 1 of 5 : 0.5128282534190712  | time taken : 12.41047739982605
 Thread 3 estimated dimension 2 of 5 : 0.49441193868166494  | time taken : 14.452301263809204
 Thread 1 estimated dimension 4 of 5 : 0.5074583293301427  | time taken : 12.871769666671753
 Thread 1 nsolns: 38959
 Thread 6 estimated dimension 4 of 5 : 1  | time taken : 3.2877399921417236
 Thread 6 nsolns: 41352
 Thread 8 estimated dimension 3 of 5 : 0.49922756882714875  | time taken : 12.732599020004272
 Thread 4 estimated dimension 4 of 5 : 0.5028252199667947  | time taken : 12.909395456314087
 Thread 4 nsolns: 39222
 Thread 8 estimated dimension 4 of 5 : 1  | time taken : 1.7103006839752197
 Thread 7 estimated dimension 2 of 5 : 0.6852006506915391  | time taken : 7.824530363082886
 Thread 8 nsolns: 38943
 Thread 1 estimated dimension 0 of 5 : 0.7381657364919412  | time taken : 6.307074785232544
 Thread 6 estimated dimension 0 of 5 : 0.7324126540140514  | time taken : 6.830719232559204
 Thread 5 estimated dimension 2 of 5 : 0.5027581077539509  | time taken : 12.4047532081604
 Thread 4 estimated dimension 0 of 5 : 0.747784264910838  | time taken : 4.400609970092773
 Thread 2 estimated dimension 4 of 5 : 0.5060719349416806  | time taken : 12.277695894241333
 Thread 2 nsolns: 39028
 Thread 3 estimated dimension 3 of 5 : 0.5078135189606464  | time taken : 11.598114013671875
 Thread 8 estimated dimension 0 of 5 : 0.7324991463171032  | time taken : 7.383815050125122
 Thread 3 estimated dimension 4 of 5 : 1  | time taken : 2.5512261390686035
 Thread 3 nsolns: 38943
 Thread 7 estimated dimension 3 of 5 : 0.6275380462794099  | time taken : 10.884938716888428
 Thread 6 estimated dimension 1 of 5 : 0.5154678611100469  | time taken : 13.854966163635254
 Thread 5 estimated dimension 3 of 5 : 0.4989032110234055  | time taken : 13.859944343566895
 Thread 4 estimated dimension 1 of 5 : 0.5110870503365953  | time taken : 13.373118877410889
 Thread 1 estimated dimension 1 of 5 : 0.5042874085468907  | time taken : 16.449787616729736
 Thread 5 estimated dimension 4 of 5 : 0.9832358783450519  | time taken : 3.0159692764282227
 Thread 5 nsolns: 38943
 Thread 8 estimated dimension 1 of 5 : 0.4993559189372112  | time taken : 13.270797491073608
 Thread 7 estimated dimension 4 of 5 : 0.4976652648996835  | time taken : 11.78233289718628
 Thread 7 nsolns: 38959
 Thread 6 estimated dimension 2 of 5 : 0.6796000658144324  | time taken : 8.803354978561401
 Thread 4 estimated dimension 2 of 5 : 0.6841331721466439  | time taken : 9.683743953704834
 Thread 8 estimated dimension 2 of 5 : 0.690999025038938  | time taken : 9.284019947052002
 Thread 1 estimated dimension 2 of 5 : 0.49430548528511603  | time taken : 14.920912981033325
 Thread 1 estimated dimension 3 of 5 : 1  | time taken : 1.8800263404846191
 Thread 2 estimated dimension 0 of 5 : 0.26249808931898677  | time taken : 30.51767587661743
 Thread 3 estimated dimension 0 of 5 : 0.25919424814466707  | time taken : 28.07603430747986
 Thread 6 estimated dimension 3 of 5 : 0.6249774024224247  | time taken : 12.020276308059692
 Thread 4 estimated dimension 3 of 5 : 0.6237490635015958  | time taken : 11.411361932754517
 Thread 8 estimated dimension 3 of 5 : 0.6250412964342169  | time taken : 10.837843418121338
 Thread 5 estimated dimension 0 of 5 : 0.26000941780377435  | time taken : 25.432383060455322
 Thread 2 estimated dimension 1 of 5 : 0.490836208364062  | time taken : 12.067415952682495
 Thread 1 estimated dimension 4 of 5 : 0.5033713352813631  | time taken : 13.156529664993286
 Thread 1 nsolns: 39028
 Thread 3 estimated dimension 1 of 5 : 0.5186021245368013  | time taken : 12.034068822860718
 Thread 7 estimated dimension 0 of 5 : 0.2627538219389399  | time taken : 25.316750526428223
 Thread 6 estimated dimension 4 of 5 : 0.4982744667334119  | time taken : 10.999038696289062
 Thread 4 estimated dimension 4 of 5 : 0.5018982233970376  | time taken : 10.754380702972412
 Thread 6 nsolns: 39153
 Thread 4 nsolns: 38959
 Thread 2 estimated dimension 2 of 5 : 1  | time taken : 1.5952045917510986
 Thread 8 estimated dimension 4 of 5 : 0.5038166484976103  | time taken : 10.288878440856934
 Thread 8 nsolns: 38959
 Thread 3 estimated dimension 2 of 5 : 1  | time taken : 4.3211915493011475
 Thread 2 estimated dimension 3 of 5 : 1  | time taken : 3.6573705673217773
 Thread 3 estimated dimension 3 of 5 : 1  | time taken : 2.9055612087249756
 Thread 2 estimated dimension 4 of 5 : 1  | time taken : 3.0573761463165283
 Thread 2 nsolns: 41352
 Thread 1 estimated dimension 0 of 5 : 0.7244209948420344  | time taken : 9.482675075531006
 Thread 3 estimated dimension 4 of 5 : 1  | time taken : 2.3838250637054443
 Thread 3 nsolns: 41158
 Thread 4 estimated dimension 0 of 5 : 0.7451176772528668  | time taken : 10.225565671920776
 Thread 8 estimated dimension 0 of 5 : 0.7503404159783296  | time taken : 7.093374013900757
 Thread 5 estimated dimension 1 of 5 : 0.4946071574997654  | time taken : 14.38254189491272
 Thread 5 estimated dimension 2 of 5 : 1  | time taken : 2.525089740753174
 Thread 7 estimated dimension 1 of 5 : 0.5123928676878698  | time taken : 15.626271486282349
 Thread 2 estimated dimension 0 of 5 : 0.752621021040494  | time taken : 7.951959133148193
 Thread 7 estimated dimension 2 of 5 : 0.9900528010552053  | time taken : 2.248767614364624
 Thread 5 estimated dimension 3 of 5 : 0.9898683600483441  | time taken : 3.361156463623047
 Thread 3 estimated dimension 0 of 5 : 0.7292278997796747  | time taken : 9.181166887283325
 Thread 7 estimated dimension 3 of 5 : 1  | time taken : 2.12359619140625
 Thread 5 estimated dimension 4 of 5 : 0.9928343097527708  | time taken : 2.3011720180511475
 Thread 5 nsolns: 41352
 Thread 1 estimated dimension 1 of 5 : 0.49075963946532153  | time taken : 12.981160879135132
 Thread 7 estimated dimension 4 of 5 : 0.974270483822625  | time taken : 2.481989622116089
 Thread 7 nsolns: 41158
 Thread 8 estimated dimension 1 of 5 : 0.4936249090192044  | time taken : 15.291781425476074
 Thread 4 estimated dimension 1 of 5 : 0.4926555845672127  | time taken : 15.926819086074829
 Thread 2 estimated dimension 1 of 5 : 0.5069108191231407  | time taken : 15.371491432189941
 Thread 7 estimated dimension 0 of 5 : 0.7440580041915128  | time taken : 10.503352880477905
 Thread 3 estimated dimension 1 of 5 : 0.48701981284301665  | time taken : 15.066487073898315
 Thread 6 estimated dimension 0 of 5 : 0.2602697207472449  | time taken : 35.12677597999573
 Thread 1 estimated dimension 2 of 5 : 0.4952321146591499  | time taken : 15.329254388809204
 Thread 1 estimated dimension 3 of 5 : 1  | time taken : 0.9695100784301758
 Thread 2 estimated dimension 2 of 5 : 0.6826218062977595  | time taken : 8.591511487960815
 Thread 8 estimated dimension 2 of 5 : 0.49825489942134854  | time taken : 12.873993158340454
 Thread 4 estimated dimension 2 of 5 : 0.5022958846867447  | time taken : 13.711959600448608
 Thread 8 estimated dimension 3 of 5 : 1  | time taken : 3.027548313140869
 Thread 7 estimated dimension 1 of 5 : 0.5082699685749107  | time taken : 11.120589017868042
 Thread 3 estimated dimension 2 of 5 : 0.49164510979828335  | time taken : 12.037902593612671
 Thread 5 estimated dimension 0 of 5 : 0.2592012291047993  | time taken : 27.07085347175598
 Thread 6 estimated dimension 1 of 5 : 0.5155565425899494  | time taken : 12.506249189376831
 Thread 2 estimated dimension 3 of 5 : 0.6319632656183611  | time taken : 9.096014022827148
 Thread 1 estimated dimension 4 of 5 : 0.5159564446652563  | time taken : 10.457896947860718
 Thread 1 nsolns: 39028
 Thread 4 estimated dimension 3 of 5 : 0.49830692555963507  | time taken : 8.771814584732056
 Thread 3 estimated dimension 3 of 5 : 0.9746809497213859  | time taken : 2.0922768115997314
 Thread 7 estimated dimension 2 of 5 : 0.6803194011270454  | time taken : 4.344177007675171
 Thread 8 estimated dimension 4 of 5 : 0.5067895688010021  | time taken : 8.035782814025879
 Thread 8 nsolns: 39028
 Thread 6 estimated dimension 2 of 5 : 1  | time taken : 3.806802749633789
 Thread 4 estimated dimension 4 of 5 : 0.9865381118761597  | time taken : 5.250802755355835
 Thread 6 estimated dimension 3 of 5 : 1  | time taken : 2.6166107654571533
 Thread 4 nsolns: 39137
 Thread 6 estimated dimension 4 of 5 : 1  | time taken : 2.4204111099243164
 Thread 6 nsolns: 41158
 Thread 1 estimated dimension 0 of 5 : 0.7502248127052416  | time taken : 9.912981271743774
 Thread 8 estimated dimension 0 of 5 : 0.7394149140172351  | time taken : 8.101291418075562
 Thread 4 estimated dimension 0 of 5 : 0.7393803473427046  | time taken : 4.8605122566223145
 Thread 7 estimated dimension 3 of 5 : 0.6227959349280425  | time taken : 10.933132648468018
 Thread 5 estimated dimension 1 of 5 : 0.5030758655603439  | time taken : 15.367277145385742
 Thread 2 estimated dimension 4 of 5 : 0.5161343743032079  | time taken : 15.668979167938232
 Thread 3 estimated dimension 4 of 5 : 0.497781295061199  | time taken : 14.349685668945312
 Thread 2 nsolns: 38959
 Thread 3 nsolns: 39222
 Thread 5 estimated dimension 2 of 5 : 0.9969804843561303  | time taken : 3.513777017593384
 Thread 5 estimated dimension 3 of 5 : 1  | time taken : 1.9003496170043945
 Thread 5 estimated dimension 4 of 5 : 1  | time taken : 1.9846916198730469
 Thread 5 nsolns: 41352
 Thread 2 estimated dimension 0 of 5 : 0.7160729893903568  | time taken : 9.215024709701538
 Thread 3 estimated dimension 0 of 5 : 0.7539363787601445  | time taken : 9.232238531112671
 Thread 1 estimated dimension 1 of 5 : 0.5068364555954847  | time taken : 15.422727346420288
 Thread 4 estimated dimension 1 of 5 : 0.49334328917777637  | time taken : 14.411086797714233
 Thread 8 estimated dimension 1 of 5 : 0.4914901124405707  | time taken : 15.442546844482422
 Thread 7 estimated dimension 4 of 5 : 0.5024334558514  | time taken : 15.740229845046997
 Thread 7 nsolns: 39153
 Thread 5 estimated dimension 0 of 5 : 0.7447226737940578  | time taken : 8.604024887084961
 Thread 1 estimated dimension 2 of 5 : 0.6699683541180342  | time taken : 12.289979219436646
 Thread 6 estimated dimension 0 of 5 : 0.257848303056288  | time taken : 32.98366189002991
 Thread 3 estimated dimension 1 of 5 : 0.49213028821587906  | time taken : 18.06965732574463
 Thread 8 estimated dimension 2 of 5 : 0.5061053236953303  | time taken : 18.092284440994263
 Thread 2 estimated dimension 1 of 5 : 0.5071528381744131  | time taken : 18.93937849998474
 Thread 8 estimated dimension 3 of 5 : 0.9882435444344263  | time taken : 2.354353904724121
 Thread 4 estimated dimension 2 of 5 : 0.5058187870567309  | time taken : 21.267582654953003
 Thread 5 estimated dimension 1 of 5 : 0.4950633274222791  | time taken : 14.884175062179565
 Thread 2 estimated dimension 2 of 5 : 0.6787893772440228  | time taken : 13.97101378440857
 Thread 1 estimated dimension 3 of 5 : 0.3711380930973263  | time taken : 20.99732804298401
 Thread 6 estimated dimension 1 of 5 : 0.49336482229409695  | time taken : 18.503997564315796
 Thread 3 estimated dimension 2 of 5 : 0.49172235821610144  | time taken : 17.466673135757446
 Thread 1 estimated dimension 4 of 5 : 1  | time taken : 1.054037094116211
 Thread 1 nsolns: 39435
 Thread 6 estimated dimension 2 of 5 : 1  | time taken : 1.6742990016937256
 Thread 8 estimated dimension 4 of 5 : 0.49909216395381234  | time taken : 14.990203619003296
 Thread 8 nsolns: 39222
 Thread 4 estimated dimension 3 of 5 : 0.4925629264688543  | time taken : 15.628056287765503
 Thread 3 estimated dimension 3 of 5 : 0.9847315165176406  | time taken : 2.48113751411438
 Thread 5 estimated dimension 2 of 5 : 0.4942266824413888  | time taken : 16.05474543571472
 Thread 6 estimated dimension 3 of 5 : 1  | time taken : 1.9695641994476318
 Thread 4 estimated dimension 4 of 5 : 0.9776413036274781  | time taken : 2.0490872859954834
 Thread 4 nsolns: 39137
 Thread 1 estimated dimension 0 of 5 : 0.7342138657552331  | time taken : 5.75356650352478
 Thread 2 estimated dimension 3 of 5 : 0.6080763450555011  | time taken : 8.943285465240479
 Thread 5 estimated dimension 3 of 5 : 1  | time taken : 3.041769504547119
 Thread 6 estimated dimension 4 of 5 : 0.9960262526840865  | time taken : 2.7031891345977783
 Thread 6 nsolns: 41352
 Thread 3 estimated dimension 4 of 5 : 0.5014786088980617  | time taken : 11.82543396949768
 Thread 3 nsolns: 39028
 Thread 2 estimated dimension 4 of 5 : 0.5002164758177864  | time taken : 10.1316397190094
 Thread 2 nsolns: 39153
 Thread 1 estimated dimension 1 of 5 : 0.5105789983819333  | time taken : 10.426725149154663
 Thread 5 estimated dimension 4 of 5 : 0.49142067089915265  | time taken : 10.468791007995605
 Thread 5 nsolns: 39222
 Thread 2 estimated dimension 0 of 5 : 0.7215426116772672  | time taken : 3.2085282802581787
 Thread 4 estimated dimension 0 of 5 : 0.25980311207695095  | time taken : 15.99626874923706
 Thread 1 estimated dimension 2 of 5 : 0.6898059413534037  | time taken : 4.033226013183594
 Thread 6 estimated dimension 0 of 5 : 0.25782990493464314  | time taken : 14.374831676483154
 Thread 2 estimated dimension 1 of 5 : 0.5039653824056154  | time taken : 5.792114734649658
 Thread 6 estimated dimension 1 of 5 : 0.5013175571927834  | time taken : 5.908095836639404
 Thread 4 estimated dimension 1 of 5 : 0.49457510136342486  | time taken : 6.6205878257751465
 Thread 6 estimated dimension 2 of 5 : 1  | time taken : 1.7994325160980225
 Thread 4 estimated dimension 2 of 5 : 0.9997198145997562  | time taken : 1.614609718322754
 Thread 1 estimated dimension 3 of 5 : 0.36791926814567305  | time taken : 8.82043719291687
 Thread 6 estimated dimension 3 of 5 : 1  | time taken : 1.9649507999420166
 Thread 4 estimated dimension 3 of 5 : 1  | time taken : 2.220053195953369
 Thread 1 estimated dimension 4 of 5 : 0.9852571352754502  | time taken : 2.1007144451141357
 Thread 1 nsolns: 39435
 Thread 6 estimated dimension 4 of 5 : 0.980560762266019  | time taken : 1.7194619178771973
 Thread 6 nsolns: 41352
 Thread 4 estimated dimension 4 of 5 : 0.9926458943481659  | time taken : 1.478635549545288
 Thread 4 nsolns: 41158
 Thread 2 estimated dimension 2 of 5 : 0.3142350806409804  | time taken : 8.714005947113037
 Thread 2 estimated dimension 3 of 5 : 0.9868123316233587  | time taken : 0.6640074253082275
 Thread 2 estimated dimension 4 of 5 : 1  | time taken : 0.980504035949707
 Thread 2 nsolns: 39531
 estimated weights : [0.1254709380531037, 0.11626212016261779, 0.08905476101511017, 0.09139489511872148, 0.09143757523730282, 0.09311131951545627, 0.09278221197534957, 0.09976147354762052, 0.08069156399088022, 0.09027783386696261, 0.11914500532111877, 0.11979947557853929, 0.08409447530378529, 0.09013061536026233, 0.09044346714336754, 0.09125313529068659, 0.09034331053430063, 0.08393084819811726, 0.09479962869416689, 0.12608037815819378, 0.12868646767662648, 0.09112196305353563, 0.09061107971310753, 0.08971539908618552, 0.09093117774266311, 0.11760545343410996, 0.08911673683215794, 0.12818723674186805, 0.09654166617128315, 0.12948436869478222, 0.1256540259976286, 0.09136647096878824, 0.09072512657229224, 0.1275094462044804, 0.08893050466221046, 0.0910825388342289, 0.0780999538532845, 0.0857843633676702, 0.09339394956344339, 0.092924960414655, 0.12892125480527633, 0.11685294584894725, 0.09208150992129746, 0.09474210706470779, 0.09153375299469077, 0.0824340216630558, 0.08964113279340835, 0.07933662205977256, 0.09501237709041117, 0.08918451547290618, 0.09185187734561225, 0.13175843620499558, 0.08860944067508901, 0.12814553892782113, 0.07962097620424122, 0.0792049958170987, 0.08899897339724777, 0.08296537035163304, 0.13172486784474804, 0.09091060024244152, 0.09032912055924931, 0.08264440984382562, 0.09305078752625172, 0.12729874324337995, 0.08241344310346485, 0.09515141345449121, 0.08773487871747278, 0.08176431140701523, 0.08026802638950516, 0.12634477482699183, 0.09577726996003007, 0.08672862178310177, 0.09214665297399635, 0.11799656107140752, 0.09172919399049297, 0.0883256338079851, 0.09231956608862738, 0.09395749181341416, 0.09514904910308308, 0.0879419005113728, 0.11709518023297655, 0.12468281192001701, 0.0890335885625842, 0.09241375075880387, 0.09064787282202515, 0.092142342730584, 0.08039878170162629, 0.07946385976199606, 0.08859649196070638, 0.08977144398503942, 0.07951690793245285, 0.08119567023609149, 0.090148793871829, 0.08234215171033406, 0.117290181547168, 0.12487320554185595, 0.12483239098796936, 0.0806392732331186, 0.08950435022191752, 0.08061875867235022, 0.12926002294251054, 0.08019289640294174, 0.0920371434175386, 0.08930743210482123, 0.09216157206535368, 0.12417341686260425, 0.0918359798614282, 0.08269436233357955, 0.07774527224731806, 0.12641476047034936, 0.09478903177680274, 0.08836689611466952, 0.0943809625854228, 0.12882428622603512, 0.08871154701619606, 0.08248711500608412, 0.12677464716928355, 0.08934997720708797, 0.09040403938948545, 0.09345316816918524, 0.08842163901680046, 0.09146521207230801, 0.08143205075023098, 0.09262237604372935, 0.07989945034316254, 0.0818535299961422, 0.07959320376107556, 0.12884356686414236, 0.13441868775554322, 0.12638737539423112, 0.12986437211791205, 0.09084095860236623, 0.09352649339130803, 0.09064392183000788, 0.13418375736930122, 0.08494595062643044, 0.08471546136994358, 0.13000414423950346, 0.08050788519707841, 0.09454729110119744, 0.09071699051872682, 0.08884916404605112, 0.12670776877744483, 0.09009589417616125, 0.07498032024304069, 0.08954368068461054, 0.09373776212719015, 0.1267420460857982, 0.12751146877499428, 0.11275918413321359]

 dTV estimated : 0.0
 nsamples : 5932073
 ACCEPTED