numSolutions: 150 k : 1790
2 150 0.035355339059327376 0.0003333333333333334

 Thread 2 estimated dimension 0 of 2 : 0.7362945990681453  | time taken : 7.889989852905273
 Thread 8 estimated dimension 0 of 2 : 0.7498901380156924  | time taken : 8.093498945236206
 Thread 7 estimated dimension 0 of 2 : 0.7267753806377873  | time taken : 8.276059865951538
 Thread 6 estimated dimension 0 of 2 : 0.722011697599954  | time taken : 8.380909442901611
 Thread 4 estimated dimension 0 of 2 : 0.7356054820543444  | time taken : 8.4803147315979
 Thread 5 estimated dimension 0 of 2 : 0.720890327546088  | time taken : 8.519100189208984
 Thread 1 estimated dimension 0 of 2 : 0.7438953906609319  | time taken : 8.637916803359985
 Thread 3 estimated dimension 0 of 2 : 0.7240471216649869  | time taken : 8.722649335861206
 Thread 2 estimated dimension 1 of 2 : 0.5264271866366542  | time taken : 11.81705117225647
 Thread 2 nsolns: 5771
 Thread 3 estimated dimension 1 of 2 : 0.5495131936409635  | time taken : 11.509679079055786
 Thread 3 nsolns: 5738
 Thread 8 estimated dimension 1 of 2 : 0.5451990751542822  | time taken : 12.148430347442627
 Thread 8 nsolns: 5665
 Thread 1 estimated dimension 1 of 2 : 0.5676142312411316  | time taken : 12.42970609664917
 Thread 1 nsolns: 5718
 Thread 7 estimated dimension 1 of 2 : 0.4452970253959579  | time taken : 13.730458498001099
 Thread 7 nsolns: 6350
 Thread 5 estimated dimension 1 of 2 : 0.47542453656852235  | time taken : 14.615860939025879
 Thread 5 nsolns: 6283
 Thread 4 estimated dimension 1 of 2 : 0.4674107326806224  | time taken : 15.05819821357727
 Thread 4 nsolns: 6337
 Thread 6 estimated dimension 1 of 2 : 0.448741297492992  | time taken : 15.321058511734009
 Thread 6 nsolns: 6341
 Thread 2 estimated dimension 0 of 2 : 0.7521266311622752  | time taken : 6.584891319274902
 Thread 3 estimated dimension 0 of 2 : 0.7202095695920472  | time taken : 7.414685249328613
 Thread 8 estimated dimension 0 of 2 : 0.7239843957920543  | time taken : 8.022570371627808
 Thread 1 estimated dimension 0 of 2 : 0.7161357153753215  | time taken : 8.305814743041992
 Thread 7 estimated dimension 0 of 2 : 0.7356754805210209  | time taken : 7.484631061553955
 Thread 5 estimated dimension 0 of 2 : 0.7710243070401468  | time taken : 7.974376916885376
 Thread 4 estimated dimension 0 of 2 : 0.7372020511490931  | time taken : 7.7267746925354
 Thread 6 estimated dimension 0 of 2 : 0.7511763671962225  | time taken : 8.754878997802734
 Thread 2 estimated dimension 1 of 2 : 0.46062807096571573  | time taken : 13.97593069076538
 Thread 2 nsolns: 6288
 Thread 3 estimated dimension 1 of 2 : 0.46259635745704075  | time taken : 15.174927234649658
 Thread 3 nsolns: 6344
 Thread 1 estimated dimension 1 of 2 : 0.47389998057101107  | time taken : 13.775001287460327
 Thread 1 nsolns: 6347
 Thread 8 estimated dimension 1 of 2 : 0.4569278124130714  | time taken : 14.743107318878174
 Thread 8 nsolns: 6352
 Thread 7 estimated dimension 1 of 2 : 0.4592269158068602  | time taken : 13.703304529190063
 Thread 7 nsolns: 6285
 Thread 4 estimated dimension 1 of 2 : 0.5527703411879613  | time taken : 12.61522889137268
 Thread 4 nsolns: 5656
 Thread 5 estimated dimension 1 of 2 : 0.46727992278784025  | time taken : 13.776547193527222
 Thread 5 nsolns: 6233
 Thread 6 estimated dimension 1 of 2 : 0.46325987263038454  | time taken : 12.487867593765259
 Thread 6 nsolns: 6296
 Thread 2 estimated dimension 0 of 2 : 0.7370835973922835  | time taken : 6.589405059814453
 Thread 3 estimated dimension 0 of 2 : 0.7234855909428924  | time taken : 8.316877841949463
 Thread 1 estimated dimension 0 of 2 : 0.7216848850733864  | time taken : 8.183950901031494
 Thread 8 estimated dimension 0 of 2 : 0.7223858397002625  | time taken : 8.414900064468384
 Thread 7 estimated dimension 0 of 2 : 0.7252484306002027  | time taken : 8.287779331207275
 Thread 4 estimated dimension 0 of 2 : 0.7433347694044118  | time taken : 8.560709238052368
 Thread 5 estimated dimension 0 of 2 : 0.7177698616220854  | time taken : 7.9509196281433105
 Thread 6 estimated dimension 0 of 2 : 0.7616274941798769  | time taken : 7.93091082572937
 Thread 2 estimated dimension 1 of 2 : 0.5422163735415326  | time taken : 14.345447063446045
 Thread 2 nsolns: 5728
 Thread 7 estimated dimension 1 of 2 : 0.5414099341079279  | time taken : 11.19161081314087
 Thread 7 nsolns: 5695
 Thread 3 estimated dimension 1 of 2 : 0.5501831754951899  | time taken : 13.893633365631104
 Thread 3 nsolns: 5739
 Thread 8 estimated dimension 1 of 2 : 0.44437935793897426  | time taken : 13.86631178855896
 Thread 8 nsolns: 6312
 Thread 1 estimated dimension 1 of 2 : 0.47341410945456264  | time taken : 14.410750389099121
 Thread 1 nsolns: 6336
 Thread 4 estimated dimension 1 of 2 : 0.4591151266161094  | time taken : 13.809524297714233
 Thread 4 nsolns: 6303
 Thread 6 estimated dimension 1 of 2 : 0.46699690693300916  | time taken : 13.296446561813354
 Thread 6 nsolns: 6278
 Thread 5 estimated dimension 1 of 2 : 0.45187846174366575  | time taken : 13.697698593139648
 Thread 5 nsolns: 6330
 Thread 2 estimated dimension 0 of 2 : 0.7297284723740376  | time taken : 6.792069673538208
 Thread 8 estimated dimension 0 of 2 : 0.724104937040724  | time taken : 8.209623336791992
 Thread 3 estimated dimension 0 of 2 : 0.7384605175703973  | time taken : 8.631543159484863
 Thread 1 estimated dimension 0 of 2 : 0.7643538773143871  | time taken : 8.642657041549683
 Thread 4 estimated dimension 0 of 2 : 0.7522924872834905  | time taken : 8.061150074005127
 Thread 6 estimated dimension 0 of 2 : 0.7782942770888327  | time taken : 8.117557287216187
 Thread 5 estimated dimension 0 of 2 : 0.7360681560083246  | time taken : 8.273208856582642
 Thread 2 estimated dimension 1 of 2 : 0.5475737517288268  | time taken : 12.043524742126465
 Thread 2 nsolns: 5692
 Thread 7 estimated dimension 0 of 2 : 0.29258800427508436  | time taken : 22.00380516052246
 Thread 8 estimated dimension 1 of 2 : 0.5467240454775217  | time taken : 11.229648351669312
 Thread 8 nsolns: 5712
 Thread 4 estimated dimension 1 of 2 : 0.5605968212400065  | time taken : 11.794804334640503
 Thread 4 nsolns: 5733
 Thread 1 estimated dimension 1 of 2 : 0.5485772974482427  | time taken : 11.942567825317383
 Thread 1 nsolns: 5707
 Thread 5 estimated dimension 1 of 2 : 0.5532674126302826  | time taken : 11.877439737319946
 Thread 5 nsolns: 5643
 Thread 3 estimated dimension 1 of 2 : 0.4756469856234566  | time taken : 13.620402097702026
 Thread 3 nsolns: 6276
 Thread 2 estimated dimension 0 of 2 : 0.7465777310666514  | time taken : 7.007632493972778
 Thread 6 estimated dimension 1 of 2 : 0.452739204436762  | time taken : 13.803637027740479
 Thread 6 nsolns: 6279
 Thread 7 estimated dimension 1 of 2 : 1  | time taken : 5.280406951904297
 Thread 7 nsolns: 7842
 Thread 8 estimated dimension 0 of 2 : 0.7409985387211595  | time taken : 7.865083456039429
 Thread 1 estimated dimension 0 of 2 : 0.7270911280373159  | time taken : 8.154959678649902
 Thread 5 estimated dimension 0 of 2 : 0.730908693768222  | time taken : 8.079566478729248
 Thread 3 estimated dimension 0 of 2 : 0.7238100842167818  | time taken : 8.811681032180786
 Thread 6 estimated dimension 0 of 2 : 0.7324924593077841  | time taken : 8.939776420593262
 Thread 7 estimated dimension 0 of 2 : 0.7498970989519235  | time taken : 7.681416988372803
 Thread 2 estimated dimension 1 of 2 : 0.5410009384019159  | time taken : 12.997457265853882
 Thread 2 nsolns: 5710
 Thread 8 estimated dimension 1 of 2 : 0.5349350207643447  | time taken : 14.054884910583496
 Thread 8 nsolns: 5728
 Thread 3 estimated dimension 1 of 2 : 0.5462171762015217  | time taken : 11.18412709236145
 Thread 3 nsolns: 5738
 Thread 5 estimated dimension 1 of 2 : 0.46840004448675104  | time taken : 12.575305223464966
 Thread 5 nsolns: 6258
 Thread 1 estimated dimension 1 of 2 : 0.5394034895720771  | time taken : 13.21666145324707
 Thread 1 nsolns: 5762
 Thread 2 estimated dimension 0 of 2 : 0.7287090404592403  | time taken : 7.262526988983154
 Thread 4 estimated dimension 0 of 2 : 0.2920156948960499  | time taken : 23.168918132781982
 Thread 7 estimated dimension 1 of 2 : 0.5387474866024988  | time taken : 11.76462697982788
 Thread 7 nsolns: 5707
 Thread 6 estimated dimension 1 of 2 : 0.4658370534881106  | time taken : 13.183581829071045
 Thread 6 nsolns: 6348
 Thread 4 estimated dimension 1 of 2 : 1  | time taken : 5.391122102737427
 Thread 4 nsolns: 7910
 Thread 8 estimated dimension 0 of 2 : 0.7572592834292777  | time taken : 7.9107794761657715
 Thread 3 estimated dimension 0 of 2 : 0.7613228411650426  | time taken : 8.026726961135864
 Thread 1 estimated dimension 0 of 2 : 0.7407912760420382  | time taken : 7.973455429077148
 Thread 5 estimated dimension 0 of 2 : 0.7391818966126618  | time taken : 8.450251817703247
 Thread 7 estimated dimension 0 of 2 : 0.7386925718871291  | time taken : 8.671807289123535
 Thread 6 estimated dimension 0 of 2 : 0.7500335019788389  | time taken : 8.208628416061401
 Thread 2 estimated dimension 1 of 2 : 0.5416141596979857  | time taken : 11.54532527923584
 Thread 2 nsolns: 5713
 Thread 4 estimated dimension 0 of 2 : 0.7565685230882495  | time taken : 8.532345294952393
 Thread 8 estimated dimension 1 of 2 : 0.5271486319593279  | time taken : 12.290210962295532
 Thread 8 nsolns: 5735
 Thread 1 estimated dimension 1 of 2 : 0.5396240118346278  | time taken : 11.989138126373291
 Thread 1 nsolns: 5688
 Thread 2 estimated dimension 0 of 2 : 0.726470146885867  | time taken : 8.273117542266846
 Thread 5 estimated dimension 1 of 2 : 0.5441291880085157  | time taken : 11.928385734558105
 Thread 5 nsolns: 5733
 Thread 3 estimated dimension 1 of 2 : 0.46471002138572337  | time taken : 14.327691793441772
 Thread 3 nsolns: 6247
 Thread 6 estimated dimension 1 of 2 : 0.5568351315435793  | time taken : 11.123873472213745
 Thread 6 nsolns: 5726
 Thread 7 estimated dimension 1 of 2 : 0.5557998394272219  | time taken : 13.45558214187622
 Thread 7 nsolns: 5707
 Thread 8 estimated dimension 0 of 2 : 0.7374503553136563  | time taken : 7.987534999847412
 Thread 1 estimated dimension 0 of 2 : 0.729430086798908  | time taken : 7.888417959213257
 Thread 4 estimated dimension 1 of 2 : 0.4466838489250517  | time taken : 13.152722120285034
 Thread 4 nsolns: 6326
 Thread 6 estimated dimension 0 of 2 : 0.7463639460611863  | time taken : 8.255374908447266
 Thread 3 estimated dimension 0 of 2 : 0.7402238359884775  | time taken : 8.639373779296875
 Thread 2 estimated dimension 1 of 2 : 0.5301244850784029  | time taken : 11.756175518035889
 Thread 2 nsolns: 5751
 Thread 4 estimated dimension 0 of 2 : 0.7294212662178453  | time taken : 8.60505199432373
 Thread 8 estimated dimension 1 of 2 : 0.536446653728616  | time taken : 11.857582807540894
 Thread 8 nsolns: 5760
 Thread 2 estimated dimension 0 of 2 : 0.7165431378880976  | time taken : 7.916152000427246
 Thread 5 estimated dimension 0 of 2 : 0.3082187610002941  | time taken : 21.19623041152954
 Thread 1 estimated dimension 1 of 2 : 0.5413550887036529  | time taken : 13.808663845062256
 Thread 1 nsolns: 5668
 Thread 3 estimated dimension 1 of 2 : 0.45857137038798823  | time taken : 13.06965708732605
 Thread 3 nsolns: 6360
 Thread 6 estimated dimension 1 of 2 : 0.46712670944208906  | time taken : 13.444098472595215
 Thread 6 nsolns: 6328
 Thread 7 estimated dimension 0 of 2 : 0.2893521438703975  | time taken : 21.690449237823486
 Thread 5 estimated dimension 1 of 2 : 1  | time taken : 4.72153377532959
 Thread 5 nsolns: 7639
 Thread 8 estimated dimension 0 of 2 : 0.7285277671219521  | time taken : 7.850911378860474
 Thread 4 estimated dimension 1 of 2 : 0.5565497654164409  | time taken : 10.846958637237549
 Thread 4 nsolns: 5749
 Thread 1 estimated dimension 0 of 2 : 0.7431431619849491  | time taken : 7.144099473953247
 Thread 7 estimated dimension 1 of 2 : 0.9984612347660086  | time taken : 5.525150299072266
 Thread 7 nsolns: 7864
 Thread 3 estimated dimension 0 of 2 : 0.7184770350186871  | time taken : 8.303662776947021
 Thread 6 estimated dimension 0 of 2 : 0.7250363235421462  | time taken : 8.424126148223877
 Thread 2 estimated dimension 1 of 2 : 0.455591496293694  | time taken : 13.903536081314087
 Thread 2 nsolns: 6343
 Thread 5 estimated dimension 0 of 2 : 0.7331540184538619  | time taken : 8.89803957939148
 Thread 8 estimated dimension 1 of 2 : 0.5495509719718377  | time taken : 12.238698720932007
 Thread 8 nsolns: 5712
 Thread 7 estimated dimension 0 of 2 : 0.7331052201156598  | time taken : 8.225493431091309
 Thread 2 estimated dimension 0 of 2 : 0.7289278387179458  | time taken : 8.304850339889526
 Thread 1 estimated dimension 1 of 2 : 0.45658995565841853  | time taken : 14.305263757705688
 Thread 1 nsolns: 6271
 Thread 6 estimated dimension 1 of 2 : 0.5498061109504472  | time taken : 13.037812948226929
 Thread 6 nsolns: 5738
 Thread 5 estimated dimension 1 of 2 : 0.5477304046225909  | time taken : 10.70282530784607
 Thread 5 nsolns: 5732
 Thread 3 estimated dimension 1 of 2 : 0.45307059223516466  | time taken : 14.821521043777466
 Thread 3 nsolns: 6346
 Thread 8 estimated dimension 0 of 2 : 0.729797231454914  | time taken : 8.001091003417969
 Thread 1 estimated dimension 0 of 2 : 0.726574024516741  | time taken : 7.707264423370361
 Thread 4 estimated dimension 0 of 2 : 0.295048328473007  | time taken : 23.132800102233887
 Thread 7 estimated dimension 1 of 2 : 0.5549181209127932  | time taken : 11.926117658615112
 Thread 7 nsolns: 5661
 Thread 6 estimated dimension 0 of 2 : 0.726082355485855  | time taken : 7.541794776916504
 Thread 2 estimated dimension 1 of 2 : 0.5247764488328547  | time taken : 12.09597396850586
 Thread 2 nsolns: 5773
 Thread 5 estimated dimension 0 of 2 : 0.7257267526127349  | time taken : 7.915420770645142
 Thread 3 estimated dimension 0 of 2 : 0.7362603662285675  | time taken : 7.13298225402832
 Thread 4 estimated dimension 1 of 2 : 0.9872150409298904  | time taken : 5.6780877113342285
 Thread 4 nsolns: 7844
 Thread 8 estimated dimension 1 of 2 : 0.5555588907862767  | time taken : 10.684664249420166
 Thread 8 nsolns: 5704
 Thread 7 estimated dimension 0 of 2 : 0.7440617817554993  | time taken : 8.415091037750244
 Thread 2 estimated dimension 0 of 2 : 0.7479759035474475  | time taken : 8.235596179962158
 Thread 1 estimated dimension 1 of 2 : 0.4620057701002392  | time taken : 13.6569344997406
 Thread 1 nsolns: 6309
 Thread 5 estimated dimension 1 of 2 : 0.5365039026962032  | time taken : 12.266628980636597
 Thread 5 nsolns: 5710
 Thread 6 estimated dimension 1 of 2 : 0.5483584788178747  | time taken : 13.050427198410034
 Thread 3 estimated dimension 1 of 2 : 0.5352398965097286  | time taken : 12.175402402877808
 Thread 6 nsolns: 5756
 Thread 3 nsolns: 5747
 Thread 8 estimated dimension 0 of 2 : 0.7486010914948472  | time taken : 7.990883827209473
 Thread 7 estimated dimension 1 of 2 : 0.5421925960143882  | time taken : 11.794362306594849
 Thread 7 nsolns: 5729
 Thread 1 estimated dimension 0 of 2 : 0.7531430443758256  | time taken : 7.655092477798462
 Thread 5 estimated dimension 0 of 2 : 0.7451736477653546  | time taken : 7.618751287460327
 Thread 6 estimated dimension 0 of 2 : 0.7461738887103805  | time taken : 7.933132648468018
 Thread 3 estimated dimension 0 of 2 : 0.7399751291810605  | time taken : 8.373562097549438
 Thread 2 estimated dimension 1 of 2 : 0.4563495838025552  | time taken : 13.929486513137817
 Thread 2 nsolns: 6327
 Thread 4 estimated dimension 0 of 2 : 0.2927871981222743  | time taken : 21.697580337524414
 Thread 7 estimated dimension 0 of 2 : 0.7263719679274099  | time taken : 8.294049978256226
 Thread 8 estimated dimension 1 of 2 : 0.44836603868809294  | time taken : 14.58601188659668
 Thread 8 nsolns: 6305
 Thread 4 estimated dimension 1 of 2 : 0.9557577127256213  | time taken : 4.977940559387207
 Thread 4 nsolns: 7741
 Thread 2 estimated dimension 0 of 2 : 0.7087139114974217  | time taken : 8.170423746109009
 Thread 6 estimated dimension 1 of 2 : 0.5494138670320406  | time taken : 11.287257671356201
 Thread 6 nsolns: 5665
 Thread 5 estimated dimension 1 of 2 : 0.5421473867777541  | time taken : 12.087035417556763
 Thread 5 nsolns: 5682
 Thread 1 estimated dimension 1 of 2 : 0.45204866363610097  | time taken : 14.375444650650024
 Thread 1 nsolns: 6306
 Thread 3 estimated dimension 1 of 2 : 0.5279124547828139  | time taken : 12.679563522338867
 Thread 3 nsolns: 5670
 Thread 8 estimated dimension 0 of 2 : 0.70355848061846  | time taken : 8.33619999885559
 Thread 4 estimated dimension 0 of 2 : 0.7409235777974074  | time taken : 8.078645706176758
 Thread 7 estimated dimension 1 of 2 : 0.45947791695646106  | time taken : 12.497120380401611
 Thread 7 nsolns: 6337
 Thread 6 estimated dimension 0 of 2 : 0.7419822456317543  | time taken : 8.215413570404053
 Thread 1 estimated dimension 0 of 2 : 0.7369695990654164  | time taken : 8.23751711845398
 Thread 2 estimated dimension 1 of 2 : 0.5470040194579776  | time taken : 10.794554710388184
 Thread 2 nsolns: 5706
 Thread 8 estimated dimension 1 of 2 : 0.4601081028504891  | time taken : 13.972912549972534
 Thread 8 nsolns: 6353
 Thread 2 estimated dimension 0 of 2 : 0.7799281696471517  | time taken : 8.326139450073242
 Thread 4 estimated dimension 1 of 2 : 0.45732909276736516  | time taken : 14.827407121658325
 Thread 4 nsolns: 6339
 Thread 6 estimated dimension 1 of 2 : 0.45736266571485285  | time taken : 13.905876398086548
 Thread 6 nsolns: 6326
 Thread 5 estimated dimension 0 of 2 : 0.3057191781191097  | time taken : 21.890562057495117
 Thread 1 estimated dimension 1 of 2 : 0.46004257378470176  | time taken : 14.196537494659424
 Thread 1 nsolns: 6345
 Thread 3 estimated dimension 0 of 2 : 0.29571099558868175  | time taken : 22.21084690093994
 Thread 8 estimated dimension 0 of 2 : 0.7728513518938318  | time taken : 7.595059156417847
 Thread 5 estimated dimension 1 of 2 : 1  | time taken : 4.81270170211792
 Thread 5 nsolns: 7738
 Thread 3 estimated dimension 1 of 2 : 1  | time taken : 4.7592267990112305
 Thread 3 nsolns: 7813
 Thread 4 estimated dimension 0 of 2 : 0.7513338891560907  | time taken : 7.7979137897491455
 Thread 7 estimated dimension 0 of 2 : 0.28685442285783436  | time taken : 22.72794771194458
 Thread 2 estimated dimension 1 of 2 : 0.5435070958554886  | time taken : 12.075823783874512
 Thread 2 nsolns: 5662
 Thread 6 estimated dimension 0 of 2 : 0.7408959141967397  | time taken : 8.142895460128784
 Thread 1 estimated dimension 0 of 2 : 0.7268094613728929  | time taken : 8.206892490386963
 Thread 5 estimated dimension 0 of 2 : 0.741581909954912  | time taken : 7.785732746124268
 Thread 7 estimated dimension 1 of 2 : 0.9820550888762449  | time taken : 5.1651880741119385
 Thread 7 nsolns: 7833
 Thread 3 estimated dimension 0 of 2 : 0.7313759046935634  | time taken : 8.443236827850342
 Thread 8 estimated dimension 1 of 2 : 0.5453104875969603  | time taken : 13.260569334030151
 Thread 2 estimated dimension 0 of 2 : 0.757453848799074  | time taken : 8.478217363357544
 Thread 8 nsolns: 5771
 Thread 4 estimated dimension 1 of 2 : 0.555283078734126  | time taken : 12.924224376678467
 Thread 4 nsolns: 5626
 Thread 7 estimated dimension 0 of 2 : 0.7333958846614324  | time taken : 7.200410604476929
 Thread 1 estimated dimension 1 of 2 : 0.5412387000652417  | time taken : 13.011794328689575
 Thread 1 nsolns: 5716
 Thread 6 estimated dimension 1 of 2 : 0.4644836967782227  | time taken : 15.180620193481445
 Thread 6 nsolns: 6336
 Thread 8 estimated dimension 0 of 2 : 0.714002118486404  | time taken : 8.653197526931763
 Thread 5 estimated dimension 1 of 2 : 0.540607208785888  | time taken : 13.25328803062439
 Thread 5 nsolns: 5728
 Thread 3 estimated dimension 1 of 2 : 0.5466392804639074  | time taken : 12.273761510848999
 Thread 3 nsolns: 5743
 Thread 4 estimated dimension 0 of 2 : 0.7291575038303156  | time taken : 7.764847755432129
 Thread 2 estimated dimension 1 of 2 : 0.5504929617243461  | time taken : 11.796046733856201
 Thread 2 nsolns: 5660
 Thread 1 estimated dimension 0 of 2 : 0.7189165761876615  | time taken : 7.135139465332031
 Thread 6 estimated dimension 0 of 2 : 0.7072105184759446  | time taken : 7.7930848598480225
 Thread 7 estimated dimension 1 of 2 : 0.4704262329955878  | time taken : 12.904792785644531
 Thread 7 nsolns: 6329
 Thread 5 estimated dimension 0 of 2 : 0.742341544730635  | time taken : 7.893748760223389
 Thread 3 estimated dimension 0 of 2 : 0.711659521732754  | time taken : 8.503035306930542
 Thread 2 estimated dimension 0 of 2 : 0.7343366684224707  | time taken : 8.6813645362854
 Thread 8 estimated dimension 1 of 2 : 0.44926265246123503  | time taken : 14.215243339538574
 Thread 8 nsolns: 6401
 Thread 4 estimated dimension 1 of 2 : 0.46130269465335416  | time taken : 13.685840368270874
 Thread 4 nsolns: 6343
 Thread 1 estimated dimension 1 of 2 : 0.5489766880666959  | time taken : 13.45155382156372
 Thread 1 nsolns: 5749
 Thread 6 estimated dimension 1 of 2 : 0.5557746511189479  | time taken : 12.57033371925354
 Thread 6 nsolns: 5746
 Thread 5 estimated dimension 1 of 2 : 0.5353313066860957  | time taken : 10.739376783370972
 Thread 5 nsolns: 5655
 Thread 3 estimated dimension 1 of 2 : 0.5432856456344919  | time taken : 10.949659585952759
 Thread 3 nsolns: 5751
 Thread 8 estimated dimension 0 of 2 : 0.7331333217076903  | time taken : 8.06242561340332
 Thread 2 estimated dimension 1 of 2 : 0.5308915684641115  | time taken : 11.281285285949707
 Thread 2 nsolns: 5680
 Thread 4 estimated dimension 0 of 2 : 0.7293396797498244  | time taken : 8.11545467376709
 Thread 1 estimated dimension 0 of 2 : 0.7502263786279824  | time taken : 8.016056537628174
 Thread 6 estimated dimension 0 of 2 : 0.7619638940664858  | time taken : 7.9305055141448975
 Thread 5 estimated dimension 0 of 2 : 0.7489696570741627  | time taken : 7.948010444641113
 Thread 7 estimated dimension 0 of 2 : 0.2949682297800036  | time taken : 20.89639639854431
 Thread 3 estimated dimension 0 of 2 : 0.7451319224172137  | time taken : 8.432637691497803
 Thread 7 estimated dimension 1 of 2 : 1  | time taken : 5.655004024505615
 Thread 7 nsolns: 7814
 Thread 8 estimated dimension 1 of 2 : 0.552918996226124  | time taken : 13.0855553150177
 Thread 8 nsolns: 5652
 Thread 4 estimated dimension 1 of 2 : 0.46786683838421905  | time taken : 14.248090267181396
 Thread 4 nsolns: 6303
 Thread 5 estimated dimension 1 of 2 : 0.5629466669844455  | time taken : 11.126099586486816
 Thread 5 nsolns: 5663
 Thread 6 estimated dimension 1 of 2 : 0.539739384110585  | time taken : 12.379936218261719
 Thread 6 nsolns: 5666
 Thread 1 estimated dimension 1 of 2 : 0.46101525622351475  | time taken : 13.16455364227295
 Thread 1 nsolns: 6341
 Thread 8 estimated dimension 0 of 2 : 0.7215440965498369  | time taken : 8.08547306060791
 Thread 3 estimated dimension 1 of 2 : 0.4515455784897803  | time taken : 14.003649950027466
 Thread 3 nsolns: 6334
 Thread 2 estimated dimension 0 of 2 : 0.29203891447311464  | time taken : 22.55123543739319
 Thread 4 estimated dimension 0 of 2 : 0.7455887927621757  | time taken : 7.985906362533569
 Thread 6 estimated dimension 0 of 2 : 0.7471040950897538  | time taken : 7.335819244384766
 Thread 5 estimated dimension 0 of 2 : 0.7298735973568384  | time taken : 8.108193159103394
 Thread 2 estimated dimension 1 of 2 : 1  | time taken : 5.109079599380493
 Thread 2 nsolns: 7854
 Thread 3 estimated dimension 0 of 2 : 0.7327687464149717  | time taken : 8.529830932617188
 Thread 8 estimated dimension 1 of 2 : 0.4623124220006174  | time taken : 13.633450508117676
 Thread 8 nsolns: 6364
 Thread 7 estimated dimension 0 of 2 : 0.29234038797768797  | time taken : 23.4654643535614
 Thread 6 estimated dimension 1 of 2 : 0.548467691062789  | time taken : 11.675472736358643
 Thread 6 nsolns: 5744
 Thread 2 estimated dimension 0 of 2 : 0.7193551588758399  | time taken : 8.051235437393188
 Thread 4 estimated dimension 1 of 2 : 0.4602582683687718  | time taken : 13.799983024597168
 Thread 4 nsolns: 6360
 Thread 5 estimated dimension 1 of 2 : 0.44822301931643727  | time taken : 13.731823444366455
 Thread 5 nsolns: 6337
 Thread 1 estimated dimension 0 of 2 : 0.29579904613749686  | time taken : 22.52332353591919
 Thread 7 estimated dimension 1 of 2 : 1  | time taken : 4.464049816131592
 Thread 7 nsolns: 7788
 Thread 3 estimated dimension 1 of 2 : 0.46049672521180096  | time taken : 13.124426364898682
 Thread 3 nsolns: 6265
 Thread 6 estimated dimension 0 of 2 : 0.7420012206085825  | time taken : 7.997861862182617
 Thread 1 estimated dimension 1 of 2 : 1  | time taken : 5.93696141242981
 Thread 1 nsolns: 7796
 Thread 4 estimated dimension 0 of 2 : 0.729245612116866  | time taken : 8.186400651931763
 Thread 5 estimated dimension 0 of 2 : 0.7487570618293581  | time taken : 7.570401906967163
 Thread 7 estimated dimension 0 of 2 : 0.7453427268663857  | time taken : 8.739356517791748
 Thread 2 estimated dimension 1 of 2 : 0.4476833502766217  | time taken : 14.37263560295105
 Thread 2 nsolns: 6372
 Thread 3 estimated dimension 0 of 2 : 0.7116219098736303  | time taken : 8.054196834564209
 Thread 1 estimated dimension 0 of 2 : 0.729778812752963  | time taken : 8.51236367225647
 Thread 8 estimated dimension 0 of 2 : 0.2986653239544644  | time taken : 23.11561942100525
 Thread 6 estimated dimension 1 of 2 : 0.46423047021678304  | time taken : 14.18002724647522
 Thread 6 nsolns: 6282
 Thread 4 estimated dimension 1 of 2 : 0.5439751716837661  | time taken : 13.142508268356323
 Thread 4 nsolns: 5657
 Thread 5 estimated dimension 1 of 2 : 0.4591097793729437  | time taken : 14.064116477966309
 Thread 5 nsolns: 6270
 Thread 7 estimated dimension 1 of 2 : 0.4515941248578034  | time taken : 13.067035913467407
 Thread 7 nsolns: 6304
 Thread 8 estimated dimension 1 of 2 : 1  | time taken : 5.058655738830566
 Thread 8 nsolns: 7796
 Thread 3 estimated dimension 1 of 2 : 0.46274753540798763  | time taken : 13.453321933746338
 Thread 3 nsolns: 6313
 Thread 6 estimated dimension 0 of 2 : 0.7336553883785627  | time taken : 8.376443147659302
 Thread 1 estimated dimension 1 of 2 : 0.46766348207912156  | time taken : 13.072554111480713
 Thread 1 nsolns: 6307
 Thread 4 estimated dimension 0 of 2 : 0.7368954410220031  | time taken : 7.997147083282471
 Thread 5 estimated dimension 0 of 2 : 0.7777817870355979  | time taken : 8.155369758605957
 Thread 7 estimated dimension 0 of 2 : 0.6996610722865567  | time taken : 7.916703224182129
 Thread 8 estimated dimension 0 of 2 : 0.7505186325088791  | time taken : 8.041799783706665
 Thread 2 estimated dimension 0 of 2 : 0.2980265474539219  | time taken : 21.13744616508484
 Thread 3 estimated dimension 0 of 2 : 0.7187398147018373  | time taken : 8.21726369857788
 Thread 1 estimated dimension 0 of 2 : 0.7334723039148656  | time taken : 8.714590072631836
 Thread 2 estimated dimension 1 of 2 : 0.9921516864512363  | time taken : 5.371262788772583
 Thread 2 nsolns: 7793
 Thread 6 estimated dimension 1 of 2 : 0.5328994536867249  | time taken : 11.917848348617554
 Thread 6 nsolns: 5730
 Thread 5 estimated dimension 1 of 2 : 0.5431761947789214  | time taken : 11.46955156326294
 Thread 5 nsolns: 5669
 Thread 4 estimated dimension 1 of 2 : 0.45101576275298977  | time taken : 14.658913850784302
 Thread 4 nsolns: 6339
 Thread 8 estimated dimension 1 of 2 : 0.5440995517292673  | time taken : 12.369773626327515
 Thread 8 nsolns: 5721
 Thread 7 estimated dimension 1 of 2 : 0.5322532178081982  | time taken : 13.631547689437866
 Thread 7 nsolns: 5761
 Thread 2 estimated dimension 0 of 2 : 0.743969612198415  | time taken : 7.364834308624268
 Thread 3 estimated dimension 1 of 2 : 0.5585078151320652  | time taken : 12.343069076538086
 Thread 3 nsolns: 5710
 Thread 6 estimated dimension 0 of 2 : 0.7095309359508287  | time taken : 7.634822130203247
 Thread 5 estimated dimension 0 of 2 : 0.7441121518170116  | time taken : 7.712575197219849
 Thread 1 estimated dimension 1 of 2 : 0.4582306487798298  | time taken : 12.961774826049805
 Thread 1 nsolns: 6338
 Thread 4 estimated dimension 0 of 2 : 0.7175962527436056  | time taken : 8.614823341369629
 Thread 8 estimated dimension 0 of 2 : 0.754052820687945  | time taken : 7.931638717651367
 Thread 7 estimated dimension 0 of 2 : 0.7249406129267665  | time taken : 8.245931386947632
 Thread 3 estimated dimension 0 of 2 : 0.7302800038351593  | time taken : 8.30404257774353
 Thread 1 estimated dimension 0 of 2 : 0.7836620102267318  | time taken : 8.800565481185913
 Thread 5 estimated dimension 1 of 2 : 0.5514244518181596  | time taken : 12.462783575057983
 Thread 5 nsolns: 5735
 Thread 6 estimated dimension 1 of 2 : 0.4540834502998226  | time taken : 14.083581924438477
 Thread 2 estimated dimension 1 of 2 : 0.4734899134935714  | time taken : 15.055030107498169
 Thread 2 nsolns: 6326
 Thread 6 nsolns: 6316
 Thread 4 estimated dimension 1 of 2 : 0.4416652808854132  | time taken : 12.927934408187866
 Thread 4 nsolns: 6393
 Thread 8 estimated dimension 1 of 2 : 0.5526362515344215  | time taken : 13.612808227539062
 Thread 8 nsolns: 5720
 Thread 7 estimated dimension 1 of 2 : 0.45148621754027757  | time taken : 13.729487657546997
 Thread 7 nsolns: 6350
 Thread 3 estimated dimension 1 of 2 : 0.4620534459422039  | time taken : 13.47337007522583
 Thread 3 nsolns: 6320
 Thread 5 estimated dimension 0 of 2 : 0.7208274855094055  | time taken : 7.631433486938477
 Thread 1 estimated dimension 1 of 2 : 0.5575427048750723  | time taken : 10.222167015075684
 Thread 1 nsolns: 5704
 Thread 2 estimated dimension 0 of 2 : 0.7187294940355203  | time taken : 7.795756816864014
 Thread 6 estimated dimension 0 of 2 : 0.7328548043822076  | time taken : 7.808918237686157
 Thread 4 estimated dimension 0 of 2 : 0.7361601244324903  | time taken : 6.50487756729126
 Thread 7 estimated dimension 0 of 2 : 0.7320568034998838  | time taken : 6.031506538391113
 Thread 3 estimated dimension 0 of 2 : 0.7408309794091703  | time taken : 7.248579263687134
 Thread 2 estimated dimension 1 of 2 : 0.5402336923765985  | time taken : 10.777806520462036
 Thread 2 nsolns: 5713
 Thread 5 estimated dimension 1 of 2 : 0.5451808771111022  | time taken : 11.571876287460327
 Thread 5 nsolns: 5742
 Thread 6 estimated dimension 1 of 2 : 0.5535966777919152  | time taken : 11.582997798919678
 Thread 6 nsolns: 5716
 Thread 7 estimated dimension 1 of 2 : 0.5559428017080912  | time taken : 8.994940996170044
 Thread 7 nsolns: 5657
 Thread 4 estimated dimension 1 of 2 : 0.5470803104045245  | time taken : 11.068477392196655
 Thread 4 nsolns: 5719
 Thread 4 estimated dimension 0 of 2 : 0.7510844252235115  | time taken : 2.440192461013794
 Thread 3 estimated dimension 1 of 2 : 0.46489325038061075  | time taken : 9.181307315826416
 Thread 3 nsolns: 6311
 Thread 1 estimated dimension 0 of 2 : 0.28858530969229224  | time taken : 16.547459363937378
 Thread 1 estimated dimension 1 of 2 : 0.9684877876216658  | time taken : 1.4422085285186768
 Thread 1 nsolns: 7875
 Thread 4 estimated dimension 1 of 2 : 0.5375787326858693  | time taken : 3.363023042678833
 Thread 4 nsolns: 5763
 estimated weights : [0.387605494323207, 0.39787344617267417, 0.40883940971347255, 0.4222456102938262, 0.32363091512902176, 0.34272894989032915, 0.3438298973309035, 0.32399646598612114, 0.3464506392342212, 0.3331663234989841, 0.339376701602572, 0.33080860619046265, 0.3378419819543983, 0.4075034293381491, 0.36028417866126783, 0.347989868190277, 0.39965879517499103, 0.3926567050231339, 0.39804959984997457, 0.32101335563020944, 0.3416558071738356, 0.341276236773263, 0.35567768401714095, 0.3243447409557518, 0.39958015736119734, 0.3958855805291508, 0.4217327770138628, 0.4193071843112121, 0.40724252419426893, 0.3512465191842971, 0.3523643318268829, 0.29258800427508436, 0.40389925309703156, 0.3963860686971526, 0.39535750030707617, 0.3423576646767883, 0.3921954917002261, 0.4040051772708541, 0.3412221289461979, 0.2920156948960499, 0.3946791346126569, 0.39918819529824473, 0.39974876030989787, 0.40221044519444227, 0.3537943537992466, 0.4176450037364782, 0.41056521284094794, 0.33794693986860114, 0.385119612542702, 0.3956027753989898, 0.39488068934213605, 0.3394454588630896, 0.3486465341697748, 0.3082187610002941, 0.4059592346033051, 0.2889068988510288, 0.3264509603494171, 0.4003631425303414, 0.33931170337856487, 0.3986294013445176, 0.40157074717841224, 0.3255208157632817, 0.40681337117794164, 0.3825241626578114, 0.29127614766977533, 0.40544534040598773, 0.335681391731687, 0.38935523506777425, 0.3981534159507228, 0.39407592222439336, 0.4034247890451053, 0.34133849227821783, 0.3356473059511273, 0.2798336227926882, 0.40995828167470566, 0.40399394583163356, 0.34045730673691665, 0.39064208692420344, 0.33375187875885165, 0.3876693582348751, 0.32371295776173226, 0.3388459076440386, 0.3393549777752319, 0.33903739115513387, 0.3057191781191097, 0.29571099558868175, 0.4238964944608103, 0.28170684573419447, 0.4214439475411954, 0.41720299512787856, 0.39337740806858307, 0.3441340731539826, 0.4009045264268327, 0.3997987982903288, 0.41697301259490727, 0.3450086633157442, 0.3207744856141429, 0.336362321343638, 0.3946684409917508, 0.3930496791736184, 0.39739866914802563, 0.386634402736513, 0.3898531456795156, 0.2949682297800036, 0.4053633403385401, 0.3412338500727092, 0.42162997212238307, 0.41126192289794805, 0.3458658061688189, 0.33646102495908287, 0.29203891447311464, 0.3335787988562024, 0.40976245801743166, 0.34316340667188205, 0.32714614752663174, 0.29234038797768797, 0.3374376080616511, 0.29579904613749686, 0.3220433275643075, 0.34445957554454926, 0.3966915070509053, 0.3437616894604102, 0.33659239645835426, 0.2986653239544644, 0.3293012849363475, 0.34129090071961793, 0.29568754166364797, 0.39096455566125804, 0.4224725514503455, 0.3323514594017395, 0.4083568515125438, 0.3723968570996542, 0.40142180355754853, 0.33609948968494535, 0.4103216354069268, 0.35226210732167335, 0.32218625549101476, 0.3169373505303245, 0.41671692428394325, 0.32730069527163624, 0.3374283922747212, 0.43692503688964857, 0.38828188838277355, 0.392981360795808, 0.40570598500983407, 0.40698171034719494, 0.4027387093819602, 0.3444073220001805, 0.27949134812400134, 0.40376701345174987]

 dTV estimated : 0.0
 nsamples : 927524
 ACCEPTED