numSolutions: 150 k : 884
1 150 0.05 0.0006666666666666668

 Thread 1 estimated dimension 0 of 1 : 0.539406192583366  | time taken : 2.8992395401000977
 Thread 3 estimated dimension 0 of 1 : 0.5275010539849924  | time taken : 3.2723143100738525
 Thread 1 nsolns: 1642
 Thread 3 nsolns: 1672
 Thread 2 estimated dimension 0 of 1 : 0.478743134125947  | time taken : 5.055432558059692
 Thread 2 nsolns: 1835
 Thread 7 estimated dimension 0 of 1 : 0.5209208519397461  | time taken : 5.306061744689941
 Thread 7 nsolns: 1673
 Thread 5 estimated dimension 0 of 1 : 0.5469676178427939  | time taken : 5.1329405307769775
 Thread 5 nsolns: 1671
 Thread 8 estimated dimension 0 of 1 : 0.5284976431742759  | time taken : 5.6023430824279785
 Thread 8 nsolns: 1683
 Thread 4 estimated dimension 0 of 1 : 0.5400209261903792  | time taken : 5.554636001586914
 Thread 4 nsolns: 1683
 Thread 1 estimated dimension 0 of 1 : 0.5297764029967572  | time taken : 5.164515256881714
 Thread 1 nsolns: 1669
 Thread 3 estimated dimension 0 of 1 : 0.5384043238638618  | time taken : 6.389427661895752
 Thread 3 nsolns: 1652
 Thread 2 estimated dimension 0 of 1 : 0.5310572620227288  | time taken : 5.650444507598877
 Thread 2 nsolns: 1667
 Thread 6 estimated dimension 0 of 1 : 0.4733874796045922  | time taken : 8.07110857963562
 Thread 6 nsolns: 1830
 Thread 8 estimated dimension 0 of 1 : 0.5459536715257289  | time taken : 5.713589429855347
 Thread 8 nsolns: 1657
 Thread 5 estimated dimension 0 of 1 : 0.5500150713710942  | time taken : 6.283695697784424
 Thread 5 nsolns: 1641
 Thread 7 estimated dimension 0 of 1 : 0.4651858443984019  | time taken : 7.082167625427246
 Thread 7 nsolns: 1835
 Thread 1 estimated dimension 0 of 1 : 0.490726134070338  | time taken : 6.134210824966431
 Thread 1 nsolns: 1792
 Thread 4 estimated dimension 0 of 1 : 0.4837701813623178  | time taken : 7.223148584365845
 Thread 4 nsolns: 1763
 Thread 3 estimated dimension 0 of 1 : 0.5350982927124229  | time taken : 5.355200529098511
 Thread 3 nsolns: 1655
 Thread 2 estimated dimension 0 of 1 : 0.47839917386706743  | time taken : 6.249627590179443
 Thread 2 nsolns: 1766
 Thread 6 estimated dimension 0 of 1 : 0.49742214646094685  | time taken : 7.552326440811157
 Thread 6 nsolns: 1772
 Thread 8 estimated dimension 0 of 1 : 0.5085253258969884  | time taken : 7.022379636764526
 Thread 8 nsolns: 1776
 Thread 4 estimated dimension 0 of 1 : 0.5489227614558144  | time taken : 5.81481671333313
 Thread 4 nsolns: 1678
 Thread 1 estimated dimension 0 of 1 : 0.4971423818549429  | time taken : 6.448628664016724
 Thread 1 nsolns: 1784
 Thread 5 estimated dimension 0 of 1 : 0.47162105732598275  | time taken : 7.482278823852539
 Thread 3 estimated dimension 0 of 1 : 0.5419877486519211  | time taken : 6.122382640838623
 Thread 5 nsolns: 1839
 Thread 3 nsolns: 1656
 Thread 7 estimated dimension 0 of 1 : 0.48258402661696426  | time taken : 7.172357797622681
 Thread 7 nsolns: 1835
 Thread 2 estimated dimension 0 of 1 : 0.5203663451198656  | time taken : 6.127633810043335
 Thread 2 nsolns: 1675
 Thread 6 estimated dimension 0 of 1 : 0.532266282925658  | time taken : 6.216935873031616
 Thread 6 nsolns: 1660
 Thread 4 estimated dimension 0 of 1 : 0.530535795426639  | time taken : 6.28830623626709
 Thread 4 nsolns: 1648
 Thread 5 estimated dimension 0 of 1 : 0.5384127055873957  | time taken : 5.920712471008301
 Thread 5 nsolns: 1667
 Thread 1 estimated dimension 0 of 1 : 0.49942480622253593  | time taken : 6.4863481521606445
 Thread 1 nsolns: 1774
 Thread 7 estimated dimension 0 of 1 : 0.5253419446708733  | time taken : 6.169859170913696
 Thread 7 nsolns: 1659
 Thread 8 estimated dimension 0 of 1 : 0.4842936744735318  | time taken : 7.50988245010376
 Thread 8 nsolns: 1849
 Thread 3 estimated dimension 0 of 1 : 0.5338709811633865  | time taken : 6.737321138381958
 Thread 3 nsolns: 1656
 Thread 2 estimated dimension 0 of 1 : 0.5243102619667431  | time taken : 5.8527703285217285
 Thread 6 estimated dimension 0 of 1 : 0.5101781797724894  | time taken : 4.372757196426392
 Thread 2 nsolns: 1650
 Thread 6 nsolns: 1679
 Thread 5 estimated dimension 0 of 1 : 0.5297839035134975  | time taken : 6.207090139389038
 Thread 5 nsolns: 1656
 Thread 1 estimated dimension 0 of 1 : 0.5391408444801996  | time taken : 6.610328435897827
 Thread 1 nsolns: 1663
 Thread 4 estimated dimension 0 of 1 : 0.4983542470033636  | time taken : 7.1823344230651855
 Thread 4 nsolns: 1794
 Thread 3 estimated dimension 0 of 1 : 0.520353932208975  | time taken : 6.420832872390747
 Thread 3 nsolns: 1663
 Thread 7 estimated dimension 0 of 1 : 0.5331965275006824  | time taken : 6.924900770187378
 Thread 7 nsolns: 1660
 Thread 2 estimated dimension 0 of 1 : 0.4817029575018629  | time taken : 6.02289342880249
 Thread 2 nsolns: 1793
 Thread 6 estimated dimension 0 of 1 : 0.49329668830294204  | time taken : 6.570756196975708
 Thread 8 estimated dimension 0 of 1 : 0.46395561638460725  | time taken : 7.7370500564575195
 Thread 6 nsolns: 1791
 Thread 8 nsolns: 1832
 Thread 5 estimated dimension 0 of 1 : 0.48236027805883136  | time taken : 5.666809320449829
 Thread 5 nsolns: 1791
 Thread 1 estimated dimension 0 of 1 : 0.503894448545689  | time taken : 6.188237905502319
 Thread 1 nsolns: 1781
 Thread 3 estimated dimension 0 of 1 : 0.5342784547226027  | time taken : 6.621603727340698
 Thread 3 nsolns: 1654
 Thread 6 estimated dimension 0 of 1 : 0.5206877392423963  | time taken : 6.035616159439087
 Thread 6 nsolns: 1673
 Thread 8 estimated dimension 0 of 1 : 0.509228237837509  | time taken : 6.533886671066284
 Thread 8 nsolns: 1670
 Thread 4 estimated dimension 0 of 1 : 0.472833263771019  | time taken : 8.1028151512146
 Thread 4 nsolns: 1868
 Thread 7 estimated dimension 0 of 1 : 0.5028006550850902  | time taken : 7.788860321044922
 Thread 7 nsolns: 1835
 Thread 2 estimated dimension 0 of 1 : 0.47117371034699695  | time taken : 7.858994007110596
 Thread 2 nsolns: 1858
 Thread 5 estimated dimension 0 of 1 : 0.46690720960861887  | time taken : 6.28506064414978
 Thread 5 nsolns: 1841
 Thread 1 estimated dimension 0 of 1 : 0.5089768540854054  | time taken : 5.217609167098999
 Thread 1 nsolns: 1773
 Thread 3 estimated dimension 0 of 1 : 0.5351317290370439  | time taken : 4.47271466255188
 Thread 3 nsolns: 1679
 Thread 6 estimated dimension 0 of 1 : 0.4859426783516837  | time taken : 5.564561128616333
 Thread 6 nsolns: 1786
 Thread 8 estimated dimension 0 of 1 : 0.5489523159778679  | time taken : 5.971487998962402
 Thread 8 nsolns: 1662
 Thread 7 estimated dimension 0 of 1 : 0.5159466598310758  | time taken : 5.703841209411621
 Thread 7 nsolns: 1665
 Thread 4 estimated dimension 0 of 1 : 0.545111904919621  | time taken : 6.39183497428894
 Thread 4 nsolns: 1666
 Thread 2 estimated dimension 0 of 1 : 0.499291731060504  | time taken : 7.840725898742676
 Thread 2 nsolns: 1775
 Thread 5 estimated dimension 0 of 1 : 0.4886396551756675  | time taken : 5.9575722217559814
 Thread 5 nsolns: 1793
 Thread 1 estimated dimension 0 of 1 : 0.5267203138857147  | time taken : 5.863455772399902
 Thread 1 nsolns: 1655
 Thread 3 estimated dimension 0 of 1 : 0.49592060749399025  | time taken : 5.84038782119751
 Thread 3 nsolns: 1781
 Thread 6 estimated dimension 0 of 1 : 0.49635562978890424  | time taken : 5.38678240776062
 Thread 6 nsolns: 1780
 Thread 7 estimated dimension 0 of 1 : 0.5459271336237004  | time taken : 5.633324146270752
 Thread 8 estimated dimension 0 of 1 : 0.5126759269516044  | time taken : 5.9230639934539795
 Thread 7 nsolns: 1646
 Thread 8 nsolns: 1677
 Thread 4 estimated dimension 0 of 1 : 0.5391464058378038  | time taken : 5.590444564819336
 Thread 4 nsolns: 1657
 Thread 2 estimated dimension 0 of 1 : 0.5279418001568156  | time taken : 5.215364694595337
 Thread 2 nsolns: 1651
 Thread 5 estimated dimension 0 of 1 : 0.4997434802388209  | time taken : 5.231739282608032
 Thread 5 nsolns: 1762
 Thread 1 estimated dimension 0 of 1 : 0.5395187501655739  | time taken : 6.258513927459717
 Thread 3 estimated dimension 0 of 1 : 0.5345425219591846  | time taken : 6.250797271728516
 Thread 1 nsolns: 1669
 Thread 3 nsolns: 1660
 Thread 6 estimated dimension 0 of 1 : 0.5191141396740079  | time taken : 6.529628276824951
 Thread 6 nsolns: 1667
 Thread 8 estimated dimension 0 of 1 : 0.5447640022561093  | time taken : 6.391306161880493
 Thread 8 nsolns: 1668
 Thread 4 estimated dimension 0 of 1 : 0.5079481228846294  | time taken : 6.303171157836914
 Thread 4 nsolns: 1654
 Thread 2 estimated dimension 0 of 1 : 0.5276142783369006  | time taken : 6.167379140853882
 Thread 2 nsolns: 1668
 Thread 7 estimated dimension 0 of 1 : 0.4931944025435793  | time taken : 8.193550825119019
 Thread 7 nsolns: 1843
 Thread 1 estimated dimension 0 of 1 : 0.5299757777291368  | time taken : 5.954575538635254
 Thread 1 nsolns: 1666
 Thread 5 estimated dimension 0 of 1 : 0.48625821137358666  | time taken : 7.865283727645874
 Thread 5 nsolns: 1836
 Thread 6 estimated dimension 0 of 1 : 0.5441476407527158  | time taken : 5.530858755111694
 Thread 6 nsolns: 1662
 Thread 3 estimated dimension 0 of 1 : 0.4731592884810861  | time taken : 7.1484739780426025
 Thread 3 nsolns: 1834
 Thread 8 estimated dimension 0 of 1 : 0.530302021115134  | time taken : 4.742461919784546
 Thread 8 nsolns: 1672
 Thread 4 estimated dimension 0 of 1 : 0.5163948324756871  | time taken : 5.276641607284546
 Thread 4 nsolns: 1663
 Thread 7 estimated dimension 0 of 1 : 0.5389453010037899  | time taken : 6.050455093383789
 Thread 7 nsolns: 1671
 Thread 2 estimated dimension 0 of 1 : 0.49423852250950817  | time taken : 6.789554834365845
 Thread 2 nsolns: 1837
 Thread 3 estimated dimension 0 of 1 : 0.530171036932079  | time taken : 5.206964492797852
 Thread 3 nsolns: 1677
 Thread 1 estimated dimension 0 of 1 : 0.5303394841544857  | time taken : 6.523584842681885
 Thread 1 nsolns: 1684
 Thread 5 estimated dimension 0 of 1 : 0.5450365301915184  | time taken : 6.221993684768677
 Thread 5 nsolns: 1673
 Thread 6 estimated dimension 0 of 1 : 0.4755894935770835  | time taken : 6.116891860961914
 Thread 6 nsolns: 1795
 Thread 4 estimated dimension 0 of 1 : 0.5549694385445316  | time taken : 5.666608095169067
 Thread 4 nsolns: 1658
 Thread 8 estimated dimension 0 of 1 : 0.48554347016252464  | time taken : 8.150063753128052
 Thread 8 nsolns: 1841
 Thread 7 estimated dimension 0 of 1 : 0.5328831511652615  | time taken : 6.445026159286499
 Thread 7 nsolns: 1659
 Thread 2 estimated dimension 0 of 1 : 0.5201468446009131  | time taken : 6.0650599002838135
 Thread 2 nsolns: 1669
 Thread 3 estimated dimension 0 of 1 : 0.5420049599770371  | time taken : 6.429915428161621
 Thread 3 nsolns: 1668
 Thread 5 estimated dimension 0 of 1 : 0.5501825047983228  | time taken : 6.035486459732056
 Thread 5 nsolns: 1672
 Thread 6 estimated dimension 0 of 1 : 0.5062709077610793  | time taken : 7.147585391998291
 Thread 6 nsolns: 1755
 Thread 1 estimated dimension 0 of 1 : 0.4858441311281484  | time taken : 7.62821364402771
 Thread 1 nsolns: 1856
 Thread 8 estimated dimension 0 of 1 : 0.5389205822775958  | time taken : 5.297650098800659
 Thread 8 nsolns: 1654
 Thread 4 estimated dimension 0 of 1 : 0.47380719850790953  | time taken : 7.52013897895813
 Thread 4 nsolns: 1867
 Thread 7 estimated dimension 0 of 1 : 0.5017396539036582  | time taken : 5.786780118942261
 Thread 7 nsolns: 1799
 Thread 2 estimated dimension 0 of 1 : 0.5133298254271156  | time taken : 7.27260684967041
 Thread 2 nsolns: 1778
 Thread 3 estimated dimension 0 of 1 : 0.5425047148910573  | time taken : 6.200350046157837
 Thread 3 nsolns: 1673
 Thread 5 estimated dimension 0 of 1 : 0.5495988749246469  | time taken : 6.222788095474243
 Thread 5 nsolns: 1673
 Thread 1 estimated dimension 0 of 1 : 0.5310624503535337  | time taken : 6.514783143997192
 Thread 1 nsolns: 1670
 Thread 6 estimated dimension 0 of 1 : 0.4932146966773003  | time taken : 7.789281606674194
 Thread 6 nsolns: 1780
 Thread 7 estimated dimension 0 of 1 : 0.517355424016257  | time taken : 5.696823358535767
 Thread 7 nsolns: 1669
 Thread 4 estimated dimension 0 of 1 : 0.4922708849619595  | time taken : 7.403441905975342
 Thread 4 nsolns: 1796
 Thread 8 estimated dimension 0 of 1 : 0.5016649055217102  | time taken : 8.38470983505249
 Thread 8 nsolns: 1811
 Thread 3 estimated dimension 0 of 1 : 0.5443482897029192  | time taken : 4.075028896331787
 Thread 3 nsolns: 1664
 Thread 2 estimated dimension 0 of 1 : 0.5387648894284439  | time taken : 5.327664613723755
 Thread 2 nsolns: 1667
 Thread 5 estimated dimension 0 of 1 : 0.5597519810646959  | time taken : 5.961488962173462
 Thread 5 nsolns: 1656
 Thread 3 estimated dimension 0 of 1 : 0.5354328181453397  | time taken : 4.963508129119873
 Thread 3 nsolns: 1644
 Thread 1 estimated dimension 0 of 1 : 0.4516341388535937  | time taken : 7.833192348480225
 Thread 1 nsolns: 1859
 Thread 6 estimated dimension 0 of 1 : 0.48934609822527597  | time taken : 6.933760404586792
 Thread 6 nsolns: 1762
 Thread 7 estimated dimension 0 of 1 : 0.51158998558884  | time taken : 6.1139304637908936
 Thread 7 nsolns: 1660
 Thread 4 estimated dimension 0 of 1 : 0.500944018135741  | time taken : 6.3517091274261475
 Thread 4 nsolns: 1756
 Thread 2 estimated dimension 0 of 1 : 0.5317716568647738  | time taken : 5.510838508605957
 Thread 2 nsolns: 1678
 Thread 8 estimated dimension 0 of 1 : 0.47525438780923795  | time taken : 8.314371585845947
 Thread 8 nsolns: 1868
 Thread 5 estimated dimension 0 of 1 : 0.5126289199689412  | time taken : 7.37233304977417
 Thread 5 nsolns: 1775
 Thread 1 estimated dimension 0 of 1 : 0.5509245804100261  | time taken : 5.773169994354248
 Thread 1 nsolns: 1654
 Thread 6 estimated dimension 0 of 1 : 0.5405506430078477  | time taken : 6.083122968673706
 Thread 6 nsolns: 1684
 Thread 7 estimated dimension 0 of 1 : 0.5432173353522267  | time taken : 6.0734076499938965
 Thread 7 nsolns: 1663
 Thread 3 estimated dimension 0 of 1 : 0.4788369215951032  | time taken : 6.904379606246948
 Thread 3 nsolns: 1856
 Thread 2 estimated dimension 0 of 1 : 0.504911193801786  | time taken : 5.283334970474243
 Thread 2 nsolns: 1683
 Thread 4 estimated dimension 0 of 1 : 0.49823785860859815  | time taken : 6.869158506393433
 Thread 4 nsolns: 1784
 Thread 5 estimated dimension 0 of 1 : 0.49981898435409605  | time taken : 6.0994648933410645
 Thread 5 nsolns: 1797
 Thread 8 estimated dimension 0 of 1 : 0.49368209523904805  | time taken : 7.769534111022949
 Thread 8 nsolns: 1821
 Thread 6 estimated dimension 0 of 1 : 0.5304252042248616  | time taken : 5.458852767944336
 Thread 6 nsolns: 1668
 Thread 1 estimated dimension 0 of 1 : 0.5276574020052656  | time taken : 6.613877773284912
 Thread 1 nsolns: 1663
 Thread 2 estimated dimension 0 of 1 : 0.5249291893235998  | time taken : 6.168769121170044
 Thread 2 nsolns: 1666
 Thread 4 estimated dimension 0 of 1 : 0.5027539939425528  | time taken : 6.213275909423828
 Thread 4 nsolns: 1766
 Thread 3 estimated dimension 0 of 1 : 0.47863043707615727  | time taken : 7.540870666503906
 Thread 3 nsolns: 1834
 Thread 7 estimated dimension 0 of 1 : 0.4935381994877325  | time taken : 7.994688034057617
 Thread 7 nsolns: 1818
 Thread 8 estimated dimension 0 of 1 : 0.5075207660472432  | time taken : 4.034881114959717
 Thread 8 nsolns: 1646
 Thread 5 estimated dimension 0 of 1 : 0.543714377627757  | time taken : 4.788152456283569
 Thread 5 nsolns: 1646
 Thread 6 estimated dimension 0 of 1 : 0.5315036055057389  | time taken : 5.615899085998535
 Thread 6 nsolns: 1650
 Thread 2 estimated dimension 0 of 1 : 0.5646584691414207  | time taken : 5.676580905914307
 Thread 2 nsolns: 1654
 Thread 1 estimated dimension 0 of 1 : 0.5099766001179772  | time taken : 6.386540651321411
 Thread 1 nsolns: 1781
 Thread 3 estimated dimension 0 of 1 : 0.5484470359095008  | time taken : 5.507850885391235
 Thread 3 nsolns: 1656
 Thread 4 estimated dimension 0 of 1 : 0.5152151670921923  | time taken : 6.880476236343384
 Thread 7 estimated dimension 0 of 1 : 0.5156119503247114  | time taken : 6.749686002731323
 Thread 4 nsolns: 1672
 Thread 7 nsolns: 1672
 Thread 5 estimated dimension 0 of 1 : 0.5323365436026753  | time taken : 6.393853664398193
 Thread 5 nsolns: 1655
 Thread 8 estimated dimension 0 of 1 : 0.4526050489471342  | time taken : 7.80497145652771
 Thread 8 nsolns: 1852
 Thread 6 estimated dimension 0 of 1 : 0.544362898495975  | time taken : 5.354737281799316
 Thread 6 nsolns: 1651
 Thread 2 estimated dimension 0 of 1 : 0.5300327699892212  | time taken : 4.528398513793945
 Thread 2 nsolns: 1649
 Thread 1 estimated dimension 0 of 1 : 0.47112440100694386  | time taken : 5.7483069896698
 Thread 1 nsolns: 1798
 Thread 4 estimated dimension 0 of 1 : 0.5279798923274922  | time taken : 4.451521873474121
 Thread 4 nsolns: 1642
 Thread 5 estimated dimension 0 of 1 : 0.5375701013064424  | time taken : 5.348454475402832
 Thread 5 nsolns: 1680
 Thread 8 estimated dimension 0 of 1 : 0.5497660117987593  | time taken : 4.276713848114014
 Thread 8 nsolns: 1661
 Thread 7 estimated dimension 0 of 1 : 0.505570286159005  | time taken : 5.5829033851623535
 Thread 7 nsolns: 1789
 Thread 6 estimated dimension 0 of 1 : 0.4956020207300077  | time taken : 3.9233412742614746
 Thread 6 nsolns: 1762
 Thread 4 estimated dimension 0 of 1 : 0.5610361369330035  | time taken : 2.3955416679382324
 Thread 4 nsolns: 1658
 estimated weights : [0.539406192583366, 0.5275010539849924, 0.478743134125947, 0.5209208519397461, 0.5469676178427939, 0.5284976431742759, 0.5400209261903792, 0.5297764029967572, 0.5384043238638618, 0.5310572620227288, 0.4733874796045922, 0.5459536715257289, 0.5500150713710942, 0.4651858443984019, 0.490726134070338, 0.4837701813623178, 0.5350982927124229, 0.47839917386706743, 0.49742214646094685, 0.5085253258969884, 0.5489227614558144, 0.4971423818549429, 0.47162105732598275, 0.5419877486519211, 0.48258402661696426, 0.5203663451198656, 0.532266282925658, 0.530535795426639, 0.5384127055873957, 0.49942480622253593, 0.5253419446708733, 0.4842936744735318, 0.5338709811633865, 0.5243102619667431, 0.5101781797724894, 0.5297839035134975, 0.5391408444801996, 0.4983542470033636, 0.520353932208975, 0.5331965275006824, 0.4817029575018629, 0.49329668830294204, 0.46395561638460725, 0.48236027805883136, 0.503894448545689, 0.5342784547226027, 0.5206877392423963, 0.509228237837509, 0.472833263771019, 0.5028006550850902, 0.47117371034699695, 0.46690720960861887, 0.5089768540854054, 0.5351317290370439, 0.4859426783516837, 0.5489523159778679, 0.5159466598310758, 0.545111904919621, 0.499291731060504, 0.4886396551756675, 0.5267203138857147, 0.49592060749399025, 0.49635562978890424, 0.5459271336237004, 0.5126759269516044, 0.5391464058378038, 0.5279418001568156, 0.4997434802388209, 0.5395187501655739, 0.5345425219591846, 0.5191141396740079, 0.5447640022561093, 0.5079481228846294, 0.5276142783369006, 0.4931944025435793, 0.5299757777291368, 0.48625821137358666, 0.5441476407527158, 0.4731592884810861, 0.530302021115134, 0.5163948324756871, 0.5389453010037899, 0.49423852250950817, 0.530171036932079, 0.5303394841544857, 0.5450365301915184, 0.4755894935770835, 0.5549694385445316, 0.48554347016252464, 0.5328831511652615, 0.5201468446009131, 0.5420049599770371, 0.5501825047983228, 0.5062709077610793, 0.4858441311281484, 0.5389205822775958, 0.47380719850790953, 0.5017396539036582, 0.5133298254271156, 0.5425047148910573, 0.5495988749246469, 0.5310624503535337, 0.4932146966773003, 0.517355424016257, 0.4922708849619595, 0.5016649055217102, 0.5443482897029192, 0.5387648894284439, 0.5597519810646959, 0.5354328181453397, 0.4516341388535937, 0.48934609822527597, 0.51158998558884, 0.500944018135741, 0.5317716568647738, 0.47525438780923795, 0.5126289199689412, 0.5509245804100261, 0.5405506430078477, 0.5432173353522267, 0.4788369215951032, 0.504911193801786, 0.49823785860859815, 0.49981898435409605, 0.49368209523904805, 0.5304252042248616, 0.5276574020052656, 0.5249291893235998, 0.5027539939425528, 0.47863043707615727, 0.4935381994877325, 0.5075207660472432, 0.543714377627757, 0.5315036055057389, 0.5646584691414207, 0.5099766001179772, 0.5484470359095008, 0.5152151670921923, 0.5156119503247114, 0.5323365436026753, 0.4526050489471342, 0.544362898495975, 0.5300327699892212, 0.47112440100694386, 0.5279798923274922, 0.5375701013064424, 0.5497660117987593, 0.505570286159005, 0.4956020207300077, 0.5610361369330035]

 dTV estimated : 0.0
 nsamples : 258241
 ACCEPTED