numSolutions: 150 k : 43770
41 150 0.007808688094430304 1.6260162601626018e-05

 Thread 8 estimated dimension 0 of 41 : 0.750097082200951  | time taken : 765.6557374000549
 Thread 4 estimated dimension 0 of 41 : 0.7491769823979987  | time taken : 804.5307240486145
 Thread 7 estimated dimension 0 of 41 : 0.6656631816470906  | time taken : 808.7387318611145
 Thread 5 estimated dimension 0 of 41 : 0.6216284568871433  | time taken : 839.2719006538391
 Thread 6 estimated dimension 0 of 41 : 0.6391114682110125  | time taken : 841.7613863945007
 Thread 3 estimated dimension 0 of 41 : 0.5758649802553802  | time taken : 888.8480241298676
 Thread 2 estimated dimension 0 of 41 : 0.5927465081400507  | time taken : 889.0337917804718
 Thread 1 estimated dimension 0 of 41 : 0.6580496041617032  | time taken : 933.9517903327942
 Thread 8 estimated dimension 1 of 41 : 0.5673423138554199  | time taken : 641.7633213996887
 Thread 7 estimated dimension 1 of 41 : 0.6552103546783292  | time taken : 693.4185469150543
 Thread 4 estimated dimension 1 of 41 : 0.6021661691847998  | time taken : 703.2372059822083
 Thread 5 estimated dimension 1 of 41 : 0.7304466337082522  | time taken : 671.0221297740936
 Thread 2 estimated dimension 1 of 41 : 0.6863493195069317  | time taken : 693.7971777915955
 Thread 6 estimated dimension 1 of 41 : 0.6420571031591057  | time taken : 793.1393930912018
 Thread 5 estimated dimension 2 of 41 : 0.7182289819445984  | time taken : 656.1493556499481
 Thread 8 estimated dimension 2 of 41 : 0.6334915184182196  | time taken : 760.6868786811829
 Thread 7 estimated dimension 2 of 41 : 0.6028207191114766  | time taken : 765.1450788974762
 Thread 4 estimated dimension 2 of 41 : 0.6513354635922567  | time taken : 761.3558280467987
 Thread 2 estimated dimension 2 of 41 : 0.6800989771998769  | time taken : 690.6748824119568
 Thread 6 estimated dimension 2 of 41 : 0.548971443669049  | time taken : 651.9577915668488
 Thread 1 estimated dimension 1 of 41 : 0.2783221332636691  | time taken : 1581.0621132850647
 Thread 3 estimated dimension 1 of 41 : 0.27297915565793834  | time taken : 1663.3611936569214
 Thread 5 estimated dimension 3 of 41 : 0.798904173767055  | time taken : 414.38175678253174
 Thread 8 estimated dimension 3 of 41 : 0.7803892985286045  | time taken : 496.4740149974823
 Thread 7 estimated dimension 3 of 41 : 0.8827375508241202  | time taken : 399.38480138778687
 Thread 4 estimated dimension 3 of 41 : 0.6478717444682797  | time taken : 486.39446926116943
 Thread 2 estimated dimension 3 of 41 : 0.8185176111347631  | time taken : 519.8061361312866
 Thread 6 estimated dimension 3 of 41 : 0.8232253802409922  | time taken : 528.0420136451721
 Thread 5 estimated dimension 4 of 41 : 0.7849430807476594  | time taken : 436.48414850234985
 Thread 3 estimated dimension 2 of 41 : 0.49099502298444797  | time taken : 612.4227819442749
 Thread 1 estimated dimension 2 of 41 : 0.525227810891479  | time taken : 650.3439524173737
 Thread 4 estimated dimension 4 of 41 : 0.7907709302254773  | time taken : 545.7355868816376
 Thread 2 estimated dimension 4 of 41 : 0.8197414444780763  | time taken : 545.2552218437195
 Thread 5 estimated dimension 5 of 41 : 0.8051761453642641  | time taken : 431.1531627178192
 Thread 3 estimated dimension 3 of 41 : 0.6779674280194252  | time taken : 407.3100507259369
 Thread 4 estimated dimension 5 of 41 : 0.8186570664266157  | time taken : 418.5851044654846
 Thread 2 estimated dimension 5 of 41 : 0.8792803672702095  | time taken : 443.2721221446991
 Thread 1 estimated dimension 3 of 41 : 0.3247845452347766  | time taken : 762.2352025508881
 Thread 3 estimated dimension 4 of 41 : 0.3672097440160176  | time taken : 588.0773212909698
 Thread 4 estimated dimension 6 of 41 : 0.6063818341039183  | time taken : 574.4386854171753
 Thread 2 estimated dimension 6 of 41 : 0.7165986064475028  | time taken : 533.0319452285767
 Thread 1 estimated dimension 4 of 41 : 0.5116593332547926  | time taken : 411.3410909175873
 Thread 3 estimated dimension 5 of 41 : 0.47337996184968645  | time taken : 243.71865606307983
 Thread 8 estimated dimension 4 of 41 : 0.22646999149114366  | time taken : 1761.2788093090057
 Thread 7 estimated dimension 4 of 41 : 0.23449681369323563  | time taken : 1771.6179451942444
 Thread 2 estimated dimension 7 of 41 : 0.9777671729104127  | time taken : 169.49316334724426
 Thread 3 estimated dimension 6 of 41 : 0.9927870645771629  | time taken : 89.99820280075073
 Thread 4 estimated dimension 7 of 41 : 0.8111205117259351  | time taken : 223.39094042778015
 Thread 3 estimated dimension 7 of 41 : 1  | time taken : 53.579954385757446
 Thread 1 estimated dimension 5 of 41 : 0.5852717553501584  | time taken : 246.52673745155334
 Thread 5 estimated dimension 6 of 41 : 0.3188532069438963  | time taken : 1184.1857798099518
 Thread 6 estimated dimension 4 of 41 : 0.215853240762096  | time taken : 1840.5112040042877
 Thread 1 estimated dimension 6 of 41 : 0.9970677785492131  | time taken : 108.42746329307556
 Thread 7 estimated dimension 5 of 41 : 0.7440777587239841  | time taken : 282.7176995277405
 Thread 8 estimated dimension 5 of 41 : 0.7581706846588286  | time taken : 345.22536396980286
 Thread 1 estimated dimension 7 of 41 : 0.9926919413045621  | time taken : 74.77964997291565
 Thread 1 estimated dimension 8 of 41 : 1  | time taken : 77.41598343849182
 Thread 2 estimated dimension 8 of 41 : 0.7997994150390412  | time taken : 408.94555139541626
 Thread 1 estimated dimension 9 of 41 : 0.9967823853734684  | time taken : 54.69122910499573
 Thread 6 estimated dimension 5 of 41 : 0.7077907806893305  | time taken : 324.12897872924805
 Thread 3 estimated dimension 8 of 41 : 0.34405340246919036  | time taken : 450.12426948547363
 Thread 5 estimated dimension 7 of 41 : 0.5203445301101591  | time taken : 439.62266850471497
 Thread 7 estimated dimension 6 of 41 : 0.6700495386331149  | time taken : 379.3795177936554
 Thread 3 estimated dimension 9 of 41 : 1  | time taken : 106.06997871398926
 Thread 1 estimated dimension 10 of 41 : 0.690458261135842  | time taken : 229.3285756111145
 Thread 2 estimated dimension 9 of 41 : 0.6839856676392266  | time taken : 344.9504861831665
 Thread 7 estimated dimension 7 of 41 : 0.9377904490912052  | time taken : 145.3261592388153
 Thread 8 estimated dimension 6 of 41 : 0.39471545006222036  | time taken : 619.0851495265961
 Thread 5 estimated dimension 8 of 41 : 0.6936272142605834  | time taken : 351.47289514541626
 Thread 6 estimated dimension 6 of 41 : 0.6151364827530901  | time taken : 459.3826024532318
 Thread 3 estimated dimension 10 of 41 : 0.36300446171175665  | time taken : 349.7391574382782
 Thread 2 estimated dimension 10 of 41 : 0.8608485959498163  | time taken : 235.39481854438782
 Thread 7 estimated dimension 8 of 41 : 0.6524963392349369  | time taken : 246.1987497806549
 Thread 4 estimated dimension 8 of 41 : 0.2711620385598806  | time taken : 1048.895208120346
 Thread 1 estimated dimension 11 of 41 : 0.2702217059435391  | time taken : 466.73365664482117
 Thread 7 estimated dimension 9 of 41 : 0.9994985912605289  | time taken : 111.17865920066833
 Thread 6 estimated dimension 7 of 41 : 0.9297532710524973  | time taken : 186.7268567085266
 Thread 8 estimated dimension 7 of 41 : 0.6561238424373782  | time taken : 357.916464805603
 Thread 3 estimated dimension 11 of 41 : 0.4585680572610252  | time taken : 337.73515009880066
 Thread 4 estimated dimension 9 of 41 : 0.7001590197776578  | time taken : 312.93109130859375
 Thread 7 estimated dimension 10 of 41 : 0.6529822750514752  | time taken : 281.3210937976837
 Thread 5 estimated dimension 9 of 41 : 0.4551891987637466  | time taken : 497.8206067085266
 Thread 1 estimated dimension 12 of 41 : 0.40574978343501095  | time taken : 381.7647693157196
 Thread 3 estimated dimension 12 of 41 : 0.47180901339007614  | time taken : 314.16631865501404
 Thread 8 estimated dimension 8 of 41 : 0.525089167004006  | time taken : 395.5035183429718
 Thread 7 estimated dimension 11 of 41 : 0.8730397463245104  | time taken : 265.6958055496216
 Thread 1 estimated dimension 13 of 41 : 0.579478491174819  | time taken : 213.93464279174805
 Thread 8 estimated dimension 9 of 41 : 1  | time taken : 59.76840138435364
 Thread 4 estimated dimension 10 of 41 : 0.7397961517629239  | time taken : 341.01640248298645
 Thread 7 estimated dimension 12 of 41 : 0.9211592481477721  | time taken : 205.90315413475037
 Thread 5 estimated dimension 10 of 41 : 0.45203027030906534  | time taken : 447.3596591949463
 Thread 1 estimated dimension 14 of 41 : 0.47536503279388476  | time taken : 227.3174855709076
 Thread 3 estimated dimension 13 of 41 : 0.4090334935528706  | time taken : 355.94555711746216
 Thread 4 estimated dimension 11 of 41 : 0.7964465401648521  | time taken : 272.1895606517792
 Thread 7 estimated dimension 13 of 41 : 0.841638140924664  | time taken : 178.73499417304993
 Thread 8 estimated dimension 10 of 41 : 0.4906596421429303  | time taken : 355.387314081192
 Thread 6 estimated dimension 8 of 41 : 0.19386876268406036  | time taken : 946.5559160709381
 Thread 1 estimated dimension 15 of 41 : 0.5651105279628766  | time taken : 165.90465211868286
 Thread 5 estimated dimension 11 of 41 : 0.5504195363748212  | time taken : 269.54581212997437
 Thread 3 estimated dimension 14 of 41 : 0.5757900743140366  | time taken : 197.1265993118286
 Thread 6 estimated dimension 9 of 41 : 1  | time taken : 111.82768368721008
 Thread 4 estimated dimension 12 of 41 : 0.7707380294688229  | time taken : 188.43745851516724
 Thread 7 estimated dimension 14 of 41 : 0.6737475819374354  | time taken : 207.0327742099762
 Thread 3 estimated dimension 15 of 41 : 0.9972959779010551  | time taken : 87.83150243759155
 Thread 1 estimated dimension 16 of 41 : 0.7606442420337591  | time taken : 189.22138786315918
 Thread 8 estimated dimension 11 of 41 : 0.7037796189231671  | time taken : 260.75681614875793
 Thread 5 estimated dimension 12 of 41 : 0.6518780903381682  | time taken : 228.55028533935547
 Thread 1 estimated dimension 17 of 41 : 0.997237402694525  | time taken : 92.38712787628174
 Thread 4 estimated dimension 13 of 41 : 0.47025764357187455  | time taken : 258.9130759239197
 Thread 6 estimated dimension 10 of 41 : 0.4209960064833103  | time taken : 281.0668909549713
 Thread 1 estimated dimension 18 of 41 : 1  | time taken : 85.75322198867798
 Thread 3 estimated dimension 16 of 41 : 0.6193163627898943  | time taken : 221.33495020866394
 Thread 2 estimated dimension 11 of 41 : 0.15096312650691252  | time taken : 1544.3334093093872
 Thread 1 estimated dimension 19 of 41 : 0.9981350833370807  | time taken : 116.28471732139587
 Thread 3 estimated dimension 17 of 41 : 1  | time taken : 114.66449213027954
 Thread 8 estimated dimension 12 of 41 : 0.5143760556780009  | time taken : 280.14795684814453
 Thread 3 estimated dimension 18 of 41 : 1  | time taken : 105.39246892929077
 Thread 1 estimated dimension 20 of 41 : 0.9977217372595523  | time taken : 147.58346104621887
 Thread 2 estimated dimension 12 of 41 : 0.7478405105981261  | time taken : 248.53914070129395
 Thread 5 estimated dimension 13 of 41 : 0.3809236850862156  | time taken : 397.9470603466034
 Thread 3 estimated dimension 19 of 41 : 1  | time taken : 147.51060461997986
 Thread 5 estimated dimension 14 of 41 : 0.9955962479160386  | time taken : 117.17124104499817
 Thread 3 estimated dimension 20 of 41 : 0.9993646653430703  | time taken : 111.27323126792908
 Thread 7 estimated dimension 15 of 41 : 0.2981786005400529  | time taken : 749.6757869720459
 Thread 3 estimated dimension 21 of 41 : 1  | time taken : 75.96248054504395
 Thread 2 estimated dimension 13 of 41 : 0.6923677953746313  | time taken : 300.76892137527466
 Thread 7 estimated dimension 16 of 41 : 1  | time taken : 77.77025890350342
 Thread 6 estimated dimension 11 of 41 : 0.2656011720275781  | time taken : 653.3081774711609
 Thread 5 estimated dimension 15 of 41 : 0.4887230135868167  | time taken : 256.7915749549866
 Thread 1 estimated dimension 21 of 41 : 0.3253126613689396  | time taken : 441.1168022155762
 Thread 5 estimated dimension 16 of 41 : 1  | time taken : 76.96398186683655
 Thread 2 estimated dimension 14 of 41 : 0.7897395962353436  | time taken : 164.07745742797852
 Thread 5 estimated dimension 17 of 41 : 1  | time taken : 35.573347330093384
 Thread 4 estimated dimension 14 of 41 : 0.21808731287308858  | time taken : 841.6790914535522
 Thread 7 estimated dimension 17 of 41 : 0.6741780492830574  | time taken : 225.52105712890625
 Thread 3 estimated dimension 22 of 41 : 0.49988080411432734  | time taken : 262.364883184433
 Thread 8 estimated dimension 13 of 41 : 0.24075581502014412  | time taken : 711.549042224884
 Thread 6 estimated dimension 12 of 41 : 0.49429645789878907  | time taken : 231.66855573654175
 Thread 8 estimated dimension 14 of 41 : 1  | time taken : 74.14786648750305
 Thread 4 estimated dimension 15 of 41 : 1  | time taken : 135.74672937393188
 Thread 3 estimated dimension 23 of 41 : 1  | time taken : 135.08727073669434
 Thread 3 estimated dimension 24 of 41 : 1  | time taken : 102.52332520484924
 Thread 5 estimated dimension 18 of 41 : 0.5598646649650805  | time taken : 314.93409538269043
 Thread 6 estimated dimension 13 of 41 : 0.4442498438956939  | time taken : 278.37821888923645
 Thread 3 estimated dimension 25 of 41 : 0.9889279654278379  | time taken : 109.92315912246704
 Thread 1 estimated dimension 22 of 41 : 0.36819645586060923  | time taken : 502.0338065624237
 Thread 7 estimated dimension 18 of 41 : 0.45082917927611427  | time taken : 386.9834578037262
 Thread 2 estimated dimension 15 of 41 : 0.2632840726859667  | time taken : 453.27312183380127
 Thread 3 estimated dimension 26 of 41 : 1  | time taken : 91.47493314743042
 Thread 8 estimated dimension 15 of 41 : 0.3748216006021728  | time taken : 360.92543482780457
 Thread 3 estimated dimension 27 of 41 : 1  | time taken : 110.84240698814392
 Thread 8 estimated dimension 16 of 41 : 1  | time taken : 109.48900842666626
 Thread 4 estimated dimension 16 of 41 : 0.36005669382046873  | time taken : 444.2379217147827
 Thread 1 estimated dimension 23 of 41 : 1  | time taken : 196.0567479133606
 Thread 5 estimated dimension 19 of 41 : 0.2947797856244119  | time taken : 380.45192551612854
 Thread 7 estimated dimension 19 of 41 : 0.5431560305878941  | time taken : 326.3101041316986
 Thread 1 estimated dimension 24 of 41 : 0.9983736261141641  | time taken : 146.06421089172363
 Thread 2 estimated dimension 16 of 41 : 0.5345257989673247  | time taken : 368.16438817977905
 Thread 5 estimated dimension 20 of 41 : 1  | time taken : 100.37529993057251
 Thread 5 estimated dimension 21 of 41 : 1  | time taken : 104.98065829277039
 Thread 1 estimated dimension 25 of 41 : 1  | time taken : 149.76275444030762
 Thread 6 estimated dimension 14 of 41 : 0.36697849330326177  | time taken : 594.775025844574
 Thread 3 estimated dimension 28 of 41 : 0.4345753073473784  | time taken : 377.3716335296631
 Thread 4 estimated dimension 17 of 41 : 0.5822591935164774  | time taken : 401.51428747177124
 Thread 1 estimated dimension 26 of 41 : 0.994828071242531  | time taken : 123.82832741737366
 Thread 2 estimated dimension 17 of 41 : 0.7020873848192407  | time taken : 253.85430026054382
 Thread 6 estimated dimension 15 of 41 : 1  | time taken : 93.24583768844604
 Thread 7 estimated dimension 20 of 41 : 0.3983617124362386  | time taken : 391.6735370159149
 Thread 8 estimated dimension 17 of 41 : 0.3144120792113514  | time taken : 562.9928231239319
 Thread 2 estimated dimension 18 of 41 : 0.9994883388825841  | time taken : 111.09317016601562
 Thread 6 estimated dimension 16 of 41 : 0.9971695995278389  | time taken : 111.63170790672302
 Thread 1 estimated dimension 27 of 41 : 0.996808654219951  | time taken : 186.31117749214172
 Thread 4 estimated dimension 18 of 41 : 0.5112618475050047  | time taken : 277.7048935890198
 Thread 7 estimated dimension 21 of 41 : 0.9983138056330604  | time taken : 151.28616571426392
 Thread 1 estimated dimension 28 of 41 : 1  | time taken : 111.26382064819336
 Thread 5 estimated dimension 22 of 41 : 0.3323535524927592  | time taken : 454.91914796829224
 Thread 6 estimated dimension 17 of 41 : 0.7351886162491953  | time taken : 231.26015830039978
 Thread 7 estimated dimension 22 of 41 : 0.9900840613244224  | time taken : 144.60963129997253
 Thread 2 estimated dimension 19 of 41 : 0.6074320649704247  | time taken : 284.67840814590454
 Thread 4 estimated dimension 19 of 41 : 0.6818961953639379  | time taken : 172.84664034843445
 Thread 6 estimated dimension 18 of 41 : 1  | time taken : 102.50895595550537
 Thread 1 estimated dimension 29 of 41 : 1  | time taken : 182.19887709617615
 Thread 4 estimated dimension 20 of 41 : 1  | time taken : 112.29872155189514
 Thread 4 estimated dimension 21 of 41 : 0.9916976042883743  | time taken : 54.67916750907898
 Thread 8 estimated dimension 18 of 41 : 0.4159356605861396  | time taken : 469.96166467666626
 Thread 1 estimated dimension 30 of 41 : 1  | time taken : 128.8223774433136
 Thread 3 estimated dimension 29 of 41 : 0.32034692247038365  | time taken : 689.100102186203
 Thread 6 estimated dimension 19 of 41 : 0.7829215686380904  | time taken : 193.00315594673157
 Thread 5 estimated dimension 23 of 41 : 0.47316745216338596  | time taken : 350.9573583602905
 Thread 7 estimated dimension 23 of 41 : 0.584847773011016  | time taken : 278.13380241394043
 Thread 2 estimated dimension 20 of 41 : 0.6272599323770452  | time taken : 299.83122754096985
 Thread 4 estimated dimension 22 of 41 : 0.9986697850400994  | time taken : 148.16972017288208
 Thread 6 estimated dimension 20 of 41 : 1  | time taken : 118.69089221954346
 Thread 7 estimated dimension 24 of 41 : 1  | time taken : 130.1672523021698
 Thread 1 estimated dimension 31 of 41 : 1  | time taken : 206.21632838249207
 Thread 3 estimated dimension 30 of 41 : 0.9994461278936897  | time taken : 210.55566668510437
 Thread 2 estimated dimension 21 of 41 : 0.9977325812716455  | time taken : 144.11631202697754
 Thread 6 estimated dimension 21 of 41 : 0.9988473115726139  | time taken : 135.4106376171112
 Thread 5 estimated dimension 24 of 41 : 1  | time taken : 244.38291382789612
 Thread 1 estimated dimension 32 of 41 : 0.9980912241722666  | time taken : 180.2513942718506
 Thread 4 estimated dimension 23 of 41 : 0.6464159258303075  | time taken : 291.30742263793945
 Thread 3 estimated dimension 31 of 41 : 0.9977632088922473  | time taken : 226.20094347000122
 Thread 6 estimated dimension 22 of 41 : 0.997145005875423  | time taken : 170.2850742340088
 Thread 7 estimated dimension 25 of 41 : 0.7081346391266116  | time taken : 307.17517948150635
 Thread 5 estimated dimension 25 of 41 : 0.9987527116609501  | time taken : 234.46381378173828
 Thread 1 estimated dimension 33 of 41 : 1  | time taken : 153.54598784446716
 Thread 3 estimated dimension 32 of 41 : 0.9919996080401956  | time taken : 157.36898183822632
 Thread 8 estimated dimension 19 of 41 : 0.4283256514737315  | time taken : 629.4829008579254
 Thread 7 estimated dimension 26 of 41 : 0.9963904697728172  | time taken : 167.4588553905487
 Thread 4 estimated dimension 24 of 41 : 0.780508903425459  | time taken : 269.2231795787811
 Thread 5 estimated dimension 26 of 41 : 1  | time taken : 158.47345900535583
 Thread 1 estimated dimension 34 of 41 : 0.999586344994277  | time taken : 169.54427099227905
 Thread 8 estimated dimension 20 of 41 : 0.997412832298242  | time taken : 115.035085439682
 Thread 7 estimated dimension 27 of 41 : 1  | time taken : 110.39293766021729
 Thread 6 estimated dimension 23 of 41 : 0.6050416557532079  | time taken : 325.71716237068176
 Thread 8 estimated dimension 21 of 41 : 0.9956156573974575  | time taken : 100.28697681427002
 Thread 2 estimated dimension 22 of 41 : 0.3107403537606477  | time taken : 597.7113857269287
 Thread 1 estimated dimension 35 of 41 : 1  | time taken : 158.96558904647827
 Thread 4 estimated dimension 25 of 41 : 0.7873262483276688  | time taken : 186.0356502532959
 Thread 6 estimated dimension 24 of 41 : 1  | time taken : 116.20264911651611
 Thread 5 estimated dimension 27 of 41 : 1  | time taken : 218.30349707603455
 Thread 3 estimated dimension 33 of 41 : 0.987791690858872  | time taken : 314.65700793266296
 Thread 4 estimated dimension 26 of 41 : 0.999147494266783  | time taken : 127.24972605705261
 Thread 8 estimated dimension 22 of 41 : 0.9962600736206035  | time taken : 199.06102418899536
 Thread 1 estimated dimension 36 of 41 : 0.997528862867272  | time taken : 188.2197082042694
 Thread 3 estimated dimension 34 of 41 : 0.997545063444841  | time taken : 186.58592128753662
 Thread 4 estimated dimension 27 of 41 : 0.9971003030574175  | time taken : 170.91863203048706
 Thread 6 estimated dimension 25 of 41 : 0.6970587053899542  | time taken : 303.8855562210083
 Thread 8 estimated dimension 23 of 41 : 1  | time taken : 201.82535648345947
 Thread 7 estimated dimension 28 of 41 : 0.4863945511467369  | time taken : 443.53008580207825
 Thread 2 estimated dimension 23 of 41 : 0.50295312351555  | time taken : 419.7524161338806
 Thread 4 estimated dimension 28 of 41 : 0.9911768028816043  | time taken : 96.80626225471497
 Thread 3 estimated dimension 35 of 41 : 0.9965965467998076  | time taken : 195.786869764328
 Thread 6 estimated dimension 26 of 41 : 1  | time taken : 159.36728882789612
 Thread 5 estimated dimension 28 of 41 : 0.5062528287683897  | time taken : 476.67461347579956
 Thread 8 estimated dimension 24 of 41 : 1  | time taken : 166.10806369781494
 Thread 7 estimated dimension 29 of 41 : 1  | time taken : 167.76680898666382
 Thread 2 estimated dimension 24 of 41 : 0.9962938986377123  | time taken : 174.8818953037262
 Thread 4 estimated dimension 29 of 41 : 0.9977217394201774  | time taken : 163.62860083580017
 Thread 1 estimated dimension 37 of 41 : 0.5793457673967276  | time taken : 438.7710862159729
 Thread 6 estimated dimension 27 of 41 : 0.994428030895956  | time taken : 122.91555786132812
 Thread 8 estimated dimension 25 of 41 : 0.9974395900815334  | time taken : 123.00902557373047
 Thread 4 estimated dimension 30 of 41 : 1  | time taken : 126.66746139526367
 Thread 3 estimated dimension 36 of 41 : 0.994402383733311  | time taken : 281.0460295677185
 Thread 7 estimated dimension 30 of 41 : 0.983818909387055  | time taken : 185.08376550674438
 Thread 5 estimated dimension 29 of 41 : 0.9927602975002979  | time taken : 234.17632174491882
 Thread 4 estimated dimension 31 of 41 : 1  | time taken : 126.86628341674805
 Thread 8 estimated dimension 26 of 41 : 1  | time taken : 245.26588678359985
 Thread 7 estimated dimension 31 of 41 : 0.9969742191366456  | time taken : 178.94068360328674
 Thread 2 estimated dimension 25 of 41 : 0.5253203436916759  | time taken : 346.3300485610962
 Thread 5 estimated dimension 30 of 41 : 0.9886320470199942  | time taken : 176.19886922836304
 Thread 4 estimated dimension 32 of 41 : 1  | time taken : 178.25545835494995
 Thread 6 estimated dimension 28 of 41 : 0.49843924076155754  | time taken : 369.06205916404724
 Thread 2 estimated dimension 26 of 41 : 0.9954130625859913  | time taken : 120.64200711250305
 Thread 4 estimated dimension 33 of 41 : 1  | time taken : 59.30189919471741
 Thread 7 estimated dimension 32 of 41 : 0.9986763553075471  | time taken : 173.1025311946869
 Thread 8 estimated dimension 27 of 41 : 0.9940369398512873  | time taken : 177.3541808128357
 Thread 1 estimated dimension 38 of 41 : 0.5366661760426837  | time taken : 472.2570786476135
 Thread 5 estimated dimension 31 of 41 : 0.9990518139461669  | time taken : 167.7197139263153
 Thread 6 estimated dimension 29 of 41 : 0.9948870906318301  | time taken : 179.55752038955688
 Thread 4 estimated dimension 34 of 41 : 1  | time taken : 124.14137077331543
 Thread 3 estimated dimension 37 of 41 : 0.5369076470625294  | time taken : 519.1893563270569
 Thread 7 estimated dimension 33 of 41 : 1  | time taken : 174.24678659439087
 Thread 2 estimated dimension 27 of 41 : 1  | time taken : 225.04739356040955
 Thread 5 estimated dimension 32 of 41 : 0.9948244014352254  | time taken : 246.51282858848572
 Thread 6 estimated dimension 30 of 41 : 0.9944126343158226  | time taken : 190.59491395950317
 Thread 2 estimated dimension 28 of 41 : 0.999623111767529  | time taken : 185.46597623825073
 Thread 1 estimated dimension 39 of 41 : 1  | time taken : 355.8638253211975
 Thread 7 estimated dimension 34 of 41 : 1  | time taken : 250.6254222393036
 Thread 6 estimated dimension 31 of 41 : 1  | time taken : 184.64948105812073
 Thread 4 estimated dimension 35 of 41 : 0.5089973705601959  | time taken : 387.5883684158325
 Thread 5 estimated dimension 33 of 41 : 1  | time taken : 294.4074673652649
 Thread 8 estimated dimension 28 of 41 : 0.44415520234258865  | time taken : 604.9783442020416
 Thread 7 estimated dimension 35 of 41 : 0.9991953907929683  | time taken : 186.18589234352112
 Thread 2 estimated dimension 29 of 41 : 0.9991468045296866  | time taken : 242.70501327514648
 Thread 3 estimated dimension 38 of 41 : 0.9979393247663564  | time taken : 462.2470166683197
 Thread 1 estimated dimension 40 of 41 : 1  | time taken : 292.9716246128082
 Thread 6 estimated dimension 32 of 41 : 1  | time taken : 189.0404715538025
 Thread 1 nsolns: 2698332
 Thread 4 estimated dimension 36 of 41 : 0.4774787469412342  | time taken : 230.25606608390808
 Thread 8 estimated dimension 29 of 41 : 1  | time taken : 135.55171608924866
 Thread 5 estimated dimension 34 of 41 : 1  | time taken : 183.4877393245697
 Thread 2 estimated dimension 30 of 41 : 1  | time taken : 188.558043718338
 Thread 6 estimated dimension 33 of 41 : 1  | time taken : 178.56564855575562
 Thread 2 estimated dimension 31 of 41 : 1  | time taken : 140.3288233280182
 Thread 8 estimated dimension 30 of 41 : 1  | time taken : 249.74948525428772
 Thread 3 estimated dimension 39 of 41 : 0.9942659326659676  | time taken : 411.83225655555725
 Thread 6 estimated dimension 34 of 41 : 1  | time taken : 192.36645317077637
 Thread 5 estimated dimension 35 of 41 : 0.9947292887143407  | time taken : 303.076287984848
 Thread 2 estimated dimension 32 of 41 : 1  | time taken : 183.52812027931213
 Thread 7 estimated dimension 36 of 41 : 0.4221142453431641  | time taken : 529.4141199588776
 Thread 6 estimated dimension 35 of 41 : 1  | time taken : 121.73550391197205
 Thread 8 estimated dimension 31 of 41 : 0.9933857435774269  | time taken : 238.6458752155304
 Thread 5 estimated dimension 36 of 41 : 1  | time taken : 175.84940457344055
 Thread 3 estimated dimension 40 of 41 : 1  | time taken : 233.6594774723053
 Thread 3 nsolns: 2749105
 Thread 2 estimated dimension 33 of 41 : 1  | time taken : 240.0626494884491
 Thread 1 estimated dimension 0 of 41 : 0.6569625300857449  | time taken : 808.6085934638977
 Thread 4 estimated dimension 37 of 41 : 0.27862198788128173  | time taken : 793.4589624404907
 Thread 8 estimated dimension 32 of 41 : 1  | time taken : 317.07686591148376
 Thread 2 estimated dimension 34 of 41 : 0.9950766132357506  | time taken : 195.33737444877625
 Thread 6 estimated dimension 36 of 41 : 0.4583366436928799  | time taken : 442.44211506843567
 Thread 2 estimated dimension 35 of 41 : 0.9949509451451786  | time taken : 163.00272965431213
 Thread 8 estimated dimension 33 of 41 : 1  | time taken : 220.65407133102417
 Thread 5 estimated dimension 37 of 41 : 0.45368930644796857  | time taken : 536.707270860672
 Thread 7 estimated dimension 37 of 41 : 0.34485844047459335  | time taken : 780.4781315326691
 Thread 3 estimated dimension 0 of 41 : 0.5925779003339477  | time taken : 745.7606935501099
 Thread 8 estimated dimension 34 of 41 : 0.9953505537925573  | time taken : 262.91207551956177
 Thread 5 estimated dimension 38 of 41 : 1  | time taken : 269.4634110927582
 Thread 4 estimated dimension 38 of 41 : 0.44375314092242235  | time taken : 553.4905164241791
 Thread 1 estimated dimension 1 of 41 : 0.7370248595586611  | time taken : 606.5761451721191
 Thread 2 estimated dimension 36 of 41 : 0.423771569407503  | time taken : 413.0917377471924
 Thread 6 estimated dimension 37 of 41 : 0.30043649389375754  | time taken : 647.9422314167023
 Thread 7 estimated dimension 38 of 41 : 1  | time taken : 344.5335969924927
 Thread 4 estimated dimension 39 of 41 : 1  | time taken : 229.99734783172607
 Thread 8 estimated dimension 35 of 41 : 1  | time taken : 285.73874282836914
 Thread 5 estimated dimension 39 of 41 : 1  | time taken : 382.1317734718323
 Thread 6 estimated dimension 38 of 41 : 1  | time taken : 247.64195251464844
 Thread 4 estimated dimension 40 of 41 : 0.9982880126955738  | time taken : 310.54687762260437
 Thread 4 nsolns: 2804937
 Thread 7 estimated dimension 39 of 41 : 0.9950713880132718  | time taken : 370.1470787525177
 Thread 3 estimated dimension 1 of 41 : 0.6834774849467306  | time taken : 698.1259343624115
 Thread 5 estimated dimension 40 of 41 : 1  | time taken : 340.82101559638977
 Thread 5 nsolns: 2691430
 Thread 8 estimated dimension 36 of 41 : 0.530530704665674  | time taken : 473.8683295249939
 Thread 6 estimated dimension 39 of 41 : 1  | time taken : 338.4898455142975
 Thread 2 estimated dimension 37 of 41 : 0.3406188193294174  | time taken : 723.2121217250824
 Thread 7 estimated dimension 40 of 41 : 0.99440967669261  | time taken : 274.69250774383545
 Thread 7 nsolns: 2662133
 Thread 8 estimated dimension 37 of 41 : 0.998981454372176  | time taken : 251.08749771118164
 Thread 2 estimated dimension 38 of 41 : 1  | time taken : 197.5269730091095
 Thread 6 estimated dimension 40 of 41 : 0.9977049242791098  | time taken : 291.5016031265259
 Thread 6 nsolns: 2907323
 Thread 1 estimated dimension 2 of 41 : 0.42019697398881745  | time taken : 1093.3291864395142
 Thread 8 estimated dimension 38 of 41 : 1  | time taken : 230.6715817451477
 Thread 4 estimated dimension 0 of 41 : 0.7365778531268742  | time taken : 706.0084385871887
 Thread 3 estimated dimension 2 of 41 : 0.6493834339085623  | time taken : 676.8237216472626
 Thread 2 estimated dimension 39 of 41 : 0.9948180130375519  | time taken : 340.93924498558044
 Thread 5 estimated dimension 0 of 41 : 0.6665516262832277  | time taken : 812.6756794452667
 Thread 7 estimated dimension 0 of 41 : 0.8115195079950587  | time taken : 692.4349284172058
 Thread 8 estimated dimension 39 of 41 : 0.9974878096801466  | time taken : 410.5953805446625
 Thread 2 estimated dimension 40 of 41 : 0.9979841368852134  | time taken : 296.86407017707825
 Thread 2 nsolns: 2795420
 Thread 3 estimated dimension 3 of 41 : 0.7579421712318836  | time taken : 497.2981548309326
 Thread 6 estimated dimension 0 of 41 : 0.716357813306288  | time taken : 763.464343547821
 Thread 1 estimated dimension 3 of 41 : 0.36851415180305636  | time taken : 835.60116314888
 Thread 8 estimated dimension 40 of 41 : 0.9924731891383101  | time taken : 424.64784693717957
 Thread 8 nsolns: 2798922
 Thread 5 estimated dimension 1 of 41 : 0.7609694954096817  | time taken : 644.7011663913727
 Thread 3 estimated dimension 4 of 41 : 0.8141604062603368  | time taken : 485.1182277202606
 Thread 2 estimated dimension 0 of 41 : 0.5839203493690984  | time taken : 844.6741228103638
 Thread 1 estimated dimension 4 of 41 : 0.43394997375291566  | time taken : 545.9992642402649
 Thread 6 estimated dimension 1 of 41 : 0.5877042633976887  | time taken : 718.659303188324
 Thread 4 estimated dimension 1 of 41 : 0.3511844867998265  | time taken : 1368.1209571361542
 Thread 3 estimated dimension 5 of 41 : 0.8476564072447458  | time taken : 390.98013257980347
 Thread 8 estimated dimension 0 of 41 : 0.6860539605901881  | time taken : 654.4624397754669
 Thread 1 estimated dimension 5 of 41 : 0.4742044462688461  | time taken : 280.53753781318665
 Thread 7 estimated dimension 1 of 41 : 0.3591600036794734  | time taken : 1319.1759994029999
 Thread 6 estimated dimension 2 of 41 : 0.7306967432869631  | time taken : 481.15970373153687
 Thread 2 estimated dimension 1 of 41 : 0.6218160482549119  | time taken : 691.015971660614
 Thread 1 estimated dimension 6 of 41 : 0.4050481540027405  | time taken : 427.0121741294861
 Thread 5 estimated dimension 2 of 41 : 0.35963004647932423  | time taken : 1098.6685254573822
 Thread 1 estimated dimension 7 of 41 : 0.9979799339992778  | time taken : 61.304606199264526
 Thread 3 estimated dimension 6 of 41 : 0.5519928612997614  | time taken : 593.2917120456696
 Thread 7 estimated dimension 2 of 41 : 0.5805800164742829  | time taken : 442.8503062725067
 Thread 8 estimated dimension 1 of 41 : 0.7393878794489651  | time taken : 638.2398386001587
 Thread 1 estimated dimension 8 of 41 : 0.999253361697533  | time taken : 147.7762291431427
 Thread 6 estimated dimension 3 of 41 : 0.6904839203106719  | time taken : 422.32817101478577
 Thread 1 estimated dimension 9 of 41 : 0.999072751225275  | time taken : 131.72439098358154
 Thread 4 estimated dimension 2 of 41 : 0.3570281045299919  | time taken : 932.4177553653717
 Thread 5 estimated dimension 3 of 41 : 0.7087493692486987  | time taken : 348.35741448402405
 Thread 3 estimated dimension 7 of 41 : 0.9425662389082939  | time taken : 316.76618123054504
 Thread 7 estimated dimension 3 of 41 : 0.7117066630936125  | time taken : 325.18508315086365
 Thread 1 estimated dimension 10 of 41 : 0.6508879403852601  | time taken : 166.13617420196533
 Thread 2 estimated dimension 2 of 41 : 0.7202826769861227  | time taken : 571.1389129161835
 Thread 4 estimated dimension 3 of 41 : 0.7098702937004663  | time taken : 322.7233934402466
 Thread 6 estimated dimension 4 of 41 : 0.7202082376952531  | time taken : 495.14209246635437
 Thread 1 estimated dimension 11 of 41 : 0.5915915396239604  | time taken : 252.69004774093628
 Thread 7 estimated dimension 4 of 41 : 0.372720240600902  | time taken : 442.8310694694519
 Thread 1 estimated dimension 12 of 41 : 0.5894997307529588  | time taken : 256.5890734195709
 Thread 5 estimated dimension 4 of 41 : 0.38415346031803393  | time taken : 676.9124598503113
 Thread 6 estimated dimension 5 of 41 : 0.8471618311433324  | time taken : 349.75405836105347
 Thread 7 estimated dimension 5 of 41 : 0.4953208135181977  | time taken : 306.8569345474243
 Thread 2 estimated dimension 3 of 41 : 0.7953977742535059  | time taken : 651.3950040340424
 Thread 1 estimated dimension 13 of 41 : 0.8085307023767629  | time taken : 202.77092957496643
 Thread 7 estimated dimension 6 of 41 : 1  | time taken : 112.32709264755249
 Thread 4 estimated dimension 4 of 41 : 0.33550735863387565  | time taken : 609.338671207428
 Thread 1 estimated dimension 14 of 41 : 1  | time taken : 109.58911466598511
 Thread 5 estimated dimension 5 of 41 : 0.6525486004437321  | time taken : 284.27794337272644
 Thread 7 estimated dimension 7 of 41 : 1  | time taken : 76.60377359390259
 Thread 1 estimated dimension 15 of 41 : 0.9928323687915874  | time taken : 103.07472491264343
 Thread 8 estimated dimension 2 of 41 : 0.323356760270393  | time taken : 1309.1578211784363
 Thread 3 estimated dimension 8 of 41 : 0.2950677088961115  | time taken : 1156.8914332389832
 Thread 1 estimated dimension 16 of 41 : 1  | time taken : 125.07631230354309
 Thread 4 estimated dimension 5 of 41 : 0.5161360574365285  | time taken : 280.52798414230347
 Thread 6 estimated dimension 6 of 41 : 0.5812388721090428  | time taken : 532.5828382968903
 Thread 4 estimated dimension 6 of 41 : 1  | time taken : 79.60785794258118
 Thread 5 estimated dimension 6 of 41 : 0.5299370389753806  | time taken : 307.4809732437134
 Thread 1 estimated dimension 17 of 41 : 0.7605878186460148  | time taken : 119.98821783065796
 Thread 4 estimated dimension 7 of 41 : 0.9955474085600979  | time taken : 73.5075535774231
 Thread 5 estimated dimension 7 of 41 : 1  | time taken : 143.47655391693115
 Thread 3 estimated dimension 9 of 41 : 0.81074160135651  | time taken : 259.73864912986755
 Thread 7 estimated dimension 8 of 41 : 0.26576171244035746  | time taken : 458.70346188545227
 Thread 7 estimated dimension 9 of 41 : 0.9924232429228687  | time taken : 82.33511233329773
 Thread 7 estimated dimension 10 of 41 : 0.8809779372536606  | time taken : 126.03510046005249
 Thread 4 estimated dimension 8 of 41 : 0.43186618483249883  | time taken : 316.51873302459717
 Thread 6 estimated dimension 7 of 41 : 0.8078070806276453  | time taken : 441.5181224346161
 Thread 1 estimated dimension 18 of 41 : 0.3323074269847213  | time taken : 429.4791986942291
 Thread 8 estimated dimension 3 of 41 : 0.3422865984861265  | time taken : 704.9533081054688
 Thread 4 estimated dimension 9 of 41 : 0.9961437235341172  | time taken : 139.7869758605957
 Thread 5 estimated dimension 8 of 41 : 0.2991601525812175  | time taken : 377.9160192012787
 Thread 7 estimated dimension 11 of 41 : 0.5361365103682928  | time taken : 244.438068151474
 Thread 4 estimated dimension 10 of 41 : 1  | time taken : 147.90780639648438
 Thread 5 estimated dimension 9 of 41 : 1  | time taken : 146.17696070671082
 Thread 1 estimated dimension 19 of 41 : 0.42719686549464697  | time taken : 232.92003345489502
 Thread 6 estimated dimension 8 of 41 : 0.7780871028634239  | time taken : 335.99813508987427
 Thread 3 estimated dimension 10 of 41 : 0.26906105471968694  | time taken : 703.578001499176
 Thread 4 estimated dimension 11 of 41 : 0.7870504951645564  | time taken : 192.97626185417175
 Thread 7 estimated dimension 12 of 41 : 0.4575057003594812  | time taken : 249.1231026649475
 Thread 8 estimated dimension 4 of 41 : 0.38294854022643465  | time taken : 444.71600818634033
 Thread 1 estimated dimension 20 of 41 : 0.5494106669667078  | time taken : 264.12771487236023
 Thread 2 estimated dimension 4 of 41 : 0.24585481568888373  | time taken : 1442.1411678791046
 Thread 6 estimated dimension 9 of 41 : 0.8019249933448274  | time taken : 255.21909880638123
 Thread 5 estimated dimension 10 of 41 : 0.5182879969538545  | time taken : 332.4820339679718
 Thread 8 estimated dimension 5 of 41 : 0.628664645973  | time taken : 182.03632235527039
 Thread 4 estimated dimension 12 of 41 : 0.42503456392662853  | time taken : 323.50728392601013
 Thread 3 estimated dimension 11 of 41 : 0.4842271954566945  | time taken : 371.9325940608978
 Thread 6 estimated dimension 10 of 41 : 0.8840096175449493  | time taken : 234.52151346206665
 Thread 5 estimated dimension 11 of 41 : 0.6099090507477358  | time taken : 240.01105666160583
 Thread 1 estimated dimension 21 of 41 : 0.42500003319321084  | time taken : 342.5627107620239
 Thread 7 estimated dimension 13 of 41 : 0.2315750746280841  | time taken : 486.0735683441162
 Thread 2 estimated dimension 5 of 41 : 0.6179082309126994  | time taken : 398.14118242263794
 Thread 8 estimated dimension 6 of 41 : 0.37036008011870175  | time taken : 327.80208015441895
 Thread 4 estimated dimension 13 of 41 : 0.5108268607433845  | time taken : 286.0109510421753
 Thread 8 estimated dimension 7 of 41 : 0.9925687624120171  | time taken : 72.45638370513916
 Thread 5 estimated dimension 12 of 41 : 0.5496092997657687  | time taken : 306.1161859035492
 Thread 3 estimated dimension 12 of 41 : 0.45860001326142186  | time taken : 338.0556960105896
 Thread 8 estimated dimension 8 of 41 : 1  | time taken : 140.87235379219055
 Thread 7 estimated dimension 14 of 41 : 0.4284741562577807  | time taken : 357.6441168785095
 Thread 4 estimated dimension 14 of 41 : 0.4763803498005831  | time taken : 273.2048704624176
 Thread 8 estimated dimension 9 of 41 : 1  | time taken : 112.20262956619263
 Thread 2 estimated dimension 6 of 41 : 0.5740615925800274  | time taken : 410.03514075279236
 Thread 1 estimated dimension 22 of 41 : 0.32848500956537824  | time taken : 480.1164894104004
 Thread 5 estimated dimension 13 of 41 : 0.6288659416393573  | time taken : 227.3262255191803
 Thread 7 estimated dimension 15 of 41 : 0.9989994963377823  | time taken : 101.4956967830658
 Thread 3 estimated dimension 13 of 41 : 0.3616129899781032  | time taken : 282.7163245677948
 Thread 4 estimated dimension 15 of 41 : 0.9927829169179776  | time taken : 119.5849597454071
 Thread 1 estimated dimension 23 of 41 : 0.9986943141063377  | time taken : 125.89967703819275
 Thread 5 estimated dimension 14 of 41 : 1  | time taken : 150.2128849029541
 Thread 8 estimated dimension 10 of 41 : 0.5779000969901469  | time taken : 245.61153507232666
 Thread 2 estimated dimension 7 of 41 : 0.9483779178518447  | time taken : 279.1450843811035
 Thread 5 estimated dimension 15 of 41 : 1  | time taken : 154.31618571281433
 Thread 1 estimated dimension 24 of 41 : 0.994926215732344  | time taken : 190.59851789474487
 Thread 8 estimated dimension 11 of 41 : 0.5807585421171161  | time taken : 188.6054253578186
 Thread 5 estimated dimension 16 of 41 : 0.9851129136132051  | time taken : 131.7154405117035
 Thread 7 estimated dimension 16 of 41 : 0.30506479609042314  | time taken : 426.9541754722595
 Thread 4 estimated dimension 16 of 41 : 0.3998475111855933  | time taken : 386.4019956588745
 Thread 1 estimated dimension 25 of 41 : 1  | time taken : 179.19987225532532
 Thread 2 estimated dimension 8 of 41 : 0.6009822366079853  | time taken : 240.03754115104675
 Thread 6 estimated dimension 11 of 41 : 0.19768568879332613  | time taken : 1148.616116285324
 Thread 3 estimated dimension 14 of 41 : 0.28834860120794714  | time taken : 542.1917037963867
 Thread 8 estimated dimension 12 of 41 : 0.8072797603018467  | time taken : 190.4757056236267
 Thread 7 estimated dimension 17 of 41 : 1  | time taken : 166.58233189582825
 Thread 2 estimated dimension 9 of 41 : 0.9975482481230784  | time taken : 121.98013997077942
 Thread 1 estimated dimension 26 of 41 : 1  | time taken : 145.3560688495636
 Thread 5 estimated dimension 17 of 41 : 0.651611206669006  | time taken : 204.93439412117004
 Thread 3 estimated dimension 15 of 41 : 1  | time taken : 129.10948967933655
 Thread 7 estimated dimension 18 of 41 : 1  | time taken : 129.12516045570374
 Thread 4 estimated dimension 17 of 41 : 0.5100017370961232  | time taken : 283.7928111553192
 Thread 1 estimated dimension 27 of 41 : 0.9935566245987336  | time taken : 179.00368189811707
 Thread 2 estimated dimension 10 of 41 : 0.8617674461983609  | time taken : 225.13009524345398
 Thread 7 estimated dimension 19 of 41 : 1  | time taken : 133.57824993133545
 Thread 5 estimated dimension 18 of 41 : 0.48075151220477  | time taken : 277.64301085472107
 Thread 8 estimated dimension 13 of 41 : 0.2828697624119433  | time taken : 380.3477201461792
 Thread 6 estimated dimension 12 of 41 : 0.59437083122003  | time taken : 399.69618105888367
 Thread 4 estimated dimension 18 of 41 : 0.9963881826572579  | time taken : 256.64225673675537
 Thread 1 estimated dimension 28 of 41 : 0.9891862459489661  | time taken : 240.0167486667633
 Thread 7 estimated dimension 20 of 41 : 0.9999594479514754  | time taken : 186.3153371810913
 Thread 8 estimated dimension 14 of 41 : 0.9959702445598503  | time taken : 139.96365189552307
 Thread 5 estimated dimension 19 of 41 : 0.5882037083848739  | time taken : 251.54010343551636
 Thread 1 estimated dimension 29 of 41 : 1  | time taken : 129.94188404083252
 Thread 4 estimated dimension 19 of 41 : 0.9955199276079699  | time taken : 201.49488806724548
 Thread 7 estimated dimension 21 of 41 : 1  | time taken : 195.04495859146118
 Thread 8 estimated dimension 15 of 41 : 1  | time taken : 132.38887548446655
 Thread 1 estimated dimension 30 of 41 : 0.9921146765791496  | time taken : 120.77795720100403
 Thread 6 estimated dimension 13 of 41 : 0.5147787060921245  | time taken : 347.2230086326599
 Thread 3 estimated dimension 16 of 41 : 0.23203114537973835  | time taken : 614.8879282474518
 Thread 8 estimated dimension 16 of 41 : 1  | time taken : 124.42436122894287
 Thread 4 estimated dimension 20 of 41 : 0.9978147469025989  | time taken : 183.65715098381042
 Thread 5 estimated dimension 20 of 41 : 0.5593859418841625  | time taken : 270.45593881607056
 Thread 7 estimated dimension 22 of 41 : 0.9950019112076595  | time taken : 179.87664270401
 Thread 4 estimated dimension 21 of 41 : 0.9981632684941455  | time taken : 75.19734120368958
 Thread 1 estimated dimension 31 of 41 : 1  | time taken : 176.22269201278687
 Thread 3 estimated dimension 17 of 41 : 0.9986694801426408  | time taken : 191.06531071662903
 Thread 5 estimated dimension 21 of 41 : 0.9980237062594589  | time taken : 127.0343554019928
 Thread 7 estimated dimension 23 of 41 : 1  | time taken : 129.04381132125854
 Thread 8 estimated dimension 17 of 41 : 0.7013124368777509  | time taken : 196.29316782951355
 Thread 4 estimated dimension 22 of 41 : 1  | time taken : 132.5459771156311
 Thread 3 estimated dimension 18 of 41 : 1  | time taken : 122.55359673500061
 Thread 7 estimated dimension 24 of 41 : 0.9998940328257637  | time taken : 133.0838963985443
 Thread 1 estimated dimension 32 of 41 : 1  | time taken : 251.74348497390747
 Thread 3 estimated dimension 19 of 41 : 0.9986742788975626  | time taken : 189.56595373153687
 Thread 7 estimated dimension 25 of 41 : 1  | time taken : 185.97394394874573
 Thread 5 estimated dimension 22 of 41 : 0.4695771161533574  | time taken : 339.0729262828827
 Thread 1 estimated dimension 33 of 41 : 0.9951892475981288  | time taken : 182.63266587257385
 Thread 2 estimated dimension 11 of 41 : 0.1716153810080329  | time taken : 1073.2090556621552
 Thread 8 estimated dimension 18 of 41 : 0.3496220020326824  | time taken : 351.9001305103302
 Thread 3 estimated dimension 20 of 41 : 0.9953500908451047  | time taken : 171.6830084323883
 Thread 6 estimated dimension 14 of 41 : 0.3096923314957757  | time taken : 685.4447576999664
 Thread 5 estimated dimension 23 of 41 : 0.9984781831365411  | time taken : 129.79804348945618
 Thread 4 estimated dimension 23 of 41 : 0.4718705790245634  | time taken : 443.97997188568115
 Thread 7 estimated dimension 26 of 41 : 0.9990948552453895  | time taken : 242.70165944099426
 Thread 1 estimated dimension 34 of 41 : 1  | time taken : 225.19854855537415
 Thread 2 estimated dimension 12 of 41 : 0.690741357952537  | time taken : 218.22839260101318
 Thread 3 estimated dimension 21 of 41 : 1  | time taken : 131.0005021095276
 Thread 4 estimated dimension 24 of 41 : 0.9993217697120076  | time taken : 131.10470938682556
 Thread 5 estimated dimension 24 of 41 : 0.9951658309573197  | time taken : 195.61836051940918
 Thread 6 estimated dimension 15 of 41 : 0.8225590244693848  | time taken : 207.90738248825073
 Thread 8 estimated dimension 19 of 41 : 0.5678981976803  | time taken : 318.45611238479614
 Thread 1 estimated dimension 35 of 41 : 1  | time taken : 124.9255678653717
 Thread 3 estimated dimension 22 of 41 : 0.9965001402024337  | time taken : 130.95381212234497
 Thread 3 estimated dimension 23 of 41 : 1  | time taken : 124.48890829086304
 Thread 2 estimated dimension 13 of 41 : 0.6097338585006703  | time taken : 281.12513852119446
 Thread 7 estimated dimension 27 of 41 : 0.6599773767383658  | time taken : 294.0630784034729
 Thread 5 estimated dimension 25 of 41 : 1  | time taken : 197.64885210990906
 Thread 4 estimated dimension 25 of 41 : 0.9980955132655658  | time taken : 254.51077318191528
 Thread 8 estimated dimension 20 of 41 : 1  | time taken : 200.1904296875
 Thread 3 estimated dimension 24 of 41 : 0.9977899817002115  | time taken : 186.64654994010925
 Thread 5 estimated dimension 26 of 41 : 0.9970970682482079  | time taken : 185.90488839149475
 Thread 2 estimated dimension 14 of 41 : 0.6653727953343314  | time taken : 222.53065276145935
 Thread 4 estimated dimension 26 of 41 : 0.9986173731925496  | time taken : 247.48182606697083
 Thread 3 estimated dimension 25 of 41 : 1  | time taken : 132.86235308647156
 Thread 1 estimated dimension 36 of 41 : 0.3724493025858042  | time taken : 522.8140189647675
 Thread 5 estimated dimension 27 of 41 : 1  | time taken : 236.38568139076233
 Thread 3 estimated dimension 26 of 41 : 0.9945702174078926  | time taken : 123.28985738754272
 Thread 6 estimated dimension 16 of 41 : 0.29873281348029845  | time taken : 632.3360993862152
 Thread 4 estimated dimension 27 of 41 : 0.9924516543636847  | time taken : 247.60447430610657
 Thread 8 estimated dimension 21 of 41 : 0.3284387223654495  | time taken : 494.35409569740295
 Thread 2 estimated dimension 15 of 41 : 0.44951595181400394  | time taken : 433.339168548584
 Thread 5 estimated dimension 28 of 41 : 0.9942095093572013  | time taken : 236.37279295921326
 Thread 3 estimated dimension 27 of 41 : 0.6500380561985896  | time taken : 253.29583525657654
 Thread 6 estimated dimension 17 of 41 : 0.6667314295834343  | time taken : 294.3979570865631
 Thread 7 estimated dimension 28 of 41 : 0.2847393361432049  | time taken : 757.8112452030182
 Thread 2 estimated dimension 16 of 41 : 0.9947096083299589  | time taken : 123.33452153205872
 Thread 5 estimated dimension 29 of 41 : 1  | time taken : 179.23140335083008
 Thread 6 estimated dimension 18 of 41 : 1  | time taken : 143.48427653312683
 Thread 1 estimated dimension 37 of 41 : 0.3518347593934456  | time taken : 583.1811192035675
 Thread 4 estimated dimension 28 of 41 : 0.5067949183834303  | time taken : 465.01888370513916
 Thread 8 estimated dimension 22 of 41 : 0.36526295047069895  | time taken : 447.49646282196045
 Thread 5 estimated dimension 30 of 41 : 0.9958180632872571  | time taken : 172.0938844680786
 Thread 2 estimated dimension 17 of 41 : 0.6561686357252772  | time taken : 266.4026312828064
 Thread 6 estimated dimension 19 of 41 : 0.596219370731966  | time taken : 255.12397503852844
 Thread 5 estimated dimension 31 of 41 : 0.9995874188809056  | time taken : 127.81951403617859
 Thread 7 estimated dimension 29 of 41 : 0.5003816939551654  | time taken : 403.1730215549469
 Thread 3 estimated dimension 28 of 41 : 0.3445851789963171  | time taken : 492.9235484600067
 Thread 2 estimated dimension 18 of 41 : 0.9919389906194405  | time taken : 135.43777894973755
 Thread 4 estimated dimension 29 of 41 : 1  | time taken : 302.77160906791687
 Thread 8 estimated dimension 23 of 41 : 0.9987087468186274  | time taken : 310.3549361228943
 Thread 1 estimated dimension 38 of 41 : 0.9990839963866087  | time taken : 363.58790159225464
 Thread 5 estimated dimension 32 of 41 : 0.9998987328899063  | time taken : 180.84341073036194
 Thread 6 estimated dimension 20 of 41 : 1  | time taken : 193.9405813217163
 Thread 7 estimated dimension 30 of 41 : 1  | time taken : 241.44188809394836
 Thread 2 estimated dimension 19 of 41 : 0.4786644476449399  | time taken : 254.33987188339233
 Thread 4 estimated dimension 30 of 41 : 1  | time taken : 176.35736680030823
 Thread 5 estimated dimension 33 of 41 : 0.9999987357900286  | time taken : 128.03192734718323
 Thread 3 estimated dimension 29 of 41 : 0.5545421586545313  | time taken : 322.56623554229736
 Thread 8 estimated dimension 24 of 41 : 0.9940244961823079  | time taken : 291.9726982116699
 Thread 6 estimated dimension 21 of 41 : 0.6787931860763121  | time taken : 249.80883646011353
 Thread 1 estimated dimension 39 of 41 : 1  | time taken : 291.9456012248993
 Thread 5 estimated dimension 34 of 41 : 1  | time taken : 190.75275087356567
 Thread 4 estimated dimension 31 of 41 : 1  | time taken : 247.73112893104553
 Thread 2 estimated dimension 20 of 41 : 0.565809067820202  | time taken : 265.1856276988983
 Thread 6 estimated dimension 22 of 41 : 1  | time taken : 132.4242615699768
 Thread 7 estimated dimension 31 of 41 : 1  | time taken : 358.45051741600037
 Thread 3 estimated dimension 30 of 41 : 1  | time taken : 323.9980251789093
 Thread 5 estimated dimension 35 of 41 : 1  | time taken : 187.52393746376038
 Thread 8 estimated dimension 25 of 41 : 1  | time taken : 255.8496696949005
 Thread 4 estimated dimension 32 of 41 : 0.9981685259699324  | time taken : 243.04709720611572
 Thread 1 estimated dimension 40 of 41 : 0.99701575408594  | time taken : 357.491911649704
 Thread 1 nsolns: 2731335
 Thread 6 estimated dimension 23 of 41 : 0.762617606484383  | time taken : 285.26304960250854
 Thread 7 estimated dimension 32 of 41 : 1  | time taken : 242.8845911026001
 Thread 8 estimated dimension 26 of 41 : 1  | time taken : 198.82983136177063
 Thread 2 estimated dimension 21 of 41 : 0.9973373220232922  | time taken : 333.1996970176697
 Thread 3 estimated dimension 31 of 41 : 0.9965673726029236  | time taken : 236.5884668827057
 Thread 4 estimated dimension 33 of 41 : 1  | time taken : 252.53579139709473
 Thread 6 estimated dimension 24 of 41 : 0.998598977437059  | time taken : 194.8527708053589
 Thread 2 estimated dimension 22 of 41 : 1  | time taken : 200.74385786056519
 Thread 3 estimated dimension 32 of 41 : 1  | time taken : 188.24795937538147
 Thread 7 estimated dimension 33 of 41 : 1  | time taken : 252.05894136428833
 Thread 5 estimated dimension 36 of 41 : 0.4306469924932939  | time taken : 445.942991733551
 Thread 8 estimated dimension 27 of 41 : 0.995524299305728  | time taken : 319.81392455101013
 Thread 6 estimated dimension 25 of 41 : 0.7518832104191945  | time taken : 247.7363772392273
 Thread 4 estimated dimension 34 of 41 : 0.9986753162969536  | time taken : 256.7681293487549
 Thread 2 estimated dimension 23 of 41 : 0.7324567100014797  | time taken : 260.32838129997253
 Thread 7 estimated dimension 34 of 41 : 0.9885530207468965  | time taken : 302.3437259197235
 Thread 3 estimated dimension 33 of 41 : 1  | time taken : 317.317067861557
 Thread 6 estimated dimension 26 of 41 : 1  | time taken : 137.08543133735657
 Thread 8 estimated dimension 28 of 41 : 0.997971765866049  | time taken : 298.9608862400055
 Thread 1 estimated dimension 0 of 41 : 0.6457354596290639  | time taken : 713.3602206707001
 Thread 2 estimated dimension 24 of 41 : 1  | time taken : 190.48775482177734
 Thread 7 estimated dimension 35 of 41 : 0.9962726029012215  | time taken : 180.65205454826355
 Thread 4 estimated dimension 35 of 41 : 1  | time taken : 375.16115641593933
 Thread 3 estimated dimension 34 of 41 : 1  | time taken : 292.71171379089355
 Thread 8 estimated dimension 29 of 41 : 1  | time taken : 242.739244222641
 Thread 6 estimated dimension 27 of 41 : 0.5695448938004593  | time taken : 356.6101334095001
 Thread 2 estimated dimension 25 of 41 : 0.7037151500419865  | time taken : 337.68166279792786
 Thread 3 estimated dimension 35 of 41 : 0.9979014872101061  | time taken : 183.87280368804932
 Thread 4 estimated dimension 36 of 41 : 1  | time taken : 233.7086193561554
 Thread 5 estimated dimension 37 of 41 : 0.3581369047373848  | time taken : 794.2219467163086
 Thread 6 estimated dimension 28 of 41 : 1  | time taken : 194.12883043289185
 Thread 8 estimated dimension 30 of 41 : 0.9917513132646275  | time taken : 241.527090549469
 Thread 2 estimated dimension 26 of 41 : 1  | time taken : 190.38581800460815
 Thread 7 estimated dimension 36 of 41 : 0.4903615539204733  | time taken : 499.8101348876953
 Thread 5 estimated dimension 38 of 41 : 0.9944731042370443  | time taken : 182.63789319992065
 Thread 4 estimated dimension 37 of 41 : 1  | time taken : 245.1615273952484
 Thread 2 estimated dimension 27 of 41 : 0.9954749881106657  | time taken : 192.6710183620453
 Thread 6 estimated dimension 29 of 41 : 0.7018763173431717  | time taken : 276.3428373336792
 Thread 8 estimated dimension 31 of 41 : 0.9991143152622356  | time taken : 295.31350326538086
 Thread 3 estimated dimension 36 of 41 : 0.4992573300900256  | time taken : 425.12583351135254
 Thread 7 estimated dimension 37 of 41 : 1  | time taken : 239.25716018676758
 Thread 2 estimated dimension 28 of 41 : 0.9994443136798727  | time taken : 119.85786581039429
 Thread 4 estimated dimension 38 of 41 : 0.9935172812911282  | time taken : 235.51535391807556
 Thread 5 estimated dimension 39 of 41 : 0.9996423067942782  | time taken : 355.850679397583
 Thread 8 estimated dimension 32 of 41 : 1  | time taken : 185.13577842712402
 Thread 2 estimated dimension 29 of 41 : 1  | time taken : 186.0484082698822
 Thread 6 estimated dimension 30 of 41 : 0.7663502877016803  | time taken : 329.4809205532074
 Thread 7 estimated dimension 38 of 41 : 1  | time taken : 303.7498619556427
 Thread 8 estimated dimension 33 of 41 : 1  | time taken : 197.0838668346405
 Thread 4 estimated dimension 39 of 41 : 0.9916355147597976  | time taken : 314.67758297920227
 Thread 3 estimated dimension 37 of 41 : 1  | time taken : 417.33789110183716
 Thread 5 estimated dimension 40 of 41 : 0.990783149131429  | time taken : 305.47503542900085
 Thread 5 nsolns: 2613112
 Thread 6 estimated dimension 31 of 41 : 1  | time taken : 179.24108409881592
 Thread 2 estimated dimension 30 of 41 : 0.9958812466691292  | time taken : 253.5830910205841
 Thread 8 estimated dimension 34 of 41 : 0.996109652150589  | time taken : 252.05597114562988
 Thread 2 estimated dimension 31 of 41 : 1  | time taken : 128.00830578804016
 Thread 1 estimated dimension 1 of 41 : 0.3276469231093389  | time taken : 1433.4390885829926
 Thread 6 estimated dimension 32 of 41 : 0.9994569454457812  | time taken : 244.23133087158203
 Thread 3 estimated dimension 38 of 41 : 1  | time taken : 297.28082942962646
 Thread 7 estimated dimension 39 of 41 : 1  | time taken : 410.7259612083435
 Thread 2 estimated dimension 32 of 41 : 0.9947153481115477  | time taken : 197.26206874847412
 Thread 6 estimated dimension 33 of 41 : 0.9978454490560962  | time taken : 141.01500940322876
 Thread 8 estimated dimension 35 of 41 : 0.9970690385303496  | time taken : 316.5841975212097
 Thread 4 estimated dimension 40 of 41 : 0.4971041991220504  | time taken : 592.475355386734
 Thread 4 nsolns: 2577634
 Thread 2 estimated dimension 33 of 41 : 0.9965534277713629  | time taken : 187.32749557495117
 Thread 6 estimated dimension 34 of 41 : 1  | time taken : 186.41792750358582
 Thread 3 estimated dimension 39 of 41 : 0.9942411839566333  | time taken : 305.2645242214203
 Thread 6 estimated dimension 35 of 41 : 1  | time taken : 129.10535764694214
 Thread 7 estimated dimension 40 of 41 : 1  | time taken : 433.40287709236145
 Thread 7 nsolns: 2791665
 Thread 2 estimated dimension 34 of 41 : 1  | time taken : 200.74787402153015
 Thread 1 estimated dimension 2 of 41 : 0.4955877714444601  | time taken : 619.5360417366028
 Thread 3 estimated dimension 40 of 41 : 0.9997884218542389  | time taken : 300.8232831954956
 Thread 3 nsolns: 2786296
 Thread 2 estimated dimension 35 of 41 : 0.9906406728725503  | time taken : 191.91684198379517
 Thread 8 estimated dimension 36 of 41 : 0.4958822158834667  | time taken : 536.5030527114868
 Thread 1 estimated dimension 3 of 41 : 0.696012690791288  | time taken : 279.8348660469055
 Thread 8 estimated dimension 37 of 41 : 0.9878769808377308  | time taken : 178.6758999824524
 Thread 6 estimated dimension 36 of 41 : 0.4395661660805247  | time taken : 488.40513157844543
 Thread 5 estimated dimension 0 of 41 : 0.3997076221046928  | time taken : 1210.9982106685638
 Thread 7 estimated dimension 0 of 41 : 0.6505484978883046  | time taken : 636.8060913085938
 Thread 4 estimated dimension 0 of 41 : 0.6537571552837336  | time taken : 822.4427943229675
 Thread 8 estimated dimension 38 of 41 : 0.998821387712922  | time taken : 188.53784155845642
 Thread 3 estimated dimension 0 of 41 : 0.7832700272556444  | time taken : 514.0991525650024
 Thread 1 estimated dimension 4 of 41 : 0.545331271125629  | time taken : 342.435932636261
 Thread 2 estimated dimension 36 of 41 : 0.371305668959595  | time taken : 525.5186841487885
 Thread 8 estimated dimension 39 of 41 : 1  | time taken : 296.6355628967285
 Thread 1 estimated dimension 5 of 41 : 0.5472748209845165  | time taken : 279.07466435432434
 Thread 6 estimated dimension 37 of 41 : 0.36595988082435765  | time taken : 564.8652465343475
 Thread 1 estimated dimension 6 of 41 : 1  | time taken : 82.23630142211914
 Thread 5 estimated dimension 1 of 41 : 0.5648073502691263  | time taken : 610.5502226352692
 Thread 1 estimated dimension 7 of 41 : 0.9971540686410638  | time taken : 79.78590750694275
 Thread 7 estimated dimension 1 of 41 : 0.7263657492952622  | time taken : 599.1340281963348
 Thread 8 estimated dimension 40 of 41 : 1  | time taken : 301.991103887558
 Thread 8 nsolns: 2706234
 Thread 4 estimated dimension 1 of 41 : 0.6871781033733763  | time taken : 708.3269948959351
 Thread 6 estimated dimension 38 of 41 : 0.9909237822746092  | time taken : 343.33204674720764
 Thread 1 estimated dimension 8 of 41 : 0.6493568774939098  | time taken : 235.97735142707825
 Thread 5 estimated dimension 2 of 41 : 0.5640648040382851  | time taken : 300.3867790699005
 Thread 2 estimated dimension 37 of 41 : 0.33906864392654995  | time taken : 636.307621717453
 Thread 1 estimated dimension 9 of 41 : 1  | time taken : 148.21653771400452
 Thread 1 estimated dimension 10 of 41 : 1  | time taken : 96.0839102268219
 Thread 2 estimated dimension 38 of 41 : 0.9956379693848416  | time taken : 302.9581699371338
 Thread 1 estimated dimension 11 of 41 : 0.7712657994703864  | time taken : 144.11853075027466
 Thread 6 estimated dimension 39 of 41 : 0.993770986482467  | time taken : 423.61076045036316
 Thread 5 estimated dimension 3 of 41 : 0.3839249328795365  | time taken : 458.0271027088165
 Thread 8 estimated dimension 0 of 41 : 0.7243214433105141  | time taken : 682.7195265293121
 Thread 7 estimated dimension 2 of 41 : 0.5948615735747521  | time taken : 725.2653985023499
 Thread 1 estimated dimension 12 of 41 : 0.7663882612021194  | time taken : 196.0045211315155
 Thread 2 estimated dimension 39 of 41 : 0.997671290425094  | time taken : 348.4347732067108
 Thread 6 estimated dimension 40 of 41 : 0.9975196562322844  | time taken : 313.16579484939575
 Thread 6 nsolns: 2728476
 Thread 1 estimated dimension 13 of 41 : 0.8411407223600955  | time taken : 211.38575267791748
 Thread 3 estimated dimension 1 of 41 : 0.29062478385446616  | time taken : 1597.3300623893738
 Thread 2 estimated dimension 40 of 41 : 1  | time taken : 243.81661796569824
 Thread 2 nsolns: 2744847
 Thread 5 estimated dimension 4 of 41 : 0.3508690305256282  | time taken : 486.55414295196533
 Thread 1 estimated dimension 14 of 41 : 0.4711551145969364  | time taken : 312.18612122535706
 Thread 7 estimated dimension 3 of 41 : 0.7947261174706585  | time taken : 545.1072115898132
 Thread 8 estimated dimension 1 of 41 : 0.6827746231503344  | time taken : 664.2439844608307
 Thread 1 estimated dimension 15 of 41 : 0.9978536826727532  | time taken : 150.51863765716553
 Thread 3 estimated dimension 2 of 41 : 0.6758361759831747  | time taken : 384.8450982570648
 Thread 5 estimated dimension 5 of 41 : 0.5074389360677777  | time taken : 360.3450994491577
 Thread 4 estimated dimension 2 of 41 : 0.29884132049533496  | time taken : 1387.679072380066
 Thread 5 estimated dimension 6 of 41 : 0.7378877470536287  | time taken : 140.61392784118652
 Thread 3 estimated dimension 3 of 41 : 0.7333886106633819  | time taken : 285.42259454727173
 Thread 6 estimated dimension 0 of 41 : 0.6727650438861232  | time taken : 834.7781538963318
 Thread 1 estimated dimension 16 of 41 : 0.49885529278104296  | time taken : 338.9861783981323
 Thread 5 estimated dimension 7 of 41 : 0.7373585152375174  | time taken : 151.17208337783813
 Thread 2 estimated dimension 0 of 41 : 0.597607964341528  | time taken : 752.285662651062
 Thread 4 estimated dimension 3 of 41 : 0.73488592520252  | time taken : 363.39299416542053
 Thread 5 estimated dimension 8 of 41 : 1  | time taken : 174.51885771751404
 Thread 1 estimated dimension 17 of 41 : 0.553391391435881  | time taken : 289.61405515670776
 Thread 5 estimated dimension 9 of 41 : 0.7625436012801673  | time taken : 124.32796096801758
 Thread 5 estimated dimension 10 of 41 : 1  | time taken : 160.26037645339966
 Thread 1 estimated dimension 18 of 41 : 1  | time taken : 215.0208752155304
 Thread 3 estimated dimension 4 of 41 : 0.354696219002095  | time taken : 573.6830680370331
 Thread 1 estimated dimension 19 of 41 : 1  | time taken : 77.346182346344
 Thread 5 estimated dimension 11 of 41 : 1  | time taken : 142.741055727005
 Thread 8 estimated dimension 2 of 41 : 0.4023613790437787  | time taken : 1035.7405943870544
 Thread 1 estimated dimension 20 of 41 : 0.9986409209650611  | time taken : 135.56098818778992
 Thread 5 estimated dimension 12 of 41 : 1  | time taken : 137.7085862159729
 Thread 4 estimated dimension 4 of 41 : 0.3559218653841052  | time taken : 670.1049904823303
 Thread 5 estimated dimension 13 of 41 : 0.9943833227407278  | time taken : 81.796395778656
 Thread 3 estimated dimension 5 of 41 : 0.5573204188424509  | time taken : 314.736040353775
 Thread 1 estimated dimension 21 of 41 : 0.9945348706346632  | time taken : 139.20948028564453
 Thread 3 estimated dimension 6 of 41 : 0.9991655389795141  | time taken : 90.17191648483276
 Thread 1 estimated dimension 22 of 41 : 1  | time taken : 149.04859137535095
 Thread 3 estimated dimension 7 of 41 : 1  | time taken : 96.10176420211792
 Thread 8 estimated dimension 3 of 41 : 0.6397241243063874  | time taken : 438.763019323349
 Thread 5 estimated dimension 14 of 41 : 0.3341473144663323  | time taken : 329.67124915122986
 Thread 4 estimated dimension 5 of 41 : 0.40864485514992027  | time taken : 439.02165603637695
 Thread 6 estimated dimension 1 of 41 : 0.3442424008717119  | time taken : 1274.3360166549683
 Thread 3 estimated dimension 8 of 41 : 0.641646134736194  | time taken : 228.9440622329712
 Thread 5 estimated dimension 15 of 41 : 0.9976081808057922  | time taken : 140.72787380218506
 Thread 3 estimated dimension 9 of 41 : 1  | time taken : 74.77956223487854
 Thread 1 estimated dimension 23 of 41 : 0.4070845922326516  | time taken : 330.6968562602997
 Thread 4 estimated dimension 6 of 41 : 0.8362674878439401  | time taken : 138.74376773834229
 Thread 4 estimated dimension 7 of 41 : 0.9966461021390689  | time taken : 90.36824560165405
 Thread 7 estimated dimension 4 of 41 : 0.20336288189030796  | time taken : 1966.250774860382
 Thread 1 estimated dimension 24 of 41 : 0.998819517000857  | time taken : 145.89259839057922
 Thread 2 estimated dimension 1 of 41 : 0.31001928887963537  | time taken : 1524.82408452034
 Thread 5 estimated dimension 16 of 41 : 0.4405396261516348  | time taken : 287.9229111671448
 Thread 1 estimated dimension 25 of 41 : 0.9938802492984591  | time taken : 199.23684644699097
 Thread 4 estimated dimension 8 of 41 : 0.6052309784969283  | time taken : 240.70116090774536
 Thread 5 estimated dimension 17 of 41 : 1  | time taken : 127.41328740119934
 Thread 3 estimated dimension 10 of 41 : 0.32632631530453704  | time taken : 400.25458574295044
 Thread 1 estimated dimension 26 of 41 : 1  | time taken : 132.2026789188385
 Thread 4 estimated dimension 9 of 41 : 1  | time taken : 155.35038542747498
 Thread 5 estimated dimension 18 of 41 : 0.9971085688608007  | time taken : 141.3266899585724
 Thread 7 estimated dimension 5 of 41 : 0.6465069232943949  | time taken : 412.26211428642273
 Thread 4 estimated dimension 10 of 41 : 1  | time taken : 72.88419008255005
 Thread 6 estimated dimension 2 of 41 : 0.4374661000598526  | time taken : 672.5200905799866
 Thread 1 estimated dimension 27 of 41 : 1  | time taken : 129.57235765457153
 Thread 8 estimated dimension 4 of 41 : 0.3035920380738941  | time taken : 883.1721296310425
 Thread 3 estimated dimension 11 of 41 : 0.4033855066340295  | time taken : 253.61791920661926
 Thread 5 estimated dimension 19 of 41 : 0.994620307986281  | time taken : 189.23788571357727
 Thread 4 estimated dimension 11 of 41 : 0.6904323554482799  | time taken : 248.5222294330597
 Thread 5 estimated dimension 20 of 41 : 1  | time taken : 132.820698261261
 Thread 1 estimated dimension 28 of 41 : 0.5808010357270599  | time taken : 255.15080213546753
 Thread 3 estimated dimension 12 of 41 : 0.7080695520210768  | time taken : 216.88588762283325
 Thread 6 estimated dimension 3 of 41 : 0.6927059373751182  | time taken : 313.08503699302673
 Thread 4 estimated dimension 12 of 41 : 0.856064317269143  | time taken : 124.04395365715027
 Thread 8 estimated dimension 5 of 41 : 0.5316084211955363  | time taken : 349.0051124095917
 Thread 5 estimated dimension 21 of 41 : 1  | time taken : 142.70491933822632
 Thread 2 estimated dimension 2 of 41 : 0.4741191051655213  | time taken : 766.8146476745605
 Thread 1 estimated dimension 29 of 41 : 0.7228427323071376  | time taken : 207.22912621498108
 Thread 3 estimated dimension 13 of 41 : 0.6027152655828194  | time taken : 321.94905948638916
 Thread 4 estimated dimension 13 of 41 : 0.8943603170025772  | time taken : 273.0641748905182
 Thread 1 estimated dimension 30 of 41 : 0.6739074882673813  | time taken : 167.28395414352417
 Thread 5 estimated dimension 22 of 41 : 0.9931504098935853  | time taken : 252.41588735580444
 Thread 4 estimated dimension 14 of 41 : 0.9961545271661593  | time taken : 70.69628548622131
 Thread 7 estimated dimension 6 of 41 : 0.39027906067791857  | time taken : 754.6990702152252
 Thread 8 estimated dimension 6 of 41 : 0.46157268951466035  | time taken : 352.2662465572357
 Thread 2 estimated dimension 3 of 41 : 0.47874515276490354  | time taken : 325.3259274959564
 Thread 6 estimated dimension 4 of 41 : 0.3882363667711805  | time taken : 469.3069715499878
 Thread 3 estimated dimension 14 of 41 : 0.46484620151528316  | time taken : 226.87994956970215
 Thread 8 estimated dimension 7 of 41 : 0.9930934143117526  | time taken : 83.05413603782654
 Thread 1 estimated dimension 31 of 41 : 1  | time taken : 182.4756851196289
 Thread 5 estimated dimension 23 of 41 : 0.9986802102416064  | time taken : 186.354594707489
 Thread 1 estimated dimension 32 of 41 : 0.9950136038290247  | time taken : 133.41888809204102
 Thread 3 estimated dimension 15 of 41 : 0.995112509056218  | time taken : 140.80441546440125
 Thread 5 estimated dimension 24 of 41 : 0.9989753481933206  | time taken : 138.287499666214
 Thread 6 estimated dimension 5 of 41 : 0.4985800920386083  | time taken : 245.622394323349
 Thread 5 estimated dimension 25 of 41 : 1  | time taken : 131.258868932724
 Thread 7 estimated dimension 7 of 41 : 0.5908251085989007  | time taken : 406.0166208744049
 Thread 4 estimated dimension 15 of 41 : 0.26060260528253637  | time taken : 446.29118180274963
 Thread 2 estimated dimension 4 of 41 : 0.48000522436415494  | time taken : 400.459139585495
 Thread 1 estimated dimension 33 of 41 : 1  | time taken : 201.67597436904907
 Thread 6 estimated dimension 6 of 41 : 1  | time taken : 152.79152369499207
 Thread 3 estimated dimension 16 of 41 : 0.6725768350720752  | time taken : 217.78982019424438
 Thread 8 estimated dimension 8 of 41 : 0.39704017822641763  | time taken : 387.3718945980072
 Thread 5 estimated dimension 26 of 41 : 1  | time taken : 135.12129497528076
 Thread 1 estimated dimension 34 of 41 : 1  | time taken : 130.81186318397522
 Thread 4 estimated dimension 16 of 41 : 0.9973982369703781  | time taken : 150.69536209106445
 Thread 6 estimated dimension 7 of 41 : 0.9983444684556239  | time taken : 151.14989304542542
 Thread 3 estimated dimension 17 of 41 : 1  | time taken : 137.87708640098572
 Thread 8 estimated dimension 9 of 41 : 0.9988134406755425  | time taken : 148.01220631599426
 Thread 4 estimated dimension 17 of 41 : 1  | time taken : 144.19681978225708
 Thread 3 estimated dimension 18 of 41 : 1  | time taken : 149.17287945747375
 Thread 1 estimated dimension 35 of 41 : 1  | time taken : 184.556946516037
 Thread 5 estimated dimension 27 of 41 : 0.5695845428704065  | time taken : 260.80927324295044
 Thread 8 estimated dimension 10 of 41 : 0.7505064593162848  | time taken : 149.89877843856812
 Thread 7 estimated dimension 8 of 41 : 0.41723398638098863  | time taken : 412.1649966239929
 Thread 2 estimated dimension 5 of 41 : 0.43732068523955514  | time taken : 388.31994676589966
 Thread 4 estimated dimension 18 of 41 : 0.7142786134947154  | time taken : 128.02894067764282
 Thread 3 estimated dimension 19 of 41 : 0.999907352702193  | time taken : 135.89166164398193
 Thread 1 estimated dimension 36 of 41 : 0.9922280094613792  | time taken : 183.80882668495178
 Thread 7 estimated dimension 9 of 41 : 0.9992337957820444  | time taken : 146.93967175483704
 Thread 2 estimated dimension 6 of 41 : 1  | time taken : 159.7289264202118
 Thread 6 estimated dimension 8 of 41 : 0.29678217796649586  | time taken : 459.84627509117126
 Thread 8 estimated dimension 11 of 41 : 0.5738819035388035  | time taken : 275.3256015777588
 Thread 3 estimated dimension 20 of 41 : 1  | time taken : 196.02158093452454
 Thread 2 estimated dimension 7 of 41 : 1  | time taken : 163.842933177948
 Thread 1 estimated dimension 37 of 41 : 1  | time taken : 201.2604694366455
 Thread 6 estimated dimension 9 of 41 : 1  | time taken : 151.32802414894104
 Thread 8 estimated dimension 12 of 41 : 0.7721628256233274  | time taken : 159.92803764343262
 Thread 3 estimated dimension 21 of 41 : 1  | time taken : 145.67985463142395
 Thread 4 estimated dimension 19 of 41 : 0.3661259299468245  | time taken : 425.66811060905457
 Thread 2 estimated dimension 8 of 41 : 0.8117867300273423  | time taken : 136.61594700813293
 Thread 7 estimated dimension 10 of 41 : 0.6418271959543143  | time taken : 343.04034519195557
 Thread 5 estimated dimension 28 of 41 : 0.2763221039781796  | time taken : 613.7464728355408
 Thread 6 estimated dimension 10 of 41 : 0.69654215511208  | time taken : 219.93429803848267
 Thread 2 estimated dimension 9 of 41 : 1  | time taken : 153.2774384021759
 Thread 1 estimated dimension 38 of 41 : 0.5973986161970443  | time taken : 295.4981379508972
 Thread 8 estimated dimension 13 of 41 : 0.32599206801072345  | time taken : 332.983336687088
 Thread 3 estimated dimension 22 of 41 : 0.4376638675228894  | time taken : 337.36717224121094
 Thread 7 estimated dimension 11 of 41 : 0.3956127744973269  | time taken : 314.16993165016174
 Thread 4 estimated dimension 20 of 41 : 0.395534810873857  | time taken : 360.9724724292755
 Thread 2 estimated dimension 10 of 41 : 0.7237654695737777  | time taken : 237.6279957294464
 Thread 6 estimated dimension 11 of 41 : 0.5203646921456253  | time taken : 266.79832458496094
 Thread 8 estimated dimension 14 of 41 : 1  | time taken : 138.69034218788147
 Thread 5 estimated dimension 29 of 41 : 0.6189988310150263  | time taken : 324.43607330322266
 Thread 3 estimated dimension 23 of 41 : 0.9966045659985424  | time taken : 186.59333062171936
 Thread 4 estimated dimension 21 of 41 : 1  | time taken : 139.26895403862
 Thread 1 estimated dimension 39 of 41 : 0.6960719170010748  | time taken : 336.9930372238159
 Thread 6 estimated dimension 12 of 41 : 0.5749808516640754  | time taken : 166.65279245376587
 Thread 3 estimated dimension 24 of 41 : 0.9962724258901411  | time taken : 125.58385610580444
 Thread 7 estimated dimension 12 of 41 : 0.5184635823339441  | time taken : 277.3920774459839
 Thread 8 estimated dimension 15 of 41 : 0.4497978814501444  | time taken : 255.11729907989502
 Thread 4 estimated dimension 22 of 41 : 0.6038664370496699  | time taken : 230.9144320487976
 Thread 5 estimated dimension 30 of 41 : 0.6464701808919701  | time taken : 301.02503752708435
 Thread 3 estimated dimension 25 of 41 : 1  | time taken : 186.96035051345825
 Thread 8 estimated dimension 16 of 41 : 1  | time taken : 142.58047604560852
 Thread 7 estimated dimension 13 of 41 : 0.44226102016704955  | time taken : 284.55805802345276
 Thread 5 estimated dimension 31 of 41 : 1  | time taken : 179.66087365150452
 Thread 3 estimated dimension 26 of 41 : 1  | time taken : 141.6957128047943
 Thread 7 estimated dimension 14 of 41 : 1  | time taken : 65.99241662025452
 Thread 1 estimated dimension 40 of 41 : 0.46568099793547796  | time taken : 504.60101342201233
 Thread 1 nsolns: 2463744
 Thread 3 estimated dimension 27 of 41 : 1  | time taken : 144.38596081733704
 Thread 5 estimated dimension 32 of 41 : 1  | time taken : 185.60091304779053
 Thread 8 estimated dimension 17 of 41 : 0.4251815333941523  | time taken : 300.9795331954956
 Thread 2 estimated dimension 11 of 41 : 0.19452711115780083  | time taken : 730.3450121879578
 Thread 6 estimated dimension 13 of 41 : 0.21554553377462396  | time taken : 582.1555182933807
 Thread 3 estimated dimension 28 of 41 : 0.9965853113637542  | time taken : 120.3258855342865
 Thread 7 estimated dimension 15 of 41 : 0.5010511042312898  | time taken : 267.3620431423187
 Thread 4 estimated dimension 23 of 41 : 0.30794962447840885  | time taken : 524.2160277366638
 Thread 5 estimated dimension 33 of 41 : 0.9991766519693753  | time taken : 182.26088070869446
 Thread 6 estimated dimension 14 of 41 : 0.6500307054533687  | time taken : 134.41238355636597
 Thread 2 estimated dimension 12 of 41 : 0.5116290902289399  | time taken : 230.18762803077698
 Thread 7 estimated dimension 16 of 41 : 0.9956644162116558  | time taken : 129.7573163509369
 Thread 3 estimated dimension 29 of 41 : 0.9973314991924861  | time taken : 191.05747389793396
 Thread 4 estimated dimension 24 of 41 : 1  | time taken : 140.55097031593323
 Thread 8 estimated dimension 18 of 41 : 0.5220631288184847  | time taken : 298.235995054245
 Thread 6 estimated dimension 15 of 41 : 0.9984676918883155  | time taken : 124.1700611114502
 Thread 5 estimated dimension 34 of 41 : 0.9989420865343294  | time taken : 185.58677983283997
 Thread 7 estimated dimension 17 of 41 : 0.9933956754811699  | time taken : 124.30859923362732
 Thread 3 estimated dimension 30 of 41 : 0.9976972960904039  | time taken : 130.4479842185974
 Thread 2 estimated dimension 13 of 41 : 0.6794020212602543  | time taken : 193.83208537101746
 Thread 4 estimated dimension 25 of 41 : 1  | time taken : 185.231511592865
 Thread 5 estimated dimension 35 of 41 : 1  | time taken : 181.72922348976135
 Thread 3 estimated dimension 31 of 41 : 1  | time taken : 143.8179008960724
 Thread 6 estimated dimension 16 of 41 : 0.5994588705840809  | time taken : 249.78024220466614
 Thread 4 estimated dimension 26 of 41 : 1  | time taken : 130.81768703460693
 Thread 7 estimated dimension 18 of 41 : 0.688747267537502  | time taken : 218.3548891544342
 Thread 2 estimated dimension 14 of 41 : 0.6087740005318683  | time taken : 178.6318211555481
 Thread 8 estimated dimension 19 of 41 : 0.4817469819355396  | time taken : 324.7649772167206
 Thread 2 estimated dimension 15 of 41 : 0.9981434478111789  | time taken : 68.82296824455261
 Thread 6 estimated dimension 17 of 41 : 1  | time taken : 131.596293926239
 Thread 1 estimated dimension 0 of 41 : 0.6521275011673818  | time taken : 811.247997045517
 Thread 3 estimated dimension 32 of 41 : 0.9964640444989006  | time taken : 186.17824387550354
 Thread 8 estimated dimension 20 of 41 : 1  | time taken : 125.79290056228638
 Thread 4 estimated dimension 27 of 41 : 1  | time taken : 179.99227333068848
 Thread 6 estimated dimension 18 of 41 : 0.9957475970809506  | time taken : 135.08200478553772
 Thread 3 estimated dimension 33 of 41 : 1  | time taken : 131.1960253715515
 Thread 8 estimated dimension 21 of 41 : 1  | time taken : 179.1165623664856
 Thread 2 estimated dimension 16 of 41 : 0.3898783935152841  | time taken : 278.98277592658997
 Thread 3 estimated dimension 34 of 41 : 0.9988854282226226  | time taken : 134.27777647972107
 Thread 6 estimated dimension 19 of 41 : 0.993567645074635  | time taken : 186.6419141292572
 Thread 5 estimated dimension 36 of 41 : 0.38549604067469334  | time taken : 495.41616106033325
 Thread 7 estimated dimension 19 of 41 : 0.31325149169433  | time taken : 477.4581136703491
 Thread 6 estimated dimension 20 of 41 : 0.9967303854770498  | time taken : 134.79637956619263
 Thread 2 estimated dimension 17 of 41 : 0.9930322780036372  | time taken : 191.09781122207642
 Thread 4 estimated dimension 28 of 41 : 0.44792915392678434  | time taken : 469.0095865726471
 Thread 7 estimated dimension 20 of 41 : 1  | time taken : 189.00392293930054
 Thread 8 estimated dimension 22 of 41 : 0.4752446633912281  | time taken : 335.34909868240356
 Thread 6 estimated dimension 21 of 41 : 1  | time taken : 136.31802606582642
 Thread 1 estimated dimension 1 of 41 : 0.6579580635958794  | time taken : 612.8740684986115
 Thread 2 estimated dimension 18 of 41 : 0.999386830775906  | time taken : 192.8634650707245
 Thread 3 estimated dimension 35 of 41 : 0.3974446849816382  | time taken : 365.33108615875244
 Thread 7 estimated dimension 21 of 41 : 1  | time taken : 127.0346040725708
 Thread 8 estimated dimension 23 of 41 : 1  | time taken : 180.59574580192566
 Thread 4 estimated dimension 29 of 41 : 0.9976930572374473  | time taken : 231.4628508090973
 Thread 2 estimated dimension 19 of 41 : 0.9997514034597444  | time taken : 132.13823580741882
 Thread 7 estimated dimension 22 of 41 : 0.9924417521539556  | time taken : 129.77328038215637
 Thread 2 estimated dimension 20 of 41 : 1  | time taken : 131.32643580436707
 Thread 6 estimated dimension 22 of 41 : 0.509605671494869  | time taken : 322.79296922683716
 Thread 8 estimated dimension 24 of 41 : 0.9966669631203016  | time taken : 191.38515973091125
 Thread 4 estimated dimension 30 of 41 : 0.9930683341656132  | time taken : 180.46626019477844
 Thread 6 estimated dimension 23 of 41 : 0.9998586820394844  | time taken : 64.23645186424255
 Thread 3 estimated dimension 36 of 41 : 0.629319743003988  | time taken : 323.1230206489563
 Thread 2 estimated dimension 21 of 41 : 1  | time taken : 121.6120994091034
 Thread 6 estimated dimension 24 of 41 : 0.9987544229347445  | time taken : 63.2295401096344
 Thread 7 estimated dimension 23 of 41 : 0.6833502991334872  | time taken : 232.5730118751526
 Thread 5 estimated dimension 37 of 41 : 0.37601476809577355  | time taken : 736.9590537548065
 Thread 8 estimated dimension 25 of 41 : 0.9961032626004207  | time taken : 181.12051844596863
 Thread 6 estimated dimension 25 of 41 : 1  | time taken : 120.29084944725037
 Thread 4 estimated dimension 31 of 41 : 1  | time taken : 226.26873016357422
 Thread 2 estimated dimension 22 of 41 : 1  | time taken : 196.1795244216919
 Thread 1 estimated dimension 2 of 41 : 0.7459322193419072  | time taken : 624.3501980304718
 Thread 7 estimated dimension 24 of 41 : 1  | time taken : 187.22807669639587
 Thread 8 estimated dimension 26 of 41 : 0.9956261249931192  | time taken : 170.1840696334839
 Thread 5 estimated dimension 38 of 41 : 1  | time taken : 236.18670749664307
 Thread 6 estimated dimension 26 of 41 : 1  | time taken : 178.75541472434998
 Thread 2 estimated dimension 23 of 41 : 1  | time taken : 181.5558865070343
 Thread 7 estimated dimension 25 of 41 : 0.9953834998865412  | time taken : 170.0604763031006
 Thread 3 estimated dimension 37 of 41 : 0.3440643865592921  | time taken : 441.1180374622345
 Thread 8 estimated dimension 27 of 41 : 0.9966824766446828  | time taken : 168.71133732795715
 Thread 4 estimated dimension 32 of 41 : 1  | time taken : 338.53586077690125
 Thread 6 estimated dimension 27 of 41 : 0.6829668215490275  | time taken : 199.67705392837524
 Thread 2 estimated dimension 24 of 41 : 1  | time taken : 128.49588775634766
 Thread 7 estimated dimension 26 of 41 : 0.99912421973946  | time taken : 173.37897443771362
 Thread 5 estimated dimension 39 of 41 : 0.9938733753894795  | time taken : 288.1361014842987
 Thread 2 estimated dimension 25 of 41 : 0.9983343786188406  | time taken : 129.1048698425293
 Thread 4 estimated dimension 33 of 41 : 1  | time taken : 224.6918158531189
 Thread 1 estimated dimension 3 of 41 : 0.6729164541344118  | time taken : 530.4771528244019
 Thread 7 estimated dimension 27 of 41 : 0.9968950981314251  | time taken : 226.10252928733826
 Thread 3 estimated dimension 38 of 41 : 0.5397271338429844  | time taken : 392.3452365398407
 Thread 2 estimated dimension 26 of 41 : 1  | time taken : 171.37204670906067
 Thread 8 estimated dimension 28 of 41 : 0.46207372092544613  | time taken : 378.0786590576172
 Thread 6 estimated dimension 28 of 41 : 0.3923541949313616  | time taken : 357.0757386684418
 Thread 5 estimated dimension 40 of 41 : 0.9998689506174154  | time taken : 329.26434111595154
 Thread 5 nsolns: 2650460
 Thread 4 estimated dimension 34 of 41 : 1  | time taken : 294.97164249420166
 Thread 2 estimated dimension 27 of 41 : 0.5777589490574333  | time taken : 247.0445966720581
 Thread 8 estimated dimension 29 of 41 : 1  | time taken : 247.3149917125702
 Thread 3 estimated dimension 39 of 41 : 1  | time taken : 329.5450143814087
 Thread 1 estimated dimension 4 of 41 : 0.7671152156380892  | time taken : 398.0022921562195
 Thread 7 estimated dimension 28 of 41 : 0.5368084620165722  | time taken : 376.9631721973419
 Thread 2 estimated dimension 28 of 41 : 0.9993770626620323  | time taken : 120.55887913703918
 Thread 6 estimated dimension 29 of 41 : 0.4727283957532852  | time taken : 334.1673684120178
 Thread 4 estimated dimension 35 of 41 : 1  | time taken : 223.86494827270508
 Thread 7 estimated dimension 29 of 41 : 1  | time taken : 171.0447871685028
 Thread 8 estimated dimension 30 of 41 : 1  | time taken : 282.9499785900116
 Thread 2 estimated dimension 29 of 41 : 0.7817424265057337  | time taken : 173.4571340084076
 Thread 4 estimated dimension 36 of 41 : 1  | time taken : 174.35082983970642
 Thread 6 estimated dimension 30 of 41 : 0.9946424667020006  | time taken : 219.4177188873291
 Thread 3 estimated dimension 40 of 41 : 1  | time taken : 325.21542596817017
 Thread 3 nsolns: 2632056
 Thread 1 estimated dimension 5 of 41 : 0.763281315403422  | time taken : 344.5056662559509
 Thread 5 estimated dimension 0 of 41 : 0.6518962944905504  | time taken : 663.6041631698608
 Thread 2 estimated dimension 30 of 41 : 0.7649300311677744  | time taken : 230.1500895023346
 Thread 7 estimated dimension 30 of 41 : 1  | time taken : 269.2989366054535
 Thread 8 estimated dimension 31 of 41 : 1  | time taken : 275.2262065410614
 Thread 4 estimated dimension 37 of 41 : 0.9980193318018836  | time taken : 276.12061405181885
 Thread 6 estimated dimension 31 of 41 : 1  | time taken : 284.5641312599182
 Thread 2 estimated dimension 31 of 41 : 1  | time taken : 175.854336977005
 Thread 7 estimated dimension 31 of 41 : 0.9940072861215042  | time taken : 166.4805452823639
 Thread 8 estimated dimension 32 of 41 : 0.9932839282406251  | time taken : 235.0374825000763
 Thread 4 estimated dimension 38 of 41 : 1  | time taken : 224.34362983703613
 Thread 2 estimated dimension 32 of 41 : 0.9999714244208857  | time taken : 168.29288005828857
 Thread 6 estimated dimension 32 of 41 : 1  | time taken : 233.17515206336975
 Thread 7 estimated dimension 32 of 41 : 0.9963818613909208  | time taken : 218.65281414985657
 Thread 3 estimated dimension 0 of 41 : 0.6612527530083231  | time taken : 603.2601869106293
 Thread 8 estimated dimension 33 of 41 : 0.9956657836909371  | time taken : 212.28594183921814
 Thread 2 estimated dimension 33 of 41 : 0.998085336240137  | time taken : 168.3227334022522
 Thread 1 estimated dimension 6 of 41 : 0.5503169429851124  | time taken : 624.6410799026489
 Thread 4 estimated dimension 39 of 41 : 0.9986667200378875  | time taken : 224.2388072013855
 Thread 7 estimated dimension 33 of 41 : 1  | time taken : 222.22415733337402
 Thread 2 estimated dimension 34 of 41 : 1  | time taken : 168.08566117286682
 Thread 6 estimated dimension 33 of 41 : 1  | time taken : 335.9900016784668
 Thread 8 estimated dimension 34 of 41 : 0.9982158514240608  | time taken : 275.74158573150635
 Thread 2 estimated dimension 35 of 41 : 1  | time taken : 172.19960403442383
 Thread 7 estimated dimension 34 of 41 : 1  | time taken : 229.69684505462646
 Thread 6 estimated dimension 34 of 41 : 1  | time taken : 232.71591639518738
 Thread 8 estimated dimension 35 of 41 : 1  | time taken : 225.64090061187744
 Thread 4 estimated dimension 40 of 41 : 0.4353098269636854  | time taken : 434.200963973999
 Thread 4 nsolns: 2688544
 Thread 7 estimated dimension 35 of 41 : 1  | time taken : 272.3290753364563
 Thread 6 estimated dimension 35 of 41 : 1  | time taken : 234.8917145729065
 Thread 2 estimated dimension 36 of 41 : 0.4258849958298718  | time taken : 462.98410654067993
 Thread 7 estimated dimension 36 of 41 : 0.996748503583629  | time taken : 295.76603722572327
 Thread 8 estimated dimension 36 of 41 : 0.5164212845178119  | time taken : 538.3473551273346
 Thread 6 estimated dimension 36 of 41 : 0.4859903473008529  | time taken : 416.48900961875916
 Thread 5 estimated dimension 1 of 41 : 0.2470694060590429  | time taken : 1688.1865301132202
 Thread 3 estimated dimension 1 of 41 : 0.32121511378949935  | time taken : 1220.6770775318146
 Thread 8 estimated dimension 37 of 41 : 1  | time taken : 284.1560437679291
 Thread 6 estimated dimension 37 of 41 : 1  | time taken : 280.8947002887726
 Thread 7 estimated dimension 37 of 41 : 0.4381748702243625  | time taken : 485.15309023857117
 Thread 2 estimated dimension 37 of 41 : 0.36211754417515973  | time taken : 619.1810491085052
 Thread 8 estimated dimension 38 of 41 : 1  | time taken : 238.7231957912445
 Thread 6 estimated dimension 38 of 41 : 1  | time taken : 275.6117796897888
 Thread 5 estimated dimension 2 of 41 : 0.6103242838611526  | time taken : 459.7828776836395
 Thread 2 estimated dimension 38 of 41 : 1  | time taken : 276.75233602523804
 Thread 3 estimated dimension 2 of 41 : 0.4674178632279714  | time taken : 538.1112043857574
 Thread 7 estimated dimension 38 of 41 : 0.9969031219911607  | time taken : 385.28108525276184
 Thread 8 estimated dimension 39 of 41 : 0.9876099640809316  | time taken : 330.76188468933105
 Thread 5 estimated dimension 3 of 41 : 0.43455770637594776  | time taken : 370.11729073524475
 Thread 6 estimated dimension 39 of 41 : 1  | time taken : 377.4785907268524
 Thread 3 estimated dimension 3 of 41 : 0.5025783857702285  | time taken : 343.4606251716614
 Thread 2 estimated dimension 39 of 41 : 0.9974437668397781  | time taken : 378.0409481525421
 Thread 8 estimated dimension 40 of 41 : 0.9913616656889177  | time taken : 263.1467409133911
 Thread 8 nsolns: 2669095
 Thread 7 estimated dimension 39 of 41 : 1  | time taken : 379.8294565677643
 Thread 6 estimated dimension 40 of 41 : 0.9958336214135944  | time taken : 269.54996514320374
 Thread 6 nsolns: 2722037
 Thread 4 estimated dimension 0 of 41 : 0.2811921672273533  | time taken : 1792.674669265747
 Thread 2 estimated dimension 40 of 41 : 0.9959312973508982  | time taken : 258.5707371234894
 Thread 2 nsolns: 2681782
 Thread 5 estimated dimension 4 of 41 : 0.37655061007616925  | time taken : 373.69219613075256
 Thread 3 estimated dimension 4 of 41 : 0.45153867651938  | time taken : 395.41706919670105
 Thread 7 estimated dimension 40 of 41 : 1  | time taken : 334.4566481113434
 Thread 7 nsolns: 2690619
 Thread 5 estimated dimension 5 of 41 : 0.4835091357577852  | time taken : 218.39217138290405
 Thread 3 estimated dimension 5 of 41 : 0.6192748595479484  | time taken : 190.34815669059753
 Thread 5 estimated dimension 6 of 41 : 0.9964251856541289  | time taken : 72.22748613357544exiting with current heads : 43619 out of 43770 | exp rv: 371794.2730544099

 Thread 1 estimated dimension 7 of 41 : 0.11772370682427016  | time taken : 2664.7475216388702
 Thread 5 estimated dimension 7 of 41 : 1  | time taken : 75.6092894077301
 Thread 4 estimated dimension 1 of 41 : 0.5753004484432662  | time taken : 476.4948709011078
 Thread 3 estimated dimension 6 of 41 : 1  | time taken : 136.23491954803467
 Thread 8 estimated dimension 0 of 41 : 0.6652546179963634  | time taken : 678.8402545452118
 Thread 3 estimated dimension 7 of 41 : 0.9915914335686449  | time taken : 71.85590863227844
 Thread 6 estimated dimension 0 of 41 : 0.6179942065731313  | time taken : 699.0888359546661
 Thread 5 estimated dimension 8 of 41 : 0.38335442533648967  | time taken : 276.3220500946045
 Thread 2 estimated dimension 0 of 41 : 0.6024284206689163  | time taken : 738.9332115650177
 Thread 1 estimated dimension 8 of 41 : 0.48653586421134853  | time taken : 425.48811626434326
 Thread 4 estimated dimension 2 of 41 : 0.47849571401007496  | time taken : 377.90462732315063
 Thread 3 estimated dimension 8 of 41 : 0.4263001077813978  | time taken : 276.6758005619049
 Thread 5 estimated dimension 9 of 41 : 1  | time taken : 136.96381831169128
 Thread 3 estimated dimension 9 of 41 : 1  | time taken : 74.96943545341492
 Thread 7 estimated dimension 0 of 41 : 0.6951826893614473  | time taken : 782.5468380451202
 Thread 8 estimated dimension 1 of 41 : 0.8026032976642092  | time taken : 506.05521726608276
 Thread 5 estimated dimension 10 of 41 : 0.6098376790312401  | time taken : 181.15403246879578
 Thread 5 estimated dimension 11 of 41 : 0.8500617801596371  | time taken : 106.99959063529968
 Thread 4 estimated dimension 3 of 41 : 0.5633944652718309  | time taken : 333.91412568092346
 Thread 3 estimated dimension 10 of 41 : 0.33870693932883  | time taken : 268.21199560165405
 Thread 6 estimated dimension 1 of 41 : 0.7928435855414201  | time taken : 604.768098115921
 Thread 5 estimated dimension 12 of 41 : 0.8173605219798941  | time taken : 165.1025357246399
 Thread 3 estimated dimension 11 of 41 : 0.6673997992932424  | time taken : 143.77408623695374
 Thread 1 estimated dimension 9 of 41 : 0.37447166740114435  | time taken : 561.5909962654114
 Thread 4 estimated dimension 4 of 41 : 0.36898748425742034  | time taken : 332.0250942707062
 Thread 3 estimated dimension 12 of 41 : 0.524631689538861  | time taken : 187.55833959579468
 Thread 8 estimated dimension 2 of 41 : 0.6551723414790148  | time taken : 515.2080321311951
 Thread 7 estimated dimension 1 of 41 : 0.6199585184863775  | time taken : 706.8833520412445
 Thread 1 estimated dimension 10 of 41 : 0.4794534622078727  | time taken : 329.45872235298157
 Thread 4 estimated dimension 5 of 41 : 0.4868042524277913  | time taken : 214.8090467453003
 Thread 3 estimated dimension 13 of 41 : 0.5705342391847209  | time taken : 232.44502687454224
 Thread 5 estimated dimension 13 of 41 : 0.20666632316975247  | time taken : 508.6215147972107