numSolutions: 82 k : 733
3 82 0.05773502691896258 0.0004065040650406504

 Thread 3 estimated dimension 0 of 3 : 0.6505202537550702  | time taken : 20.842800617218018
 Thread 4 estimated dimension 0 of 3 : 0.6525332221124819  | time taken : 23.68792700767517
 Thread 5 estimated dimension 0 of 3 : 0.6074624314741379  | time taken : 25.46070957183838
 Thread 6 estimated dimension 0 of 3 : 0.6118531699921009  | time taken : 28.694854259490967
 Thread 1 estimated dimension 0 of 3 : 0.6072033654546738  | time taken : 31.392167568206787
 Thread 2 estimated dimension 0 of 3 : 0.6344473058643112  | time taken : 35.22365617752075
 Thread 3 estimated dimension 1 of 3 : 0.6861503901527481  | time taken : 26.669729232788086
 Thread 7 estimated dimension 0 of 3 : 0.37634851500131494  | time taken : 49.22042965888977
 Thread 1 estimated dimension 1 of 3 : 0.6478802991772181  | time taken : 25.927333116531372
 Thread 2 estimated dimension 1 of 3 : 0.6558018804505725  | time taken : 28.749149560928345
 Thread 7 estimated dimension 1 of 3 : 0.6608823124808656  | time taken : 24.013614416122437
 Thread 5 estimated dimension 1 of 3 : 0.3336142478783922  | time taken : 55.92232370376587
 Thread 6 estimated dimension 1 of 3 : 0.3171487484822861  | time taken : 59.098650217056274
 Thread 5 estimated dimension 2 of 3 : 1  | time taken : 9.419691562652588
 Thread 5 nsolns: 4144
 Thread 6 estimated dimension 2 of 3 : 0.9627423298015796  | time taken : 5.148013114929199
 Thread 6 nsolns: 4154
 Thread 1 estimated dimension 2 of 3 : 0.5430542391434656  | time taken : 37.48582983016968
 Thread 1 nsolns: 3609
 Thread 4 estimated dimension 1 of 3 : 0.3101858151195175  | time taken : 73.89248728752136
 Thread 3 estimated dimension 2 of 3 : 0.46139152329444616  | time taken : 53.648749589920044
 Thread 3 nsolns: 3799
 Thread 2 estimated dimension 2 of 3 : 0.4693986603956501  | time taken : 40.223634243011475
 Thread 2 nsolns: 3822
 Thread 4 estimated dimension 2 of 3 : 0.9678975403312035  | time taken : 11.65773320198059
 Thread 7 estimated dimension 2 of 3 : 0.4952066808326626  | time taken : 36.74655103683472
 Thread 4 nsolns: 4159
 Thread 7 nsolns: 4517
 Thread 5 estimated dimension 0 of 3 : 0.6198074513035712  | time taken : 27.324082612991333
 Thread 6 estimated dimension 0 of 3 : 0.5925807940939316  | time taken : 34.64862132072449
 Thread 1 estimated dimension 0 of 3 : 0.5617969212063942  | time taken : 41.45759463310242
 Thread 5 estimated dimension 1 of 3 : 0.6790995517209514  | time taken : 21.668532848358154
 Thread 4 estimated dimension 0 of 3 : 0.5586974330135261  | time taken : 38.74862194061279
 Thread 3 estimated dimension 0 of 3 : 0.40653137993943106  | time taken : 48.79925751686096
 Thread 2 estimated dimension 0 of 3 : 0.45860629427118876  | time taken : 48.29178476333618
 Thread 7 estimated dimension 0 of 3 : 0.5488284614199922  | time taken : 61.87576222419739
 Thread 4 estimated dimension 1 of 3 : 0.7076333417391288  | time taken : 27.830308437347412
 Thread 3 estimated dimension 1 of 3 : 0.6913886634921206  | time taken : 33.89712834358215
 Thread 5 estimated dimension 2 of 3 : 0.47444626623145203  | time taken : 44.39791417121887
 Thread 5 nsolns: 3766
 Thread 1 estimated dimension 1 of 3 : 0.39960969694429715  | time taken : 63.08003330230713
 Thread 6 estimated dimension 1 of 3 : 0.3112311889532335  | time taken : 76.12444543838501
 Thread 1 estimated dimension 2 of 3 : 1  | time taken : 7.0214550495147705
 Thread 6 estimated dimension 2 of 3 : 0.9532673220953078  | time taken : 3.703510046005249
 Thread 1 nsolns: 3861
 Thread 6 nsolns: 4224
 Thread 2 estimated dimension 1 of 3 : 0.3610360899774206  | time taken : 62.84093880653381
 Thread 5 estimated dimension 0 of 3 : 0.49574666008345664  | time taken : 31.3846218585968
 Thread 2 estimated dimension 2 of 3 : 1  | time taken : 9.614160060882568
 Thread 2 nsolns: 4303
 Thread 4 estimated dimension 2 of 3 : 0.5047558368482262  | time taken : 56.963239908218384
 Thread 4 nsolns: 3839
 Thread 1 estimated dimension 0 of 3 : 0.6164762673874773  | time taken : 31.080722332000732
 Thread 3 estimated dimension 2 of 3 : 0.4893082613489527  | time taken : 55.95293879508972
 Thread 7 estimated dimension 1 of 3 : 0.33071512252466173  | time taken : 71.91513395309448
 Thread 3 nsolns: 4344
 Thread 5 estimated dimension 1 of 3 : 0.6486396923737124  | time taken : 28.559359550476074
 Thread 7 estimated dimension 2 of 3 : 0.977901056788713  | time taken : 8.544232368469238
 Thread 7 nsolns: 4289
 Thread 6 estimated dimension 0 of 3 : 0.5485854571421978  | time taken : 49.674683570861816
 Thread 2 estimated dimension 0 of 3 : 0.4675868482976313  | time taken : 32.926833629608154
 Thread 4 estimated dimension 0 of 3 : 0.6420113455339365  | time taken : 30.587542057037354
 Thread 1 estimated dimension 1 of 3 : 0.6918805837452993  | time taken : 24.751964569091797
 Thread 3 estimated dimension 0 of 3 : 0.5951154264243553  | time taken : 25.626738786697388
 Thread 5 estimated dimension 2 of 3 : 0.44654690582910334  | time taken : 29.174216508865356
 Thread 5 nsolns: 4298
 Thread 7 estimated dimension 0 of 3 : 0.6801906456937277  | time taken : 28.311279296875
 Thread 6 estimated dimension 1 of 3 : 0.6647008761979363  | time taken : 25.036832332611084
 Thread 2 estimated dimension 1 of 3 : 0.7042680501314101  | time taken : 27.87038278579712
 Thread 4 estimated dimension 1 of 3 : 0.6867029186900572  | time taken : 26.185582637786865
 Thread 3 estimated dimension 1 of 3 : 0.6465771719858546  | time taken : 31.771262168884277
 Thread 7 estimated dimension 1 of 3 : 0.6714622538215901  | time taken : 23.362823486328125
 Thread 1 estimated dimension 2 of 3 : 0.48809712325955257  | time taken : 59.3860387802124
 Thread 1 nsolns: 3781
 Thread 5 estimated dimension 0 of 3 : 0.4720502281185611  | time taken : 48.03797221183777
 Thread 6 estimated dimension 2 of 3 : 0.5216324350881436  | time taken : 51.54613161087036
 Thread 6 nsolns: 3940
 Thread 3 estimated dimension 2 of 3 : 0.5073866280517839  | time taken : 44.71979117393494
 Thread 2 estimated dimension 2 of 3 : 0.45907483711434316  | time taken : 55.56815505027771
 Thread 3 nsolns: 3718
 Thread 2 nsolns: 4221
 Thread 4 estimated dimension 2 of 3 : 0.5450831918774887  | time taken : 61.42894124984741
 Thread 4 nsolns: 3648
 Thread 7 estimated dimension 2 of 3 : 0.5656587941244594  | time taken : 56.44604444503784
 Thread 7 nsolns: 3542
 Thread 5 estimated dimension 1 of 3 : 0.6798966432710222  | time taken : 37.099061727523804
 Thread 1 estimated dimension 0 of 3 : 0.37207338006716867  | time taken : 46.21711039543152
 Thread 6 estimated dimension 0 of 3 : 0.4490178655689166  | time taken : 37.81071138381958
 Thread 3 estimated dimension 0 of 3 : 0.5853414676474171  | time taken : 35.535406827926636
 Thread 2 estimated dimension 0 of 3 : 0.5783814431669859  | time taken : 38.83462834358215
 Thread 4 estimated dimension 0 of 3 : 0.5023005619586202  | time taken : 37.16655945777893
 Thread 6 estimated dimension 1 of 3 : 0.6814880910809427  | time taken : 22.69919228553772
 Thread 3 estimated dimension 1 of 3 : 0.6957165403323605  | time taken : 18.180336236953735
 Thread 7 estimated dimension 0 of 3 : 0.5852712599388099  | time taken : 42.835148096084595
 Thread 2 estimated dimension 1 of 3 : 0.6724333974150554  | time taken : 28.782593727111816
 Thread 5 estimated dimension 2 of 3 : 0.4847014410502289  | time taken : 53.96180605888367
 Thread 5 nsolns: 4102
 Thread 1 estimated dimension 1 of 3 : 0.333986409830368  | time taken : 56.28611755371094
 Thread 6 estimated dimension 2 of 3 : 0.5311977500363975  | time taken : 34.85141062736511
 Thread 6 nsolns: 4070
 Thread 1 estimated dimension 2 of 3 : 1  | time taken : 8.85017728805542
 Thread 1 nsolns: 4835
 Thread 3 estimated dimension 2 of 3 : 0.4449634634931808  | time taken : 45.902135372161865
 Thread 3 nsolns: 4011
 Thread 2 estimated dimension 2 of 3 : 0.4432457685081658  | time taken : 43.23256993293762
 Thread 2 nsolns: 3950
 Thread 1 estimated dimension 0 of 3 : 0.6105653486965855  | time taken : 26.397937536239624
 Thread 6 estimated dimension 0 of 3 : 0.6096048969622204  | time taken : 38.055768728256226
 Thread 4 estimated dimension 1 of 3 : 0.36390404325494363  | time taken : 86.87296319007874
 Thread 5 estimated dimension 0 of 3 : 0.43601212076102797  | time taken : 63.19273829460144
 Thread 4 estimated dimension 2 of 3 : 0.9681056748275816  | time taken : 11.70386290550232
 Thread 4 nsolns: 4185
 Thread 7 estimated dimension 1 of 3 : 0.3184299622334702  | time taken : 87.27169466018677
 Thread 6 estimated dimension 1 of 3 : 0.712129626951352  | time taken : 20.78103280067444
 Thread 3 estimated dimension 0 of 3 : 0.412249575150338  | time taken : 47.44447636604309
 Thread 1 estimated dimension 1 of 3 : 0.7055812507435947  | time taken : 30.547208070755005
 Thread 7 estimated dimension 2 of 3 : 0.9517278273252057  | time taken : 6.657065391540527
 Thread 7 nsolns: 4267
 Thread 2 estimated dimension 0 of 3 : 0.5575848837408455  | time taken : 45.30329704284668
 Thread 3 estimated dimension 1 of 3 : 0.6693617110348548  | time taken : 31.39827036857605
 Thread 4 estimated dimension 0 of 3 : 0.5217874483717032  | time taken : 37.01690649986267
 Thread 6 estimated dimension 2 of 3 : 0.5188164559412342  | time taken : 40.26778984069824
 Thread 6 nsolns: 3690
 Thread 2 estimated dimension 1 of 3 : 0.6753788114982108  | time taken : 33.94812846183777
 Thread 1 estimated dimension 2 of 3 : 0.5021435932842845  | time taken : 46.07550883293152
 Thread 1 nsolns: 3682
 Thread 7 estimated dimension 0 of 3 : 0.6112985582261754  | time taken : 47.64976406097412
 Thread 5 estimated dimension 1 of 3 : 0.31934750886971547  | time taken : 80.50507545471191
 Thread 3 estimated dimension 2 of 3 : 0.49021046752310515  | time taken : 37.980955600738525
 Thread 3 nsolns: 4370
 Thread 4 estimated dimension 1 of 3 : 0.6238673099653104  | time taken : 39.946274757385254
 Thread 5 estimated dimension 2 of 3 : 1  | time taken : 7.670403003692627
 Thread 7 estimated dimension 1 of 3 : 0.6777529274968557  | time taken : 20.26076912879944
 Thread 5 nsolns: 4679
 Thread 2 estimated dimension 2 of 3 : 0.5219370440971639  | time taken : 39.83789348602295
 Thread 2 nsolns: 3801
 Thread 1 estimated dimension 0 of 3 : 0.5950401685953931  | time taken : 36.23981952667236
 Thread 6 estimated dimension 0 of 3 : 0.5670447103690873  | time taken : 51.3329393863678
 Thread 3 estimated dimension 0 of 3 : 0.515278523734573  | time taken : 35.24088168144226
 Thread 1 estimated dimension 1 of 3 : 0.6504149370740776  | time taken : 36.29649019241333
 Thread 4 estimated dimension 2 of 3 : 0.4822284378222976  | time taken : 49.55153250694275
 Thread 4 nsolns: 4061
 Thread 7 estimated dimension 2 of 3 : 0.49305711780589206  | time taken : 48.77767825126648
 Thread 7 nsolns: 3777
 Thread 2 estimated dimension 0 of 3 : 0.44669229287381246  | time taken : 41.45442271232605
 Thread 5 estimated dimension 0 of 3 : 0.46453012844582664  | time taken : 52.400827407836914
 Thread 4 estimated dimension 0 of 3 : 0.5397511743213729  | time taken : 34.435309171676636
 Thread 5 estimated dimension 1 of 3 : 0.6756322059733326  | time taken : 36.434104442596436
 Thread 1 estimated dimension 2 of 3 : 0.48805417784282595  | time taken : 43.32409620285034
 Thread 1 nsolns: 3801
 Thread 7 estimated dimension 0 of 3 : 0.5324972265953172  | time taken : 43.422794342041016
 Thread 6 estimated dimension 1 of 3 : 0.3490297408821271  | time taken : 81.26311874389648
 Thread 6 estimated dimension 2 of 3 : 1  | time taken : 7.645733833312988
 Thread 6 nsolns: 4085
 Thread 3 estimated dimension 1 of 3 : 0.33060027708257467  | time taken : 86.42466592788696
 Thread 2 estimated dimension 1 of 3 : 0.3181444959481106  | time taken : 66.90973401069641
 Thread 3 estimated dimension 2 of 3 : 1  | time taken : 4.932093143463135
 Thread 2 estimated dimension 2 of 3 : 1  | time taken : 4.0777270793914795
 Thread 3 nsolns: 4326
 Thread 2 nsolns: 4679
 Thread 7 estimated dimension 1 of 3 : 0.6595550900852917  | time taken : 35.466585636138916
 Thread 5 estimated dimension 2 of 3 : 0.526460747235351  | time taken : 52.38746690750122
 Thread 5 nsolns: 4043
 Thread 1 estimated dimension 0 of 3 : 0.3854735877079167  | time taken : 67.03548502922058
 Thread 6 estimated dimension 0 of 3 : 0.4324785238419325  | time taken : 54.4079372882843
 Thread 2 estimated dimension 0 of 3 : 0.616298001539041  | time taken : 42.07647657394409
 Thread 4 estimated dimension 1 of 3 : 0.3168082550636998  | time taken : 90.47622990608215
 Thread 3 estimated dimension 0 of 3 : 0.46390641430048435  | time taken : 51.99435520172119
 Thread 7 estimated dimension 2 of 3 : 0.47303470255140584  | time taken : 47.58285641670227
 Thread 7 nsolns: 4042
 Thread 5 estimated dimension 0 of 3 : 0.5656389926628261  | time taken : 37.83863139152527
 Thread 1 estimated dimension 1 of 3 : 0.7057276311826695  | time taken : 26.526427268981934
 Thread 4 estimated dimension 2 of 3 : 1  | time taken : 15.843181371688843
 Thread 4 nsolns: 4271
 Thread 2 estimated dimension 1 of 3 : 0.6472164592588928  | time taken : 30.990874528884888
 Thread 5 estimated dimension 1 of 3 : 0.6242937280432531  | time taken : 26.630595684051514
 Thread 7 estimated dimension 0 of 3 : 0.5824490401951644  | time taken : 41.390554904937744
 Thread 1 estimated dimension 2 of 3 : 0.5025891357022481  | time taken : 49.76551961898804
 Thread 1 nsolns: 4463
 Thread 2 estimated dimension 2 of 3 : 0.5534916751753368  | time taken : 41.440619230270386
 Thread 2 nsolns: 3675
 Thread 7 estimated dimension 1 of 3 : 0.7330743497990466  | time taken : 21.895297527313232
 Thread 6 estimated dimension 1 of 3 : 0.34628627058823447  | time taken : 80.03864908218384
 Thread 4 estimated dimension 0 of 3 : 0.45722436731900035  | time taken : 56.0846221446991
 Thread 3 estimated dimension 1 of 3 : 0.3398172437226647  | time taken : 75.1066517829895
 Thread 6 estimated dimension 2 of 3 : 0.972929024366977  | time taken : 8.69588851928711
 Thread 6 nsolns: 4506
 Thread 5 estimated dimension 2 of 3 : 0.4961507226090119  | time taken : 54.065717697143555
 Thread 5 nsolns: 3852
 Thread 3 estimated dimension 2 of 3 : 1  | time taken : 11.580475091934204
 Thread 3 nsolns: 4405
 Thread 2 estimated dimension 0 of 3 : 0.508642147590847  | time taken : 34.11905241012573
 Thread 7 estimated dimension 2 of 3 : 0.49158087085564656  | time taken : 33.7782928943634
 Thread 7 nsolns: 3847
 Thread 1 estimated dimension 0 of 3 : 0.6057752406720041  | time taken : 41.783900022506714
 Thread 6 estimated dimension 0 of 3 : 0.6010504638556554  | time taken : 32.69898557662964
 Thread 3 estimated dimension 0 of 3 : 0.6575490485835535  | time taken : 32.13581657409668
 Thread 5 estimated dimension 0 of 3 : 0.5974602979006859  | time taken : 41.415263175964355
 Thread 2 estimated dimension 1 of 3 : 0.7061192981942859  | time taken : 35.765268325805664
 Thread 1 estimated dimension 1 of 3 : 0.6435633771207809  | time taken : 31.459512948989868
 Thread 7 estimated dimension 0 of 3 : 0.5480806904045187  | time taken : 34.88429594039917
 Thread 4 estimated dimension 1 of 3 : 0.35499480073018497  | time taken : 69.57278490066528
 Thread 3 estimated dimension 1 of 3 : 0.6561478241557132  | time taken : 20.70043110847473
 Thread 4 estimated dimension 2 of 3 : 1  | time taken : 7.974474668502808
 Thread 4 nsolns: 4434
 Thread 7 estimated dimension 1 of 3 : 0.6540687263532399  | time taken : 27.410576105117798
 Thread 1 estimated dimension 2 of 3 : 0.5372238957292934  | time taken : 40.83637619018555
 Thread 1 nsolns: 3675
 Thread 4 estimated dimension 0 of 3 : 0.6104479093028887  | time taken : 33.15375518798828
 Thread 6 estimated dimension 1 of 3 : 0.33490755146826046  | time taken : 72.25733399391174
 Thread 2 estimated dimension 2 of 3 : 0.49912419259176943  | time taken : 54.649245738983154
 Thread 2 nsolns: 4085
 Thread 6 estimated dimension 2 of 3 : 0.9741372666979559  | time taken : 8.565287828445435
 Thread 6 nsolns: 4177
 Thread 3 estimated dimension 2 of 3 : 0.4958093949498286  | time taken : 58.6661741733551
 Thread 3 nsolns: 3704
 Thread 4 estimated dimension 1 of 3 : 0.6723362181253265  | time taken : 25.82931900024414
 Thread 7 estimated dimension 2 of 3 : 0.5104378204427797  | time taken : 41.90142512321472
 Thread 7 nsolns: 3883
 Thread 5 estimated dimension 1 of 3 : 0.3243138836213263  | time taken : 88.08884835243225
 Thread 2 estimated dimension 0 of 3 : 0.5478723024341695  | time taken : 32.186055183410645
 Thread 5 estimated dimension 2 of 3 : 1  | time taken : 6.9891510009765625
 Thread 5 nsolns: 4250
 Thread 6 estimated dimension 0 of 3 : 0.5607155133525523  | time taken : 36.05429029464722
 Thread 7 estimated dimension 0 of 3 : 0.584208334407329  | time taken : 27.641782522201538
 Thread 1 estimated dimension 0 of 3 : 0.3977784013826537  | time taken : 58.13076615333557
 Thread 4 estimated dimension 2 of 3 : 0.44561360664779626  | time taken : 35.680129051208496
 Thread 4 nsolns: 3894
 Thread 3 estimated dimension 0 of 3 : 0.5706850895377541  | time taken : 43.868396282196045
 Thread 2 estimated dimension 1 of 3 : 0.7047325851790741  | time taken : 28.035716772079468
 Thread 1 estimated dimension 1 of 3 : 0.7181323979000727  | time taken : 23.51826548576355
 Thread 6 estimated dimension 1 of 3 : 0.6422222950603449  | time taken : 36.26574635505676
 Thread 7 estimated dimension 1 of 3 : 0.6834206693327037  | time taken : 33.231093645095825
 Thread 3 estimated dimension 1 of 3 : 0.623854986315598  | time taken : 26.0125732421875
 Thread 5 estimated dimension 0 of 3 : 0.3779196738693164  | time taken : 54.75762915611267
 Thread 2 estimated dimension 2 of 3 : 0.5133893393980893  | time taken : 39.50500535964966
 Thread 2 nsolns: 3908
 Thread 1 estimated dimension 2 of 3 : 0.49703655960104787  | time taken : 40.16423797607422
 Thread 4 estimated dimension 0 of 3 : 0.3548024293947535  | time taken : 58.76057457923889
 Thread 1 nsolns: 4272
 Thread 5 estimated dimension 1 of 3 : 0.6591733595926478  | time taken : 31.127543449401855
 Thread 7 estimated dimension 2 of 3 : 0.4948980292617192  | time taken : 42.42108201980591
 Thread 6 estimated dimension 2 of 3 : 0.536518930181564  | time taken : 47.857956886291504
 Thread 7 nsolns: 3715
 Thread 6 nsolns: 3821
 Thread 3 estimated dimension 2 of 3 : 0.503957249228347  | time taken : 41.81822919845581
 Thread 3 nsolns: 3843
 Thread 2 estimated dimension 0 of 3 : 0.6436888374605158  | time taken : 29.684884071350098
 Thread 4 estimated dimension 1 of 3 : 0.6522526672644662  | time taken : 36.6571729183197
 Thread 1 estimated dimension 0 of 3 : 0.4019529381961756  | time taken : 43.84724044799805
 Thread 6 estimated dimension 0 of 3 : 0.5950485089362961  | time taken : 33.78029274940491
 Thread 3 estimated dimension 0 of 3 : 0.6011097607187252  | time taken : 36.28002858161926
 Thread 5 estimated dimension 2 of 3 : 0.5313262424483959  | time taken : 46.170846462249756
 Thread 7 estimated dimension 0 of 3 : 0.4223852776074746  | time taken : 45.32726240158081
 Thread 5 nsolns: 4460
 Thread 6 estimated dimension 1 of 3 : 0.6906432890683325  | time taken : 24.296209573745728
 Thread 7 estimated dimension 1 of 3 : 0.6693133254114797  | time taken : 30.410910606384277
 Thread 2 estimated dimension 1 of 3 : 0.35708868866848864  | time taken : 68.51965641975403
 Thread 5 estimated dimension 0 of 3 : 0.5522778731610065  | time taken : 35.374375343322754
 Thread 2 estimated dimension 2 of 3 : 1  | time taken : 11.715897560119629
 Thread 4 estimated dimension 2 of 3 : 0.5151442627360234  | time taken : 65.90189909934998
 Thread 2 nsolns: 3999
 Thread 4 nsolns: 4550
 Thread 6 estimated dimension 2 of 3 : 0.5486282663610142  | time taken : 39.3599739074707
 Thread 6 nsolns: 3708
 Thread 1 estimated dimension 1 of 3 : 0.35839070265062717  | time taken : 69.24961519241333
 Thread 1 estimated dimension 2 of 3 : 0.999488294114242  | time taken : 7.878670930862427
 Thread 1 nsolns: 4636
 Thread 5 estimated dimension 1 of 3 : 0.6911081309714006  | time taken : 31.659441471099854
 Thread 3 estimated dimension 1 of 3 : 0.3420472747074802  | time taken : 79.42330265045166
 Thread 3 estimated dimension 2 of 3 : 0.9669672809242157  | time taken : 6.158493518829346
 Thread 7 estimated dimension 2 of 3 : 0.48910416703094867  | time taken : 48.6030330657959
 Thread 3 nsolns: 4180
 Thread 7 nsolns: 4355
 Thread 4 estimated dimension 0 of 3 : 0.5879839768469807  | time taken : 36.909637451171875
 Thread 1 estimated dimension 0 of 3 : 0.458478949362973  | time taken : 45.015398263931274
 Thread 5 estimated dimension 2 of 3 : 0.49141047217690564  | time taken : 43.868990421295166
 Thread 5 nsolns: 3821
 Thread 4 estimated dimension 1 of 3 : 0.6662269551577064  | time taken : 33.032869815826416
 Thread 1 estimated dimension 1 of 3 : 0.628422475040073  | time taken : 24.074324131011963
 Thread 4 estimated dimension 2 of 3 : 0.4967268369910118  | time taken : 43.601452589035034
 Thread 4 nsolns: 3811
 Thread 1 estimated dimension 2 of 3 : 0.4874254690672547  | time taken : 36.39879107475281
 Thread 1 nsolns: 4199
 estimated weights : [0.2026581221906239, 0.18681867332752597, 0.21363487566636097, 0.20594428692019948, 0.19530351561608167, 0.19590880130491942, 0.12316883414789412, 0.19969963449504516, 0.2244994974275264, 0.17581073483097812, 0.16557342332270433, 0.19955669981211058, 0.13753045404347533, 0.17749478390870693, 0.14359205221098878, 0.2081870701413842, 0.19021078137132738, 0.1952363109111641, 0.15117631771074977, 0.2403114072132173, 0.25834901034874547, 0.1555626811819946, 0.16254668578001502, 0.12426745240208366, 0.18120324582392952, 0.17238847350716938, 0.17695926707010826, 0.17737152149786178, 0.22522741065399574, 0.21632519860585228, 0.13527067695529363, 0.13923938460203583, 0.19655158240125695, 0.15697795800309808, 0.20427819243748144, 0.18888819881301072, 0.19791546832870338, 0.17035122272134984, 0.14211269436024487, 0.16523050333050268, 0.1661351121363502, 0.170997627705337, 0.13672402779270332, 0.2207757688676883, 0.14570718859379572, 0.17520316212876433, 0.15764339905285515, 0.20989443899161114, 0.16231227316539343, 0.2094392927547797, 0.17926646137230465, 0.19609026562441892, 0.2139166548116184, 0.18298299488718148, 0.19376466952172597, 0.18289151649142968, 0.19822140234406416, 0.1419822494635662, 0.197593012368389, 0.19320261490571722, 0.17942124798463405, 0.13236111430465883, 0.2298540028793195, 0.11921511332843181, 0.22546770640937203, 0.14398248154926263, 0.19881616562165028, 0.13827370720064786, 0.18756338134131503, 0.19458318860731624, 0.14043628336605443]
