numSolutions: 82 k : 1702
7 82 0.03779644730092272 0.00017421602787456446

 Thread 2 estimated dimension 0 of 7 : 0.6375348517998973  | time taken : 10.769158840179443
 Thread 7 estimated dimension 0 of 7 : 0.36919090086026846  | time taken : 10.800280332565308
 Thread 4 estimated dimension 0 of 7 : 0.6547033073668868  | time taken : 11.099689245223999
 Thread 6 estimated dimension 0 of 7 : 0.6345043242615829  | time taken : 11.280820846557617
 Thread 3 estimated dimension 0 of 7 : 0.3636507515726943  | time taken : 13.917601108551025
 Thread 1 estimated dimension 0 of 7 : 0.37125902468351857  | time taken : 17.124990463256836
 Thread 2 estimated dimension 1 of 7 : 0.7836261794510945  | time taken : 6.4254701137542725
 Thread 5 estimated dimension 0 of 7 : 0.3527973241339038  | time taken : 17.345290660858154
 Thread 6 estimated dimension 1 of 7 : 0.7807544332058469  | time taken : 6.4707512855529785
 Thread 4 estimated dimension 1 of 7 : 0.7650782017149715  | time taken : 6.831387281417847
 Thread 7 estimated dimension 1 of 7 : 0.6770401357833843  | time taken : 7.795068979263306
 Thread 7 estimated dimension 2 of 7 : 1  | time taken : 5.029186487197876
 Thread 1 estimated dimension 1 of 7 : 0.670036665679929  | time taken : 8.15391492843628
 Thread 5 estimated dimension 1 of 7 : 0.6560145321517252  | time taken : 8.031298398971558
 Thread 2 estimated dimension 2 of 7 : 0.5730722712366304  | time taken : 10.229871273040771
 Thread 6 estimated dimension 2 of 7 : 0.549080921121338  | time taken : 10.034926414489746
 Thread 4 estimated dimension 2 of 7 : 0.5540691156240551  | time taken : 11.029484748840332
 Thread 3 estimated dimension 1 of 7 : 0.34175845076603906  | time taken : 15.702646255493164
 Thread 5 estimated dimension 2 of 7 : 0.9930223361087411  | time taken : 4.507890701293945
 Thread 1 estimated dimension 2 of 7 : 0.9715572911479075  | time taken : 4.897236585617065
 Thread 3 estimated dimension 2 of 7 : 1  | time taken : 4.502587795257568
 Thread 7 estimated dimension 3 of 7 : 0.5639808964769721  | time taken : 10.42716646194458
 Thread 2 estimated dimension 3 of 7 : 0.4295941634523098  | time taken : 11.88097882270813
 Thread 3 estimated dimension 3 of 7 : 0.9824724671636401  | time taken : 5.343812942504883
 Thread 6 estimated dimension 3 of 7 : 0.422379476431204  | time taken : 11.761343479156494
 Thread 1 estimated dimension 3 of 7 : 0.5619299787416419  | time taken : 9.909027576446533
 Thread 5 estimated dimension 3 of 7 : 0.5255428832009014  | time taken : 10.328877449035645
 Thread 4 estimated dimension 3 of 7 : 0.42866598599345074  | time taken : 13.297114372253418
 Thread 7 estimated dimension 4 of 7 : 0.5456074795276193  | time taken : 11.033056259155273
 Thread 2 estimated dimension 4 of 7 : 0.53573756171345  | time taken : 9.733778476715088
 Thread 3 estimated dimension 4 of 7 : 0.5563280435099741  | time taken : 10.423107385635376
 Thread 1 estimated dimension 4 of 7 : 0.5504118650252082  | time taken : 10.327547311782837
 Thread 6 estimated dimension 4 of 7 : 0.5472530687175021  | time taken : 10.787492752075195
 Thread 5 estimated dimension 4 of 7 : 0.4727819887602617  | time taken : 10.342222452163696
 Thread 4 estimated dimension 4 of 7 : 0.5411411058782738  | time taken : 10.91632890701294
 Thread 7 estimated dimension 5 of 7 : 0.6399757887952591  | time taken : 8.558880805969238
 Thread 1 estimated dimension 5 of 7 : 0.6415701993658686  | time taken : 8.075303077697754
 Thread 2 estimated dimension 5 of 7 : 0.3701162583856109  | time taken : 14.096980810165405
 Thread 6 estimated dimension 5 of 7 : 0.3741487590693949  | time taken : 13.447182178497314
 Thread 7 estimated dimension 6 of 7 : 0.5553725639912598  | time taken : 10.161343812942505
 Thread 7 nsolns: 20897
 Thread 3 estimated dimension 5 of 7 : 0.36589162905926653  | time taken : 14.475230932235718
 Thread 2 estimated dimension 6 of 7 : 1  | time taken : 3.998948812484741
 Thread 2 nsolns: 21182
 Thread 4 estimated dimension 5 of 7 : 0.3657841151203175  | time taken : 14.362977504730225
 Thread 6 estimated dimension 6 of 7 : 1  | time taken : 4.565395832061768
 Thread 6 nsolns: 21202
 Thread 5 estimated dimension 5 of 7 : 0.30095645323530473  | time taken : 17.82472801208496
 Thread 3 estimated dimension 6 of 7 : 1  | time taken : 4.609298467636108
 Thread 3 nsolns: 22416
 Thread 1 estimated dimension 6 of 7 : 0.5836066656122811  | time taken : 10.74318528175354
 Thread 1 nsolns: 20738
 Thread 4 estimated dimension 6 of 7 : 1  | time taken : 4.936042070388794
 Thread 4 nsolns: 21205
 Thread 5 estimated dimension 6 of 7 : 0.9638955270876429  | time taken : 4.854889869689941
 Thread 5 nsolns: 22971
 Thread 7 estimated dimension 0 of 7 : 0.37076035908476884  | time taken : 15.818063735961914
 Thread 2 estimated dimension 0 of 7 : 0.3638083306355861  | time taken : 15.141771793365479
 Thread 1 estimated dimension 0 of 7 : 0.3572342446866098  | time taken : 14.62241005897522
 Thread 6 estimated dimension 0 of 7 : 0.3628756690397754  | time taken : 15.708700180053711
 Thread 3 estimated dimension 0 of 7 : 0.3642817518296521  | time taken : 15.381081342697144
 Thread 7 estimated dimension 1 of 7 : 0.6736996107017119  | time taken : 8.38197112083435
 Thread 4 estimated dimension 0 of 7 : 0.3749136563051239  | time taken : 16.101229429244995
 Thread 5 estimated dimension 0 of 7 : 0.35531656824559  | time taken : 15.354575395584106
 Thread 2 estimated dimension 1 of 7 : 0.6841157677493592  | time taken : 7.621060371398926
 Thread 1 estimated dimension 1 of 7 : 0.6625245392009604  | time taken : 7.702489137649536
 Thread 6 estimated dimension 1 of 7 : 0.6492092284993953  | time taken : 7.925862073898315
 Thread 3 estimated dimension 1 of 7 : 0.6456563881343521  | time taken : 8.12864375114441
 Thread 7 estimated dimension 2 of 7 : 1  | time taken : 4.946056842803955
 Thread 2 estimated dimension 2 of 7 : 0.9821216870994639  | time taken : 5.0569562911987305
 Thread 1 estimated dimension 2 of 7 : 0.9913881819202256  | time taken : 4.79541540145874
 Thread 6 estimated dimension 2 of 7 : 1  | time taken : 4.725391864776611
 Thread 5 estimated dimension 1 of 7 : 0.685599691700647  | time taken : 8.077582597732544
 Thread 4 estimated dimension 1 of 7 : 0.6686478894584731  | time taken : 8.277145385742188
 Thread 3 estimated dimension 2 of 7 : 0.9589850702444583  | time taken : 5.117027759552002
 Thread 4 estimated dimension 2 of 7 : 0.9937636282897425  | time taken : 5.16769003868103
 Thread 5 estimated dimension 2 of 7 : 0.9903136725901835  | time taken : 5.194993257522583
 Thread 7 estimated dimension 3 of 7 : 0.5420998642923492  | time taken : 12.136792659759521
 Thread 2 estimated dimension 3 of 7 : 0.5553651360922716  | time taken : 11.382549047470093
 Thread 6 estimated dimension 3 of 7 : 0.5454484980784342  | time taken : 9.874920845031738
 Thread 1 estimated dimension 3 of 7 : 0.44903977966828895  | time taken : 12.53211760520935
 Thread 3 estimated dimension 3 of 7 : 0.4235700071648245  | time taken : 12.691935777664185
 Thread 5 estimated dimension 3 of 7 : 0.5404651756599567  | time taken : 10.740453481674194
 Thread 4 estimated dimension 3 of 7 : 0.4398046599280954  | time taken : 12.048855066299438
 Thread 7 estimated dimension 4 of 7 : 0.5508720189116236  | time taken : 10.472113132476807
 Thread 2 estimated dimension 4 of 7 : 0.540498788074175  | time taken : 10.100548505783081
 Thread 6 estimated dimension 4 of 7 : 0.4789401745466348  | time taken : 10.383388996124268
 Thread 1 estimated dimension 4 of 7 : 0.5457865349255935  | time taken : 9.831459760665894
 Thread 3 estimated dimension 4 of 7 : 0.5454958084591263  | time taken : 10.967777967453003
 Thread 5 estimated dimension 4 of 7 : 0.5640900077059413  | time taken : 10.424572229385376
 Thread 4 estimated dimension 4 of 7 : 0.5458952127729698  | time taken : 9.90915322303772
 Thread 7 estimated dimension 5 of 7 : 0.6176003618112675  | time taken : 8.383963584899902
 Thread 2 estimated dimension 5 of 7 : 0.6414891762837311  | time taken : 8.483683824539185
 Thread 3 estimated dimension 5 of 7 : 0.6296184595962026  | time taken : 8.189064741134644
 Thread 5 estimated dimension 5 of 7 : 0.6516836388842824  | time taken : 7.868977308273315
 Thread 1 estimated dimension 5 of 7 : 0.3831095570339821  | time taken : 14.395656824111938
 Thread 6 estimated dimension 5 of 7 : 0.301254002722567  | time taken : 16.233393669128418
 Thread 7 estimated dimension 6 of 7 : 0.549945237714538  | time taken : 9.624115467071533
 Thread 7 nsolns: 20957
 Thread 2 estimated dimension 6 of 7 : 0.5728120598579624  | time taken : 10.164189100265503
 Thread 2 nsolns: 20805
 Thread 1 estimated dimension 6 of 7 : 1  | time taken : 4.513372421264648
 Thread 1 nsolns: 22182
 Thread 6 estimated dimension 6 of 7 : 0.976502144922913  | time taken : 4.879552602767944
 Thread 6 nsolns: 22856
 Thread 4 estimated dimension 5 of 7 : 0.3756631096143054  | time taken : 14.751932144165039
 Thread 5 estimated dimension 6 of 7 : 0.5479823077256399  | time taken : 10.818000555038452
 Thread 5 nsolns: 20764
 Thread 3 estimated dimension 6 of 7 : 0.46408052944503986  | time taken : 12.665166854858398
 Thread 3 nsolns: 22337
 Thread 4 estimated dimension 6 of 7 : 0.9981192448163622  | time taken : 3.781822919845581
 Thread 4 nsolns: 22194
 Thread 7 estimated dimension 0 of 7 : 0.6209362154981897  | time taken : 9.992607355117798
 Thread 6 estimated dimension 0 of 7 : 0.6387185871641242  | time taken : 8.327413082122803
 Thread 1 estimated dimension 0 of 7 : 0.37159514181494707  | time taken : 12.74897837638855
 Thread 7 estimated dimension 1 of 7 : 0.7972049251693076  | time taken : 7.236230134963989
 Thread 2 estimated dimension 0 of 7 : 0.3649648552124244  | time taken : 16.765652418136597
 Thread 6 estimated dimension 1 of 7 : 0.7875807121437756  | time taken : 7.30249547958374
 Thread 5 estimated dimension 0 of 7 : 0.3604966317645179  | time taken : 15.845743179321289
 Thread 3 estimated dimension 0 of 7 : 0.3731125095347843  | time taken : 16.312284469604492
 Thread 4 estimated dimension 0 of 7 : 0.3730094077070718  | time taken : 16.583834171295166
 Thread 2 estimated dimension 1 of 7 : 0.6840201814398392  | time taken : 7.859932899475098
 Thread 7 estimated dimension 2 of 7 : 0.5391309434048667  | time taken : 10.469237565994263
 Thread 6 estimated dimension 2 of 7 : 0.5533979174713861  | time taken : 9.614638805389404
 Thread 2 estimated dimension 2 of 7 : 1  | time taken : 4.756624937057495
 Thread 5 estimated dimension 1 of 7 : 0.6738285540983736  | time taken : 7.717103481292725
 Thread 1 estimated dimension 1 of 7 : 0.34921106490019654  | time taken : 16.006115674972534
 Thread 3 estimated dimension 1 of 7 : 0.6656909296964232  | time taken : 8.088058710098267
 Thread 4 estimated dimension 1 of 7 : 0.6859135610217044  | time taken : 7.8324809074401855
 Thread 5 estimated dimension 2 of 7 : 1  | time taken : 5.279047966003418
 Thread 1 estimated dimension 2 of 7 : 1  | time taken : 4.495632171630859
 Thread 3 estimated dimension 2 of 7 : 0.9961089730706046  | time taken : 4.803407192230225
 Thread 4 estimated dimension 2 of 7 : 1  | time taken : 5.200727462768555
 Thread 7 estimated dimension 3 of 7 : 0.4184650684516327  | time taken : 13.12343430519104
 Thread 2 estimated dimension 3 of 7 : 0.5602929623058281  | time taken : 10.919338941574097
 Thread 6 estimated dimension 3 of 7 : 0.42776852510536784  | time taken : 12.394622087478638
 Thread 1 estimated dimension 3 of 7 : 1  | time taken : 5.18868350982666
 Thread 3 estimated dimension 3 of 7 : 0.5445248281668346  | time taken : 10.590201616287231
 Thread 5 estimated dimension 3 of 7 : 0.42803711738852995  | time taken : 12.591232299804688
 Thread 4 estimated dimension 3 of 7 : 0.41843361274304436  | time taken : 12.605184316635132
 Thread 7 estimated dimension 4 of 7 : 0.5326528252484007  | time taken : 10.164234638214111
 Thread 2 estimated dimension 4 of 7 : 0.48418921906023077  | time taken : 10.575036764144897
 Thread 6 estimated dimension 4 of 7 : 0.5405137257109759  | time taken : 10.555190086364746
 Thread 1 estimated dimension 4 of 7 : 0.5477598152862764  | time taken : 10.533860683441162
 Thread 3 estimated dimension 4 of 7 : 0.5436688857220864  | time taken : 11.174827098846436
 Thread 5 estimated dimension 4 of 7 : 0.5396936341859766  | time taken : 10.321998119354248
 Thread 4 estimated dimension 4 of 7 : 0.5476123288286878  | time taken : 10.60830307006836
 Thread 7 estimated dimension 5 of 7 : 0.3624267376951949  | time taken : 14.35442042350769
 Thread 1 estimated dimension 5 of 7 : 0.3723873675084146  | time taken : 13.581040620803833
 Thread 6 estimated dimension 5 of 7 : 0.3792350088054477  | time taken : 14.874375343322754
 Thread 5 estimated dimension 5 of 7 : 0.6371924703101726  | time taken : 8.226043462753296
 Thread 7 estimated dimension 6 of 7 : 0.9942788350565912  | time taken : 4.638469457626343
 Thread 7 nsolns: 21346
 Thread 2 estimated dimension 5 of 7 : 0.3046571400852119  | time taken : 18.143887758255005
 Thread 1 estimated dimension 6 of 7 : 1  | time taken : 5.102915048599243
 Thread 1 nsolns: 22399
 Thread 6 estimated dimension 6 of 7 : 0.9714232068641468  | time taken : 4.523178339004517
 Thread 6 nsolns: 21158
 Thread 3 estimated dimension 5 of 7 : 0.3708539054783625  | time taken : 13.723873138427734
 Thread 4 estimated dimension 5 of 7 : 0.36168128038236547  | time taken : 13.328922748565674
 Thread 2 estimated dimension 6 of 7 : 0.9562207327776484  | time taken : 5.1743857860565186
 Thread 2 nsolns: 22965
 Thread 3 estimated dimension 6 of 7 : 1  | time taken : 4.982787370681763
 Thread 3 nsolns: 21435
 Thread 5 estimated dimension 6 of 7 : 0.4664199141805379  | time taken : 10.727147579193115
 Thread 5 nsolns: 22269
 Thread 4 estimated dimension 6 of 7 : 1  | time taken : 5.191439628601074
 Thread 4 nsolns: 22334
 Thread 7 estimated dimension 0 of 7 : 0.37487405129962953  | time taken : 14.24153733253479
 Thread 1 estimated dimension 0 of 7 : 0.36245879375356693  | time taken : 15.29403018951416
 Thread 6 estimated dimension 0 of 7 : 0.37249148060788767  | time taken : 15.32523512840271
 Thread 3 estimated dimension 0 of 7 : 0.660295076577916  | time taken : 9.31759524345398
 Thread 2 estimated dimension 0 of 7 : 0.3709451369661584  | time taken : 16.661332607269287
 Thread 7 estimated dimension 1 of 7 : 0.6700717574425807  | time taken : 8.501226425170898
 Thread 5 estimated dimension 0 of 7 : 0.37796112489249445  | time taken : 15.637654066085815
 Thread 3 estimated dimension 1 of 7 : 0.7672583381453935  | time taken : 7.180893421173096
 Thread 1 estimated dimension 1 of 7 : 0.6687857618897277  | time taken : 7.960582733154297
 Thread 4 estimated dimension 0 of 7 : 0.3710799925862677  | time taken : 15.887958526611328
 Thread 7 estimated dimension 2 of 7 : 1  | time taken : 5.106897592544556
 Thread 2 estimated dimension 1 of 7 : 0.6685946026873983  | time taken : 8.017316341400146
 Thread 1 estimated dimension 2 of 7 : 1  | time taken : 5.187282562255859
 Thread 6 estimated dimension 1 of 7 : 0.3382499735881175  | time taken : 15.337433099746704
 Thread 2 estimated dimension 2 of 7 : 0.9928519845726964  | time taken : 4.689984321594238
 Thread 3 estimated dimension 2 of 7 : 0.5721475719281093  | time taken : 10.525168180465698
 Thread 6 estimated dimension 2 of 7 : 1  | time taken : 5.481554269790649
 Thread 7 estimated dimension 3 of 7 : 0.42202085271665724  | time taken : 12.378905296325684
 Thread 5 estimated dimension 1 of 7 : 0.3443566099250804  | time taken : 16.172301769256592
 Thread 4 estimated dimension 1 of 7 : 0.34494207251993764  | time taken : 15.733973026275635
 Thread 1 estimated dimension 3 of 7 : 0.5615473910640617  | time taken : 11.652372598648071
 Thread 6 estimated dimension 3 of 7 : 0.9770036473763836  | time taken : 4.740206718444824
 Thread 3 estimated dimension 3 of 7 : 0.5648162369899448  | time taken : 9.535367012023926
 Thread 5 estimated dimension 2 of 7 : 0.9912151523139797  | time taken : 5.084881782531738
 Thread 4 estimated dimension 2 of 7 : 0.9922377261501694  | time taken : 4.213784217834473
 Thread 2 estimated dimension 3 of 7 : 0.5290255885756314  | time taken : 11.131291627883911
 Thread 5 estimated dimension 3 of 7 : 0.9944029842717191  | time taken : 4.788943767547607
 Thread 4 estimated dimension 3 of 7 : 0.9924734992702069  | time taken : 5.013118743896484
 Thread 7 estimated dimension 4 of 7 : 0.5422806034805148  | time taken : 10.55463719367981
 Thread 1 estimated dimension 4 of 7 : 0.536355074636314  | time taken : 10.96692705154419
 Thread 6 estimated dimension 4 of 7 : 0.546357505447808  | time taken : 11.063972473144531
 Thread 2 estimated dimension 4 of 7 : 0.5386520256081183  | time taken : 10.46389627456665
 Thread 3 estimated dimension 4 of 7 : 0.49312319627484713  | time taken : 11.653413772583008
 Thread 5 estimated dimension 4 of 7 : 0.5562555560852842  | time taken : 10.049036026000977
 Thread 1 estimated dimension 5 of 7 : 0.6281239480164692  | time taken : 8.145521879196167
 Thread 4 estimated dimension 4 of 7 : 0.5489283294161814  | time taken : 10.316283702850342
 Thread 7 estimated dimension 5 of 7 : 0.3748628260314534  | time taken : 13.341819047927856
 Thread 2 estimated dimension 5 of 7 : 0.6376630846191104  | time taken : 7.910922050476074
 Thread 6 estimated dimension 5 of 7 : 0.36070229695507144  | time taken : 14.774599313735962
 Thread 7 estimated dimension 6 of 7 : 1  | time taken : 4.837905168533325
 Thread 7 nsolns: 22373
 Thread 1 estimated dimension 6 of 7 : 0.5450055279660512  | time taken : 10.188092470169067
 Thread 1 nsolns: 20874
 Thread 3 estimated dimension 5 of 7 : 0.3025234322295303  | time taken : 16.980762004852295
 Thread 6 estimated dimension 6 of 7 : 1  | time taken : 4.694084405899048
 Thread 6 nsolns: 22447
 Thread 2 estimated dimension 6 of 7 : 0.5779885504900244  | time taken : 9.754186630249023
 Thread 2 nsolns: 20765
 Thread 5 estimated dimension 5 of 7 : 0.37016731431461497  | time taken : 14.042351484298706
 Thread 4 estimated dimension 5 of 7 : 0.37099043113103275  | time taken : 13.984909772872925
 Thread 3 estimated dimension 6 of 7 : 0.9831600598712522  | time taken : 4.931503057479858
 Thread 3 nsolns: 21843
 Thread 7 estimated dimension 0 of 7 : 0.6475581856087124  | time taken : 10.061319351196289
 Thread 5 estimated dimension 6 of 7 : 0.9494445599655953  | time taken : 4.941090822219849
 Thread 5 nsolns: 22295
 Thread 4 estimated dimension 6 of 7 : 1  | time taken : 4.6297829151153564
 Thread 4 nsolns: 22441
 Thread 2 estimated dimension 0 of 7 : 0.6353707058702805  | time taken : 10.005843162536621
 Thread 7 estimated dimension 1 of 7 : 0.7702316809191201  | time taken : 7.656158208847046
 Thread 1 estimated dimension 0 of 7 : 0.3513040794321017  | time taken : 15.917709589004517
 Thread 6 estimated dimension 0 of 7 : 0.3673752552919147  | time taken : 15.298973083496094
 Thread 2 estimated dimension 1 of 7 : 0.740015408264692  | time taken : 6.812288522720337
 Thread 3 estimated dimension 0 of 7 : 0.3668774103261908  | time taken : 15.554317235946655
 Thread 1 estimated dimension 1 of 7 : 0.6793766445094989  | time taken : 7.541621208190918
 Thread 5 estimated dimension 0 of 7 : 0.368614126090919  | time taken : 15.269112825393677
 Thread 4 estimated dimension 0 of 7 : 0.3687226204607912  | time taken : 16.51357626914978
 Thread 6 estimated dimension 1 of 7 : 0.6883782923892333  | time taken : 7.864985704421997
 Thread 7 estimated dimension 2 of 7 : 0.5614204109472728  | time taken : 10.231109857559204
 Thread 1 estimated dimension 2 of 7 : 0.9991813932198484  | time taken : 4.485098838806152
 Thread 2 estimated dimension 2 of 7 : 0.5771631906668532  | time taken : 9.891821146011353
 Thread 6 estimated dimension 2 of 7 : 0.9938594541050645  | time taken : 4.923032283782959
 Thread 3 estimated dimension 1 of 7 : 0.6758403365627659  | time taken : 7.7837114334106445
 Thread 5 estimated dimension 1 of 7 : 0.6773382728149921  | time taken : 8.035946607589722
 Thread 4 estimated dimension 1 of 7 : 0.6542934349058558  | time taken : 8.162348985671997
 Thread 3 estimated dimension 2 of 7 : 1  | time taken : 5.135931491851807
 Thread 5 estimated dimension 2 of 7 : 0.9833009980842864  | time taken : 4.983519792556763
 Thread 4 estimated dimension 2 of 7 : 0.9963136561969231  | time taken : 4.679129600524902
 Thread 7 estimated dimension 3 of 7 : 0.41956836878385567  | time taken : 12.535922050476074
 Thread 1 estimated dimension 3 of 7 : 0.5384093616528717  | time taken : 11.946818113327026
 Thread 6 estimated dimension 3 of 7 : 0.5501812873403323  | time taken : 10.75499176979065
 Thread 2 estimated dimension 3 of 7 : 0.43504779536126054  | time taken : 12.508355617523193
 Thread 3 estimated dimension 3 of 7 : 0.4403247967598727  | time taken : 12.658478736877441
 Thread 5 estimated dimension 3 of 7 : 0.5612017755244264  | time taken : 11.914683103561401
 Thread 1 estimated dimension 4 of 7 : 0.5413868928657627  | time taken : 8.922824144363403
 Thread 7 estimated dimension 4 of 7 : 0.4716335152193356  | time taken : 10.439662456512451
 Thread 4 estimated dimension 3 of 7 : 0.5475033292043865  | time taken : 10.90879511833191
 Thread 2 estimated dimension 4 of 7 : 0.5413921063158607  | time taken : 10.1238374710083
 Thread 6 estimated dimension 4 of 7 : 0.4740397752932265  | time taken : 11.638370037078857
 Thread 7 estimated dimension 5 of 7 : 0.7994805823382528  | time taken : 7.029006004333496
 Thread 4 estimated dimension 4 of 7 : 0.5387591357880033  | time taken : 9.264317989349365
 Thread 3 estimated dimension 4 of 7 : 0.5449837379137115  | time taken : 10.639567613601685
 Thread 5 estimated dimension 4 of 7 : 0.4720517655681194  | time taken : 11.608022689819336
 Thread 1 estimated dimension 5 of 7 : 0.36900702026423116  | time taken : 14.444602966308594
 Thread 2 estimated dimension 5 of 7 : 0.37774159422091125  | time taken : 14.451759338378906
 Thread 4 estimated dimension 5 of 7 : 0.6386024248197933  | time taken : 8.398567199707031
 Thread 3 estimated dimension 5 of 7 : 0.6415151250424602  | time taken : 8.220149278640747
 Thread 7 estimated dimension 6 of 7 : 0.45736461906699066  | time taken : 11.867620468139648
 Thread 7 nsolns: 21314
 Thread 1 estimated dimension 6 of 7 : 1  | time taken : 4.692163705825806
 Thread 1 nsolns: 21456
 Thread 6 estimated dimension 5 of 7 : 0.29502112762576704  | time taken : 17.02187156677246
 Thread 2 estimated dimension 6 of 7 : 0.9719122212145064  | time taken : 3.8896963596343994
 Thread 2 nsolns: 21259
 Thread 6 estimated dimension 6 of 7 : 1  | time taken : 4.357795715332031
 Thread 6 nsolns: 22870
 Thread 4 estimated dimension 6 of 7 : 0.5483582331371141  | time taken : 10.441739320755005
 Thread 4 nsolns: 21027
 Thread 5 estimated dimension 5 of 7 : 0.3010632758824866  | time taken : 17.79949688911438
 Thread 3 estimated dimension 6 of 7 : 0.4650657111489048  | time taken : 11.557648181915283
 Thread 3 nsolns: 22319
 Thread 5 estimated dimension 6 of 7 : 1  | time taken : 4.900711536407471
 Thread 5 nsolns: 23036
 Thread 7 estimated dimension 0 of 7 : 0.36524903776078826  | time taken : 16.151333808898926
 Thread 1 estimated dimension 0 of 7 : 0.35273221165294016  | time taken : 16.24299931526184
 Thread 2 estimated dimension 0 of 7 : 0.36508178126767316  | time taken : 15.336663722991943
 Thread 6 estimated dimension 0 of 7 : 0.3574917469053063  | time taken : 15.360995531082153
 Thread 1 estimated dimension 1 of 7 : 0.6818715030763425  | time taken : 7.9480531215667725
 Thread 7 estimated dimension 1 of 7 : 0.6415403611371017  | time taken : 8.295517683029175
 Thread 4 estimated dimension 0 of 7 : 0.3659906346949087  | time taken : 16.130228519439697
 Thread 2 estimated dimension 1 of 7 : 0.6818373885236451  | time taken : 7.917410850524902
 Thread 3 estimated dimension 0 of 7 : 0.3598283837645302  | time taken : 15.24396538734436
 Thread 6 estimated dimension 1 of 7 : 0.6711023009439104  | time taken : 7.049823999404907
 Thread 7 estimated dimension 2 of 7 : 1  | time taken : 5.085607051849365
 Thread 1 estimated dimension 2 of 7 : 1  | time taken : 5.1721577644348145
 Thread 5 estimated dimension 0 of 7 : 0.37892195529225564  | time taken : 14.843719959259033
 Thread 2 estimated dimension 2 of 7 : 0.999719631171125  | time taken : 5.263810634613037
 Thread 6 estimated dimension 2 of 7 : 0.9759022641884497  | time taken : 4.693730115890503
 Thread 5 estimated dimension 1 of 7 : 0.6526283794317956  | time taken : 8.3519127368927
 Thread 1 estimated dimension 3 of 7 : 0.5523843448309584  | time taken : 11.521477460861206
 Thread 2 estimated dimension 3 of 7 : 0.5380353978867843  | time taken : 9.960920572280884
 Thread 4 estimated dimension 1 of 7 : 0.34811000736976194  | time taken : 16.30924391746521
 Thread 3 estimated dimension 1 of 7 : 0.3509837985703301  | time taken : 16.074168920516968
 Thread 7 estimated dimension 3 of 7 : 0.42676286654105844  | time taken : 12.780092477798462
 Thread 5 estimated dimension 2 of 7 : 1  | time taken : 4.45115327835083
 Thread 6 estimated dimension 3 of 7 : 0.5707634532203515  | time taken : 10.292922258377075
 Thread 4 estimated dimension 2 of 7 : 0.9711859032763195  | time taken : 4.593867778778076
 Thread 3 estimated dimension 2 of 7 : 1  | time taken : 4.857723236083984
 Thread 4 estimated dimension 3 of 7 : 1  | time taken : 4.6894309520721436
 Thread 7 estimated dimension 4 of 7 : 0.5528877365536389  | time taken : 9.286305665969849
 Thread 1 estimated dimension 4 of 7 : 0.5706329063739556  | time taken : 10.741061210632324
 Thread 3 estimated dimension 3 of 7 : 1  | time taken : 4.763186931610107
 Thread 2 estimated dimension 4 of 7 : 0.47842473579657974  | time taken : 11.333532333374023
 Thread 5 estimated dimension 3 of 7 : 0.5603594797009178  | time taken : 10.432681560516357
 Thread 6 estimated dimension 4 of 7 : 0.5483984058847006  | time taken : 11.272940397262573
 Thread 7 estimated dimension 5 of 7 : 0.6363055011919804  | time taken : 8.235068321228027
 Thread 3 estimated dimension 4 of 7 : 0.5454362806992187  | time taken : 9.148711442947388
 Thread 4 estimated dimension 4 of 7 : 0.5469298689326697  | time taken : 11.338026285171509
 Thread 5 estimated dimension 4 of 7 : 0.5319451443809561  | time taken : 9.546481132507324
 Thread 6 estimated dimension 5 of 7 : 0.6627359556651856  | time taken : 7.726384401321411
 Thread 1 estimated dimension 5 of 7 : 0.385694751842042  | time taken : 14.359959125518799
 Thread 1 estimated dimension 6 of 7 : 0.986105531006184  | time taken : 4.819725513458252
 Thread 1 nsolns: 21392
 Thread 2 estimated dimension 5 of 7 : 0.3035868310415178  | time taken : 18.441468000411987
 Thread 7 estimated dimension 6 of 7 : 0.46251430903337015  | time taken : 11.563188314437866
 Thread 7 nsolns: 22404
 Thread 6 estimated dimension 6 of 7 : 0.5689885226347431  | time taken : 10.454006433486938
 Thread 6 nsolns: 20813
 Thread 3 estimated dimension 5 of 7 : 0.3702200373890503  | time taken : 14.031430006027222
 Thread 2 estimated dimension 6 of 7 : 0.9810194734416221  | time taken : 4.7442731857299805
 Thread 2 nsolns: 23012
 Thread 5 estimated dimension 5 of 7 : 0.37202042523436607  | time taken : 13.810211181640625
 Thread 4 estimated dimension 5 of 7 : 0.3646418026397931  | time taken : 14.353479623794556
 Thread 3 estimated dimension 6 of 7 : 0.9773217216637922  | time taken : 4.39342474937439
 Thread 3 nsolns: 22392
 Thread 5 estimated dimension 6 of 7 : 1  | time taken : 4.800887823104858
 Thread 5 nsolns: 21384
 Thread 4 estimated dimension 6 of 7 : 0.9943006662514632  | time taken : 4.895940542221069
 Thread 4 nsolns: 22433
 Thread 2 estimated dimension 0 of 7 : 0.6500384661405627  | time taken : 9.721329689025879
 Thread 7 estimated dimension 0 of 7 : 0.35991075074957724  | time taken : 14.952320575714111
 Thread 1 estimated dimension 0 of 7 : 0.377334626725789  | time taken : 15.785586833953857
 Thread 6 estimated dimension 0 of 7 : 0.3572974962936579  | time taken : 15.68472170829773
 Thread 2 estimated dimension 1 of 7 : 0.8018432243930582  | time taken : 6.948237419128418
 Thread 7 estimated dimension 1 of 7 : 0.6567349293013167  | time taken : 7.9143970012664795
 Thread 1 estimated dimension 1 of 7 : 0.6688024405059111  | time taken : 7.818481206893921
 Thread 3 estimated dimension 0 of 7 : 0.36076435615796815  | time taken : 16.105201482772827
 Thread 6 estimated dimension 1 of 7 : 0.7073354382200929  | time taken : 7.571759462356567
 Thread 5 estimated dimension 0 of 7 : 0.37095082898948273  | time taken : 15.22231936454773
 Thread 4 estimated dimension 0 of 7 : 0.373175819819247  | time taken : 15.240798234939575
 Thread 7 estimated dimension 2 of 7 : 1  | time taken : 4.536067008972168
 Thread 1 estimated dimension 2 of 7 : 1  | time taken : 5.234232425689697
 Thread 6 estimated dimension 2 of 7 : 0.9991389996624417  | time taken : 4.383049249649048
 Thread 2 estimated dimension 2 of 7 : 0.563928503472243  | time taken : 10.344517946243286
 Thread 3 estimated dimension 1 of 7 : 0.6680542135934819  | time taken : 8.20252275466919
 Thread 5 estimated dimension 1 of 7 : 0.6536217152631076  | time taken : 7.679422616958618
 Thread 4 estimated dimension 1 of 7 : 0.6549039409102214  | time taken : 8.069530963897705
 Thread 5 estimated dimension 2 of 7 : 1  | time taken : 4.698353052139282
 Thread 3 estimated dimension 2 of 7 : 1  | time taken : 5.280914068222046
 Thread 4 estimated dimension 2 of 7 : 0.9741254926102495  | time taken : 4.508320569992065
 Thread 7 estimated dimension 3 of 7 : 0.5516681107780113  | time taken : 11.355178117752075
 Thread 1 estimated dimension 3 of 7 : 0.5440031576783488  | time taken : 10.83586311340332
 Thread 6 estimated dimension 3 of 7 : 0.5552660791157529  | time taken : 10.237870693206787
 Thread 2 estimated dimension 3 of 7 : 0.4346254514136594  | time taken : 12.805198431015015
 Thread 3 estimated dimension 3 of 7 : 0.5294220184247553  | time taken : 9.914341926574707
 Thread 5 estimated dimension 3 of 7 : 0.5613470115452367  | time taken : 11.064749479293823
 Thread 4 estimated dimension 3 of 7 : 0.559343488110422  | time taken : 10.654694557189941
 Thread 7 estimated dimension 4 of 7 : 0.5579566672879316  | time taken : 10.499825239181519
 Thread 1 estimated dimension 4 of 7 : 0.5335912876088527  | time taken : 10.309616327285767
 Thread 6 estimated dimension 4 of 7 : 0.5516399511565987  | time taken : 10.432550191879272
 Thread 2 estimated dimension 4 of 7 : 0.5537190395749634  | time taken : 10.589978694915771
 Thread 7 estimated dimension 5 of 7 : 0.6273166335323759  | time taken : 8.43514347076416
 Thread 3 estimated dimension 4 of 7 : 0.5565569058684726  | time taken : 10.293535470962524
 Thread 1 estimated dimension 5 of 7 : 0.6540180682991658  | time taken : 8.497868776321411
 Thread 6 estimated dimension 5 of 7 : 0.6256287667617855  | time taken : 7.802766799926758
 Thread 5 estimated dimension 4 of 7 : 0.48187391405609703  | time taken : 11.135349035263062
 Thread 4 estimated dimension 4 of 7 : 0.5525027941863017  | time taken : 11.78962779045105
 Thread 3 estimated dimension 5 of 7 : 0.637390017516637  | time taken : 8.115903615951538
 Thread 7 estimated dimension 6 of 7 : 0.5604840379731636  | time taken : 10.173927068710327
 Thread 7 nsolns: 20980
 Thread 2 estimated dimension 5 of 7 : 0.3668084306578548  | time taken : 13.274241924285889
 Thread 1 estimated dimension 6 of 7 : 0.5530680429270007  | time taken : 10.0465989112854
 Thread 1 nsolns: 20896
 Thread 6 estimated dimension 6 of 7 : 0.5527449280040084  | time taken : 10.367170810699463
 Thread 6 nsolns: 20915
 Thread 4 estimated dimension 5 of 7 : 0.6189768675078239  | time taken : 8.646904945373535
 Thread 2 estimated dimension 6 of 7 : 1  | time taken : 4.837916851043701
 Thread 2 nsolns: 21214
 Thread 3 estimated dimension 6 of 7 : 0.5742840297903036  | time taken : 9.941554546356201
 Thread 3 nsolns: 20809
 Thread 5 estimated dimension 5 of 7 : 0.30106631407677176  | time taken : 17.092096090316772
 Thread 4 estimated dimension 6 of 7 : 0.5819363846822357  | time taken : 9.150071382522583
 Thread 6 estimated dimension 0 of 7 : 0.6569729699639343  | time taken : 9.843481302261353
 Thread 4 nsolns: 20748
 Thread 5 estimated dimension 6 of 7 : 0.9450138761035791  | time taken : 4.699773788452148
 Thread 5 nsolns: 22923
 Thread 7 estimated dimension 0 of 7 : 0.3622537863371569  | time taken : 15.427703380584717
 Thread 1 estimated dimension 0 of 7 : 0.36046234488423284  | time taken : 17.07285714149475
 Thread 6 estimated dimension 1 of 7 : 0.770051859513459  | time taken : 7.222971200942993
 Thread 2 estimated dimension 0 of 7 : 0.3634562190852837  | time taken : 15.74323582649231
 Thread 7 estimated dimension 1 of 7 : 0.6859995412965494  | time taken : 7.962893724441528
 Thread 3 estimated dimension 0 of 7 : 0.36462178025088676  | time taken : 16.438239574432373
 Thread 4 estimated dimension 0 of 7 : 0.36950107507726077  | time taken : 14.546223878860474
 Thread 6 estimated dimension 2 of 7 : 0.563587083716894  | time taken : 10.32914662361145
 Thread 7 estimated dimension 2 of 7 : 0.9995117386208769  | time taken : 5.302192687988281
 Thread 5 estimated dimension 0 of 7 : 0.36681344858022724  | time taken : 16.97313165664673
 Thread 3 estimated dimension 1 of 7 : 0.6787578659496928  | time taken : 7.7888267040252686
 Thread 4 estimated dimension 1 of 7 : 0.6711090003675764  | time taken : 7.7736780643463135
 Thread 1 estimated dimension 1 of 7 : 0.3328560565854892  | time taken : 16.642728805541992
 Thread 3 estimated dimension 2 of 7 : 1  | time taken : 4.087210416793823
 Thread 2 estimated dimension 1 of 7 : 0.3456402678429734  | time taken : 15.471176147460938
 Thread 4 estimated dimension 2 of 7 : 1  | time taken : 5.0253400802612305
 Thread 5 estimated dimension 1 of 7 : 0.6689450319274807  | time taken : 7.672739028930664
 Thread 1 estimated dimension 2 of 7 : 1  | time taken : 4.902073621749878
 Thread 7 estimated dimension 3 of 7 : 0.5478549814721779  | time taken : 11.0283043384552
 Thread 6 estimated dimension 3 of 7 : 0.4163672791696216  | time taken : 12.878368377685547
 Thread 2 estimated dimension 2 of 7 : 1  | time taken : 4.460110902786255
 Thread 5 estimated dimension 2 of 7 : 1  | time taken : 5.01880407333374
 Thread 1 estimated dimension 3 of 7 : 0.9916066696302263  | time taken : 4.9185402393341064
 Thread 2 estimated dimension 3 of 7 : 1  | time taken : 5.057440757751465
 Thread 3 estimated dimension 3 of 7 : 0.5478878769874751  | time taken : 11.813469886779785
 Thread 7 estimated dimension 4 of 7 : 0.5488176112959814  | time taken : 10.613799571990967
 Thread 4 estimated dimension 3 of 7 : 0.41781585597605286  | time taken : 12.840242862701416
 Thread 6 estimated dimension 4 of 7 : 0.5418153136153891  | time taken : 10.691668510437012
 Thread 5 estimated dimension 3 of 7 : 0.5366889259137262  | time taken : 10.170692205429077
 Thread 1 estimated dimension 4 of 7 : 0.5520170076047913  | time taken : 10.726196527481079
 Thread 2 estimated dimension 4 of 7 : 0.5394215666950769  | time taken : 10.23905634880066
 Thread 3 estimated dimension 4 of 7 : 0.5452304714848777  | time taken : 9.684316158294678
 Thread 7 estimated dimension 5 of 7 : 0.6239370000079931  | time taken : 8.374826431274414
 Thread 4 estimated dimension 4 of 7 : 0.5457017430889174  | time taken : 10.630072832107544
 Thread 5 estimated dimension 4 of 7 : 0.5372111032997932  | time taken : 10.285099744796753
 Thread 6 estimated dimension 5 of 7 : 0.3808140974433164  | time taken : 13.305253028869629
 Thread 3 estimated dimension 5 of 7 : 0.642148525247858  | time taken : 8.944860696792603
 Thread 7 estimated dimension 6 of 7 : 0.5625495520090745  | time taken : 9.745943307876587
 Thread 7 nsolns: 20871
 Thread 1 estimated dimension 5 of 7 : 0.35841553729386805  | time taken : 14.235605955123901
 Thread 6 estimated dimension 6 of 7 : 0.9578848303006507  | time taken : 4.463422775268555
 Thread 6 nsolns: 21244
 Thread 4 estimated dimension 5 of 7 : 0.6224052458949729  | time taken : 8.27676773071289
 Thread 2 estimated dimension 5 of 7 : 0.3769765344889199  | time taken : 13.851573705673218
 Thread 1 estimated dimension 6 of 7 : 0.9623442734068252  | time taken : 4.855032920837402
 Thread 1 nsolns: 22419
 Thread 2 estimated dimension 6 of 7 : 0.9961953978470081  | time taken : 4.903440952301025
 Thread 2 nsolns: 22447
 Thread 3 estimated dimension 6 of 7 : 0.5831330595112503  | time taken : 9.44872236251831
 Thread 3 nsolns: 20757
 Thread 7 estimated dimension 0 of 7 : 0.6460824972208029  | time taken : 9.508769512176514
 Thread 5 estimated dimension 5 of 7 : 0.36857247398055226  | time taken : 14.317607402801514
 Thread 4 estimated dimension 6 of 7 : 0.4668970253335593  | time taken : 10.993765354156494
 Thread 4 nsolns: 22339
 Thread 5 estimated dimension 6 of 7 : 1  | time taken : 4.968776702880859
 Thread 5 nsolns: 21379
 Thread 6 estimated dimension 0 of 7 : 0.36976997276978246  | time taken : 15.270979642868042
 Thread 3 estimated dimension 0 of 7 : 0.6275486701416059  | time taken : 8.819679498672485
 Thread 7 estimated dimension 1 of 7 : 0.7987275807986711  | time taken : 7.3001086711883545
 Thread 1 estimated dimension 0 of 7 : 0.36540492248863576  | time taken : 15.66871976852417
 Thread 2 estimated dimension 0 of 7 : 0.36698335308781116  | time taken : 14.393523931503296
 Thread 4 estimated dimension 0 of 7 : 0.6391825949675388  | time taken : 10.305591583251953
 Thread 6 estimated dimension 1 of 7 : 0.6342549769191915  | time taken : 7.967343330383301
 Thread 3 estimated dimension 1 of 7 : 0.7717073903401659  | time taken : 7.523120880126953
 Thread 7 estimated dimension 2 of 7 : 0.5444929054587899  | time taken : 9.77183723449707
 Thread 2 estimated dimension 1 of 7 : 0.6795763341216058  | time taken : 7.486703395843506
 Thread 1 estimated dimension 1 of 7 : 0.6824570742751953  | time taken : 8.044209003448486
 Thread 6 estimated dimension 2 of 7 : 0.9810218050208152  | time taken : 5.192720651626587
 Thread 4 estimated dimension 1 of 7 : 0.7727955660150361  | time taken : 7.253756761550903
 Thread 5 estimated dimension 0 of 7 : 0.3674199009903559  | time taken : 15.538388729095459
 Thread 2 estimated dimension 2 of 7 : 0.9798001243911836  | time taken : 4.918529033660889
 Thread 1 estimated dimension 2 of 7 : 1  | time taken : 5.144893169403076
 Thread 3 estimated dimension 2 of 7 : 0.5562633723233683  | time taken : 10.169847249984741
 Thread 5 estimated dimension 1 of 7 : 0.6717502401143279  | time taken : 7.960862636566162
 Thread 7 estimated dimension 3 of 7 : 0.4201091448952467  | time taken : 12.686250686645508
 Thread 4 estimated dimension 2 of 7 : 0.5597122546154903  | time taken : 10.235939979553223
 Thread 6 estimated dimension 3 of 7 : 0.5485425004429569  | time taken : 11.367425680160522
 Thread 5 estimated dimension 2 of 7 : 1  | time taken : 4.780489206314087
 Thread 2 estimated dimension 3 of 7 : 0.5611557898446919  | time taken : 9.733268737792969
 Thread 1 estimated dimension 3 of 7 : 0.5507846759691787  | time taken : 10.894359827041626
 Thread 3 estimated dimension 3 of 7 : 0.4388680479420723  | time taken : 12.594727039337158
 Thread 7 estimated dimension 4 of 7 : 0.5554497985841579  | time taken : 9.384999990463257
 Thread 4 estimated dimension 3 of 7 : 0.5642922075003032  | time taken : 10.461076259613037
 Thread 6 estimated dimension 4 of 7 : 0.540712672149764  | time taken : 11.109832763671875
 Thread 5 estimated dimension 3 of 7 : 0.5726729990676142  | time taken : 10.02638864517212
 Thread 2 estimated dimension 4 of 7 : 0.551209942162756  | time taken : 10.674644708633423
 Thread 1 estimated dimension 4 of 7 : 0.5421718728448792  | time taken : 10.6748046875
 Thread 3 estimated dimension 4 of 7 : 0.5373691055408725  | time taken : 10.492043495178223
 Thread 6 estimated dimension 5 of 7 : 0.6483463195471808  | time taken : 7.829533815383911
 Thread 4 estimated dimension 4 of 7 : 0.4755888821204704  | time taken : 11.08896803855896
 Thread 2 estimated dimension 5 of 7 : 0.6381907722207796  | time taken : 8.580230236053467
 Thread 7 estimated dimension 5 of 7 : 0.36985906425402976  | time taken : 14.549018144607544
 Thread 5 estimated dimension 4 of 7 : 0.46905893144696326  | time taken : 11.125295400619507
 Thread 7 estimated dimension 6 of 7 : 0.9924526053693966  | time taken : 4.769472599029541
 Thread 7 nsolns: 21278
 Thread 6 estimated dimension 6 of 7 : 0.5687497188677256  | time taken : 9.856286525726318
 Thread 6 nsolns: 20807
 Thread 1 estimated dimension 5 of 7 : 0.3625553257690391  | time taken : 14.124309539794922
 Thread 3 estimated dimension 5 of 7 : 0.376917844619313  | time taken : 13.51057481765747
 Thread 2 estimated dimension 6 of 7 : 0.5663441362398178  | time taken : 10.251165390014648
 Thread 2 nsolns: 20804
 Thread 1 estimated dimension 6 of 7 : 0.9765926363530179  | time taken : 4.754010915756226
 Thread 1 nsolns: 21377
 Thread 3 estimated dimension 6 of 7 : 0.9896440419755331  | time taken : 4.953244924545288
 Thread 3 nsolns: 21289
 Thread 7 estimated dimension 0 of 7 : 0.6388889920042076  | time taken : 10.091806411743164
 Thread 4 estimated dimension 5 of 7 : 0.29930288855927295  | time taken : 17.412959098815918
 Thread 5 estimated dimension 5 of 7 : 0.3021381832490872  | time taken : 17.08594799041748
 Thread 4 estimated dimension 6 of 7 : 1  | time taken : 5.198225975036621
 Thread 4 nsolns: 21997
 Thread 7 estimated dimension 1 of 7 : 0.7762828545021961  | time taken : 7.323787212371826
 Thread 6 estimated dimension 0 of 7 : 0.3648023785451002  | time taken : 16.055654287338257
 Thread 5 estimated dimension 6 of 7 : 0.9820829462796888  | time taken : 5.174766540527344
 Thread 5 nsolns: 22902
 Thread 2 estimated dimension 0 of 7 : 0.35810899053282497  | time taken : 16.16594099998474
 Thread 3 estimated dimension 0 of 7 : 0.3602043819742802  | time taken : 14.469868183135986
 Thread 1 estimated dimension 0 of 7 : 0.3714616657063889  | time taken : 16.56311321258545
 Thread 7 estimated dimension 2 of 7 : 0.5591926339189363  | time taken : 10.323073863983154
 Thread 2 estimated dimension 1 of 7 : 0.6770350769638123  | time taken : 7.599931955337524
 Thread 1 estimated dimension 1 of 7 : 0.6771328125952045  | time taken : 8.04433298110962
 Thread 4 estimated dimension 0 of 7 : 0.37489361530352266  | time taken : 15.288215160369873
 Thread 2 estimated dimension 2 of 7 : 0.9906326111230332  | time taken : 4.64539647102356
 Thread 6 estimated dimension 1 of 7 : 0.3455723428287324  | time taken : 16.009732723236084
 Thread 5 estimated dimension 0 of 7 : 0.3649643164589807  | time taken : 15.81625485420227
 Thread 1 estimated dimension 2 of 7 : 0.9900517010452099  | time taken : 4.900562524795532
 Thread 6 estimated dimension 2 of 7 : 1  | time taken : 4.793752431869507
 Thread 3 estimated dimension 1 of 7 : 0.34450180363702665  | time taken : 16.41813087463379
 Thread 7 estimated dimension 3 of 7 : 0.4257654282675623  | time taken : 12.527130365371704
 Thread 5 estimated dimension 1 of 7 : 0.6341806344582481  | time taken : 8.186114072799683
 Thread 6 estimated dimension 3 of 7 : 1  | time taken : 4.703530788421631
 Thread 3 estimated dimension 2 of 7 : 0.9622694684570243  | time taken : 4.488077402114868
 Thread 2 estimated dimension 3 of 7 : 0.5411995731943254  | time taken : 10.485455989837646
 Thread 1 estimated dimension 3 of 7 : 0.5496360471382289  | time taken : 10.571641445159912
 Thread 5 estimated dimension 2 of 7 : 1  | time taken : 5.147843599319458
 Thread 4 estimated dimension 1 of 7 : 0.3498943018082818  | time taken : 16.169718742370605
 Thread 3 estimated dimension 3 of 7 : 0.9896637116121471  | time taken : 4.792516708374023
 Thread 7 estimated dimension 4 of 7 : 0.5629481252475057  | time taken : 10.042418241500854
 Thread 4 estimated dimension 2 of 7 : 1  | time taken : 4.5847015380859375
 Thread 2 estimated dimension 4 of 7 : 0.5550932714582889  | time taken : 9.353051662445068
 Thread 6 estimated dimension 4 of 7 : 0.5465269628213739  | time taken : 11.955796241760254
 Thread 4 estimated dimension 3 of 7 : 1  | time taken : 4.7517499923706055
 Thread 1 estimated dimension 4 of 7 : 0.5395569205933934  | time taken : 10.054423332214355
 Thread 3 estimated dimension 4 of 7 : 0.5455212423953222  | time taken : 9.9379723072052
 Thread 5 estimated dimension 3 of 7 : 0.5585202317698045  | time taken : 10.986332178115845
 Thread 2 estimated dimension 5 of 7 : 0.6354769359573892  | time taken : 8.557373762130737
 Thread 7 estimated dimension 5 of 7 : 0.3629607001547073  | time taken : 13.883612871170044
 Thread 1 estimated dimension 5 of 7 : 0.6330533037085826  | time taken : 8.106684923171997
 Thread 4 estimated dimension 4 of 7 : 0.536656882204994  | time taken : 11.505666255950928
 Thread 6 estimated dimension 5 of 7 : 0.3809393850228957  | time taken : 13.498764276504517
 Thread 5 estimated dimension 4 of 7 : 0.5629150876261201  | time taken : 10.629183769226074
 Thread 7 estimated dimension 6 of 7 : 1  | time taken : 5.284154415130615
 Thread 7 nsolns: 21190
 Thread 3 estimated dimension 5 of 7 : 0.37267322236839573  | time taken : 13.598570585250854
 Thread 2 estimated dimension 6 of 7 : 0.5209104978031001  | time taken : 10.294667959213257
 Thread 2 nsolns: 20944
 Thread 6 estimated dimension 6 of 7 : 0.9665621113840017  | time taken : 4.3176963329315186
 Thread 6 nsolns: 22444
 Thread 1 estimated dimension 6 of 7 : 0.5569914553182216  | time taken : 8.041113138198853
 Thread 1 nsolns: 20809
 Thread 3 estimated dimension 6 of 7 : 1  | time taken : 3.162254810333252
 Thread 3 nsolns: 22405
 Thread 5 estimated dimension 5 of 7 : 0.630109195756958  | time taken : 5.644533634185791
 Thread 4 estimated dimension 5 of 7 : 0.37224954780840835  | time taken : 8.746926069259644
 Thread 5 estimated dimension 6 of 7 : 0.5598667674492532  | time taken : 4.192638874053955
 Thread 5 nsolns: 20844
 Thread 4 estimated dimension 6 of 7 : 0.9474049620969893  | time taken : 2.1769251823425293
 Thread 4 nsolns: 22327
 Thread 1 estimated dimension 0 of 7 : 0.3627920482472548  | time taken : 6.271027326583862
 Thread 1 estimated dimension 1 of 7 : 0.6747857737343663  | time taken : 1.5510823726654053
 Thread 1 estimated dimension 2 of 7 : 0.9842471326594878  | time taken : 0.9746513366699219
 Thread 1 estimated dimension 3 of 7 : 0.5397387579656435  | time taken : 2.0741357803344727
 Thread 1 estimated dimension 4 of 7 : 0.4749930676012784  | time taken : 2.164990186691284
 Thread 1 estimated dimension 5 of 7 : 0.30674770443060806  | time taken : 3.278764247894287
 Thread 1 estimated dimension 6 of 7 : 1  | time taken : 0.9343264102935791
 Thread 1 nsolns: 22924
 estimated weights : [0.027337454813418167, 0.024387702860671753, 0.023524517300142912, 0.024854645119437087, 0.027988422384601093, 0.023548795412870506, 0.01656534431715023, 0.025334748053333692, 0.026961395315981865, 0.022030756444338235, 0.018104376815293918, 0.026265055627438513, 0.015227833979263035, 0.022426521994597305, 0.021435967645901794, 0.02646934118186612, 0.023712349989980678, 0.0197296672303796, 0.027162786775940185, 0.01667735094986259, 0.02120386289313053, 0.021549492630445696, 0.02499370999487216, 0.02425918028789185, 0.025861430517497907, 0.024012290369299995, 0.025080024027032057, 0.0256700500295229, 0.02026125102986861, 0.0256503391660633, 0.023465905598356422, 0.01933907769597874, 0.024828173465993798, 0.017751824174577775, 0.019580803803512296, 0.02883453553983136, 0.016271496482394295, 0.027634871745650727, 0.019078060659849735, 0.02492435809012179, 0.02742307061202789, 0.024536051684861938, 0.025580753847523716, 0.026497382319082666, 0.0267472804904103, 0.025947557767238293, 0.025994346393234224, 0.02650141138898055, 0.018659843671197655, 0.026213187593340105, 0.023462953927584462, 0.02265299135932526, 0.025448582229087552, 0.02768422983738812, 0.016430220024160724, 0.026075112736737783, 0.02406754953178096, 0.02516397586966992, 0.027318290581974863, 0.026366731696611544, 0.023698066175891562, 0.022207569635488377, 0.019672448008570913, 0.024127105146060653, 0.02388500442403169, 0.02536844660442797, 0.026040362337492517, 0.024025072087144904, 0.025671171394935664, 0.024826268676508376, 0.01894872677488787]
