numSolutions: 82 k : 733
3 82 0.05773502691896258 0.0004065040650406504

 Thread 1 estimated dimension 0 of 3 : 0.5241535173268895  | time taken : 3.994870185852051
 Thread 2 estimated dimension 0 of 3 : 0.4837567147982292  | time taken : 3.9913346767425537
 Thread 6 estimated dimension 0 of 3 : 0.5008314547481993  | time taken : 4.6897618770599365
 Thread 7 estimated dimension 0 of 3 : 0.5129855653045299  | time taken : 4.677128791809082
 Thread 5 estimated dimension 0 of 3 : 0.5029375181877358  | time taken : 4.756633996963501
 Thread 4 estimated dimension 0 of 3 : 0.528715883526753  | time taken : 5.165770053863525
 Thread 3 estimated dimension 0 of 3 : 0.5230259858814148  | time taken : 5.2440407276153564
 Thread 1 estimated dimension 1 of 3 : 0.5905177027737134  | time taken : 4.170590400695801
 Thread 7 estimated dimension 1 of 3 : 0.6493529901378118  | time taken : 4.479643106460571
 Thread 4 estimated dimension 1 of 3 : 0.6258683570422914  | time taken : 4.987481594085693
 Thread 5 estimated dimension 1 of 3 : 0.3880210278711511  | time taken : 8.063884973526001
 Thread 2 estimated dimension 1 of 3 : 0.38648220551192375  | time taken : 8.991450309753418
 Thread 5 estimated dimension 2 of 3 : 0.9433793559898687  | time taken : 0.36043834686279297
 Thread 5 nsolns: 4103
 Thread 2 estimated dimension 2 of 3 : 0.9968526786182449  | time taken : 1.0025172233581543
 Thread 2 nsolns: 4103
 Thread 1 estimated dimension 2 of 3 : 0.48752267964467494  | time taken : 7.980182647705078
 Thread 1 nsolns: 4175
 Thread 6 estimated dimension 1 of 3 : 0.35245467665430297  | time taken : 11.229641437530518
 Thread 6 estimated dimension 2 of 3 : 0.987063114776415  | time taken : 0.5879330635070801
 Thread 6 nsolns: 4145
 Thread 3 estimated dimension 1 of 3 : 0.3690422651736662  | time taken : 12.021351099014282
 Thread 4 estimated dimension 2 of 3 : 0.505237071470633  | time taken : 7.031703233718872
 Thread 4 nsolns: 4077
 Thread 3 estimated dimension 2 of 3 : 1  | time taken : 0.3782532215118408
 Thread 3 nsolns: 4145
 Thread 7 estimated dimension 2 of 3 : 0.49662104278171676  | time taken : 9.217990159988403
 Thread 7 nsolns: 4131
 Thread 5 estimated dimension 0 of 3 : 0.50559703774694  | time taken : 6.795063734054565
 Thread 2 estimated dimension 0 of 3 : 0.5000374189644643  | time taken : 8.550910234451294
 Thread 4 estimated dimension 0 of 3 : 0.49107028693184096  | time taken : 6.224961757659912
 Thread 1 estimated dimension 0 of 3 : 0.5037029785600383  | time taken : 7.88838267326355
 Thread 6 estimated dimension 0 of 3 : 0.5115708122963167  | time taken : 8.183281421661377
 Thread 3 estimated dimension 0 of 3 : 0.5370591141308774  | time taken : 7.794797897338867
 Thread 7 estimated dimension 0 of 3 : 0.5027724978686265  | time taken : 7.704848289489746
 Thread 1 estimated dimension 1 of 3 : 0.6078316148728591  | time taken : 5.223702907562256
 Thread 5 estimated dimension 1 of 3 : 0.3766084919443865  | time taken : 10.367002010345459
 Thread 6 estimated dimension 1 of 3 : 0.620338207416093  | time taken : 4.922759532928467
 Thread 3 estimated dimension 1 of 3 : 0.5774177465584356  | time taken : 5.159188985824585
 Thread 5 estimated dimension 2 of 3 : 1  | time taken : 0.9490339756011963
 Thread 5 nsolns: 4103
 Thread 7 estimated dimension 1 of 3 : 0.5837132414204039  | time taken : 5.9679648876190186
 Thread 4 estimated dimension 1 of 3 : 0.4011891295227714  | time taken : 10.670235872268677
 Thread 4 estimated dimension 2 of 3 : 0.9675303908715168  | time taken : 1.0575222969055176
 Thread 4 nsolns: 4103
 Thread 2 estimated dimension 1 of 3 : 0.3867946016154642  | time taken : 13.679242610931396
 Thread 1 estimated dimension 2 of 3 : 0.48308135472868163  | time taken : 8.728993892669678
 Thread 3 estimated dimension 2 of 3 : 0.5137045111402528  | time taken : 6.644366502761841
 Thread 2 estimated dimension 2 of 3 : 1  | time taken : 1.1940124034881592
 Thread 1 nsolns: 4131
 Thread 3 nsolns: 4077
 Thread 2 nsolns: 4145
 Thread 5 estimated dimension 0 of 3 : 0.5097679351634106  | time taken : 6.372184991836548
 Thread 6 estimated dimension 2 of 3 : 0.4873031290410931  | time taken : 9.252516269683838
 Thread 6 nsolns: 4175
 Thread 7 estimated dimension 2 of 3 : 0.4777213558838409  | time taken : 12.2686767578125
 Thread 7 nsolns: 4175
 Thread 4 estimated dimension 0 of 3 : 0.5087458796552224  | time taken : 10.301077604293823
 Thread 5 estimated dimension 1 of 3 : 0.6086627317050434  | time taken : 7.611373424530029
 Thread 3 estimated dimension 0 of 3 : 0.4960079413343995  | time taken : 10.182846546173096
 Thread 1 estimated dimension 0 of 3 : 0.5200253845452616  | time taken : 11.97098445892334
 Thread 2 estimated dimension 0 of 3 : 0.4747039443557565  | time taken : 11.534996032714844
 Thread 6 estimated dimension 0 of 3 : 0.4959735418122005  | time taken : 8.350595712661743
 Thread 4 estimated dimension 1 of 3 : 0.5960458240003502  | time taken : 5.949383020401001
 Thread 5 estimated dimension 2 of 3 : 0.5164032376780544  | time taken : 5.983805894851685
 Thread 5 nsolns: 4121
 Thread 7 estimated dimension 0 of 3 : 0.4854422654062058  | time taken : 8.47814416885376
 Thread 3 estimated dimension 1 of 3 : 0.6122446367203612  | time taken : 5.465172290802002
 Thread 2 estimated dimension 1 of 3 : 0.6052249786053565  | time taken : 5.27579665184021
 Thread 4 estimated dimension 2 of 3 : 0.5142218864342076  | time taken : 5.797914505004883
 Thread 4 nsolns: 4077
 Thread 5 estimated dimension 0 of 3 : 0.49612499779778296  | time taken : 8.088063478469849
 Thread 3 estimated dimension 2 of 3 : 0.5506566453603353  | time taken : 7.551971435546875
 Thread 2 estimated dimension 2 of 3 : 0.49588368005514627  | time taken : 7.257070541381836
 Thread 3 nsolns: 4121
 Thread 1 estimated dimension 1 of 3 : 0.3836996108234132  | time taken : 12.978441953659058
 Thread 2 nsolns: 4121
 Thread 7 estimated dimension 1 of 3 : 0.3851161827991093  | time taken : 10.97107458114624
 Thread 1 estimated dimension 2 of 3 : 0.9685365054586562  | time taken : 1.0458643436431885
 Thread 1 nsolns: 4145
 Thread 7 estimated dimension 2 of 3 : 1  | time taken : 1.2645056247711182
 Thread 6 estimated dimension 1 of 3 : 0.3745750056641942  | time taken : 14.925020456314087
 Thread 7 nsolns: 4103
 Thread 5 estimated dimension 1 of 3 : 0.6140525533815885  | time taken : 5.62225079536438
 Thread 6 estimated dimension 2 of 3 : 0.9792883352330441  | time taken : 0.8702559471130371
 Thread 6 nsolns: 4145
 Thread 4 estimated dimension 0 of 3 : 0.4786241645232442  | time taken : 8.637773990631104
 Thread 3 estimated dimension 0 of 3 : 0.5123519198649793  | time taken : 8.12668251991272
 Thread 2 estimated dimension 0 of 3 : 0.4780745600418126  | time taken : 7.496161460876465
 Thread 4 estimated dimension 1 of 3 : 0.5856115584384052  | time taken : 4.99460244178772
 Thread 1 estimated dimension 0 of 3 : 0.5112469135076952  | time taken : 8.045943975448608
 Thread 7 estimated dimension 0 of 3 : 0.5025889603514576  | time taken : 8.219161987304688
 Thread 6 estimated dimension 0 of 3 : 0.540172139944358  | time taken : 7.791430234909058
 Thread 2 estimated dimension 1 of 3 : 0.5997110623089187  | time taken : 4.81380558013916
 Thread 5 estimated dimension 2 of 3 : 0.5009212825183078  | time taken : 9.82003140449524
 Thread 5 nsolns: 4175
 Thread 3 estimated dimension 1 of 3 : 0.5948153904829393  | time taken : 6.206062078475952
 Thread 1 estimated dimension 1 of 3 : 0.5992725492626835  | time taken : 5.382874011993408
 Thread 4 estimated dimension 2 of 3 : 0.5099351043692408  | time taken : 6.522341728210449
 Thread 4 nsolns: 4121
 Thread 7 estimated dimension 1 of 3 : 0.5893501045047509  | time taken : 6.592689275741577
 Thread 6 estimated dimension 1 of 3 : 0.5964561086292394  | time taken : 5.872228622436523
 Thread 2 estimated dimension 2 of 3 : 0.5089218526056887  | time taken : 7.48901891708374
 Thread 2 nsolns: 4121
 Thread 5 estimated dimension 0 of 3 : 0.481778900439228  | time taken : 7.52949070930481
 Thread 1 estimated dimension 2 of 3 : 0.5029794865629086  | time taken : 7.350248575210571
 Thread 1 nsolns: 4077
 Thread 3 estimated dimension 2 of 3 : 0.47489573847256816  | time taken : 8.966301441192627
 Thread 3 nsolns: 4175
 Thread 4 estimated dimension 0 of 3 : 0.5254048767117436  | time taken : 7.845043659210205
 Thread 6 estimated dimension 2 of 3 : 0.49722534922606154  | time taken : 8.25206208229065
 Thread 6 nsolns: 4077
 Thread 7 estimated dimension 2 of 3 : 0.4927427461891975  | time taken : 9.896336793899536
 Thread 5 estimated dimension 1 of 3 : 0.6395566401569442  | time taken : 7.008457899093628
 Thread 7 nsolns: 4131
 Thread 2 estimated dimension 0 of 3 : 0.5297751479680639  | time taken : 9.159343004226685
 Thread 1 estimated dimension 0 of 3 : 0.5212699986696313  | time taken : 8.77771806716919
 Thread 4 estimated dimension 1 of 3 : 0.6029710483790413  | time taken : 6.620728492736816
 Thread 3 estimated dimension 0 of 3 : 0.4802374467527146  | time taken : 8.974673748016357
 Thread 7 estimated dimension 0 of 3 : 0.48673915596575995  | time taken : 6.487732887268066
 Thread 6 estimated dimension 0 of 3 : 0.5196353631912467  | time taken : 8.777441263198853
 Thread 5 estimated dimension 2 of 3 : 0.4784627419984058  | time taken : 8.994025945663452
 Thread 3 estimated dimension 1 of 3 : 0.6185931546194787  | time taken : 4.3363425731658936
 Thread 5 nsolns: 4175
 Thread 7 estimated dimension 1 of 3 : 0.6080969084095952  | time taken : 5.6252336502075195
 Thread 4 estimated dimension 2 of 3 : 0.4783272296128497  | time taken : 8.739328145980835
 Thread 4 nsolns: 4131
 Thread 2 estimated dimension 1 of 3 : 0.3644962314305413  | time taken : 11.093358755111694
 Thread 6 estimated dimension 1 of 3 : 0.6117805088738536  | time taken : 5.117045879364014
 Thread 2 estimated dimension 2 of 3 : 0.9592116774397197  | time taken : 1.1293187141418457
 Thread 2 nsolns: 4145
 Thread 3 estimated dimension 2 of 3 : 0.5137735339200212  | time taken : 6.77004075050354
 Thread 5 estimated dimension 0 of 3 : 0.5257359399760149  | time taken : 6.715582370758057
 Thread 3 nsolns: 4121
 Thread 1 estimated dimension 1 of 3 : 0.37917411002041185  | time taken : 13.108014345169067
 Thread 1 estimated dimension 2 of 3 : 1  | time taken : 0.7747464179992676
 Thread 1 nsolns: 4145
 Thread 4 estimated dimension 0 of 3 : 0.47673511999741536  | time taken : 6.952542304992676
 Thread 6 estimated dimension 2 of 3 : 0.5069440148807071  | time taken : 6.602200508117676
 Thread 6 nsolns: 4077
 Thread 7 estimated dimension 2 of 3 : 0.4881838165945132  | time taken : 8.231916189193726
 Thread 7 nsolns: 4175
 Thread 2 estimated dimension 0 of 3 : 0.46959044905780883  | time taken : 7.237779378890991
 Thread 3 estimated dimension 0 of 3 : 0.499016667413629  | time taken : 8.222676992416382
 Thread 1 estimated dimension 0 of 3 : 0.5221987330359056  | time taken : 8.298686742782593
 Thread 5 estimated dimension 1 of 3 : 0.3848861087616738  | time taken : 11.013993501663208
 Thread 6 estimated dimension 0 of 3 : 0.47676718725474787  | time taken : 7.817683696746826
 Thread 7 estimated dimension 0 of 3 : 0.5140024669758658  | time taken : 7.553189039230347
 Thread 5 estimated dimension 2 of 3 : 1  | time taken : 1.0309703350067139
 Thread 4 estimated dimension 1 of 3 : 0.38964648254541434  | time taken : 9.004007577896118
 Thread 5 nsolns: 4103
 Thread 4 estimated dimension 2 of 3 : 0.9550428585335928  | time taken : 0.7830910682678223
 Thread 4 nsolns: 4103
 Thread 3 estimated dimension 1 of 3 : 0.5962664390120498  | time taken : 5.269633531570435
 Thread 2 estimated dimension 1 of 3 : 0.38934354074950317  | time taken : 11.603589057922363
 Thread 2 estimated dimension 2 of 3 : 1  | time taken : 0.46209239959716797
 Thread 2 nsolns: 4103
 Thread 5 estimated dimension 0 of 3 : 0.5047980500844713  | time taken : 7.577341079711914
 Thread 4 estimated dimension 0 of 3 : 0.49641680242347225  | time taken : 8.071037530899048
 Thread 6 estimated dimension 1 of 3 : 0.3756680781400683  | time taken : 9.815115451812744
 Thread 7 estimated dimension 1 of 3 : 0.3840856468283952  | time taken : 9.567537784576416
 Thread 3 estimated dimension 2 of 3 : 0.4629614299516868  | time taken : 7.910936594009399
 Thread 1 estimated dimension 1 of 3 : 0.3689731409570259  | time taken : 12.860564231872559
 Thread 3 nsolns: 4175
 Thread 7 estimated dimension 2 of 3 : 0.9595640396626266  | time taken : 1.1424078941345215
 Thread 6 estimated dimension 2 of 3 : 1  | time taken : 1.2997496128082275
 Thread 7 nsolns: 4103
 Thread 6 nsolns: 4103
 Thread 1 estimated dimension 2 of 3 : 0.9547010921824511  | time taken : 1.2005250453948975
 Thread 1 nsolns: 4145
 Thread 2 estimated dimension 0 of 3 : 0.5106721431091394  | time taken : 6.640941619873047
 Thread 5 estimated dimension 1 of 3 : 0.5993241264506981  | time taken : 5.907747030258179
 Thread 4 estimated dimension 1 of 3 : 0.654355483837666  | time taken : 6.055969476699829
 Thread 6 estimated dimension 0 of 3 : 0.48355621323512976  | time taken : 6.3127336502075195
 Thread 7 estimated dimension 0 of 3 : 0.506483414074622  | time taken : 6.8260657787323
 Thread 3 estimated dimension 0 of 3 : 0.4938965050957615  | time taken : 8.127198457717896
 Thread 1 estimated dimension 0 of 3 : 0.4965914044431475  | time taken : 6.684348106384277
 Thread 2 estimated dimension 1 of 3 : 0.5867354241901096  | time taken : 6.1601221561431885
 Thread 4 estimated dimension 2 of 3 : 0.4846296128289278  | time taken : 8.126226902008057
 Thread 4 nsolns: 4131
 Thread 6 estimated dimension 1 of 3 : 0.578591971406593  | time taken : 6.1216230392456055
 Thread 5 estimated dimension 2 of 3 : 0.4997726869983986  | time taken : 9.879116773605347
 Thread 5 nsolns: 4131
 Thread 1 estimated dimension 1 of 3 : 0.6179638276680172  | time taken : 5.632769346237183
 Thread 2 estimated dimension 2 of 3 : 0.5131407366445857  | time taken : 7.6777565479278564
 Thread 2 nsolns: 4175
 Thread 7 estimated dimension 1 of 3 : 0.38377742290466865  | time taken : 10.148717880249023
 Thread 7 estimated dimension 2 of 3 : 0.9860702654812286  | time taken : 1.1727781295776367
 Thread 7 nsolns: 4103
 Thread 3 estimated dimension 1 of 3 : 0.37263669685481016  | time taken : 11.66470980644226
 Thread 5 estimated dimension 0 of 3 : 0.48790338655024246  | time taken : 7.2613685131073
 Thread 4 estimated dimension 0 of 3 : 0.5199412570825682  | time taken : 7.797430038452148
 Thread 3 estimated dimension 2 of 3 : 0.9852901164746561  | time taken : 1.1783802509307861
 Thread 3 nsolns: 4145
 Thread 6 estimated dimension 2 of 3 : 0.47011884877154775  | time taken : 8.705004215240479
 Thread 6 nsolns: 4175
 Thread 1 estimated dimension 2 of 3 : 0.4882844824469936  | time taken : 8.350725412368774
 Thread 1 nsolns: 4175
 Thread 2 estimated dimension 0 of 3 : 0.5262705151733181  | time taken : 8.5253164768219
 Thread 7 estimated dimension 0 of 3 : 0.49874530396910804  | time taken : 7.13051176071167
 Thread 4 estimated dimension 1 of 3 : 0.617531291234981  | time taken : 6.722203731536865
 Thread 3 estimated dimension 0 of 3 : 0.5028905670379643  | time taken : 7.6580421924591064
 Thread 6 estimated dimension 0 of 3 : 0.4871843793396975  | time taken : 7.537631511688232
 Thread 1 estimated dimension 0 of 3 : 0.49569299510122417  | time taken : 9.08469843864441
 Thread 7 estimated dimension 1 of 3 : 0.5855186339910446  | time taken : 5.591712713241577
 Thread 5 estimated dimension 1 of 3 : 0.38889735999316466  | time taken : 11.659957885742188
 Thread 5 estimated dimension 2 of 3 : 1  | time taken : 0.7835757732391357
 Thread 5 nsolns: 4103
 Thread 3 estimated dimension 1 of 3 : 0.6156364911791639  | time taken : 6.284965753555298
 Thread 4 estimated dimension 2 of 3 : 0.501098811129248  | time taken : 8.332980632781982
 Thread 4 nsolns: 4077
 Thread 6 estimated dimension 1 of 3 : 0.6504809012636096  | time taken : 6.0164971351623535
 Thread 1 estimated dimension 1 of 3 : 0.5954966012653389  | time taken : 6.296416997909546
 Thread 2 estimated dimension 1 of 3 : 0.36067634156895234  | time taken : 14.757204055786133
 Thread 2 estimated dimension 2 of 3 : 1  | time taken : 0.8525853157043457
 Thread 2 nsolns: 4145
 Thread 5 estimated dimension 0 of 3 : 0.4820424153000543  | time taken : 7.5736846923828125
 Thread 7 estimated dimension 2 of 3 : 0.48209025968414826  | time taken : 10.00359296798706
 Thread 7 nsolns: 4175
 Thread 3 estimated dimension 2 of 3 : 0.4825179491735826  | time taken : 8.362231731414795
 Thread 6 estimated dimension 2 of 3 : 0.5216147895375299  | time taken : 7.244207143783569
 Thread 6 nsolns: 4121
 Thread 3 nsolns: 4175
 Thread 4 estimated dimension 0 of 3 : 0.5137061613744701  | time taken : 8.270820140838623
 Thread 1 estimated dimension 2 of 3 : 0.506371629561995  | time taken : 6.767969131469727
 Thread 1 nsolns: 4077
 Thread 5 estimated dimension 1 of 3 : 0.606287197479212  | time taken : 4.029686212539673
 Thread 2 estimated dimension 0 of 3 : 0.4835326093260889  | time taken : 7.761990785598755
 Thread 4 estimated dimension 1 of 3 : 0.6256833576253932  | time taken : 5.61000657081604
 Thread 7 estimated dimension 0 of 3 : 0.49747555628341  | time taken : 7.533433675765991
 Thread 3 estimated dimension 0 of 3 : 0.5120844666482661  | time taken : 7.855893611907959
 Thread 6 estimated dimension 0 of 3 : 0.4804228513408659  | time taken : 7.864571809768677
 Thread 5 estimated dimension 2 of 3 : 0.5134186352930327  | time taken : 7.185411214828491
 Thread 5 nsolns: 4121
 Thread 1 estimated dimension 0 of 3 : 0.5145246664407908  | time taken : 9.36136794090271
 Thread 2 estimated dimension 1 of 3 : 0.6217792743388821  | time taken : 6.959164142608643
 Thread 3 estimated dimension 1 of 3 : 0.589707423495373  | time taken : 6.162530183792114
 Thread 6 estimated dimension 1 of 3 : 0.6059083592327416  | time taken : 6.474795579910278
 Thread 5 estimated dimension 0 of 3 : 0.4826515791612653  | time taken : 5.257681608200073
 Thread 4 estimated dimension 2 of 3 : 0.5109775746448485  | time taken : 9.71966004371643
 Thread 4 nsolns: 4131
 Thread 1 estimated dimension 1 of 3 : 0.5965925097307914  | time taken : 5.968281507492065
 Thread 7 estimated dimension 1 of 3 : 0.40541187786808364  | time taken : 11.351467370986938
 Thread 7 estimated dimension 2 of 3 : 0.9970085808677376  | time taken : 0.7609329223632812
 Thread 7 nsolns: 4103
 Thread 3 estimated dimension 2 of 3 : 0.5160107627021677  | time taken : 6.626002073287964
 Thread 5 estimated dimension 1 of 3 : 0.608496338433084  | time taken : 5.59039831161499
 Thread 3 nsolns: 4077
 Thread 2 estimated dimension 2 of 3 : 0.4911865014393614  | time taken : 8.981592416763306
 Thread 2 nsolns: 4131
 Thread 6 estimated dimension 2 of 3 : 0.503123352995532  | time taken : 7.9458818435668945
 Thread 6 nsolns: 4121
 Thread 1 estimated dimension 2 of 3 : 0.49900073357315206  | time taken : 6.898867845535278
 Thread 1 nsolns: 4077
 Thread 4 estimated dimension 0 of 3 : 0.4945942192256429  | time taken : 9.220677137374878
 Thread 7 estimated dimension 0 of 3 : 0.505436328880503  | time taken : 8.658513069152832
 Thread 5 estimated dimension 2 of 3 : 0.5039903594601853  | time taken : 7.211337327957153
 Thread 5 nsolns: 4121
 Thread 3 estimated dimension 0 of 3 : 0.5062133216630469  | time taken : 8.410003185272217
 Thread 2 estimated dimension 0 of 3 : 0.5014548858294667  | time taken : 7.781710386276245
 Thread 6 estimated dimension 0 of 3 : 0.5264902737793501  | time taken : 8.387062549591064
 Thread 1 estimated dimension 0 of 3 : 0.48921811514157854  | time taken : 7.252142429351807
 Thread 4 estimated dimension 1 of 3 : 0.3763309863838953  | time taken : 8.519606113433838
 Thread 4 estimated dimension 2 of 3 : 0.961720483334729  | time taken : 1.1115856170654297
 Thread 4 nsolns: 4103
 Thread 2 estimated dimension 1 of 3 : 0.625307750522115  | time taken : 5.94568395614624
 Thread 6 estimated dimension 1 of 3 : 0.6137791037409591  | time taken : 4.9032883644104
 Thread 1 estimated dimension 1 of 3 : 0.6251909725483011  | time taken : 5.214143991470337
 Thread 7 estimated dimension 1 of 3 : 0.3898821131269415  | time taken : 9.832390069961548
 Thread 7 estimated dimension 2 of 3 : 1  | time taken : 0.883903980255127
 Thread 7 nsolns: 4103
 Thread 3 estimated dimension 1 of 3 : 0.3731269547342636  | time taken : 12.369196891784668
 Thread 1 estimated dimension 2 of 3 : 0.5262910668981452  | time taken : 5.771321773529053
 Thread 1 nsolns: 4121
 Thread 3 estimated dimension 2 of 3 : 0.9698588353030548  | time taken : 1.0839121341705322
 Thread 2 estimated dimension 2 of 3 : 0.4864444977762948  | time taken : 7.588410377502441
 Thread 3 nsolns: 4145
 Thread 2 nsolns: 4131
 Thread 6 estimated dimension 2 of 3 : 0.5039963793733545  | time taken : 10.863961458206177
 Thread 6 nsolns: 4131
 Thread 1 estimated dimension 0 of 3 : 0.5033296784419028  | time taken : 7.680607557296753
 Thread 1 estimated dimension 1 of 3 : 0.5707561747162412  | time taken : 5.666923761367798
 Thread 1 estimated dimension 2 of 3 : 0.4832597988089746  | time taken : 7.529750823974609
 Thread 1 nsolns: 4175
 estimated weights : [0.18410079524238546, 0.18637492827938584, 0.15089896118682344, 0.1742367644366894, 0.16718625188975497, 0.19301869457436727, 0.16542879528142856, 0.19041213791742412, 0.19061515633608223, 0.14790337342460091, 0.15930360291258816, 0.19341177426118492, 0.15464414743223948, 0.1401992579244723, 0.16022791515312124, 0.15593051444462616, 0.16722241990126308, 0.14246871251260407, 0.1932555152950707, 0.18695167222259007, 0.1819314938122109, 0.15260407663816666, 0.14292861041893706, 0.14591125517926318, 0.15410096447394953, 0.14472675925590725, 0.16020052440844362, 0.14595082335984266, 0.14742628207432226, 0.15153594584896032, 0.18522477723218017, 0.15262752429664683, 0.19765208782589871, 0.16115891514399988, 0.14449487993777968, 0.20234846017352925, 0.17740700661773273, 0.1828320081383165, 0.13775273426762388, 0.1894380634871379, 0.17910621295623722, 0.18394923517584935, 0.15742371861642587, 0.1512000544590357, 0.15375206977073985, 0.19166928079232728, 0.18133669699882302, 0.13153067078618325, 0.14984255693773746, 0.1897443389611138, 0.16089280419909047, 0.18981332408832022, 0.1407822485555058, 0.16530188324054068, 0.14938648787112332, 0.14947254680255956, 0.15004975114160787, 0.1642370813962587, 0.20107918257878069, 0.1558249360235258, 0.1476754942397094, 0.1464552945592209, 0.15317404465184517, 0.1480177948572152, 0.1790061206736151, 0.1970605839550543, 0.16096862226896977, 0.1831887166562889, 0.15253130088489628, 0.16286578909688895, 0.13883016069005158]
