numSolutions: 82 k : 2201
9 82 0.03333333333333333 0.00013550135501355014

 Thread 4 estimated dimension 0 of 9 : 0.679503078220972  | time taken : 21.261545181274414
 Thread 3 estimated dimension 0 of 9 : 0.665706870935755  | time taken : 22.519028425216675
 Thread 2 estimated dimension 0 of 9 : 0.6727095169645165  | time taken : 26.19954514503479
 Thread 5 estimated dimension 0 of 9 : 0.6584224427003504  | time taken : 26.817373752593994
 Thread 4 estimated dimension 1 of 9 : 0.6090626109005683  | time taken : 32.84632658958435
 Thread 5 estimated dimension 1 of 9 : 0.5926117899165982  | time taken : 35.86619806289673
 Thread 7 estimated dimension 0 of 9 : 0.3316988094821251  | time taken : 80.29251456260681
 Thread 3 estimated dimension 1 of 9 : 0.41666375899639013  | time taken : 57.98374605178833
 Thread 2 estimated dimension 1 of 9 : 0.4057261598992605  | time taken : 60.46033716201782
 Thread 5 estimated dimension 2 of 9 : 0.65411376218555  | time taken : 24.17681860923767
 Thread 7 estimated dimension 1 of 9 : 1  | time taken : 7.574556827545166
 Thread 3 estimated dimension 2 of 9 : 0.9918724859377032  | time taken : 7.839511871337891
 Thread 2 estimated dimension 2 of 9 : 0.9701686401343045  | time taken : 3.977653741836548
 Thread 2 estimated dimension 3 of 9 : 0.9921476972614618  | time taken : 5.805561542510986
 Thread 3 estimated dimension 3 of 9 : 0.9661105084894529  | time taken : 8.37734055519104
 Thread 7 estimated dimension 2 of 9 : 1  | time taken : 9.528205871582031
 Thread 6 estimated dimension 0 of 9 : 0.35675300165437196  | time taken : 105.7555456161499
 Thread 7 estimated dimension 3 of 9 : 1  | time taken : 10.30411434173584
 Thread 5 estimated dimension 3 of 9 : 0.7542452663689077  | time taken : 22.24008059501648
 Thread 3 estimated dimension 4 of 9 : 0.985374929026172  | time taken : 13.935197830200195
 Thread 2 estimated dimension 4 of 9 : 0.9999345665528925  | time taken : 14.077999830245972
 Thread 6 estimated dimension 1 of 9 : 0.9893744265316249  | time taken : 8.419304370880127
 Thread 6 estimated dimension 2 of 9 : 0.958155834642304  | time taken : 3.618095874786377
 Thread 5 estimated dimension 4 of 9 : 1  | time taken : 8.65081262588501
 Thread 1 estimated dimension 0 of 9 : 0.34816975429030145  | time taken : 123.42182993888855
 Thread 6 estimated dimension 3 of 9 : 0.9602226508211098  | time taken : 5.057431697845459
 Thread 5 estimated dimension 5 of 9 : 1  | time taken : 4.744436740875244
 Thread 1 estimated dimension 1 of 9 : 0.982417456415838  | time taken : 7.356172561645508
 Thread 7 estimated dimension 4 of 9 : 0.7738371945456345  | time taken : 23.573577880859375
 Thread 1 estimated dimension 2 of 9 : 1  | time taken : 6.747252702713013
 Thread 3 estimated dimension 5 of 9 : 0.6872586423209779  | time taken : 28.455143928527832
 Thread 2 estimated dimension 5 of 9 : 0.7519326582010321  | time taken : 29.32776665687561
 Thread 4 estimated dimension 2 of 9 : 0.2582578107791172  | time taken : 89.59860849380493
 Thread 1 estimated dimension 3 of 9 : 0.9907820630809286  | time taken : 9.479100942611694
 Thread 5 estimated dimension 6 of 9 : 0.5986909739644681  | time taken : 39.6059947013855
 Thread 1 estimated dimension 4 of 9 : 0.740433006082174  | time taken : 19.33021378517151
 Thread 7 estimated dimension 5 of 9 : 0.7411638276489841  | time taken : 36.44345307350159
 Thread 2 estimated dimension 6 of 9 : 0.6366129246509564  | time taken : 32.91463303565979
 Thread 3 estimated dimension 6 of 9 : 0.37701276430326935  | time taken : 57.62823796272278
 Thread 4 estimated dimension 3 of 9 : 0.5254257998431262  | time taken : 53.9222047328949
 Thread 4 estimated dimension 4 of 9 : 0.9736381740119983  | time taken : 9.282332420349121
 Thread 7 estimated dimension 6 of 9 : 0.6377592818401121  | time taken : 48.39701509475708
 Thread 4 estimated dimension 5 of 9 : 1  | time taken : 9.71550965309143
 Thread 4 estimated dimension 6 of 9 : 0.9974413835311998  | time taken : 7.26500678062439
 Thread 3 estimated dimension 7 of 9 : 0.6580793068676181  | time taken : 36.90507197380066
 Thread 2 estimated dimension 7 of 9 : 0.36992153719483223  | time taken : 77.74963903427124
 Thread 7 estimated dimension 7 of 9 : 0.6332944138073052  | time taken : 35.292316913604736
 Thread 2 estimated dimension 8 of 9 : 0.9748709496082016  | time taken : 3.934664487838745
 Thread 2 nsolns: 29944
 Thread 5 estimated dimension 7 of 9 : 0.3569382512040703  | time taken : 96.80938339233398
 Thread 6 estimated dimension 4 of 9 : 0.22412770818157698  | time taken : 138.94491600990295
 Thread 6 estimated dimension 5 of 9 : 0.9950814818592231  | time taken : 8.286756753921509
 Thread 5 estimated dimension 8 of 9 : 0.9910876491729996  | time taken : 11.320709466934204
 Thread 5 nsolns: 29835
 Thread 4 estimated dimension 7 of 9 : 0.5198444174993273  | time taken : 50.10419988632202
 Thread 1 estimated dimension 5 of 9 : 0.2795200248469801  | time taken : 113.66212201118469
 Thread 4 estimated dimension 8 of 9 : 0.9885569012379187  | time taken : 4.333610773086548
 Thread 6 estimated dimension 6 of 9 : 1  | time taken : 12.33786916732788
 Thread 4 nsolns: 32839
 Thread 1 estimated dimension 6 of 9 : 1  | time taken : 8.477846384048462
 Thread 3 estimated dimension 8 of 9 : 0.499494567346947  | time taken : 56.056031942367554
 Thread 3 nsolns: 32006
 Thread 6 estimated dimension 7 of 9 : 0.9847342700270543  | time taken : 10.828015327453613
 Thread 1 estimated dimension 7 of 9 : 1  | time taken : 8.716267585754395
 Thread 7 estimated dimension 8 of 9 : 0.5073905484141442  | time taken : 44.562480449676514
 Thread 7 nsolns: 30210
 Thread 5 estimated dimension 0 of 9 : 0.5902615946065969  | time taken : 42.18605613708496
 Thread 3 estimated dimension 0 of 9 : 0.6580487418559391  | time taken : 36.473593950271606
 Thread 7 estimated dimension 0 of 9 : 0.6361923043862262  | time taken : 42.12760043144226
 Thread 2 estimated dimension 0 of 9 : 0.37101429516218937  | time taken : 96.21658372879028
 Thread 1 estimated dimension 8 of 9 : 0.5313366276535976  | time taken : 57.10800290107727
 Thread 1 nsolns: 32152
 Thread 5 estimated dimension 1 of 9 : 0.5526570053960511  | time taken : 39.73457479476929
 Thread 2 estimated dimension 1 of 9 : 1  | time taken : 3.032085657119751
 Thread 6 estimated dimension 8 of 9 : 0.46847206712785877  | time taken : 66.033611536026
 Thread 6 nsolns: 34038
 Thread 4 estimated dimension 0 of 9 : 0.35504011869704366  | time taken : 84.62742710113525
 Thread 2 estimated dimension 2 of 9 : 1  | time taken : 9.41130542755127
 Thread 4 estimated dimension 1 of 9 : 1  | time taken : 3.568105459213257
 Thread 2 estimated dimension 3 of 9 : 0.9741915323067182  | time taken : 4.695620059967041
 Thread 4 estimated dimension 2 of 9 : 0.9862319438580052  | time taken : 4.319736957550049
 Thread 1 estimated dimension 0 of 9 : 0.6483709954384161  | time taken : 25.771997451782227
 Thread 4 estimated dimension 3 of 9 : 1  | time taken : 6.635954141616821
 Thread 5 estimated dimension 2 of 9 : 0.6470659756648416  | time taken : 33.04973554611206
 Thread 6 estimated dimension 0 of 9 : 0.6341753273705275  | time taken : 27.966944932937622
 Thread 3 estimated dimension 1 of 9 : 0.3929517127269215  | time taken : 78.05793070793152
 Thread 3 estimated dimension 2 of 9 : 1  | time taken : 4.54022741317749
 Thread 5 estimated dimension 3 of 9 : 0.7638491924149317  | time taken : 21.83027148246765
 Thread 3 estimated dimension 3 of 9 : 1  | time taken : 3.8040637969970703
 Thread 4 estimated dimension 4 of 9 : 0.775356119439677  | time taken : 30.955158710479736
 Thread 5 estimated dimension 4 of 9 : 0.9925526886198545  | time taken : 4.4633400440216064
 Thread 6 estimated dimension 1 of 9 : 0.6102355012528984  | time taken : 28.325408458709717
 Thread 3 estimated dimension 4 of 9 : 1  | time taken : 5.194278955459595
 Thread 7 estimated dimension 1 of 9 : 0.40825244513521314  | time taken : 81.04361414909363
 Thread 5 estimated dimension 5 of 9 : 1  | time taken : 8.562395095825195
 Thread 7 estimated dimension 2 of 9 : 1  | time taken : 8.107692241668701
 Thread 1 estimated dimension 1 of 9 : 0.5847391680977722  | time taken : 51.710928201675415
 Thread 4 estimated dimension 5 of 9 : 0.7353813029548862  | time taken : 19.850430965423584
 Thread 7 estimated dimension 3 of 9 : 0.9758257782576367  | time taken : 7.382462739944458
 Thread 7 estimated dimension 4 of 9 : 0.9976115325695427  | time taken : 3.7713804244995117
 Thread 6 estimated dimension 2 of 9 : 0.6924213015309317  | time taken : 36.54360866546631
 Thread 3 estimated dimension 5 of 9 : 0.6713612880126003  | time taken : 36.227919578552246
 Thread 1 estimated dimension 2 of 9 : 0.776262798729893  | time taken : 29.08522343635559
 Thread 5 estimated dimension 6 of 9 : 0.6329049349277147  | time taken : 40.975910902023315
 Thread 4 estimated dimension 6 of 9 : 0.5160014884970194  | time taken : 48.64859104156494
 Thread 2 estimated dimension 4 of 9 : 0.2306266310151378  | time taken : 110.85446834564209
 Thread 2 estimated dimension 5 of 9 : 0.9805431278422674  | time taken : 15.023533821105957
 Thread 2 estimated dimension 6 of 9 : 0.9885908825064516  | time taken : 11.273527145385742
 Thread 5 estimated dimension 7 of 9 : 0.6881134200839797  | time taken : 43.67792725563049
 Thread 3 estimated dimension 6 of 9 : 0.37555206633307414  | time taken : 61.61038565635681
 Thread 2 estimated dimension 7 of 9 : 0.9943701175187518  | time taken : 7.799480199813843
 Thread 4 estimated dimension 7 of 9 : 0.7124612710750364  | time taken : 37.815874099731445
 Thread 7 estimated dimension 5 of 9 : 0.28977144218127443  | time taken : 90.84864830970764
 Thread 7 estimated dimension 6 of 9 : 0.9958982853374465  | time taken : 7.609387159347534
 Thread 7 estimated dimension 7 of 9 : 0.9951569622184959  | time taken : 8.046544075012207
 Thread 1 estimated dimension 3 of 9 : 0.2713001558822265  | time taken : 97.36154365539551
 Thread 3 estimated dimension 7 of 9 : 0.6479646205156426  | time taken : 42.71471953392029
 Thread 6 estimated dimension 3 of 9 : 0.2643597062833281  | time taken : 109.48085474967957
 Thread 5 estimated dimension 8 of 9 : 0.5694912821007037  | time taken : 57.13779830932617
 Thread 5 nsolns: 29168
 Thread 1 estimated dimension 4 of 9 : 0.9869577397963984  | time taken : 12.079154014587402
 Thread 6 estimated dimension 4 of 9 : 0.9833092658760977  | time taken : 14.076623439788818
 Thread 4 estimated dimension 8 of 9 : 0.5173118152927038  | time taken : 58.45740008354187
 Thread 4 nsolns: 30276
 Thread 1 estimated dimension 5 of 9 : 0.9687166448941775  | time taken : 12.541969060897827
 Thread 6 estimated dimension 5 of 9 : 0.9979332019357525  | time taken : 16.655369997024536
 Thread 2 estimated dimension 8 of 9 : 0.4222929198816655  | time taken : 87.04882216453552
 Thread 2 nsolns: 33874
 Thread 5 estimated dimension 0 of 9 : 0.617657337598064  | time taken : 40.70948243141174
 Thread 4 estimated dimension 0 of 9 : 0.661106936456907  | time taken : 35.037694215774536
 Thread 7 estimated dimension 8 of 9 : 0.46962293682872003  | time taken : 64.81006050109863
 Thread 7 nsolns: 32050
 Thread 3 estimated dimension 8 of 9 : 0.5370223538778025  | time taken : 68.69840979576111
 Thread 3 nsolns: 32010
 Thread 1 estimated dimension 6 of 9 : 0.5402646885171934  | time taken : 50.31522822380066
 Thread 2 estimated dimension 0 of 9 : 0.6558550559077643  | time taken : 33.41766691207886
 Thread 1 estimated dimension 7 of 9 : 0.9996934714086861  | time taken : 7.899258375167847
 Thread 6 estimated dimension 6 of 9 : 0.5215329413119455  | time taken : 56.128804445266724
 Thread 1 estimated dimension 8 of 9 : 0.9905887598765176  | time taken : 9.747497797012329
 Thread 1 nsolns: 30845
 Thread 5 estimated dimension 1 of 9 : 0.4251898909605623  | time taken : 53.28574204444885
 Thread 6 estimated dimension 7 of 9 : 1  | time taken : 12.02774429321289
 Thread 5 estimated dimension 2 of 9 : 0.9943988875463552  | time taken : 3.8860576152801514
 Thread 3 estimated dimension 0 of 9 : 0.6169299778935701  | time taken : 40.179816246032715
 Thread 6 estimated dimension 8 of 9 : 0.9791895296825468  | time taken : 7.814579248428345
 Thread 6 nsolns: 31656
 Thread 5 estimated dimension 3 of 9 : 0.9776806979009007  | time taken : 8.371336936950684
 Thread 4 estimated dimension 1 of 9 : 0.4265034400580595  | time taken : 66.32041144371033
 Thread 4 estimated dimension 2 of 9 : 1  | time taken : 4.101775884628296
 Thread 5 estimated dimension 4 of 9 : 0.994700455868725  | time taken : 7.799388885498047
 Thread 4 estimated dimension 3 of 9 : 1  | time taken : 4.948064804077148
 Thread 7 estimated dimension 0 of 9 : 0.3513804840091203  | time taken : 79.236328125
 Thread 2 estimated dimension 1 of 9 : 0.3903809196529384  | time taken : 56.81749415397644
 Thread 4 estimated dimension 4 of 9 : 1  | time taken : 4.482537269592285
 Thread 2 estimated dimension 2 of 9 : 1  | time taken : 4.483181953430176
 Thread 6 estimated dimension 0 of 9 : 0.5875795999784238  | time taken : 28.769168376922607
 Thread 7 estimated dimension 1 of 9 : 1  | time taken : 8.688980340957642
 Thread 3 estimated dimension 1 of 9 : 0.5883899974396529  | time taken : 34.30086088180542
 Thread 2 estimated dimension 3 of 9 : 0.9984472483238935  | time taken : 4.401803016662598
 Thread 5 estimated dimension 5 of 9 : 0.7504856540958423  | time taken : 18.960872173309326
 Thread 7 estimated dimension 2 of 9 : 1  | time taken : 3.2519497871398926
 Thread 2 estimated dimension 4 of 9 : 0.9932153757144239  | time taken : 4.691551923751831
 Thread 7 estimated dimension 3 of 9 : 1  | time taken : 4.386237859725952
 Thread 4 estimated dimension 5 of 9 : 0.7039394866310728  | time taken : 29.17408323287964
 Thread 1 estimated dimension 0 of 9 : 0.3426045925412407  | time taken : 73.2103180885315
 Thread 1 estimated dimension 1 of 9 : 1  | time taken : 3.3289620876312256
 Thread 2 estimated dimension 5 of 9 : 0.7134903405241879  | time taken : 26.110373497009277
 Thread 1 estimated dimension 2 of 9 : 1  | time taken : 4.007693767547607
 Thread 6 estimated dimension 1 of 9 : 0.5689435296134496  | time taken : 34.19219088554382
 Thread 7 estimated dimension 4 of 9 : 0.7966573683162761  | time taken : 24.85878324508667
 Thread 3 estimated dimension 2 of 9 : 0.6837272035839453  | time taken : 34.491496324539185
 Thread 1 estimated dimension 3 of 9 : 0.999697455062138  | time taken : 6.195826053619385
 Thread 5 estimated dimension 6 of 9 : 0.6422382228645562  | time taken : 46.31094574928284
 Thread 1 estimated dimension 4 of 9 : 0.7322983677915172  | time taken : 25.181516885757446
 Thread 7 estimated dimension 5 of 9 : 0.7227844383052495  | time taken : 32.853310346603394
 Thread 6 estimated dimension 2 of 9 : 0.7001446473644154  | time taken : 33.201751708984375
 Thread 4 estimated dimension 6 of 9 : 0.5104135921645022  | time taken : 47.004663944244385
 Thread 3 estimated dimension 3 of 9 : 0.847682924281612  | time taken : 37.0627007484436
 Thread 3 estimated dimension 4 of 9 : 1  | time taken : 8.733848571777344
 Thread 5 estimated dimension 7 of 9 : 0.6720747380580049  | time taken : 40.758968353271484
 Thread 3 estimated dimension 5 of 9 : 0.9717788957408084  | time taken : 7.6712846755981445
 Thread 2 estimated dimension 6 of 9 : 0.44086670918961146  | time taken : 57.492738008499146
 Thread 6 estimated dimension 3 of 9 : 0.7414894241124828  | time taken : 29.874409914016724
 Thread 6 estimated dimension 4 of 9 : 0.9873675302446824  | time taken : 8.426283121109009
 Thread 6 estimated dimension 5 of 9 : 1  | time taken : 6.733995676040649
 Thread 3 estimated dimension 6 of 9 : 0.6370317179730185  | time taken : 32.74240183830261
 Thread 7 estimated dimension 6 of 9 : 0.400910885417084  | time taken : 63.7090744972229
 Thread 5 estimated dimension 8 of 9 : 0.4840397540375674  | time taken : 65.67397165298462
 Thread 5 nsolns: 29515
 Thread 3 estimated dimension 7 of 9 : 0.6249093439253308  | time taken : 33.55604386329651
 Thread 2 estimated dimension 7 of 9 : 0.3688977706348854  | time taken : 73.09131073951721
 Thread 4 estimated dimension 7 of 9 : 0.32863927892892036  | time taken : 105.57502174377441
 Thread 2 estimated dimension 8 of 9 : 0.9690835697148552  | time taken : 11.24691390991211
 Thread 2 nsolns: 31783
 Thread 1 estimated dimension 5 of 9 : 0.2860494841259067  | time taken : 116.62496948242188
 Thread 6 estimated dimension 6 of 9 : 0.4472668254341976  | time taken : 70.86263656616211
 Thread 4 estimated dimension 8 of 9 : 0.9725368062847267  | time taken : 11.567426919937134
 Thread 4 nsolns: 31578
 Thread 1 estimated dimension 6 of 9 : 1  | time taken : 5.02835750579834
 Thread 1 estimated dimension 7 of 9 : 0.9971471330575893  | time taken : 12.393036603927612
 Thread 3 estimated dimension 8 of 9 : 0.5213366742435189  | time taken : 50.604201555252075
 Thread 2 estimated dimension 0 of 9 : 0.6507256204578876  | time taken : 31.839372634887695
 Thread 3 nsolns: 28749
 Thread 4 estimated dimension 0 of 9 : 0.6520519076810539  | time taken : 29.654215335845947
 Thread 7 estimated dimension 7 of 9 : 0.331344147308433  | time taken : 88.15661358833313
 Thread 5 estimated dimension 0 of 9 : 0.35753208539460984  | time taken : 71.77888679504395
 Thread 7 estimated dimension 8 of 9 : 0.9745475401510406  | time taken : 10.71547794342041
 Thread 7 nsolns: 32863
 Thread 5 estimated dimension 1 of 9 : 0.9509236595876812  | time taken : 7.8157641887664795
 Thread 5 estimated dimension 2 of 9 : 0.9942844500526594  | time taken : 4.775091648101807
 Thread 2 estimated dimension 1 of 9 : 0.5663282662097262  | time taken : 35.01452112197876
 Thread 5 estimated dimension 3 of 9 : 0.9763161073414549  | time taken : 8.699702739715576
 Thread 1 estimated dimension 8 of 9 : 0.4769346930196208  | time taken : 68.47855615615845
 Thread 6 estimated dimension 7 of 9 : 0.34094928967088967  | time taken : 84.65151858329773
 Thread 1 nsolns: 32738
 Thread 5 estimated dimension 4 of 9 : 0.8017137548717995  | time taken : 20.759333848953247
 Thread 4 estimated dimension 1 of 9 : 0.4309522980205734  | time taken : 56.6011483669281
 Thread 6 estimated dimension 8 of 9 : 0.9857331570753116  | time taken : 7.258155584335327
 Thread 6 nsolns: 31637
 Thread 4 estimated dimension 2 of 9 : 0.9907279593460205  | time taken : 5.0882346630096436
 Thread 3 estimated dimension 0 of 9 : 0.37908388707308954  | time taken : 74.30282640457153
 Thread 4 estimated dimension 3 of 9 : 1  | time taken : 6.542592763900757
 Thread 7 estimated dimension 0 of 9 : 0.33968204070058144  | time taken : 61.26412534713745
 Thread 4 estimated dimension 4 of 9 : 1  | time taken : 5.668410778045654
 Thread 3 estimated dimension 1 of 9 : 0.9942977096276909  | time taken : 8.384201049804688
 Thread 3 estimated dimension 2 of 9 : 0.9816395240123339  | time taken : 6.151668548583984
 Thread 7 estimated dimension 1 of 9 : 1  | time taken : 8.437878131866455
 Thread 5 estimated dimension 5 of 9 : 0.7427173434955621  | time taken : 28.51030397415161
 Thread 3 estimated dimension 3 of 9 : 1  | time taken : 9.769448041915894
 Thread 7 estimated dimension 2 of 9 : 0.9982173981456223  | time taken : 9.20008397102356
 Thread 7 estimated dimension 3 of 9 : 0.9838640018095013  | time taken : 10.201852083206177
 Thread 2 estimated dimension 2 of 9 : 0.3075785848761659  | time taken : 88.95985817909241
 Thread 3 estimated dimension 4 of 9 : 0.7648642940006876  | time taken : 24.910783767700195
 Thread 7 estimated dimension 4 of 9 : 0.7378634712547698  | time taken : 20.624637126922607
 Thread 1 estimated dimension 0 of 9 : 0.36567232113354387  | time taken : 81.89952850341797
 Thread 1 estimated dimension 1 of 9 : 1  | time taken : 3.8144404888153076
 Thread 5 estimated dimension 6 of 9 : 0.38826211533875404  | time taken : 55.384782552719116
 Thread 1 estimated dimension 2 of 9 : 1  | time taken : 6.942994594573975
 Thread 3 estimated dimension 5 of 9 : 0.7086757523835614  | time taken : 27.119910717010498
 Thread 7 estimated dimension 5 of 9 : 0.6872017882327616  | time taken : 25.88411521911621
 Thread 1 estimated dimension 3 of 9 : 0.9895718857664526  | time taken : 7.388314962387085
 Thread 2 estimated dimension 3 of 9 : 0.4773504771501307  | time taken : 41.7205445766449
 Thread 6 estimated dimension 0 of 9 : 0.364878838214665  | time taken : 101.4251778125763
 Thread 6 estimated dimension 1 of 9 : 0.9905027641191323  | time taken : 9.248067617416382
 Thread 2 estimated dimension 4 of 9 : 0.97913078376455  | time taken : 13.782335758209229
 Thread 5 estimated dimension 7 of 9 : 0.6801376649716148  | time taken : 35.323039531707764
 Thread 6 estimated dimension 2 of 9 : 1  | time taken : 4.3023316860198975
 Thread 2 estimated dimension 5 of 9 : 1  | time taken : 8.043020009994507
 Thread 6 estimated dimension 3 of 9 : 0.998754504085717  | time taken : 4.454965829849243
 Thread 4 estimated dimension 5 of 9 : 0.28130632838537084  | time taken : 107.77277827262878
 Thread 4 estimated dimension 6 of 9 : 0.9780756177255664  | time taken : 7.5362677574157715
 Thread 2 estimated dimension 6 of 9 : 0.9991181882234124  | time taken : 13.081053018569946
 Thread 3 estimated dimension 6 of 9 : 0.6100564584870282  | time taken : 52.59351992607117
 Thread 4 estimated dimension 7 of 9 : 1  | time taken : 10.537744522094727
 Thread 2 estimated dimension 7 of 9 : 1  | time taken : 7.531274080276489
 Thread 6 estimated dimension 4 of 9 : 0.7671306061979186  | time taken : 23.389805793762207
 Thread 7 estimated dimension 6 of 9 : 0.4065487772275876  | time taken : 60.19156885147095
 Thread 3 estimated dimension 7 of 9 : 0.6256442837681667  | time taken : 28.07761287689209
 Thread 6 estimated dimension 5 of 9 : 0.6956762845717882  | time taken : 21.821391105651855
 Thread 5 estimated dimension 8 of 9 : 0.5556698441161184  | time taken : 58.834662437438965
 Thread 5 nsolns: 31361
 Thread 2 estimated dimension 8 of 9 : 0.5007378829662379  | time taken : 43.056209564208984
 Thread 7 estimated dimension 7 of 9 : 0.7001360695306806  | time taken : 35.00003433227539
 Thread 2 nsolns: 32365
 Thread 4 estimated dimension 8 of 9 : 0.5043699607371357  | time taken : 56.16880679130554
 Thread 4 nsolns: 31493
 Thread 6 estimated dimension 6 of 9 : 0.608622153315503  | time taken : 38.83530831336975
 Thread 1 estimated dimension 4 of 9 : 0.22180956618579595  | time taken : 114.76568031311035
 Thread 1 estimated dimension 5 of 9 : 0.9972684811531835  | time taken : 14.598365783691406
 Thread 3 estimated dimension 8 of 9 : 0.5100057293643839  | time taken : 65.11337399482727
 Thread 3 nsolns: 29793
 Thread 1 estimated dimension 6 of 9 : 0.9651363670437665  | time taken : 11.374783277511597
 Thread 4 estimated dimension 0 of 9 : 0.6807304614742348  | time taken : 36.26688575744629
 Thread 1 estimated dimension 7 of 9 : 1  | time taken : 4.453649044036865
 Thread 6 estimated dimension 7 of 9 : 0.6284001785666882  | time taken : 41.795695304870605
 Thread 5 estimated dimension 0 of 9 : 0.32946540497943744  | time taken : 75.6879677772522
 Thread 7 estimated dimension 8 of 9 : 0.4930327343947559  | time taken : 62.535629749298096
 Thread 7 nsolns: 32193
 Thread 2 estimated dimension 0 of 9 : 0.37684575565163514  | time taken : 70.85535144805908
 Thread 5 estimated dimension 1 of 9 : 0.9963623022465018  | time taken : 8.930998802185059
 Thread 2 estimated dimension 1 of 9 : 0.9764094983082899  | time taken : 5.61944580078125
 Thread 3 estimated dimension 0 of 9 : 0.6194376681462768  | time taken : 34.187859535217285
 Thread 5 estimated dimension 2 of 9 : 1  | time taken : 9.631678819656372
 Thread 2 estimated dimension 2 of 9 : 0.9696441257656525  | time taken : 7.546379089355469
 Thread 2 estimated dimension 3 of 9 : 0.9842287610663448  | time taken : 5.204726219177246
 Thread 5 estimated dimension 3 of 9 : 0.9758819349181498  | time taken : 9.42282772064209
 Thread 7 estimated dimension 0 of 9 : 0.6622291829659284  | time taken : 32.42480397224426
 Thread 3 estimated dimension 1 of 9 : 0.6312644759012518  | time taken : 28.91049575805664
 Thread 1 estimated dimension 8 of 9 : 0.5349557721698391  | time taken : 58.5162878036499
 Thread 1 nsolns: 33280
 Thread 5 estimated dimension 4 of 9 : 0.7978734674488748  | time taken : 26.86220097541809
 Thread 6 estimated dimension 8 of 9 : 0.4923491242823012  | time taken : 57.7654128074646
 Thread 6 nsolns: 30532
 Thread 4 estimated dimension 1 of 9 : 0.4413222774403176  | time taken : 75.53988194465637
 Thread 7 estimated dimension 1 of 9 : 0.5675616769897567  | time taken : 36.618088245391846
 Thread 4 estimated dimension 2 of 9 : 0.9826411207318773  | time taken : 7.936476945877075
 Thread 4 estimated dimension 3 of 9 : 1  | time taken : 8.23430848121643
 Thread 3 estimated dimension 2 of 9 : 0.6462056645609724  | time taken : 34.577035903930664
 Thread 1 estimated dimension 0 of 9 : 0.6619699003052065  | time taken : 32.13283896446228
 Thread 4 estimated dimension 4 of 9 : 0.9777152619164906  | time taken : 5.286609649658203
 Thread 5 estimated dimension 5 of 9 : 0.6721378034146471  | time taken : 28.94986367225647
 Thread 7 estimated dimension 2 of 9 : 0.6201460153456615  | time taken : 24.905132293701172
 Thread 1 estimated dimension 1 of 9 : 0.5989514304754396  | time taken : 33.95153760910034
 Thread 4 estimated dimension 5 of 9 : 0.7278521662290939  | time taken : 33.45228695869446
 Thread 7 estimated dimension 3 of 9 : 0.7506012178070333  | time taken : 26.29075288772583
 Thread 5 estimated dimension 6 of 9 : 0.6007978965620557  | time taken : 38.532004594802856
 Thread 7 estimated dimension 4 of 9 : 1  | time taken : 7.558262825012207
 Thread 6 estimated dimension 0 of 9 : 0.39265986496821054  | time taken : 78.81991672515869
 Thread 1 estimated dimension 2 of 9 : 0.6463032330971638  | time taken : 21.295283317565918
 Thread 7 estimated dimension 5 of 9 : 0.9807541142071344  | time taken : 7.392975330352783
 Thread 2 estimated dimension 4 of 9 : 0.2200854542721735  | time taken : 118.67120385169983
 Thread 6 estimated dimension 1 of 9 : 1  | time taken : 8.48244571685791
 Thread 2 estimated dimension 5 of 9 : 1  | time taken : 7.243005037307739
 Thread 6 estimated dimension 2 of 9 : 1  | time taken : 7.9456188678741455
 Thread 6 estimated dimension 3 of 9 : 1  | time taken : 4.07749342918396
 Thread 5 estimated dimension 7 of 9 : 0.6823315064305983  | time taken : 35.178892612457275
 Thread 2 estimated dimension 6 of 9 : 0.987166378202405  | time taken : 7.502357721328735
 Thread 4 estimated dimension 6 of 9 : 0.5960835395124355  | time taken : 43.442251682281494
 Thread 2 estimated dimension 7 of 9 : 1  | time taken : 4.3361711502075195
 Thread 7 estimated dimension 6 of 9 : 0.5988569199608029  | time taken : 37.35755181312561
 Thread 3 estimated dimension 3 of 9 : 0.241969962028651  | time taken : 111.3534939289093
 Thread 6 estimated dimension 4 of 9 : 0.7773686536669066  | time taken : 32.90580439567566
 Thread 3 estimated dimension 4 of 9 : 0.9944253358015017  | time taken : 10.033334016799927
 Thread 4 estimated dimension 7 of 9 : 0.6812683277428342  | time taken : 46.06246995925903
 Thread 6 estimated dimension 5 of 9 : 0.7355063990321321  | time taken : 22.334416389465332
 Thread 3 estimated dimension 5 of 9 : 1  | time taken : 15.823151350021362
 Thread 5 estimated dimension 8 of 9 : 0.49415404829375786  | time taken : 58.469802141189575
 Thread 5 nsolns: 30640
 Thread 2 estimated dimension 8 of 9 : 0.4810535614258342  | time taken : 55.390376806259155
 Thread 2 nsolns: 33372
 Thread 5 estimated dimension 0 of 9 : 0.6314514473459019  | time taken : 32.06992530822754
 Thread 2 estimated dimension 0 of 9 : 0.6598531172193599  | time taken : 30.625622749328613
 Thread 4 estimated dimension 8 of 9 : 0.5297428018321628  | time taken : 47.614784479141235
 Thread 6 estimated dimension 6 of 9 : 0.5377867757204197  | time taken : 41.87260603904724
 Thread 4 nsolns: 28709
 Thread 1 estimated dimension 3 of 9 : 0.26282720710273827  | time taken : 122.48370265960693
 Thread 7 estimated dimension 7 of 9 : 0.34290713670638084  | time taken : 87.53440117835999
 Thread 1 estimated dimension 4 of 9 : 0.9743533298410747  | time taken : 9.374287605285645
 Thread 3 estimated dimension 6 of 9 : 0.5229700486945557  | time taken : 54.4081130027771
 Thread 7 estimated dimension 8 of 9 : 0.9977838410296102  | time taken : 9.32894229888916
 Thread 7 nsolns: 30430
 Thread 1 estimated dimension 5 of 9 : 1  | time taken : 8.005355834960938
 Thread 3 estimated dimension 7 of 9 : 0.9754327287991753  | time taken : 13.748993396759033
 Thread 6 estimated dimension 7 of 9 : 0.677749324371647  | time taken : 32.4452850818634
 Thread 2 estimated dimension 1 of 9 : 0.5911039978012358  | time taken : 35.9212760925293
 Thread 3 estimated dimension 8 of 9 : 0.9722915727896977  | time taken : 6.530225992202759
 Thread 3 nsolns: 32414
 Thread 7 estimated dimension 0 of 9 : 0.647378165132002  | time taken : 26.158207416534424
 Thread 2 estimated dimension 2 of 9 : 0.6634255580058479  | time taken : 30.40620446205139
 Thread 5 estimated dimension 1 of 9 : 0.4278547545498819  | time taken : 79.62468028068542
 Thread 4 estimated dimension 0 of 9 : 0.32729087989656513  | time taken : 73.27800393104553
 Thread 1 estimated dimension 6 of 9 : 0.48398627028666286  | time taken : 56.72992515563965
 Thread 5 estimated dimension 2 of 9 : 1  | time taken : 9.559080362319946
 Thread 4 estimated dimension 1 of 9 : 1  | time taken : 10.056941032409668
 Thread 7 estimated dimension 1 of 9 : 0.5882119804180919  | time taken : 41.74551177024841
 Thread 1 estimated dimension 7 of 9 : 1  | time taken : 8.923166275024414
 Thread 5 estimated dimension 3 of 9 : 1  | time taken : 7.781892538070679
 Thread 6 estimated dimension 8 of 9 : 0.4858181404196265  | time taken : 59.94699001312256
 Thread 4 estimated dimension 2 of 9 : 1  | time taken : 8.78385066986084
 Thread 6 nsolns: 29857
 Thread 1 estimated dimension 8 of 9 : 0.999498668063503  | time taken : 10.839744567871094
 Thread 1 nsolns: 32086
 Thread 5 estimated dimension 4 of 9 : 0.9575319576376379  | time taken : 9.164534568786621
 Thread 4 estimated dimension 3 of 9 : 1  | time taken : 8.919888257980347
 Thread 2 estimated dimension 3 of 9 : 0.7242175567795541  | time taken : 39.00070071220398
 Thread 2 estimated dimension 4 of 9 : 0.985065992769717  | time taken : 8.32628059387207
 Thread 3 estimated dimension 0 of 9 : 0.3719373822128935  | time taken : 83.70506238937378
 Thread 2 estimated dimension 5 of 9 : 0.9904114290036531  | time taken : 7.1676185131073
 Thread 6 estimated dimension 0 of 9 : 0.6510698878232729  | time taken : 27.845498085021973
 Thread 7 estimated dimension 2 of 9 : 0.6040980321008895  | time taken : 41.43606472015381
 Thread 3 estimated dimension 1 of 9 : 1  | time taken : 9.016671895980835
 Thread 3 estimated dimension 2 of 9 : 0.9815411186064699  | time taken : 4.981215715408325
 Thread 3 estimated dimension 3 of 9 : 1  | time taken : 8.099985361099243
 Thread 7 estimated dimension 3 of 9 : 0.7293557852437689  | time taken : 29.75658679008484
 Thread 6 estimated dimension 1 of 9 : 0.5998088783403219  | time taken : 35.305100440979004
 Thread 7 estimated dimension 4 of 9 : 0.9869209333074799  | time taken : 13.455057144165039
 Thread 7 estimated dimension 5 of 9 : 1  | time taken : 6.596786022186279
 Thread 1 estimated dimension 0 of 9 : 0.3699893496693684  | time taken : 87.26623964309692
 Thread 2 estimated dimension 6 of 9 : 0.3833939679356798  | time taken : 67.4545259475708
 Thread 6 estimated dimension 2 of 9 : 0.7932018272695711  | time taken : 31.088080644607544
 Thread 1 estimated dimension 1 of 9 : 1  | time taken : 8.053431272506714
 Thread 1 estimated dimension 2 of 9 : 1  | time taken : 4.014310359954834
 Thread 1 estimated dimension 3 of 9 : 1  | time taken : 5.299277067184448
 Thread 7 estimated dimension 6 of 9 : 0.6075850429594604  | time taken : 35.885324478149414
 Thread 6 estimated dimension 3 of 9 : 0.7074137201590526  | time taken : 27.97821068763733
 Thread 6 estimated dimension 4 of 9 : 0.9924805781184178  | time taken : 5.271626234054565
 Thread 6 estimated dimension 5 of 9 : 0.9637951652395917  | time taken : 7.960751533508301
 Thread 1 estimated dimension 4 of 9 : 0.8083388049080302  | time taken : 26.481240272521973
 Thread 5 estimated dimension 5 of 9 : 0.3005674640727769  | time taken : 136.9123980998993
 Thread 4 estimated dimension 4 of 9 : 0.22564275627558097  | time taken : 147.23432064056396
 Thread 5 estimated dimension 6 of 9 : 0.948345290426805  | time taken : 13.501503467559814
 Thread 5 estimated dimension 7 of 9 : 0.9990422894620996  | time taken : 6.489070415496826
 Thread 4 estimated dimension 5 of 9 : 0.9995987736328078  | time taken : 9.575530052185059
 Thread 3 estimated dimension 4 of 9 : 0.2264571939641415  | time taken : 121.01806592941284
 Thread 4 estimated dimension 6 of 9 : 1  | time taken : 10.748992681503296
 Thread 3 estimated dimension 5 of 9 : 0.9791586161912641  | time taken : 5.067761421203613
 Thread 6 estimated dimension 6 of 9 : 0.67438519956291  | time taken : 42.24515461921692
 Thread 2 estimated dimension 7 of 9 : 0.33205454401494333  | time taken : 90.73385190963745
 Thread 4 estimated dimension 7 of 9 : 1  | time taken : 11.47646713256836
 Thread 3 estimated dimension 6 of 9 : 1  | time taken : 11.25425672531128
 Thread 2 estimated dimension 8 of 9 : 0.9742060268183913  | time taken : 8.723834037780762
 Thread 2 nsolns: 32356
 Thread 3 estimated dimension 7 of 9 : 1  | time taken : 4.638977289199829
 Thread 7 estimated dimension 7 of 9 : 0.3166695691979464  | time taken : 87.30833888053894
 Thread 5 estimated dimension 8 of 9 : 0.5057041042288232  | time taken : 51.678553342819214
 Thread 5 nsolns: 31441
 Thread 7 estimated dimension 8 of 9 : 0.9910550300896749  | time taken : 10.374125242233276
 Thread 7 nsolns: 31116
 Thread 2 estimated dimension 0 of 9 : 0.6570876797578072  | time taken : 32.200613021850586
 Thread 4 estimated dimension 8 of 9 : 0.46641606603015906  | time taken : 37.079615116119385
 Thread 4 nsolns: 34334
 Thread 3 estimated dimension 8 of 9 : 0.470139394487065  | time taken : 46.569363832473755
 Thread 3 nsolns: 33508
 Thread 5 estimated dimension 0 of 9 : 0.6534670537316778  | time taken : 30.573954105377197
 Thread 1 estimated dimension 5 of 9 : 0.31149302777170945  | time taken : 110.97446036338806
 Thread 7 estimated dimension 0 of 9 : 0.6515806344084774  | time taken : 29.983569383621216
 Thread 6 estimated dimension 7 of 9 : 0.3140111862266485  | time taken : 77.79459929466248
 Thread 4 estimated dimension 0 of 9 : 0.615367643981981  | time taken : 29.09301733970642
 Thread 1 estimated dimension 6 of 9 : 0.9745017713204328  | time taken : 11.45073127746582
 Thread 6 estimated dimension 8 of 9 : 0.9713021651203362  | time taken : 7.760334253311157
 Thread 6 nsolns: 30162
 Thread 1 estimated dimension 7 of 9 : 0.9785036495102929  | time taken : 10.392199993133545
 Thread 5 estimated dimension 1 of 9 : 0.6187075110128769  | time taken : 32.13382411003113
 Thread 2 estimated dimension 1 of 9 : 0.44766422538042294  | time taken : 57.46748757362366
 Thread 7 estimated dimension 1 of 9 : 0.5970437374263793  | time taken : 36.21514439582825
 Thread 4 estimated dimension 1 of 9 : 0.6225044023332791  | time taken : 28.6828932762146
 Thread 6 estimated dimension 0 of 9 : 0.6253881528360435  | time taken : 26.063775777816772
 Thread 2 estimated dimension 2 of 9 : 1  | time taken : 8.03745412826538
 Thread 2 estimated dimension 3 of 9 : 1  | time taken : 8.504043817520142
 Thread 5 estimated dimension 2 of 9 : 0.6854314851444594  | time taken : 23.467271327972412
 Thread 2 estimated dimension 4 of 9 : 1  | time taken : 12.027242183685303
 Thread 3 estimated dimension 0 of 9 : 0.37458064762476306  | time taken : 82.57004523277283
 Thread 1 estimated dimension 8 of 9 : 0.5343084272290526  | time taken : 55.020447731018066
 Thread 1 nsolns: 31195
 Thread 6 estimated dimension 1 of 9 : 0.5826482473812824  | time taken : 34.695425271987915
 Thread 3 estimated dimension 1 of 9 : 0.9677945315911941  | time taken : 3.057347059249878
 Thread 5 estimated dimension 3 of 9 : 0.7114221921790058  | time taken : 26.323390007019043
 Thread 3 estimated dimension 2 of 9 : 0.9934930630184748  | time taken : 4.689929723739624
 Thread 5 estimated dimension 4 of 9 : 0.98787667031753  | time taken : 7.965838670730591
 Thread 3 estimated dimension 3 of 9 : 1  | time taken : 7.020152568817139
 Thread 5 estimated dimension 5 of 9 : 1  | time taken : 6.383813381195068
 Thread 2 estimated dimension 5 of 9 : 0.710177857189798  | time taken : 37.57161211967468
 Thread 6 estimated dimension 2 of 9 : 0.7140905803522771  | time taken : 31.123315811157227
 Thread 3 estimated dimension 4 of 9 : 0.742380987112087  | time taken : 25.88852834701538
 Thread 7 estimated dimension 2 of 9 : 0.302159630184352  | time taken : 91.30646562576294
 Thread 6 estimated dimension 3 of 9 : 0.7652141294994265  | time taken : 22.434396028518677
 Thread 6 estimated dimension 4 of 9 : 0.9858260449153194  | time taken : 3.7175023555755615
 Thread 5 estimated dimension 6 of 9 : 0.5190193302832445  | time taken : 48.095564126968384
 Thread 4 estimated dimension 2 of 9 : 0.25879287755359204  | time taken : 107.89123058319092
 Thread 6 estimated dimension 5 of 9 : 1  | time taken : 7.723334789276123
 Thread 3 estimated dimension 5 of 9 : 0.729568004833823  | time taken : 25.726067066192627
 Thread 1 estimated dimension 0 of 9 : 0.3673334796167351  | time taken : 83.42219614982605
 Thread 2 estimated dimension 6 of 9 : 0.4272082447831895  | time taken : 58.197399854660034
 Thread 1 estimated dimension 1 of 9 : 0.9925565878005359  | time taken : 7.020384788513184
 Thread 5 estimated dimension 7 of 9 : 0.6881086578962804  | time taken : 27.973207473754883
 Thread 1 estimated dimension 2 of 9 : 1  | time taken : 6.952548027038574
 Thread 7 estimated dimension 3 of 9 : 0.5093002671324743  | time taken : 47.682737588882446
 Thread 1 estimated dimension 3 of 9 : 1  | time taken : 6.637041091918945
 Thread 3 estimated dimension 6 of 9 : 0.5974333621359387  | time taken : 41.54388070106506
 Thread 7 estimated dimension 4 of 9 : 0.9732621662403259  | time taken : 11.53563666343689
 Thread 4 estimated dimension 3 of 9 : 0.4923781067252414  | time taken : 46.341527223587036
 Thread 2 estimated dimension 7 of 9 : 0.6418950342885743  | time taken : 32.9455931186676
 Thread 7 estimated dimension 5 of 9 : 0.984164143898021  | time taken : 9.473555326461792
 Thread 7 estimated dimension 6 of 9 : 0.9778230748902109  | time taken : 4.511080265045166
 Thread 6 estimated dimension 6 of 9 : 0.4721697019199421  | time taken : 57.54618000984192
 Thread 4 estimated dimension 4 of 9 : 1  | time taken : 11.42340612411499
 Thread 1 estimated dimension 4 of 9 : 0.7449724560777751  | time taken : 21.322683572769165
 Thread 4 estimated dimension 5 of 9 : 1  | time taken : 12.010223388671875
 Thread 5 estimated dimension 8 of 9 : 0.526229199079483  | time taken : 46.16372084617615
 Thread 5 nsolns: 29044
 Thread 4 estimated dimension 6 of 9 : 0.975436872459992  | time taken : 6.292264223098755
 Thread 3 estimated dimension 7 of 9 : 0.6535288655288483  | time taken : 35.99935173988342
 Thread 1 estimated dimension 5 of 9 : 0.7193922399253732  | time taken : 26.282423496246338
 Thread 6 estimated dimension 7 of 9 : 0.6674696327774983  | time taken : 28.402817726135254
 Thread 2 estimated dimension 8 of 9 : 0.4753176578593829  | time taken : 49.73521399497986
 Thread 7 estimated dimension 7 of 9 : 0.4615828473209142  | time taken : 42.516335010528564
 Thread 2 nsolns: 31392
 Thread 5 estimated dimension 0 of 9 : 0.6381451459398311  | time taken : 28.423378467559814
 Thread 7 estimated dimension 8 of 9 : 1  | time taken : 13.14794135093689
 Thread 7 nsolns: 32102
 Thread 1 estimated dimension 6 of 9 : 0.5237526703115082  | time taken : 37.27558159828186
 Thread 4 estimated dimension 7 of 9 : 0.5132994916349446  | time taken : 45.629422664642334
 Thread 3 estimated dimension 8 of 9 : 0.45258407387199967  | time taken : 49.307711124420166
 Thread 3 nsolns: 30422
 Thread 6 estimated dimension 8 of 9 : 0.5415987821256069  | time taken : 43.94913935661316
 Thread 2 estimated dimension 0 of 9 : 0.6439070240178058  | time taken : 30.703325510025024
 Thread 6 nsolns: 29793
 Thread 4 estimated dimension 8 of 9 : 1  | time taken : 7.748482942581177
 Thread 4 nsolns: 32979
 Thread 5 estimated dimension 1 of 9 : 0.5699558255295234  | time taken : 35.022433280944824
 Thread 6 estimated dimension 0 of 9 : 0.6645213337445602  | time taken : 26.124444007873535
 Thread 3 estimated dimension 0 of 9 : 0.6615488651490604  | time taken : 32.909245014190674
 Thread 2 estimated dimension 1 of 9 : 0.5916605084618519  | time taken : 34.777196645736694
 Thread 6 estimated dimension 1 of 9 : 0.593849555033526  | time taken : 26.698656797409058
 Thread 4 estimated dimension 0 of 9 : 0.38294336937696327  | time taken : 57.18872046470642
 Thread 2 estimated dimension 2 of 9 : 0.5696977761570996  | time taken : 26.16276264190674
 Thread 7 estimated dimension 0 of 9 : 0.39363477834718896  | time taken : 80.25923609733582
 Thread 1 estimated dimension 7 of 9 : 0.31617501941980775  | time taken : 75.95563435554504
 Thread 4 estimated dimension 1 of 9 : 0.9619873177881608  | time taken : 8.027129173278809
 Thread 5 estimated dimension 2 of 9 : 0.32114508200982705  | time taken : 64.66193985939026
 Thread 7 estimated dimension 1 of 9 : 1  | time taken : 8.11108112335205
 Thread 4 estimated dimension 2 of 9 : 1  | time taken : 8.318044662475586
 Thread 6 estimated dimension 2 of 9 : 0.6975850943907889  | time taken : 23.931396484375
 Thread 3 estimated dimension 1 of 9 : 0.45183708670401596  | time taken : 48.670267820358276
 Thread 7 estimated dimension 2 of 9 : 0.9935826270360749  | time taken : 8.436666250228882
 Thread 4 estimated dimension 3 of 9 : 1  | time taken : 4.025646686553955
 Thread 1 estimated dimension 8 of 9 : 1  | time taken : 15.84660816192627
 Thread 1 nsolns: 31766
 Thread 2 estimated dimension 3 of 9 : 0.7364219684103028  | time taken : 24.849448680877686
 Thread 7 estimated dimension 3 of 9 : 0.9993455185680611  | time taken : 4.756639242172241
 Thread 3 estimated dimension 2 of 9 : 1  | time taken : 7.548327922821045
 Thread 2 estimated dimension 4 of 9 : 1  | time taken : 7.777617931365967
 Thread 3 estimated dimension 3 of 9 : 0.9702773968652241  | time taken : 6.938165664672852
 Thread 3 estimated dimension 4 of 9 : 0.9991505447783243  | time taken : 4.714193105697632
 Thread 2 estimated dimension 5 of 9 : 0.989760522965019  | time taken : 9.231587886810303
 Thread 6 estimated dimension 3 of 9 : 0.6350352554408746  | time taken : 26.82732582092285
 Thread 5 estimated dimension 3 of 9 : 0.5142565404011994  | time taken : 37.790133476257324
 Thread 6 estimated dimension 4 of 9 : 1  | time taken : 3.897639036178589
 Thread 1 estimated dimension 0 of 9 : 0.6631146960744351  | time taken : 28.286909580230713
 Thread 5 estimated dimension 4 of 9 : 0.9540047700092749  | time taken : 7.170370101928711
 Thread 6 estimated dimension 5 of 9 : 0.9947790052206036  | time taken : 8.192634582519531
 Thread 7 estimated dimension 4 of 9 : 0.7666484488934304  | time taken : 32.41916012763977
 Thread 5 estimated dimension 5 of 9 : 1  | time taken : 11.564589500427246
 Thread 5 estimated dimension 6 of 9 : 0.9781624063449345  | time taken : 6.265625238418579
 Thread 5 estimated dimension 7 of 9 : 1  | time taken : 9.475967645645142
 Thread 2 estimated dimension 6 of 9 : 0.5899929866232335  | time taken : 40.50834369659424
 Thread 6 estimated dimension 6 of 9 : 0.6268040469942175  | time taken : 30.596989154815674
 Thread 1 estimated dimension 1 of 9 : 0.4522289579777937  | time taken : 47.654568910598755
 Thread 1 estimated dimension 2 of 9 : 1  | time taken : 3.56010103225708
 Thread 6 estimated dimension 7 of 9 : 0.6874456437238038  | time taken : 19.95103621482849
 Thread 1 estimated dimension 3 of 9 : 0.9819320810519386  | time taken : 7.219043016433716
 Thread 4 estimated dimension 4 of 9 : 0.23178003967894711  | time taken : 94.11054468154907
 Thread 1 estimated dimension 4 of 9 : 1  | time taken : 3.3788700103759766
 Thread 3 estimated dimension 5 of 9 : 0.2779843259638288  | time taken : 78.15060591697693
 Thread 4 estimated dimension 5 of 9 : 0.9994475146438125  | time taken : 7.538053035736084
 Thread 3 estimated dimension 6 of 9 : 0.981664495110265  | time taken : 7.199521541595459
 Thread 5 estimated dimension 8 of 9 : 0.5357204131766502  | time taken : 42.57311820983887
 Thread 5 nsolns: 31402
 Thread 4 estimated dimension 6 of 9 : 1  | time taken : 7.336785078048706
 Thread 3 estimated dimension 7 of 9 : 0.991167566525777  | time taken : 7.1948933601379395
 Thread 1 estimated dimension 5 of 9 : 0.6312447624511591  | time taken : 19.93414545059204
 Thread 4 estimated dimension 7 of 9 : 0.9900056969373769  | time taken : 6.505167245864868
 Thread 7 estimated dimension 5 of 9 : 0.27264816208579523  | time taken : 86.79525089263916
 Thread 7 estimated dimension 6 of 9 : 1  | time taken : 7.567280054092407
 Thread 5 estimated dimension 0 of 9 : 0.6666175110172103  | time taken : 30.826833248138428
 Thread 6 estimated dimension 8 of 9 : 0.5216101872878048  | time taken : 49.87228775024414
 Thread 7 estimated dimension 7 of 9 : 1  | time taken : 6.6644392013549805
 Thread 6 nsolns: 29005
 Thread 2 estimated dimension 7 of 9 : 0.31945752189236326  | time taken : 78.27282285690308
 Thread 1 estimated dimension 6 of 9 : 0.634662232349889  | time taken : 31.461149215698242
 Thread 2 estimated dimension 8 of 9 : 0.9689594535278331  | time taken : 7.9965009689331055
 Thread 2 nsolns: 31250
 Thread 4 estimated dimension 8 of 9 : 0.5479139793476713  | time taken : 39.59228801727295
 Thread 4 nsolns: 32347
 Thread 3 estimated dimension 8 of 9 : 0.5166854320185911  | time taken : 51.52477312088013
 Thread 3 nsolns: 31452
 Thread 5 estimated dimension 1 of 9 : 0.5988637213099639  | time taken : 32.81083345413208
 Thread 6 estimated dimension 0 of 9 : 0.6109264574277702  | time taken : 31.066641092300415
 Thread 2 estimated dimension 0 of 9 : 0.6877370937181928  | time taken : 28.033127307891846
 Thread 7 estimated dimension 8 of 9 : 0.49847797364944973  | time taken : 45.89078688621521
 Thread 7 nsolns: 32104
 Thread 5 estimated dimension 2 of 9 : 0.8054809051241516  | time taken : 16.222283363342285
 Thread 3 estimated dimension 0 of 9 : 0.62308815425048  | time taken : 23.819391012191772
 Thread 6 estimated dimension 1 of 9 : 0.5563455982223195  | time taken : 32.153528928756714
 Thread 2 estimated dimension 1 of 9 : 0.5727739518198091  | time taken : 30.692092180252075
 Thread 5 estimated dimension 3 of 9 : 0.7630169115371048  | time taken : 24.49160146713257
 Thread 5 estimated dimension 4 of 9 : 1  | time taken : 7.361922025680542
 Thread 5 estimated dimension 5 of 9 : 1  | time taken : 6.283168315887451
 Thread 4 estimated dimension 0 of 9 : 0.3485876569368824  | time taken : 71.99338483810425
 Thread 3 estimated dimension 1 of 9 : 0.4294762904085566  | time taken : 42.471843004226685
 Thread 1 estimated dimension 7 of 9 : 0.3372890090598951  | time taken : 85.00147557258606
 Thread 4 estimated dimension 1 of 9 : 0.9936957596807396  | time taken : 7.626833438873291
 Thread 3 estimated dimension 2 of 9 : 1  | time taken : 8.177944660186768
 Thread 4 estimated dimension 2 of 9 : 0.9348580031276675  | time taken : 6.8945631980896
 Thread 1 estimated dimension 8 of 9 : 1  | time taken : 13.642167806625366
 Thread 1 nsolns: 30433
 Thread 7 estimated dimension 0 of 9 : 0.37394542011721527  | time taken : 60.6343138217926
 Thread 3 estimated dimension 3 of 9 : 1  | time taken : 7.914109706878662
 Thread 4 estimated dimension 3 of 9 : 1  | time taken : 3.7950198650360107
 Thread 7 estimated dimension 1 of 9 : 0.9766567167784375  | time taken : 8.381870746612549
 Thread 3 estimated dimension 4 of 9 : 1  | time taken : 7.200804233551025
 Thread 7 estimated dimension 2 of 9 : 1  | time taken : 3.3552727699279785
 Thread 5 estimated dimension 6 of 9 : 0.5616574800399358  | time taken : 36.55133056640625
 Thread 6 estimated dimension 2 of 9 : 0.3320339663740437  | time taken : 69.69905519485474
 Thread 7 estimated dimension 3 of 9 : 1  | time taken : 13.234463453292847
 Thread 4 estimated dimension 4 of 9 : 0.7578737898933634  | time taken : 24.63278079032898
 Thread 1 estimated dimension 0 of 9 : 0.6648928755122978  | time taken : 30.912374019622803
 Thread 2 estimated dimension 2 of 9 : 0.29135285642571224  | time taken : 71.90254044532776
 Thread 3 estimated dimension 5 of 9 : 0.7105842312262656  | time taken : 26.131260871887207
 Thread 7 estimated dimension 4 of 9 : 0.7496460467729977  | time taken : 22.10908055305481
 Thread 5 estimated dimension 7 of 9 : 0.6886651271508962  | time taken : 39.00278878211975
 Thread 4 estimated dimension 5 of 9 : 0.7119517617466126  | time taken : 29.458820581436157
 Thread 1 estimated dimension 1 of 9 : 0.5746294691547116  | time taken : 35.32421660423279
 Thread 6 estimated dimension 3 of 9 : 0.5135522486131299  | time taken : 44.29879832267761
 Thread 2 estimated dimension 3 of 9 : 0.4954154501648638  | time taken : 40.10527992248535
 Thread 2 estimated dimension 4 of 9 : 0.9802514976777509  | time taken : 6.0649261474609375
 Thread 6 estimated dimension 4 of 9 : 0.9574941371202921  | time taken : 10.028990030288696
 Thread 2 estimated dimension 5 of 9 : 0.9894651249649539  | time taken : 4.041346311569214
 Thread 6 estimated dimension 5 of 9 : 1  | time taken : 6.481092214584351
 Thread 3 estimated dimension 6 of 9 : 0.4337184485197707  | time taken : 53.825645208358765
 Thread 2 estimated dimension 6 of 9 : 1  | time taken : 7.720796346664429
 Thread 5 estimated dimension 8 of 9 : 0.493418638934459  | time taken : 42.85920715332031
 Thread 5 nsolns: 28896
 Thread 6 estimated dimension 6 of 9 : 1  | time taken : 10.20228362083435
 Thread 2 estimated dimension 7 of 9 : 0.9941017595841867  | time taken : 10.141291856765747
 Thread 5 estimated dimension 0 of 9 : 0.6342638316782371  | time taken : 25.312793493270874
 Thread 4 estimated dimension 6 of 9 : 0.47092951112496684  | time taken : 71.67333197593689
 Thread 1 estimated dimension 2 of 9 : 0.3533996471976664  | time taken : 78.25725269317627
 Thread 7 estimated dimension 5 of 9 : 0.2869858973496327  | time taken : 98.73996782302856
 Thread 7 estimated dimension 6 of 9 : 0.9864607925413268  | time taken : 7.098063945770264
 Thread 2 estimated dimension 8 of 9 : 0.4571920565584166  | time taken : 56.232102155685425
 Thread 2 nsolns: 32849
 Thread 4 estimated dimension 7 of 9 : 0.6284862934833119  | time taken : 32.06661796569824
 Thread 7 estimated dimension 7 of 9 : 1  | time taken : 6.0777153968811035
 Thread 5 estimated dimension 1 of 9 : 0.5573932723734063  | time taken : 40.35194993019104
 Thread 3 estimated dimension 7 of 9 : 0.3323366958212193  | time taken : 79.97913837432861
 Thread 6 estimated dimension 7 of 9 : 0.4872418803258971  | time taken : 70.95995879173279
 Thread 3 estimated dimension 8 of 9 : 1  | time taken : 7.989010572433472
 Thread 3 nsolns: 32629
 Thread 6 estimated dimension 8 of 9 : 1  | time taken : 8.771966218948364
 Thread 6 nsolns: 31458
 Thread 1 estimated dimension 3 of 9 : 0.48294180721631363  | time taken : 47.793715715408325
 Thread 2 estimated dimension 0 of 9 : 0.6925344149492946  | time taken : 35.50456213951111
 Thread 5 estimated dimension 2 of 9 : 0.5969397146254646  | time taken : 32.505624532699585
 Thread 1 estimated dimension 4 of 9 : 1  | time taken : 4.888982772827148
 Thread 1 estimated dimension 5 of 9 : 1  | time taken : 7.219428539276123
 Thread 7 estimated dimension 8 of 9 : 0.5099650376999034  | time taken : 50.38298416137695
 Thread 7 nsolns: 31891
 Thread 1 estimated dimension 6 of 9 : 1  | time taken : 6.282217979431152
 Thread 4 estimated dimension 8 of 9 : 0.5027681035885603  | time taken : 61.43332648277283
 Thread 5 estimated dimension 3 of 9 : 0.6887033791444289  | time taken : 25.08773708343506
 Thread 4 nsolns: 31364
 Thread 5 estimated dimension 4 of 9 : 0.9856820818879595  | time taken : 8.120147705078125
 Thread 5 estimated dimension 5 of 9 : 1  | time taken : 4.7793519496917725
 Thread 2 estimated dimension 1 of 9 : 0.4358330868283007  | time taken : 53.19798541069031
 Thread 6 estimated dimension 0 of 9 : 0.3684034692200477  | time taken : 71.28806734085083
 Thread 6 estimated dimension 1 of 9 : 1  | time taken : 4.73687219619751
 Thread 3 estimated dimension 0 of 9 : 0.3496549176034581  | time taken : 78.32183527946472
 Thread 2 estimated dimension 2 of 9 : 0.9909803064403873  | time taken : 7.552819490432739
 Thread 6 estimated dimension 2 of 9 : 1  | time taken : 5.493003845214844
 Thread 3 estimated dimension 1 of 9 : 0.9932123909656401  | time taken : 5.099932670593262
 Thread 2 estimated dimension 3 of 9 : 0.9934066925142274  | time taken : 6.067574977874756
 Thread 1 estimated dimension 7 of 9 : 0.4543711042290002  | time taken : 51.64737010002136
 Thread 3 estimated dimension 2 of 9 : 0.9528442462216526  | time taken : 3.844261407852173
 Thread 6 estimated dimension 3 of 9 : 1  | time taken : 4.591505289077759
 Thread 5 estimated dimension 6 of 9 : 0.6064767600459035  | time taken : 31.04624366760254
 Thread 2 estimated dimension 4 of 9 : 0.9609354379413507  | time taken : 4.103933334350586
 Thread 3 estimated dimension 3 of 9 : 1  | time taken : 6.987494707107544
 Thread 1 estimated dimension 8 of 9 : 1  | time taken : 10.453330278396606
 Thread 1 nsolns: 31232
 Thread 7 estimated dimension 0 of 9 : 0.33851706269903165  | time taken : 64.83193325996399
 Thread 7 estimated dimension 1 of 9 : 0.9796932806274584  | time taken : 3.3402810096740723
 Thread 2 estimated dimension 5 of 9 : 0.7298029335236128  | time taken : 15.815377473831177
 Thread 6 estimated dimension 4 of 9 : 0.7800116147552079  | time taken : 19.628257751464844
 Thread 3 estimated dimension 4 of 9 : 0.7385661115711941  | time taken : 13.764840602874756
 Thread 7 estimated dimension 2 of 9 : 1  | time taken : 6.647292852401733
 Thread 7 estimated dimension 3 of 9 : 0.9916378928887174  | time taken : 6.392729997634888
 Thread 5 estimated dimension 7 of 9 : 0.6712058454852692  | time taken : 29.922435998916626
 Thread 4 estimated dimension 0 of 9 : 0.34525785910998  | time taken : 77.4671483039856
 Thread 4 estimated dimension 1 of 9 : 0.994361324162864  | time taken : 7.132450580596924
 Thread 4 estimated dimension 2 of 9 : 1  | time taken : 6.420788526535034
 Thread 6 estimated dimension 5 of 9 : 0.7134237196699075  | time taken : 27.77762746810913
 Thread 2 estimated dimension 6 of 9 : 0.5777834936665156  | time taken : 32.33512616157532
 Thread 4 estimated dimension 3 of 9 : 0.9617934540300159  | time taken : 6.975020170211792
 Thread 5 estimated dimension 8 of 9 : 0.4654993026941089  | time taken : 39.81397271156311
 Thread 5 nsolns: 30548
 Thread 6 estimated dimension 6 of 9 : 0.5997635473144284  | time taken : 25.332297563552856
 Thread 2 estimated dimension 7 of 9 : 0.6712716702487082  | time taken : 29.353405237197876
 Thread 4 estimated dimension 4 of 9 : 0.7374188088448795  | time taken : 24.46537685394287
 Thread 1 estimated dimension 0 of 9 : 0.3884919847833226  | time taken : 70.96468615531921
 Thread 1 estimated dimension 1 of 9 : 1  | time taken : 7.117406368255615
 Thread 1 estimated dimension 2 of 9 : 0.9851143948716163  | time taken : 3.9129602909088135
 Thread 1 estimated dimension 3 of 9 : 0.9887952907367766  | time taken : 4.341304779052734
 Thread 3 estimated dimension 5 of 9 : 0.27421662308813644  | time taken : 78.43927597999573
 Thread 6 estimated dimension 7 of 9 : 0.7127347428858278  | time taken : 30.198200225830078
 Thread 3 estimated dimension 6 of 9 : 0.9900548710016868  | time taken : 7.043253660202026
 Thread 4 estimated dimension 5 of 9 : 0.7123678612140373  | time taken : 27.87273383140564
 Thread 1 estimated dimension 4 of 9 : 0.7924278901522381  | time taken : 21.449246406555176
 Thread 3 estimated dimension 7 of 9 : 1  | time taken : 15.00982928276062
 Thread 2 estimated dimension 8 of 9 : 0.4789430854059408  | time taken : 49.2771852016449
 Thread 2 nsolns: 29821
 Thread 7 estimated dimension 4 of 9 : 0.21837386271257664  | time taken : 102.75422501564026
 Thread 7 estimated dimension 5 of 9 : 0.9603991295407908  | time taken : 7.554319143295288
 Thread 4 estimated dimension 6 of 9 : 0.6027027055977481  | time taken : 31.384052276611328
 Thread 1 estimated dimension 5 of 9 : 0.6914075882189695  | time taken : 20.209280014038086
 Thread 7 estimated dimension 6 of 9 : 1  | time taken : 10.918963193893433
 Thread 6 estimated dimension 8 of 9 : 0.5137683750581771  | time taken : 51.319480180740356
 Thread 6 nsolns: 29440
 Thread 7 estimated dimension 7 of 9 : 0.9993936849346566  | time taken : 8.052191257476807
 Thread 4 estimated dimension 7 of 9 : 0.6833658936263773  | time taken : 25.562324047088623
 Thread 3 estimated dimension 8 of 9 : 0.5463451109489078  | time taken : 56.49835205078125
 Thread 1 estimated dimension 6 of 9 : 0.5948215789823424  | time taken : 38.53754448890686
 Thread 3 nsolns: 32566
 Thread 7 estimated dimension 8 of 9 : 0.5175264403773715  | time taken : 48.44226789474487
 Thread 7 nsolns: 34057
 Thread 1 estimated dimension 7 of 9 : 0.6682363951725484  | time taken : 32.37240171432495
 Thread 4 estimated dimension 8 of 9 : 0.5221371681235605  | time taken : 48.33918738365173
 Thread 4 nsolns: 30233
 Thread 1 estimated dimension 8 of 9 : 0.4977042548157541  | time taken : 46.5469331741333
 Thread 1 nsolns: 29553
 Thread 1 estimated dimension 0 of 9 : 0.3469188025888261  | time taken : 78.72891855239868
 Thread 1 estimated dimension 1 of 9 : 1  | time taken : 5.341048240661621
 Thread 1 estimated dimension 2 of 9 : 1  | time taken : 5.8143370151519775
 Thread 1 estimated dimension 3 of 9 : 1  | time taken : 2.162094831466675
 Thread 1 estimated dimension 4 of 9 : 0.754483481868053  | time taken : 21.596388816833496
 Thread 1 estimated dimension 5 of 9 : 0.7214952957162373  | time taken : 25.468208074569702
 Thread 1 estimated dimension 6 of 9 : 0.4573200453864609  | time taken : 51.930490493774414
 Thread 1 estimated dimension 7 of 9 : 0.3420226365652279  | time taken : 67.40742254257202
 Thread 1 estimated dimension 8 of 9 : 1  | time taken : 3.7184064388275146
 Thread 1 nsolns: 32530
 estimated weights : [0.045348911814061796, 0.04077074609885421, 0.02802710629748891, 0.02230684719907466, 0.03898634725199992, 0.037267795058502, 0.03341129884977115, 0.0396913210940954, 0.03796950289906679, 0.03393044959299955, 0.034100630296613865, 0.022686492601413942, 0.04084197501032455, 0.03549871247060319, 0.03982150507817672, 0.028551417632990184, 0.03238003589841928, 0.04243080437514772, 0.02619317769889775, 0.03412001093282387, 0.0257586613425783, 0.028836553172092917, 0.0265049884279142, 0.03863375648355007, 0.03903986671660111, 0.023739083567757797, 0.04132742637714937, 0.03627411735436161, 0.03480189695948498, 0.0367011080538948, 0.04519307949994167, 0.03515772800395432, 0.030156714274121234, 0.03975419209988331, 0.03174448112578743, 0.022675605965129863, 0.037254471992170815, 0.03157419614676777, 0.03443138686016633, 0.03805784061594247, 0.043113367992039374, 0.04746441009032383, 0.03660317596688698, 0.02722892095717193, 0.02588165136239246, 0.034469856272084314, 0.033504255640603366, 0.02443982774014767, 0.03235754454210034, 0.0300290418666182, 0.03908617969437012, 0.028891008649463843, 0.046290300577775556, 0.04049741844073087, 0.04072470332695456, 0.039789740134287696, 0.046826244157846156, 0.02506467396252606, 0.02740882683114879, 0.027038430112546627, 0.039526394598573954, 0.026000277537942307, 0.02962860424292142, 0.02714689399813232, 0.038708009110350314, 0.0450243745981727, 0.03625043030904747, 0.03567347073557932, 0.03730174877104129, 0.041016368504356054, 0.029538345570183283]
