avgdeg_3_008_0 16 0.16083758433865702 6755638 ACCEPT
avgdeg_3_008_1 15 0.09653628818931652 6262721 ACCEPT
avgdeg_3_008_2 19 0.18104720974005176 9914721 ACCEPT
avgdeg_3_008_3 3 0.07737627983325307 280819 ACCEPT
avgdeg_3_008_4 9 0.09735393079634719 2252605 ACCEPT
avgdeg_3_010_0 12 0.10736861702486451 4197034 ACCEPT
avgdeg_3_010_1 16 0.09874199189155075 6943720 ACCEPT
avgdeg_3_010_2 30 0.10430726110728558 24126731 ACCEPT
avgdeg_3_010_3 17 0.1901225830620211 8155202 ACCEPT
avgdeg_3_010_4 19 0.11932930810414398 9408097 ACCEPT
avgdeg_5_008_0 2 0.03552651905160268 130340 ACCEPT
avgdeg_5_008_1 5 0.05423425520665994 743992 ACCEPT
avgdeg_5_008_2 1 0.011709856650473069 39036 ACCEPT
avgdeg_5_008_3 3 0.040996434573557804 293001 ACCEPT
avgdeg_5_008_4 5 0.04659759532738276 783762 ACCEPT
avgdeg_5_010_0 5 0.029460961596295968 705167 ACCEPT
avgdeg_5_010_1 10 0.07506114294861636 2892695 ACCEPT
avgdeg_5_010_2 10 0.08685079138627756 2926277 ACCEPT
avgdeg_5_010_3 16 0.08590586295262137 7261255 ACCEPT
avgdeg_5_010_4 11 0.11471676145525578 3412151 ACCEPT
bayesiannetwork_andes_008_0 9 0.10695391217690592 2217610 ACCEPT
bayesiannetwork_andes_008_1 5 0.04888486506480615 742531 ACCEPT
bayesiannetwork_andes_008_2 17 0.10080427483826594 7913759 ACCEPT
bayesiannetwork_andes_008_3 17 0.16163456917275745 7490279 ACCEPT
bayesiannetwork_andes_008_4 6 0.05037814027160295 1109175 ACCEPT
bayesiannetwork_andes_010_0 31 0.174236980557747 25618332 ACCEPT
bayesiannetwork_andes_010_1 35 0.15958925897877843 33235104 ACCEPT
bayesiannetwork_andes_010_2 30 0.09846960797240296 24027291 ACCEPT
bayesiannetwork_andes_010_3 22 0.12186771606529664 12754238 ACCEPT
bayesiannetwork_andes_010_4 30 0.1404298264238446 23805848 ACCEPT
bayesiannetwork_diabetes_008_0 5 0.04488646622041102 727519 ACCEPT
bayesiannetwork_diabetes_008_1 10 0.08485630913729636 2724153 ACCEPT
bayesiannetwork_diabetes_008_2 9 0.048354792030121704 2161198 ACCEPT
bayesiannetwork_diabetes_008_3 11 0.10003270641385975 3275040 ACCEPT
bayesiannetwork_diabetes_008_4 8 0.07538732757737451 1781282 ACCEPT
bayesiannetwork_diabetes_010_0 4 0.0819906051761165 450749 ACCEPT
bayesiannetwork_diabetes_010_1 9 0.07915563962948852 2207156 ACCEPT
bayesiannetwork_diabetes_010_2 9 0.12568597661824202 2261017 ACCEPT
bayesiannetwork_diabetes_010_3 26 0.13918925279087468 18539480 ACCEPT
bayesiannetwork_diabetes_010_4 14 0.1517918499954039 5422008 ACCEPT
bayesiannetwork_link_008_0 9 0.06914093720737066 2207517 ACCEPT
bayesiannetwork_link_008_1 13 0.12201551150010063 4770505 ACCEPT
bayesiannetwork_link_008_2 16 0.10557084729211369 6691303 ACCEPT
bayesiannetwork_link_008_3 18 0.09922576895819887 8753456 ACCEPT
bayesiannetwork_link_008_4 9 0.05960902325582516 2319283 ACCEPT
bayesiannetwork_link_010_0 17 0.15656288746012612 8139453 ACCEPT
bayesiannetwork_link_010_1 22 0.1395528890841832 13543042 ACCEPT
bayesiannetwork_link_010_2 31 0.1793361562251961 26428380 ACCEPT
bayesiannetwork_link_010_3 23 0.10734935975645311 14582464 ACCEPT
bayesiannetwork_link_010_4 28 0.17549991546428095 21161624 ACCEPT
bayesiannetwork_munin_008_0 20 0.08061210859139109 11279783 ACCEPT
bayesiannetwork_munin_008_1 17 0.1405527596249016 8073056 ACCEPT
bayesiannetwork_munin_008_2 7 0.05238365733555449 1538649 ACCEPT
bayesiannetwork_munin_008_3 11 0.07034362336761106 3169267 ACCEPT
bayesiannetwork_munin_008_4 16 0.06249147643842475 7366044 ACCEPT
bayesiannetwork_munin_010_0 22 0.07319601203376795 13227172 ACCEPT
bayesiannetwork_munin_010_1 33 0.09442197401872049 30218998 ACCEPT
bayesiannetwork_munin_010_2 16 0.09300133830512622 7302971 ACCEPT
bayesiannetwork_munin_010_3 27 0.11544725404019711 20674124 ACCEPT
bayesiannetwork_munin_010_4 31 0.14204854596287012 26738535 ACCEPT
bayesiannetwork_pigs_008_0 15 0.13072217062087457 6396630 ACCEPT
bayesiannetwork_pigs_008_1 17 0.0774013509598054 7728098 ACCEPT
bayesiannetwork_pigs_008_2 6 0.054017432195030426 1110811 ACCEPT
bayesiannetwork_pigs_008_3 19 0.12453986889241071 9760731 ACCEPT
bayesiannetwork_pigs_008_4 17 0.13323028662264313 7944301 ACCEPT
bayesiannetwork_pigs_010_0 25 0.08035070529113206 17177624 ACCEPT
bayesiannetwork_pigs_010_1 36 0.15475149233129198 35978964 ACCEPT
bayesiannetwork_pigs_010_2 26 0.1494486511670087 17918820 ACCEPT
bayesiannetwork_pigs_010_3 21 0.07662862093058116 12311760 ACCEPT
bayesiannetwork_pigs_010_4 33 0.126378899274284 29062723 ACCEPT
bipartite_0.2_008_0 27 0.13544517801057443 20643211 ACCEPT
bipartite_0.2_008_1 24 0.1652941865785845 15744980 ACCEPT
bipartite_0.2_008_2 24 0.10322241079784357 16167092 ACCEPT
bipartite_0.2_008_3 26 0.10961160359769619 19010387 ACCEPT
bipartite_0.2_008_4 25 0.08507597364516581 17546682 ACCEPT
bipartite_0.2_010_0 42 0.1364646400374382 49064133 ACCEPT
bipartite_0.2_010_1 41 0.13803872260478767 47003971 ACCEPT
bipartite_0.2_010_2 38 0.15320808202902286 39715820 ACCEPT
bipartite_0.2_010_3 39 0.1823124769581614 41380532 ACCEPT
bipartite_0.2_010_4 37 0.16450605637452867 36703039 ACCEPT
bipartite_0.5_008_0 20 0.10316709848971696 11075947 ACCEPT
bipartite_0.5_008_1 21 0.11951560313484552 12246222 ACCEPT
bipartite_0.5_008_2 19 0.13080854702972097 10061879 ACCEPT
bipartite_0.5_008_3 18 0.11527198733795059 9174123 ACCEPT
bipartite_0.5_008_4 22 0.0882647787512798 13317859 ACCEPT
bipartite_0.5_010_0 31 0.15093920088320725 26555928 ACCEPT
bipartite_0.5_010_1 36 0.15360392549686352 35823878 ACCEPT
bipartite_0.5_010_2 30 0.12910884522196428 24946104 ACCEPT
bipartite_0.5_010_3 35 0.17285124749015016 33144588 ACCEPT
bipartite_0.5_010_4 34 0.14311982763989325 31255277 ACCEPT
