avgdeg_3_008_0 16 0.17330079331708031 6799423 ACCEPT
avgdeg_3_008_1 15 0.12537302283577131 6384883 ACCEPT
avgdeg_3_008_2 19 0.20376695628752522 11013078 ACCEPT
avgdeg_3_008_3 3 0.22928619842792616 285416 ACCEPT
avgdeg_3_008_4 9 0.14217400913933154 2315199 ACCEPT
avgdeg_3_010_0 12 0.1990581295402406 4201404 ACCEPT
avgdeg_3_010_1 16 0.1653817685689511 7127196 ACCEPT
avgdeg_3_010_2 30 0.2192631326223283 24758147 ACCEPT
avgdeg_3_010_3 17 0.10052819828106077 8130097 ACCEPT
avgdeg_3_010_4 19 0.13875932027847485 9473764 ACCEPT
avgdeg_5_008_0 2 0.301403097490139 108589 ACCEPT
avgdeg_5_008_1 5 0.09724756532932775 758299 ACCEPT
avgdeg_5_008_2 1 0.09910690553082138 35811 ACCEPT
avgdeg_5_008_3 3 0.36007565833878485 265599 ACCEPT
avgdeg_5_008_4 5 0.12652237036471875 808043 ACCEPT
avgdeg_5_010_0 5 0.17506547590795815 676270 ACCEPT
avgdeg_5_010_1 10 0.16810512322804913 3002641 ACCEPT
avgdeg_5_010_2 10 0.20458300458036335 3126246 ACCEPT
avgdeg_5_010_3 16 0.12559375708665432 7338508 ACCEPT
avgdeg_5_010_4 11 0.17927896204590044 3475635 ACCEPT
bayesiannetwork_andes_008_0 9 0.12473537214035044 2170358 ACCEPT
bayesiannetwork_andes_008_1 5 0.13691053050844354 716324 ACCEPT
bayesiannetwork_andes_008_2 17 0.22322874379915614 8160580 ACCEPT
bayesiannetwork_andes_008_3 17 0.13634278369388897 7545288 ACCEPT
bayesiannetwork_andes_008_4 6 0.1585373153070886 1142299 ACCEPT
bayesiannetwork_andes_010_0 31 0.08340729800236409 25906414 ACCEPT
bayesiannetwork_andes_010_1 35 0.13221004040963674 33536595 ACCEPT
bayesiannetwork_andes_010_2 30 0.09239786266163968 24970138 ACCEPT
bayesiannetwork_andes_010_3 22 0.0785518704402218 12519139 ACCEPT
bayesiannetwork_andes_010_4 30 0.09970898958513921 23654061 ACCEPT
bayesiannetwork_diabetes_008_0 5 0.14012156586116456 767293 ACCEPT
bayesiannetwork_diabetes_008_1 10 0.14047965147999328 2693513 ACCEPT
bayesiannetwork_diabetes_008_2 9 0.28589283904608587 2272086 ACCEPT
bayesiannetwork_diabetes_008_3 11 0.36384733531659486 3497447 ACCEPT
bayesiannetwork_diabetes_008_4 8 0.0699372159943409 1850440 ACCEPT
bayesiannetwork_diabetes_010_0 4 0.09107261992900306 451759 ACCEPT
bayesiannetwork_diabetes_010_1 9 0.1848154721946732 2242919 ACCEPT
bayesiannetwork_diabetes_010_2 9 0.07207330691538383 2368284 ACCEPT
bayesiannetwork_diabetes_010_3 26 0.17382746456256992 18847561 ACCEPT
bayesiannetwork_diabetes_010_4 14 0.08577838340664357 5691881 ACCEPT
bayesiannetwork_link_008_0 9 0.224884818284735 2277521 ACCEPT
bayesiannetwork_link_008_1 13 0.23388247200551168 4703993 ACCEPT
bayesiannetwork_link_008_2 16 0.23117582154295366 6598629 ACCEPT
bayesiannetwork_link_008_3 18 0.0869040542885189 8548411 ACCEPT
bayesiannetwork_link_008_4 9 0.24019992663025727 2327557 ACCEPT
bayesiannetwork_link_010_0 17 0.11889871794579443 8460641 ACCEPT
bayesiannetwork_link_010_1 22 0.15957754694207912 13518741 ACCEPT
bayesiannetwork_link_010_2 31 0.07326304695851034 26956958 ACCEPT
bayesiannetwork_link_010_3 23 0.15039357364478245 14717663 ACCEPT
bayesiannetwork_link_010_4 28 0.07566238511898904 22377750 ACCEPT
bayesiannetwork_munin_008_0 20 0.13028836365899707 11433681 ACCEPT
bayesiannetwork_munin_008_1 17 0.09922057508300862 7988525 ACCEPT
bayesiannetwork_munin_008_2 7 0.16345507036059476 1541043 ACCEPT
bayesiannetwork_munin_008_3 11 0.2741296320119338 3283721 ACCEPT
bayesiannetwork_munin_008_4 16 0.1046766997792233 7318602 ACCEPT
bayesiannetwork_munin_010_0 22 0.17572455621502156 13771779 ACCEPT
bayesiannetwork_munin_010_1 33 0.1089098312315938 30693619 ACCEPT
bayesiannetwork_munin_010_2 16 0.09387748757365798 7304639 ACCEPT
bayesiannetwork_munin_010_3 27 0.1012180459502036 20982832 ACCEPT
bayesiannetwork_munin_010_4 31 0.07985492021006994 28253865 ACCEPT
bayesiannetwork_pigs_008_0 15 0.11282748596046631 6461249 ACCEPT
bayesiannetwork_pigs_008_1 17 0.17786566123167485 7933187 ACCEPT
bayesiannetwork_pigs_008_2 6 0.14087587484914452 1101813 ACCEPT
bayesiannetwork_pigs_008_3 19 0.12452160454448742 10059015 ACCEPT
bayesiannetwork_pigs_008_4 17 0.17812345512031882 8339326 ACCEPT
bayesiannetwork_pigs_010_0 25 0.14317364484835107 17165983 ACCEPT
bayesiannetwork_pigs_010_1 36 0.14143322295363092 36311963 ACCEPT
bayesiannetwork_pigs_010_2 26 0.07440296330828489 17871066 ACCEPT
bayesiannetwork_pigs_010_3 21 0.0724406736101327 12564348 ACCEPT
bayesiannetwork_pigs_010_4 33 0.07345746692818467 28940748 ACCEPT
bipartite_0.2_008_0 27 0.20409323988993877 20872703 ACCEPT
bipartite_0.2_008_1 24 0.1421586456710763 15584683 ACCEPT
bipartite_0.2_008_2 24 0.12100441208040692 16834575 ACCEPT
bipartite_0.2_008_3 26 0.09717157941954639 19291040 ACCEPT
bipartite_0.2_008_4 25 0.26109982917956903 17840945 ACCEPT
bipartite_0.2_010_0 42 0.09231877910130573 50031620 ACCEPT
bipartite_0.2_010_1 41 0.16081430115643675 48135745 ACCEPT
bipartite_0.2_010_2 38 0.24737367173737482 39052923 ACCEPT
bipartite_0.2_010_3 39 0.14593605479486735 43320033 ACCEPT
bipartite_0.2_010_4 37 0.13885630426955548 38387209 ACCEPT
bipartite_0.5_008_0 20 0.10418542492784234 11181243 ACCEPT
bipartite_0.5_008_1 21 0.222200351943087 12568389 ACCEPT
bipartite_0.5_008_2 19 0.18270022509304798 10041072 ACCEPT
bipartite_0.5_008_3 18 0.06968219138503438 9046275 ACCEPT
bipartite_0.5_008_4 22 0.06266702731324203 13424946 ACCEPT
bipartite_0.5_010_0 31 0.16830621579093621 27033012 ACCEPT
bipartite_0.5_010_1 36 0.19846431006169665 36728064 ACCEPT
bipartite_0.5_010_2 30 0.15626118792011187 25234171 ACCEPT
bipartite_0.5_010_3 35 0.08457967144404387 34652088 ACCEPT
bipartite_0.5_010_4 34 0.1717240009363928 33016841 ACCEPT
