avgdeg_3_008_0 16 0.048233550492255965 6799423 ACCEPT
avgdeg_3_008_1 15 0.10517344715848756 6384883 ACCEPT
avgdeg_3_008_2 19 0.022573463157770937 11013078 ACCEPT
avgdeg_3_008_3 3 0.019527252958777917 285416 ACCEPT
avgdeg_3_008_4 9 0.1174394651705552 2315199 ACCEPT
avgdeg_3_010_0 12 0.007949157100254053 4201404 ACCEPT
avgdeg_3_010_1 16 0.007479305238247572 7127196 ACCEPT
avgdeg_3_010_2 30 0.008562232192710753 24758147 ACCEPT
avgdeg_3_010_3 17 0.09752838831991427 8130097 ACCEPT
avgdeg_3_010_4 19 0.12509731228331547 9473764 ACCEPT
avgdeg_5_008_0 2 0.2822289152863367 108589 ACCEPT
avgdeg_5_008_1 5 0.06929876902028351 758299 ACCEPT
avgdeg_5_008_2 1 0.08316197980511945 35811 ACCEPT
avgdeg_5_008_3 3 0.3098342507167388 265599 ACCEPT
avgdeg_5_008_4 5 0.057773605907675565 808043 ACCEPT
avgdeg_5_010_0 5 0.16371063501325558 676270 ACCEPT
avgdeg_5_010_1 10 0.002929412842630251 3002641 ACCEPT
avgdeg_5_010_2 10 0.011689923975685912 3126246 ACCEPT
avgdeg_5_010_3 16 0.00773828421030572 7338508 ACCEPT
avgdeg_5_010_4 11 0.03866244209041812 3475635 ACCEPT
bayesiannetwork_andes_008_0 9 0.058098984425765124 2170358 ACCEPT
bayesiannetwork_andes_008_1 5 0.12644757981441085 716324 ACCEPT
bayesiannetwork_andes_008_2 17 0.006517463748483042 8160580 ACCEPT
bayesiannetwork_andes_008_3 17 0.06686873851978924 7545288 ACCEPT
bayesiannetwork_andes_008_4 6 1.91111754925169e-05 1142299 ACCEPT
bayesiannetwork_andes_010_0 31 0.04678329065033483 25906414 ACCEPT
bayesiannetwork_andes_010_1 35 0.039075729821817805 33536595 ACCEPT
bayesiannetwork_andes_010_2 30 0.019045810068677265 24970138 ACCEPT
bayesiannetwork_andes_010_3 22 0.046801641562343614 12519139 ACCEPT
bayesiannetwork_andes_010_4 30 0.0016627164668135384 23654061 ACCEPT
bayesiannetwork_diabetes_008_0 5 0.056173006809996706 767293 ACCEPT
bayesiannetwork_diabetes_008_1 10 0.027777829727067826 2693513 ACCEPT
bayesiannetwork_diabetes_008_2 9 0.03579620824904321 2272086 ACCEPT
bayesiannetwork_diabetes_008_3 11 0.0013630806885718569 3497447 ACCEPT
bayesiannetwork_diabetes_008_4 8 0.05299140262924123 1850440 ACCEPT
bayesiannetwork_diabetes_010_0 4 0.08982899849030328 451759 ACCEPT
bayesiannetwork_diabetes_010_1 9 0.008048398589957376 2242919 ACCEPT
bayesiannetwork_diabetes_010_2 9 0.02914196507696768 2368284 ACCEPT
bayesiannetwork_diabetes_010_3 26 0.0003943164064129442 18847561 ACCEPT
bayesiannetwork_diabetes_010_4 14 0.03957299189641015 5691881 ACCEPT
bayesiannetwork_link_008_0 9 0.04534420454941924 2277521 ACCEPT
bayesiannetwork_link_008_1 13 0.23047691544468776 4703993 ACCEPT
bayesiannetwork_link_008_2 16 0.16991240090422835 6598629 ACCEPT
bayesiannetwork_link_008_3 18 0.055052366226990564 8548411 ACCEPT
bayesiannetwork_link_008_4 9 0.05114843503792307 2327557 ACCEPT
bayesiannetwork_link_010_0 17 0.0756542511667711 8460641 ACCEPT
bayesiannetwork_link_010_1 22 0.10829455085588163 13518741 ACCEPT
bayesiannetwork_link_010_2 31 0.03024036632266424 26956958 ACCEPT
bayesiannetwork_link_010_3 23 0.013549813776552804 14717663 ACCEPT
bayesiannetwork_link_010_4 28 0.05663162831359187 22377750 ACCEPT
bayesiannetwork_munin_008_0 20 0.09567088779260019 11433681 ACCEPT
bayesiannetwork_munin_008_1 17 0.019084422752196892 7988525 ACCEPT
bayesiannetwork_munin_008_2 7 0.13049754784796658 1541043 ACCEPT
bayesiannetwork_munin_008_3 11 0.014427313090098244 3283721 ACCEPT
bayesiannetwork_munin_008_4 16 0.08839216385962263 7318602 ACCEPT
bayesiannetwork_munin_010_0 22 0.0008615647001836256 13771779 ACCEPT
bayesiannetwork_munin_010_1 33 0.007124509656200365 30693619 ACCEPT
bayesiannetwork_munin_010_2 16 0.03988380870580874 7304639 ACCEPT
bayesiannetwork_munin_010_3 27 0.034692312985615974 20982832 ACCEPT
bayesiannetwork_munin_010_4 31 0.003246932224388034 28253865 ACCEPT
bayesiannetwork_pigs_008_0 15 0.009547722505374603 6461249 ACCEPT
bayesiannetwork_pigs_008_1 17 0.008361731940211689 7933187 ACCEPT
bayesiannetwork_pigs_008_2 6 0.01674250686076839 1101813 ACCEPT
bayesiannetwork_pigs_008_3 19 0.09128035325967958 10059015 ACCEPT
bayesiannetwork_pigs_008_4 17 0.020691907761639792 8339326 ACCEPT
bayesiannetwork_pigs_010_0 25 0.0035465998098034284 17165983 ACCEPT
bayesiannetwork_pigs_010_1 36 0.08927429248390617 36311963 ACCEPT
bayesiannetwork_pigs_010_2 26 0.04687930300549481 17871066 ACCEPT
bayesiannetwork_pigs_010_3 21 0.011118867662774356 12564348 ACCEPT
bayesiannetwork_pigs_010_4 33 0.023930178833226776 28940748 ACCEPT
bipartite_0.2_008_0 27 0.0005498542223189627 20872703 ACCEPT
bipartite_0.2_008_1 24 0.07083254202001144 15584683 ACCEPT
bipartite_0.2_008_2 24 0.05753381428744586 16834575 ACCEPT
bipartite_0.2_008_3 26 0.026495338538271677 19291040 ACCEPT
bipartite_0.2_008_4 25 0.0014924921395258692 17840945 ACCEPT
bipartite_0.2_010_0 42 0.03133807270538481 50031620 ACCEPT
bipartite_0.2_010_1 41 0.13737727304361225 48135745 ACCEPT
bipartite_0.2_010_2 38 0.009939275114155944 39052923 ACCEPT
bipartite_0.2_010_3 39 0.007001869202177433 43320033 ACCEPT
bipartite_0.2_010_4 37 0.10332561706791284 38387209 ACCEPT
bipartite_0.5_008_0 20 0.027115672587722628 11181243 ACCEPT
bipartite_0.5_008_1 21 0.005994385623281171 12568389 ACCEPT
bipartite_0.5_008_2 19 0.032744972739245926 10041072 ACCEPT
bipartite_0.5_008_3 18 0.04883535399192396 9046275 ACCEPT
bipartite_0.5_008_4 22 0.025287846279533382 13424946 ACCEPT
bipartite_0.5_010_0 31 0.15596539136932966 27033012 ACCEPT
bipartite_0.5_010_1 36 0.004567442576736192 36728064 ACCEPT
bipartite_0.5_010_2 30 2.1222119577265076e-05 25234171 ACCEPT
bipartite_0.5_010_3 35 0.013016958439201611 34652088 ACCEPT
bipartite_0.5_010_4 34 0.007593589491163731 33016841 ACCEPT
