numSolutions: 44 k : 10635
17 44 0.048507125007266595 0.00013368983957219254

 Thread 3 estimated dimension 0 of 17 : 0.6793588403024687  | time taken : 109.11709952354431
 Thread 7 estimated dimension 0 of 17 : 0.5578609157648327  | time taken : 138.10642194747925
 Thread 11 estimated dimension 0 of 17 : 0.7214697292300883  | time taken : 145.56349277496338
 Thread 1 estimated dimension 0 of 17 : 0.6829203542386254  | time taken : 150.9272997379303
 Thread 8 estimated dimension 0 of 17 : 0.6667859199313002  | time taken : 157.3351275920868
 Thread 10 estimated dimension 0 of 17 : 0.6107707395828772  | time taken : 158.01838421821594
 Thread 6 estimated dimension 0 of 17 : 0.6782581028469106  | time taken : 160.18289995193481
 Thread 13 estimated dimension 0 of 17 : 0.6504289060872878  | time taken : 163.40920615196228
 Thread 9 estimated dimension 0 of 17 : 0.6455607234102827  | time taken : 171.32552313804626
 Thread 5 estimated dimension 0 of 17 : 0.30496091584037166  | time taken : 211.8190631866455
 Thread 12 estimated dimension 0 of 17 : 0.30916425034690903  | time taken : 226.42760682106018
 Thread 2 estimated dimension 0 of 17 : 0.3559307689174749  | time taken : 226.62033915519714
 Thread 4 estimated dimension 0 of 17 : 0.33599993558131747  | time taken : 226.5032958984375
 Thread 7 estimated dimension 1 of 17 : 0.5750483909658517  | time taken : 103.76371026039124
 Thread 1 estimated dimension 1 of 17 : 0.5488769435112877  | time taken : 93.58146119117737
 Thread 5 estimated dimension 1 of 17 : 0.8826575485530136  | time taken : 36.814804553985596
 Thread 14 estimated dimension 0 of 17 : 0.281072647679973  | time taken : 252.99207639694214
 Thread 8 estimated dimension 1 of 17 : 0.5620230778475356  | time taken : 100.9504783153534
 Thread 11 estimated dimension 1 of 17 : 0.5930504789217819  | time taken : 113.59965014457703
 Thread 10 estimated dimension 1 of 17 : 0.5750876751983399  | time taken : 111.15282607078552
 Thread 2 estimated dimension 1 of 17 : 0.7932606413201477  | time taken : 49.5979425907135
 Thread 12 estimated dimension 1 of 17 : 0.8545205253940522  | time taken : 51.433194637298584
 Thread 4 estimated dimension 1 of 17 : 0.8082937977819412  | time taken : 57.60397672653198
 Thread 14 estimated dimension 1 of 17 : 0.8693866974753073  | time taken : 72.90987706184387
 Thread 6 estimated dimension 1 of 17 : 0.42436428849769103  | time taken : 193.23004984855652
 Thread 3 estimated dimension 1 of 17 : 0.39871027624974775  | time taken : 244.4851622581482
 Thread 1 estimated dimension 2 of 17 : 0.6691997041847919  | time taken : 131.09022331237793
 Thread 6 estimated dimension 2 of 17 : 1  | time taken : 22.9967303276062
 Thread 9 estimated dimension 1 of 17 : 0.4158173646993481  | time taken : 209.4624924659729
 Thread 3 estimated dimension 2 of 17 : 0.9988708828723682  | time taken : 25.836622714996338
 Thread 11 estimated dimension 2 of 17 : 0.5645232164292089  | time taken : 123.72149991989136
 Thread 13 estimated dimension 1 of 17 : 0.4146124967731068  | time taken : 224.9611577987671
 Thread 5 estimated dimension 2 of 17 : 0.4778069695106891  | time taken : 143.0283908843994
 Thread 8 estimated dimension 2 of 17 : 0.7025954285057014  | time taken : 133.54278755187988
 Thread 3 estimated dimension 3 of 17 : 0.9975258444112992  | time taken : 14.622249126434326
 Thread 10 estimated dimension 2 of 17 : 0.6777447873674363  | time taken : 131.39786648750305
 Thread 9 estimated dimension 2 of 17 : 0.9880948840935898  | time taken : 19.95920491218567
 Thread 12 estimated dimension 2 of 17 : 0.537333459251786  | time taken : 124.52374505996704
 Thread 6 estimated dimension 3 of 17 : 1  | time taken : 26.101728677749634
 Thread 2 estimated dimension 2 of 17 : 0.4920068959083507  | time taken : 144.34282064437866
 Thread 13 estimated dimension 2 of 17 : 1  | time taken : 37.154027223587036
 Thread 4 estimated dimension 2 of 17 : 0.46724457184516743  | time taken : 151.75916743278503
 Thread 14 estimated dimension 2 of 17 : 0.49028561610936894  | time taken : 120.35234427452087
 Thread 9 estimated dimension 3 of 17 : 0.9899565477320303  | time taken : 43.39836573600769
 Thread 1 estimated dimension 3 of 17 : 0.8372653109968218  | time taken : 71.15491509437561
 Thread 3 estimated dimension 4 of 17 : 0.9937432327030326  | time taken : 49.140942335128784
 Thread 6 estimated dimension 4 of 17 : 0.9933750414545786  | time taken : 42.19640851020813
 Thread 13 estimated dimension 3 of 17 : 1  | time taken : 46.77431583404541
 Thread 9 estimated dimension 4 of 17 : 0.9843350276397482  | time taken : 26.53136372566223
 Thread 1 estimated dimension 4 of 17 : 1  | time taken : 26.152343273162842
 Thread 8 estimated dimension 3 of 17 : 0.7746540876388752  | time taken : 91.29818749427795
 Thread 7 estimated dimension 2 of 17 : 0.33107150523019185  | time taken : 263.276997089386
 Thread 13 estimated dimension 4 of 17 : 0.9866273312325554  | time taken : 31.579005002975464
 Thread 1 estimated dimension 5 of 17 : 0.9874639971302869  | time taken : 31.512282133102417
 Thread 8 estimated dimension 4 of 17 : 1  | time taken : 26.169752597808838
 Thread 3 estimated dimension 5 of 17 : 0.7704037885533149  | time taken : 70.34132122993469
 Thread 5 estimated dimension 3 of 17 : 0.5919190054291799  | time taken : 133.8313934803009
 Thread 14 estimated dimension 3 of 17 : 0.6886048146046327  | time taken : 80.46923851966858
 Thread 12 estimated dimension 3 of 17 : 0.6745823703252175  | time taken : 126.57034993171692
 Thread 6 estimated dimension 5 of 17 : 0.784800400812436  | time taken : 82.58946990966797
 Thread 4 estimated dimension 3 of 17 : 0.6474550171004904  | time taken : 100.63122606277466
 Thread 2 estimated dimension 3 of 17 : 0.5811457691872302  | time taken : 126.834153175354
 Thread 8 estimated dimension 5 of 17 : 1  | time taken : 42.04645037651062
 Thread 9 estimated dimension 5 of 17 : 0.7850732714672456  | time taken : 88.80595088005066
 Thread 1 estimated dimension 6 of 17 : 0.5588689542990652  | time taken : 137.75971603393555
 Thread 3 estimated dimension 6 of 17 : 0.5045981170584622  | time taken : 131.1320538520813
 Thread 7 estimated dimension 3 of 17 : 0.6464696787546589  | time taken : 149.0435450077057
 Thread 7 estimated dimension 4 of 17 : 0.9985099995043464  | time taken : 13.259960889816284
 Thread 8 estimated dimension 6 of 17 : 0.582992986789744  | time taken : 131.62549304962158
 Thread 9 estimated dimension 6 of 17 : 0.5068965944111797  | time taken : 124.63162136077881
 Thread 7 estimated dimension 5 of 17 : 1  | time taken : 20.50987219810486
 Thread 4 estimated dimension 4 of 17 : 0.6427529957157563  | time taken : 167.72189092636108
 Thread 7 estimated dimension 6 of 17 : 1  | time taken : 27.92016363143921
 Thread 6 estimated dimension 6 of 17 : 0.358376391916512  | time taken : 236.9212362766266
 Thread 12 estimated dimension 4 of 17 : 0.3413421609306789  | time taken : 243.90983986854553
 Thread 10 estimated dimension 3 of 17 : 0.27426777420299686  | time taken : 373.5206241607666
 Thread 9 estimated dimension 7 of 17 : 0.6744613202461281  | time taken : 84.67604684829712
 Thread 2 estimated dimension 4 of 17 : 0.3913957703963099  | time taken : 232.25279641151428
 Thread 8 estimated dimension 7 of 17 : 0.7253170231359835  | time taken : 95.6168098449707
 Thread 5 estimated dimension 4 of 17 : 0.2879262306169  | time taken : 263.70839834213257
 Thread 14 estimated dimension 4 of 17 : 0.39183565884955857  | time taken : 275.5260717868805
 Thread 11 estimated dimension 3 of 17 : 0.20876488499024753  | time taken : 429.62807273864746
 Thread 7 estimated dimension 7 of 17 : 0.7489570573308116  | time taken : 94.023268699646
 Thread 6 estimated dimension 7 of 17 : 0.9931624326160756  | time taken : 44.77686095237732
 Thread 10 estimated dimension 4 of 17 : 0.9956306164594855  | time taken : 47.36776328086853
 Thread 11 estimated dimension 4 of 17 : 1  | time taken : 30.277487754821777
 Thread 10 estimated dimension 5 of 17 : 1  | time taken : 25.277764797210693
 Thread 5 estimated dimension 5 of 17 : 0.7550360036494951  | time taken : 71.8561339378357
 Thread 1 estimated dimension 7 of 17 : 0.26606199323954466  | time taken : 220.4426760673523
 Thread 11 estimated dimension 5 of 17 : 1  | time taken : 22.702231884002686
 Thread 14 estimated dimension 5 of 17 : 0.6584889920311711  | time taken : 73.17302966117859
 Thread 2 estimated dimension 5 of 17 : 0.6564529950770219  | time taken : 97.57432222366333
 Thread 3 estimated dimension 7 of 17 : 0.28377433777734834  | time taken : 232.39508938789368
 Thread 9 estimated dimension 8 of 17 : 0.5641528129357724  | time taken : 119.00849747657776
 Thread 8 estimated dimension 8 of 17 : 0.5384243760874043  | time taken : 120.78290891647339
 Thread 6 estimated dimension 8 of 17 : 0.7538418760947463  | time taken : 89.07081580162048exiting with current heads : 10635 out of 10635 | exp rv: 48234.832311845326

 Thread 13 estimated dimension 5 of 17 : 0.22046308632835326  | time taken : 406.8551962375641
 Thread 7 estimated dimension 8 of 17 : 0.6635910447598478  | time taken : 109.73998355865479
 Thread 5 estimated dimension 6 of 17 : 0.7550165711751625  | time taken : 65.05940651893616
 Thread 13 estimated dimension 6 of 17 : 0.980855799835334  | time taken : 24.303587913513184
 Thread 6 estimated dimension 9 of 17 : 0.9822980274827254  | time taken : 30.783017873764038
 Thread 5 estimated dimension 7 of 17 : 0.9862302935135313  | time taken : 12.714952945709229
 Thread 13 estimated dimension 7 of 17 : 0.9938683081498313  | time taken : 13.638045072555542
 Thread 1 estimated dimension 8 of 17 : 0.7244632158866798  | time taken : 88.1126823425293
 Thread 4 estimated dimension 5 of 17 : 0.30006488660444663  | time taken : 248.95316910743713
 Thread 10 estimated dimension 6 of 17 : 0.6238640401084163  | time taken : 104.73004508018494
 Thread 14 estimated dimension 6 of 17 : 0.7565245604170296  | time taken : 86.0448350906372
 Thread 3 estimated dimension 8 of 17 : 0.7556897311224713  | time taken : 83.96341276168823
 Thread 11 estimated dimension 6 of 17 : 0.5926032818541721  | time taken : 109.02421951293945
 Thread 14 estimated dimension 7 of 17 : 1  | time taken : 18.345922470092773
 Thread 4 estimated dimension 6 of 17 : 0.9956540549339218  | time taken : 39.206937074661255
 Thread 13 estimated dimension 8 of 17 : 1  | time taken : 40.369571924209595
 Thread 7 estimated dimension 9 of 17 : 0.7586309676857913  | time taken : 69.73058462142944
 Thread 8 estimated dimension 9 of 17 : 0.637624886491991  | time taken : 101.808349609375
 Thread 12 estimated dimension 5 of 17 : 0.2968716286412905  | time taken : 240.21924948692322
 Thread 4 estimated dimension 7 of 17 : 1  | time taken : 20.152157306671143
 Thread 6 estimated dimension 10 of 17 : 0.5521970309347333  | time taken : 81.53560400009155
 Thread 5 estimated dimension 8 of 17 : 0.5894747105061197  | time taken : 87.96257615089417
 Thread 9 estimated dimension 9 of 17 : 0.3953928219063087  | time taken : 139.0644347667694
 Thread 7 estimated dimension 10 of 17 : 1  | time taken : 37.14774036407471
 Thread 13 estimated dimension 9 of 17 : 0.9933521591881129  | time taken : 39.1301805973053
 Thread 12 estimated dimension 6 of 17 : 0.9998751839979565  | time taken : 40.71635699272156
 Thread 11 estimated dimension 7 of 17 : 0.6824232721064064  | time taken : 88.74407482147217
 Thread 4 estimated dimension 8 of 17 : 1  | time taken : 53.13690376281738
 Thread 2 estimated dimension 6 of 17 : 0.299533071480001  | time taken : 192.8971300125122
 Thread 7 estimated dimension 11 of 17 : 0.9969358087081052  | time taken : 41.03588676452637
 Thread 6 estimated dimension 11 of 17 : 1  | time taken : 57.47326731681824
 Thread 5 estimated dimension 9 of 17 : 1  | time taken : 53.18558216094971
 Thread 1 estimated dimension 9 of 17 : 0.4390776684682412  | time taken : 137.04925847053528
 Thread 11 estimated dimension 8 of 17 : 0.9950907731441917  | time taken : 32.28287076950073
 Thread 12 estimated dimension 7 of 17 : 1  | time taken : 60.94087862968445
 Thread 4 estimated dimension 9 of 17 : 0.9975065869109548  | time taken : 45.44269847869873
 Thread 2 estimated dimension 7 of 17 : 1  | time taken : 53.08656167984009
 Thread 3 estimated dimension 9 of 17 : 0.4405399996774273  | time taken : 161.4486002922058
 Thread 8 estimated dimension 10 of 17 : 0.4892944329904062  | time taken : 124.24776792526245
 Thread 8 estimated dimension 11 of 17 : 1  | time taken : 29.263692617416382
 Thread 12 estimated dimension 8 of 17 : 0.9914394775575822  | time taken : 46.24705743789673
 Thread 13 estimated dimension 10 of 17 : 0.5980112478753224  | time taken : 142.89894008636475
 Thread 7 estimated dimension 12 of 17 : 0.7031685638826266  | time taken : 113.34850645065308
 Thread 8 estimated dimension 12 of 17 : 0.9911448099625243  | time taken : 27.225327014923096
 Thread 12 estimated dimension 9 of 17 : 0.9960970592412526  | time taken : 30.58596396446228
 Thread 6 estimated dimension 12 of 17 : 0.5747247080920087  | time taken : 123.85040855407715
 Thread 1 estimated dimension 10 of 17 : 0.7091588772943024  | time taken : 112.84910726547241
 Thread 13 estimated dimension 11 of 17 : 0.9971565359404082  | time taken : 34.638452768325806
 Thread 14 estimated dimension 8 of 17 : 0.37535916505418426  | time taken : 242.7532455921173
 Thread 10 estimated dimension 7 of 17 : 0.3061067858612211  | time taken : 274.8427951335907
 Thread 1 estimated dimension 11 of 17 : 1  | time taken : 28.830214023590088
 Thread 3 estimated dimension 10 of 17 : 0.6045594480920734  | time taken : 123.72904968261719
 Thread 10 estimated dimension 8 of 17 : 0.9948230023707737  | time taken : 31.14387798309326
 Thread 14 estimated dimension 9 of 17 : 0.9914882288918847  | time taken : 51.43031358718872
 Thread 2 estimated dimension 8 of 17 : 0.6810588477111028  | time taken : 160.93357491493225
 Thread 3 estimated dimension 11 of 17 : 1  | time taken : 43.73291730880737
 Thread 9 estimated dimension 10 of 17 : 0.3222086653845778  | time taken : 272.2787902355194
 Thread 2 estimated dimension 9 of 17 : 0.997080660683135  | time taken : 25.86319375038147
 Thread 4 estimated dimension 10 of 17 : 0.5866743249055254  | time taken : 201.3779263496399
 Thread 14 estimated dimension 10 of 17 : 0.9938542604900917  | time taken : 39.41692781448364
 Thread 7 estimated dimension 13 of 17 : 0.6877891467995784  | time taken : 141.16798973083496
 Thread 6 estimated dimension 13 of 17 : 0.6349474192111773  | time taken : 145.9221339225769
 Thread 13 estimated dimension 12 of 17 : 0.5677898989361857  | time taken : 139.11984038352966
 Thread 9 estimated dimension 11 of 17 : 1  | time taken : 63.06694746017456
 Thread 4 estimated dimension 11 of 17 : 0.9925461215634139  | time taken : 58.203720569610596
 Thread 9 estimated dimension 12 of 17 : 0.9943821870317006  | time taken : 25.32193946838379
 Thread 4 estimated dimension 12 of 17 : 1  | time taken : 17.848806619644165
 Thread 8 estimated dimension 13 of 17 : 0.4980217610122351  | time taken : 210.6372299194336
 Thread 11 estimated dimension 9 of 17 : 0.3009830035981025  | time taken : 332.7206115722656
 Thread 9 estimated dimension 13 of 17 : 0.9986636899818458  | time taken : 37.28603434562683
 Thread 5 estimated dimension 10 of 17 : 0.35148828305461083  | time taken : 354.5869610309601
 Thread 11 estimated dimension 10 of 17 : 1  | time taken : 42.32874417304993
 Thread 7 estimated dimension 14 of 17 : 0.6957727299839275  | time taken : 157.12682056427002
 Thread 10 estimated dimension 9 of 17 : 0.512525978864754  | time taken : 230.64154815673828
 Thread 5 estimated dimension 11 of 17 : 0.9919187254758559  | time taken : 55.206743478775024
 Thread 6 estimated dimension 14 of 17 : 0.6558827312195021  | time taken : 152.76094388961792
 Thread 1 estimated dimension 12 of 17 : 0.4958530166403336  | time taken : 267.59072184562683
 Thread 14 estimated dimension 11 of 17 : 0.48968215197610143  | time taken : 184.05862617492676
 Thread 12 estimated dimension 10 of 17 : 0.34428039589879544  | time taken : 317.7940344810486
 Thread 13 estimated dimension 13 of 17 : 0.5967023161066293  | time taken : 162.57700538635254
 Thread 2 estimated dimension 10 of 17 : 0.47991789155999326  | time taken : 205.1951916217804
 Thread 11 estimated dimension 11 of 17 : 0.9999552638899267  | time taken : 49.0554780960083
 Thread 5 estimated dimension 12 of 17 : 0.9982467297655937  | time taken : 30.543704509735107
 Thread 3 estimated dimension 12 of 17 : 0.48505314447481085  | time taken : 246.06603717803955
 Thread 8 estimated dimension 14 of 17 : 0.6300154553886558  | time taken : 143.05169129371643
 Thread 10 estimated dimension 10 of 17 : 1  | time taken : 67.27158713340759
 Thread 11 estimated dimension 12 of 17 : 1  | time taken : 61.52968955039978
 Thread 4 estimated dimension 13 of 17 : 0.5037278160568038  | time taken : 188.84139943122864
 Thread 12 estimated dimension 11 of 17 : 0.9948990621741823  | time taken : 74.18618893623352
 Thread 2 estimated dimension 11 of 17 : 0.9874624102631869  | time taken : 70.68944907188416
 Thread 1 estimated dimension 13 of 17 : 0.9811736066412418  | time taken : 87.24645900726318
 Thread 14 estimated dimension 12 of 17 : 1  | time taken : 88.1938681602478
 Thread 10 estimated dimension 11 of 17 : 1  | time taken : 34.05431842803955
 Thread 3 estimated dimension 13 of 17 : 0.9953533553403393  | time taken : 58.12044072151184
 Thread 9 estimated dimension 14 of 17 : 0.4872650669099013  | time taken : 181.38082671165466
 Thread 8 estimated dimension 15 of 17 : 0.9940856649377016  | time taken : 79.44376707077026
 Thread 10 estimated dimension 12 of 17 : 0.9986897392217342  | time taken : 33.91236472129822
 Thread 12 estimated dimension 12 of 17 : 1  | time taken : 51.24834656715393
 Thread 11 estimated dimension 13 of 17 : 1  | time taken : 56.508113384246826
 Thread 6 estimated dimension 15 of 17 : 0.6581554149577317  | time taken : 140.82226490974426
 Thread 7 estimated dimension 15 of 17 : 0.6652311634770178  | time taken : 155.67343187332153
 Thread 2 estimated dimension 12 of 17 : 1  | time taken : 85.2507631778717
 Thread 9 estimated dimension 15 of 17 : 1  | time taken : 60.688371896743774
 Thread 13 estimated dimension 14 of 17 : 0.597798377755703  | time taken : 161.12021470069885
 Thread 3 estimated dimension 14 of 17 : 0.9913551193116602  | time taken : 76.20671153068542
 Thread 1 estimated dimension 14 of 17 : 1  | time taken : 101.00441908836365
 Thread 4 estimated dimension 14 of 17 : 0.6981860017597803  | time taken : 122.27217984199524
 Thread 3 estimated dimension 15 of 17 : 1  | time taken : 51.1460964679718
 Thread 9 estimated dimension 16 of 17 : 1  | time taken : 85.44974279403687
 Thread 9 nsolns: 277443
 Thread 1 estimated dimension 15 of 17 : 1  | time taken : 73.82231497764587
 Thread 4 estimated dimension 15 of 17 : 1  | time taken : 61.37678670883179
 Thread 5 estimated dimension 13 of 17 : 0.5050477133114659  | time taken : 272.75198197364807
 Thread 14 estimated dimension 13 of 17 : 0.5039065474439974  | time taken : 210.56362223625183
 Thread 13 estimated dimension 15 of 17 : 0.6771794341449139  | time taken : 167.40138244628906
 Thread 10 estimated dimension 13 of 17 : 0.4306483657867918  | time taken : 228.2685148715973
 Thread 7 estimated dimension 16 of 17 : 0.5082599094976392  | time taken : 213.88897490501404
 Thread 7 nsolns: 265474
 Thread 5 estimated dimension 14 of 17 : 1  | time taken : 63.95844554901123
 Thread 14 estimated dimension 14 of 17 : 1  | time taken : 63.958341121673584
 Thread 8 estimated dimension 16 of 17 : 0.4864214745875358  | time taken : 241.21631288528442
 Thread 8 nsolns: 267606
 Thread 9 estimated dimension 0 of 17 : 0.6771666867991312  | time taken : 136.3707582950592
 Thread 5 estimated dimension 15 of 17 : 0.9976770113794136  | time taken : 37.90677237510681
 Thread 10 estimated dimension 14 of 17 : 1  | time taken : 54.689308404922485
 Thread 12 estimated dimension 13 of 17 : 0.4842341273332271  | time taken : 284.14668703079224
 Thread 14 estimated dimension 15 of 17 : 1  | time taken : 54.07292628288269
 Thread 2 estimated dimension 13 of 17 : 0.4928989479334933  | time taken : 251.29520177841187
 Thread 11 estimated dimension 14 of 17 : 0.4927258355362438  | time taken : 291.6293935775757
 Thread 6 estimated dimension 16 of 17 : 0.530842458949856  | time taken : 293.4085249900818
 Thread 6 nsolns: 269636
 Thread 2 estimated dimension 14 of 17 : 1  | time taken : 19.845831871032715
 Thread 10 estimated dimension 15 of 17 : 0.9939530547871416  | time taken : 32.18142127990723
 Thread 3 estimated dimension 16 of 17 : 0.5513502761081475  | time taken : 225.2559154033661
 Thread 3 nsolns: 286000
 Thread 14 estimated dimension 16 of 17 : 0.9961557905185701  | time taken : 39.679606437683105
 Thread 14 nsolns: 290662
 Thread 5 estimated dimension 16 of 17 : 0.9814957619747046  | time taken : 67.89832139015198
 Thread 5 nsolns: 296027
 Thread 12 estimated dimension 14 of 17 : 1  | time taken : 59.84661936759949
 Thread 2 estimated dimension 15 of 17 : 1  | time taken : 39.892549991607666
 Thread 8 estimated dimension 0 of 17 : 0.6198200996311345  | time taken : 121.12623453140259
 Thread 11 estimated dimension 15 of 17 : 1  | time taken : 68.72459125518799
 Thread 10 estimated dimension 16 of 17 : 1  | time taken : 58.12550592422485
 Thread 10 nsolns: 283288
 Thread 7 estimated dimension 0 of 17 : 0.6294111451181745  | time taken : 152.96219682693481
 Thread 4 estimated dimension 16 of 17 : 0.4938935042344388  | time taken : 252.89066886901855
 Thread 4 nsolns: 286807
 Thread 1 estimated dimension 16 of 17 : 0.44467145860187784  | time taken : 258.9030520915985
 Thread 1 nsolns: 285599
 Thread 12 estimated dimension 15 of 17 : 1  | time taken : 53.93338894844055
 Thread 2 estimated dimension 16 of 17 : 1  | time taken : 61.127644300460815
 Thread 9 estimated dimension 1 of 17 : 0.5448222928104524  | time taken : 150.56222128868103
 Thread 2 nsolns: 295699
 Thread 3 estimated dimension 0 of 17 : 0.7767430381306175  | time taken : 106.54041910171509
 Thread 11 estimated dimension 16 of 17 : 1  | time taken : 76.38585567474365
 Thread 11 nsolns: 288702
 Thread 5 estimated dimension 0 of 17 : 0.7696445298103757  | time taken : 110.3175003528595
 Thread 13 estimated dimension 16 of 17 : 0.46637716241161936  | time taken : 254.1734755039215
 Thread 13 nsolns: 285809
 Thread 12 estimated dimension 16 of 17 : 1  | time taken : 75.49780249595642
 Thread 6 estimated dimension 0 of 17 : 0.4992515568695902  | time taken : 182.7943160533905
 Thread 12 nsolns: 297083
 Thread 8 estimated dimension 1 of 17 : 0.5701593531647355  | time taken : 152.99309492111206
 Thread 14 estimated dimension 0 of 17 : 0.5134302107623724  | time taken : 198.84841632843018
 Thread 9 estimated dimension 2 of 17 : 0.7006696854395875  | time taken : 127.45813155174255
 Thread 4 estimated dimension 0 of 17 : 0.6943652351322106  | time taken : 163.02544951438904
 Thread 5 estimated dimension 1 of 17 : 0.5101377191915853  | time taken : 137.9577624797821
 Thread 3 estimated dimension 1 of 17 : 0.5389103455389889  | time taken : 161.9362826347351
 Thread 14 estimated dimension 1 of 17 : 0.8667273305090846  | time taken : 65.01441240310669
 Thread 13 estimated dimension 0 of 17 : 0.7538148607603544  | time taken : 133.94002103805542
 Thread 2 estimated dimension 0 of 17 : 0.5470504399801808  | time taken : 191.89159631729126
 Thread 1 estimated dimension 0 of 17 : 0.32681189166067476  | time taken : 222.0988962650299
 Thread 10 estimated dimension 0 of 17 : 0.4177329101064686  | time taken : 250.86649227142334
 Thread 6 estimated dimension 1 of 17 : 0.5427158994359603  | time taken : 150.6972963809967
 Thread 8 estimated dimension 2 of 17 : 0.654039547534383  | time taken : 147.00597667694092
 Thread 12 estimated dimension 0 of 17 : 0.6409084009553428  | time taken : 180.33751893043518
 Thread 7 estimated dimension 1 of 17 : 0.43339432935208594  | time taken : 311.768976688385
 Thread 1 estimated dimension 1 of 17 : 0.7856540971454705  | time taken : 73.11957669258118
 Thread 11 estimated dimension 0 of 17 : 0.36821409355823836  | time taken : 257.91321420669556
 Thread 4 estimated dimension 1 of 17 : 0.6523230845854981  | time taken : 153.97644019126892
 Thread 10 estimated dimension 1 of 17 : 0.8705537195341854  | time taken : 81.29862761497498
 Thread 7 estimated dimension 2 of 17 : 1  | time taken : 28.021464586257935
 Thread 14 estimated dimension 2 of 17 : 0.6072909529061121  | time taken : 139.84548807144165
 Thread 5 estimated dimension 2 of 17 : 0.7290287591131254  | time taken : 146.28401803970337
 Thread 7 estimated dimension 3 of 17 : 1  | time taken : 18.85161828994751
 Thread 3 estimated dimension 2 of 17 : 0.5935652544453736  | time taken : 150.4386487007141
 Thread 2 estimated dimension 1 of 17 : 0.6002439040842009  | time taken : 145.5472366809845
 Thread 8 estimated dimension 3 of 17 : 0.7692287649674484  | time taken : 101.31689167022705
 Thread 7 estimated dimension 4 of 17 : 0.9917343898647645  | time taken : 19.60057759284973
 Thread 11 estimated dimension 1 of 17 : 0.8783316048573447  | time taken : 65.14621448516846
 Thread 8 estimated dimension 4 of 17 : 0.9794566033500345  | time taken : 52.22559595108032
 Thread 8 estimated dimension 5 of 17 : 0.9975182608100887  | time taken : 14.014105319976807
 Thread 7 estimated dimension 5 of 17 : 0.8073415976112408  | time taken : 80.88612055778503
 Thread 1 estimated dimension 2 of 17 : 0.5842356296658456  | time taken : 162.96893763542175
 Thread 3 estimated dimension 3 of 17 : 0.7803988535196674  | time taken : 124.24293828010559
 Thread 10 estimated dimension 2 of 17 : 0.49711549426669516  | time taken : 165.7138900756836
 Thread 14 estimated dimension 3 of 17 : 0.6678566714428824  | time taken : 147.9712040424347
 Thread 3 estimated dimension 4 of 17 : 0.9901240521424689  | time taken : 32.425408124923706
 Thread 12 estimated dimension 1 of 17 : 0.41498569392572787  | time taken : 254.3862361907959
 Thread 13 estimated dimension 1 of 17 : 0.3986824857019014  | time taken : 324.8644449710846
 Thread 11 estimated dimension 2 of 17 : 0.6663985265425941  | time taken : 173.41632962226868
 Thread 3 estimated dimension 5 of 17 : 0.9988744849786759  | time taken : 33.864136695861816
 Thread 12 estimated dimension 2 of 17 : 1  | time taken : 25.41924476623535
 Thread 13 estimated dimension 2 of 17 : 0.9889172647479236  | time taken : 30.16270875930786
 Thread 8 estimated dimension 6 of 17 : 0.6330278532090056  | time taken : 128.43555402755737
 Thread 1 estimated dimension 3 of 17 : 0.6686186243451314  | time taken : 113.11896467208862
 Thread 12 estimated dimension 3 of 17 : 0.9962736324521109  | time taken : 30.09296727180481
 Thread 13 estimated dimension 3 of 17 : 0.9844944102305413  | time taken : 36.56584143638611
 Thread 14 estimated dimension 4 of 17 : 0.7544908984659792  | time taken : 109.57235050201416
 Thread 10 estimated dimension 3 of 17 : 0.6314532939544955  | time taken : 127.33836579322815
 Thread 12 estimated dimension 4 of 17 : 0.9910728616870809  | time taken : 30.42470073699951
 Thread 13 estimated dimension 4 of 17 : 1  | time taken : 30.4954195022583
 Thread 4 estimated dimension 2 of 17 : 0.29184932718402085  | time taken : 338.21623849868774
 Thread 7 estimated dimension 6 of 17 : 0.5114330300206169  | time taken : 206.02130246162415
 Thread 6 estimated dimension 2 of 17 : 0.3240928190044839  | time taken : 429.17199206352234
 Thread 11 estimated dimension 3 of 17 : 0.6027978321017259  | time taken : 135.9529047012329
 Thread 8 estimated dimension 7 of 17 : 0.5719710544528223  | time taken : 124.12962889671326
 Thread 9 estimated dimension 3 of 17 : 0.213203043555251  | time taken : 545.1083078384399
 Thread 9 estimated dimension 4 of 17 : 0.9963325742701683  | time taken : 14.711482763290405
 Thread 12 estimated dimension 5 of 17 : 0.793744844405554  | time taken : 105.49319338798523
 Thread 13 estimated dimension 5 of 17 : 0.7783675256958235  | time taken : 90.93641090393066
 Thread 2 estimated dimension 2 of 17 : 0.3380731306315894  | time taken : 371.7082405090332
 Thread 9 estimated dimension 5 of 17 : 0.99653714899923  | time taken : 24.215913772583008
 Thread 4 estimated dimension 3 of 17 : 0.679974832693159  | time taken : 120.28586864471436
 Thread 7 estimated dimension 7 of 17 : 0.722746096615338  | time taken : 119.97634983062744
 Thread 4 estimated dimension 4 of 17 : 0.9889862815139278  | time taken : 39.382394313812256
 Thread 5 estimated dimension 3 of 17 : 0.23115655785001907  | time taken : 472.5068461894989
 Thread 11 estimated dimension 4 of 17 : 0.7642600507609808  | time taken : 128.33871054649353
 Thread 6 estimated dimension 3 of 17 : 0.6446027936017495  | time taken : 157.3388373851776
 Thread 3 estimated dimension 6 of 17 : 0.37512063708484794  | time taken : 279.7482180595398
 Thread 1 estimated dimension 4 of 17 : 0.3007073553461682  | time taken : 263.3719141483307
 Thread 5 estimated dimension 4 of 17 : 0.9946492543873778  | time taken : 19.84235692024231
 Thread 4 estimated dimension 5 of 17 : 1  | time taken : 23.542479276657104
 Thread 10 estimated dimension 4 of 17 : 0.3029160856783863  | time taken : 232.93761444091797
 Thread 3 estimated dimension 7 of 17 : 0.9845025481176445  | time taken : 16.16521954536438
 Thread 9 estimated dimension 6 of 17 : 0.6646528446153838  | time taken : 117.80849695205688
 Thread 4 estimated dimension 6 of 17 : 1  | time taken : 20.13617253303528
 Thread 6 estimated dimension 4 of 17 : 1  | time taken : 31.786428928375244
 Thread 13 estimated dimension 6 of 17 : 0.5154452769246554  | time taken : 139.77663254737854
 Thread 5 estimated dimension 5 of 17 : 1  | time taken : 32.117146492004395
 Thread 12 estimated dimension 6 of 17 : 0.528369295385251  | time taken : 148.34278535842896
 Thread 2 estimated dimension 3 of 17 : 0.6476790735787364  | time taken : 143.83131670951843
 Thread 6 estimated dimension 5 of 17 : 0.9907747305520571  | time taken : 34.90159344673157
 Thread 8 estimated dimension 8 of 17 : 0.5096445312511828  | time taken : 207.86325573921204
 Thread 2 estimated dimension 4 of 17 : 0.998913536824331  | time taken : 33.19679665565491
 Thread 11 estimated dimension 5 of 17 : 0.6541010301310751  | time taken : 96.78984022140503
 Thread 14 estimated dimension 5 of 17 : 0.2938606846910606  | time taken : 313.7327253818512
 Thread 14 estimated dimension 6 of 17 : 1  | time taken : 15.624130964279175
 Thread 6 estimated dimension 6 of 17 : 1  | time taken : 34.31925821304321
 Thread 2 estimated dimension 5 of 17 : 0.9889364253934856  | time taken : 29.96098279953003
 Thread 7 estimated dimension 8 of 17 : 0.5497284516051998  | time taken : 165.9585747718811
 Thread 3 estimated dimension 8 of 17 : 0.7479788466661709  | time taken : 103.60909819602966
 Thread 1 estimated dimension 5 of 17 : 0.7094124705230689  | time taken : 116.96203541755676
 Thread 14 estimated dimension 7 of 17 : 1  | time taken : 35.328362226486206
 Thread 3 estimated dimension 9 of 17 : 0.9901631918894132  | time taken : 33.81092977523804
 Thread 2 estimated dimension 6 of 17 : 1  | time taken : 46.928813457489014
 Thread 8 estimated dimension 9 of 17 : 0.7951078084663361  | time taken : 91.9171416759491
 Thread 14 estimated dimension 8 of 17 : 0.9976193726375595  | time taken : 28.112115621566772
 Thread 13 estimated dimension 7 of 17 : 0.7133393033883227  | time taken : 149.4831202030182
 Thread 5 estimated dimension 6 of 17 : 0.6117186255208151  | time taken : 148.06849193572998
 Thread 8 estimated dimension 10 of 17 : 0.987686207136168  | time taken : 28.654749870300293
 Thread 14 estimated dimension 9 of 17 : 0.9823495255315926  | time taken : 31.269866704940796
 Thread 6 estimated dimension 7 of 17 : 0.5613992805251273  | time taken : 109.2308783531189
 Thread 8 estimated dimension 11 of 17 : 1  | time taken : 29.32709002494812
 Thread 7 estimated dimension 9 of 17 : 0.7887862440302671  | time taken : 112.42810463905334
 Thread 7 estimated dimension 10 of 17 : 0.988893471902417  | time taken : 32.01045036315918
 Thread 7 estimated dimension 11 of 17 : 0.9983873181996019  | time taken : 28.59890913963318
 Thread 5 estimated dimension 7 of 17 : 0.7185360288815003  | time taken : 117.8607337474823
 Thread 3 estimated dimension 10 of 17 : 0.6574715597075546  | time taken : 154.84333777427673
 Thread 11 estimated dimension 6 of 17 : 0.427436752285093  | time taken : 241.43376278877258
 Thread 5 estimated dimension 8 of 17 : 0.9935179568878996  | time taken : 21.147107124328613
 Thread 12 estimated dimension 7 of 17 : 0.5118917238704008  | time taken : 310.80222368240356
 Thread 11 estimated dimension 7 of 17 : 0.9957708730207383  | time taken : 27.321718454360962
 Thread 3 estimated dimension 11 of 17 : 1  | time taken : 38.62951183319092
 Thread 4 estimated dimension 7 of 17 : 0.3206712060391507  | time taken : 332.0601556301117
 Thread 9 estimated dimension 7 of 17 : 0.31313467328575706  | time taken : 352.3234899044037
 Thread 10 estimated dimension 5 of 17 : 0.3244202119095096  | time taken : 365.94597601890564
 Thread 13 estimated dimension 8 of 17 : 0.6114021728547591  | time taken : 196.09144115447998
 Thread 8 estimated dimension 12 of 17 : 0.5439926656592492  | time taken : 154.45643377304077
 Thread 14 estimated dimension 10 of 17 : 0.5326241822673791  | time taken : 189.3747363090515
 Thread 10 estimated dimension 6 of 17 : 0.9943657740445407  | time taken : 31.313228368759155
 Thread 9 estimated dimension 8 of 17 : 0.9967838418109894  | time taken : 42.55527997016907
 Thread 14 estimated dimension 11 of 17 : 1  | time taken : 28.089536666870117
 Thread 1 estimated dimension 6 of 17 : 0.2836558046664595  | time taken : 312.71015763282776
 Thread 10 estimated dimension 7 of 17 : 0.9978085740233102  | time taken : 27.283105850219727
 Thread 7 estimated dimension 12 of 17 : 0.5525188257172307  | time taken : 159.46051383018494
 Thread 14 estimated dimension 12 of 17 : 0.9846115123698992  | time taken : 34.89535999298096
 Thread 5 estimated dimension 9 of 17 : 0.7066115290832563  | time taken : 139.42343139648438
 Thread 12 estimated dimension 8 of 17 : 0.623150118957305  | time taken : 121.95038318634033
 Thread 1 estimated dimension 7 of 17 : 0.9918114592513644  | time taken : 40.58326292037964
 Thread 10 estimated dimension 8 of 17 : 0.99761344920457  | time taken : 38.20094847679138
 Thread 2 estimated dimension 7 of 17 : 0.34918437239183997  | time taken : 320.5053873062134
 Thread 6 estimated dimension 8 of 17 : 0.46044230738982955  | time taken : 272.0008327960968
 Thread 3 estimated dimension 12 of 17 : 0.6009051125567306  | time taken : 142.924161195755
 Thread 4 estimated dimension 8 of 17 : 0.6036433650137324  | time taken : 135.79101395606995
 Thread 8 estimated dimension 13 of 17 : 0.6371096364633657  | time taken : 115.80695819854736
 Thread 5 estimated dimension 10 of 17 : 0.9846741652813378  | time taken : 31.907517433166504
 Thread 10 estimated dimension 9 of 17 : 1  | time taken : 37.011470079422
 Thread 13 estimated dimension 9 of 17 : 0.6474959414487765  | time taken : 158.8364429473877
 Thread 5 estimated dimension 11 of 17 : 1  | time taken : 38.77588701248169
 Thread 5 estimated dimension 12 of 17 : 1  | time taken : 26.205915451049805
 Thread 7 estimated dimension 13 of 17 : 0.54261413536561  | time taken : 153.765234708786
 Thread 8 estimated dimension 14 of 17 : 0.6343552314564747  | time taken : 133.77314686775208
 Thread 2 estimated dimension 8 of 17 : 0.6955700086168063  | time taken : 157.95933365821838
 Thread 11 estimated dimension 8 of 17 : 0.34473098272022323  | time taken : 301.89286732673645
 Thread 10 estimated dimension 10 of 17 : 0.7130723251755425  | time taken : 134.5068929195404
 Thread 3 estimated dimension 13 of 17 : 0.5879709769522886  | time taken : 164.95208883285522
 Thread 6 estimated dimension 9 of 17 : 0.5610746447797191  | time taken : 174.41425919532776
 Thread 9 estimated dimension 9 of 17 : 0.4739163418570797  | time taken : 250.1727056503296
 Thread 6 estimated dimension 10 of 17 : 1  | time taken : 18.85192108154297
 Thread 11 estimated dimension 9 of 17 : 0.994810605802635  | time taken : 37.080121994018555
 Thread 12 estimated dimension 9 of 17 : 0.4219675061849801  | time taken : 224.78176999092102
 Thread 9 estimated dimension 10 of 17 : 1  | time taken : 30.563302040100098
 Thread 6 estimated dimension 11 of 17 : 1  | time taken : 24.56358766555786
 Thread 14 estimated dimension 13 of 17 : 0.3813872690979465  | time taken : 249.64188313484192
 Thread 9 estimated dimension 11 of 17 : 0.996412872172465  | time taken : 15.76856017112732
 Thread 7 estimated dimension 14 of 17 : 0.6452860969273826  | time taken : 111.65991139411926
 Thread 11 estimated dimension 10 of 17 : 0.9952895168386257  | time taken : 26.737066984176636
 Thread 13 estimated dimension 10 of 17 : 0.47304685828810594  | time taken : 180.6449112892151
 Thread 11 estimated dimension 11 of 17 : 0.9998438835064591  | time taken : 16.684223890304565
 Thread 6 estimated dimension 12 of 17 : 1  | time taken : 30.05061101913452
 Thread 13 estimated dimension 11 of 17 : 0.9937905250575472  | time taken : 18.406797647476196
 Thread 9 estimated dimension 12 of 17 : 1  | time taken : 29.89410948753357
 Thread 4 estimated dimension 9 of 17 : 0.41860631857056035  | time taken : 259.79313015937805
 Thread 8 estimated dimension 15 of 17 : 0.6536189008264218  | time taken : 122.21105623245239
 Thread 11 estimated dimension 12 of 17 : 0.9914632105220259  | time taken : 26.152395486831665
 Thread 2 estimated dimension 9 of 17 : 0.5681483100153824  | time taken : 131.2567160129547
 Thread 9 estimated dimension 13 of 17 : 0.9967664548658327  | time taken : 28.81975769996643
 Thread 13 estimated dimension 12 of 17 : 0.9958025695572542  | time taken : 35.3832311630249
 Thread 1 estimated dimension 8 of 17 : 0.3337158854362348  | time taken : 308.2479133605957
 Thread 3 estimated dimension 14 of 17 : 0.6478503438503452  | time taken : 132.0471546649933
 Thread 5 estimated dimension 13 of 17 : 0.4825272071812675  | time taken : 216.05455350875854
 Thread 4 estimated dimension 10 of 17 : 0.9819472426033734  | time taken : 63.182536363601685
 Thread 1 estimated dimension 9 of 17 : 0.9871815286972001  | time taken : 39.02087616920471
 Thread 14 estimated dimension 14 of 17 : 0.6011944634576312  | time taken : 112.5956392288208
 Thread 2 estimated dimension 10 of 17 : 0.9966378911505979  | time taken : 52.494893312454224
 Thread 9 estimated dimension 14 of 17 : 0.9884950978867313  | time taken : 51.5411958694458
 Thread 10 estimated dimension 11 of 17 : 0.5307557758088302  | time taken : 188.13171672821045
 Thread 7 estimated dimension 15 of 17 : 0.6855387426003123  | time taken : 128.6666989326477
 Thread 1 estimated dimension 10 of 17 : 1  | time taken : 57.678574323654175
 Thread 5 estimated dimension 14 of 17 : 0.7013939808351732  | time taken : 90.56048679351807
 Thread 10 estimated dimension 12 of 17 : 1  | time taken : 41.71685767173767
 Thread 4 estimated dimension 11 of 17 : 0.9883464698878253  | time taken : 66.06707763671875
 Thread 2 estimated dimension 11 of 17 : 0.9910489824822744  | time taken : 58.16728925704956
 Thread 14 estimated dimension 15 of 17 : 0.9980447991619616  | time taken : 69.02475333213806
 Thread 9 estimated dimension 15 of 17 : 0.9787313249679543  | time taken : 70.8048768043518
 Thread 1 estimated dimension 11 of 17 : 1  | time taken : 43.19660425186157
 Thread 5 estimated dimension 15 of 17 : 1  | time taken : 42.26083016395569
 Thread 3 estimated dimension 15 of 17 : 0.6515300889882062  | time taken : 141.45983600616455
 Thread 12 estimated dimension 10 of 17 : 0.2987046115612857  | time taken : 236.977618932724
 Thread 8 estimated dimension 16 of 17 : 0.5214089933745636  | time taken : 184.52862310409546
 Thread 8 nsolns: 267391
 Thread 1 estimated dimension 12 of 17 : 1  | time taken : 28.562668800354004
 Thread 13 estimated dimension 13 of 17 : 0.43174529670103257  | time taken : 178.82925176620483
 Thread 11 estimated dimension 13 of 17 : 0.4346210088785667  | time taken : 201.76112294197083
 Thread 6 estimated dimension 13 of 17 : 0.3910275989905498  | time taken : 232.17708492279053
 Thread 12 estimated dimension 11 of 17 : 0.9934411629978556  | time taken : 67.29750299453735
 Thread 12 estimated dimension 12 of 17 : 1  | time taken : 38.51847743988037
 Thread 8 estimated dimension 0 of 17 : 0.6644332409346856  | time taken : 101.68179440498352
 Thread 4 estimated dimension 12 of 17 : 0.5250003025838736  | time taken : 161.29680466651917
 Thread 12 estimated dimension 13 of 17 : 1  | time taken : 24.834999322891235
 Thread 7 estimated dimension 16 of 17 : 0.48544456357106297  | time taken : 234.47926378250122
 Thread 4 estimated dimension 13 of 17 : 1  | time taken : 32.16131830215454
 Thread 7 nsolns: 269079
 Thread 2 estimated dimension 12 of 17 : 0.38850547803559393  | time taken : 198.82254648208618
 Thread 13 estimated dimension 14 of 17 : 0.6798580014240487  | time taken : 130.9445481300354
 Thread 10 estimated dimension 13 of 17 : 0.5172703820151994  | time taken : 203.71559929847717
 Thread 6 estimated dimension 14 of 17 : 0.6826530822081551  | time taken : 126.10612535476685
 Thread 14 estimated dimension 16 of 17 : 0.5393789338306089  | time taken : 204.81943225860596
 Thread 12 estimated dimension 14 of 17 : 1  | time taken : 32.80768704414368
 Thread 14 nsolns: 276801
 Thread 5 estimated dimension 16 of 17 : 0.4933390625410259  | time taken : 179.94017124176025
 Thread 5 nsolns: 275104
 Thread 11 estimated dimension 14 of 17 : 0.5890064750024414  | time taken : 152.85273909568787
 Thread 4 estimated dimension 14 of 17 : 1  | time taken : 38.55824565887451
 Thread 9 estimated dimension 16 of 17 : 0.49938245725945335  | time taken : 232.93831539154053
 Thread 9 nsolns: 289601
 Thread 13 estimated dimension 15 of 17 : 1  | time taken : 51.23953557014465
 Thread 1 estimated dimension 13 of 17 : 0.5093728195529686  | time taken : 193.6134169101715
 Thread 6 estimated dimension 15 of 17 : 1  | time taken : 63.139827489852905
 Thread 3 estimated dimension 16 of 17 : 0.5255815110928631  | time taken : 230.94969773292542
 Thread 10 estimated dimension 14 of 17 : 0.9969455682846189  | time taken : 76.6102466583252
 Thread 3 nsolns: 265858
 Thread 11 estimated dimension 15 of 17 : 0.9943572471177264  | time taken : 48.38570284843445
 Thread 4 estimated dimension 15 of 17 : 1  | time taken : 51.60588884353638
 Thread 12 estimated dimension 15 of 17 : 1  | time taken : 71.11695623397827
 Thread 7 estimated dimension 0 of 17 : 0.716184862994852  | time taken : 92.02653384208679
 Thread 8 estimated dimension 1 of 17 : 0.44815605911972495  | time taken : 143.5710597038269
 Thread 10 estimated dimension 15 of 17 : 1  | time taken : 66.49189257621765
 Thread 8 estimated dimension 2 of 17 : 0.9770862792876358  | time taken : 43.559560775756836
 Thread 1 estimated dimension 14 of 17 : 0.9833323549948918  | time taken : 89.41998648643494
 Thread 5 estimated dimension 0 of 17 : 0.4991268885764442  | time taken : 143.01093316078186
 Thread 8 estimated dimension 3 of 17 : 1  | time taken : 19.154446601867676
 Thread 8 estimated dimension 4 of 17 : 1  | time taken : 14.083066463470459
 Thread 10 estimated dimension 16 of 17 : 0.9987732063085386  | time taken : 36.88197445869446
 Thread 10 nsolns: 283347
 Thread 3 estimated dimension 0 of 17 : 0.5746162045430894  | time taken : 119.64278054237366
 Thread 6 estimated dimension 16 of 17 : 0.5436539995477123  | time taken : 143.86903166770935
 Thread 6 nsolns: 288176
 Thread 1 estimated dimension 15 of 17 : 1  | time taken : 70.12656664848328
 Thread 13 estimated dimension 16 of 17 : 0.4345204014033814  | time taken : 188.58823370933533
 Thread 13 nsolns: 275476
 Thread 9 estimated dimension 0 of 17 : 0.422416091153575  | time taken : 194.72344994544983
 Thread 4 estimated dimension 16 of 17 : 0.5330572810676433  | time taken : 159.0719974040985
 Thread 4 nsolns: 283994
 Thread 8 estimated dimension 5 of 17 : 0.7772405060133986  | time taken : 75.59544396400452
 Thread 11 estimated dimension 16 of 17 : 0.5438628217007229  | time taken : 191.22289633750916
 Thread 11 nsolns: 286428
 Thread 1 estimated dimension 16 of 17 : 1  | time taken : 62.43991804122925
 Thread 1 nsolns: 306127
 Thread 12 estimated dimension 16 of 17 : 0.48193171401334917  | time taken : 203.76531505584717
 Thread 3 estimated dimension 1 of 17 : 0.6173769115361417  | time taken : 96.11010956764221
 Thread 12 nsolns: 281805
 Thread 9 estimated dimension 1 of 17 : 0.8664600244313985  | time taken : 56.037087202072144
 Thread 7 estimated dimension 1 of 17 : 0.38290773195870975  | time taken : 219.32791924476624
 Thread 2 estimated dimension 13 of 17 : 0.3764007435638748  | time taken : 323.1938955783844
 Thread 7 estimated dimension 2 of 17 : 1  | time taken : 25.970040559768677
 Thread 13 estimated dimension 0 of 17 : 0.7416719433654978  | time taken : 94.63905787467957
 Thread 6 estimated dimension 0 of 17 : 0.6945892113993541  | time taken : 127.69875741004944
 Thread 8 estimated dimension 6 of 17 : 0.646023198012439  | time taken : 99.870858669281
 Thread 2 estimated dimension 14 of 17 : 1  | time taken : 42.963865518569946
 Thread 7 estimated dimension 3 of 17 : 0.9853651370052849  | time taken : 28.810261964797974
 Thread 4 estimated dimension 0 of 17 : 0.7663698192720463  | time taken : 121.77040314674377
 Thread 10 estimated dimension 0 of 17 : 0.4500374418630069  | time taken : 200.27622985839844
 Thread 7 estimated dimension 4 of 17 : 1  | time taken : 16.821434497833252
 Thread 5 estimated dimension 1 of 17 : 0.3876118007892199  | time taken : 225.684077501297
 Thread 9 estimated dimension 2 of 17 : 0.6009967498713096  | time taken : 97.11821126937866
 Thread 5 estimated dimension 2 of 17 : 1  | time taken : 19.78519606590271
 Thread 12 estimated dimension 0 of 17 : 0.42000101095896  | time taken : 117.98948121070862
 Thread 11 estimated dimension 0 of 17 : 0.5789445771660897  | time taken : 139.66045928001404
 Thread 2 estimated dimension 15 of 17 : 1  | time taken : 54.28744673728943
 Thread 10 estimated dimension 1 of 17 : 0.8634524886236954  | time taken : 46.91944217681885
 Thread 5 estimated dimension 3 of 17 : 1  | time taken : 25.258233785629272
 Thread 5 estimated dimension 4 of 17 : 0.9816781062609677  | time taken : 20.275834560394287
 Thread 7 estimated dimension 5 of 17 : 0.7593159368780349  | time taken : 80.28613829612732
 Thread 1 estimated dimension 0 of 17 : 0.5316954199558949  | time taken : 181.56526255607605
 Thread 2 estimated dimension 16 of 17 : 0.9976734186067695  | time taken : 47.48643898963928
 Thread 2 nsolns: 289359
 Thread 6 estimated dimension 1 of 17 : 0.620219605743656  | time taken : 130.59590792655945
 Thread 4 estimated dimension 1 of 17 : 0.6139152921335767  | time taken : 112.94505548477173
 Thread 9 estimated dimension 3 of 17 : 0.6503748962433916  | time taken : 94.92221760749817
 Thread 13 estimated dimension 1 of 17 : 0.4330598196049019  | time taken : 184.2475004196167
 Thread 11 estimated dimension 1 of 17 : 0.6027668869879763  | time taken : 113.05416774749756
 Thread 13 estimated dimension 2 of 17 : 1  | time taken : 20.283573150634766
 Thread 10 estimated dimension 2 of 17 : 0.4683242836208955  | time taken : 114.59955024719238
 Thread 3 estimated dimension 2 of 17 : 0.33762497784973045  | time taken : 254.86355018615723
 Thread 4 estimated dimension 2 of 17 : 0.7009681386639677  | time taken : 82.61338543891907
 Thread 13 estimated dimension 3 of 17 : 1  | time taken : 24.59454035758972
 Thread 9 estimated dimension 4 of 17 : 0.6895322350920768  | time taken : 94.49254822731018
 Thread 8 estimated dimension 7 of 17 : 0.30054603483189707  | time taken : 234.25742506980896
 Thread 13 estimated dimension 4 of 17 : 0.9944771399608207  | time taken : 22.315212726593018
 Thread 2 estimated dimension 0 of 17 : 0.6251100048676774  | time taken : 156.01779079437256
 Thread 12 estimated dimension 1 of 17 : 0.38182858315940993  | time taken : 219.69518947601318
 Thread 10 estimated dimension 3 of 17 : 0.580373807100531  | time taken : 92.2112684249878
 Thread 12 estimated dimension 2 of 17 : 1  | time taken : 11.92138147354126
 Thread 12 estimated dimension 3 of 17 : 1  | time taken : 13.498150110244751
 Thread 7 estimated dimension 6 of 17 : 0.47449729628949894  | time taken : 197.44543647766113
 Thread 9 estimated dimension 5 of 17 : 0.6470843975289367  | time taken : 74.48028588294983
 Thread 6 estimated dimension 2 of 17 : 0.39511866395708317  | time taken : 193.17809510231018
 Thread 13 estimated dimension 5 of 17 : 0.7824818550313816  | time taken : 78.46553373336792
 Thread 1 estimated dimension 1 of 17 : 0.48368976392475804  | time taken : 204.28889274597168
 Thread 12 estimated dimension 4 of 17 : 0.9988075884251771  | time taken : 11.98595380783081
 Thread 8 estimated dimension 8 of 17 : 0.7258102748249362  | time taken : 86.94595384597778
 Thread 1 estimated dimension 2 of 17 : 0.9985882845106814  | time taken : 19.48258948326111
 Thread 7 estimated dimension 7 of 17 : 0.9924467488350908  | time taken : 29.954107999801636
 Thread 3 estimated dimension 3 of 17 : 0.40340627662958367  | time taken : 160.29710149765015
 Thread 2 estimated dimension 1 of 17 : 0.6288558176950856  | time taken : 90.37106728553772
 Thread 1 estimated dimension 3 of 17 : 0.9874594850392111  | time taken : 27.725321531295776
 Thread 10 estimated dimension 4 of 17 : 0.7726885496502975  | time taken : 84.84403395652771
 Thread 3 estimated dimension 4 of 17 : 0.9933566809429295  | time taken : 27.70834183692932
 Thread 11 estimated dimension 2 of 17 : 0.3460423068426011  | time taken : 213.70055508613586
 Thread 1 estimated dimension 4 of 17 : 1  | time taken : 16.45456290245056
 Thread 12 estimated dimension 5 of 17 : 0.7454901918460398  | time taken : 66.67788314819336
 Thread 13 estimated dimension 6 of 17 : 0.62923174008637  | time taken : 74.09908652305603
 Thread 5 estimated dimension 5 of 17 : 0.28142601290999214  | time taken : 307.8067021369934
 Thread 3 estimated dimension 5 of 17 : 1  | time taken : 30.62503933906555
 Thread 6 estimated dimension 3 of 17 : 0.5575765968475798  | time taken : 96.4401183128357
 Thread 8 estimated dimension 9 of 17 : 0.5340997197795105  | time taken : 96.55478000640869
 Thread 9 estimated dimension 6 of 17 : 0.44819312901314584  | time taken : 110.77409791946411
 Thread 10 estimated dimension 5 of 17 : 0.7407148251288856  | time taken : 61.64129304885864
 Thread 1 estimated dimension 5 of 17 : 0.8113837842421008  | time taken : 44.51991057395935
 Thread 3 estimated dimension 6 of 17 : 0.9700011801264734  | time taken : 32.126495361328125
 Thread 5 estimated dimension 6 of 17 : 0.9877838387040748  | time taken : 38.250784397125244
 Thread 6 estimated dimension 4 of 17 : 1  | time taken : 39.23386096954346
 Thread 12 estimated dimension 6 of 17 : 0.6531234991854147  | time taken : 69.17018961906433
 Thread 9 estimated dimension 7 of 17 : 0.9945916167069954  | time taken : 32.02017784118652
 Thread 13 estimated dimension 7 of 17 : 0.8031243360735261  | time taken : 63.10515522956848
 Thread 4 estimated dimension 3 of 17 : 0.20533908453763805  | time taken : 250.61893677711487
 Thread 5 estimated dimension 7 of 17 : 1  | time taken : 34.86756253242493
 Thread 6 estimated dimension 5 of 17 : 0.9931300856386522  | time taken : 38.71475839614868
 Thread 4 estimated dimension 4 of 17 : 1  | time taken : 40.043434143066406
 Thread 11 estimated dimension 3 of 17 : 0.4148753836959825  | time taken : 116.27196550369263
 Thread 1 estimated dimension 6 of 17 : 0.6017207875746496  | time taken : 71.7235267162323
 Thread 10 estimated dimension 6 of 17 : 0.48610352942864826  | time taken : 85.07417154312134
 Thread 5 estimated dimension 8 of 17 : 1  | time taken : 30.315141677856445
 Thread 7 estimated dimension 8 of 17 : 0.28543628112073915  | time taken : 176.42717814445496
 Thread 9 estimated dimension 8 of 17 : 0.5758545597531077  | time taken : 63.42017912864685
 Thread 2 estimated dimension 2 of 17 : 0.36445681760013093  | time taken : 156.1136028766632
 Thread 13 estimated dimension 8 of 17 : 0.5351748184031005  | time taken : 79.66766548156738
 Thread 11 estimated dimension 4 of 17 : 1  | time taken : 42.57520580291748
 Thread 9 estimated dimension 9 of 17 : 1  | time taken : 25.08587336540222
 Thread 6 estimated dimension 6 of 17 : 1  | time taken : 57.194583892822266
 Thread 4 estimated dimension 5 of 17 : 1  | time taken : 62.37458944320679
 Thread 7 estimated dimension 9 of 17 : 1  | time taken : 45.21684908866882
 Thread 10 estimated dimension 7 of 17 : 0.9965330017642267  | time taken : 48.06367015838623
 Thread 5 estimated dimension 9 of 17 : 1  | time taken : 48.10394239425659
 Thread 11 estimated dimension 5 of 17 : 0.9837884164454274  | time taken : 24.112740993499756
 Thread 1 estimated dimension 7 of 17 : 0.5711900046471773  | time taken : 93.97081112861633
 Thread 7 estimated dimension 10 of 17 : 0.9945319205825033  | time taken : 41.4646270275116
 Thread 11 estimated dimension 6 of 17 : 1  | time taken : 37.947845458984375
 Thread 9 estimated dimension 10 of 17 : 0.5636314231541496  | time taken : 72.3825170993805
 Thread 3 estimated dimension 7 of 17 : 0.2607429749367368  | time taken : 172.84969091415405
 Thread 6 estimated dimension 7 of 17 : 0.6506319453958018  | time taken : 79.50217247009277
 Thread 2 estimated dimension 3 of 17 : 0.43551619041831074  | time taken : 118.12029957771301
 Thread 8 estimated dimension 10 of 17 : 0.25746041203289455  | time taken : 222.28494215011597
 Thread 3 estimated dimension 8 of 17 : 1  | time taken : 33.65706968307495
 Thread 7 estimated dimension 11 of 17 : 0.7470856439779663  | time taken : 56.12286305427551
 Thread 9 estimated dimension 11 of 17 : 1  | time taken : 51.04440188407898
 Thread 2 estimated dimension 4 of 17 : 0.9971888897237624  | time taken : 35.534752368927
 Thread 4 estimated dimension 6 of 17 : 0.4912121722281563  | time taken : 118.93307995796204
 Thread 8 estimated dimension 11 of 17 : 1  | time taken : 35.8938410282135
 Thread 5 estimated dimension 10 of 17 : 0.4080771000192429  | time taken : 115.06257200241089
 Thread 2 estimated dimension 5 of 17 : 0.997081492969726  | time taken : 15.210057020187378
 Thread 12 estimated dimension 7 of 17 : 0.2667698701646558  | time taken : 234.28781723976135
 Thread 7 estimated dimension 12 of 17 : 1  | time taken : 33.293550968170166
 Thread 9 estimated dimension 12 of 17 : 1  | time taken : 30.952880382537842
 Thread 13 estimated dimension 9 of 17 : 0.3790005486280276  | time taken : 169.276136636734
 Thread 1 estimated dimension 8 of 17 : 0.46989233310978434  | time taken : 112.55923247337341
 Thread 2 estimated dimension 6 of 17 : 1  | time taken : 20.935091257095337
 Thread 10 estimated dimension 8 of 17 : 0.3143364847420328  | time taken : 149.39681959152222
 Thread 4 estimated dimension 7 of 17 : 1  | time taken : 57.69059419631958
 Thread 11 estimated dimension 7 of 17 : 0.33038265586914417  | time taken : 137.5408229827881
 Thread 8 estimated dimension 12 of 17 : 1  | time taken : 62.36631727218628
 Thread 12 estimated dimension 8 of 17 : 0.7159850220903567  | time taken : 68.91735625267029
 Thread 3 estimated dimension 9 of 17 : 0.5262081004682855  | time taken : 114.76072549819946
 Thread 5 estimated dimension 11 of 17 : 0.7769865126270183  | time taken : 92.176100730896
 Thread 10 estimated dimension 9 of 17 : 1  | time taken : 63.272518157958984
 Thread 11 estimated dimension 8 of 17 : 0.9999560252575115  | time taken : 41.31059718132019
 Thread 6 estimated dimension 8 of 17 : 0.3729982584532141  | time taken : 153.06759929656982
 Thread 4 estimated dimension 8 of 17 : 0.9934114775290065  | time taken : 61.19293785095215
 Thread 1 estimated dimension 9 of 17 : 0.6357957525805445  | time taken : 93.2280707359314
 Thread 13 estimated dimension 10 of 17 : 0.6833020623219294  | time taken : 102.54109621047974
 Thread 5 estimated dimension 12 of 17 : 1  | time taken : 40.11198019981384
 Thread 2 estimated dimension 7 of 17 : 0.6945397588619293  | time taken : 103.20372796058655
 Thread 10 estimated dimension 10 of 17 : 1  | time taken : 61.50272464752197
 Thread 7 estimated dimension 13 of 17 : 0.3763185696851281  | time taken : 152.6353259086609
 Thread 2 estimated dimension 8 of 17 : 1  | time taken : 43.15001201629639
 Thread 12 estimated dimension 9 of 17 : 0.5489444218606715  | time taken : 99.9531409740448
 Thread 9 estimated dimension 13 of 17 : 0.4261691125374296  | time taken : 161.97715377807617
 Thread 4 estimated dimension 9 of 17 : 0.9977329692607869  | time taken : 63.52814078330994
 Thread 6 estimated dimension 9 of 17 : 0.46860535203756426  | time taken : 84.86201429367065
 Thread 13 estimated dimension 11 of 17 : 0.9955233680099534  | time taken : 61.93817067146301
 Thread 3 estimated dimension 10 of 17 : 0.5308146644246781  | time taken : 119.34524297714233
 Thread 10 estimated dimension 11 of 17 : 1  | time taken : 55.88721251487732
 Thread 8 estimated dimension 13 of 17 : 0.49551339998524524  | time taken : 156.42309379577637
 Thread 4 estimated dimension 10 of 17 : 0.9958612315833545  | time taken : 40.19970989227295
 Thread 1 estimated dimension 10 of 17 : 0.47049584264303573  | time taken : 118.65770316123962
 Thread 7 estimated dimension 14 of 17 : 0.6410627278801068  | time taken : 80.22179365158081
 Thread 12 estimated dimension 10 of 17 : 0.7337420753160029  | time taken : 68.86101174354553
 Thread 13 estimated dimension 12 of 17 : 0.9979825822329174  | time taken : 58.52835440635681
 Thread 11 estimated dimension 9 of 17 : 0.46822597005575894  | time taken : 146.05065774917603
 Thread 6 estimated dimension 10 of 17 : 0.9909534412097663  | time taken : 60.40632915496826
 Thread 10 estimated dimension 12 of 17 : 1  | time taken : 41.24216651916504
 Thread 5 estimated dimension 13 of 17 : 0.48440163400631564  | time taken : 142.45354199409485
 Thread 1 estimated dimension 11 of 17 : 0.9902619148945864  | time taken : 39.8664767742157
 Thread 3 estimated dimension 11 of 17 : 0.9966798469658891  | time taken : 79.90106201171875
 Thread 4 estimated dimension 11 of 17 : 0.749815722843533  | time taken : 65.87168455123901
 Thread 9 estimated dimension 14 of 17 : 0.6314043128719746  | time taken : 108.78128576278687
 Thread 12 estimated dimension 11 of 17 : 1  | time taken : 45.6064932346344
 Thread 7 estimated dimension 15 of 17 : 1  | time taken : 62.857590198516846
 Thread 6 estimated dimension 11 of 17 : 1  | time taken : 64.74689412117004
 Thread 13 estimated dimension 13 of 17 : 1  | time taken : 68.24937391281128
 Thread 8 estimated dimension 14 of 17 : 0.9981781823942328  | time taken : 99.57588624954224
 Thread 1 estimated dimension 12 of 17 : 0.9829604614620466  | time taken : 40.69954586029053
 Thread 3 estimated dimension 12 of 17 : 0.9849645970573966  | time taken : 46.51800012588501
 Thread 4 estimated dimension 12 of 17 : 1  | time taken : 44.19422674179077
 Thread 2 estimated dimension 9 of 17 : 0.31177525808240736  | time taken : 165.94024920463562
 Thread 9 estimated dimension 15 of 17 : 0.9927692041666255  | time taken : 82.03261089324951
 Thread 6 estimated dimension 12 of 17 : 1  | time taken : 61.36292576789856
 Thread 5 estimated dimension 14 of 17 : 0.6762260034257909  | time taken : 105.2681496143341
 Thread 6 estimated dimension 13 of 17 : 0.9993006313834119  | time taken : 18.190580368041992
 Thread 11 estimated dimension 10 of 17 : 0.48408549721142635  | time taken : 146.13335824012756
 Thread 8 estimated dimension 15 of 17 : 1  | time taken : 98.23598313331604
 Thread 10 estimated dimension 13 of 17 : 0.4525948453768187  | time taken : 169.23272848129272
 Thread 11 estimated dimension 11 of 17 : 1  | time taken : 39.23788285255432
 Thread 7 estimated dimension 16 of 17 : 0.43016888248535556  | time taken : 127.9139506816864
 Thread 7 nsolns: 285174
 Thread 5 estimated dimension 15 of 17 : 1  | time taken : 59.511855363845825
 Thread 11 estimated dimension 12 of 17 : 0.987212326782204  | time taken : 12.983638286590576
 Thread 8 estimated dimension 16 of 17 : 0.9891507265883605  | time taken : 31.522044897079468
 Thread 8 nsolns: 287501
 Thread 2 estimated dimension 10 of 17 : 0.5376257707981034  | time taken : 107.34508085250854
 Thread 12 estimated dimension 12 of 17 : 0.39234783943733076  | time taken : 163.24999523162842
 Thread 13 estimated dimension 14 of 17 : 0.5086877492788666  | time taken : 145.20316314697266
 Thread 1 estimated dimension 13 of 17 : 0.42919056343106  | time taken : 141.74411416053772
 Thread 4 estimated dimension 13 of 17 : 0.415117354747924  | time taken : 130.88601160049438
 Thread 3 estimated dimension 13 of 17 : 0.47171967653521607  | time taken : 143.32310485839844
 Thread 10 estimated dimension 14 of 17 : 0.7172844791759713  | time taken : 53.20487689971924
 Thread 2 estimated dimension 11 of 17 : 1  | time taken : 29.22490954399109
 Thread 6 estimated dimension 14 of 17 : 0.48553841619057875  | time taken : 101.5750982761383
 Thread 9 estimated dimension 16 of 17 : 0.500057328845786  | time taken : 127.0951247215271
 Thread 9 nsolns: 280374
 Thread 11 estimated dimension 13 of 17 : 0.9983124740948828  | time taken : 60.592449426651
 Thread 10 estimated dimension 15 of 17 : 0.9997191425619175  | time taken : 34.296345710754395
 Thread 2 estimated dimension 12 of 17 : 0.991542584461402  | time taken : 49.19301652908325
 Thread 1 estimated dimension 14 of 17 : 0.5769168386460455  | time taken : 75.47823762893677
 Thread 5 estimated dimension 16 of 17 : 0.5241442157998083  | time taken : 107.37801218032837
 Thread 5 nsolns: 279140
 Thread 11 estimated dimension 14 of 17 : 1  | time taken : 44.19805550575256
 Thread 13 estimated dimension 15 of 17 : 0.5059852780003526  | time taken : 92.46406030654907
 Thread 4 estimated dimension 14 of 17 : 0.642519416277654  | time taken : 90.7452085018158
 Thread 3 estimated dimension 14 of 17 : 1  | time taken : 79.26521635055542
 Thread 11 estimated dimension 15 of 17 : 0.9986729831814092  | time taken : 26.581841707229614
 Thread 1 estimated dimension 15 of 17 : 0.9866654004551461  | time taken : 43.32996845245361
 Thread 2 estimated dimension 13 of 17 : 1  | time taken : 53.823829650878906
 Thread 4 estimated dimension 15 of 17 : 0.9940877156258562  | time taken : 39.40656495094299
 Thread 13 estimated dimension 16 of 17 : 0.9834239575976736  | time taken : 41.41884160041809
 Thread 13 nsolns: 263100
 Thread 10 estimated dimension 16 of 17 : 0.504281145295804  | time taken : 104.39905762672424
 Thread 10 nsolns: 283789
 Thread 3 estimated dimension 15 of 17 : 0.9902000370723307  | time taken : 62.175915002822876
 Thread 6 estimated dimension 15 of 17 : 0.4474329966666492  | time taken : 140.04930782318115
 Thread 3 estimated dimension 16 of 17 : 1  | time taken : 19.07930088043213
 Thread 3 nsolns: 293099
 Thread 12 estimated dimension 13 of 17 : 0.3333202451985953  | time taken : 185.2312717437744
 Thread 6 estimated dimension 16 of 17 : 0.9717425840002663  | time taken : 13.953963041305542
 Thread 6 nsolns: 277158
 Thread 1 estimated dimension 16 of 17 : 0.538905414210902  | time taken : 71.46754097938538
 Thread 1 nsolns: 280275
 Thread 2 estimated dimension 14 of 17 : 0.5237258645374666  | time taken : 73.68697595596313
 Thread 4 estimated dimension 16 of 17 : 0.505440517173018  | time taken : 64.84251952171326
 Thread 4 nsolns: 282584
 Thread 11 estimated dimension 16 of 17 : 0.4395091623825441  | time taken : 85.14871263504028
 Thread 11 nsolns: 289009
 Thread 12 estimated dimension 14 of 17 : 1  | time taken : 25.601216554641724
 Thread 2 estimated dimension 15 of 17 : 0.9977966295613858  | time taken : 19.133721351623535
 Thread 12 estimated dimension 15 of 17 : 1  | time taken : 21.2767596244812
 Thread 2 estimated dimension 16 of 17 : 0.9953283089137893  | time taken : 18.336954593658447
 Thread 2 nsolns: 273260
 Thread 12 estimated dimension 16 of 17 : 0.9797016931979233  | time taken : 10.97642993927002
 Thread 12 nsolns: 306013
 estimated weights : [0.002412596453477657, 0.0029318956921669777, 0.002178604215713116, 0.002730872935015931, 0.0015714220708311114, 0.0014641147668289442, 0.001250361869426854, 0.0027057980000412068, 0.001591820141606583, 0.0015049334082112543, 0.0009855135241539996, 0.0030092446056313275, 0.002166617965714208, 0.0015893137213080623, 0.00188616463597625, 0.0022251696587503376, 0.0025385245419081823, 0.003338697301487403, 0.002581592792074827, 0.0027030334439544657, 0.0021645268965219426, 0.0011803919975416166, 0.001979341716266454, 0.0019564533597970874, 0.0012948618952201365, 0.000993274767009443, 0.0021200747996270495, 0.0014123678522690749, 0.0021265392211584737, 0.0021439268018391463, 0.0012337182331697324, 0.002874135142659347, 0.004402251326390061, 0.001506482584898696, 0.0015548168495461724, 0.002240853312594653, 0.0012739172824560825, 0.003299397464773522, 0.0015965368977921364, 0.0037248485758073703, 0.0007687359301725271]
