numSolutions: 44 k : 14027
22 44 0.04264014327112209 0.00010330578512396695

 Thread 11 estimated dimension 0 of 22 : 0.8188657066056079  | time taken : 103.49263501167297
 Thread 7 estimated dimension 0 of 22 : 0.8067066376665116  | time taken : 125.54009056091309
 Thread 13 estimated dimension 0 of 22 : 0.820344851739917  | time taken : 129.18974089622498
 Thread 8 estimated dimension 0 of 22 : 0.724872661764691  | time taken : 160.42228412628174
 Thread 5 estimated dimension 0 of 22 : 0.7185225102441304  | time taken : 175.76248908042908
 Thread 9 estimated dimension 0 of 22 : 0.7141983542094658  | time taken : 179.64569783210754
 Thread 3 estimated dimension 0 of 22 : 0.772953319639994  | time taken : 179.69608807563782
 Thread 14 estimated dimension 0 of 22 : 0.7460420239018442  | time taken : 190.38538551330566
 Thread 2 estimated dimension 0 of 22 : 0.750889202988602  | time taken : 203.40848875045776
 Thread 6 estimated dimension 0 of 22 : 0.6278819818591107  | time taken : 217.0767960548401
 Thread 11 estimated dimension 1 of 22 : 0.6395452867297051  | time taken : 192.64152669906616
 Thread 7 estimated dimension 1 of 22 : 0.6112734953750393  | time taken : 238.7421247959137
 Thread 8 estimated dimension 1 of 22 : 0.6327940682802802  | time taken : 228.2907166481018
 Thread 3 estimated dimension 1 of 22 : 0.6184355753709876  | time taken : 213.48896980285645
 Thread 6 estimated dimension 1 of 22 : 0.7062387274598472  | time taken : 196.8290572166443
 Thread 11 estimated dimension 2 of 22 : 0.7194281460345836  | time taken : 123.49524140357971
 Thread 10 estimated dimension 0 of 22 : 0.3834800924727742  | time taken : 425.8264911174774
 Thread 13 estimated dimension 1 of 22 : 0.4357261220702644  | time taken : 300.4972243309021
 Thread 5 estimated dimension 1 of 22 : 0.46866161015844754  | time taken : 275.58817744255066
 Thread 4 estimated dimension 0 of 22 : 0.3075171003660168  | time taken : 462.54407119750977
 Thread 13 estimated dimension 2 of 22 : 0.9896848291008689  | time taken : 49.82403254508972
 Thread 5 estimated dimension 2 of 22 : 0.992899746734059  | time taken : 56.731932640075684
 Thread 2 estimated dimension 1 of 22 : 0.404469799491533  | time taken : 319.5676865577698
 Thread 7 estimated dimension 2 of 22 : 0.6364104526752691  | time taken : 161.66723585128784
 Thread 9 estimated dimension 1 of 22 : 0.39019231983338276  | time taken : 359.0926957130432
 Thread 14 estimated dimension 1 of 22 : 0.411579145799716  | time taken : 353.8055770397186
 Thread 1 estimated dimension 0 of 22 : 0.328396689182511  | time taken : 548.6811952590942
 Thread 3 estimated dimension 2 of 22 : 0.6626134729760917  | time taken : 160.03373622894287
 Thread 9 estimated dimension 2 of 22 : 0.9876988856556917  | time taken : 20.221250295639038
 Thread 2 estimated dimension 2 of 22 : 0.9959661612327194  | time taken : 40.81320881843567
 Thread 14 estimated dimension 2 of 22 : 0.9885092472276958  | time taken : 27.263713121414185
 Thread 10 estimated dimension 1 of 22 : 0.5771811255408048  | time taken : 177.1470603942871
 Thread 4 estimated dimension 1 of 22 : 0.5431633062925598  | time taken : 165.71569228172302
 Thread 12 estimated dimension 0 of 22 : 0.26231106498872275  | time taken : 631.5567283630371
 Thread 13 estimated dimension 3 of 22 : 0.570427049195898  | time taken : 168.75795531272888
 Thread 5 estimated dimension 3 of 22 : 0.5801467056540519  | time taken : 155.26464438438416
 Thread 11 estimated dimension 3 of 22 : 0.5465454364666539  | time taken : 248.4364128112793
 Thread 1 estimated dimension 1 of 22 : 0.5526508391051103  | time taken : 162.86659455299377
 Thread 7 estimated dimension 3 of 22 : 0.4942323652005334  | time taken : 244.84816646575928
 Thread 9 estimated dimension 3 of 22 : 0.5380631592162173  | time taken : 225.04070448875427
 Thread 14 estimated dimension 3 of 22 : 0.46406007678249356  | time taken : 220.30910301208496
 Thread 3 estimated dimension 3 of 22 : 0.54067452815371  | time taken : 248.33622479438782
 Thread 6 estimated dimension 2 of 22 : 0.3777472131413056  | time taken : 402.9130058288574
 Thread 10 estimated dimension 2 of 22 : 0.5555437472279433  | time taken : 234.98497605323792
 Thread 2 estimated dimension 3 of 22 : 0.5341302602259758  | time taken : 270.45369601249695
 Thread 8 estimated dimension 2 of 22 : 0.3114987072155356  | time taken : 455.9662685394287
 Thread 3 estimated dimension 4 of 22 : 1  | time taken : 34.08071756362915
 Thread 5 estimated dimension 4 of 22 : 0.4958286515141485  | time taken : 178.70397233963013
 Thread 6 estimated dimension 3 of 22 : 0.9968323366035351  | time taken : 35.09852647781372
 Thread 3 estimated dimension 5 of 22 : 1  | time taken : 29.218021154403687
 Thread 4 estimated dimension 2 of 22 : 0.5617772606474823  | time taken : 251.78076100349426
 Thread 10 estimated dimension 3 of 22 : 0.9901898094009962  | time taken : 52.45611810684204
 Thread 1 estimated dimension 2 of 22 : 0.4581262104229627  | time taken : 183.69491863250732
 Thread 13 estimated dimension 4 of 22 : 0.417027573022956  | time taken : 246.89043021202087
 Thread 3 estimated dimension 6 of 22 : 0.9917968513802121  | time taken : 28.630849361419678
 Thread 6 estimated dimension 4 of 22 : 0.9843206517377354  | time taken : 50.593711614608765
 Thread 8 estimated dimension 3 of 22 : 1  | time taken : 78.42914628982544
 Thread 4 estimated dimension 3 of 22 : 0.9840946139902488  | time taken : 55.13811373710632
 Thread 12 estimated dimension 1 of 22 : 0.37490364133578097  | time taken : 309.4814100265503
 Thread 11 estimated dimension 4 of 22 : 0.4036706823725021  | time taken : 264.96984672546387
 Thread 10 estimated dimension 4 of 22 : 1  | time taken : 48.477203130722046
 Thread 1 estimated dimension 3 of 22 : 1  | time taken : 55.89845395088196
 Thread 6 estimated dimension 5 of 22 : 1  | time taken : 56.282257318496704
 Thread 8 estimated dimension 4 of 22 : 1  | time taken : 49.51751637458801
 Thread 12 estimated dimension 2 of 22 : 0.992681671862516  | time taken : 58.88286733627319
 Thread 4 estimated dimension 4 of 22 : 1  | time taken : 59.66988396644592
 Thread 6 estimated dimension 6 of 22 : 0.9982106118150958  | time taken : 31.035457134246826
 Thread 1 estimated dimension 4 of 22 : 0.9959857948602948  | time taken : 43.87915849685669
 Thread 10 estimated dimension 5 of 22 : 0.9949017198230419  | time taken : 58.169203996658325
 Thread 8 estimated dimension 5 of 22 : 1  | time taken : 35.40851807594299
 Thread 5 estimated dimension 5 of 22 : 0.6793921317099324  | time taken : 174.58380436897278
 Thread 3 estimated dimension 7 of 22 : 0.782412127732195  | time taken : 129.55405449867249
 Thread 10 estimated dimension 6 of 22 : 1  | time taken : 32.37734127044678
 Thread 8 estimated dimension 6 of 22 : 1  | time taken : 28.792975902557373
 Thread 12 estimated dimension 3 of 22 : 1  | time taken : 45.64532780647278
 Thread 7 estimated dimension 4 of 22 : 0.4360659779329331  | time taken : 274.41434812545776
 Thread 4 estimated dimension 5 of 22 : 0.9915195475173316  | time taken : 55.11956000328064
 Thread 1 estimated dimension 5 of 22 : 1  | time taken : 54.47299003601074
 Thread 9 estimated dimension 4 of 22 : 0.46014709771419954  | time taken : 275.93951392173767
 Thread 14 estimated dimension 4 of 22 : 0.4322946030921762  | time taken : 280.26480531692505
 Thread 5 estimated dimension 6 of 22 : 1  | time taken : 62.94293665885925
 Thread 4 estimated dimension 6 of 22 : 0.9979736936256404  | time taken : 37.527926445007324
 Thread 12 estimated dimension 4 of 22 : 0.9923792077022199  | time taken : 58.88945126533508
 Thread 2 estimated dimension 4 of 22 : 0.4674490966054233  | time taken : 273.42447805404663
 Thread 1 estimated dimension 6 of 22 : 1  | time taken : 69.77730560302734
 Thread 5 estimated dimension 7 of 22 : 1  | time taken : 59.77683973312378
 Thread 12 estimated dimension 5 of 22 : 1  | time taken : 60.449270248413086
 Thread 8 estimated dimension 7 of 22 : 0.8178037099946427  | time taken : 133.85833096504211
 Thread 5 estimated dimension 8 of 22 : 1  | time taken : 44.97917652130127
 Thread 12 estimated dimension 6 of 22 : 1  | time taken : 47.767627477645874
 Thread 13 estimated dimension 5 of 22 : 0.3892846620401736  | time taken : 326.640417098999
 Thread 10 estimated dimension 7 of 22 : 0.7038733194157768  | time taken : 218.3092303276062
 Thread 4 estimated dimension 7 of 22 : 0.833675426642803  | time taken : 177.095365524292
 Thread 1 estimated dimension 7 of 22 : 0.701988986459747  | time taken : 151.1918592453003
 Thread 11 estimated dimension 5 of 22 : 0.3321499440448701  | time taken : 420.3521046638489
 Thread 5 estimated dimension 9 of 22 : 0.49079448915690127  | time taken : 184.1909589767456
 Thread 12 estimated dimension 7 of 22 : 0.5244565017812082  | time taken : 167.65535235404968
 Thread 13 estimated dimension 6 of 22 : 0.7570541915161791  | time taken : 167.85169529914856
 Thread 4 estimated dimension 8 of 22 : 0.5958052360849206  | time taken : 150.69200491905212
 Thread 10 estimated dimension 8 of 22 : 0.6345101742596438  | time taken : 179.49960064888
 Thread 13 estimated dimension 7 of 22 : 1  | time taken : 36.63735890388489
 Thread 1 estimated dimension 8 of 22 : 0.6238066293996705  | time taken : 157.94564867019653
 Thread 14 estimated dimension 5 of 22 : 0.3119935091972091  | time taken : 371.70460271835327
 Thread 2 estimated dimension 5 of 22 : 0.3656295643368917  | time taken : 356.99215745925903
 Thread 7 estimated dimension 5 of 22 : 0.3603467268787322  | time taken : 428.5438256263733
 Thread 13 estimated dimension 8 of 22 : 0.9993062961612574  | time taken : 46.89157319068909
 Thread 9 estimated dimension 5 of 22 : 0.36200470689604414  | time taken : 446.78239369392395
 Thread 3 estimated dimension 8 of 22 : 0.2531554535051206  | time taken : 480.66509532928467
 Thread 12 estimated dimension 8 of 22 : 0.5242305503892093  | time taken : 140.26437997817993
 Thread 3 estimated dimension 9 of 22 : 0.9963664994266948  | time taken : 21.13782048225403
 Thread 13 estimated dimension 9 of 22 : 1  | time taken : 64.53865718841553
 Thread 8 estimated dimension 8 of 22 : 0.425152556984393  | time taken : 386.8442096710205
 Thread 3 estimated dimension 10 of 22 : 0.9980644468526372  | time taken : 30.84210968017578
 Thread 7 estimated dimension 6 of 22 : 0.7754310568512467  | time taken : 100.6452260017395
 Thread 1 estimated dimension 9 of 22 : 0.6654560067547572  | time taken : 138.29831719398499
 Thread 14 estimated dimension 6 of 22 : 0.7085397624999308  | time taken : 141.63690733909607
 Thread 5 estimated dimension 10 of 22 : 0.46074177496105617  | time taken : 219.17292857170105
 Thread 14 estimated dimension 7 of 22 : 0.9876880730559414  | time taken : 29.739895343780518
 Thread 7 estimated dimension 7 of 22 : 0.9994137207000552  | time taken : 54.178321838378906
 Thread 8 estimated dimension 9 of 22 : 0.9991710935811553  | time taken : 73.58202886581421
 Thread 7 estimated dimension 8 of 22 : 0.9957115392191002  | time taken : 31.598241090774536exiting with current heads : 14026 out of 14027 | exp rv: 59057.008728634624

 Thread 6 estimated dimension 7 of 22 : 0.2374993299177934  | time taken : 676.3218727111816
 Thread 14 estimated dimension 8 of 22 : 1  | time taken : 49.75411891937256
 Thread 4 estimated dimension 9 of 22 : 0.43853817026679726  | time taken : 262.13247418403625
 Thread 8 estimated dimension 10 of 22 : 0.9961033355849169  | time taken : 75.20494174957275
 Thread 7 estimated dimension 9 of 22 : 0.9987623444112079  | time taken : 45.5494167804718
 Thread 4 estimated dimension 10 of 22 : 0.9993791255919138  | time taken : 30.993168830871582
 Thread 14 estimated dimension 9 of 22 : 0.9869713958700975  | time taken : 48.33584260940552
 Thread 6 estimated dimension 8 of 22 : 0.9982192474323007  | time taken : 50.68577790260315
 Thread 12 estimated dimension 9 of 22 : 0.5462648943019494  | time taken : 232.27027082443237
 Thread 6 estimated dimension 9 of 22 : 0.9961903626304869  | time taken : 36.90521693229675
 Thread 3 estimated dimension 11 of 22 : 0.6134294094327155  | time taken : 203.96883344650269
 Thread 10 estimated dimension 9 of 22 : 0.35878839751085306  | time taken : 339.22440123558044
 Thread 10 estimated dimension 10 of 22 : 0.9981803942213703  | time taken : 20.75621724128723
 Thread 6 estimated dimension 10 of 22 : 0.9986411730162894  | time taken : 39.21016502380371
 Thread 8 estimated dimension 11 of 22 : 0.7092870311855335  | time taken : 118.35194206237793
 Thread 13 estimated dimension 10 of 22 : 0.4347246189907172  | time taken : 314.643189907074
 Thread 1 estimated dimension 10 of 22 : 0.38101709491593344  | time taken : 319.069265127182
 Thread 6 estimated dimension 11 of 22 : 0.8774215641536091  | time taken : 103.69791412353516
 Thread 7 estimated dimension 10 of 22 : 0.6293906139820393  | time taken : 220.09032797813416
 Thread 3 estimated dimension 12 of 22 : 0.6295950568810681  | time taken : 167.91171598434448
 Thread 8 estimated dimension 12 of 22 : 0.6944696341099762  | time taken : 113.01200199127197
 Thread 11 estimated dimension 6 of 22 : 0.22397560022947083  | time taken : 611.3008179664612
 Thread 3 estimated dimension 13 of 22 : 0.9941800858432741  | time taken : 38.23874640464783
 Thread 8 estimated dimension 13 of 22 : 0.9878680868020016  | time taken : 34.16133141517639
 Thread 11 estimated dimension 7 of 22 : 0.985465226911259  | time taken : 22.96155047416687
 Thread 5 estimated dimension 11 of 22 : 0.30351959319517824  | time taken : 403.0140299797058
 Thread 2 estimated dimension 6 of 22 : 0.22194709524084968  | time taken : 544.3827977180481
 Thread 6 estimated dimension 12 of 22 : 0.750067487215216  | time taken : 103.86037111282349
 Thread 8 estimated dimension 14 of 22 : 1  | time taken : 35.58157181739807
 Thread 3 estimated dimension 14 of 22 : 1  | time taken : 35.722936153411865
 Thread 13 estimated dimension 11 of 22 : 0.6282380772556005  | time taken : 172.60439586639404
 Thread 7 estimated dimension 11 of 22 : 0.7395413038985177  | time taken : 108.31454539299011
 Thread 11 estimated dimension 8 of 22 : 0.9993983706679233  | time taken : 58.40656614303589
 Thread 2 estimated dimension 7 of 22 : 0.996258461985475  | time taken : 44.60605025291443
 Thread 14 estimated dimension 10 of 22 : 0.5065123264754424  | time taken : 344.05358123779297
 Thread 4 estimated dimension 11 of 22 : 0.4510822072601856  | time taken : 370.00175380706787
 Thread 12 estimated dimension 10 of 22 : 0.38940905758427696  | time taken : 331.83915185928345
 Thread 2 estimated dimension 8 of 22 : 1  | time taken : 43.27166390419006
 Thread 10 estimated dimension 11 of 22 : 0.6101236136847492  | time taken : 316.47487354278564
 Thread 11 estimated dimension 9 of 22 : 1  | time taken : 70.62907719612122
 Thread 2 estimated dimension 9 of 22 : 0.976282362167555  | time taken : 52.73216128349304
 Thread 6 estimated dimension 13 of 22 : 0.6868215892676397  | time taken : 139.65290999412537
 Thread 7 estimated dimension 12 of 22 : 0.774378340437676  | time taken : 108.71811556816101
 Thread 11 estimated dimension 10 of 22 : 0.9973386463740566  | time taken : 39.57760810852051
 Thread 3 estimated dimension 15 of 22 : 0.7195157398201575  | time taken : 136.80275630950928
 Thread 8 estimated dimension 15 of 22 : 0.6733919317314236  | time taken : 144.1619131565094exiting with current heads : 14027 out of 14027 | exp rv: 57753.480968781114

 Thread 9 estimated dimension 6 of 22 : 0.24285982013070023  | time taken : 684.4242293834686
 Thread 13 estimated dimension 12 of 22 : 0.7300711268934984  | time taken : 157.03257155418396
 Thread 2 estimated dimension 10 of 22 : 1  | time taken : 48.22966384887695
 Thread 7 estimated dimension 13 of 22 : 1  | time taken : 72.73476386070251
 Thread 13 estimated dimension 13 of 22 : 0.9949572356062899  | time taken : 49.330893993377686
 Thread 9 estimated dimension 7 of 22 : 1  | time taken : 77.44008135795593
 Thread 8 estimated dimension 16 of 22 : 0.8316024523225276  | time taken : 116.41875123977661
 Thread 13 estimated dimension 14 of 22 : 1  | time taken : 40.45059871673584
 Thread 9 estimated dimension 8 of 22 : 1  | time taken : 31.187288999557495
 Thread 6 estimated dimension 14 of 22 : 0.7383311846722137  | time taken : 143.1068606376648
 Thread 7 estimated dimension 14 of 22 : 0.9981412129128956  | time taken : 67.84289050102234
 Thread 4 estimated dimension 12 of 22 : 0.5116692293405259  | time taken : 219.36717438697815
 Thread 3 estimated dimension 16 of 22 : 0.7960620182452096  | time taken : 152.44824647903442
 Thread 9 estimated dimension 9 of 22 : 1  | time taken : 21.94208312034607
 Thread 7 estimated dimension 15 of 22 : 0.996746942674662  | time taken : 36.96374249458313
 Thread 4 estimated dimension 13 of 22 : 1  | time taken : 42.119850397109985
 Thread 13 estimated dimension 15 of 22 : 1  | time taken : 60.3866765499115
 Thread 9 estimated dimension 10 of 22 : 1  | time taken : 42.23530411720276
 Thread 4 estimated dimension 14 of 22 : 1  | time taken : 15.828946828842163
 Thread 7 estimated dimension 16 of 22 : 0.9948986896574451  | time taken : 38.84931182861328
 Thread 10 estimated dimension 12 of 22 : 0.4882725400519481  | time taken : 269.91572761535645
 Thread 4 estimated dimension 15 of 22 : 0.9919363431270021  | time taken : 16.436464309692383
 Thread 5 estimated dimension 12 of 22 : 0.38722744928499675  | time taken : 393.8637664318085
 Thread 13 estimated dimension 16 of 22 : 1  | time taken : 36.2872519493103
 Thread 10 estimated dimension 13 of 22 : 1  | time taken : 21.82263994216919
 Thread 7 estimated dimension 17 of 22 : 1  | time taken : 40.26660656929016
 Thread 11 estimated dimension 11 of 22 : 0.5848873807892416  | time taken : 267.46611189842224
 Thread 5 estimated dimension 13 of 22 : 0.9989681658786778  | time taken : 34.16795253753662
 Thread 4 estimated dimension 16 of 22 : 0.9918147478532179  | time taken : 35.91571927070618
 Thread 14 estimated dimension 11 of 22 : 0.3714649238491906  | time taken : 372.3204641342163
 Thread 6 estimated dimension 15 of 22 : 0.8016073962762795  | time taken : 147.57760572433472
 Thread 8 estimated dimension 17 of 22 : 0.7759485871132102  | time taken : 165.5209321975708
 Thread 13 estimated dimension 17 of 22 : 1  | time taken : 58.81443119049072
 Thread 10 estimated dimension 14 of 22 : 1  | time taken : 56.691253900527954
 Thread 5 estimated dimension 14 of 22 : 1  | time taken : 37.086631059646606
 Thread 13 estimated dimension 18 of 22 : 0.9920697159091274  | time taken : 27.912447214126587
 Thread 7 estimated dimension 18 of 22 : 0.9909095059496817  | time taken : 63.391847372055054
 Thread 10 estimated dimension 15 of 22 : 0.9942807976967971  | time taken : 30.65836238861084
 Thread 2 estimated dimension 11 of 22 : 0.37050719700633855  | time taken : 325.4053108692169
 Thread 3 estimated dimension 17 of 22 : 0.7468576988878897  | time taken : 229.87998056411743
 Thread 10 estimated dimension 16 of 22 : 1  | time taken : 53.06183195114136
 Thread 5 estimated dimension 15 of 22 : 1  | time taken : 93.28232526779175
 Thread 8 estimated dimension 18 of 22 : 0.7431482144081664  | time taken : 125.04125142097473
 Thread 6 estimated dimension 16 of 22 : 0.8365698430708575  | time taken : 132.97027134895325
 Thread 4 estimated dimension 17 of 22 : 0.6048805011582424  | time taken : 166.4859709739685exiting with current heads : 14022 out of 14027 | exp rv: 67482.66137059123

 Thread 1 estimated dimension 11 of 22 : 0.20784598169556623  | time taken : 714.4574728012085
 Thread 5 estimated dimension 16 of 22 : 1  | time taken : 46.55466294288635
 Thread 11 estimated dimension 12 of 22 : 0.6905587562711626  | time taken : 236.22251629829407
 Thread 3 estimated dimension 18 of 22 : 0.7122537855341725  | time taken : 132.17689204216003
 Thread 5 estimated dimension 17 of 22 : 1  | time taken : 66.06747841835022
 Thread 13 estimated dimension 19 of 22 : 0.6014229905804814  | time taken : 204.4544382095337
 Thread 7 estimated dimension 19 of 22 : 0.6408265718307355  | time taken : 220.10605931282043
 Thread 5 estimated dimension 18 of 22 : 0.995571274991019  | time taken : 31.94837737083435
 Thread 10 estimated dimension 17 of 22 : 0.7103878897234112  | time taken : 169.17697525024414
 Thread 11 estimated dimension 13 of 22 : 1  | time taken : 61.40226602554321
 Thread 9 estimated dimension 11 of 22 : 0.47393692059345255  | time taken : 381.14589500427246
 Thread 2 estimated dimension 12 of 22 : 0.6131521175995689  | time taken : 212.7800271511078
 Thread 6 estimated dimension 17 of 22 : 0.7741251294745376  | time taken : 157.34564471244812
 Thread 4 estimated dimension 18 of 22 : 0.7317034433431797  | time taken : 176.12243914604187
 Thread 5 estimated dimension 19 of 22 : 0.9965807478935522  | time taken : 55.097363233566284
 Thread 14 estimated dimension 12 of 22 : 0.4928712825998867  | time taken : 343.82905626296997
 Thread 8 estimated dimension 19 of 22 : 0.6781934884876921  | time taken : 201.25674653053284
 Thread 1 estimated dimension 12 of 22 : 0.7078437815798185  | time taken : 182.9360318183899
 Thread 11 estimated dimension 14 of 22 : 1  | time taken : 72.28183054924011exiting with current heads : 14027 out of 14027 | exp rv: 83273.78241501868

 Thread 12 estimated dimension 11 of 22 : 0.168432363623132  | time taken : 743.3735625743866
 Thread 14 estimated dimension 13 of 22 : 1  | time taken : 51.34149765968323
 Thread 2 estimated dimension 13 of 22 : 1  | time taken : 95.13926482200623
 Thread 5 estimated dimension 20 of 22 : 0.9948796899909249  | time taken : 66.88137245178223
 Thread 1 estimated dimension 13 of 22 : 0.9919474708684187  | time taken : 68.32995700836182
 Thread 10 estimated dimension 18 of 22 : 0.7536801374756451  | time taken : 133.92898416519165
 Thread 11 estimated dimension 15 of 22 : 1  | time taken : 93.54837942123413
 Thread 14 estimated dimension 14 of 22 : 1  | time taken : 64.13859939575195
 Thread 13 estimated dimension 20 of 22 : 0.6662775712429234  | time taken : 220.49003744125366
 Thread 7 estimated dimension 20 of 22 : 0.6429066973200412  | time taken : 195.82579064369202
 Thread 2 estimated dimension 14 of 22 : 1  | time taken : 80.97540473937988
 Thread 6 estimated dimension 18 of 22 : 0.7524392096352941  | time taken : 188.95124340057373
 Thread 3 estimated dimension 19 of 22 : 0.5231530497030711  | time taken : 253.85215067863464
 Thread 14 estimated dimension 15 of 22 : 1  | time taken : 68.27525043487549
 Thread 11 estimated dimension 16 of 22 : 1  | time taken : 96.06667876243591
 Thread 8 estimated dimension 20 of 22 : 0.7318614041959096  | time taken : 215.94521975517273
 Thread 1 estimated dimension 14 of 22 : 0.7913595080006787  | time taken : 143.3151569366455
 Thread 2 estimated dimension 15 of 22 : 0.9961873290153282  | time taken : 84.16679453849792
 Thread 14 estimated dimension 16 of 22 : 0.9979727290049187  | time taken : 66.4986515045166
 Thread 4 estimated dimension 19 of 22 : 0.4371757383813997  | time taken : 282.3760757446289
 Thread 1 estimated dimension 15 of 22 : 1  | time taken : 54.2096586227417
 Thread 11 estimated dimension 17 of 22 : 1  | time taken : 66.57415175437927
 Thread 2 estimated dimension 16 of 22 : 1  | time taken : 59.414265155792236
 Thread 10 estimated dimension 19 of 22 : 0.5132792144731921  | time taken : 218.24195194244385
 Thread 14 estimated dimension 17 of 22 : 0.9777057007214326  | time taken : 69.50691938400269
 Thread 3 estimated dimension 20 of 22 : 0.6902150237357797  | time taken : 191.2560636997223
 Thread 11 estimated dimension 18 of 22 : 1  | time taken : 74.96107077598572
 Thread 6 estimated dimension 19 of 22 : 0.6162754172460645  | time taken : 214.3464114665985
 Thread 2 estimated dimension 17 of 22 : 0.9943074970965385  | time taken : 74.63670444488525
 Thread 11 estimated dimension 19 of 22 : 0.9951276658601542  | time taken : 40.44633960723877
 Thread 14 estimated dimension 18 of 22 : 1  | time taken : 89.50383424758911
 Thread 5 estimated dimension 21 of 22 : 0.47266412396562013  | time taken : 364.8531196117401
 Thread 5 nsolns: 461727
 Thread 2 estimated dimension 18 of 22 : 1  | time taken : 64.67779779434204
 Thread 9 estimated dimension 12 of 22 : 0.3544053994092065  | time taken : 481.4343605041504
 Thread 13 estimated dimension 21 of 22 : 0.4920532838477118  | time taken : 311.82294178009033
 Thread 13 nsolns: 449380
 Thread 1 estimated dimension 16 of 22 : 0.7531140781327015  | time taken : 167.95507526397705
 Thread 4 estimated dimension 20 of 22 : 0.606734433928484  | time taken : 194.4945833683014
 Thread 7 estimated dimension 21 of 22 : 0.525353816534406  | time taken : 345.6747786998749
 Thread 2 estimated dimension 19 of 22 : 1  | time taken : 40.78133797645569
 Thread 7 nsolns: 435085
 Thread 10 estimated dimension 20 of 22 : 0.67395211978211  | time taken : 184.4067006111145
 Thread 11 estimated dimension 20 of 22 : 0.9896017479332503  | time taken : 84.33210468292236
 Thread 8 estimated dimension 21 of 22 : 0.5098448249169032  | time taken : 290.71910429000854
 Thread 8 nsolns: 431210
 Thread 14 estimated dimension 19 of 22 : 1  | time taken : 92.23665070533752
 Thread 1 estimated dimension 17 of 22 : 1  | time taken : 74.63896918296814
 Thread 9 estimated dimension 13 of 22 : 1  | time taken : 101.07061290740967
 Thread 6 estimated dimension 20 of 22 : 0.6695044613361701  | time taken : 179.3840365409851
 Thread 2 estimated dimension 20 of 22 : 1  | time taken : 107.55031275749207
 Thread 14 estimated dimension 20 of 22 : 0.9967209559322415  | time taken : 96.8929386138916
 Thread 12 estimated dimension 12 of 22 : 0.285727110857884  | time taken : 603.6730198860168
 Thread 9 estimated dimension 14 of 22 : 0.9842061714783966  | time taken : 120.44287514686584
 Thread 5 estimated dimension 0 of 22 : 0.5576328984073113  | time taken : 250.56821608543396
 Thread 12 estimated dimension 13 of 22 : 1  | time taken : 38.000211000442505
 Thread 8 estimated dimension 0 of 22 : 0.650105783460188  | time taken : 183.53222942352295
 Thread 3 estimated dimension 21 of 22 : 0.4780043093500432  | time taken : 376.6787383556366
 Thread 3 nsolns: 456580
 Thread 12 estimated dimension 14 of 22 : 1  | time taken : 42.78587532043457
 Thread 1 estimated dimension 18 of 22 : 0.6961208984313985  | time taken : 227.51977276802063
 Thread 9 estimated dimension 15 of 22 : 0.9912662251473359  | time taken : 103.94549584388733
 Thread 12 estimated dimension 15 of 22 : 1  | time taken : 68.66029858589172
 Thread 1 estimated dimension 19 of 22 : 0.9908654683331276  | time taken : 49.345797538757324
 Thread 9 estimated dimension 16 of 22 : 0.9897550715723122  | time taken : 55.6151180267334
 Thread 5 estimated dimension 1 of 22 : 0.6677637222672183  | time taken : 165.0430784225464
 Thread 4 estimated dimension 21 of 22 : 0.5454095362990659  | time taken : 380.01481556892395
 Thread 4 nsolns: 477287
 Thread 12 estimated dimension 16 of 22 : 0.9989054218644409  | time taken : 65.78099226951599
 Thread 3 estimated dimension 0 of 22 : 0.7396582661817146  | time taken : 158.72052001953125
 Thread 11 estimated dimension 21 of 22 : 0.4763558457645044  | time taken : 397.97712230682373
 Thread 11 nsolns: 465534
 Thread 10 estimated dimension 21 of 22 : 0.488237569031557  | time taken : 427.2546498775482
 Thread 12 estimated dimension 17 of 22 : 1  | time taken : 37.17891812324524
 Thread 10 nsolns: 460735
 Thread 9 estimated dimension 17 of 22 : 0.9931986831861155  | time taken : 82.8802878856659
 Thread 8 estimated dimension 1 of 22 : 0.6399452261973974  | time taken : 229.76208686828613
 Thread 6 estimated dimension 21 of 22 : 0.4886410730891389  | time taken : 395.01106357574463
 Thread 6 nsolns: 453905
 Thread 2 estimated dimension 21 of 22 : 0.4995587257647227  | time taken : 372.6095974445343
 Thread 2 nsolns: 481806
 Thread 12 estimated dimension 18 of 22 : 0.9952097375939457  | time taken : 57.29087424278259
 Thread 7 estimated dimension 0 of 22 : 0.32012594445112114  | time taken : 518.2678070068359
 Thread 13 estimated dimension 0 of 22 : 0.2941033753900177  | time taken : 556.0080211162567
 Thread 12 estimated dimension 19 of 22 : 0.9882030523368062  | time taken : 27.83268976211548
 Thread 14 estimated dimension 21 of 22 : 0.4897770147072109  | time taken : 418.45829939842224
 Thread 14 nsolns: 471425
 Thread 9 estimated dimension 18 of 22 : 0.9987040681572159  | time taken : 114.70769953727722
 Thread 11 estimated dimension 0 of 22 : 0.5629954721985246  | time taken : 161.15425825119019
 Thread 12 estimated dimension 20 of 22 : 0.9957289534336164  | time taken : 57.80775332450867
 Thread 6 estimated dimension 0 of 22 : 0.7595775713705214  | time taken : 123.49886345863342
 Thread 10 estimated dimension 0 of 22 : 0.6160923360095812  | time taken : 168.96859645843506
 Thread 1 estimated dimension 20 of 22 : 0.5361739272690932  | time taken : 297.67836117744446
 Thread 9 estimated dimension 19 of 22 : 1  | time taken : 66.12887144088745
 Thread 2 estimated dimension 0 of 22 : 0.7303644886758713  | time taken : 139.01488733291626
 Thread 4 estimated dimension 0 of 22 : 0.6727513180539593  | time taken : 259.8228316307068
 Thread 9 estimated dimension 20 of 22 : 0.9997123292435642  | time taken : 63.30466938018799
 Thread 1 estimated dimension 21 of 22 : 1  | time taken : 106.9457368850708
 Thread 1 nsolns: 495337
 Thread 9 estimated dimension 21 of 22 : 1  | time taken : 87.0724663734436
 Thread 9 nsolns: 473672
 Thread 11 estimated dimension 1 of 22 : 0.6703154290940371  | time taken : 214.47835326194763
 Thread 3 estimated dimension 1 of 22 : 0.39767955265113836  | time taken : 438.7815742492676
 Thread 10 estimated dimension 1 of 22 : 0.6741682507444624  | time taken : 245.77896237373352
 Thread 13 estimated dimension 1 of 22 : 0.3854576237254959  | time taken : 346.15939950942993
 Thread 3 estimated dimension 2 of 22 : 1  | time taken : 42.99725842475891
 Thread 1 estimated dimension 0 of 22 : 0.6983960686303144  | time taken : 163.00556874275208
 Thread 7 estimated dimension 1 of 22 : 0.42078138100631746  | time taken : 387.3109414577484
 Thread 2 estimated dimension 1 of 22 : 0.524523610442375  | time taken : 286.2589645385742
 Thread 7 estimated dimension 2 of 22 : 0.9923370199476587  | time taken : 20.690876483917236
 Thread 13 estimated dimension 2 of 22 : 0.999757559264754  | time taken : 60.126832723617554
 Thread 9 estimated dimension 0 of 22 : 0.7371638080807027  | time taken : 179.24458289146423
 Thread 13 estimated dimension 3 of 22 : 1  | time taken : 42.16699981689453
 Thread 7 estimated dimension 3 of 22 : 0.9933984244451738  | time taken : 43.453091859817505
 Thread 12 estimated dimension 21 of 22 : 0.5572434100718446  | time taken : 394.8871388435364
 Thread 4 estimated dimension 1 of 22 : 0.3644421255659237  | time taken : 348.52087450027466
 Thread 12 nsolns: 545449
 Thread 7 estimated dimension 4 of 22 : 1  | time taken : 24.2799015045166
 Thread 13 estimated dimension 4 of 22 : 0.9950746903724738  | time taken : 28.273315906524658
 Thread 6 estimated dimension 1 of 22 : 0.33866512541094734  | time taken : 428.16498136520386
 Thread 8 estimated dimension 2 of 22 : 0.3152542334856459  | time taken : 584.8283982276917
 Thread 5 estimated dimension 2 of 22 : 0.2855424641946188  | time taken : 668.3598403930664
 Thread 4 estimated dimension 2 of 22 : 0.9912371630180604  | time taken : 48.30950307846069
 Thread 13 estimated dimension 5 of 22 : 1  | time taken : 38.30222678184509
 Thread 7 estimated dimension 5 of 22 : 0.9875884363517442  | time taken : 42.439329385757446
 Thread 10 estimated dimension 2 of 22 : 0.6976902985111836  | time taken : 202.75499868392944
 Thread 1 estimated dimension 1 of 22 : 0.7033705107295254  | time taken : 156.55511116981506
 Thread 5 estimated dimension 3 of 22 : 0.9995568996263087  | time taken : 32.173794984817505
 Thread 6 estimated dimension 2 of 22 : 1  | time taken : 49.36783528327942
 Thread 2 estimated dimension 2 of 22 : 0.6316674467971737  | time taken : 158.95476365089417
 Thread 8 estimated dimension 3 of 22 : 1  | time taken : 54.62840914726257
 Thread 13 estimated dimension 6 of 22 : 1  | time taken : 49.838613748550415
 Thread 5 estimated dimension 4 of 22 : 0.999173137924143  | time taken : 32.736902713775635
 Thread 7 estimated dimension 6 of 22 : 0.9982413619324512  | time taken : 57.62105441093445
 Thread 14 estimated dimension 0 of 22 : 0.3437107580029667  | time taken : 566.6438066959381
 Thread 8 estimated dimension 4 of 22 : 1  | time taken : 70.80076122283936
 Thread 5 estimated dimension 5 of 22 : 1  | time taken : 64.09739923477173
 Thread 8 estimated dimension 5 of 22 : 0.9894671566384713  | time taken : 21.67467188835144
 Thread 5 estimated dimension 6 of 22 : 0.9932284699131544  | time taken : 39.28978729248047
 Thread 8 estimated dimension 6 of 22 : 0.9935352565285376  | time taken : 26.391849756240845
 Thread 9 estimated dimension 1 of 22 : 0.5640268314571426  | time taken : 259.9438285827637
 Thread 3 estimated dimension 3 of 22 : 0.5584438688124747  | time taken : 342.58277201652527
 Thread 3 estimated dimension 4 of 22 : 0.999691588827208  | time taken : 38.49563145637512
 Thread 1 estimated dimension 2 of 22 : 0.6519139315388124  | time taken : 214.41049551963806
 Thread 7 estimated dimension 7 of 22 : 0.6981533910574376  | time taken : 188.81978726387024
 Thread 3 estimated dimension 5 of 22 : 0.9950318022006268  | time taken : 34.93812870979309
 Thread 6 estimated dimension 3 of 22 : 0.49900448565398864  | time taken : 256.41523599624634
 Thread 4 estimated dimension 3 of 22 : 0.5433614403779878  | time taken : 293.50132608413696
 Thread 3 estimated dimension 6 of 22 : 0.998382844890882  | time taken : 30.496299266815186
 Thread 5 estimated dimension 7 of 22 : 0.718320480313147  | time taken : 132.3809130191803
 Thread 2 estimated dimension 3 of 22 : 0.5454679249030792  | time taken : 311.0985891819
 Thread 9 estimated dimension 2 of 22 : 0.6943927614614563  | time taken : 176.69676995277405
 Thread 10 estimated dimension 3 of 22 : 0.458309864460399  | time taken : 403.5674669742584
 Thread 12 estimated dimension 0 of 22 : 0.31186590816618365  | time taken : 485.3679368495941
 Thread 11 estimated dimension 2 of 22 : 0.33782860775635604  | time taken : 687.4037439823151
 Thread 10 estimated dimension 4 of 22 : 1  | time taken : 20.361341953277588
 Thread 5 estimated dimension 8 of 22 : 0.667676922259404  | time taken : 133.26907801628113
 Thread 7 estimated dimension 8 of 22 : 0.8014507242707709  | time taken : 187.97911739349365
 Thread 14 estimated dimension 1 of 22 : 0.32418162507140547  | time taken : 375.8333215713501
 Thread 10 estimated dimension 5 of 22 : 0.9988880472565886  | time taken : 36.72267150878906
 Thread 1 estimated dimension 3 of 22 : 0.5085868361683026  | time taken : 263.8642883300781
 Thread 11 estimated dimension 3 of 22 : 0.9938163609350438  | time taken : 63.87962746620178
 Thread 14 estimated dimension 2 of 22 : 0.9951627717430949  | time taken : 67.41768050193787
 Thread 10 estimated dimension 6 of 22 : 0.994696153744755  | time taken : 39.314064264297485
 Thread 11 estimated dimension 4 of 22 : 1  | time taken : 22.98524045944214
 Thread 13 estimated dimension 7 of 22 : 0.29812492356662634  | time taken : 496.51831007003784
 Thread 11 estimated dimension 5 of 22 : 0.9929869349008509  | time taken : 37.08210802078247
 Thread 4 estimated dimension 4 of 22 : 0.42833523464631323  | time taken : 278.6576874256134
 Thread 14 estimated dimension 3 of 22 : 0.9852264282156484  | time taken : 55.67631554603577
 Thread 13 estimated dimension 8 of 22 : 0.9975722905812296  | time taken : 42.295143365859985
 Thread 9 estimated dimension 3 of 22 : 0.49670335109901187  | time taken : 244.03229212760925
 Thread 6 estimated dimension 4 of 22 : 0.42781509534716244  | time taken : 322.0421621799469
 Thread 11 estimated dimension 6 of 22 : 0.9990393494283368  | time taken : 43.08892273902893
 Thread 14 estimated dimension 4 of 22 : 0.9776780173362469  | time taken : 35.99822783470154
 Thread 2 estimated dimension 4 of 22 : 0.5732728952598596  | time taken : 274.5073330402374
 Thread 13 estimated dimension 9 of 22 : 0.9931559023392662  | time taken : 23.096952438354492
 Thread 7 estimated dimension 9 of 22 : 0.637194435830971  | time taken : 189.7338306903839
 Thread 13 estimated dimension 10 of 22 : 1  | time taken : 33.62468671798706
 Thread 10 estimated dimension 7 of 22 : 0.8082638663880958  | time taken : 144.64980745315552
 Thread 2 estimated dimension 5 of 22 : 0.9888408892723481  | time taken : 47.6295850276947
 Thread 14 estimated dimension 5 of 22 : 1  | time taken : 49.67372417449951
 Thread 5 estimated dimension 9 of 22 : 0.5905621429312837  | time taken : 248.42966508865356
 Thread 2 estimated dimension 6 of 22 : 1  | time taken : 45.65020132064819
 Thread 14 estimated dimension 6 of 22 : 0.9967713516755867  | time taken : 48.90287208557129
 Thread 2 estimated dimension 7 of 22 : 1  | time taken : 38.17993450164795
 Thread 13 estimated dimension 11 of 22 : 0.8211895143192676  | time taken : 109.92058372497559
 Thread 12 estimated dimension 1 of 22 : 0.44426288476830095  | time taken : 358.4705581665039
 Thread 11 estimated dimension 7 of 22 : 0.6359634262391847  | time taken : 191.0576651096344
 Thread 12 estimated dimension 2 of 22 : 1  | time taken : 19.927526235580444
 Thread 1 estimated dimension 4 of 22 : 0.42563606482402466  | time taken : 333.53218698501587
 Thread 14 estimated dimension 7 of 22 : 0.804684921279816  | time taken : 112.11502838134766
 Thread 12 estimated dimension 3 of 22 : 0.9971111615004212  | time taken : 33.62257146835327
 Thread 8 estimated dimension 7 of 22 : 0.2543835176103471  | time taken : 683.0632627010345
 Thread 10 estimated dimension 8 of 22 : 0.5286801708152036  | time taken : 190.76721143722534
 Thread 9 estimated dimension 4 of 22 : 0.47514851547476944  | time taken : 255.86304712295532
 Thread 8 estimated dimension 8 of 22 : 1  | time taken : 19.10089087486267
 Thread 13 estimated dimension 12 of 22 : 0.8508103190682178  | time taken : 103.53416323661804
 Thread 12 estimated dimension 4 of 22 : 0.9951030310887949  | time taken : 42.82224106788635
 Thread 2 estimated dimension 8 of 22 : 0.7921078018216479  | time taken : 142.78471755981445
 Thread 9 estimated dimension 5 of 22 : 0.9954540194597428  | time taken : 44.51829123497009
 Thread 8 estimated dimension 9 of 22 : 0.9994429404703756  | time taken : 33.043004751205444
 Thread 7 estimated dimension 10 of 22 : 0.6401874386501271  | time taken : 280.0419828891754
 Thread 12 estimated dimension 5 of 22 : 1  | time taken : 47.47272324562073
 Thread 3 estimated dimension 7 of 22 : 0.22806926399152155  | time taken : 651.0199038982391
 Thread 9 estimated dimension 6 of 22 : 0.9928343702534418  | time taken : 37.154797077178955
 Thread 4 estimated dimension 5 of 22 : 0.320289847891809  | time taken : 380.53467202186584
 Thread 8 estimated dimension 10 of 22 : 1  | time taken : 48.30003643035889
 Thread 11 estimated dimension 8 of 22 : 0.6135045382023661  | time taken : 165.19802451133728
 Thread 5 estimated dimension 10 of 22 : 0.49550925087923364  | time taken : 281.0531051158905
 Thread 12 estimated dimension 6 of 22 : 0.9949799681011162  | time taken : 36.92506647109985
 Thread 3 estimated dimension 8 of 22 : 0.997849209622577  | time taken : 48.50283670425415
 Thread 9 estimated dimension 7 of 22 : 0.9959490115986155  | time taken : 46.45940327644348
 Thread 1 estimated dimension 5 of 22 : 0.6456947732298537  | time taken : 166.5662567615509
 Thread 13 estimated dimension 13 of 22 : 0.819944604222863  | time taken : 116.89960193634033
 Thread 14 estimated dimension 8 of 22 : 0.7320197186467815  | time taken : 175.3837649822235
 Thread 6 estimated dimension 5 of 22 : 0.4091560493030647  | time taken : 406.9393467903137
 Thread 3 estimated dimension 9 of 22 : 0.997939881708572  | time taken : 36.169883251190186
 Thread 1 estimated dimension 6 of 22 : 1  | time taken : 60.44304585456848
 Thread 8 estimated dimension 11 of 22 : 0.8672561864657212  | time taken : 112.36207509040833
 Thread 3 estimated dimension 10 of 22 : 0.9990357064094322  | time taken : 44.84043884277344
 Thread 2 estimated dimension 9 of 22 : 0.6782887659252561  | time taken : 201.07069540023804
 Thread 4 estimated dimension 6 of 22 : 0.7392614960700952  | time taken : 167.28708696365356
 Thread 1 estimated dimension 7 of 22 : 0.9710236807419429  | time taken : 59.541558265686035
 Thread 13 estimated dimension 14 of 22 : 0.831566342651669  | time taken : 136.01012873649597
 Thread 12 estimated dimension 7 of 22 : 0.8421929870993896  | time taken : 152.90447854995728
 Thread 11 estimated dimension 9 of 22 : 0.4902591699862343  | time taken : 169.7086021900177
 Thread 10 estimated dimension 9 of 22 : 0.5284950597077535  | time taken : 291.9660632610321
 Thread 4 estimated dimension 7 of 22 : 0.9869668215489452  | time taken : 42.54877781867981
 Thread 1 estimated dimension 8 of 22 : 0.9921859000980783  | time taken : 52.98783493041992
 Thread 6 estimated dimension 6 of 22 : 0.7686813826762711  | time taken : 177.47767210006714
 Thread 10 estimated dimension 10 of 22 : 0.9961830242231635  | time taken : 43.004600286483765
 Thread 4 estimated dimension 8 of 22 : 0.988249362196919  | time taken : 35.23671913146973
 Thread 3 estimated dimension 11 of 22 : 0.8577092284694275  | time taken : 120.1314742565155
 Thread 8 estimated dimension 12 of 22 : 0.751123408464939  | time taken : 142.2783558368683
 Thread 6 estimated dimension 7 of 22 : 0.9954768924304793  | time taken : 43.451037645339966
 Thread 4 estimated dimension 9 of 22 : 1  | time taken : 43.90101909637451
 Thread 14 estimated dimension 9 of 22 : 0.482500503582264  | time taken : 237.98827505111694
 Thread 6 estimated dimension 8 of 22 : 0.9874170230183943  | time taken : 35.807862520217896
 Thread 6 estimated dimension 9 of 22 : 0.994750794511332  | time taken : 18.742366313934326
 Thread 3 estimated dimension 12 of 22 : 0.8981145515212279  | time taken : 102.6979615688324
 Thread 13 estimated dimension 15 of 22 : 0.7735241358871892  | time taken : 179.98040103912354
 Thread 7 estimated dimension 11 of 22 : 0.3659723525217906  | time taken : 401.050377368927
 Thread 8 estimated dimension 13 of 22 : 0.8266971130736658  | time taken : 130.37502527236938
 Thread 1 estimated dimension 9 of 22 : 0.5457367524660917  | time taken : 182.4882025718689
 Thread 12 estimated dimension 8 of 22 : 0.6263456141197233  | time taken : 223.29667019844055
 Thread 11 estimated dimension 10 of 22 : 0.7522451201920273  | time taken : 241.9297525882721
 Thread 4 estimated dimension 10 of 22 : 0.5299824451011378  | time taken : 156.19680309295654
 Thread 9 estimated dimension 8 of 22 : 0.3264914974015771  | time taken : 418.30854845046997
 Thread 2 estimated dimension 10 of 22 : 0.35905419907985  | time taken : 312.9593856334686
 Thread 13 estimated dimension 16 of 22 : 0.7837911969272505  | time taken : 99.872967004776
 Thread 3 estimated dimension 13 of 22 : 0.8303061796209299  | time taken : 106.82087278366089
 Thread 9 estimated dimension 9 of 22 : 1  | time taken : 48.266852617263794
 Thread 10 estimated dimension 11 of 22 : 0.4646614160099647  | time taken : 274.4407916069031
 Thread 8 estimated dimension 14 of 22 : 0.7504374110832633  | time taken : 117.96457099914551
 Thread 9 estimated dimension 10 of 22 : 0.9968246192318341  | time taken : 31.49227499961853
 Thread 14 estimated dimension 10 of 22 : 0.5100044864658965  | time taken : 253.80035138130188
 Thread 12 estimated dimension 9 of 22 : 0.5871583966478424  | time taken : 165.0009264945984
 Thread 3 estimated dimension 14 of 22 : 0.8358173910931402  | time taken : 113.42224311828613
 Thread 1 estimated dimension 10 of 22 : 0.6926490120171392  | time taken : 191.81615209579468
 Thread 13 estimated dimension 17 of 22 : 0.6518099146025467  | time taken : 143.1491937637329
 Thread 4 estimated dimension 11 of 22 : 0.6632956373924983  | time taken : 158.1666066646576
 Thread 7 estimated dimension 12 of 22 : 0.3988326327698736  | time taken : 264.89586567878723
 Thread 8 estimated dimension 15 of 22 : 0.7444010806699508  | time taken : 112.44083642959595
 Thread 9 estimated dimension 11 of 22 : 0.7767413169367756  | time taken : 87.9080719947815exiting with current heads : 14025 out of 14027 | exp rv: 65145.08796636379

 Thread 5 estimated dimension 11 of 22 : 0.21530403040121784  | time taken : 629.6024599075317
 Thread 6 estimated dimension 10 of 22 : 0.3706190374415236  | time taken : 300.89817476272583
 Thread 10 estimated dimension 12 of 22 : 0.5437529559892019  | time taken : 152.99896931648254
 Thread 7 estimated dimension 13 of 22 : 0.9901940418703675  | time taken : 43.222479581832886
 Thread 3 estimated dimension 15 of 22 : 0.775796746253781  | time taken : 94.17492771148682
 Thread 10 estimated dimension 13 of 22 : 1  | time taken : 28.982771396636963
 Thread 13 estimated dimension 18 of 22 : 0.7581632795149655  | time taken : 93.50918412208557
 Thread 7 estimated dimension 14 of 22 : 0.9897992930018552  | time taken : 35.79469561576843
 Thread 9 estimated dimension 12 of 22 : 0.8068954678267871  | time taken : 84.67301201820374
 Thread 4 estimated dimension 12 of 22 : 0.7172333020260816  | time taken : 129.27601075172424
 Thread 10 estimated dimension 14 of 22 : 0.9939704684672378  | time taken : 39.088501930236816
 Thread 11 estimated dimension 11 of 22 : 0.3388910264827729  | time taken : 315.9770727157593
 Thread 9 estimated dimension 13 of 22 : 1  | time taken : 27.527491331100464
 Thread 1 estimated dimension 11 of 22 : 0.6461138442600693  | time taken : 152.74008893966675
 Thread 7 estimated dimension 15 of 22 : 0.9983523514419034  | time taken : 47.246262073516846
 Thread 8 estimated dimension 16 of 22 : 0.7806402633732664  | time taken : 127.79021692276001
 Thread 3 estimated dimension 16 of 22 : 0.7945026652376501  | time taken : 83.96617674827576
 Thread 10 estimated dimension 15 of 22 : 1  | time taken : 21.011361122131348
 Thread 4 estimated dimension 13 of 22 : 1  | time taken : 40.98371410369873
 Thread 9 estimated dimension 14 of 22 : 0.9946687232433685  | time taken : 44.84592604637146
 Thread 12 estimated dimension 10 of 22 : 0.41321731285871754  | time taken : 223.05175161361694
 Thread 6 estimated dimension 11 of 22 : 0.6568500067107099  | time taken : 149.33099961280823
 Thread 4 estimated dimension 14 of 22 : 1  | time taken : 20.84557342529297
 Thread 10 estimated dimension 16 of 22 : 1  | time taken : 47.806392431259155
 Thread 14 estimated dimension 11 of 22 : 0.3844991766661669  | time taken : 266.74326038360596
 Thread 7 estimated dimension 16 of 22 : 1  | time taken : 78.4333119392395
 Thread 2 estimated dimension 11 of 22 : 0.24142371382632538  | time taken : 392.4448916912079
 Thread 4 estimated dimension 15 of 22 : 1  | time taken : 55.79123663902283
 Thread 8 estimated dimension 17 of 22 : 0.7383966978671187  | time taken : 106.69213485717773
 Thread 13 estimated dimension 19 of 22 : 0.6044228190932945  | time taken : 168.76196026802063
 Thread 1 estimated dimension 12 of 22 : 0.5786822572073591  | time taken : 133.16573905944824
 Thread 7 estimated dimension 17 of 22 : 0.9862547327872208  | time taken : 44.80328416824341
 Thread 12 estimated dimension 11 of 22 : 0.863982876951093  | time taken : 91.71223568916321
 Thread 9 estimated dimension 15 of 22 : 0.7593004387076405  | time taken : 96.7760682106018
 Thread 3 estimated dimension 17 of 22 : 0.6816025598460295  | time taken : 135.93111443519592
 Thread 10 estimated dimension 17 of 22 : 0.6473508132434831  | time taken : 95.22424030303955
 Thread 4 estimated dimension 16 of 22 : 0.9958855046292252  | time taken : 52.95814251899719
 Thread 7 estimated dimension 18 of 22 : 1  | time taken : 59.11325478553772
 Thread 1 estimated dimension 13 of 22 : 0.9973525687538263  | time taken : 60.439043045043945
 Thread 11 estimated dimension 12 of 22 : 0.4334112488951344  | time taken : 201.88239073753357
 Thread 5 estimated dimension 12 of 22 : 0.2934812707016509  | time taken : 308.88406133651733
 Thread 3 estimated dimension 18 of 22 : 0.8110416967976117  | time taken : 91.82812833786011
 Thread 12 estimated dimension 12 of 22 : 0.7752324745199048  | time taken : 104.6380546092987
 Thread 4 estimated dimension 17 of 22 : 1  | time taken : 82.07701373100281
 Thread 1 estimated dimension 14 of 22 : 1  | time taken : 55.704933404922485
 Thread 11 estimated dimension 13 of 22 : 1  | time taken : 56.619561195373535
 Thread 8 estimated dimension 18 of 22 : 0.7192885563245167  | time taken : 138.9344720840454
 Thread 10 estimated dimension 18 of 22 : 0.700171289994901  | time taken : 104.07089352607727
 Thread 9 estimated dimension 16 of 22 : 0.7681058001925463  | time taken : 125.7897458076477
 Thread 13 estimated dimension 20 of 22 : 0.6982724756832205  | time taken : 156.71276330947876
 Thread 5 estimated dimension 13 of 22 : 0.9974072819912497  | time taken : 76.84900665283203
 Thread 14 estimated dimension 12 of 22 : 0.3773807225272718  | time taken : 216.59495663642883
 Thread 1 estimated dimension 15 of 22 : 1  | time taken : 57.23691773414612
 Thread 4 estimated dimension 18 of 22 : 0.9962838964515218  | time taken : 80.81745195388794
 Thread 11 estimated dimension 14 of 22 : 1  | time taken : 79.13803291320801
 Thread 12 estimated dimension 13 of 22 : 0.788774456739307  | time taken : 103.1478202342987
 Thread 7 estimated dimension 19 of 22 : 0.5894489817420697  | time taken : 158.6268699169159
 Thread 11 estimated dimension 15 of 22 : 1  | time taken : 22.66408395767212
 Thread 1 estimated dimension 16 of 22 : 0.9931378822740634  | time taken : 46.5508918762207
 Thread 14 estimated dimension 13 of 22 : 1  | time taken : 85.95306348800659
 Thread 3 estimated dimension 19 of 22 : 0.5625261877605401  | time taken : 132.89497542381287
 Thread 6 estimated dimension 12 of 22 : 0.27325114558614544  | time taken : 324.49778485298157
 Thread 5 estimated dimension 14 of 22 : 1  | time taken : 106.28191304206848
 Thread 8 estimated dimension 19 of 22 : 0.5799157526781319  | time taken : 133.15407991409302
 Thread 10 estimated dimension 19 of 22 : 0.5656210515871735  | time taken : 132.7019920349121
 Thread 2 estimated dimension 12 of 22 : 0.33309095150639756  | time taken : 290.3017375469208
 Thread 9 estimated dimension 17 of 22 : 0.6505420561708621  | time taken : 129.12622833251953
 Thread 14 estimated dimension 14 of 22 : 1  | time taken : 30.22736358642578
 Thread 11 estimated dimension 16 of 22 : 1  | time taken : 83.05352282524109
 Thread 1 estimated dimension 17 of 22 : 1  | time taken : 84.24826908111572
 Thread 14 estimated dimension 15 of 22 : 0.9922888319334245  | time taken : 64.12600326538086
 Thread 13 estimated dimension 21 of 22 : 0.5297128803674115  | time taken : 190.51034474372864
 Thread 13 nsolns: 456209
 Thread 12 estimated dimension 14 of 22 : 0.8173059014143319  | time taken : 125.4503231048584
 Thread 2 estimated dimension 13 of 22 : 1  | time taken : 90.79254150390625
 Thread 4 estimated dimension 19 of 22 : 0.5917430895274862  | time taken : 160.4212896823883
 Thread 6 estimated dimension 13 of 22 : 1  | time taken : 119.54590559005737
 Thread 1 estimated dimension 18 of 22 : 0.9935853720777619  | time taken : 55.7732937335968
 Thread 11 estimated dimension 17 of 22 : 0.9931505434042537  | time taken : 63.43018436431885
 Thread 10 estimated dimension 20 of 22 : 0.6603510891285027  | time taken : 124.24206638336182
 Thread 3 estimated dimension 20 of 22 : 0.6847251605862967  | time taken : 152.21331119537354
 Thread 9 estimated dimension 18 of 22 : 0.7261258171083647  | time taken : 128.52931928634644
 Thread 7 estimated dimension 20 of 22 : 0.6310149276182869  | time taken : 183.3982322216034
 Thread 8 estimated dimension 20 of 22 : 0.673407394782749  | time taken : 147.36164236068726
 Thread 5 estimated dimension 15 of 22 : 0.9982254640107934  | time taken : 150.50487852096558
 Thread 2 estimated dimension 14 of 22 : 0.9991087207703759  | time taken : 65.86122989654541
 Thread 14 estimated dimension 16 of 22 : 0.9855961572523458  | time taken : 100.5312716960907
 Thread 6 estimated dimension 14 of 22 : 1  | time taken : 98.98903942108154
 Thread 13 estimated dimension 0 of 22 : 0.7290003838137196  | time taken : 125.93688917160034
 Thread 11 estimated dimension 18 of 22 : 0.9882125549918274  | time taken : 89.689199924469
 Thread 12 estimated dimension 15 of 22 : 0.8066803684205147  | time taken : 126.98092794418335
 Thread 1 estimated dimension 19 of 22 : 0.6045195658954347  | time taken : 119.90303301811218
 Thread 5 estimated dimension 16 of 22 : 0.9899070413140687  | time taken : 97.64419865608215
 Thread 14 estimated dimension 17 of 22 : 0.995993536669795  | time taken : 96.81494569778442
 Thread 4 estimated dimension 20 of 22 : 0.696323325359077  | time taken : 175.76653838157654
 Thread 9 estimated dimension 19 of 22 : 0.5491042677144972  | time taken : 138.808087348938
 Thread 2 estimated dimension 15 of 22 : 0.9985747091821338  | time taken : 121.76078391075134
 Thread 5 estimated dimension 17 of 22 : 1  | time taken : 68.33297729492188
 Thread 12 estimated dimension 16 of 22 : 0.7829840610003612  | time taken : 105.36464214324951
 Thread 14 estimated dimension 18 of 22 : 0.9986620304249373  | time taken : 60.672783613204956
 Thread 6 estimated dimension 15 of 22 : 1  | time taken : 134.02004671096802
 Thread 2 estimated dimension 16 of 22 : 0.9904030111275841  | time taken : 61.384552240371704
 Thread 13 estimated dimension 1 of 22 : 0.615916843206851  | time taken : 140.9095664024353
 Thread 11 estimated dimension 19 of 22 : 0.5242817411695679  | time taken : 148.14636826515198
 Thread 10 estimated dimension 21 of 22 : 0.5496966966763472  | time taken : 227.46445441246033
 Thread 10 nsolns: 445476
 Thread 5 estimated dimension 18 of 22 : 1  | time taken : 67.82718062400818
 Thread 7 estimated dimension 21 of 22 : 0.4472618924697041  | time taken : 245.00016450881958
 Thread 7 nsolns: 462808
 Thread 6 estimated dimension 16 of 22 : 1  | time taken : 59.92268490791321
 Thread 1 estimated dimension 20 of 22 : 0.6798223027514708  | time taken : 172.01575326919556
 Thread 3 estimated dimension 21 of 22 : 0.482180992709485  | time taken : 272.5354232788086
 Thread 3 nsolns: 452237
 Thread 9 estimated dimension 20 of 22 : 0.7016776324739415  | time taken : 137.27038717269897
 Thread 12 estimated dimension 17 of 22 : 0.6211817564130991  | time taken : 114.14069080352783
 Thread 5 estimated dimension 19 of 22 : 0.9921896467856427  | time taken : 53.11588144302368
 Thread 8 estimated dimension 21 of 22 : 0.4692712423470073  | time taken : 290.6447594165802
 Thread 8 nsolns: 462565
 Thread 4 estimated dimension 21 of 22 : 0.5608483970492391  | time taken : 165.54214000701904
 Thread 10 estimated dimension 0 of 22 : 0.668841202198009  | time taken : 87.35179781913757
 Thread 4 nsolns: 457042
 Thread 2 estimated dimension 17 of 22 : 1  | time taken : 112.14543795585632
 Thread 14 estimated dimension 19 of 22 : 0.6361477614651779  | time taken : 137.33985805511475
 Thread 6 estimated dimension 17 of 22 : 1  | time taken : 89.3258216381073
 Thread 11 estimated dimension 20 of 22 : 0.652098665944842  | time taken : 145.1255326271057
 Thread 2 estimated dimension 18 of 22 : 0.9985664927545858  | time taken : 63.14524459838867
 Thread 8 estimated dimension 0 of 22 : 0.7567136496640728  | time taken : 95.74085307121277
 Thread 12 estimated dimension 18 of 22 : 0.7709130413457547  | time taken : 106.3133020401001
 Thread 3 estimated dimension 0 of 22 : 0.6921809907402224  | time taken : 130.53622198104858
 Thread 5 estimated dimension 20 of 22 : 0.9999465476281677  | time taken : 130.40769004821777
 Thread 4 estimated dimension 0 of 22 : 0.6202176702847804  | time taken : 145.85977959632874
 Thread 13 estimated dimension 2 of 22 : 0.35587965552488987  | time taken : 250.31555008888245
 Thread 10 estimated dimension 1 of 22 : 0.6431945223803662  | time taken : 159.88867235183716
 Thread 6 estimated dimension 18 of 22 : 0.9902319220063557  | time taken : 118.70087671279907
 Thread 1 estimated dimension 21 of 22 : 0.5464467484660013  | time taken : 212.6487078666687
 Thread 1 nsolns: 431787
 Thread 9 estimated dimension 21 of 22 : 0.4932194502857834  | time taken : 207.46280312538147
 Thread 9 nsolns: 449883
 Thread 2 estimated dimension 19 of 22 : 0.9973652124836496  | time taken : 117.33818125724792
 Thread 14 estimated dimension 20 of 22 : 0.7175186627298256  | time taken : 194.3909649848938
 Thread 8 estimated dimension 1 of 22 : 0.6794329344952151  | time taken : 139.70805478096008
 Thread 13 estimated dimension 3 of 22 : 0.994334775562471  | time taken : 86.07535243034363
 Thread 2 estimated dimension 20 of 22 : 1  | time taken : 58.86019015312195
 Thread 7 estimated dimension 0 of 22 : 0.27484182100586113  | time taken : 306.5263764858246
 Thread 1 estimated dimension 0 of 22 : 0.7847998174852662  | time taken : 88.29822993278503
 Thread 12 estimated dimension 19 of 22 : 0.5817520772519635  | time taken : 165.13423657417297
 Thread 9 estimated dimension 0 of 22 : 0.7286945542282425  | time taken : 91.35218071937561
 Thread 11 estimated dimension 21 of 22 : 0.4814334958051005  | time taken : 237.2658543586731
 Thread 11 nsolns: 471180
 Thread 13 estimated dimension 4 of 22 : 0.9950037425170154  | time taken : 75.86900734901428
 Thread 3 estimated dimension 1 of 22 : 0.38296973842012993  | time taken : 252.29409074783325
 Thread 4 estimated dimension 1 of 22 : 0.43668159607066254  | time taken : 209.48722195625305
 Thread 10 estimated dimension 2 of 22 : 0.37524963144683837  | time taken : 212.6859414577484
 Thread 11 estimated dimension 0 of 22 : 0.7553528081039121  | time taken : 84.89947748184204
 Thread 13 estimated dimension 5 of 22 : 0.9995850530591187  | time taken : 71.7687566280365
 Thread 8 estimated dimension 2 of 22 : 0.6741714775356686  | time taken : 156.15413546562195
 Thread 6 estimated dimension 19 of 22 : 0.5312627568241111  | time taken : 245.35798907279968
 Thread 9 estimated dimension 1 of 22 : 0.61713694829515  | time taken : 146.6240005493164
 Thread 3 estimated dimension 2 of 22 : 0.9902044660399208  | time taken : 78.47605299949646
 Thread 4 estimated dimension 2 of 22 : 1  | time taken : 71.78173923492432
 Thread 12 estimated dimension 20 of 22 : 0.6729181391882568  | time taken : 173.4252336025238
 Thread 10 estimated dimension 3 of 22 : 0.998609685936769  | time taken : 63.90595626831055
 Thread 7 estimated dimension 1 of 22 : 0.44966126911861853  | time taken : 183.6694095134735
 Thread 5 estimated dimension 21 of 22 : 0.4984738658711903  | time taken : 315.33372139930725
 Thread 5 nsolns: 496058
 Thread 13 estimated dimension 6 of 22 : 1  | time taken : 69.31882929801941
 Thread 2 estimated dimension 21 of 22 : 0.4606720987066515  | time taken : 212.07305240631104
 Thread 2 nsolns: 481149
 Thread 1 estimated dimension 1 of 22 : 0.4094857124562461  | time taken : 218.96536111831665
 Thread 14 estimated dimension 21 of 22 : 0.4946538624220223  | time taken : 282.5692160129547
 Thread 14 nsolns: 475536
 Thread 10 estimated dimension 4 of 22 : 0.9765805078448688  | time taken : 74.61525893211365
 Thread 7 estimated dimension 2 of 22 : 0.9930833675747374  | time taken : 80.42754673957825
 Thread 6 estimated dimension 20 of 22 : 0.9984396202892203  | time taken : 113.40574431419373
 Thread 8 estimated dimension 3 of 22 : 0.5301853191889282  | time taken : 136.6252942085266
 Thread 13 estimated dimension 7 of 22 : 0.7356180162119775  | time taken : 72.85442519187927
 Thread 9 estimated dimension 2 of 22 : 0.6197541276259168  | time taken : 112.15206050872803
 Thread 5 estimated dimension 0 of 22 : 0.7199248704170685  | time taken : 118.45166397094727
 Thread 1 estimated dimension 2 of 22 : 1  | time taken : 85.1385293006897
 Thread 10 estimated dimension 5 of 22 : 1  | time taken : 75.05273652076721
 Thread 7 estimated dimension 3 of 22 : 0.991814885042228  | time taken : 72.13863325119019
 Thread 4 estimated dimension 3 of 22 : 0.5460787713673064  | time taken : 176.82400035858154
 Thread 2 estimated dimension 0 of 22 : 0.6433124605454759  | time taken : 138.2282214164734
 Thread 11 estimated dimension 1 of 22 : 0.33951420663110765  | time taken : 230.31386423110962
 Thread 10 estimated dimension 6 of 22 : 1  | time taken : 36.230907678604126
 Thread 3 estimated dimension 3 of 22 : 0.48828552765717737  | time taken : 200.6118824481964
 Thread 13 estimated dimension 8 of 22 : 0.7851173649702966  | time taken : 106.38127779960632
 Thread 11 estimated dimension 2 of 22 : 1  | time taken : 40.8906774520874
 Thread 6 estimated dimension 21 of 22 : 0.9853183428822503  | time taken : 136.70193815231323
 Thread 6 nsolns: 478382
 Thread 8 estimated dimension 4 of 22 : 0.5681645186917661  | time taken : 134.0478708744049
 Thread 7 estimated dimension 4 of 22 : 0.9939947830939324  | time taken : 73.89994812011719
 Thread 8 estimated dimension 5 of 22 : 0.9895799914559193  | time taken : 36.8339524269104
 Thread 3 estimated dimension 4 of 22 : 0.9981848562423229  | time taken : 74.28424572944641
 Thread 1 estimated dimension 3 of 22 : 0.4883737291125127  | time taken : 146.11256551742554
 Thread 10 estimated dimension 7 of 22 : 0.8333511846854498  | time taken : 88.16361117362976
 Thread 12 estimated dimension 21 of 22 : 0.5140556096076266  | time taken : 287.13447189331055
 Thread 12 nsolns: 460633
 Thread 13 estimated dimension 9 of 22 : 0.6492910003861174  | time taken : 94.72388291358948
 Thread 7 estimated dimension 5 of 22 : 1  | time taken : 66.88680672645569
 Thread 2 estimated dimension 1 of 22 : 0.5699157415163714  | time taken : 141.06281113624573
 Thread 4 estimated dimension 4 of 22 : 0.5199239704329518  | time taken : 151.85003185272217
 Thread 8 estimated dimension 6 of 22 : 1  | time taken : 64.15785622596741
 Thread 3 estimated dimension 5 of 22 : 1  | time taken : 64.73400211334229
 Thread 7 estimated dimension 6 of 22 : 0.9940299077621298  | time taken : 38.92389965057373
 Thread 9 estimated dimension 3 of 22 : 0.5006150437563154  | time taken : 251.6922266483307
 Thread 11 estimated dimension 3 of 22 : 0.5400018459349175  | time taken : 138.13639497756958
 Thread 9 estimated dimension 4 of 22 : 1  | time taken : 36.9412841796875
 Thread 2 estimated dimension 2 of 22 : 0.7710236174755695  | time taken : 80.06259083747864
 Thread 8 estimated dimension 7 of 22 : 0.9992657699992391  | time taken : 65.83590459823608
 Thread 3 estimated dimension 6 of 22 : 0.9900635224822548  | time taken : 67.41793298721313
 Thread 12 estimated dimension 0 of 22 : 0.6905584311254676  | time taken : 122.16087746620178
 Thread 7 estimated dimension 7 of 22 : 0.708864000262752  | time taken : 71.81244611740112
 Thread 5 estimated dimension 1 of 22 : 0.33415980070960677  | time taken : 289.1661183834076
 Thread 9 estimated dimension 5 of 22 : 0.9897342512752896  | time taken : 39.23754668235779
 Thread 11 estimated dimension 4 of 22 : 1  | time taken : 70.98274350166321
 Thread 1 estimated dimension 4 of 22 : 0.5918763300155208  | time taken : 162.1362726688385
 Thread 13 estimated dimension 10 of 22 : 0.5065446027630747  | time taken : 151.03694033622742
 Thread 5 estimated dimension 2 of 22 : 1  | time taken : 33.76531267166138
 Thread 4 estimated dimension 5 of 22 : 0.6420116846758507  | time taken : 140.5351095199585
 Thread 9 estimated dimension 6 of 22 : 1  | time taken : 69.15154838562012
 Thread 11 estimated dimension 5 of 22 : 1  | time taken : 69.72900915145874
 Thread 6 estimated dimension 0 of 22 : 0.30932390135546073  | time taken : 270.9287745952606
 Thread 1 estimated dimension 5 of 22 : 0.9954909108970925  | time taken : 65.82932758331299
 Thread 8 estimated dimension 8 of 22 : 0.6015991783232929  | time taken : 119.0305802822113
 Thread 13 estimated dimension 11 of 22 : 0.7840818966839899  | time taken : 71.38764142990112
 Thread 4 estimated dimension 6 of 22 : 1  | time taken : 70.31585025787354
 Thread 11 estimated dimension 6 of 22 : 0.9892188346014522  | time taken : 41.95761036872864
 Thread 1 estimated dimension 6 of 22 : 0.995153583115298  | time taken : 36.86548352241516
 Thread 2 estimated dimension 3 of 22 : 0.492234453289721  | time taken : 171.87214374542236
 Thread 7 estimated dimension 8 of 22 : 0.5788158233840398  | time taken : 172.24005675315857
 Thread 6 estimated dimension 1 of 22 : 0.558097863904386  | time taken : 97.20559549331665
 Thread 12 estimated dimension 1 of 22 : 0.4321067513626643  | time taken : 190.42719960212708
 Thread 1 estimated dimension 7 of 22 : 1  | time taken : 61.119529724121094
 Thread 10 estimated dimension 8 of 22 : 0.26315293517181837  | time taken : 326.07677721977234
 Thread 5 estimated dimension 3 of 22 : 0.44230640429573503  | time taken : 158.93598794937134
 Thread 13 estimated dimension 12 of 22 : 0.752415539155857  | time taken : 92.84490370750427
 Thread 4 estimated dimension 7 of 22 : 1  | time taken : 94.09049582481384
 Thread 8 estimated dimension 9 of 22 : 0.5442687348417382  | time taken : 144.61697268486023
 Thread 10 estimated dimension 9 of 22 : 0.9991287849194765  | time taken : 64.7925193309784
 Thread 12 estimated dimension 2 of 22 : 0.9872537104927955  | time taken : 84.62690424919128
 Thread 11 estimated dimension 7 of 22 : 0.609311651304019  | time taken : 148.7324504852295
 Thread 2 estimated dimension 4 of 22 : 0.5262906689997734  | time taken : 132.65411257743835
 Thread 13 estimated dimension 13 of 22 : 0.807419314874054  | time taken : 91.85642981529236
 Thread 3 estimated dimension 7 of 22 : 0.2377997070410605  | time taken : 320.53138756752014
 Thread 1 estimated dimension 8 of 22 : 0.6674532156433406  | time taken : 118.12710952758789
 Thread 4 estimated dimension 8 of 22 : 1  | time taken : 100.15337872505188
 Thread 7 estimated dimension 9 of 22 : 0.4879340682967788  | time taken : 167.5619993209839
 Thread 6 estimated dimension 2 of 22 : 0.44260699051872104  | time taken : 165.86762619018555
 Thread 10 estimated dimension 10 of 22 : 0.9975046300509743  | time taken : 93.05758380889893
 Thread 2 estimated dimension 5 of 22 : 1  | time taken : 77.55898761749268
 Thread 8 estimated dimension 10 of 22 : 0.48795413935730136  | time taken : 117.73845052719116
 Thread 9 estimated dimension 7 of 22 : 0.2911857425411822  | time taken : 291.4182300567627
 Thread 3 estimated dimension 8 of 22 : 1  | time taken : 70.34163999557495
 Thread 13 estimated dimension 14 of 22 : 0.7881772034045149  | time taken : 90.2195098400116
 Thread 11 estimated dimension 8 of 22 : 0.6854100184905321  | time taken : 115.84575080871582
 Thread 2 estimated dimension 6 of 22 : 1  | time taken : 31.892936944961548
 Thread 5 estimated dimension 4 of 22 : 0.42497793166395875  | time taken : 208.43897199630737
 Thread 6 estimated dimension 3 of 22 : 1  | time taken : 73.57465314865112
 Thread 12 estimated dimension 3 of 22 : 0.5227191320663699  | time taken : 157.7199423313141
 Thread 9 estimated dimension 8 of 22 : 0.9966424385292468  | time taken : 65.86993074417114
 Thread 3 estimated dimension 9 of 22 : 0.9883662775032863  | time taken : 63.480541944503784
 Thread 4 estimated dimension 9 of 22 : 0.5603946979749562  | time taken : 127.12449097633362
 Thread 6 estimated dimension 4 of 22 : 1  | time taken : 39.24153137207031
 Thread 2 estimated dimension 7 of 22 : 0.9949086177191964  | time taken : 71.90191388130188
 Thread 13 estimated dimension 15 of 22 : 0.7542105086282576  | time taken : 83.72404193878174
 Thread 1 estimated dimension 9 of 22 : 0.5524473845329628  | time taken : 165.96633410453796
 Thread 7 estimated dimension 10 of 22 : 0.4960609466834784  | time taken : 140.08335256576538
 Thread 3 estimated dimension 10 of 22 : 1  | time taken : 37.12253284454346
 Thread 10 estimated dimension 11 of 22 : 0.7217066988427384  | time taken : 134.4670753479004
 Thread 9 estimated dimension 9 of 22 : 1  | time taken : 64.63509154319763
 Thread 12 estimated dimension 4 of 22 : 1  | time taken : 76.57022786140442
 Thread 11 estimated dimension 9 of 22 : 0.5049938715593689  | time taken : 127.90519499778748
 Thread 8 estimated dimension 11 of 22 : 0.4281194499626557  | time taken : 156.05097889900208
 Thread 5 estimated dimension 5 of 22 : 0.5643470020178782  | time taken : 117.5578601360321
 Thread 6 estimated dimension 5 of 22 : 1  | time taken : 65.86068487167358
 Thread 3 estimated dimension 11 of 22 : 0.9079485423933344  | time taken : 51.260173082351685
 Thread 11 estimated dimension 10 of 22 : 0.9841348591702468  | time taken : 32.187092542648315
 Thread 13 estimated dimension 16 of 22 : 0.8521188188144341  | time taken : 87.57126975059509
 Thread 5 estimated dimension 6 of 22 : 1  | time taken : 33.559900760650635
 Thread 4 estimated dimension 10 of 22 : 0.6914270935357815  | time taken : 114.03314232826233
 Thread 9 estimated dimension 10 of 22 : 1  | time taken : 61.41592264175415
 Thread 12 estimated dimension 5 of 22 : 0.9965097107903992  | time taken : 67.14827823638916
 Thread 10 estimated dimension 12 of 22 : 0.6773282240783919  | time taken : 107.08330225944519
 Thread 5 estimated dimension 7 of 22 : 0.9929020669056143  | time taken : 39.44359230995178
 Thread 6 estimated dimension 6 of 22 : 1  | time taken : 79.20851397514343
 Thread 9 estimated dimension 11 of 22 : 0.8481730718141158  | time taken : 50.69402456283569
 Thread 3 estimated dimension 12 of 22 : 0.8386456711569826  | time taken : 89.0891501903534
 Thread 12 estimated dimension 6 of 22 : 1  | time taken : 63.94201874732971
 Thread 1 estimated dimension 10 of 22 : 0.4456636735226112  | time taken : 164.76669907569885
 Thread 13 estimated dimension 17 of 22 : 0.8080963264832999  | time taken : 89.59717059135437
 Thread 10 estimated dimension 13 of 22 : 1  | time taken : 57.318907499313354
 Thread 2 estimated dimension 8 of 22 : 0.39026157693456687  | time taken : 195.5203080177307
 Thread 3 estimated dimension 13 of 22 : 0.9133573003284065  | time taken : 49.4425892829895
 Thread 8 estimated dimension 12 of 22 : 0.44712102556555006  | time taken : 156.75694489479065
 Thread 11 estimated dimension 11 of 22 : 0.5374781995990179  | time taken : 131.83504509925842
 Thread 5 estimated dimension 8 of 22 : 1  | time taken : 91.0340507030487
 Thread 9 estimated dimension 12 of 22 : 0.7713768438684516  | time taken : 91.74969577789307
 Thread 4 estimated dimension 11 of 22 : 0.46058812012143696  | time taken : 158.7889404296875
 Thread 2 estimated dimension 9 of 22 : 0.992158807596632  | time taken : 64.55973029136658
 Thread 10 estimated dimension 14 of 22 : 0.9812939646385374  | time taken : 87.00248742103577
 Thread 13 estimated dimension 18 of 22 : 0.7627548095228622  | time taken : 92.01306438446045
 Thread 12 estimated dimension 7 of 22 : 0.6331101318364265  | time taken : 121.51252841949463
 Thread 3 estimated dimension 14 of 22 : 0.7721181776310125  | time taken : 91.30783176422119
 Thread 8 estimated dimension 13 of 22 : 1  | time taken : 86.08645105361938
 Thread 2 estimated dimension 10 of 22 : 0.9907984277510894  | time taken : 59.32693290710449
 Thread 8 estimated dimension 14 of 22 : 0.9895055358771043  | time taken : 27.537686586380005
 Thread 11 estimated dimension 12 of 22 : 0.5618028785500575  | time taken : 115.95262908935547
 Thread 9 estimated dimension 13 of 22 : 0.8146363193174672  | time taken : 90.29354691505432
 Thread 8 estimated dimension 15 of 22 : 0.9977896875864206  | time taken : 25.528687000274658
 Thread 10 estimated dimension 15 of 22 : 0.7699105744196925  | time taken : 83.23687291145325
 Thread 5 estimated dimension 9 of 22 : 0.5364395995866215  | time taken : 132.63292264938354
 Thread 11 estimated dimension 13 of 22 : 0.991160557076204  | time taken : 27.339247226715088
 Thread 3 estimated dimension 15 of 22 : 0.6976022205672101  | time taken : 70.52086520195007
 Thread 9 estimated dimension 14 of 22 : 0.8440578767851973  | time taken : 57.70443034172058
 Thread 6 estimated dimension 7 of 22 : 0.2613347822515067  | time taken : 253.1740152835846
 Thread 7 estimated dimension 11 of 22 : 0.2596520970311952  | time taken : 380.5168161392212
 Thread 12 estimated dimension 8 of 22 : 0.678747196147627  | time taken : 101.69141101837158
 Thread 2 estimated dimension 11 of 22 : 0.7985781912682818  | time taken : 79.53220462799072
 Thread 13 estimated dimension 19 of 22 : 0.5536308477971662  | time taken : 138.70699834823608
 Thread 11 estimated dimension 14 of 22 : 1  | time taken : 52.75715684890747
 Thread 4 estimated dimension 12 of 22 : 0.5650307851577728  | time taken : 163.22109174728394
 Thread 8 estimated dimension 16 of 22 : 0.9928778081958236  | time taken : 80.06178784370422
 Thread 3 estimated dimension 16 of 22 : 0.7919252146982465  | time taken : 78.69735145568848
 Thread 6 estimated dimension 8 of 22 : 0.9913822767297225  | time taken : 70.03380680084229
 Thread 10 estimated dimension 16 of 22 : 0.7368299906407461  | time taken : 117.17621111869812
 Thread 2 estimated dimension 12 of 22 : 0.8577224337512153  | time taken : 73.84632349014282
 Thread 1 estimated dimension 11 of 22 : 0.24185531277549582  | time taken : 300.1343677043915
 Thread 9 estimated dimension 15 of 22 : 0.7950035712607918  | time taken : 86.76939606666565
 Thread 7 estimated dimension 12 of 22 : 0.6814589422031422  | time taken : 95.79972004890442
 Thread 4 estimated dimension 13 of 22 : 0.9950931627212432  | time taken : 78.28775119781494
 Thread 11 estimated dimension 15 of 22 : 0.9925200673014554  | time taken : 87.69394826889038
 Thread 12 estimated dimension 9 of 22 : 0.5958246399196059  | time taken : 118.78541827201843
 Thread 8 estimated dimension 17 of 22 : 0.9954833690866384  | time taken : 83.27566957473755
 Thread 6 estimated dimension 9 of 22 : 1  | time taken : 69.16209316253662
 Thread 5 estimated dimension 10 of 22 : 0.415778525307823  | time taken : 186.54252243041992
 Thread 9 estimated dimension 16 of 22 : 0.7925170210551749  | time taken : 62.61108469963074
 Thread 13 estimated dimension 20 of 22 : 0.6919493571680954  | time taken : 141.88153672218323
 Thread 3 estimated dimension 17 of 22 : 0.6273828160524337  | time taken : 106.82584691047668
 Thread 10 estimated dimension 17 of 22 : 0.7764739066363407  | time taken : 86.25930285453796
 Thread 11 estimated dimension 16 of 22 : 1  | time taken : 55.27709436416626
 Thread 2 estimated dimension 13 of 22 : 0.9986831183988134  | time taken : 86.40836119651794
 Thread 8 estimated dimension 18 of 22 : 1  | time taken : 58.648995876312256
 Thread 6 estimated dimension 10 of 22 : 0.9889039478050811  | time taken : 41.57033562660217
 Thread 4 estimated dimension 14 of 22 : 0.9955444454939709  | time taken : 86.6670184135437
 Thread 1 estimated dimension 12 of 22 : 0.677663956510489  | time taken : 107.06819725036621
 Thread 7 estimated dimension 13 of 22 : 1  | time taken : 90.82535028457642
 Thread 4 estimated dimension 15 of 22 : 0.9906281991783008  | time taken : 54.732900619506836
 Thread 1 estimated dimension 13 of 22 : 0.993165641503384  | time taken : 58.43297243118286
 Thread 5 estimated dimension 11 of 22 : 0.7066953720429823  | time taken : 101.66972422599792
 Thread 11 estimated dimension 17 of 22 : 0.747147310275083  | time taken : 88.16984605789185
 Thread 9 estimated dimension 17 of 22 : 0.6690534488163203  | time taken : 107.65980100631714
 Thread 2 estimated dimension 14 of 22 : 0.9974566484315929  | time taken : 88.96186876296997
 Thread 10 estimated dimension 18 of 22 : 0.7349512053070596  | time taken : 92.80347490310669
 Thread 12 estimated dimension 10 of 22 : 0.4869603882107756  | time taken : 138.96561002731323
 Thread 3 estimated dimension 18 of 22 : 0.7217435517433015  | time taken : 108.72328925132751
 Thread 8 estimated dimension 19 of 22 : 0.6353503105473322  | time taken : 101.19208359718323
 Thread 6 estimated dimension 11 of 22 : 0.7511751024437339  | time taken : 101.20549583435059
 Thread 4 estimated dimension 16 of 22 : 0.9958893045714216  | time taken : 53.46190929412842
 Thread 7 estimated dimension 14 of 22 : 0.7863771308986407  | time taken : 106.33306622505188
 Thread 1 estimated dimension 14 of 22 : 0.9822774824247426  | time taken : 55.711617946624756
 Thread 13 estimated dimension 21 of 22 : 0.5359236439340094  | time taken : 145.54557943344116
 Thread 13 nsolns: 438457
 Thread 5 estimated dimension 12 of 22 : 0.7011054505603227  | time taken : 72.22851085662842
 Thread 2 estimated dimension 15 of 22 : 0.8233242718012033  | time taken : 75.78484749794006
 Thread 11 estimated dimension 18 of 22 : 0.7311684021765767  | time taken : 87.633868932724
 Thread 4 estimated dimension 17 of 22 : 1  | time taken : 56.118497133255005
 Thread 9 estimated dimension 18 of 22 : 0.6912268280820968  | time taken : 102.54375648498535
 Thread 10 estimated dimension 19 of 22 : 0.5917248518184715  | time taken : 104.18599510192871
 Thread 6 estimated dimension 12 of 22 : 0.8487335873613303  | time taken : 86.72144675254822
 Thread 5 estimated dimension 13 of 22 : 0.9990147030198314  | time taken : 53.82920980453491
 Thread 1 estimated dimension 15 of 22 : 1  | time taken : 76.82050395011902
 Thread 7 estimated dimension 15 of 22 : 1  | time taken : 85.87479424476624
 Thread 8 estimated dimension 20 of 22 : 0.6555058877845841  | time taken : 122.19096088409424
 Thread 2 estimated dimension 16 of 22 : 0.7958910995467287  | time taken : 74.262868642807
 Thread 3 estimated dimension 19 of 22 : 0.59978676674809  | time taken : 143.28783202171326
 Thread 10 estimated dimension 20 of 22 : 0.729769738694388  | time taken : 56.08948755264282
 Thread 11 estimated dimension 19 of 22 : 0.6398099597532331  | time taken : 81.80792117118835
 Thread 4 estimated dimension 18 of 22 : 0.9901054533143406  | time taken : 71.41666603088379
 Thread 5 estimated dimension 14 of 22 : 0.9958672245844592  | time taken : 56.35673785209656
 Thread 7 estimated dimension 16 of 22 : 0.7549441136476274  | time taken : 88.77786636352539
 Thread 1 estimated dimension 16 of 22 : 0.6973262487235344  | time taken : 96.19299483299255
 Thread 5 estimated dimension 15 of 22 : 1  | time taken : 60.3831787109375
 Thread 9 estimated dimension 19 of 22 : 0.6166702391765281  | time taken : 134.70306301116943
 Thread 6 estimated dimension 13 of 22 : 0.8192166669588521  | time taken : 127.61291790008545
 Thread 2 estimated dimension 17 of 22 : 0.6418280926154732  | time taken : 100.6620922088623
 Thread 11 estimated dimension 20 of 22 : 0.6743575032163309  | time taken : 112.5341784954071
 Thread 4 estimated dimension 19 of 22 : 0.6062122913822052  | time taken : 113.25714135169983
 Thread 3 estimated dimension 20 of 22 : 0.6137461501550443  | time taken : 127.35228610038757
 Thread 1 estimated dimension 17 of 22 : 1  | time taken : 63.19344449043274
 Thread 5 estimated dimension 16 of 22 : 1  | time taken : 50.69351768493652
 Thread 7 estimated dimension 17 of 22 : 1  | time taken : 78.00753402709961
 Thread 8 estimated dimension 21 of 22 : 0.4955474738301847  | time taken : 158.76412987709045
 Thread 8 nsolns: 451384
 Thread 10 estimated dimension 21 of 22 : 0.5578377873648191  | time taken : 167.2170286178589
 Thread 10 nsolns: 446288
 Thread 6 estimated dimension 14 of 22 : 0.8353040931577858  | time taken : 101.49634742736816
 Thread 2 estimated dimension 18 of 22 : 0.65270786567136  | time taken : 102.24116325378418
 Thread 9 estimated dimension 20 of 22 : 0.6737829825722152  | time taken : 118.72434735298157
 Thread 1 estimated dimension 18 of 22 : 0.6526294465277727  | time taken : 82.73903036117554
 Thread 7 estimated dimension 18 of 22 : 0.6191007115674034  | time taken : 78.6230628490448exiting with current heads : 14023 out of 14027 | exp rv: 84126.34393792435

 Thread 12 estimated dimension 11 of 22 : 0.16672541968957535  | time taken : 367.87484192848206
 Thread 4 estimated dimension 20 of 22 : 0.6714721513435977  | time taken : 105.2078127861023
 Thread 5 estimated dimension 17 of 22 : 0.687834297484788  | time taken : 100.60323023796082
 Thread 6 estimated dimension 15 of 22 : 0.7772402064763807  | time taken : 54.297098875045776
 Thread 11 estimated dimension 21 of 22 : 0.5507997236824618  | time taken : 146.0248246192932
 Thread 11 nsolns: 441157
 Thread 7 estimated dimension 19 of 22 : 1  | time taken : 68.30012798309326
 Thread 1 estimated dimension 19 of 22 : 0.9972813832045275  | time taken : 76.86504554748535
 Thread 12 estimated dimension 12 of 22 : 0.6936026000943097  | time taken : 74.23670673370361
 Thread 3 estimated dimension 21 of 22 : 0.4952112720740251  | time taken : 170.22043299674988
 Thread 3 nsolns: 462774
 Thread 2 estimated dimension 19 of 22 : 0.5889662478189239  | time taken : 104.76097536087036
 Thread 5 estimated dimension 18 of 22 : 0.7476528267883642  | time taken : 87.77524018287659
 Thread 6 estimated dimension 16 of 22 : 0.7983965870800548  | time taken : 80.76311492919922
 Thread 12 estimated dimension 13 of 22 : 1  | time taken : 32.66169023513794
 Thread 4 estimated dimension 21 of 22 : 0.5389509027977528  | time taken : 121.62230563163757
 Thread 4 nsolns: 439469
 Thread 5 estimated dimension 19 of 22 : 0.6681709889657487  | time taken : 50.318246841430664
 Thread 9 estimated dimension 21 of 22 : 0.48403167647851236  | time taken : 175.01977348327637
 Thread 9 nsolns: 442317
 Thread 12 estimated dimension 14 of 22 : 0.802748968101699  | time taken : 55.73015904426575
 Thread 6 estimated dimension 17 of 22 : 0.7457181718011245  | time taken : 61.07973289489746
 Thread 2 estimated dimension 20 of 22 : 0.6892550902769483  | time taken : 82.7061779499054
 Thread 7 estimated dimension 20 of 22 : 0.5289371411734853  | time taken : 102.65193009376526
 Thread 12 estimated dimension 15 of 22 : 0.9894624478407196  | time taken : 23.173989295959473
 Thread 6 estimated dimension 18 of 22 : 0.8172615068660758  | time taken : 26.730748891830444
 Thread 5 estimated dimension 20 of 22 : 0.6937149814750924  | time taken : 45.903825521469116
 Thread 1 estimated dimension 20 of 22 : 0.47472559098157807  | time taken : 138.86342477798462
 Thread 7 estimated dimension 21 of 22 : 0.9985148834940463  | time taken : 60.30141019821167
 Thread 7 nsolns: 483873
 Thread 12 estimated dimension 16 of 22 : 0.7064310044885413  | time taken : 44.4580774307251
 Thread 2 estimated dimension 21 of 22 : 0.42959771627719573  | time taken : 83.50991010665894
 Thread 2 nsolns: 442600
 Thread 6 estimated dimension 19 of 22 : 0.5268639506489642  | time taken : 61.47203612327576
 Thread 1 estimated dimension 21 of 22 : 0.9921719363391202  | time taken : 48.80057740211487
 Thread 1 nsolns: 471953
 Thread 12 estimated dimension 17 of 22 : 0.9897013321073777  | time taken : 32.09652280807495
 Thread 5 estimated dimension 21 of 22 : 0.533484834380692  | time taken : 69.5599217414856
 Thread 5 nsolns: 469320
 Thread 6 estimated dimension 20 of 22 : 0.7168129871828828  | time taken : 17.32351303100586
 Thread 12 estimated dimension 18 of 22 : 0.6802040143182304  | time taken : 21.222453355789185
 Thread 12 estimated dimension 19 of 22 : 0.9944877988355967  | time taken : 11.822033405303955
 Thread 6 estimated dimension 21 of 22 : 0.5190303817807855  | time taken : 40.49833822250366
 Thread 6 nsolns: 469194
 Thread 12 estimated dimension 20 of 22 : 0.46839477765773463  | time taken : 25.685559511184692
 Thread 12 estimated dimension 21 of 22 : 1  | time taken : 2.939682960510254
 Thread 12 nsolns: 492257
 estimated weights : [0.0008094032815369501, 0.000961750362943137, 0.0014372842509695293, 0.0019660984600280585, 0.0006755585056571519, 0.0002892021631738724, 0.0011508693271521358, 0.0005189650169328369, 0.0010169987888292507, 0.0006700997328305871, 0.0005795964642216288, 0.0002957599465085115, 0.0009635959360832194, 0.0001486323409067294, 0.001062940470860303, 0.0006938231907479492, 0.0007001732491582563, 0.001252187596022455, 0.0007493014410420042, 0.0007551876710493033, 0.0013470774948601998, 0.0007124393659492555, 0.00042912902008360545, 0.0004559144330889502, 0.000526235685514294, 0.0004918168475102142, 0.0005814135956154857, 0.000460104716685792, 0.0009165467667073127, 0.0006359662996744777, 0.0012871456733253217, 0.0010965103926733315, 0.0007290110250350153, 0.0010568221195967065, 0.001056504720779214, 0.0004102653122577637, 0.0009130275996662979, 0.0005168960072941777, 0.0003542664223539966, 0.0006331365398331254, 0.0003893012526570931]
