numSolutions: 44 k : 12662
20 44 0.044721359549995794 0.00011363636363636365

 Thread 11 estimated dimension 0 of 20 : 0.8182797579137379  | time taken : 75.82663106918335
 Thread 13 estimated dimension 0 of 20 : 0.8296806176584116  | time taken : 77.14950728416443
 Thread 3 estimated dimension 0 of 20 : 0.8064195120909649  | time taken : 78.81897974014282
 Thread 10 estimated dimension 0 of 20 : 0.8260721331580626  | time taken : 79.8441333770752
 Thread 6 estimated dimension 0 of 20 : 0.8246038781249737  | time taken : 86.31170725822449
 Thread 9 estimated dimension 0 of 20 : 0.8347412250013836  | time taken : 91.4313895702362
 Thread 4 estimated dimension 0 of 20 : 0.82252234506337  | time taken : 97.36395454406738
 Thread 13 estimated dimension 1 of 20 : 0.5674469397455849  | time taken : 187.33796620368958
 Thread 10 estimated dimension 1 of 20 : 0.6638250243601439  | time taken : 200.2125687599182
 Thread 3 estimated dimension 1 of 20 : 0.657498698600103  | time taken : 234.51163601875305
 Thread 4 estimated dimension 1 of 20 : 0.44767223503213505  | time taken : 249.92871189117432
 Thread 9 estimated dimension 1 of 20 : 0.5338371510593743  | time taken : 260.6961817741394
 Thread 6 estimated dimension 1 of 20 : 0.3458498980435722  | time taken : 297.14558458328247
 Thread 13 estimated dimension 2 of 20 : 0.7399001586464822  | time taken : 147.59406208992004
 Thread 10 estimated dimension 2 of 20 : 0.7556824747561214  | time taken : 134.2273440361023
 Thread 11 estimated dimension 1 of 20 : 0.29479237229642113  | time taken : 382.4394154548645
 Thread 3 estimated dimension 2 of 20 : 0.6978440436808055  | time taken : 158.67035055160522
 Thread 14 estimated dimension 0 of 20 : 0.22806535297208075  | time taken : 500.83082461357117
 Thread 10 estimated dimension 3 of 20 : 0.8412987988337237  | time taken : 87.44188284873962
 Thread 13 estimated dimension 3 of 20 : 0.7534578333575785  | time taken : 95.03260087966919
 Thread 6 estimated dimension 2 of 20 : 0.5334866935744403  | time taken : 156.43124914169312
 Thread 3 estimated dimension 3 of 20 : 0.6744924430844685  | time taken : 105.91579127311707
 Thread 7 estimated dimension 0 of 20 : 0.17532136498491052  | time taken : 598.8837871551514
 Thread 4 estimated dimension 2 of 20 : 0.47854042107073125  | time taken : 266.00912499427795
 Thread 9 estimated dimension 2 of 20 : 0.45456827131760563  | time taken : 261.60521364212036
 Thread 11 estimated dimension 2 of 20 : 0.5238382444980245  | time taken : 188.20468664169312
 Thread 8 estimated dimension 0 of 20 : 0.17155790723655331  | time taken : 656.4042735099792
 Thread 12 estimated dimension 0 of 20 : 0.18470767513750946  | time taken : 672.2453472614288
 Thread 10 estimated dimension 4 of 20 : 0.6622373605549204  | time taken : 164.13998985290527
 Thread 5 estimated dimension 0 of 20 : 0.1754389924271656  | time taken : 675.7750196456909
 Thread 6 estimated dimension 3 of 20 : 0.6124547585091785  | time taken : 134.75944828987122
 Thread 13 estimated dimension 4 of 20 : 0.6917881903232019  | time taken : 168.46398663520813
 Thread 1 estimated dimension 0 of 20 : 0.18492386702985303  | time taken : 697.4281454086304exiting with current heads : 12661 out of 12662 | exp rv: 74636.9184890385

 Thread 2 estimated dimension 0 of 20 : 0.16963454891106539  | time taken : 722.0923821926117
 Thread 14 estimated dimension 1 of 20 : 0.4862407191304835  | time taken : 228.3891851902008
 Thread 6 estimated dimension 4 of 20 : 0.8742278969493825  | time taken : 92.51156449317932
 Thread 11 estimated dimension 3 of 20 : 0.6956872693612154  | time taken : 145.92803812026978
 Thread 10 estimated dimension 5 of 20 : 0.8254733898188233  | time taken : 135.35063314437866
 Thread 9 estimated dimension 3 of 20 : 0.43196857767806124  | time taken : 215.6828808784485
 Thread 4 estimated dimension 3 of 20 : 0.4394273512394636  | time taken : 227.18892908096313
 Thread 10 estimated dimension 6 of 20 : 0.9843369417945556  | time taken : 26.8574321269989
 Thread 6 estimated dimension 5 of 20 : 0.8826064779800578  | time taken : 74.03368139266968
 Thread 7 estimated dimension 1 of 20 : 0.42497336948611025  | time taken : 273.1249668598175
 Thread 11 estimated dimension 4 of 20 : 0.9352630596120108  | time taken : 77.27959108352661
 Thread 1 estimated dimension 1 of 20 : 0.6481203889321377  | time taken : 185.63472604751587
 Thread 3 estimated dimension 4 of 20 : 0.32081572494694066  | time taken : 306.5626537799835
 Thread 14 estimated dimension 2 of 20 : 0.6795602281686238  | time taken : 165.17710947990417
 Thread 8 estimated dimension 1 of 20 : 0.47692407790461966  | time taken : 285.51149106025696
 Thread 12 estimated dimension 1 of 20 : 0.3496449639586252  | time taken : 270.45220828056335
 Thread 11 estimated dimension 5 of 20 : 0.896112133498934  | time taken : 72.10400748252869
 Thread 2 estimated dimension 1 of 20 : 0.3754679333825856  | time taken : 265.60363960266113
 Thread 1 estimated dimension 2 of 20 : 0.8527984546905679  | time taken : 112.9859127998352
 Thread 9 estimated dimension 4 of 20 : 0.6192496170302311  | time taken : 162.54619789123535
 Thread 5 estimated dimension 1 of 20 : 0.3009721134418632  | time taken : 350.658540725708
 Thread 14 estimated dimension 3 of 20 : 0.6334027224859121  | time taken : 145.97983050346375
 Thread 10 estimated dimension 7 of 20 : 0.6424555746336702  | time taken : 224.83174657821655
 Thread 3 estimated dimension 5 of 20 : 0.43728919039417724  | time taken : 210.7894434928894
 Thread 7 estimated dimension 2 of 20 : 0.43166107337060494  | time taken : 239.7709789276123
 Thread 1 estimated dimension 3 of 20 : 0.7403891814635779  | time taken : 122.58052945137024
 Thread 9 estimated dimension 5 of 20 : 0.6648055803954543  | time taken : 132.45299887657166
 Thread 2 estimated dimension 2 of 20 : 0.6280168113845147  | time taken : 149.31893134117126
 Thread 8 estimated dimension 2 of 20 : 0.4321275283028471  | time taken : 201.29454350471497
 Thread 14 estimated dimension 4 of 20 : 0.8626874322747013  | time taken : 98.76999092102051
 Thread 6 estimated dimension 6 of 20 : 0.4258456701659363  | time taken : 302.92737650871277
 Thread 4 estimated dimension 4 of 20 : 0.46817027631214064  | time taken : 314.69586753845215
 Thread 11 estimated dimension 6 of 20 : 0.4455642177361431  | time taken : 210.3808798789978
 Thread 14 estimated dimension 5 of 20 : 1  | time taken : 17.78376269340515
 Thread 12 estimated dimension 2 of 20 : 0.5136138777177914  | time taken : 231.61843705177307
 Thread 3 estimated dimension 6 of 20 : 0.7786512687586309  | time taken : 81.80845737457275
 Thread 10 estimated dimension 8 of 20 : 0.6596935054582058  | time taken : 125.8886034488678
 Thread 5 estimated dimension 2 of 20 : 0.6557515650536327  | time taken : 177.3172698020935
 Thread 13 estimated dimension 5 of 20 : 0.16622918228311553  | time taken : 558.6022400856018
 Thread 2 estimated dimension 3 of 20 : 0.8395451208505944  | time taken : 107.12933421134949
 Thread 13 estimated dimension 6 of 20 : 1  | time taken : 33.4975700378418
 Thread 9 estimated dimension 6 of 20 : 0.629576924469667  | time taken : 148.54543495178223
 Thread 6 estimated dimension 7 of 20 : 0.5521141310620956  | time taken : 135.40449142456055
 Thread 9 estimated dimension 7 of 20 : 0.9953396602644269  | time taken : 33.951356410980225
 Thread 14 estimated dimension 6 of 20 : 0.5997682186919516  | time taken : 163.5048017501831
 Thread 2 estimated dimension 4 of 20 : 0.9042416894436681  | time taken : 95.52481126785278
 Thread 11 estimated dimension 7 of 20 : 0.6134210837396393  | time taken : 177.86398839950562
 Thread 7 estimated dimension 3 of 20 : 0.5695214469238469  | time taken : 230.70924520492554
 Thread 9 estimated dimension 8 of 20 : 1  | time taken : 33.172236919403076
 Thread 10 estimated dimension 9 of 20 : 0.7123324999992966  | time taken : 156.75614762306213
 Thread 5 estimated dimension 3 of 20 : 0.7439682441212895  | time taken : 159.85114312171936
 Thread 2 estimated dimension 5 of 20 : 1  | time taken : 18.954867362976074
 Thread 4 estimated dimension 5 of 20 : 0.34977728224037385  | time taken : 252.34401774406433
 Thread 4 estimated dimension 6 of 20 : 1  | time taken : 28.826014041900635
 Thread 5 estimated dimension 4 of 20 : 0.9040885948063947  | time taken : 99.5852484703064
 Thread 4 estimated dimension 7 of 20 : 1  | time taken : 22.459577083587646
 Thread 6 estimated dimension 8 of 20 : 0.7272566292796215  | time taken : 185.334979057312
 Thread 1 estimated dimension 4 of 20 : 0.3384245138183545  | time taken : 358.7515678405762
 Thread 11 estimated dimension 8 of 20 : 0.7022246613981082  | time taken : 135.55641770362854
 Thread 4 estimated dimension 8 of 20 : 0.9978067041830753  | time taken : 17.30870032310486
 Thread 8 estimated dimension 3 of 20 : 0.4555156518110718  | time taken : 346.1030707359314
 Thread 9 estimated dimension 9 of 20 : 0.7029673602127359  | time taken : 135.72522497177124
 Thread 5 estimated dimension 5 of 20 : 0.9931505579711238  | time taken : 31.879772186279297
 Thread 14 estimated dimension 7 of 20 : 0.653677600998053  | time taken : 167.84852719306946
 Thread 13 estimated dimension 7 of 20 : 0.5815073824882568  | time taken : 224.48475122451782
 Thread 10 estimated dimension 10 of 20 : 0.7167343148025344  | time taken : 152.33875846862793
 Thread 7 estimated dimension 4 of 20 : 0.5441670253218713  | time taken : 166.70559883117676
 Thread 1 estimated dimension 5 of 20 : 1  | time taken : 39.41334581375122
 Thread 3 estimated dimension 7 of 20 : 0.2827253786249103  | time taken : 339.91529846191406
 Thread 4 estimated dimension 9 of 20 : 0.9850487858032853  | time taken : 40.26871466636658
 Thread 7 estimated dimension 5 of 20 : 0.991564855794859  | time taken : 42.30499267578125
 Thread 12 estimated dimension 3 of 20 : 0.3651756365815275  | time taken : 384.70015692710876
 Thread 10 estimated dimension 11 of 20 : 0.9963888850853961  | time taken : 65.28872466087341
 Thread 6 estimated dimension 9 of 20 : 0.8031767067298465  | time taken : 127.8864095211029
 Thread 8 estimated dimension 4 of 20 : 0.7750576568226555  | time taken : 121.9707419872284
 Thread 1 estimated dimension 6 of 20 : 0.7195495813854774  | time taken : 110.24933171272278
 Thread 8 estimated dimension 5 of 20 : 0.992100171095156  | time taken : 18.05380368232727
 Thread 11 estimated dimension 9 of 20 : 0.6461390863157236  | time taken : 156.66682648658752
 Thread 13 estimated dimension 8 of 20 : 0.6162266514719121  | time taken : 172.47152018547058
 Thread 9 estimated dimension 10 of 20 : 0.701449822136367  | time taken : 183.97279834747314
 Thread 14 estimated dimension 8 of 20 : 0.6971371020864223  | time taken : 180.97766399383545
 Thread 12 estimated dimension 4 of 20 : 0.7614223701737789  | time taken : 123.29528045654297
 Thread 3 estimated dimension 8 of 20 : 0.6382983782031064  | time taken : 168.83154439926147
 Thread 9 estimated dimension 11 of 20 : 0.988322062806624  | time taken : 22.026498556137085
 Thread 2 estimated dimension 6 of 20 : 0.36243750191257024  | time taken : 349.6476972103119
 Thread 12 estimated dimension 5 of 20 : 1  | time taken : 32.60317420959473
 Thread 7 estimated dimension 6 of 20 : 0.6495428675828292  | time taken : 179.03541326522827
 Thread 11 estimated dimension 10 of 20 : 0.809774826585266  | time taken : 102.2108051776886
 Thread 3 estimated dimension 9 of 20 : 0.9825699572889273  | time taken : 45.62586236000061
 Thread 3 estimated dimension 10 of 20 : 1  | time taken : 21.801330089569092
 Thread 4 estimated dimension 10 of 20 : 0.5045532632233676  | time taken : 241.89673256874084
 Thread 7 estimated dimension 7 of 20 : 0.9987022810976987  | time taken : 40.244924783706665
 Thread 11 estimated dimension 11 of 20 : 0.9987165249914448  | time taken : 39.73421883583069
 Thread 10 estimated dimension 12 of 20 : 0.6852911757014746  | time taken : 213.62962818145752
 Thread 4 estimated dimension 11 of 20 : 0.9940129610699279  | time taken : 34.893028020858765
 Thread 7 estimated dimension 8 of 20 : 1  | time taken : 57.205227851867676
 Thread 5 estimated dimension 6 of 20 : 0.31033747972815273  | time taken : 383.2964367866516
 Thread 1 estimated dimension 7 of 20 : 0.5282035250903422  | time taken : 260.51184487342834
 Thread 2 estimated dimension 7 of 20 : 0.5539558136065619  | time taken : 195.80140590667725
 Thread 8 estimated dimension 6 of 20 : 0.4796375113519861  | time taken : 278.5989315509796
 Thread 13 estimated dimension 9 of 20 : 0.6217241547437623  | time taken : 241.43719267845154
 Thread 9 estimated dimension 12 of 20 : 0.6237292376407985  | time taken : 219.17998218536377
 Thread 13 estimated dimension 10 of 20 : 0.9968641622688607  | time taken : 32.98996591567993
 Thread 12 estimated dimension 6 of 20 : 0.5362967049398305  | time taken : 254.68077564239502
 Thread 11 estimated dimension 12 of 20 : 0.6204466658294425  | time taken : 193.24580645561218
 Thread 9 estimated dimension 13 of 20 : 0.97677826736795  | time taken : 56.04599356651306
 Thread 13 estimated dimension 11 of 20 : 0.9899635767095053  | time taken : 35.08318042755127
 Thread 9 estimated dimension 14 of 20 : 1  | time taken : 18.97446870803833
 Thread 4 estimated dimension 12 of 20 : 0.5474692500578816  | time taken : 198.19133925437927
 Thread 14 estimated dimension 9 of 20 : 0.3649668149221798  | time taken : 345.7291724681854
 Thread 5 estimated dimension 7 of 20 : 0.6545973541667687  | time taken : 170.81250143051147
 Thread 14 estimated dimension 10 of 20 : 0.9908028677382464  | time taken : 34.34489417076111
 Thread 2 estimated dimension 8 of 20 : 0.716487355913881  | time taken : 155.59084677696228
 Thread 7 estimated dimension 9 of 20 : 0.5280387270438112  | time taken : 227.1057095527649
 Thread 7 estimated dimension 10 of 20 : 1  | time taken : 16.92107319831848
 Thread 8 estimated dimension 7 of 20 : 0.5655659789417853  | time taken : 179.0077736377716
 Thread 10 estimated dimension 13 of 20 : 0.4452654987972909  | time taken : 338.0916736125946
 Thread 8 estimated dimension 8 of 20 : 1  | time taken : 34.35985970497131
 Thread 6 estimated dimension 10 of 20 : 0.19693845419577857  | time taken : 532.9863851070404
 Thread 7 estimated dimension 11 of 20 : 0.9930079461439918  | time taken : 46.73420453071594
 Thread 12 estimated dimension 7 of 20 : 0.5639720675738329  | time taken : 171.75644874572754
 Thread 13 estimated dimension 12 of 20 : 0.5500951110628423  | time taken : 183.2886312007904
 Thread 14 estimated dimension 11 of 20 : 0.7662702177986997  | time taken : 117.5170259475708
 Thread 5 estimated dimension 8 of 20 : 0.791098036303953  | time taken : 127.79868197441101
 Thread 6 estimated dimension 11 of 20 : 0.9905137417343574  | time taken : 46.80855917930603
 Thread 9 estimated dimension 15 of 20 : 0.6934733917675668  | time taken : 185.79384112358093
 Thread 12 estimated dimension 8 of 20 : 1  | time taken : 43.24500131607056
 Thread 3 estimated dimension 11 of 20 : 0.27978520120741573  | time taken : 457.0778932571411
 Thread 9 estimated dimension 16 of 20 : 0.9964131766383315  | time taken : 49.11884331703186
 Thread 4 estimated dimension 13 of 20 : 0.5002153569109494  | time taken : 244.68648099899292
 Thread 1 estimated dimension 8 of 20 : 0.3628364518561375  | time taken : 363.02715253829956
 Thread 10 estimated dimension 14 of 20 : 0.6280874701651008  | time taken : 141.26483964920044
 Thread 11 estimated dimension 13 of 20 : 0.356124764005689  | time taken : 300.1709988117218
 Thread 4 estimated dimension 14 of 20 : 0.9773958495184104  | time taken : 31.645936012268066
 Thread 7 estimated dimension 12 of 20 : 0.5769112622057965  | time taken : 146.82768726348877
 Thread 9 estimated dimension 17 of 20 : 1  | time taken : 68.82725858688354
 Thread 12 estimated dimension 9 of 20 : 0.7000647384682082  | time taken : 130.27072167396545
 Thread 1 estimated dimension 9 of 20 : 0.9978568690117966  | time taken : 76.29738855361938
 Thread 5 estimated dimension 9 of 20 : 0.7844680154544776  | time taken : 150.41898393630981
 Thread 7 estimated dimension 13 of 20 : 0.9949135287103477  | time taken : 61.070629358291626
 Thread 14 estimated dimension 12 of 20 : 0.5562926193475882  | time taken : 173.18836426734924
 Thread 6 estimated dimension 12 of 20 : 0.47994629912182923  | time taken : 188.9480001926422
 Thread 12 estimated dimension 10 of 20 : 1  | time taken : 49.94848704338074
 Thread 1 estimated dimension 10 of 20 : 1  | time taken : 47.02449131011963
 Thread 14 estimated dimension 13 of 20 : 0.990427327160804  | time taken : 28.43474817276001
 Thread 5 estimated dimension 10 of 20 : 0.9993423084106708  | time taken : 52.937336683273315
 Thread 13 estimated dimension 13 of 20 : 0.509468705525471  | time taken : 217.17472958564758
 Thread 7 estimated dimension 14 of 20 : 0.9958085479549227  | time taken : 44.914963245391846
 Thread 5 estimated dimension 11 of 20 : 0.9965127323138966  | time taken : 20.361369132995605
 Thread 14 estimated dimension 14 of 20 : 0.9991641884988827  | time taken : 33.847952365875244
 Thread 12 estimated dimension 11 of 20 : 0.988330977932645  | time taken : 51.26385164260864
 Thread 10 estimated dimension 15 of 20 : 0.6658234370760564  | time taken : 164.6371603012085
 Thread 13 estimated dimension 14 of 20 : 0.9991997964079111  | time taken : 58.12963628768921
 Thread 3 estimated dimension 12 of 20 : 0.5186849189256113  | time taken : 234.20210480690002
 Thread 4 estimated dimension 15 of 20 : 0.6507066132042831  | time taken : 187.39068341255188
 Thread 11 estimated dimension 14 of 20 : 0.5070083936173366  | time taken : 202.6116931438446
 Thread 2 estimated dimension 9 of 20 : 0.22592645048237314  | time taken : 428.15553069114685
 Thread 9 estimated dimension 18 of 20 : 0.5436188858879047  | time taken : 181.57034945487976
 Thread 10 estimated dimension 16 of 20 : 1  | time taken : 57.952614068984985
 Thread 8 estimated dimension 9 of 20 : 0.35277818430822855  | time taken : 369.85801792144775
 Thread 12 estimated dimension 12 of 20 : 0.9915027692030915  | time taken : 67.31920051574707
 Thread 3 estimated dimension 13 of 20 : 0.9842328754018749  | time taken : 49.171533823013306
 Thread 11 estimated dimension 15 of 20 : 0.9976575070183566  | time taken : 42.66587781906128
 Thread 5 estimated dimension 12 of 20 : 0.5817253914638554  | time taken : 129.7436282634735
 Thread 4 estimated dimension 16 of 20 : 1  | time taken : 73.45299649238586
 Thread 8 estimated dimension 10 of 20 : 0.9822775215660253  | time taken : 59.15348744392395
 Thread 10 estimated dimension 17 of 20 : 1  | time taken : 63.05635380744934
 Thread 3 estimated dimension 14 of 20 : 1  | time taken : 68.70593690872192
 Thread 2 estimated dimension 10 of 20 : 0.9916602067027704  | time taken : 91.34397172927856
 Thread 7 estimated dimension 15 of 20 : 0.6753785689756476  | time taken : 188.0766670703888
 Thread 11 estimated dimension 16 of 20 : 0.9884844121167652  | time taken : 69.07451558113098
 Thread 1 estimated dimension 11 of 20 : 0.5147093928430616  | time taken : 214.49948740005493
 Thread 3 estimated dimension 15 of 20 : 0.9901104488937306  | time taken : 18.429660320281982
 Thread 14 estimated dimension 15 of 20 : 0.6920030334360298  | time taken : 172.91989016532898
 Thread 13 estimated dimension 15 of 20 : 0.6812927223563126  | time taken : 145.6211416721344
 Thread 4 estimated dimension 17 of 20 : 0.9977437542390591  | time taken : 57.984458684921265
 Thread 2 estimated dimension 11 of 20 : 1  | time taken : 46.37605094909668
 Thread 8 estimated dimension 11 of 20 : 1  | time taken : 73.46588969230652
 Thread 7 estimated dimension 16 of 20 : 0.9979636439727727  | time taken : 49.11443376541138
 Thread 1 estimated dimension 12 of 20 : 1  | time taken : 64.62084317207336
 Thread 11 estimated dimension 17 of 20 : 1  | time taken : 69.08983778953552
 Thread 3 estimated dimension 16 of 20 : 1  | time taken : 69.94398283958435
 Thread 13 estimated dimension 16 of 20 : 0.989050094592439  | time taken : 67.3529417514801
 Thread 8 estimated dimension 12 of 20 : 0.9901589286328767  | time taken : 39.98317193984985
 Thread 14 estimated dimension 16 of 20 : 0.9965860702613568  | time taken : 85.43781208992004
 Thread 7 estimated dimension 17 of 20 : 0.9990315457743114  | time taken : 67.1384630203247
 Thread 1 estimated dimension 13 of 20 : 0.9987301782829023  | time taken : 43.669410943984985
 Thread 11 estimated dimension 18 of 20 : 1  | time taken : 57.802228689193726
 Thread 8 estimated dimension 13 of 20 : 0.997439982075755  | time taken : 62.570608377456665
 Thread 3 estimated dimension 17 of 20 : 0.9947166712910201  | time taken : 71.94330644607544
 Thread 14 estimated dimension 17 of 20 : 0.994323115953663  | time taken : 59.71678113937378
 Thread 13 estimated dimension 17 of 20 : 1  | time taken : 80.39253544807434
 Thread 1 estimated dimension 14 of 20 : 1  | time taken : 57.130921363830566
 Thread 9 estimated dimension 19 of 20 : 0.48062367581890003  | time taken : 284.88143038749695
 Thread 9 nsolns: 368873
 Thread 12 estimated dimension 13 of 20 : 0.49021109526352524  | time taken : 285.07183742523193
 Thread 8 estimated dimension 14 of 20 : 1  | time taken : 50.80680465698242
 Thread 4 estimated dimension 18 of 20 : 0.5643063752671754  | time taken : 196.31713581085205
 Thread 10 estimated dimension 18 of 20 : 0.5046242010984312  | time taken : 253.92116236686707
 Thread 3 estimated dimension 18 of 20 : 0.9947643060220017  | time taken : 74.94819355010986
 Thread 1 estimated dimension 15 of 20 : 0.9967711096061094  | time taken : 63.90809988975525
 Thread 8 estimated dimension 15 of 20 : 1  | time taken : 41.72375178337097
 Thread 12 estimated dimension 14 of 20 : 0.9915635318617351  | time taken : 61.157794713974
 Thread 6 estimated dimension 13 of 20 : 0.33851085543209325  | time taken : 493.94508957862854
 Thread 9 estimated dimension 0 of 20 : 0.8369692142708453  | time taken : 108.01325869560242
 Thread 6 estimated dimension 14 of 20 : 0.9870471320434387  | time taken : 32.38898587226868
 Thread 8 estimated dimension 16 of 20 : 1  | time taken : 62.8275842666626
 Thread 4 estimated dimension 19 of 20 : 1  | time taken : 108.83364677429199
 Thread 4 nsolns: 392976
 Thread 12 estimated dimension 15 of 20 : 0.9886011908983865  | time taken : 72.10071063041687
 Thread 1 estimated dimension 16 of 20 : 1  | time taken : 91.22162103652954
 Thread 8 estimated dimension 17 of 20 : 0.9965971257440023  | time taken : 34.352588415145874
 Thread 12 estimated dimension 16 of 20 : 1  | time taken : 16.35468363761902
 Thread 2 estimated dimension 12 of 20 : 0.46986827028070266  | time taken : 323.4542076587677
 Thread 1 estimated dimension 17 of 20 : 0.9942247777117971  | time taken : 48.162914991378784
 Thread 6 estimated dimension 15 of 20 : 0.998700894042861  | time taken : 79.83203840255737
 Thread 5 estimated dimension 13 of 20 : 0.29896900973305585  | time taken : 447.27257013320923
 Thread 12 estimated dimension 17 of 20 : 0.9937608583286203  | time taken : 59.068049907684326
 Thread 11 estimated dimension 19 of 20 : 0.4695893864870244  | time taken : 289.8076202869415
 Thread 11 nsolns: 402367
 Thread 13 estimated dimension 18 of 20 : 0.4108785264897799  | time taken : 264.074138879776
 Thread 2 estimated dimension 13 of 20 : 1  | time taken : 65.14050340652466
 Thread 5 estimated dimension 14 of 20 : 0.9926891948299975  | time taken : 49.699284076690674
 Thread 6 estimated dimension 16 of 20 : 1  | time taken : 83.15519404411316
 Thread 7 estimated dimension 18 of 20 : 0.48100804065403  | time taken : 365.5969841480255
 Thread 3 estimated dimension 19 of 20 : 0.5419507824275084  | time taken : 253.2025043964386
 Thread 14 estimated dimension 18 of 20 : 0.4596536199149685  | time taken : 326.47811818122864
 Thread 3 nsolns: 415244
 Thread 13 estimated dimension 19 of 20 : 1  | time taken : 70.16208839416504
 Thread 13 nsolns: 413283
 Thread 10 estimated dimension 19 of 20 : 0.5416302636472856  | time taken : 277.0033414363861
 Thread 10 nsolns: 359872
 Thread 9 estimated dimension 1 of 20 : 0.662722646525198  | time taken : 218.86399579048157
 Thread 6 estimated dimension 17 of 20 : 0.9973874664797646  | time taken : 40.77108979225159
 Thread 5 estimated dimension 15 of 20 : 1  | time taken : 83.13216376304626
 Thread 2 estimated dimension 14 of 20 : 0.992603401144746  | time taken : 105.31991648674011
 Thread 14 estimated dimension 19 of 20 : 1  | time taken : 78.61017775535583
 Thread 14 nsolns: 401282
 Thread 7 estimated dimension 19 of 20 : 0.9897109223834764  | time taken : 86.1745502948761
 Thread 5 estimated dimension 16 of 20 : 0.991163891037971  | time taken : 31.249576568603516
 Thread 7 nsolns: 413522
 Thread 11 estimated dimension 0 of 20 : 0.8118942786183861  | time taken : 150.15907835960388
 Thread 13 estimated dimension 0 of 20 : 0.8642061425393097  | time taken : 76.62853288650513
 Thread 8 estimated dimension 18 of 20 : 0.5596132788822211  | time taken : 237.37815856933594
 Thread 3 estimated dimension 0 of 20 : 0.8595739654170929  | time taken : 111.05675148963928
 Thread 6 estimated dimension 18 of 20 : 0.9946958612321676  | time taken : 111.20086979866028
 Thread 1 estimated dimension 18 of 20 : 0.4374263679476064  | time taken : 253.71825909614563
 Thread 5 estimated dimension 17 of 20 : 1  | time taken : 76.15424585342407
 Thread 2 estimated dimension 15 of 20 : 1  | time taken : 113.59088349342346
 Thread 14 estimated dimension 0 of 20 : 0.784849493008412  | time taken : 112.14058017730713
 Thread 8 estimated dimension 19 of 20 : 1  | time taken : 98.32851934432983
 Thread 9 estimated dimension 2 of 20 : 0.7753848292511616  | time taken : 169.4882733821869
 Thread 8 nsolns: 420550
 Thread 6 estimated dimension 19 of 20 : 0.9949594683742842  | time taken : 53.29783868789673
 Thread 6 nsolns: 427108
 Thread 12 estimated dimension 18 of 20 : 0.5077757000333795  | time taken : 307.6569125652313
 Thread 2 estimated dimension 16 of 20 : 1  | time taken : 69.99742531776428
 Thread 1 estimated dimension 19 of 20 : 0.9965548492707177  | time taken : 125.20859837532043
 Thread 5 estimated dimension 18 of 20 : 0.9886141587879845  | time taken : 118.9978277683258
 Thread 1 nsolns: 413645
 Thread 12 estimated dimension 19 of 20 : 0.9971396306269898  | time taken : 56.54699468612671
 Thread 12 nsolns: 422523
 Thread 5 estimated dimension 19 of 20 : 0.9915118912523012  | time taken : 55.61611032485962
 Thread 5 nsolns: 434760
 Thread 2 estimated dimension 17 of 20 : 1  | time taken : 98.81601166725159
 Thread 6 estimated dimension 0 of 20 : 0.8449868530902221  | time taken : 147.9886395931244
 Thread 13 estimated dimension 1 of 20 : 0.3314346748786211  | time taken : 270.3084704875946
 Thread 9 estimated dimension 3 of 20 : 0.7526420731485023  | time taken : 161.45045638084412
 Thread 11 estimated dimension 1 of 20 : 0.5312778815341465  | time taken : 282.62585163116455
 Thread 2 estimated dimension 18 of 20 : 1  | time taken : 66.15425372123718
 Thread 1 estimated dimension 0 of 20 : 0.7933453780054193  | time taken : 136.41370820999146
 Thread 14 estimated dimension 1 of 20 : 0.40170766980936845  | time taken : 253.8880717754364
 Thread 3 estimated dimension 1 of 20 : 0.39267678395467637  | time taken : 368.5421531200409
 Thread 2 estimated dimension 19 of 20 : 0.9895419188455072  | time taken : 98.76961278915405
 Thread 2 nsolns: 443206exiting with current heads : 12661 out of 12662 | exp rv: 63721.540902972985

 Thread 4 estimated dimension 0 of 20 : 0.19869262137396446  | time taken : 711.3398518562317
 Thread 13 estimated dimension 2 of 20 : 0.649464247364372  | time taken : 215.81518578529358
 Thread 10 estimated dimension 0 of 20 : 0.23576037825099622  | time taken : 578.6637806892395
 Thread 1 estimated dimension 1 of 20 : 0.6809680627722042  | time taken : 193.4837703704834
 Thread 2 estimated dimension 0 of 20 : 0.7783966209841008  | time taken : 123.35873246192932
 Thread 6 estimated dimension 1 of 20 : 0.41127017320607323  | time taken : 311.21719455718994
 Thread 3 estimated dimension 2 of 20 : 0.5065553369361898  | time taken : 241.03136944770813
 Thread 13 estimated dimension 3 of 20 : 0.6926254957791252  | time taken : 148.08126783370972
 Thread 4 estimated dimension 1 of 20 : 0.5508828315404994  | time taken : 182.92071866989136
 Thread 1 estimated dimension 2 of 20 : 0.7169543995523562  | time taken : 114.79885482788086
 Thread 9 estimated dimension 4 of 20 : 0.289953440289868  | time taken : 376.7763764858246
 Thread 10 estimated dimension 1 of 20 : 0.6772482439992635  | time taken : 164.34009766578674
 Thread 7 estimated dimension 0 of 20 : 0.16485712016219986  | time taken : 739.0011384487152
 Thread 6 estimated dimension 2 of 20 : 0.6408562725174357  | time taken : 159.47883105278015
 Thread 1 estimated dimension 3 of 20 : 0.7765586420896781  | time taken : 151.55315446853638
 Thread 8 estimated dimension 0 of 20 : 0.2224438613798988  | time taken : 696.9175035953522
 Thread 11 estimated dimension 2 of 20 : 0.24559143235792477  | time taken : 542.0432748794556
 Thread 10 estimated dimension 2 of 20 : 0.5858220717478038  | time taken : 152.77649807929993
 Thread 3 estimated dimension 3 of 20 : 0.6134126062567369  | time taken : 197.6538486480713
 Thread 14 estimated dimension 2 of 20 : 0.3363688966973828  | time taken : 475.2117540836334
 Thread 2 estimated dimension 1 of 20 : 0.45772900461217286  | time taken : 291.9319508075714
 Thread 12 estimated dimension 0 of 20 : 0.26973808985125863  | time taken : 682.451169013977
 Thread 7 estimated dimension 1 of 20 : 0.795877037282966  | time taken : 173.76375198364258
 Thread 5 estimated dimension 0 of 20 : 0.25822996501357837  | time taken : 675.1436283588409
 Thread 3 estimated dimension 4 of 20 : 0.867768119655858  | time taken : 112.40350985527039
 Thread 8 estimated dimension 1 of 20 : 0.6966847287450223  | time taken : 137.23670840263367
 Thread 2 estimated dimension 2 of 20 : 0.6851565494117341  | time taken : 161.20761275291443
 Thread 9 estimated dimension 5 of 20 : 0.5452339001559301  | time taken : 364.24891090393066
 Thread 4 estimated dimension 2 of 20 : 0.3490553813650714  | time taken : 397.44209122657776
 Thread 9 estimated dimension 6 of 20 : 0.9951383789130348  | time taken : 36.368084192276
 Thread 10 estimated dimension 3 of 20 : 0.6831387446203795  | time taken : 240.56135535240173
 Thread 3 estimated dimension 5 of 20 : 0.90196302915134  | time taken : 114.05845618247986
 Thread 14 estimated dimension 3 of 20 : 0.5682878434001088  | time taken : 237.69513535499573
 Thread 11 estimated dimension 3 of 20 : 0.599978481639649  | time taken : 253.6563642024994
 Thread 8 estimated dimension 2 of 20 : 0.6264191577411317  | time taken : 143.65676188468933
 Thread 6 estimated dimension 3 of 20 : 0.37286814370907256  | time taken : 382.1373770236969
 Thread 12 estimated dimension 1 of 20 : 0.569641284618965  | time taken : 232.08208537101746
 Thread 5 estimated dimension 1 of 20 : 0.3937181279478112  | time taken : 197.88102197647095
 Thread 13 estimated dimension 4 of 20 : 0.2541904906445236  | time taken : 491.3077619075775
 Thread 2 estimated dimension 3 of 20 : 0.7483980854108234  | time taken : 140.65491604804993
 Thread 1 estimated dimension 4 of 20 : 0.3137485601166351  | time taken : 365.0780556201935
 Thread 3 estimated dimension 6 of 20 : 0.6460210136105903  | time taken : 164.16852712631226
 Thread 4 estimated dimension 3 of 20 : 0.6383076863090492  | time taken : 198.44052743911743
 Thread 2 estimated dimension 4 of 20 : 0.8665937734397224  | time taken : 111.89352130889893
 Thread 11 estimated dimension 4 of 20 : 0.690040689843075  | time taken : 199.88527727127075
 Thread 9 estimated dimension 7 of 20 : 0.6984756744429012  | time taken : 225.24768710136414
 Thread 6 estimated dimension 4 of 20 : 0.6596598230928592  | time taken : 164.49601912498474
 Thread 14 estimated dimension 4 of 20 : 0.5369515501919124  | time taken : 213.63022446632385
 Thread 5 estimated dimension 2 of 20 : 0.7647386187769695  | time taken : 171.1177523136139
 Thread 13 estimated dimension 5 of 20 : 0.5397267204803833  | time taken : 207.48197746276855
 Thread 10 estimated dimension 4 of 20 : 0.6868213766232708  | time taken : 277.90508937835693
 Thread 8 estimated dimension 3 of 20 : 0.7797860287472923  | time taken : 249.8170771598816
 Thread 7 estimated dimension 2 of 20 : 0.27758806491256605  | time taken : 459.14590525627136
 Thread 2 estimated dimension 5 of 20 : 0.8968206924951344  | time taken : 94.16660022735596
 Thread 10 estimated dimension 5 of 20 : 1  | time taken : 31.062633991241455
 Thread 3 estimated dimension 7 of 20 : 0.718043801812483  | time taken : 151.79882907867432
 Thread 6 estimated dimension 5 of 20 : 0.7351226418887636  | time taken : 99.42925357818604
 Thread 10 estimated dimension 6 of 20 : 0.9862450658345157  | time taken : 27.75804114341736
 Thread 14 estimated dimension 5 of 20 : 0.6388976736170431  | time taken : 116.8180079460144
 Thread 1 estimated dimension 5 of 20 : 0.5028453074023376  | time taken : 248.69182467460632
 Thread 4 estimated dimension 4 of 20 : 0.5901158840304063  | time taken : 171.8888738155365
 Thread 11 estimated dimension 5 of 20 : 0.73601334103717  | time taken : 137.1415615081787
 Thread 5 estimated dimension 3 of 20 : 0.7259718046592795  | time taken : 131.43041348457336
 Thread 4 estimated dimension 5 of 20 : 1  | time taken : 23.845348834991455
 Thread 13 estimated dimension 6 of 20 : 0.7674900859196503  | time taken : 125.66220378875732
 Thread 1 estimated dimension 6 of 20 : 1  | time taken : 55.486570596694946
 Thread 9 estimated dimension 8 of 20 : 0.5269862197106241  | time taken : 233.51227116584778
 Thread 3 estimated dimension 8 of 20 : 0.7936434212317206  | time taken : 135.13720798492432
 Thread 14 estimated dimension 6 of 20 : 0.716308077517538  | time taken : 132.60730171203613
 Thread 9 estimated dimension 9 of 20 : 1  | time taken : 30.182803630828857
 Thread 12 estimated dimension 2 of 20 : 0.3640803831842685  | time taken : 432.6763803958893
 Thread 2 estimated dimension 6 of 20 : 0.6239772760019677  | time taken : 193.48278522491455
 Thread 14 estimated dimension 7 of 20 : 1  | time taken : 22.273518323898315
 Thread 7 estimated dimension 3 of 20 : 0.5000448674242041  | time taken : 219.36059165000916
 Thread 10 estimated dimension 7 of 20 : 0.5796721922572864  | time taken : 185.80062890052795
 Thread 14 estimated dimension 8 of 20 : 0.9995329363573349  | time taken : 18.04948329925537
 Thread 4 estimated dimension 6 of 20 : 0.6058597569815004  | time taken : 149.0545778274536
 Thread 11 estimated dimension 6 of 20 : 0.5649567078122913  | time taken : 190.8510766029358
 Thread 6 estimated dimension 6 of 20 : 0.5010935981804997  | time taken : 220.9125394821167
 Thread 4 estimated dimension 7 of 20 : 0.9935977099730182  | time taken : 32.01670837402344
 Thread 13 estimated dimension 7 of 20 : 0.47306283051867193  | time taken : 173.98211193084717
 Thread 11 estimated dimension 7 of 20 : 0.9984054912336604  | time taken : 32.55809211730957
 Thread 8 estimated dimension 4 of 20 : 0.3520495457248478  | time taken : 313.9058554172516
 Thread 11 estimated dimension 8 of 20 : 1  | time taken : 17.230350017547607
 Thread 9 estimated dimension 10 of 20 : 0.6983679591328127  | time taken : 129.0403757095337
 Thread 11 estimated dimension 9 of 20 : 1  | time taken : 23.888373374938965
 Thread 8 estimated dimension 5 of 20 : 1  | time taken : 27.719651222229004
 Thread 3 estimated dimension 9 of 20 : 0.7234845057658431  | time taken : 172.2221076488495
 Thread 7 estimated dimension 4 of 20 : 0.7421644088609476  | time taken : 119.82753372192383
 Thread 10 estimated dimension 8 of 20 : 0.6963690212745978  | time taken : 113.55046010017395
 Thread 5 estimated dimension 4 of 20 : 0.36579541911916835  | time taken : 284.27958130836487
 Thread 2 estimated dimension 7 of 20 : 0.6951550076504753  | time taken : 154.8120882511139
 Thread 1 estimated dimension 7 of 20 : 0.4318924759084109  | time taken : 244.37553548812866
 Thread 12 estimated dimension 3 of 20 : 0.5598412470944378  | time taken : 165.7240207195282
 Thread 11 estimated dimension 10 of 20 : 1  | time taken : 30.239039659500122
 Thread 14 estimated dimension 9 of 20 : 0.6310251951238285  | time taken : 145.9701316356659
 Thread 13 estimated dimension 8 of 20 : 0.7359026425350307  | time taken : 98.76086354255676
 Thread 7 estimated dimension 5 of 20 : 0.9976361494641649  | time taken : 36.40373682975769
 Thread 8 estimated dimension 6 of 20 : 0.884739830747227  | time taken : 57.785930156707764
 Thread 6 estimated dimension 7 of 20 : 0.5245785109866394  | time taken : 146.41407942771912
 Thread 13 estimated dimension 9 of 20 : 1  | time taken : 23.940438985824585
 Thread 5 estimated dimension 5 of 20 : 0.9940542979292103  | time taken : 58.667375802993774
 Thread 2 estimated dimension 8 of 20 : 0.6448561690880587  | time taken : 80.98155069351196
 Thread 6 estimated dimension 8 of 20 : 1  | time taken : 38.02647829055786
 Thread 13 estimated dimension 10 of 20 : 0.9916349560830386  | time taken : 36.41593074798584
 Thread 9 estimated dimension 11 of 20 : 0.5617210007160879  | time taken : 130.10898423194885
 Thread 12 estimated dimension 4 of 20 : 0.618175239267837  | time taken : 134.59801936149597
 Thread 9 estimated dimension 12 of 20 : 1  | time taken : 46.43373131752014
 Thread 1 estimated dimension 8 of 20 : 0.5588619512642935  | time taken : 144.20273876190186
 Thread 4 estimated dimension 8 of 20 : 0.4185392233305392  | time taken : 252.87528467178345
 Thread 10 estimated dimension 9 of 20 : 0.5967640454819639  | time taken : 177.66048645973206
 Thread 12 estimated dimension 5 of 20 : 0.9968639975155158  | time taken : 33.54225564002991
 Thread 9 estimated dimension 13 of 20 : 1  | time taken : 33.45147943496704
 Thread 13 estimated dimension 11 of 20 : 0.7599040328332031  | time taken : 91.60563778877258
 Thread 5 estimated dimension 6 of 20 : 0.7506214889409502  | time taken : 126.41900134086609
 Thread 4 estimated dimension 9 of 20 : 1  | time taken : 33.51592493057251
 Thread 1 estimated dimension 9 of 20 : 0.9958303672370751  | time taken : 48.69811677932739
 Thread 10 estimated dimension 10 of 20 : 1  | time taken : 31.947053909301758
 Thread 7 estimated dimension 6 of 20 : 0.5225555356480346  | time taken : 176.95991587638855
 Thread 11 estimated dimension 11 of 20 : 0.4633446782641674  | time taken : 213.74712300300598
 Thread 7 estimated dimension 7 of 20 : 0.9974628780473381  | time taken : 39.51846265792847
 Thread 4 estimated dimension 10 of 20 : 0.9889607523408728  | time taken : 49.530136585235596
 Thread 10 estimated dimension 11 of 20 : 0.9935353602229989  | time taken : 54.87506461143494
 Thread 2 estimated dimension 9 of 20 : 0.6065283838969535  | time taken : 181.26430344581604
 Thread 1 estimated dimension 10 of 20 : 0.8270778346359403  | time taken : 73.1908860206604
 Thread 7 estimated dimension 8 of 20 : 1  | time taken : 33.3226056098938
 Thread 7 estimated dimension 9 of 20 : 0.9948189669262452  | time taken : 32.498268842697144
 Thread 12 estimated dimension 6 of 20 : 0.7220096203295759  | time taken : 143.41639876365662
 Thread 14 estimated dimension 10 of 20 : 0.3318293327400496  | time taken : 311.2695782184601
 Thread 8 estimated dimension 7 of 20 : 0.39571327638339465  | time taken : 301.96813440322876
 Thread 7 estimated dimension 10 of 20 : 1  | time taken : 20.894380569458008
 Thread 12 estimated dimension 7 of 20 : 0.9972434778950601  | time taken : 28.880045413970947
 Thread 14 estimated dimension 11 of 20 : 1  | time taken : 31.55916714668274
 Thread 2 estimated dimension 10 of 20 : 0.7906450693997261  | time taken : 129.4308066368103
 Thread 5 estimated dimension 7 of 20 : 0.5615578257866403  | time taken : 216.56028270721436
 Thread 13 estimated dimension 12 of 20 : 0.5514486698906872  | time taken : 238.3141119480133
 Thread 2 estimated dimension 11 of 20 : 1  | time taken : 26.76453161239624
 Thread 11 estimated dimension 12 of 20 : 0.5341892884844346  | time taken : 201.26663422584534
 Thread 9 estimated dimension 14 of 20 : 0.5182525179472198  | time taken : 256.35666513442993
 Thread 3 estimated dimension 10 of 20 : 0.26368459928880106  | time taken : 465.17012572288513
 Thread 10 estimated dimension 12 of 20 : 0.5605207156929256  | time taken : 184.68745970726013
 Thread 13 estimated dimension 13 of 20 : 0.9924322609199174  | time taken : 38.4314706325531
 Thread 6 estimated dimension 9 of 20 : 0.2745184115051482  | time taken : 374.81217074394226
 Thread 3 estimated dimension 11 of 20 : 0.9933913880102628  | time taken : 50.287925481796265
 Thread 9 estimated dimension 15 of 20 : 0.997870905995172  | time taken : 65.58805680274963
 Thread 13 estimated dimension 14 of 20 : 1  | time taken : 51.47937631607056
 Thread 14 estimated dimension 12 of 20 : 0.6430658091489613  | time taken : 149.8014211654663
 Thread 12 estimated dimension 8 of 20 : 0.47917192475765175  | time taken : 192.22964215278625
 Thread 9 estimated dimension 16 of 20 : 0.994277055260293  | time taken : 44.12817931175232
 Thread 5 estimated dimension 8 of 20 : 0.6795707863711593  | time taken : 144.357604265213
 Thread 4 estimated dimension 11 of 20 : 0.31162228453602014  | time taken : 307.73727774620056
 Thread 8 estimated dimension 8 of 20 : 0.6378027265042532  | time taken : 217.38113164901733
 Thread 7 estimated dimension 11 of 20 : 0.5600416265900536  | time taken : 232.41246795654297
 Thread 5 estimated dimension 9 of 20 : 1  | time taken : 25.62252926826477
 Thread 14 estimated dimension 13 of 20 : 0.9866438192244243  | time taken : 61.80195713043213
 Thread 9 estimated dimension 17 of 20 : 1  | time taken : 35.1524121761322
 Thread 1 estimated dimension 11 of 20 : 0.3665636494317066  | time taken : 316.4128563404083
 Thread 12 estimated dimension 9 of 20 : 0.9928425965492633  | time taken : 57.64195466041565
 Thread 4 estimated dimension 12 of 20 : 0.9981857815715597  | time taken : 55.79861545562744
 Thread 8 estimated dimension 9 of 20 : 0.9894818473481423  | time taken : 58.9989128112793
 Thread 5 estimated dimension 10 of 20 : 1  | time taken : 49.65832233428955
 Thread 12 estimated dimension 10 of 20 : 1  | time taken : 32.1557936668396
 Thread 2 estimated dimension 12 of 20 : 0.5038844397804159  | time taken : 221.97164344787598
 Thread 14 estimated dimension 14 of 20 : 1  | time taken : 60.126473903656006
 Thread 8 estimated dimension 10 of 20 : 0.9958030846607292  | time taken : 36.08108353614807
 Thread 6 estimated dimension 10 of 20 : 0.46444816338057987  | time taken : 204.8551790714264
 Thread 13 estimated dimension 15 of 20 : 0.6744601153624793  | time taken : 153.1937072277069
 Thread 3 estimated dimension 12 of 20 : 0.5079268937006246  | time taken : 200.59666752815247
 Thread 6 estimated dimension 11 of 20 : 0.9985049837958813  | time taken : 42.60215783119202
 Thread 10 estimated dimension 13 of 20 : 0.4893948549774439  | time taken : 267.8730778694153
 Thread 13 estimated dimension 16 of 20 : 1  | time taken : 54.95758390426636
 Thread 13 estimated dimension 17 of 20 : 1  | time taken : 17.23515558242798
 Thread 5 estimated dimension 11 of 20 : 0.6733210679319205  | time taken : 116.43463397026062
 Thread 6 estimated dimension 12 of 20 : 0.9895771478486186  | time taken : 43.64289474487305
 Thread 7 estimated dimension 12 of 20 : 0.6167454270674851  | time taken : 194.8190107345581
 Thread 10 estimated dimension 14 of 20 : 0.999641155344762  | time taken : 52.794055223464966
 Thread 1 estimated dimension 12 of 20 : 0.5253819914094248  | time taken : 190.7541356086731
 Thread 6 estimated dimension 13 of 20 : 1  | time taken : 38.511553049087524
 Thread 12 estimated dimension 11 of 20 : 0.6294469499540015  | time taken : 171.0571644306183
 Thread 1 estimated dimension 13 of 20 : 0.9984832780177925  | time taken : 40.079754114151
 Thread 14 estimated dimension 15 of 20 : 0.6367912970129836  | time taken : 177.3637056350708
 Thread 6 estimated dimension 14 of 20 : 1  | time taken : 40.29478859901428
 Thread 11 estimated dimension 13 of 20 : 0.289015621056211  | time taken : 425.04719495773315
 Thread 12 estimated dimension 12 of 20 : 0.9894355686111809  | time taken : 44.40653467178345
 Thread 9 estimated dimension 18 of 20 : 0.49529408480917125  | time taken : 285.479984998703
 Thread 14 estimated dimension 16 of 20 : 1  | time taken : 58.52345323562622
 Thread 6 estimated dimension 15 of 20 : 0.9979285391859926  | time taken : 45.6858229637146
 Thread 5 estimated dimension 12 of 20 : 0.5376057183722203  | time taken : 138.2568063735962
 Thread 2 estimated dimension 13 of 20 : 0.4141341766175891  | time taken : 247.45039772987366
 Thread 4 estimated dimension 13 of 20 : 0.4775472306215093  | time taken : 278.44357347488403
 Thread 10 estimated dimension 15 of 20 : 0.6493789551640656  | time taken : 134.07968401908875
 Thread 14 estimated dimension 17 of 20 : 0.9869729888381138  | time taken : 52.77441382408142
 Thread 3 estimated dimension 13 of 20 : 0.49702992523381506  | time taken : 254.38986802101135
 Thread 6 estimated dimension 16 of 20 : 0.9947082035007112  | time taken : 68.1069872379303
 Thread 4 estimated dimension 14 of 20 : 0.9986055875411611  | time taken : 61.066890239715576
 Thread 5 estimated dimension 13 of 20 : 1  | time taken : 70.13970565795898
 Thread 9 estimated dimension 19 of 20 : 1  | time taken : 90.82298970222473
 Thread 9 nsolns: 368707
 Thread 10 estimated dimension 16 of 20 : 0.9916773901167824  | time taken : 72.33351755142212
 Thread 13 estimated dimension 18 of 20 : 0.4871087618995423  | time taken : 238.25003671646118
 Thread 5 estimated dimension 14 of 20 : 1  | time taken : 40.73332977294922
 Thread 3 estimated dimension 14 of 20 : 0.995753858616288  | time taken : 53.71861457824707
 Thread 6 estimated dimension 17 of 20 : 1  | time taken : 55.10223937034607
 Thread 4 estimated dimension 15 of 20 : 1  | time taken : 70.84514737129211
 Thread 8 estimated dimension 11 of 20 : 0.3075930408525524  | time taken : 374.55579352378845
 Thread 2 estimated dimension 14 of 20 : 0.6663578479322715  | time taken : 142.66902494430542
 Thread 10 estimated dimension 17 of 20 : 1  | time taken : 60.05229353904724
 Thread 11 estimated dimension 14 of 20 : 0.5069857428199772  | time taken : 204.77486777305603
 Thread 4 estimated dimension 16 of 20 : 0.9989596932315767  | time taken : 39.555386543273926
 Thread 12 estimated dimension 13 of 20 : 0.539504526515845  | time taken : 236.6902539730072
 Thread 9 estimated dimension 0 of 20 : 0.816565821011911  | time taken : 137.54692244529724
 Thread 4 estimated dimension 17 of 20 : 0.9976136932677596  | time taken : 44.9874484539032
 Thread 11 estimated dimension 15 of 20 : 0.9866102508438224  | time taken : 64.70516276359558
 Thread 12 estimated dimension 14 of 20 : 1  | time taken : 54.565465211868286
 Thread 3 estimated dimension 15 of 20 : 0.6880283347479019  | time taken : 148.08284735679626
 Thread 2 estimated dimension 15 of 20 : 0.6248527848115695  | time taken : 120.6822624206543
 Thread 11 estimated dimension 16 of 20 : 0.9938668387013428  | time taken : 40.36328673362732
 Thread 4 estimated dimension 18 of 20 : 0.990272768393942  | time taken : 63.70578861236572
 Thread 2 estimated dimension 16 of 20 : 0.9855387226201199  | time taken : 21.50795817375183
 Thread 5 estimated dimension 15 of 20 : 0.6755901330344046  | time taken : 185.46337127685547
 Thread 3 estimated dimension 16 of 20 : 0.9878272962421285  | time taken : 32.71122908592224
 Thread 1 estimated dimension 14 of 20 : 0.3132350791407088  | time taken : 371.3476872444153
 Thread 14 estimated dimension 18 of 20 : 0.5220176204000812  | time taken : 261.2491376399994
 Thread 12 estimated dimension 15 of 20 : 0.9950016717118314  | time taken : 49.45292568206787
 Thread 7 estimated dimension 13 of 20 : 0.3157732871141312  | time taken : 437.852153301239
 Thread 11 estimated dimension 17 of 20 : 0.9997020457153923  | time taken : 52.3264102935791
 Thread 2 estimated dimension 17 of 20 : 0.989636384488388  | time taken : 33.803863525390625
 Thread 13 estimated dimension 19 of 20 : 0.557394839860364  | time taken : 241.31553483009338
 Thread 13 nsolns: 407699
 Thread 3 estimated dimension 17 of 20 : 0.9826660844908895  | time taken : 55.10326385498047
 Thread 5 estimated dimension 16 of 20 : 0.9970747816548539  | time taken : 68.99215149879456
 Thread 4 estimated dimension 19 of 20 : 1  | time taken : 80.01911520957947
 Thread 4 nsolns: 422064
 Thread 6 estimated dimension 18 of 20 : 0.4487628015679818  | time taken : 256.2560729980469
 Thread 12 estimated dimension 16 of 20 : 1  | time taken : 66.71639275550842
 Thread 14 estimated dimension 19 of 20 : 0.989667128333192  | time taken : 79.53554248809814
 Thread 8 estimated dimension 12 of 20 : 0.5018510791875789  | time taken : 253.03429102897644
 Thread 14 nsolns: 392447
 Thread 11 estimated dimension 18 of 20 : 1  | time taken : 68.02927589416504
 Thread 1 estimated dimension 15 of 20 : 1  | time taken : 93.70161533355713
 Thread 10 estimated dimension 18 of 20 : 0.48900429062281386  | time taken : 250.56835293769836
 Thread 7 estimated dimension 14 of 20 : 1  | time taken : 112.29964280128479
 Thread 9 estimated dimension 1 of 20 : 0.4208255917295642  | time taken : 241.61499047279358
 Thread 5 estimated dimension 17 of 20 : 0.982757007108755  | time taken : 90.82339191436768
 Thread 12 estimated dimension 17 of 20 : 1  | time taken : 78.4935131072998
 Thread 1 estimated dimension 16 of 20 : 0.9833899665251368  | time taken : 68.68763256072998
 Thread 7 estimated dimension 15 of 20 : 1  | time taken : 40.192222595214844
 Thread 8 estimated dimension 13 of 20 : 1  | time taken : 96.46205353736877
 Thread 10 estimated dimension 19 of 20 : 1  | time taken : 89.86795234680176
 Thread 13 estimated dimension 0 of 20 : 0.7773430476109623  | time taken : 156.82375311851501
 Thread 10 nsolns: 387091
 Thread 4 estimated dimension 0 of 20 : 0.7411885601381653  | time taken : 132.1787416934967
 Thread 8 estimated dimension 14 of 20 : 1  | time taken : 57.86446452140808
 Thread 2 estimated dimension 18 of 20 : 0.491269698968297  | time taken : 220.43917083740234
 Thread 7 estimated dimension 16 of 20 : 1  | time taken : 97.30323314666748
 Thread 1 estimated dimension 17 of 20 : 1  | time taken : 105.4913637638092
 Thread 10 estimated dimension 0 of 20 : 0.8350711857684473  | time taken : 85.13905262947083
 Thread 3 estimated dimension 18 of 20 : 0.4367893002582363  | time taken : 234.85861682891846
 Thread 1 estimated dimension 18 of 20 : 0.9854178739641695  | time taken : 33.904486894607544
 Thread 7 estimated dimension 17 of 20 : 1  | time taken : 35.417195320129395
 Thread 6 estimated dimension 19 of 20 : 0.5196913162015538  | time taken : 250.46915793418884
 Thread 8 estimated dimension 15 of 20 : 0.9989390030345466  | time taken : 80.66323113441467
 Thread 6 nsolns: 412250
 Thread 5 estimated dimension 18 of 20 : 0.5639456320024228  | time taken : 174.1252167224884
 Thread 9 estimated dimension 2 of 20 : 0.556974592465429  | time taken : 190.0646665096283
 Thread 12 estimated dimension 18 of 20 : 0.4586208581670964  | time taken : 181.94607496261597
 Thread 11 estimated dimension 19 of 20 : 0.47792526908075095  | time taken : 256.2380757331848
 Thread 11 nsolns: 417921
 Thread 3 estimated dimension 19 of 20 : 0.999751501504874  | time taken : 71.75685381889343
 Thread 3 nsolns: 400937
 Thread 1 estimated dimension 19 of 20 : 0.9948270674065804  | time taken : 74.93388438224792
 Thread 7 estimated dimension 18 of 20 : 0.9908779224947799  | time taken : 76.13437843322754
 Thread 1 nsolns: 401232
 Thread 4 estimated dimension 1 of 20 : 0.38365506795767806  | time taken : 190.10930180549622
 Thread 10 estimated dimension 1 of 20 : 0.6470617271603413  | time taken : 130.58920669555664
 Thread 5 estimated dimension 19 of 20 : 1  | time taken : 79.20580172538757
 Thread 5 nsolns: 391968
 Thread 13 estimated dimension 1 of 20 : 0.4047722227968637  | time taken : 221.48405575752258
 Thread 8 estimated dimension 16 of 20 : 0.9853211707532958  | time taken : 95.99767923355103
 Thread 12 estimated dimension 19 of 20 : 0.9986398806865956  | time taken : 80.2064642906189
 Thread 12 nsolns: 388081
 Thread 11 estimated dimension 0 of 20 : 0.8495224211949621  | time taken : 107.45665216445923
 Thread 3 estimated dimension 0 of 20 : 0.8951042604781557  | time taken : 99.32543802261353
 Thread 7 estimated dimension 19 of 20 : 0.9995220822810318  | time taken : 79.96867847442627
 Thread 7 nsolns: 426548
 Thread 1 estimated dimension 0 of 20 : 0.8400088260802352  | time taken : 83.04354977607727
 Thread 2 estimated dimension 19 of 20 : 0.4989196570333903  | time taken : 220.6646270751953
 Thread 2 nsolns: 387553
 Thread 4 estimated dimension 2 of 20 : 0.7119322293995837  | time taken : 98.37053751945496
 Thread 8 estimated dimension 17 of 20 : 0.9943948281620932  | time taken : 74.22035527229309
 Thread 9 estimated dimension 3 of 20 : 0.5413729367050066  | time taken : 161.98354196548462
 Thread 10 estimated dimension 2 of 20 : 0.7917180946109224  | time taken : 92.96505117416382
 Thread 12 estimated dimension 0 of 20 : 0.8433105140121229  | time taken : 81.21179914474487
 Thread 7 estimated dimension 0 of 20 : 0.8606182633477963  | time taken : 90.58670949935913
 Thread 11 estimated dimension 1 of 20 : 0.5206178913360946  | time taken : 106.07215523719788
 Thread 2 estimated dimension 0 of 20 : 0.7490604859161013  | time taken : 98.57604575157166
 Thread 9 estimated dimension 4 of 20 : 0.678498644031511  | time taken : 80.3780870437622
 Thread 8 estimated dimension 18 of 20 : 1  | time taken : 96.08386564254761
 Thread 10 estimated dimension 3 of 20 : 0.7036307045497349  | time taken : 107.73583221435547
 Thread 13 estimated dimension 2 of 20 : 0.38617607255057107  | time taken : 200.85687518119812
 Thread 4 estimated dimension 3 of 20 : 0.5265180754814386  | time taken : 123.30543994903564
 Thread 3 estimated dimension 1 of 20 : 0.5095650423207767  | time taken : 155.39818382263184
 Thread 12 estimated dimension 1 of 20 : 0.5278693799069999  | time taken : 125.29631924629211
 Thread 7 estimated dimension 1 of 20 : 0.7679824738077842  | time taken : 82.85468649864197
 Thread 1 estimated dimension 1 of 20 : 0.4692326573946371  | time taken : 187.753497838974
 Thread 4 estimated dimension 4 of 20 : 0.8820053395744479  | time taken : 45.8513662815094
 Thread 6 estimated dimension 0 of 20 : 0.2119251348052517  | time taken : 338.9936020374298
 Thread 9 estimated dimension 5 of 20 : 0.6637960765226308  | time taken : 82.70993781089783
 Thread 8 estimated dimension 19 of 20 : 1  | time taken : 106.60224652290344
 Thread 12 estimated dimension 2 of 20 : 0.7942608583966757  | time taken : 70.26812386512756
 Thread 8 nsolns: 406777
 Thread 4 estimated dimension 5 of 20 : 0.8854820030184225  | time taken : 46.0760817527771
 Thread 3 estimated dimension 2 of 20 : 0.5464358947531873  | time taken : 99.11487483978271
 Thread 7 estimated dimension 2 of 20 : 0.7602234541997152  | time taken : 99.3584098815918
 Thread 9 estimated dimension 6 of 20 : 0.6662096279576127  | time taken : 76.45521235466003
 Thread 2 estimated dimension 1 of 20 : 0.425287471403076  | time taken : 177.69617128372192
 Thread 1 estimated dimension 2 of 20 : 0.7151575528627732  | time taken : 106.88955950737
 Thread 8 estimated dimension 0 of 20 : 0.8045315078066858  | time taken : 80.3365547657013
 Thread 13 estimated dimension 3 of 20 : 0.4934362210967362  | time taken : 168.0184931755066
 Thread 9 estimated dimension 7 of 20 : 1  | time taken : 41.80214595794678
 Thread 5 estimated dimension 0 of 20 : 0.18310609082507848  | time taken : 380.4227612018585
 Thread 12 estimated dimension 3 of 20 : 0.7121956194523972  | time taken : 106.34276986122131
 Thread 4 estimated dimension 6 of 20 : 0.7076879179758747  | time taken : 99.59522533416748
 Thread 11 estimated dimension 2 of 20 : 0.2612479284804086  | time taken : 247.43810606002808
 Thread 6 estimated dimension 1 of 20 : 0.39419204651212797  | time taken : 151.36992835998535
 Thread 10 estimated dimension 4 of 20 : 0.2756255877886536  | time taken : 211.2893521785736
 Thread 9 estimated dimension 8 of 20 : 0.9861501960894428  | time taken : 40.06750822067261
 Thread 7 estimated dimension 3 of 20 : 0.6777992299136515  | time taken : 92.40785813331604
 Thread 2 estimated dimension 2 of 20 : 0.5967614644521899  | time taken : 101.00005912780762
 Thread 1 estimated dimension 3 of 20 : 0.6630841513265479  | time taken : 99.0594413280487
 Thread 3 estimated dimension 3 of 20 : 0.5392760788303903  | time taken : 147.3482551574707
 Thread 6 estimated dimension 2 of 20 : 0.6507710003678132  | time taken : 89.82255172729492
 Thread 4 estimated dimension 7 of 20 : 0.6188270819656401  | time taken : 98.04805731773376
 Thread 1 estimated dimension 4 of 20 : 0.8954014942818919  | time taken : 60.53108859062195
 Thread 13 estimated dimension 4 of 20 : 0.5370486795571501  | time taken : 138.2403781414032
 Thread 10 estimated dimension 5 of 20 : 0.5649358332479641  | time taken : 104.54748106002808
 Thread 11 estimated dimension 3 of 20 : 0.5806807461840868  | time taken : 126.16489863395691
 Thread 9 estimated dimension 9 of 20 : 0.39637055990156567  | time taken : 119.28526759147644
 Thread 3 estimated dimension 4 of 20 : 0.758532735991344  | time taken : 88.86714839935303
 Thread 10 estimated dimension 6 of 20 : 0.9980080527705815  | time taken : 31.670860767364502
 Thread 1 estimated dimension 5 of 20 : 0.8911105613803088  | time taken : 46.08228850364685
 Thread 8 estimated dimension 1 of 20 : 0.3421143360531614  | time taken : 188.89556860923767
 Thread 6 estimated dimension 3 of 20 : 0.7084191039917714  | time taken : 91.41214513778687
 Thread 4 estimated dimension 8 of 20 : 0.7796301427229064  | time taken : 100.11817407608032
 Thread 5 estimated dimension 1 of 20 : 0.30490681150238996  | time taken : 217.33870315551758
 Thread 7 estimated dimension 4 of 20 : 0.32252389995366726  | time taken : 186.8822238445282
 Thread 11 estimated dimension 4 of 20 : 0.6793279914558399  | time taken : 80.92743945121765
 Thread 2 estimated dimension 3 of 20 : 0.45041469357362385  | time taken : 175.3283076286316
 Thread 3 estimated dimension 5 of 20 : 0.7960341629609307  | time taken : 72.2969000339508
 Thread 13 estimated dimension 5 of 20 : 0.6355514615099139  | time taken : 104.37002539634705
 Thread 9 estimated dimension 10 of 20 : 0.6841622871649479  | time taken : 88.57668042182922
 Thread 12 estimated dimension 4 of 20 : 0.2776012483113489  | time taken : 231.35961031913757
 Thread 6 estimated dimension 4 of 20 : 0.866242735083071  | time taken : 64.97819781303406
 Thread 8 estimated dimension 2 of 20 : 0.5968033256929038  | time taken : 94.39826369285583
 Thread 10 estimated dimension 7 of 20 : 0.5781070742593394  | time taken : 112.77453517913818
 Thread 9 estimated dimension 11 of 20 : 0.982083468734169  | time taken : 48.46829342842102
 Thread 2 estimated dimension 4 of 20 : 0.740678805514543  | time taken : 64.87400436401367
 Thread 11 estimated dimension 5 of 20 : 0.5884712756803047  | time taken : 74.47296500205994
 Thread 3 estimated dimension 6 of 20 : 0.5757153897640623  | time taken : 86.25932455062866
 Thread 6 estimated dimension 5 of 20 : 0.9899759363462349  | time taken : 52.747780323028564
 Thread 7 estimated dimension 5 of 20 : 0.5264436467919377  | time taken : 104.22890162467957
 Thread 13 estimated dimension 6 of 20 : 0.7336307034468961  | time taken : 96.21065735816956
 Thread 8 estimated dimension 3 of 20 : 0.7491688466733694  | time taken : 58.783421993255615
 Thread 13 estimated dimension 7 of 20 : 1  | time taken : 24.162917375564575
 Thread 5 estimated dimension 2 of 20 : 0.47955774534755347  | time taken : 135.3625693321228
 Thread 10 estimated dimension 8 of 20 : 0.7749045408660232  | time taken : 79.52323079109192
 Thread 12 estimated dimension 5 of 20 : 0.4942686255373703  | time taken : 118.51921939849854
 Thread 1 estimated dimension 6 of 20 : 0.34560295340915204  | time taken : 191.69279026985168
 Thread 2 estimated dimension 5 of 20 : 0.7470173638527245  | time taken : 80.61991357803345
 Thread 8 estimated dimension 4 of 20 : 0.8617128775715722  | time taken : 51.15688681602478
 Thread 11 estimated dimension 6 of 20 : 0.5641808383840601  | time taken : 91.44433975219727
 Thread 13 estimated dimension 8 of 20 : 1  | time taken : 43.84188628196716
 Thread 7 estimated dimension 6 of 20 : 0.8222847598726568  | time taken : 74.84338235855103
 Thread 10 estimated dimension 9 of 20 : 1  | time taken : 44.48801040649414
 Thread 4 estimated dimension 9 of 20 : 0.36495143517543577  | time taken : 195.72729444503784
 Thread 6 estimated dimension 6 of 20 : 0.7115104995176039  | time taken : 87.97940731048584
 Thread 9 estimated dimension 12 of 20 : 0.5626685431771072  | time taken : 121.98133945465088
 Thread 3 estimated dimension 7 of 20 : 0.6892316928697543  | time taken : 95.38477563858032
 Thread 11 estimated dimension 7 of 20 : 0.9977448134054194  | time taken : 22.489307641983032
 Thread 12 estimated dimension 6 of 20 : 0.9950618554678111  | time taken : 52.66242814064026
 Thread 8 estimated dimension 5 of 20 : 0.8211843262872172  | time taken : 51.727046489715576
 Thread 3 estimated dimension 8 of 20 : 0.9936186033725771  | time taken : 27.96452236175537
 Thread 9 estimated dimension 13 of 20 : 1  | time taken : 47.67312431335449
 Thread 1 estimated dimension 7 of 20 : 0.6401134665173325  | time taken : 104.04546570777893
 Thread 11 estimated dimension 8 of 20 : 0.5630429633453112  | time taken : 65.79931139945984
 Thread 5 estimated dimension 3 of 20 : 0.5733276937800645  | time taken : 130.11693620681763
 Thread 2 estimated dimension 6 of 20 : 0.5915621552267062  | time taken : 110.86676907539368
 Thread 3 estimated dimension 9 of 20 : 0.7713770157015378  | time taken : 57.5902054309845
 Thread 9 estimated dimension 14 of 20 : 1  | time taken : 46.609015703201294
 Thread 11 estimated dimension 9 of 20 : 1  | time taken : 28.1727557182312
 Thread 12 estimated dimension 7 of 20 : 0.5259220439216992  | time taken : 93.30807542800903
 Thread 6 estimated dimension 7 of 20 : 0.4492148340205491  | time taken : 104.63014841079712
 Thread 8 estimated dimension 6 of 20 : 0.6715302867876667  | time taken : 81.86394190788269
 Thread 1 estimated dimension 8 of 20 : 0.6664245418131954  | time taken : 56.81519317626953
 Thread 10 estimated dimension 10 of 20 : 0.4703608913851354  | time taken : 121.22759890556335
 Thread 13 estimated dimension 9 of 20 : 0.41823941235656886  | time taken : 134.63890552520752
 Thread 4 estimated dimension 10 of 20 : 0.5354841207277996  | time taken : 126.54629063606262
 Thread 7 estimated dimension 7 of 20 : 0.3313082164430818  | time taken : 139.51221680641174
 Thread 2 estimated dimension 7 of 20 : 0.7114995114578986  | time taken : 63.140880823135376
 Thread 11 estimated dimension 10 of 20 : 1  | time taken : 45.36872982978821
 Thread 3 estimated dimension 10 of 20 : 0.8227154935587235  | time taken : 65.44673800468445
 Thread 2 estimated dimension 8 of 20 : 0.9845987878820662  | time taken : 30.55241823196411
 Thread 9 estimated dimension 15 of 20 : 0.6878880731305179  | time taken : 84.61893582344055
 Thread 3 estimated dimension 11 of 20 : 0.9866579741993589  | time taken : 26.552481651306152
 Thread 11 estimated dimension 11 of 20 : 0.7107791146400918  | time taken : 57.657705307006836
 Thread 10 estimated dimension 11 of 20 : 0.743870615988215  | time taken : 84.73955583572388
 Thread 6 estimated dimension 8 of 20 : 0.6441513190256766  | time taken : 98.63964366912842
 Thread 12 estimated dimension 8 of 20 : 0.7011626493236881  | time taken : 111.6430299282074
 Thread 8 estimated dimension 7 of 20 : 0.4643375001625173  | time taken : 107.44339060783386
 Thread 4 estimated dimension 11 of 20 : 0.7417850008043081  | time taken : 102.46825861930847
 Thread 3 estimated dimension 12 of 20 : 1  | time taken : 49.45862650871277
 Thread 9 estimated dimension 16 of 20 : 1  | time taken : 70.19726586341858
 Thread 11 estimated dimension 12 of 20 : 1  | time taken : 50.14895033836365
 Thread 12 estimated dimension 9 of 20 : 0.9988160175153189  | time taken : 50.030028343200684
 Thread 2 estimated dimension 9 of 20 : 0.6716688324464523  | time taken : 94.64329695701599
 Thread 7 estimated dimension 8 of 20 : 0.450757474243936  | time taken : 137.4383864402771
 Thread 9 estimated dimension 17 of 20 : 1  | time taken : 45.48531651496887
 Thread 8 estimated dimension 8 of 20 : 0.759475760216487  | time taken : 83.07151865959167
 Thread 1 estimated dimension 9 of 20 : 0.2854151621954357  | time taken : 186.2632827758789
 Thread 5 estimated dimension 4 of 20 : 0.38153735350801266  | time taken : 227.69565081596375
 Thread 13 estimated dimension 10 of 20 : 0.3535974279816176  | time taken : 184.09881830215454
 Thread 10 estimated dimension 12 of 20 : 0.600614950472944  | time taken : 112.5857310295105
 Thread 3 estimated dimension 13 of 20 : 0.4851910368018643  | time taken : 86.05859470367432
 Thread 6 estimated dimension 9 of 20 : 0.5917705337059525  | time taken : 121.44744992256165
 Thread 4 estimated dimension 12 of 20 : 0.6021326577195709  | time taken : 100.62712860107422
 Thread 5 estimated dimension 5 of 20 : 0.9966201478876742  | time taken : 29.307533740997314
 Thread 7 estimated dimension 9 of 20 : 1  | time taken : 65.19850063323975
 Thread 12 estimated dimension 10 of 20 : 0.6173799250491551  | time taken : 82.50289630889893
 Thread 10 estimated dimension 13 of 20 : 0.9985711557958074  | time taken : 51.977553844451904
 Thread 6 estimated dimension 10 of 20 : 1  | time taken : 50.94061279296875
 Thread 13 estimated dimension 11 of 20 : 0.9948961554312952  | time taken : 71.96446180343628
 Thread 4 estimated dimension 13 of 20 : 0.9963786774873287  | time taken : 53.537841796875
 Thread 5 estimated dimension 6 of 20 : 1  | time taken : 52.44886541366577
 Thread 8 estimated dimension 9 of 20 : 0.4576123033173023  | time taken : 111.73237156867981
 Thread 7 estimated dimension 10 of 20 : 0.9980231232767597  | time taken : 74.71490979194641
 Thread 11 estimated dimension 13 of 20 : 0.4024213569411247  | time taken : 166.9593687057495
 Thread 12 estimated dimension 11 of 20 : 0.9979281691955321  | time taken : 73.59383249282837
 Thread 6 estimated dimension 11 of 20 : 1  | time taken : 53.2618772983551
 Thread 10 estimated dimension 14 of 20 : 1  | time taken : 66.80086874961853
 Thread 3 estimated dimension 14 of 20 : 0.6091260525621524  | time taken : 117.42185640335083
 Thread 5 estimated dimension 7 of 20 : 1  | time taken : 50.9097900390625
 Thread 9 estimated dimension 18 of 20 : 0.5773668503068108  | time taken : 143.26454997062683
 Thread 13 estimated dimension 12 of 20 : 0.6241899707349162  | time taken : 93.26003932952881
 Thread 4 estimated dimension 14 of 20 : 1  | time taken : 93.3142683506012
 Thread 2 estimated dimension 10 of 20 : 0.2815207640826187  | time taken : 218.94236755371094
 Thread 1 estimated dimension 10 of 20 : 0.44198611329481213  | time taken : 187.98066186904907
 Thread 3 estimated dimension 15 of 20 : 1  | time taken : 70.79003071784973
 Thread 5 estimated dimension 8 of 20 : 1  | time taken : 80.03980946540833
 Thread 11 estimated dimension 14 of 20 : 0.6592097412542854  | time taken : 98.7095103263855
 Thread 8 estimated dimension 10 of 20 : 0.4980586468317159  | time taken : 108.57101011276245
 Thread 12 estimated dimension 12 of 20 : 0.5381998458375841  | time taken : 117.91323280334473
 Thread 13 estimated dimension 13 of 20 : 0.9964435400344239  | time taken : 69.13120412826538
 Thread 7 estimated dimension 11 of 20 : 0.48917449101961413  | time taken : 134.178564786911
 Thread 3 estimated dimension 16 of 20 : 1  | time taken : 45.210464000701904
 Thread 2 estimated dimension 11 of 20 : 0.9950998471250626  | time taken : 73.34988307952881
 Thread 6 estimated dimension 12 of 20 : 0.46879939630803025  | time taken : 129.60184860229492
 Thread 1 estimated dimension 11 of 20 : 0.9997176974583738  | time taken : 72.94662976264954
 Thread 5 estimated dimension 9 of 20 : 0.9856044298070654  | time taken : 50.384998083114624
 Thread 13 estimated dimension 14 of 20 : 1  | time taken : 28.24290943145752
 Thread 8 estimated dimension 11 of 20 : 0.9830757365269176  | time taken : 52.66428804397583
 Thread 10 estimated dimension 15 of 20 : 0.6737659709800267  | time taken : 141.5050778388977
 Thread 7 estimated dimension 12 of 20 : 0.9959432455997067  | time taken : 57.529886960983276
 Thread 12 estimated dimension 13 of 20 : 1  | time taken : 74.04909062385559
 Thread 11 estimated dimension 15 of 20 : 0.9803559735582517  | time taken : 95.9369285106659
 Thread 5 estimated dimension 10 of 20 : 1  | time taken : 52.92221188545227
 Thread 4 estimated dimension 15 of 20 : 0.6432841848973249  | time taken : 144.31600213050842
 Thread 2 estimated dimension 12 of 20 : 0.9969463249236303  | time taken : 69.25660276412964
 Thread 3 estimated dimension 17 of 20 : 1  | time taken : 76.58194851875305
 Thread 9 estimated dimension 19 of 20 : 0.5216957798059071  | time taken : 199.728613615036
 Thread 9 nsolns: 375123
 Thread 11 estimated dimension 16 of 20 : 1  | time taken : 53.05091071128845
 Thread 10 estimated dimension 16 of 20 : 0.9836703625233476  | time taken : 97.13830542564392
 Thread 5 estimated dimension 11 of 20 : 0.9941459935828668  | time taken : 52.48093891143799
 Thread 6 estimated dimension 13 of 20 : 0.4782694500890949  | time taken : 132.90964770317078
 Thread 13 estimated dimension 15 of 20 : 0.7141143024239244  | time taken : 121.94049596786499
 Thread 7 estimated dimension 13 of 20 : 1  | time taken : 91.70424461364746
 Thread 4 estimated dimension 16 of 20 : 0.9964074482490642  | time taken : 73.39807438850403
 Thread 1 estimated dimension 12 of 20 : 0.5284103935373351  | time taken : 158.75301384925842
 Thread 8 estimated dimension 12 of 20 : 0.5451528924874991  | time taken : 161.6337342262268
 Thread 11 estimated dimension 17 of 20 : 0.9971937992969175  | time taken : 71.01333618164062
 Thread 10 estimated dimension 17 of 20 : 0.9919483073475704  | time taken : 84.78836750984192
 Thread 6 estimated dimension 14 of 20 : 0.9936049386456237  | time taken : 66.15386581420898
 Thread 13 estimated dimension 16 of 20 : 0.9974948353348926  | time taken : 65.63294959068298
 Thread 3 estimated dimension 18 of 20 : 0.5376815464631435  | time taken : 134.65220403671265
 Thread 12 estimated dimension 14 of 20 : 0.48596549091243685  | time taken : 154.04836916923523
 Thread 2 estimated dimension 13 of 20 : 0.4905401204153066  | time taken : 139.38883113861084
 Thread 5 estimated dimension 12 of 20 : 0.6029958691174432  | time taken : 99.13720726966858
 Thread 8 estimated dimension 13 of 20 : 0.9938161897246767  | time taken : 41.22005319595337
 Thread 4 estimated dimension 17 of 20 : 1  | time taken : 86.7680492401123
 Thread 7 estimated dimension 14 of 20 : 1  | time taken : 89.33030867576599
 Thread 1 estimated dimension 13 of 20 : 1  | time taken : 73.94064903259277
 Thread 13 estimated dimension 17 of 20 : 1  | time taken : 68.92995977401733
 Thread 12 estimated dimension 15 of 20 : 0.6957608908619033  | time taken : 81.73495197296143
 Thread 7 estimated dimension 15 of 20 : 1  | time taken : 68.53936243057251
 Thread 6 estimated dimension 15 of 20 : 0.7119695267395231  | time taken : 96.36099529266357
 Thread 2 estimated dimension 14 of 20 : 1  | time taken : 111.26565027236938
 Thread 4 estimated dimension 18 of 20 : 0.47174763179867163  | time taken : 99.6339979171753
 Thread 1 estimated dimension 14 of 20 : 1  | time taken : 88.2391266822815
 Thread 11 estimated dimension 18 of 20 : 0.44653607840981224  | time taken : 148.507643699646
 Thread 8 estimated dimension 14 of 20 : 0.4721178024271039  | time taken : 130.8228509426117
 Thread 12 estimated dimension 16 of 20 : 0.9889426128975324  | time taken : 62.24592113494873
 Thread 3 estimated dimension 19 of 20 : 0.5154290455914703  | time taken : 150.6861035823822
 Thread 3 nsolns: 361151
 Thread 7 estimated dimension 16 of 20 : 1  | time taken : 64.39070582389832
 Thread 5 estimated dimension 13 of 20 : 0.4578392140138672  | time taken : 148.48382759094238
 Thread 10 estimated dimension 18 of 20 : 0.517472797548364  | time taken : 171.65990090370178
 Thread 6 estimated dimension 16 of 20 : 1  | time taken : 87.47263383865356
 Thread 2 estimated dimension 15 of 20 : 1  | time taken : 64.58814454078674
 Thread 12 estimated dimension 17 of 20 : 0.9987264292487946  | time taken : 40.20535969734192
 Thread 1 estimated dimension 15 of 20 : 1  | time taken : 66.15089201927185
 Thread 8 estimated dimension 15 of 20 : 0.694176434799687  | time taken : 77.33491635322571
 Thread 7 estimated dimension 17 of 20 : 0.9961489685485503  | time taken : 79.22411942481995
 Thread 13 estimated dimension 18 of 20 : 0.5040100780301497  | time taken : 167.9665322303772
 Thread 6 estimated dimension 17 of 20 : 1  | time taken : 61.36894631385803
 Thread 5 estimated dimension 14 of 20 : 0.9982614954919814  | time taken : 84.46342587471008
 Thread 11 estimated dimension 19 of 20 : 0.5530608663987363  | time taken : 136.61736679077148
 Thread 11 nsolns: 403089
 Thread 2 estimated dimension 16 of 20 : 1  | time taken : 82.9955370426178
 Thread 10 estimated dimension 19 of 20 : 1  | time taken : 101.94846510887146
 Thread 10 nsolns: 372943
 Thread 1 estimated dimension 16 of 20 : 0.9940564768097326  | time taken : 81.56234407424927
 Thread 8 estimated dimension 16 of 20 : 0.9992250638313654  | time taken : 60.45511984825134
 Thread 13 estimated dimension 19 of 20 : 0.9976534113739178  | time taken : 69.88895106315613
 Thread 13 nsolns: 396113
 Thread 4 estimated dimension 19 of 20 : 0.4438886080225557  | time taken : 189.28871369361877
 Thread 4 nsolns: 397443
 Thread 2 estimated dimension 17 of 20 : 0.9921495049571011  | time taken : 49.480645179748535
 Thread 1 estimated dimension 17 of 20 : 1  | time taken : 44.56294512748718
 Thread 12 estimated dimension 18 of 20 : 0.48673656457015857  | time taken : 133.37992691993713
 Thread 7 estimated dimension 18 of 20 : 0.5417193515942609  | time taken : 89.55396699905396
 Thread 8 estimated dimension 17 of 20 : 0.9945217992814932  | time taken : 42.92700409889221
 Thread 5 estimated dimension 15 of 20 : 0.6890092036359429  | time taken : 85.10527849197388
 Thread 6 estimated dimension 18 of 20 : 0.4965567017551076  | time taken : 117.46968936920166
 Thread 1 estimated dimension 18 of 20 : 0.9981329464179557  | time taken : 47.416412115097046
 Thread 12 estimated dimension 19 of 20 : 0.991225412762408  | time taken : 47.67788600921631
 Thread 12 nsolns: 388267
 Thread 5 estimated dimension 16 of 20 : 1  | time taken : 49.452510833740234
 Thread 5 estimated dimension 17 of 20 : 1  | time taken : 29.047767400741577
 Thread 6 estimated dimension 19 of 20 : 0.9882883715591672  | time taken : 53.82726311683655
 Thread 6 nsolns: 416058
 Thread 2 estimated dimension 18 of 20 : 0.48583047696682946  | time taken : 105.32908296585083
 Thread 7 estimated dimension 19 of 20 : 0.5033148892661201  | time taken : 96.14466381072998
 Thread 7 nsolns: 385414
 Thread 8 estimated dimension 18 of 20 : 0.5134777297763743  | time taken : 97.95831084251404
 Thread 2 estimated dimension 19 of 20 : 1  | time taken : 21.11310076713562
 Thread 2 nsolns: 385623
 Thread 1 estimated dimension 19 of 20 : 0.46802713902397813  | time taken : 79.0383791923523
 Thread 1 nsolns: 394898
 Thread 5 estimated dimension 18 of 20 : 0.497533660438107  | time taken : 35.97096276283264
 Thread 8 estimated dimension 19 of 20 : 0.993585517552536  | time taken : 23.906426906585693
 Thread 8 nsolns: 392512
 Thread 5 estimated dimension 19 of 20 : 0.9987880800236926  | time taken : 11.748828172683716
 Thread 5 nsolns: 424391
 estimated weights : [0.0012099955069759247, 0.0006129410039525488, 0.00038334905958218256, 0.00036660644841423424, 0.0005144823204475324, 0.0014106565294615832, 0.0005411325037531177, 0.0006159384784759607, 0.0006412043035003988, 0.00030450295184084926, 0.0007826265414983488, 0.0004627093248716084, 0.0004870920704047214, 0.00045166851844258244, 0.001872766062169972, 0.0003566776504183049, 0.0005249476733753026, 0.0006385546251202669, 0.0008945536170508648, 0.0003087225441023395, 0.00030936660847287207, 0.00041989529273357516, 0.0005477879454752915, 0.0007945182395544571, 0.0010122729749525684, 0.0007553064252026775, 0.0003955999352061225, 0.0008859146134746095, 0.0009519440151663764, 0.0016410409520086322, 0.0003869906649258014, 0.0014960039633963814, 0.0004921078230361348, 0.0003317967666543329, 0.000676521276634656, 0.0003132110164280416, 0.0009377623493565799, 0.0008708596553029932, 0.0006804279386484159, 0.0004159643072157933, 0.0005396668885039875]
