numSolutions: 44 k : 10635
17 44 0.048507125007266595 0.00013368983957219254

 Thread 6 estimated dimension 0 of 17 : 0.7753207524320396  | time taken : 94.88309979438782
 Thread 4 estimated dimension 0 of 17 : 0.7489315447445818  | time taken : 96.37383723258972
 Thread 7 estimated dimension 0 of 17 : 0.7674180411357071  | time taken : 97.24183630943298
 Thread 11 estimated dimension 0 of 17 : 0.7506179376355996  | time taken : 98.69634556770325
 Thread 9 estimated dimension 0 of 17 : 0.756679034873275  | time taken : 100.49293351173401
 Thread 10 estimated dimension 0 of 17 : 0.7500193824461514  | time taken : 103.3369300365448
 Thread 1 estimated dimension 0 of 17 : 0.7607478603462194  | time taken : 106.80884552001953
 Thread 3 estimated dimension 0 of 17 : 0.7406468295822978  | time taken : 108.73624849319458
 Thread 14 estimated dimension 0 of 17 : 0.7453110093165816  | time taken : 109.75280857086182
 Thread 12 estimated dimension 0 of 17 : 0.7508071010305187  | time taken : 111.51721358299255
 Thread 8 estimated dimension 0 of 17 : 0.7766799518979566  | time taken : 111.86525702476501
 Thread 13 estimated dimension 0 of 17 : 0.7568382148621491  | time taken : 117.66127467155457
 Thread 12 estimated dimension 1 of 17 : 0.7442368414667608  | time taken : 137.44036102294922
 Thread 7 estimated dimension 1 of 17 : 0.5042895235025595  | time taken : 163.88625049591064
 Thread 12 estimated dimension 2 of 17 : 0.9982054434004405  | time taken : 14.132534980773926
 Thread 1 estimated dimension 1 of 17 : 0.4927037815885084  | time taken : 174.37789750099182
 Thread 7 estimated dimension 2 of 17 : 1  | time taken : 23.81860637664795
 Thread 1 estimated dimension 2 of 17 : 1  | time taken : 24.21062469482422
 Thread 14 estimated dimension 1 of 17 : 0.5295938751751179  | time taken : 200.8492715358734
 Thread 6 estimated dimension 1 of 17 : 0.5691069730875792  | time taken : 230.74820709228516
 Thread 8 estimated dimension 1 of 17 : 0.6327482632410547  | time taken : 224.51123428344727
 Thread 6 estimated dimension 2 of 17 : 0.9931422942150123  | time taken : 13.121214866638184
 Thread 3 estimated dimension 1 of 17 : 0.5622094119983087  | time taken : 233.6206932067871
 Thread 14 estimated dimension 2 of 17 : 1  | time taken : 43.207377910614014
 Thread 4 estimated dimension 1 of 17 : 0.4127602103153809  | time taken : 268.2583682537079
 Thread 8 estimated dimension 2 of 17 : 1  | time taken : 32.04223704338074
 Thread 9 estimated dimension 1 of 17 : 0.35007035081474874  | time taken : 279.721204996109
 Thread 13 estimated dimension 1 of 17 : 0.4071901341832489  | time taken : 269.56578755378723
 Thread 2 estimated dimension 0 of 17 : 0.2908811149380335  | time taken : 395.99318623542786
 Thread 10 estimated dimension 1 of 17 : 0.38223099816546763  | time taken : 296.3743987083435
 Thread 7 estimated dimension 3 of 17 : 0.7469943171821519  | time taken : 111.55089807510376
 Thread 2 estimated dimension 1 of 17 : 1  | time taken : 33.805217266082764
 Thread 11 estimated dimension 1 of 17 : 0.3404240354733081  | time taken : 333.0015218257904
 Thread 7 estimated dimension 4 of 17 : 0.997708860399872  | time taken : 32.5031099319458
 Thread 5 estimated dimension 0 of 17 : 0.27277098822355483  | time taken : 441.1641414165497
 Thread 1 estimated dimension 3 of 17 : 0.7371814778755861  | time taken : 133.34543585777283
 Thread 3 estimated dimension 2 of 17 : 0.8314264517552656  | time taken : 107.58972454071045
 Thread 2 estimated dimension 2 of 17 : 0.9969540672569966  | time taken : 27.867756128311157
 Thread 4 estimated dimension 2 of 17 : 0.676444689129109  | time taken : 104.12435531616211
 Thread 1 estimated dimension 4 of 17 : 0.9966700300436304  | time taken : 29.85738468170166
 Thread 2 estimated dimension 3 of 17 : 0.9902092566354854  | time taken : 14.58780837059021
 Thread 5 estimated dimension 1 of 17 : 0.9959317892398253  | time taken : 37.48169231414795
 Thread 13 estimated dimension 2 of 17 : 0.6584533219462597  | time taken : 95.56911993026733
 Thread 11 estimated dimension 2 of 17 : 0.8456506653517221  | time taken : 67.1999020576477
 Thread 5 estimated dimension 2 of 17 : 0.9966272303487779  | time taken : 22.810863494873047
 Thread 2 estimated dimension 4 of 17 : 0.9936885549526034  | time taken : 33.315871715545654
 Thread 8 estimated dimension 3 of 17 : 0.6907605814711929  | time taken : 142.0385344028473
 Thread 5 estimated dimension 3 of 17 : 0.991291057139566  | time taken : 16.395963191986084
 Thread 8 estimated dimension 4 of 17 : 0.9890428499343535  | time taken : 13.061044216156006
 Thread 12 estimated dimension 3 of 17 : 0.3609758846200311  | time taken : 270.376140832901
 Thread 5 estimated dimension 4 of 17 : 0.9846064873606304  | time taken : 28.476787090301514
 Thread 14 estimated dimension 3 of 17 : 0.321646344314341  | time taken : 251.47578191757202
 Thread 6 estimated dimension 3 of 17 : 0.3181955090155203  | time taken : 269.38978266716003
 Thread 7 estimated dimension 5 of 17 : 0.48267863124533844  | time taken : 195.59076571464539
 Thread 12 estimated dimension 4 of 17 : 0.7926059983879314  | time taken : 94.90453457832336
 Thread 3 estimated dimension 3 of 17 : 0.4772015049581022  | time taken : 184.04256963729858
 Thread 4 estimated dimension 3 of 17 : 0.5045267034817923  | time taken : 177.4035096168518
 Thread 13 estimated dimension 3 of 17 : 0.47633205053078714  | time taken : 169.4389934539795
 Thread 3 estimated dimension 4 of 17 : 1  | time taken : 29.87879180908203
 Thread 1 estimated dimension 5 of 17 : 0.4657699074202317  | time taken : 195.29741430282593
 Thread 11 estimated dimension 3 of 17 : 0.5518452389327477  | time taken : 178.92693781852722
 Thread 3 estimated dimension 5 of 17 : 1  | time taken : 27.46939969062805
 Thread 14 estimated dimension 4 of 17 : 0.7999067276038281  | time taken : 108.38581895828247
 Thread 11 estimated dimension 4 of 17 : 0.9993079245969863  | time taken : 40.156848430633545
 Thread 5 estimated dimension 5 of 17 : 0.5054923811320627  | time taken : 186.36559200286865
 Thread 2 estimated dimension 5 of 17 : 0.3888873951828853  | time taken : 229.65291905403137
 Thread 8 estimated dimension 5 of 17 : 0.4356927426976748  | time taken : 211.2933530807495
 Thread 4 estimated dimension 4 of 17 : 0.6696151686568602  | time taken : 95.41045069694519
 Thread 13 estimated dimension 4 of 17 : 0.713342354134122  | time taken : 94.8899097442627
 Thread 11 estimated dimension 5 of 17 : 1  | time taken : 26.727374792099
 Thread 4 estimated dimension 5 of 17 : 0.9891006171110508  | time taken : 32.35188055038452
 Thread 1 estimated dimension 6 of 17 : 0.7202658007302599  | time taken : 118.6653380393982
 Thread 13 estimated dimension 5 of 17 : 0.9801036868183989  | time taken : 48.84785985946655
 Thread 7 estimated dimension 6 of 17 : 0.7292708298913887  | time taken : 181.80721378326416
 Thread 12 estimated dimension 5 of 17 : 0.49225048960401147  | time taken : 187.58695912361145
 Thread 9 estimated dimension 2 of 17 : 0.23617678119478383  | time taken : 457.78506207466125
 Thread 5 estimated dimension 6 of 17 : 0.6462875582894734  | time taken : 109.30882120132446
 Thread 2 estimated dimension 6 of 17 : 0.6942011118240737  | time taken : 112.38284850120544
 Thread 3 estimated dimension 6 of 17 : 0.6585126288804487  | time taken : 167.31362986564636
 Thread 11 estimated dimension 6 of 17 : 0.7071509565901087  | time taken : 129.6665222644806
 Thread 10 estimated dimension 2 of 17 : 0.18963689901786684  | time taken : 492.653733253479
 Thread 14 estimated dimension 5 of 17 : 0.5809799222934292  | time taken : 215.53339672088623
 Thread 12 estimated dimension 6 of 17 : 0.7304939767529706  | time taken : 117.83297944068909
 Thread 12 estimated dimension 7 of 17 : 1  | time taken : 34.118595361709595
 Thread 14 estimated dimension 6 of 17 : 0.996639346639892  | time taken : 42.71664094924927
 Thread 1 estimated dimension 7 of 17 : 0.5520277499888642  | time taken : 187.70516109466553
 Thread 3 estimated dimension 7 of 17 : 0.5814813084600896  | time taken : 130.96963787078857
 Thread 5 estimated dimension 7 of 17 : 0.579111882985142  | time taken : 152.28998494148254
 Thread 14 estimated dimension 7 of 17 : 0.9942753358392546  | time taken : 32.77424144744873
 Thread 9 estimated dimension 3 of 17 : 0.7218545115073105  | time taken : 189.44675374031067
 Thread 3 estimated dimension 8 of 17 : 1  | time taken : 26.26902961730957
 Thread 3 estimated dimension 9 of 17 : 0.9984042980735823  | time taken : 32.32666039466858
 Thread 7 estimated dimension 7 of 17 : 0.43910795823333815  | time taken : 257.9857156276703
 Thread 7 estimated dimension 8 of 17 : 1  | time taken : 36.21283030509949
 Thread 8 estimated dimension 6 of 17 : 0.24295084293809602  | time taken : 378.80228066444397
 Thread 14 estimated dimension 8 of 17 : 0.7855547852842927  | time taken : 105.5174913406372
 Thread 5 estimated dimension 8 of 17 : 0.7472672805486241  | time taken : 120.50558543205261
 Thread 4 estimated dimension 6 of 17 : 0.30801477220618173  | time taken : 351.5602774620056
 Thread 2 estimated dimension 7 of 17 : 0.410868377791864  | time taken : 282.38752913475037
 Thread 7 estimated dimension 9 of 17 : 1  | time taken : 29.796330451965332
 Thread 4 estimated dimension 7 of 17 : 1  | time taken : 17.79476237297058
 Thread 5 estimated dimension 9 of 17 : 0.9851357876533057  | time taken : 30.697383880615234
 Thread 2 estimated dimension 8 of 17 : 1  | time taken : 30.836819887161255
 Thread 9 estimated dimension 4 of 17 : 0.6001001543228952  | time taken : 147.35655450820923exiting with current heads : 10634 out of 10635 | exp rv: 56544.22484665615

 Thread 6 estimated dimension 4 of 17 : 0.1880651831170847  | time taken : 580.3630130290985
 Thread 13 estimated dimension 6 of 17 : 0.3043130690036883  | time taken : 392.50196647644043
 Thread 8 estimated dimension 7 of 17 : 0.8214733995762832  | time taken : 78.28671765327454
 Thread 2 estimated dimension 9 of 17 : 0.9951420081429501  | time taken : 28.925416231155396
 Thread 11 estimated dimension 7 of 17 : 0.36206308945478277  | time taken : 321.00471234321594
 Thread 9 estimated dimension 5 of 17 : 1  | time taken : 32.79130148887634
 Thread 13 estimated dimension 7 of 17 : 0.9965946520148123  | time taken : 30.646461486816406
 Thread 3 estimated dimension 10 of 17 : 0.5480663118756792  | time taken : 169.78148460388184
 Thread 9 estimated dimension 6 of 17 : 1  | time taken : 29.202180862426758
 Thread 12 estimated dimension 8 of 17 : 0.44709108094002575  | time taken : 264.6451995372772
 Thread 9 estimated dimension 7 of 17 : 0.9994626784309538  | time taken : 21.401383876800537
 Thread 10 estimated dimension 3 of 17 : 0.2959468260627599  | time taken : 384.00207352638245
 Thread 14 estimated dimension 9 of 17 : 0.658906790153378  | time taken : 157.89773964881897
 Thread 12 estimated dimension 9 of 17 : 1  | time taken : 39.93328022956848
 Thread 10 estimated dimension 4 of 17 : 1  | time taken : 45.50724244117737
 Thread 4 estimated dimension 8 of 17 : 0.4406671157952819  | time taken : 175.52603197097778
 Thread 3 estimated dimension 11 of 17 : 0.8066415496887785  | time taken : 100.26165437698364
 Thread 10 estimated dimension 5 of 17 : 1  | time taken : 12.88521122932434
 Thread 7 estimated dimension 10 of 17 : 0.4941920570198656  | time taken : 212.0779197216034
 Thread 10 estimated dimension 6 of 17 : 1  | time taken : 25.12738609313965
 Thread 6 estimated dimension 5 of 17 : 0.5347842345909324  | time taken : 185.38637471199036
 Thread 4 estimated dimension 9 of 17 : 0.9824440409673221  | time taken : 43.794432640075684
 Thread 2 estimated dimension 10 of 17 : 0.5255836793194524  | time taken : 177.21051287651062
 Thread 1 estimated dimension 8 of 17 : 0.3226639258669407  | time taken : 412.32153129577637
 Thread 13 estimated dimension 8 of 17 : 0.5810386627037128  | time taken : 166.54704689979553
 Thread 6 estimated dimension 6 of 17 : 0.9911711579475979  | time taken : 17.395023822784424
 Thread 4 estimated dimension 10 of 17 : 0.9869658708362754  | time taken : 24.30483055114746
 Thread 5 estimated dimension 10 of 17 : 0.3708624081801306  | time taken : 245.87618255615234
 Thread 8 estimated dimension 8 of 17 : 0.46087725912708466  | time taken : 207.54520964622498
 Thread 5 estimated dimension 11 of 17 : 0.99530234800585  | time taken : 16.932105541229248
 Thread 13 estimated dimension 9 of 17 : 1  | time taken : 38.56333827972412
 Thread 1 estimated dimension 9 of 17 : 1  | time taken : 38.769352436065674
 Thread 6 estimated dimension 7 of 17 : 1  | time taken : 40.06757855415344
 Thread 4 estimated dimension 11 of 17 : 0.9951523961900317  | time taken : 34.69626545906067
 Thread 8 estimated dimension 9 of 17 : 1  | time taken : 48.032959938049316
 Thread 7 estimated dimension 11 of 17 : 0.7828579346123992  | time taken : 101.12995767593384
 Thread 12 estimated dimension 10 of 17 : 0.4881023816657596  | time taken : 183.25505876541138
 Thread 13 estimated dimension 10 of 17 : 1  | time taken : 34.30397891998291
 Thread 4 estimated dimension 12 of 17 : 0.9954812936410165  | time taken : 28.79620122909546
 Thread 6 estimated dimension 8 of 17 : 0.992088739233473  | time taken : 34.10492491722107
 Thread 8 estimated dimension 10 of 17 : 0.9893514383813062  | time taken : 11.023097038269043
 Thread 13 estimated dimension 11 of 17 : 1  | time taken : 40.40392255783081
 Thread 8 estimated dimension 11 of 17 : 0.9940855736110493  | time taken : 48.107362270355225
 Thread 3 estimated dimension 12 of 17 : 0.5700484637851921  | time taken : 194.98779153823853
 Thread 12 estimated dimension 11 of 17 : 0.9929623205135569  | time taken : 78.85150194168091
 Thread 14 estimated dimension 10 of 17 : 0.4140673002459038  | time taken : 271.51613998413086
 Thread 3 estimated dimension 13 of 17 : 1  | time taken : 62.071293592453
 Thread 5 estimated dimension 12 of 17 : 0.5880892777068706  | time taken : 167.0588893890381
 Thread 12 estimated dimension 12 of 17 : 0.997260548668606  | time taken : 47.38119196891785
 Thread 14 estimated dimension 11 of 17 : 1  | time taken : 60.08202624320984
 Thread 10 estimated dimension 7 of 17 : 0.5114592097969806  | time taken : 253.0423264503479
 Thread 9 estimated dimension 8 of 17 : 0.3056572337546132  | time taken : 380.6198651790619
 Thread 3 estimated dimension 14 of 17 : 1  | time taken : 51.22829818725586
 Thread 12 estimated dimension 13 of 17 : 1  | time taken : 47.32711958885193
 Thread 1 estimated dimension 10 of 17 : 0.5384133462027193  | time taken : 220.38928937911987
 Thread 7 estimated dimension 12 of 17 : 0.6175958775463962  | time taken : 197.80367374420166
 Thread 2 estimated dimension 11 of 17 : 0.5127777273544587  | time taken : 282.4721009731293
 Thread 6 estimated dimension 9 of 17 : 0.6607179969522636  | time taken : 215.8207881450653
 Thread 1 estimated dimension 11 of 17 : 1  | time taken : 57.979515075683594
 Thread 2 estimated dimension 12 of 17 : 0.9889234629372751  | time taken : 54.814950466156006
 Thread 7 estimated dimension 13 of 17 : 0.9830973846783045  | time taken : 61.77336096763611
 Thread 9 estimated dimension 9 of 17 : 0.9992038401587189  | time taken : 80.1397135257721
 Thread 4 estimated dimension 13 of 17 : 0.4676336284700663  | time taken : 270.6033492088318
 Thread 1 estimated dimension 12 of 17 : 0.9918285301807762  | time taken : 26.86205244064331
 Thread 2 estimated dimension 13 of 17 : 0.993866565446284  | time taken : 51.452531576156616
 Thread 7 estimated dimension 14 of 17 : 1  | time taken : 50.54281568527222
 Thread 9 estimated dimension 10 of 17 : 1  | time taken : 51.345847606658936
 Thread 14 estimated dimension 12 of 17 : 0.7627027074958393  | time taken : 174.11421489715576
 Thread 4 estimated dimension 14 of 17 : 1  | time taken : 63.03976035118103
 Thread 2 estimated dimension 14 of 17 : 0.9966672763019473  | time taken : 34.395801305770874
 Thread 10 estimated dimension 8 of 17 : 0.6699985095100911  | time taken : 196.9576439857483
 Thread 14 estimated dimension 13 of 17 : 0.9865829888501079  | time taken : 42.63691711425781
 Thread 9 estimated dimension 11 of 17 : 0.9945341408188157  | time taken : 53.68082022666931
 Thread 11 estimated dimension 8 of 17 : 0.23211111291482506  | time taken : 637.9428272247314
 Thread 4 estimated dimension 15 of 17 : 0.9842621142662149  | time taken : 32.143011808395386
 Thread 3 estimated dimension 15 of 17 : 0.6419436789086792  | time taken : 199.95308876037598
 Thread 13 estimated dimension 12 of 17 : 0.48298724100723567  | time taken : 343.4082341194153
 Thread 5 estimated dimension 13 of 17 : 0.5014312118402231  | time taken : 269.7063913345337
 Thread 8 estimated dimension 12 of 17 : 0.5261578095399004  | time taken : 344.92446780204773
 Thread 9 estimated dimension 12 of 17 : 1  | time taken : 29.714911937713623
 Thread 10 estimated dimension 9 of 17 : 1  | time taken : 69.63048148155212
 Thread 11 estimated dimension 9 of 17 : 0.9930985873456559  | time taken : 59.82328248023987
 Thread 5 estimated dimension 14 of 17 : 0.991503885795494  | time taken : 37.93185019493103
 Thread 10 estimated dimension 10 of 17 : 1  | time taken : 53.58490991592407
 Thread 12 estimated dimension 14 of 17 : 0.5292671231837945  | time taken : 303.26845383644104
 Thread 5 estimated dimension 15 of 17 : 0.9937064160056789  | time taken : 49.08983087539673
 Thread 7 estimated dimension 15 of 17 : 0.6505271854440219  | time taken : 216.78966069221497
 Thread 2 estimated dimension 15 of 17 : 0.6527428708248629  | time taken : 184.16123986244202
 Thread 12 estimated dimension 15 of 17 : 1  | time taken : 53.55106282234192
 Thread 10 estimated dimension 11 of 17 : 1  | time taken : 64.05977463722229
 Thread 6 estimated dimension 10 of 17 : 0.4692682324628558  | time taken : 320.4019892215729
 Thread 14 estimated dimension 14 of 17 : 0.7036684952264659  | time taken : 181.72408819198608
 Thread 9 estimated dimension 13 of 17 : 0.6725213841279469  | time taken : 179.13072204589844
 Thread 12 estimated dimension 16 of 17 : 0.9968242708874313  | time taken : 48.569883584976196
 Thread 12 nsolns: 258067
 Thread 14 estimated dimension 15 of 17 : 1  | time taken : 45.33137273788452
 Thread 6 estimated dimension 11 of 17 : 0.9941711992789038  | time taken : 66.15166020393372
 Thread 9 estimated dimension 14 of 17 : 0.9978131369143629  | time taken : 28.099547386169434
 Thread 8 estimated dimension 13 of 17 : 0.6249256011741954  | time taken : 222.43010330200195
 Thread 13 estimated dimension 13 of 17 : 0.5452149543448787  | time taken : 276.5121374130249
 Thread 6 estimated dimension 12 of 17 : 1  | time taken : 51.615585803985596
 Thread 4 estimated dimension 16 of 17 : 0.46193760469007733  | time taken : 291.9676089286804
 Thread 4 nsolns: 282379
 Thread 1 estimated dimension 13 of 17 : 0.3716995965713228  | time taken : 407.07615756988525
 Thread 3 estimated dimension 16 of 17 : 0.5097261174236758  | time taken : 304.5647189617157
 Thread 3 nsolns: 254887
 Thread 8 estimated dimension 14 of 17 : 1  | time taken : 76.38896417617798
 Thread 1 estimated dimension 14 of 17 : 1  | time taken : 30.243807315826416
 Thread 5 estimated dimension 16 of 17 : 0.5064288731480814  | time taken : 232.5181577205658
 Thread 5 nsolns: 283187
 Thread 13 estimated dimension 14 of 17 : 0.9933823585640688  | time taken : 74.2199399471283
 Thread 6 estimated dimension 13 of 17 : 1  | time taken : 74.7556037902832
 Thread 11 estimated dimension 10 of 17 : 0.4800245847457593  | time taken : 318.01790618896484
 Thread 6 estimated dimension 14 of 17 : 1  | time taken : 38.35217523574829
 Thread 11 estimated dimension 11 of 17 : 0.998541015674357  | time taken : 31.94846749305725
 Thread 1 estimated dimension 15 of 17 : 0.9979124995830115  | time taken : 70.04321908950806
 Thread 13 estimated dimension 15 of 17 : 1  | time taken : 45.57988524436951
 Thread 3 estimated dimension 0 of 17 : 0.7289622124590831  | time taken : 111.66513061523438
 Thread 7 estimated dimension 16 of 17 : 0.4965352906564734  | time taken : 272.4771156311035
 Thread 7 nsolns: 264085
 Thread 10 estimated dimension 12 of 17 : 0.5134978490510417  | time taken : 266.87393498420715
 Thread 1 estimated dimension 16 of 17 : 0.9838081391572199  | time taken : 39.8381085395813
 Thread 2 estimated dimension 16 of 17 : 0.4926792681997859  | time taken : 301.6098322868347
 Thread 2 nsolns: 279820
 Thread 1 nsolns: 273093
 Thread 9 estimated dimension 15 of 17 : 0.4747258349757148  | time taken : 219.50632858276367
 Thread 5 estimated dimension 0 of 17 : 0.7304579352514883  | time taken : 127.93513369560242
 Thread 11 estimated dimension 12 of 17 : 1  | time taken : 70.22176146507263
 Thread 13 estimated dimension 16 of 17 : 0.9981102001633886  | time taken : 68.88410878181458
 Thread 6 estimated dimension 15 of 17 : 1  | time taken : 77.59337878227234
 Thread 13 nsolns: 273288
 Thread 14 estimated dimension 16 of 17 : 0.4890697198895228  | time taken : 273.8402111530304
 Thread 14 nsolns: 268957
 Thread 10 estimated dimension 13 of 17 : 1  | time taken : 74.08034586906433
 Thread 9 estimated dimension 16 of 17 : 0.9944814080746412  | time taken : 55.07760000228882
 Thread 9 nsolns: 290275
 Thread 11 estimated dimension 13 of 17 : 1  | time taken : 54.28636646270752
 Thread 10 estimated dimension 14 of 17 : 1  | time taken : 28.364662647247314
 Thread 7 estimated dimension 0 of 17 : 0.7492689040643912  | time taken : 124.44621562957764
 Thread 6 estimated dimension 16 of 17 : 0.9921861354070525  | time taken : 83.88145446777344
 Thread 6 nsolns: 287404
 Thread 2 estimated dimension 0 of 17 : 0.6882942021285435  | time taken : 118.04722905158997
 Thread 8 estimated dimension 15 of 17 : 0.48172062817659467  | time taken : 256.4446015357971
 Thread 1 estimated dimension 0 of 17 : 0.6766862341515828  | time taken : 125.55192923545837
 Thread 14 estimated dimension 0 of 17 : 0.7889442658571549  | time taken : 93.76521968841553
 Thread 13 estimated dimension 0 of 17 : 0.769145492568431  | time taken : 112.74586296081543
 Thread 10 estimated dimension 15 of 17 : 0.9870279057162684  | time taken : 59.69758701324463
 Thread 5 estimated dimension 1 of 17 : 0.6873369937668992  | time taken : 129.08714604377747
 Thread 3 estimated dimension 1 of 17 : 0.6363463438218593  | time taken : 188.21307611465454
 Thread 11 estimated dimension 14 of 17 : 0.9923477036106619  | time taken : 87.76098728179932
 Thread 4 estimated dimension 0 of 17 : 0.3073203261555345  | time taken : 342.930935382843
 Thread 5 estimated dimension 2 of 17 : 1  | time taken : 26.592353343963623
 Thread 3 estimated dimension 2 of 17 : 0.9966804279470302  | time taken : 41.93397831916809
 Thread 8 estimated dimension 16 of 17 : 0.9884280166135321  | time taken : 71.74788355827332
 Thread 8 nsolns: 282917
 Thread 4 estimated dimension 1 of 17 : 0.9897462544232284  | time taken : 39.459813594818115
 Thread 10 estimated dimension 16 of 17 : 1  | time taken : 85.81676816940308
 Thread 10 nsolns: 298099
 Thread 7 estimated dimension 1 of 17 : 0.6540730901147482  | time taken : 137.37407875061035
 Thread 4 estimated dimension 2 of 17 : 0.9966819194457386  | time taken : 18.67181706428528
 Thread 11 estimated dimension 15 of 17 : 0.9813186146303825  | time taken : 66.8638105392456
 Thread 4 estimated dimension 3 of 17 : 1  | time taken : 15.767280101776123exiting with current heads : 10634 out of 10635 | exp rv: 37014.0575616223

 Thread 12 estimated dimension 0 of 17 : 0.2872962517631617  | time taken : 499.4638376235962
 Thread 7 estimated dimension 2 of 17 : 1  | time taken : 28.474365234375
 Thread 12 estimated dimension 1 of 17 : 1  | time taken : 12.118245601654053
 Thread 4 estimated dimension 4 of 17 : 1  | time taken : 24.178635120391846
 Thread 12 estimated dimension 2 of 17 : 1  | time taken : 12.88765835762024
 Thread 11 estimated dimension 16 of 17 : 0.9810110985466955  | time taken : 58.68824100494385
 Thread 11 nsolns: 284980
 Thread 2 estimated dimension 1 of 17 : 0.7584922849352226  | time taken : 183.6346926689148
 Thread 5 estimated dimension 3 of 17 : 0.7039282715920515  | time taken : 125.32017803192139
 Thread 14 estimated dimension 1 of 17 : 0.614960005376518  | time taken : 167.238703250885
 Thread 3 estimated dimension 3 of 17 : 0.7628806098863681  | time taken : 106.36472082138062
 Thread 8 estimated dimension 0 of 17 : 0.7025301066003565  | time taken : 108.13596820831299
 Thread 12 estimated dimension 3 of 17 : 1  | time taken : 24.926689863204956
 Thread 2 estimated dimension 2 of 17 : 1  | time taken : 21.242038249969482
 Thread 13 estimated dimension 1 of 17 : 0.6653211250372795  | time taken : 192.61555457115173
 Thread 12 estimated dimension 4 of 17 : 1  | time taken : 21.5239839553833
 Thread 3 estimated dimension 4 of 17 : 1  | time taken : 37.53381276130676
 Thread 5 estimated dimension 4 of 17 : 1  | time taken : 42.64492321014404
 Thread 1 estimated dimension 1 of 17 : 0.34425122862445917  | time taken : 225.49889731407166
 Thread 14 estimated dimension 2 of 17 : 0.9962256325003984  | time taken : 51.45633411407471
 Thread 10 estimated dimension 0 of 17 : 0.692791755705748  | time taken : 128.21176862716675
 Thread 13 estimated dimension 2 of 17 : 0.9811031084078368  | time taken : 34.34070324897766
 Thread 11 estimated dimension 0 of 17 : 0.7077690871193602  | time taken : 117.64669418334961
 Thread 6 estimated dimension 0 of 17 : 0.268587837077278  | time taken : 309.9015619754791
 Thread 2 estimated dimension 3 of 17 : 0.7351562048038965  | time taken : 107.6896300315857
 Thread 6 estimated dimension 1 of 17 : 0.9947146311730566  | time taken : 27.07594585418701
 Thread 1 estimated dimension 2 of 17 : 0.8338226732819631  | time taken : 104.39362740516663
 Thread 9 estimated dimension 0 of 17 : 0.2974660342635405  | time taken : 404.48300790786743
 Thread 2 estimated dimension 4 of 17 : 1  | time taken : 26.25111985206604
 Thread 6 estimated dimension 2 of 17 : 1  | time taken : 15.995252132415771
 Thread 4 estimated dimension 5 of 17 : 0.41792597488339905  | time taken : 198.10512828826904
 Thread 9 estimated dimension 1 of 17 : 1  | time taken : 15.657227754592896
 Thread 12 estimated dimension 5 of 17 : 0.5973265202941898  | time taken : 144.0065438747406
 Thread 8 estimated dimension 1 of 17 : 0.644644409122131  | time taken : 176.31094551086426
 Thread 13 estimated dimension 3 of 17 : 0.7634208363138782  | time taken : 122.70597314834595
 Thread 9 estimated dimension 2 of 17 : 0.9923014564955454  | time taken : 21.472221851348877
 Thread 6 estimated dimension 3 of 17 : 0.9959774807738747  | time taken : 32.56890916824341
 Thread 12 estimated dimension 6 of 17 : 0.9896567384656418  | time taken : 20.89767622947693
 Thread 13 estimated dimension 4 of 17 : 0.9954251459480734  | time taken : 13.570596933364868
 Thread 8 estimated dimension 2 of 17 : 0.9989265635756942  | time taken : 25.578681468963623
 Thread 3 estimated dimension 5 of 17 : 0.47080665878241396  | time taken : 183.95826935768127
 Thread 9 estimated dimension 3 of 17 : 0.9795882138296202  | time taken : 27.46406650543213
 Thread 6 estimated dimension 4 of 17 : 1  | time taken : 27.667238473892212
 Thread 5 estimated dimension 5 of 17 : 0.46214297361423173  | time taken : 189.2519655227661
 Thread 3 estimated dimension 6 of 17 : 1  | time taken : 13.742382049560547
 Thread 14 estimated dimension 3 of 17 : 0.7113866815875115  | time taken : 192.64244532585144
 Thread 9 estimated dimension 4 of 17 : 1  | time taken : 27.51864457130432
 Thread 4 estimated dimension 6 of 17 : 0.5783718025118638  | time taken : 91.91534614562988
 Thread 10 estimated dimension 1 of 17 : 0.3372634311677981  | time taken : 213.43969583511353
 Thread 7 estimated dimension 3 of 17 : 0.28848948036538663  | time taken : 314.92177295684814
 Thread 14 estimated dimension 4 of 17 : 0.9933791391266397  | time taken : 26.351591110229492
 Thread 1 estimated dimension 3 of 17 : 0.4492072993528282  | time taken : 165.24992871284485
 Thread 11 estimated dimension 1 of 17 : 0.4527858381090066  | time taken : 204.8201367855072
 Thread 2 estimated dimension 5 of 17 : 0.5676814946140443  | time taken : 175.07514238357544
 Thread 12 estimated dimension 7 of 17 : 0.6097849679390813  | time taken : 132.06556868553162
 Thread 1 estimated dimension 4 of 17 : 1  | time taken : 22.022886276245117
 Thread 5 estimated dimension 6 of 17 : 0.6880282666286751  | time taken : 120.60261845588684
 Thread 2 estimated dimension 6 of 17 : 0.9844824251529615  | time taken : 25.877631425857544
 Thread 7 estimated dimension 4 of 17 : 0.7686219152350331  | time taken : 90.78320622444153
 Thread 13 estimated dimension 5 of 17 : 0.5966559402271436  | time taken : 158.1235728263855
 Thread 1 estimated dimension 5 of 17 : 0.9987343784909994  | time taken : 23.262450218200684
 Thread 12 estimated dimension 8 of 17 : 1  | time taken : 30.985029458999634
 Thread 10 estimated dimension 2 of 17 : 0.7000950696693045  | time taken : 95.06739258766174
 Thread 6 estimated dimension 5 of 17 : 0.4977325204813744  | time taken : 148.1689431667328
 Thread 9 estimated dimension 5 of 17 : 0.47132879267714434  | time taken : 147.52943229675293
 Thread 13 estimated dimension 6 of 17 : 0.7959935123808436  | time taken : 61.169960021972656
 Thread 9 estimated dimension 6 of 17 : 1  | time taken : 27.333027839660645
 Thread 6 estimated dimension 6 of 17 : 0.7402614970558485  | time taken : 98.12016558647156
 Thread 5 estimated dimension 7 of 17 : 0.5923226954530014  | time taken : 128.92301273345947
 Thread 2 estimated dimension 7 of 17 : 0.5580140715095341  | time taken : 125.63371729850769
 Thread 3 estimated dimension 7 of 17 : 0.2994667049040003  | time taken : 254.80798959732056
 Thread 8 estimated dimension 3 of 17 : 0.31282256044247836  | time taken : 288.5691180229187
 Thread 14 estimated dimension 5 of 17 : 0.41799826630551734  | time taken : 226.6146457195282
 Thread 4 estimated dimension 7 of 17 : 0.4215230399455923  | time taken : 236.59357833862305
 Thread 2 estimated dimension 8 of 17 : 0.9903401744541291  | time taken : 28.675551652908325
 Thread 7 estimated dimension 5 of 17 : 0.5326335423437641  | time taken : 159.62223291397095
 Thread 4 estimated dimension 8 of 17 : 0.9898563337359254  | time taken : 32.7241632938385
 Thread 7 estimated dimension 6 of 17 : 0.9963193043549368  | time taken : 14.86679720878601
 Thread 10 estimated dimension 3 of 17 : 0.5115174941270236  | time taken : 174.50463581085205
 Thread 7 estimated dimension 7 of 17 : 1  | time taken : 29.272568941116333
 Thread 10 estimated dimension 4 of 17 : 0.9970388291898934  | time taken : 28.09420895576477
 Thread 12 estimated dimension 9 of 17 : 0.41384228883590485  | time taken : 213.9916694164276
 Thread 4 estimated dimension 9 of 17 : 0.9987619429023181  | time taken : 46.371633529663086
 Thread 3 estimated dimension 8 of 17 : 0.7997768274239456  | time taken : 93.05690860748291
 Thread 14 estimated dimension 6 of 17 : 0.8387252761112729  | time taken : 88.54957365989685
 Thread 10 estimated dimension 5 of 17 : 1  | time taken : 21.592944383621216
 Thread 8 estimated dimension 4 of 17 : 0.758646261228211  | time taken : 102.72939348220825
 Thread 13 estimated dimension 7 of 17 : 0.418912322531079  | time taken : 178.79685997962952
 Thread 6 estimated dimension 7 of 17 : 0.5325048162071055  | time taken : 130.08994936943054
 Thread 12 estimated dimension 10 of 17 : 0.9925451542550711  | time taken : 28.617354154586792
 Thread 13 estimated dimension 8 of 17 : 1  | time taken : 27.244059801101685
 Thread 7 estimated dimension 8 of 17 : 0.7614887136708332  | time taken : 88.25260281562805
 Thread 13 estimated dimension 9 of 17 : 0.9859942962967189  | time taken : 31.70603609085083
 Thread 9 estimated dimension 7 of 17 : 0.3541882385285745  | time taken : 247.95385146141052
 Thread 10 estimated dimension 6 of 17 : 0.6840281274467851  | time taken : 84.33800292015076
 Thread 1 estimated dimension 6 of 17 : 0.24591436396932018  | time taken : 321.21208691596985
 Thread 11 estimated dimension 2 of 17 : 0.2879933245187719  | time taken : 369.0248558521271
 Thread 5 estimated dimension 8 of 17 : 0.3553554669156536  | time taken : 210.37807774543762
 Thread 3 estimated dimension 9 of 17 : 0.5012148924234975  | time taken : 147.27911639213562
 Thread 5 estimated dimension 9 of 17 : 1  | time taken : 40.569764614105225
 Thread 14 estimated dimension 7 of 17 : 0.6037208304936924  | time taken : 153.74656558036804
 Thread 2 estimated dimension 9 of 17 : 0.3890061159240647  | time taken : 237.02950501441956
 Thread 4 estimated dimension 10 of 17 : 0.5002954388454032  | time taken : 173.90767192840576
 Thread 8 estimated dimension 5 of 17 : 0.5017722712309556  | time taken : 172.26705026626587
 Thread 2 estimated dimension 10 of 17 : 1  | time taken : 25.020161390304565
 Thread 11 estimated dimension 3 of 17 : 0.6616665937072322  | time taken : 92.25519561767578
 Thread 9 estimated dimension 8 of 17 : 0.6669027025906922  | time taken : 109.65805864334106
 Thread 1 estimated dimension 7 of 17 : 0.684398531661799  | time taken : 132.55707216262817
 Thread 13 estimated dimension 10 of 17 : 0.5716523895241603  | time taken : 149.88887524604797
 Thread 12 estimated dimension 11 of 17 : 0.39214513596077066  | time taken : 219.73304271697998
 Thread 3 estimated dimension 10 of 17 : 0.5616105855946595  | time taken : 125.78183031082153
 Thread 4 estimated dimension 11 of 17 : 0.8294779721565886  | time taken : 102.00798034667969
 Thread 8 estimated dimension 6 of 17 : 0.7118211998749291  | time taken : 104.53515863418579
 Thread 6 estimated dimension 8 of 17 : 0.363938527194555  | time taken : 280.8841805458069
 Thread 11 estimated dimension 4 of 17 : 0.6116677453549673  | time taken : 108.12383317947388
 Thread 10 estimated dimension 7 of 17 : 0.43331880361991415  | time taken : 214.764732837677
 Thread 3 estimated dimension 11 of 17 : 0.9946143877849872  | time taken : 36.68535566329956
 Thread 5 estimated dimension 10 of 17 : 0.513432289163962  | time taken : 162.02471113204956
 Thread 8 estimated dimension 7 of 17 : 1  | time taken : 29.591018438339233
 Thread 12 estimated dimension 12 of 17 : 0.7583144058889679  | time taken : 81.32036805152893
 Thread 11 estimated dimension 5 of 17 : 1  | time taken : 28.84024405479431
 Thread 6 estimated dimension 9 of 17 : 0.9869490931622171  | time taken : 30.052058696746826
 Thread 7 estimated dimension 9 of 17 : 0.2991352929958561  | time taken : 268.51934695243835
 Thread 12 estimated dimension 13 of 17 : 1  | time taken : 24.51192283630371
 Thread 11 estimated dimension 6 of 17 : 1  | time taken : 19.41378688812256
 Thread 1 estimated dimension 8 of 17 : 0.5229854115885513  | time taken : 129.34805536270142
 Thread 5 estimated dimension 11 of 17 : 0.9924452516300012  | time taken : 60.74629092216492
 Thread 7 estimated dimension 10 of 17 : 0.9895167284194752  | time taken : 35.488691091537476
 Thread 13 estimated dimension 11 of 17 : 0.4871847390888021  | time taken : 151.8530511856079
 Thread 11 estimated dimension 7 of 17 : 1  | time taken : 28.949705123901367
 Thread 10 estimated dimension 8 of 17 : 0.7966475076716452  | time taken : 96.99275541305542
 Thread 2 estimated dimension 11 of 17 : 0.4446817048972918  | time taken : 214.31428956985474
 Thread 1 estimated dimension 9 of 17 : 0.9881823908291502  | time taken : 47.498615741729736
 Thread 5 estimated dimension 12 of 17 : 1  | time taken : 41.375298261642456
 Thread 14 estimated dimension 8 of 17 : 0.3206509844705521  | time taken : 265.0626003742218
 Thread 7 estimated dimension 11 of 17 : 1  | time taken : 41.39508318901062
 Thread 13 estimated dimension 12 of 17 : 1  | time taken : 39.220603704452515
 Thread 4 estimated dimension 12 of 17 : 0.5408337456817373  | time taken : 151.69212007522583
 Thread 10 estimated dimension 9 of 17 : 1  | time taken : 24.50668978691101
 Thread 1 estimated dimension 10 of 17 : 0.988164881080059  | time taken : 27.289270639419556
 Thread 14 estimated dimension 9 of 17 : 0.9965692271813336  | time taken : 18.52862524986267
 Thread 4 estimated dimension 13 of 17 : 0.986695442494935  | time taken : 32.55623960494995
 Thread 12 estimated dimension 14 of 17 : 0.6941148833582398  | time taken : 109.63789319992065
 Thread 1 estimated dimension 11 of 17 : 0.9983084611268586  | time taken : 25.4725980758667
 Thread 13 estimated dimension 13 of 17 : 0.9992042975483654  | time taken : 44.58013439178467
 Thread 3 estimated dimension 12 of 17 : 0.4782730823986049  | time taken : 163.70204091072083
 Thread 9 estimated dimension 9 of 17 : 0.3695442941213601  | time taken : 275.74897384643555
 Thread 11 estimated dimension 8 of 17 : 0.6916931376684035  | time taken : 96.09564137458801
 Thread 4 estimated dimension 14 of 17 : 0.9978241520975533  | time taken : 33.60005259513855
 Thread 2 estimated dimension 12 of 17 : 0.7347658230023002  | time taken : 91.86072158813477
 Thread 6 estimated dimension 10 of 17 : 0.518855349017632  | time taken : 165.3546483516693
 Thread 13 estimated dimension 14 of 17 : 0.9867189897231894  | time taken : 30.767871141433716
 Thread 11 estimated dimension 9 of 17 : 0.9927756404057732  | time taken : 30.13706660270691
 Thread 12 estimated dimension 15 of 17 : 0.9808419856702288  | time taken : 50.86906123161316
 Thread 9 estimated dimension 10 of 17 : 0.9807082634407736  | time taken : 37.60102915763855
 Thread 7 estimated dimension 12 of 17 : 0.7601900377950572  | time taken : 95.35191440582275
 Thread 6 estimated dimension 11 of 17 : 1  | time taken : 20.57779026031494
 Thread 5 estimated dimension 13 of 17 : 0.635893423012204  | time taken : 111.56959891319275
 Thread 3 estimated dimension 13 of 17 : 1  | time taken : 65.79645276069641
 Thread 2 estimated dimension 13 of 17 : 1  | time taken : 50.281672954559326
 Thread 9 estimated dimension 11 of 17 : 0.9871862579759163  | time taken : 41.92654228210449
 Thread 11 estimated dimension 10 of 17 : 0.9934601345557066  | time taken : 47.70833945274353
 Thread 10 estimated dimension 10 of 17 : 0.6038732126920141  | time taken : 137.6833531856537
 Thread 8 estimated dimension 8 of 17 : 0.44021492342128404  | time taken : 247.02750492095947
 Thread 14 estimated dimension 10 of 17 : 0.46225353981950323  | time taken : 131.5726342201233
 Thread 7 estimated dimension 13 of 17 : 1  | time taken : 57.063007831573486
 Thread 1 estimated dimension 12 of 17 : 0.5229490964683321  | time taken : 118.91449117660522
 Thread 6 estimated dimension 12 of 17 : 1  | time taken : 79.19167423248291
 Thread 4 estimated dimension 15 of 17 : 0.6490117949568636  | time taken : 105.630126953125
 Thread 13 estimated dimension 15 of 17 : 0.7018061021734727  | time taken : 99.96885776519775
 Thread 11 estimated dimension 11 of 17 : 0.9872024679814372  | time taken : 43.85213923454285
 Thread 8 estimated dimension 9 of 17 : 1  | time taken : 47.896302223205566
 Thread 1 estimated dimension 13 of 17 : 1  | time taken : 43.49351239204407
 Thread 10 estimated dimension 11 of 17 : 0.9841477173929221  | time taken : 68.32084941864014
 Thread 14 estimated dimension 11 of 17 : 1  | time taken : 65.58536100387573
 Thread 9 estimated dimension 12 of 17 : 0.7656677041370633  | time taken : 84.36850643157959
 Thread 2 estimated dimension 14 of 17 : 0.6602861293654604  | time taken : 111.82846736907959
 Thread 3 estimated dimension 14 of 17 : 0.5731287499438823  | time taken : 130.067702293396
 Thread 12 estimated dimension 16 of 17 : 0.4783645816978651  | time taken : 164.1650640964508
 Thread 12 nsolns: 271366
 Thread 14 estimated dimension 12 of 17 : 0.990814692241106  | time taken : 43.09225273132324
 Thread 5 estimated dimension 14 of 17 : 0.49751779238022437  | time taken : 150.87263226509094
 Thread 7 estimated dimension 14 of 17 : 0.7109929102588287  | time taken : 107.85774850845337
 Thread 1 estimated dimension 14 of 17 : 0.9968839134104263  | time taken : 61.91388702392578
 Thread 9 estimated dimension 13 of 17 : 1  | time taken : 67.28776907920837
 Thread 11 estimated dimension 12 of 17 : 0.4898374179119136  | time taken : 120.7427806854248
 Thread 4 estimated dimension 16 of 17 : 0.47214453853508737  | time taken : 133.6277141571045
 Thread 4 nsolns: 281102
 Thread 2 estimated dimension 15 of 17 : 0.999609268895798  | time taken : 83.25871229171753
 Thread 5 estimated dimension 15 of 17 : 1  | time taken : 71.40502619743347
 Thread 8 estimated dimension 10 of 17 : 0.521530172526464  | time taken : 151.91079425811768
 Thread 13 estimated dimension 16 of 17 : 0.48076325013034343  | time taken : 171.45479941368103
 Thread 13 nsolns: 252750
 Thread 12 estimated dimension 0 of 17 : 0.7263088639296176  | time taken : 96.89076209068298
 Thread 6 estimated dimension 13 of 17 : 0.33541330832685523  | time taken : 175.39534878730774
 Thread 3 estimated dimension 15 of 17 : 0.9838451562565581  | time taken : 107.42830491065979
 Thread 7 estimated dimension 15 of 17 : 1  | time taken : 105.00802969932556
 Thread 14 estimated dimension 13 of 17 : 0.6483336197838289  | time taken : 117.92980074882507
 Thread 9 estimated dimension 14 of 17 : 0.6736654318666508  | time taken : 116.03113436698914
 Thread 1 estimated dimension 15 of 17 : 0.544512620647202  | time taken : 146.18408203125
 Thread 3 estimated dimension 16 of 17 : 1  | time taken : 64.68018627166748
 Thread 3 nsolns: 272389
 Thread 6 estimated dimension 14 of 17 : 0.9964737262777025  | time taken : 66.15279293060303
 Thread 11 estimated dimension 13 of 17 : 0.6753877947935393  | time taken : 120.76791048049927
 Thread 8 estimated dimension 11 of 17 : 1  | time taken : 84.31153225898743
 Thread 10 estimated dimension 12 of 17 : 0.31262719698513003  | time taken : 227.6016492843628
 Thread 12 estimated dimension 1 of 17 : 0.6658202323946548  | time taken : 89.27288937568665
 Thread 5 estimated dimension 16 of 17 : 0.9913312546142277  | time taken : 117.46437311172485
 Thread 5 nsolns: 264140
 Thread 13 estimated dimension 0 of 17 : 0.6546634385529714  | time taken : 103.93952679634094
 Thread 6 estimated dimension 15 of 17 : 0.9944135977798882  | time taken : 42.96235704421997
 Thread 2 estimated dimension 16 of 17 : 0.5480386683379259  | time taken : 140.7166497707367
 Thread 2 nsolns: 258054
 Thread 9 estimated dimension 15 of 17 : 0.9993503976125505  | time taken : 84.76995253562927
 Thread 11 estimated dimension 14 of 17 : 0.9783629452533603  | time taken : 64.1775279045105
 Thread 12 estimated dimension 2 of 17 : 0.9998131790503747  | time taken : 50.14919447898865
 Thread 3 estimated dimension 0 of 17 : 0.7548658658316355  | time taken : 73.6992757320404
 Thread 1 estimated dimension 16 of 17 : 0.9823813933887036  | time taken : 84.71236205101013
 Thread 1 nsolns: 287152
 Thread 5 estimated dimension 0 of 17 : 0.7524854009531612  | time taken : 58.23006892204285
 Thread 4 estimated dimension 0 of 17 : 0.35259971232504644  | time taken : 192.12658023834229
 Thread 7 estimated dimension 16 of 17 : 0.5004878463048591  | time taken : 145.15318727493286
 Thread 7 nsolns: 275165
 Thread 8 estimated dimension 12 of 17 : 0.9977961239436852  | time taken : 86.71989512443542
 Thread 10 estimated dimension 13 of 17 : 1  | time taken : 86.00554394721985
 Thread 4 estimated dimension 1 of 17 : 0.9931552761197023  | time taken : 27.5732901096344
 Thread 13 estimated dimension 1 of 17 : 0.5740052460263736  | time taken : 80.44693541526794
 Thread 14 estimated dimension 14 of 17 : 0.530335196774579  | time taken : 166.25666308403015
 Thread 6 estimated dimension 16 of 17 : 0.9978866532811325  | time taken : 84.0330171585083
 Thread 6 nsolns: 282365
 Thread 2 estimated dimension 0 of 17 : 0.662003979722092  | time taken : 109.16375136375427
 Thread 4 estimated dimension 2 of 17 : 1  | time taken : 52.71522283554077
 Thread 14 estimated dimension 15 of 17 : 0.9826181230104847  | time taken : 47.246169567108154
 Thread 1 estimated dimension 0 of 17 : 0.6733696150302103  | time taken : 90.66792583465576
 Thread 8 estimated dimension 13 of 17 : 1  | time taken : 84.87056279182434
 Thread 7 estimated dimension 0 of 17 : 0.7408141251793806  | time taken : 100.36113572120667
 Thread 13 estimated dimension 2 of 17 : 1  | time taken : 75.66769433021545
 Thread 10 estimated dimension 14 of 17 : 0.9795603283881961  | time taken : 109.18231320381165
 Thread 4 estimated dimension 3 of 17 : 1  | time taken : 51.0939826965332
 Thread 6 estimated dimension 0 of 17 : 0.6968661065641544  | time taken : 93.17033505439758
 Thread 3 estimated dimension 1 of 17 : 0.5990156044362451  | time taken : 148.6395161151886
 Thread 11 estimated dimension 15 of 17 : 0.48379462547504404  | time taken : 167.9750771522522
 Thread 9 estimated dimension 16 of 17 : 0.5575601980367798  | time taken : 173.24533486366272
 Thread 2 estimated dimension 1 of 17 : 0.6567183579439935  | time taken : 89.1588819026947
 Thread 14 estimated dimension 16 of 17 : 0.9934212991246015  | time taken : 74.73173522949219
 Thread 9 nsolns: 277152
 Thread 4 estimated dimension 4 of 17 : 1  | time taken : 22.947186946868896
 Thread 14 nsolns: 268041
 Thread 3 estimated dimension 2 of 17 : 1  | time taken : 21.61784052848816
 Thread 5 estimated dimension 1 of 17 : 0.5988675580220452  | time taken : 163.43534111976624
 Thread 2 estimated dimension 2 of 17 : 0.989632848566385  | time taken : 28.41248893737793
 Thread 13 estimated dimension 3 of 17 : 0.732293281573555  | time taken : 81.67483687400818
 Thread 1 estimated dimension 1 of 17 : 0.5547835962939923  | time taken : 119.09179210662842
 Thread 10 estimated dimension 15 of 17 : 0.9956130509850428  | time taken : 74.97711133956909
 Thread 12 estimated dimension 3 of 17 : 0.2642659905971692  | time taken : 223.55383920669556
 Thread 5 estimated dimension 2 of 17 : 1  | time taken : 48.543487548828125
 Thread 13 estimated dimension 4 of 17 : 0.9841972985071051  | time taken : 44.863720655441284
 Thread 1 estimated dimension 2 of 17 : 1  | time taken : 47.916290044784546
 Thread 8 estimated dimension 14 of 17 : 0.4889834787065461  | time taken : 165.87690711021423
 Thread 11 estimated dimension 16 of 17 : 1  | time taken : 114.04955792427063
 Thread 11 nsolns: 268579
 Thread 12 estimated dimension 4 of 17 : 0.8684352165794996  | time taken : 72.30021524429321
 Thread 4 estimated dimension 5 of 17 : 0.6160137379877271  | time taken : 129.94008660316467
 Thread 10 estimated dimension 16 of 17 : 0.9964515718883178  | time taken : 90.7878041267395
 Thread 7 estimated dimension 1 of 17 : 0.34388778154909166  | time taken : 192.41569542884827
 Thread 10 nsolns: 272467
 Thread 6 estimated dimension 1 of 17 : 0.4155045686661752  | time taken : 165.2827112674713
 Thread 4 estimated dimension 6 of 17 : 0.9945082344284071  | time taken : 39.63563275337219
 Thread 1 estimated dimension 3 of 17 : 0.7512498606815315  | time taken : 78.91563200950623
 Thread 8 estimated dimension 15 of 17 : 1  | time taken : 68.88422274589539
 Thread 11 estimated dimension 0 of 17 : 0.7478329765044333  | time taken : 70.30193853378296
 Thread 3 estimated dimension 3 of 17 : 0.33490662126174275  | time taken : 189.63296508789062
 Thread 1 estimated dimension 4 of 17 : 1  | time taken : 34.674333810806274
 Thread 6 estimated dimension 2 of 17 : 0.6901164146405944  | time taken : 72.24428272247314
 Thread 7 estimated dimension 2 of 17 : 0.7472499809691986  | time taken : 77.32038187980652
 Thread 9 estimated dimension 0 of 17 : 0.2705741913052738  | time taken : 222.98721981048584
 Thread 8 estimated dimension 16 of 17 : 1  | time taken : 62.82502818107605
 Thread 8 nsolns: 266711
 Thread 13 estimated dimension 5 of 17 : 0.33068495054725755  | time taken : 163.78694200515747
 Thread 3 estimated dimension 4 of 17 : 0.842840876916163  | time taken : 53.72036170959473
 Thread 9 estimated dimension 1 of 17 : 0.9968007283857038  | time taken : 22.80338954925537
 Thread 4 estimated dimension 7 of 17 : 0.612494089790374  | time taken : 82.59464240074158
 Thread 5 estimated dimension 3 of 17 : 0.31423497386460886  | time taken : 200.9018042087555
 Thread 2 estimated dimension 3 of 17 : 0.2778366555815504  | time taken : 234.93877816200256
 Thread 12 estimated dimension 5 of 17 : 0.4377321585578036  | time taken : 139.84211444854736
 Thread 9 estimated dimension 2 of 17 : 0.9980465895118269  | time taken : 42.7272253036499
 Thread 5 estimated dimension 4 of 17 : 0.8552870778311926  | time taken : 37.28519082069397
 Thread 4 estimated dimension 8 of 17 : 0.99939287042967  | time taken : 57.27203583717346
 Thread 6 estimated dimension 3 of 17 : 0.5787616437457669  | time taken : 96.00846314430237
 Thread 13 estimated dimension 6 of 17 : 0.6770374674834398  | time taken : 70.53517198562622
 Thread 7 estimated dimension 3 of 17 : 0.537546254780656  | time taken : 102.20476198196411
 Thread 1 estimated dimension 5 of 17 : 0.4673762002284225  | time taken : 110.83898401260376
 Thread 10 estimated dimension 0 of 17 : 0.2841894570467034  | time taken : 180.31288409233093
 Thread 9 estimated dimension 3 of 17 : 1  | time taken : 36.6952338218689
 Thread 11 estimated dimension 1 of 17 : 0.29676261121624353  | time taken : 147.34283781051636
 Thread 3 estimated dimension 5 of 17 : 0.5172024439059318  | time taken : 91.90362048149109
 Thread 10 estimated dimension 1 of 17 : 0.997329617435445  | time taken : 26.34801483154297
 Thread 9 estimated dimension 4 of 17 : 1  | time taken : 46.31294059753418
 Thread 3 estimated dimension 6 of 17 : 1  | time taken : 45.230541944503784
 Thread 10 estimated dimension 2 of 17 : 1  | time taken : 44.00603795051575
 Thread 3 estimated dimension 7 of 17 : 1  | time taken : 13.692586898803711
 Thread 6 estimated dimension 4 of 17 : 0.7362640753925812  | time taken : 90.30174994468689
 Thread 7 estimated dimension 4 of 17 : 0.6409051595534087  | time taken : 89.79100704193115
 Thread 13 estimated dimension 7 of 17 : 0.6244533428855993  | time taken : 97.04606127738953
 Thread 10 estimated dimension 3 of 17 : 0.9980403465953419  | time taken : 33.37990999221802
 Thread 6 estimated dimension 5 of 17 : 1  | time taken : 26.66400957107544
 Thread 7 estimated dimension 5 of 17 : 1  | time taken : 32.171478271484375
 Thread 5 estimated dimension 5 of 17 : 0.40310397530895725  | time taken : 153.86312651634216
 Thread 10 estimated dimension 4 of 17 : 0.9927215474970358  | time taken : 24.15150547027588
 Thread 3 estimated dimension 8 of 17 : 0.8037285896678283  | time taken : 64.77586936950684
 Thread 8 estimated dimension 0 of 17 : 0.32557906888909965  | time taken : 235.77811884880066
 Thread 13 estimated dimension 8 of 17 : 0.672118858534143  | time taken : 67.82995963096619
 Thread 4 estimated dimension 9 of 17 : 0.408762097370167  | time taken : 173.46175813674927
 Thread 6 estimated dimension 6 of 17 : 0.6242018866580953  | time taken : 53.46693420410156
 Thread 13 estimated dimension 9 of 17 : 1  | time taken : 12.79963493347168
 Thread 12 estimated dimension 6 of 17 : 0.35876053003872443  | time taken : 228.46543908119202
 Thread 7 estimated dimension 6 of 17 : 0.564213300275264  | time taken : 53.72753643989563
 Thread 8 estimated dimension 1 of 17 : 0.9989792115963223  | time taken : 23.02686095237732
 Thread 6 estimated dimension 7 of 17 : 1  | time taken : 14.384258270263672
 Thread 9 estimated dimension 5 of 17 : 0.4468129360565882  | time taken : 143.67304253578186
 Thread 12 estimated dimension 7 of 17 : 1  | time taken : 30.333436012268066
 Thread 4 estimated dimension 10 of 17 : 1  | time taken : 45.75158429145813
 Thread 1 estimated dimension 6 of 17 : 0.3118966734065791  | time taken : 209.2702875137329
 Thread 7 estimated dimension 7 of 17 : 0.979774021166642  | time taken : 34.18865156173706
 Thread 8 estimated dimension 2 of 17 : 0.9981434966919012  | time taken : 32.06589984893799
 Thread 3 estimated dimension 9 of 17 : 0.7155731612103299  | time taken : 78.57203459739685
 Thread 10 estimated dimension 5 of 17 : 0.5448324404722407  | time taken : 116.35809135437012
 Thread 8 estimated dimension 3 of 17 : 1  | time taken : 37.61764216423035
 Thread 8 estimated dimension 4 of 17 : 0.9995031733037849  | time taken : 14.536769390106201
 Thread 10 estimated dimension 6 of 17 : 1  | time taken : 28.691838026046753
 Thread 1 estimated dimension 7 of 17 : 0.7524463519772815  | time taken : 82.0568437576294exiting with current heads : 10633 out of 10635 | exp rv: 55193.61378129657

 Thread 2 estimated dimension 4 of 17 : 0.19266721766284378  | time taken : 355.5816287994385
 Thread 9 estimated dimension 6 of 17 : 0.5745528110478975  | time taken : 107.49432039260864
 Thread 7 estimated dimension 8 of 17 : 0.7352806130072151  | time taken : 97.09889960289001
 Thread 4 estimated dimension 11 of 17 : 0.6272573096396546  | time taken : 108.56850957870483
 Thread 13 estimated dimension 10 of 17 : 0.5264456196291171  | time taken : 153.94600582122803
 Thread 11 estimated dimension 2 of 17 : 0.2117788079583896  | time taken : 322.6013693809509
 Thread 7 estimated dimension 9 of 17 : 1  | time taken : 20.25278353691101
 Thread 3 estimated dimension 10 of 17 : 0.5077918337130599  | time taken : 110.41808366775513
 Thread 13 estimated dimension 11 of 17 : 0.9993458950433955  | time taken : 24.748677730560303
 Thread 4 estimated dimension 12 of 17 : 0.9991572433958008  | time taken : 34.760167360305786
 Thread 12 estimated dimension 8 of 17 : 0.5930610590729446  | time taken : 149.27512168884277
 Thread 3 estimated dimension 11 of 17 : 0.9957421927627663  | time taken : 25.004352569580078
 Thread 10 estimated dimension 7 of 17 : 0.6006720992732214  | time taken : 93.39719915390015
 Thread 12 estimated dimension 9 of 17 : 0.997935756624788  | time taken : 36.29138493537903
 Thread 5 estimated dimension 6 of 17 : 0.27256283344024546  | time taken : 266.2980237007141
 Thread 10 estimated dimension 8 of 17 : 1  | time taken : 27.667105674743652
 Thread 8 estimated dimension 5 of 17 : 0.500340652645112  | time taken : 136.98968172073364
 Thread 9 estimated dimension 7 of 17 : 0.6215635528570449  | time taken : 105.26022124290466
 Thread 6 estimated dimension 8 of 17 : 0.2813530933272847  | time taken : 231.0220901966095
 Thread 5 estimated dimension 7 of 17 : 1  | time taken : 24.634360551834106
 Thread 1 estimated dimension 8 of 17 : 0.4628585886538718  | time taken : 130.13704586029053
 Thread 12 estimated dimension 10 of 17 : 1  | time taken : 30.64272117614746
 Thread 2 estimated dimension 5 of 17 : 0.4656670353650069  | time taken : 142.5682179927826
 Thread 13 estimated dimension 12 of 17 : 0.658919031286872  | time taken : 96.93976998329163
 Thread 12 estimated dimension 11 of 17 : 1  | time taken : 31.208350896835327
 Thread 1 estimated dimension 9 of 17 : 0.9956011425995814  | time taken : 33.18698596954346
 Thread 7 estimated dimension 10 of 17 : 0.40442291400316666  | time taken : 137.2698369026184
 Thread 12 estimated dimension 12 of 17 : 0.9878375729173129  | time taken : 16.02398681640625
 Thread 1 estimated dimension 10 of 17 : 1  | time taken : 16.08887815475464
 Thread 6 estimated dimension 9 of 17 : 1  | time taken : 62.45266652107239
 Thread 4 estimated dimension 13 of 17 : 0.5309681071568427  | time taken : 120.4977056980133
 Thread 3 estimated dimension 12 of 17 : 0.5034422005118462  | time taken : 125.42512440681458
 Thread 10 estimated dimension 9 of 17 : 0.588638549026889  | time taken : 81.5551438331604
 Thread 12 estimated dimension 13 of 17 : 0.9986309521732051  | time taken : 20.981072902679443
 Thread 7 estimated dimension 11 of 17 : 0.9806676838432288  | time taken : 29.371697425842285
 Thread 11 estimated dimension 3 of 17 : 0.3088581380577374  | time taken : 171.2238712310791
 Thread 1 estimated dimension 11 of 17 : 1  | time taken : 41.3914213180542
 Thread 11 estimated dimension 4 of 17 : 0.9972192549095428  | time taken : 26.068109273910522
 Thread 4 estimated dimension 14 of 17 : 0.9924448733164334  | time taken : 61.99101424217224
 Thread 13 estimated dimension 13 of 17 : 0.4801475140656484  | time taken : 96.08104729652405
 Thread 3 estimated dimension 13 of 17 : 0.993602154272467  | time taken : 68.32535648345947
 Thread 2 estimated dimension 6 of 17 : 0.6817569230416884  | time taken : 120.66082787513733
 Thread 11 estimated dimension 5 of 17 : 0.9898123418059787  | time taken : 37.81831192970276
 Thread 13 estimated dimension 14 of 17 : 1  | time taken : 37.84011721611023
 Thread 11 estimated dimension 6 of 17 : 0.9854987493685844  | time taken : 23.017029523849487
 Thread 9 estimated dimension 8 of 17 : 0.35793101269179656  | time taken : 187.2881293296814
 Thread 7 estimated dimension 12 of 17 : 0.6822572513159082  | time taken : 102.29450583457947
 Thread 13 estimated dimension 15 of 17 : 0.9985725690038977  | time taken : 17.94929552078247
 Thread 12 estimated dimension 14 of 17 : 0.7078010261633577  | time taken : 117.76163673400879
 Thread 2 estimated dimension 7 of 17 : 0.9980786628538786  | time taken : 52.86686730384827
 Thread 9 estimated dimension 9 of 17 : 1  | time taken : 24.372854232788086
 Thread 8 estimated dimension 6 of 17 : 0.25903533255180045  | time taken : 225.25269412994385
 Thread 5 estimated dimension 8 of 17 : 0.4220317860212744  | time taken : 209.72353219985962
 Thread 10 estimated dimension 10 of 17 : 0.42661402461896414  | time taken : 162.4577603340149
 Thread 1 estimated dimension 12 of 17 : 0.5356090689222744  | time taken : 129.32573556900024
 Thread 12 estimated dimension 15 of 17 : 1  | time taken : 39.62726283073425
 Thread 2 estimated dimension 8 of 17 : 0.9977338696240623  | time taken : 42.000014305114746
 Thread 6 estimated dimension 10 of 17 : 0.48451411001971306  | time taken : 189.88914489746094
 Thread 4 estimated dimension 15 of 17 : 0.6522683164542828  | time taken : 129.69142532348633
 Thread 5 estimated dimension 9 of 17 : 1  | time taken : 59.58534550666809
 Thread 6 estimated dimension 11 of 17 : 1  | time taken : 25.154011964797974
 Thread 10 estimated dimension 11 of 17 : 0.8886994662942951  | time taken : 55.60529828071594
 Thread 2 estimated dimension 9 of 17 : 0.9834967756946901  | time taken : 51.24822473526001
 Thread 7 estimated dimension 13 of 17 : 0.4685326164354207  | time taken : 115.79221653938293
 Thread 5 estimated dimension 10 of 17 : 0.992650134321196  | time taken : 27.298354864120483
 Thread 8 estimated dimension 7 of 17 : 0.8010681236042878  | time taken : 101.74384641647339
 Thread 6 estimated dimension 12 of 17 : 0.9992957177033724  | time taken : 38.51318359375
 Thread 11 estimated dimension 7 of 17 : 0.5377459184988472  | time taken : 147.50328183174133
 Thread 3 estimated dimension 14 of 17 : 0.5248627330397577  | time taken : 189.2355992794037
 Thread 5 estimated dimension 11 of 17 : 0.9880677971102384  | time taken : 29.951714038848877
 Thread 13 estimated dimension 16 of 17 : 0.540956969444856  | time taken : 155.62073588371277
 Thread 13 nsolns: 272571
 Thread 7 estimated dimension 14 of 17 : 1  | time taken : 45.42660856246948
 Thread 9 estimated dimension 10 of 17 : 0.4428466288760929  | time taken : 164.93008732795715
 Thread 3 estimated dimension 15 of 17 : 0.9911248151311343  | time taken : 52.84207510948181
 Thread 10 estimated dimension 12 of 17 : 0.6930548072453449  | time taken : 98.658207654953
 Thread 7 estimated dimension 15 of 17 : 1  | time taken : 38.69003105163574
 Thread 4 estimated dimension 16 of 17 : 0.5104189689062945  | time taken : 144.87912011146545
 Thread 9 estimated dimension 11 of 17 : 1  | time taken : 26.743256330490112
 Thread 4 nsolns: 260147
 Thread 12 estimated dimension 16 of 17 : 0.5686725002931825  | time taken : 167.004065990448
 Thread 12 nsolns: 274689
 Thread 9 estimated dimension 12 of 17 : 1  | time taken : 33.760838747024536
 Thread 3 estimated dimension 16 of 17 : 1  | time taken : 55.5712149143219
 Thread 3 nsolns: 261882
 Thread 2 estimated dimension 10 of 17 : 0.490428434340832  | time taken : 177.4987986087799
 Thread 8 estimated dimension 8 of 17 : 0.5041841134421783  | time taken : 171.35026836395264
 Thread 6 estimated dimension 13 of 17 : 0.5042418308446208  | time taken : 171.8960087299347
 Thread 8 estimated dimension 9 of 17 : 1  | time taken : 16.793464183807373
 Thread 7 estimated dimension 16 of 17 : 0.4742868211947033  | time taken : 127.72711896896362
 Thread 7 nsolns: 280959
 Thread 5 estimated dimension 12 of 17 : 0.4505871008452803  | time taken : 187.98768854141235
 Thread 6 estimated dimension 14 of 17 : 1  | time taken : 31.795223236083984
 Thread 8 estimated dimension 10 of 17 : 1  | time taken : 15.916914701461792
 Thread 2 estimated dimension 11 of 17 : 0.977866499903336  | time taken : 48.86542344093323
 Thread 1 estimated dimension 13 of 17 : 0.3287161275822354  | time taken : 296.37501645088196
 Thread 9 estimated dimension 13 of 17 : 0.6407522750062524  | time taken : 102.51960277557373
 Thread 10 estimated dimension 13 of 17 : 0.5277797098993163  | time taken : 154.48012614250183
 Thread 8 estimated dimension 11 of 17 : 0.9957524496359291  | time taken : 29.06323504447937
 Thread 5 estimated dimension 13 of 17 : 0.9954275475029046  | time taken : 36.33463788032532
 Thread 6 estimated dimension 15 of 17 : 1  | time taken : 36.64419770240784
 Thread 2 estimated dimension 12 of 17 : 0.9966029086976724  | time taken : 37.97649931907654
 Thread 1 estimated dimension 14 of 17 : 1  | time taken : 48.864299058914185
 Thread 11 estimated dimension 8 of 17 : 0.3190287012179084  | time taken : 257.6473824977875
 Thread 6 estimated dimension 16 of 17 : 1  | time taken : 43.96809482574463
 Thread 6 nsolns: 272082
 Thread 2 estimated dimension 13 of 17 : 0.9982947647914723  | time taken : 44.91413712501526
 Thread 5 estimated dimension 14 of 17 : 0.997241572341715  | time taken : 51.04298281669617
 Thread 1 estimated dimension 15 of 17 : 0.999930161639627  | time taken : 43.050018548965454
 Thread 11 estimated dimension 9 of 17 : 1  | time taken : 45.38855195045471
 Thread 10 estimated dimension 14 of 17 : 0.6908851965164556  | time taken : 85.11025023460388
 Thread 2 estimated dimension 14 of 17 : 1  | time taken : 25.170779705047607
 Thread 9 estimated dimension 14 of 17 : 0.5000142596458023  | time taken : 99.32496094703674
 Thread 8 estimated dimension 12 of 17 : 0.47581049727345176  | time taken : 90.26415252685547
 Thread 5 estimated dimension 15 of 17 : 1  | time taken : 45.67095685005188
 Thread 10 estimated dimension 15 of 17 : 1  | time taken : 33.98103475570679
 Thread 11 estimated dimension 10 of 17 : 1  | time taken : 41.92952370643616
 Thread 1 estimated dimension 16 of 17 : 0.991033249881149  | time taken : 49.26416730880737
 Thread 1 nsolns: 280298
 Thread 2 estimated dimension 15 of 17 : 1  | time taken : 38.43459153175354
 Thread 5 estimated dimension 16 of 17 : 1  | time taken : 20.497984886169434
 Thread 5 nsolns: 288201
 Thread 8 estimated dimension 13 of 17 : 0.6502878338466052  | time taken : 41.11647987365723
 Thread 9 estimated dimension 15 of 17 : 0.9955618293042952  | time taken : 49.85191893577576
 Thread 11 estimated dimension 11 of 17 : 1  | time taken : 32.63228631019592
 Thread 2 estimated dimension 16 of 17 : 1  | time taken : 33.10243201255798
 Thread 2 nsolns: 293053
 Thread 8 estimated dimension 14 of 17 : 1  | time taken : 23.267823934555054
 Thread 9 estimated dimension 16 of 17 : 1  | time taken : 29.620126724243164
 Thread 9 nsolns: 286306
 Thread 11 estimated dimension 12 of 17 : 1  | time taken : 23.929657220840454
 Thread 11 estimated dimension 13 of 17 : 0.9940982920109908  | time taken : 14.856665134429932
 Thread 10 estimated dimension 16 of 17 : 0.46366398434672706  | time taken : 77.76789903640747
 Thread 10 nsolns: 277508
 Thread 11 estimated dimension 14 of 17 : 0.9925526635605185  | time taken : 15.612503290176392
 Thread 8 estimated dimension 15 of 17 : 0.5408626428574  | time taken : 46.315754413604736
 Thread 11 estimated dimension 15 of 17 : 1  | time taken : 19.352450370788574
 Thread 8 estimated dimension 16 of 17 : 1  | time taken : 19.58612585067749
 Thread 8 nsolns: 283563
 Thread 11 estimated dimension 16 of 17 : 1  | time taken : 11.581420183181763
 Thread 11 nsolns: 304742
 estimated weights : [0.006542438850008959, 0.0019370320988096974, 0.005208354315634718, 0.001998907931937576, 0.0033825678744876073, 0.002674134850217811, 0.0032068258062063764, 0.003109192941040043, 0.0032449160685648817, 0.0026064388816476984, 0.004217534414845626, 0.0020718209515709204, 0.0027943951774974675, 0.0032203915662360294, 0.004119777473215655, 0.0020677286916431104, 0.006933938685770853, 0.0030028933471953506, 0.00378006121269434, 0.0054497357992290925, 0.002085159334874074, 0.0035161633244580365, 0.0032270268597112944, 0.003310127552590607, 0.003551256243599562, 0.003939209615168205, 0.0035568047235522747, 0.004295501608831264, 0.0022881938529599913, 0.0059022030582227495, 0.004095010068435738, 0.004995398364589184, 0.0016029151752035616, 0.0036508749073656055, 0.002474998555736778, 0.002463745872026123, 0.003416684368313307, 0.0021716019310803795, 0.0024032055154557764, 0.0028304240672900934, 0.002390257597108251]
