numSolutions: 44 k : 14027
22 44 0.04264014327112209 0.00010330578512396695

 Thread 10 estimated dimension 0 of 22 : 0.7030501198209024  | time taken : 177.4121870994568
 Thread 4 estimated dimension 0 of 22 : 0.6867113041171146  | time taken : 206.2978994846344
 Thread 12 estimated dimension 0 of 22 : 0.5268486353228831  | time taken : 210.649099111557
 Thread 11 estimated dimension 0 of 22 : 0.6527243191406263  | time taken : 215.7629075050354
 Thread 3 estimated dimension 0 of 22 : 0.5360876223418376  | time taken : 216.1568570137024
 Thread 1 estimated dimension 0 of 22 : 0.6687619579012766  | time taken : 224.35808181762695
 Thread 10 estimated dimension 1 of 22 : 0.9032871465865683  | time taken : 50.92759823799133
 Thread 5 estimated dimension 0 of 22 : 0.5152272973727634  | time taken : 234.95198965072632
 Thread 9 estimated dimension 0 of 22 : 0.5309449324364801  | time taken : 259.53458642959595
 Thread 8 estimated dimension 0 of 22 : 0.45614301857428496  | time taken : 264.596816778183
 Thread 4 estimated dimension 1 of 22 : 0.8602900284897518  | time taken : 74.38692617416382
 Thread 3 estimated dimension 1 of 22 : 0.8911511945862759  | time taken : 71.22906970977783
 Thread 14 estimated dimension 0 of 22 : 0.5068976627977091  | time taken : 299.14151978492737
 Thread 7 estimated dimension 0 of 22 : 0.3750551168747662  | time taken : 304.8072192668915
 Thread 11 estimated dimension 1 of 22 : 0.881603372008767  | time taken : 89.62845730781555
 Thread 1 estimated dimension 1 of 22 : 0.8763535085909585  | time taken : 111.1165292263031
 Thread 2 estimated dimension 0 of 22 : 0.40460331717902753  | time taken : 340.7729957103729
 Thread 5 estimated dimension 1 of 22 : 0.8221391547177402  | time taken : 115.88448524475098
 Thread 8 estimated dimension 1 of 22 : 0.8298204516197795  | time taken : 92.24969029426575
 Thread 9 estimated dimension 1 of 22 : 0.9001092626306297  | time taken : 102.87606549263
 Thread 6 estimated dimension 0 of 22 : 0.34322694927137826  | time taken : 389.8491921424866
 Thread 13 estimated dimension 0 of 22 : 0.3923539206661325  | time taken : 397.99101996421814
 Thread 3 estimated dimension 2 of 22 : 0.7367553802923015  | time taken : 123.2120041847229
 Thread 11 estimated dimension 2 of 22 : 0.7843010273067604  | time taken : 127.99541306495667
 Thread 1 estimated dimension 2 of 22 : 0.6191595691236679  | time taken : 120.35307955741882
 Thread 5 estimated dimension 2 of 22 : 0.6929054325727821  | time taken : 116.17511057853699
 Thread 8 estimated dimension 2 of 22 : 0.6204844930467126  | time taken : 119.6558473110199
 Thread 9 estimated dimension 2 of 22 : 0.6275383132086263  | time taken : 114.46539640426636
 Thread 14 estimated dimension 1 of 22 : 0.5008270097483334  | time taken : 220.4281725883484
 Thread 2 estimated dimension 1 of 22 : 0.6599304657487842  | time taken : 180.4924454689026
 Thread 6 estimated dimension 1 of 22 : 0.5465505750793626  | time taken : 156.7266607284546
 Thread 3 estimated dimension 3 of 22 : 0.6906263738398533  | time taken : 131.0711007118225
 Thread 2 estimated dimension 2 of 22 : 0.9985166321786133  | time taken : 33.7420551776886
 Thread 14 estimated dimension 2 of 22 : 1  | time taken : 36.73563194274902
 Thread 6 estimated dimension 2 of 22 : 0.9934018638328411  | time taken : 25.152204990386963
 Thread 13 estimated dimension 1 of 22 : 0.6318976348179256  | time taken : 181.65741682052612
 Thread 5 estimated dimension 3 of 22 : 0.6514998089581865  | time taken : 107.3871214389801
 Thread 2 estimated dimension 3 of 22 : 0.9940465714507006  | time taken : 19.911164045333862
 Thread 14 estimated dimension 3 of 22 : 1  | time taken : 19.830284595489502
 Thread 6 estimated dimension 3 of 22 : 1  | time taken : 17.217957019805908
 Thread 7 estimated dimension 1 of 22 : 0.38946167534603704  | time taken : 292.77201199531555
 Thread 9 estimated dimension 3 of 22 : 0.6306604996272661  | time taken : 137.33499193191528
 Thread 13 estimated dimension 2 of 22 : 0.9808382999442539  | time taken : 48.677056312561035
 Thread 3 estimated dimension 4 of 22 : 0.7939638934220895  | time taken : 95.86205768585205
 Thread 11 estimated dimension 3 of 22 : 0.4928861883746444  | time taken : 214.02539324760437
 Thread 13 estimated dimension 3 of 22 : 0.9984664462020758  | time taken : 33.073426723480225
 Thread 8 estimated dimension 3 of 22 : 0.5887199632400445  | time taken : 189.61061024665833
 Thread 1 estimated dimension 3 of 22 : 0.5190556576931261  | time taken : 221.47867512702942
 Thread 4 estimated dimension 2 of 22 : 0.3429341309884901  | time taken : 424.33756399154663
 Thread 14 estimated dimension 4 of 22 : 0.8196833314611323  | time taken : 123.54049563407898
 Thread 5 estimated dimension 4 of 22 : 0.7110286619755447  | time taken : 130.4073884487152
 Thread 2 estimated dimension 4 of 22 : 0.8039343662234378  | time taken : 133.36732864379883
 Thread 4 estimated dimension 3 of 22 : 1  | time taken : 24.476998567581177
 Thread 10 estimated dimension 2 of 22 : 0.3081864633326447  | time taken : 518.5013885498047
 Thread 14 estimated dimension 5 of 22 : 1  | time taken : 39.546769857406616
 Thread 6 estimated dimension 4 of 22 : 0.9100592533244449  | time taken : 156.0776846408844
 Thread 2 estimated dimension 5 of 22 : 1  | time taken : 41.48282814025879
 Thread 9 estimated dimension 4 of 22 : 0.6539693616961609  | time taken : 147.06249737739563
 Thread 10 estimated dimension 3 of 22 : 0.9934594741254116  | time taken : 20.89602303504944
 Thread 8 estimated dimension 4 of 22 : 0.7408088020621979  | time taken : 104.76300930976868
 Thread 7 estimated dimension 2 of 22 : 0.689713278417225  | time taken : 187.6691300868988
 Thread 14 estimated dimension 6 of 22 : 1  | time taken : 42.89865446090698
 Thread 6 estimated dimension 5 of 22 : 0.9941968560579815  | time taken : 45.70574927330017
 Thread 3 estimated dimension 5 of 22 : 0.5859611141272911  | time taken : 160.41814184188843
 Thread 7 estimated dimension 3 of 22 : 0.9897291397184526  | time taken : 25.499967575073242
 Thread 2 estimated dimension 6 of 22 : 1  | time taken : 50.41665291786194
 Thread 6 estimated dimension 6 of 22 : 0.9911434196756745  | time taken : 21.96591544151306
 Thread 11 estimated dimension 4 of 22 : 0.6232559670139107  | time taken : 196.35001277923584
 Thread 5 estimated dimension 5 of 22 : 0.6623399209673665  | time taken : 158.75299620628357
 Thread 11 estimated dimension 5 of 22 : 0.9954387695012269  | time taken : 36.15033030509949
 Thread 1 estimated dimension 4 of 22 : 0.508281320539153  | time taken : 215.5676290988922exiting with current heads : 14010 out of 14027 | exp rv: 89280.04559957594

 Thread 12 estimated dimension 1 of 22 : 0.1571011742411859  | time taken : 712.4706473350525
 Thread 11 estimated dimension 6 of 22 : 0.9985790565828695  | time taken : 31.9241042137146
 Thread 2 estimated dimension 7 of 22 : 0.8377406893672054  | time taken : 112.9304711818695
 Thread 1 estimated dimension 5 of 22 : 0.9908203125419736  | time taken : 28.12424921989441
 Thread 11 estimated dimension 7 of 22 : 1  | time taken : 15.554448127746582
 Thread 9 estimated dimension 5 of 22 : 0.5281173066528145  | time taken : 171.95770597457886
 Thread 12 estimated dimension 2 of 22 : 0.9930000105171423  | time taken : 31.51387047767639
 Thread 14 estimated dimension 7 of 22 : 0.8160850017394619  | time taken : 159.3400843143463
 Thread 4 estimated dimension 4 of 22 : 0.4835369530460217  | time taken : 226.7661681175232
 Thread 6 estimated dimension 7 of 22 : 0.653356520845754  | time taken : 134.31280517578125
 Thread 1 estimated dimension 6 of 22 : 1  | time taken : 42.50941061973572
 Thread 12 estimated dimension 3 of 22 : 1  | time taken : 21.424668312072754
 Thread 1 estimated dimension 7 of 22 : 1  | time taken : 23.816372632980347
 Thread 4 estimated dimension 5 of 22 : 1  | time taken : 54.90165042877197
 Thread 3 estimated dimension 6 of 22 : 0.6496642794707866  | time taken : 206.3438835144043
 Thread 8 estimated dimension 5 of 22 : 0.48492594227435815  | time taken : 255.70066380500793
 Thread 4 estimated dimension 6 of 22 : 1  | time taken : 23.51384425163269
 Thread 3 estimated dimension 7 of 22 : 1  | time taken : 24.804630517959595
 Thread 8 estimated dimension 6 of 22 : 0.999954982063826  | time taken : 21.434385061264038
 Thread 10 estimated dimension 4 of 22 : 0.4071853871678684  | time taken : 289.01645398139954
 Thread 4 estimated dimension 7 of 22 : 1  | time taken : 39.366138219833374
 Thread 10 estimated dimension 5 of 22 : 0.9990508428627362  | time taken : 25.716996669769287
 Thread 8 estimated dimension 7 of 22 : 0.990235076684437  | time taken : 36.557931661605835
 Thread 10 estimated dimension 6 of 22 : 0.9876434832809927  | time taken : 20.472655773162842
 Thread 5 estimated dimension 6 of 22 : 0.47761512677074874  | time taken : 269.5478024482727
 Thread 1 estimated dimension 8 of 22 : 0.7177040976504446  | time taken : 146.95436239242554
 Thread 10 estimated dimension 7 of 22 : 1  | time taken : 36.42701697349548
 Thread 5 estimated dimension 7 of 22 : 1  | time taken : 36.684489250183105
 Thread 9 estimated dimension 6 of 22 : 0.40649413231771  | time taken : 242.7071077823639
 Thread 3 estimated dimension 8 of 22 : 0.6826216185877033  | time taken : 159.07957100868225
 Thread 14 estimated dimension 8 of 22 : 0.5459415494907605  | time taken : 253.48609852790833
 Thread 6 estimated dimension 8 of 22 : 0.5489759623772834  | time taken : 251.2914755344391
 Thread 9 estimated dimension 7 of 22 : 1  | time taken : 30.6944317817688
 Thread 11 estimated dimension 8 of 22 : 0.3550822468060951  | time taken : 299.36207604408264
 Thread 2 estimated dimension 8 of 22 : 0.43243312858032196  | time taken : 332.9706435203552
 Thread 11 estimated dimension 9 of 22 : 1  | time taken : 24.522661209106445
 Thread 7 estimated dimension 4 of 22 : 0.3291335287692605  | time taken : 482.6451892852783
 Thread 2 estimated dimension 9 of 22 : 1  | time taken : 36.987077474594116
 Thread 4 estimated dimension 8 of 22 : 0.4909774444433775  | time taken : 217.92544984817505
 Thread 7 estimated dimension 5 of 22 : 0.9864173512441579  | time taken : 18.714941263198853
 Thread 4 estimated dimension 9 of 22 : 1  | time taken : 24.42009997367859
 Thread 1 estimated dimension 9 of 22 : 0.5802909022787691  | time taken : 194.5546636581421
 Thread 7 estimated dimension 6 of 22 : 1  | time taken : 39.021899938583374
 Thread 10 estimated dimension 8 of 22 : 0.444158146788426  | time taken : 215.91575598716736
 Thread 3 estimated dimension 9 of 22 : 0.5446153807204827  | time taken : 194.10049271583557
 Thread 10 estimated dimension 9 of 22 : 1  | time taken : 32.761115074157715
 Thread 14 estimated dimension 9 of 22 : 0.4958925412453634  | time taken : 201.78698182106018
 Thread 12 estimated dimension 4 of 22 : 0.2844002906540659  | time taken : 449.68469524383545exiting with current heads : 14022 out of 14027 | exp rv: 87632.04728925679

 Thread 13 estimated dimension 4 of 22 : 0.16005560104858477  | time taken : 769.3006615638733
 Thread 11 estimated dimension 10 of 22 : 0.678510942500601  | time taken : 173.0771198272705
 Thread 12 estimated dimension 5 of 22 : 0.995055405529841  | time taken : 32.41149616241455
 Thread 8 estimated dimension 8 of 22 : 0.33035147415566907  | time taken : 368.47357630729675
 Thread 11 estimated dimension 11 of 22 : 0.999717858987804  | time taken : 37.36120963096619
 Thread 13 estimated dimension 5 of 22 : 0.9993066252223182  | time taken : 53.57624816894531
 Thread 5 estimated dimension 8 of 22 : 0.4075922291980078  | time taken : 305.5871477127075
 Thread 6 estimated dimension 9 of 22 : 0.3487086441104027  | time taken : 282.8575782775879
 Thread 12 estimated dimension 6 of 22 : 0.9938382377733974  | time taken : 34.66063594818115
 Thread 9 estimated dimension 8 of 22 : 0.3277557126576003  | time taken : 282.2858428955078
 Thread 13 estimated dimension 6 of 22 : 1  | time taken : 29.742359399795532
 Thread 11 estimated dimension 12 of 22 : 1  | time taken : 38.1297767162323
 Thread 8 estimated dimension 9 of 22 : 0.990268815580867  | time taken : 58.867653369903564
 Thread 9 estimated dimension 9 of 22 : 0.995692806784818  | time taken : 30.322143077850342
 Thread 5 estimated dimension 9 of 22 : 0.9969244847306604  | time taken : 47.839977979660034
 Thread 12 estimated dimension 7 of 22 : 0.9958055043500131  | time taken : 52.61391043663025
 Thread 1 estimated dimension 10 of 22 : 0.521220917880112  | time taken : 212.19874262809753
 Thread 10 estimated dimension 10 of 22 : 0.7431375014825695  | time taken : 154.25607824325562
 Thread 3 estimated dimension 10 of 22 : 0.549107233638625  | time taken : 173.67408847808838
 Thread 12 estimated dimension 8 of 22 : 1  | time taken : 50.556811571121216
 Thread 1 estimated dimension 11 of 22 : 0.9995467532042447  | time taken : 50.35560655593872
 Thread 11 estimated dimension 13 of 22 : 0.736153347663235  | time taken : 90.22961473464966
 Thread 3 estimated dimension 11 of 22 : 1  | time taken : 41.58973479270935
 Thread 10 estimated dimension 11 of 22 : 0.9981858479156975  | time taken : 68.00285935401917
 Thread 11 estimated dimension 14 of 22 : 1  | time taken : 22.02219533920288
 Thread 9 estimated dimension 10 of 22 : 0.8388961125481614  | time taken : 113.18683218955994
 Thread 12 estimated dimension 9 of 22 : 1  | time taken : 44.12544822692871
 Thread 4 estimated dimension 10 of 22 : 0.3558789938779325  | time taken : 325.8188624382019
 Thread 1 estimated dimension 12 of 22 : 1  | time taken : 44.52251195907593
 Thread 3 estimated dimension 12 of 22 : 0.9922102138674822  | time taken : 37.873095989227295
 Thread 8 estimated dimension 10 of 22 : 0.8198771780898422  | time taken : 132.58099913597107
 Thread 3 estimated dimension 13 of 22 : 1  | time taken : 33.6607506275177
 Thread 8 estimated dimension 11 of 22 : 0.998017645648838  | time taken : 51.87435865402222
 Thread 9 estimated dimension 11 of 22 : 0.9909077745650225  | time taken : 74.70320701599121
 Thread 14 estimated dimension 10 of 22 : 0.342318833393359  | time taken : 318.7717504501343
 Thread 4 estimated dimension 11 of 22 : 1  | time taken : 74.2288224697113
 Thread 3 estimated dimension 14 of 22 : 0.9974144024095005  | time taken : 46.04772233963013
 Thread 8 estimated dimension 12 of 22 : 1  | time taken : 40.33468246459961
 Thread 10 estimated dimension 12 of 22 : 0.7944681329525423  | time taken : 130.57821655273438
 Thread 14 estimated dimension 11 of 22 : 1  | time taken : 45.681477069854736
 Thread 3 estimated dimension 15 of 22 : 1  | time taken : 40.4953978061676
 Thread 8 estimated dimension 13 of 22 : 1  | time taken : 39.30542612075806
 Thread 9 estimated dimension 12 of 22 : 1  | time taken : 70.59832072257996
 Thread 1 estimated dimension 13 of 22 : 0.8209912329233325  | time taken : 153.66759777069092
 Thread 8 estimated dimension 14 of 22 : 1  | time taken : 41.43213629722595
 Thread 9 estimated dimension 13 of 22 : 0.9814067422319832  | time taken : 40.62568664550781
 Thread 1 estimated dimension 14 of 22 : 0.9862773897301416  | time taken : 35.98100137710571
 Thread 6 estimated dimension 10 of 22 : 0.46270699322479864  | time taken : 357.214035987854
 Thread 4 estimated dimension 12 of 22 : 0.8070796148430126  | time taken : 152.89408707618713
 Thread 6 estimated dimension 11 of 22 : 1  | time taken : 39.906524419784546
 Thread 14 estimated dimension 12 of 22 : 0.8389436157955198  | time taken : 116.54994654655457
 Thread 9 estimated dimension 14 of 22 : 0.9944821661485667  | time taken : 54.1874680519104
 Thread 10 estimated dimension 13 of 22 : 0.7869910117152614  | time taken : 158.30801916122437
 Thread 12 estimated dimension 10 of 22 : 0.43891809856362035  | time taken : 287.191287279129
 Thread 9 estimated dimension 15 of 22 : 1  | time taken : 48.89664435386658
 Thread 6 estimated dimension 12 of 22 : 0.9993450427377186  | time taken : 51.01939296722412
 Thread 10 estimated dimension 14 of 22 : 1  | time taken : 41.92870378494263
 Thread 9 estimated dimension 16 of 22 : 1  | time taken : 38.598883628845215exiting with current heads : 14023 out of 14027 | exp rv: 79118.32182950804

 Thread 7 estimated dimension 7 of 22 : 0.1772787854401741  | time taken : 657.136905670166exiting with current heads : 14018 out of 14027 | exp rv: 89689.53377590768

 Thread 2 estimated dimension 10 of 22 : 0.156383910245809  | time taken : 716.7103383541107
 Thread 4 estimated dimension 13 of 22 : 0.7690974873166647  | time taken : 131.01727104187012
 Thread 14 estimated dimension 13 of 22 : 0.7791317684654395  | time taken : 149.3125021457672
 Thread 7 estimated dimension 8 of 22 : 1  | time taken : 54.152503490448
 Thread 6 estimated dimension 13 of 22 : 0.7503839299464309  | time taken : 121.30295705795288
 Thread 4 estimated dimension 14 of 22 : 0.9840057474146411  | time taken : 54.304776430130005
 Thread 14 estimated dimension 14 of 22 : 1  | time taken : 26.80557680130005
 Thread 6 estimated dimension 14 of 22 : 1  | time taken : 20.788755178451538
 Thread 11 estimated dimension 15 of 22 : 0.28616934037356384  | time taken : 482.38121032714844
 Thread 13 estimated dimension 7 of 22 : 0.22500953778728622  | time taken : 629.5771226882935
 Thread 11 estimated dimension 16 of 22 : 1  | time taken : 56.849393129348755
 Thread 11 estimated dimension 17 of 22 : 0.996277246511357  | time taken : 35.97280979156494
 Thread 9 estimated dimension 17 of 22 : 0.5385584878079255  | time taken : 235.47283744812012exiting with current heads : 14019 out of 14027 | exp rv: 85040.85951140066

 Thread 5 estimated dimension 10 of 22 : 0.16493248163983645  | time taken : 709.361624956131
 Thread 7 estimated dimension 9 of 22 : 0.6701491900166765  | time taken : 175.49004006385803
 Thread 13 estimated dimension 8 of 22 : 0.8196873663584053  | time taken : 101.86676669120789
 Thread 3 estimated dimension 16 of 22 : 0.33133224673159756  | time taken : 483.9207880496979
 Thread 7 estimated dimension 10 of 22 : 0.9867884049343859  | time taken : 49.11576819419861
 Thread 8 estimated dimension 15 of 22 : 0.22787575146989691  | time taken : 471.0301389694214
 Thread 3 estimated dimension 17 of 22 : 0.9985487369863598  | time taken : 43.022796630859375
 Thread 1 estimated dimension 15 of 22 : 0.2563147900235795  | time taken : 464.07233214378357
 Thread 5 estimated dimension 11 of 22 : 0.9970479097120745  | time taken : 86.30941009521484
 Thread 8 estimated dimension 16 of 22 : 1  | time taken : 49.16291952133179
 Thread 7 estimated dimension 11 of 22 : 0.9980240969684955  | time taken : 67.15109348297119
 Thread 5 estimated dimension 12 of 22 : 0.9916511996328222  | time taken : 59.54080581665039
 Thread 1 estimated dimension 16 of 22 : 0.9857378696436544  | time taken : 78.71037578582764
 Thread 8 estimated dimension 17 of 22 : 0.9929798480831459  | time taken : 52.705016136169434
 Thread 5 estimated dimension 13 of 22 : 0.997412758252276  | time taken : 29.102561950683594
 Thread 1 estimated dimension 17 of 22 : 0.9934354243569995  | time taken : 31.530467987060547
 Thread 13 estimated dimension 9 of 22 : 0.6296772517547061  | time taken : 202.21898317337036
 Thread 5 estimated dimension 14 of 22 : 0.9938183829320582  | time taken : 33.80757451057434
 Thread 6 estimated dimension 15 of 22 : 0.25801006790082215  | time taken : 374.7852907180786
 Thread 10 estimated dimension 15 of 22 : 0.257171069829766  | time taken : 513.3124282360077
 Thread 13 estimated dimension 10 of 22 : 1  | time taken : 48.285762786865234
 Thread 6 estimated dimension 16 of 22 : 1  | time taken : 46.86883282661438
 Thread 4 estimated dimension 15 of 22 : 0.2838172718504352  | time taken : 451.72353959083557
 Thread 10 estimated dimension 16 of 22 : 1  | time taken : 69.70889043807983
 Thread 5 estimated dimension 15 of 22 : 0.9990929617315445  | time taken : 87.08572459220886
 Thread 6 estimated dimension 17 of 22 : 1  | time taken : 54.239973068237305exiting with current heads : 14026 out of 14027 | exp rv: 53568.39848957508

 Thread 14 estimated dimension 15 of 22 : 0.2618334763681538  | time taken : 517.0098354816437
 Thread 5 estimated dimension 16 of 22 : 0.9975518901018322  | time taken : 48.85682654380798
 Thread 4 estimated dimension 16 of 22 : 0.9819454828224665  | time taken : 74.37830471992493
 Thread 7 estimated dimension 12 of 22 : 0.44507626536046013  | time taken : 252.03923058509827
 Thread 10 estimated dimension 17 of 22 : 0.9973631661987424  | time taken : 74.32994294166565
 Thread 14 estimated dimension 16 of 22 : 0.9942016394675249  | time taken : 49.82115960121155exiting with current heads : 14006 out of 14027 | exp rv: 89798.37416988362

 Thread 2 estimated dimension 11 of 22 : 0.15619436464924338  | time taken : 647.0415403842926
 Thread 11 estimated dimension 18 of 22 : 0.3431787191484196  | time taken : 446.3995611667633
 Thread 4 estimated dimension 17 of 22 : 0.9931066837428864  | time taken : 59.94609045982361exiting with current heads : 14011 out of 14027 | exp rv: 94516.21288080093

 Thread 12 estimated dimension 11 of 22 : 0.14839782056956602  | time taken : 750.2702696323395
 Thread 7 estimated dimension 13 of 22 : 0.9916395195738354  | time taken : 72.76060581207275
 Thread 3 estimated dimension 18 of 22 : 0.34716986247764287  | time taken : 387.12859869003296
 Thread 1 estimated dimension 18 of 22 : 0.5246031030737783  | time taken : 273.4146509170532
 Thread 7 estimated dimension 14 of 22 : 1  | time taken : 51.640623569488525
 Thread 14 estimated dimension 17 of 22 : 0.9982239855504645  | time taken : 99.47108674049377
 Thread 11 estimated dimension 19 of 22 : 0.9954813355046968  | time taken : 90.35926723480225
 Thread 2 estimated dimension 12 of 22 : 1  | time taken : 98.20404839515686
 Thread 4 estimated dimension 18 of 22 : 0.997771117525403  | time taken : 104.4527485370636
 Thread 1 estimated dimension 19 of 22 : 1  | time taken : 88.58622765541077
 Thread 12 estimated dimension 12 of 22 : 0.99369429897785  | time taken : 110.8204927444458
 Thread 3 estimated dimension 19 of 22 : 0.984983996608865  | time taken : 104.00708389282227
 Thread 7 estimated dimension 15 of 22 : 1  | time taken : 64.74719619750977exiting with current heads : 14026 out of 14027 | exp rv: 66692.24060649771

 Thread 9 estimated dimension 18 of 22 : 0.2103093234302503  | time taken : 604.1503655910492
 Thread 3 estimated dimension 20 of 22 : 0.99978275699554  | time taken : 49.91263031959534
 Thread 2 estimated dimension 13 of 22 : 0.9921682795725469  | time taken : 103.50054860115051
 Thread 13 estimated dimension 11 of 22 : 0.3663795648718248  | time taken : 360.8989624977112
 Thread 12 estimated dimension 13 of 22 : 1  | time taken : 64.25980925559998
 Thread 11 estimated dimension 20 of 22 : 0.9988177242824495  | time taken : 120.65427088737488
 Thread 4 estimated dimension 19 of 22 : 1  | time taken : 103.69799947738647
 Thread 10 estimated dimension 18 of 22 : 0.5398281900284103  | time taken : 258.41760635375977
 Thread 7 estimated dimension 16 of 22 : 0.9997440739525545  | time taken : 84.4449634552002
 Thread 1 estimated dimension 20 of 22 : 1  | time taken : 113.12014079093933
 Thread 2 estimated dimension 14 of 22 : 0.992793795663015  | time taken : 47.33643317222595
 Thread 4 estimated dimension 20 of 22 : 1  | time taken : 58.372684478759766
 Thread 11 estimated dimension 21 of 22 : 1  | time taken : 61.24741721153259
 Thread 11 nsolns: 443825
 Thread 6 estimated dimension 18 of 22 : 0.3182521887803783  | time taken : 374.13074016571045
 Thread 12 estimated dimension 14 of 22 : 0.9995197044033367  | time taken : 86.63939046859741
 Thread 8 estimated dimension 18 of 22 : 0.2675380447946377  | time taken : 551.8054668903351
 Thread 5 estimated dimension 17 of 22 : 0.5269464071072586  | time taken : 367.2619135379791
 Thread 3 estimated dimension 21 of 22 : 0.99704992103667  | time taken : 117.98878741264343
 Thread 9 estimated dimension 19 of 22 : 0.9991023190165792  | time taken : 145.5315351486206
 Thread 13 estimated dimension 12 of 22 : 1  | time taken : 110.06299257278442
 Thread 3 nsolns: 438735
 Thread 10 estimated dimension 19 of 22 : 1  | time taken : 108.92529320716858
 Thread 1 estimated dimension 21 of 22 : 1  | time taken : 85.42914509773254
 Thread 1 nsolns: 438070
 Thread 7 estimated dimension 17 of 22 : 1  | time taken : 101.89171051979065
 Thread 8 estimated dimension 19 of 22 : 1  | time taken : 58.51822257041931
 Thread 2 estimated dimension 15 of 22 : 0.9950333997329895  | time taken : 114.03585171699524
 Thread 4 estimated dimension 21 of 22 : 0.9847577738622648  | time taken : 105.5021493434906
 Thread 4 nsolns: 442085
 Thread 12 estimated dimension 15 of 22 : 1  | time taken : 110.97861814498901
 Thread 13 estimated dimension 13 of 22 : 1  | time taken : 97.59261775016785
 Thread 5 estimated dimension 18 of 22 : 1  | time taken : 118.16079497337341
 Thread 9 estimated dimension 20 of 22 : 1  | time taken : 115.75799536705017
 Thread 8 estimated dimension 20 of 22 : 1  | time taken : 74.7221109867096
 Thread 14 estimated dimension 18 of 22 : 0.5595528623842404  | time taken : 360.27432322502136
 Thread 6 estimated dimension 19 of 22 : 1  | time taken : 161.34373474121094
 Thread 11 estimated dimension 0 of 22 : 0.7964654007133632  | time taken : 176.03778266906738
 Thread 10 estimated dimension 20 of 22 : 1  | time taken : 124.574880361557
 Thread 13 estimated dimension 14 of 22 : 1  | time taken : 57.922810554504395
 Thread 12 estimated dimension 16 of 22 : 0.9919651464139888  | time taken : 107.25653624534607
 Thread 14 estimated dimension 19 of 22 : 0.9956381995881531  | time taken : 90.02492666244507
 Thread 2 estimated dimension 16 of 22 : 1  | time taken : 171.0469229221344
 Thread 13 estimated dimension 15 of 22 : 0.9914494983343446  | time taken : 67.79355549812317
 Thread 8 estimated dimension 21 of 22 : 0.9897651715560905  | time taken : 104.65598678588867
 Thread 9 estimated dimension 21 of 22 : 0.996554562469358  | time taken : 113.63379669189453
 Thread 9 nsolns: 475528
 Thread 8 nsolns: 483517
 Thread 1 estimated dimension 0 of 22 : 0.45734586510447084  | time taken : 235.02729296684265
 Thread 10 estimated dimension 21 of 22 : 0.9874675908150942  | time taken : 132.0438210964203
 Thread 10 nsolns: 451019
 Thread 5 estimated dimension 19 of 22 : 1  | time taken : 165.4057502746582
 Thread 11 estimated dimension 1 of 22 : 0.874978144374094  | time taken : 139.27454042434692
 Thread 6 estimated dimension 20 of 22 : 1  | time taken : 149.45525002479553
 Thread 12 estimated dimension 17 of 22 : 1  | time taken : 105.14379286766052
 Thread 14 estimated dimension 20 of 22 : 0.994611223997904  | time taken : 86.65115022659302
 Thread 3 estimated dimension 0 of 22 : 0.430020246955188  | time taken : 331.638787984848
 Thread 13 estimated dimension 16 of 22 : 0.9924269378269563  | time taken : 109.54260611534119
 Thread 6 estimated dimension 21 of 22 : 0.9911194523589474  | time taken : 82.13054513931274
 Thread 6 nsolns: 484681
 Thread 2 estimated dimension 17 of 22 : 1  | time taken : 151.66967248916626
 Thread 1 estimated dimension 1 of 22 : 0.9239457359702639  | time taken : 141.7787275314331
 Thread 4 estimated dimension 0 of 22 : 0.5605535475005133  | time taken : 336.0825939178467
 Thread 12 estimated dimension 18 of 22 : 1  | time taken : 107.5200834274292
 Thread 5 estimated dimension 20 of 22 : 0.998840802538674  | time taken : 143.68594527244568
 Thread 14 estimated dimension 21 of 22 : 1  | time taken : 116.33369064331055
 Thread 14 nsolns: 453098
 Thread 7 estimated dimension 18 of 22 : 0.4511297339939974  | time taken : 431.93959283828735
 Thread 11 estimated dimension 2 of 22 : 0.7821618182022377  | time taken : 181.12162566184998
 Thread 13 estimated dimension 17 of 22 : 0.9918580511588971  | time taken : 135.32623267173767
 Thread 2 estimated dimension 18 of 22 : 1  | time taken : 116.50192499160767
 Thread 12 estimated dimension 19 of 22 : 1  | time taken : 91.63793802261353
 Thread 5 estimated dimension 21 of 22 : 1  | time taken : 91.68608021736145
 Thread 5 nsolns: 470625
 Thread 7 estimated dimension 19 of 22 : 1  | time taken : 95.31113028526306
 Thread 2 estimated dimension 19 of 22 : 0.9935817798089044  | time taken : 69.05041241645813
 Thread 8 estimated dimension 0 of 22 : 0.47897914453177765  | time taken : 362.4315764904022
 Thread 1 estimated dimension 2 of 22 : 0.6940011629544314  | time taken : 198.52891516685486
 Thread 13 estimated dimension 18 of 22 : 1  | time taken : 124.13250684738159
 Thread 9 estimated dimension 0 of 22 : 0.4518560810127118  | time taken : 381.60031390190125
 Thread 10 estimated dimension 0 of 22 : 0.5380890531661385  | time taken : 351.85816073417664
 Thread 4 estimated dimension 1 of 22 : 0.5653520980328606  | time taken : 227.02590036392212
 Thread 13 estimated dimension 19 of 22 : 0.9885305180943469  | time taken : 50.82502555847168
 Thread 14 estimated dimension 0 of 22 : 0.5922698722182356  | time taken : 231.52987432479858
 Thread 12 estimated dimension 20 of 22 : 1  | time taken : 151.54862594604492
 Thread 4 estimated dimension 2 of 22 : 0.993467390313063  | time taken : 31.09149169921875
 Thread 2 estimated dimension 20 of 22 : 0.9893715701564285  | time taken : 104.82864022254944
 Thread 4 estimated dimension 3 of 22 : 0.9988168934492606  | time taken : 26.642245054244995
 Thread 7 estimated dimension 20 of 22 : 0.9958623535068659  | time taken : 149.41238045692444
 Thread 8 estimated dimension 1 of 22 : 0.7213618781998297  | time taken : 129.6356692314148
 Thread 12 estimated dimension 21 of 22 : 1  | time taken : 59.079599380493164
 Thread 12 nsolns: 529534
 Thread 9 estimated dimension 1 of 22 : 0.8709785049842012  | time taken : 142.07504963874817
 Thread 10 estimated dimension 1 of 22 : 0.8833798606407511  | time taken : 134.02624034881592
 Thread 14 estimated dimension 1 of 22 : 0.872770659089781  | time taken : 103.41287922859192
 Thread 6 estimated dimension 0 of 22 : 0.49684822579399407  | time taken : 403.770489692688
 Thread 2 estimated dimension 21 of 22 : 0.9953806934897461  | time taken : 103.37562417984009
 Thread 13 estimated dimension 20 of 22 : 1  | time taken : 119.98785018920898
 Thread 7 estimated dimension 21 of 22 : 0.9966164263973107  | time taken : 75.49055361747742
 Thread 2 nsolns: 511904
 Thread 7 nsolns: 495307
 Thread 11 estimated dimension 3 of 22 : 0.5232158498405858  | time taken : 328.92599391937256
 Thread 5 estimated dimension 0 of 22 : 0.5837918424634243  | time taken : 314.98216795921326
 Thread 13 estimated dimension 21 of 22 : 0.9954082419238927  | time taken : 88.25480079650879
 Thread 13 nsolns: 494450
 Thread 9 estimated dimension 2 of 22 : 0.771753313338149  | time taken : 146.86828184127808
 Thread 8 estimated dimension 2 of 22 : 0.7283384116252306  | time taken : 202.54280972480774
 Thread 10 estimated dimension 2 of 22 : 0.7117159946705306  | time taken : 175.11584067344666
 Thread 5 estimated dimension 1 of 22 : 0.8714252705659827  | time taken : 107.80796957015991
 Thread 1 estimated dimension 3 of 22 : 0.43112588809331337  | time taken : 349.1403272151947
 Thread 14 estimated dimension 2 of 22 : 0.7491045304883939  | time taken : 189.85371136665344
 Thread 12 estimated dimension 0 of 22 : 0.5147117163889449  | time taken : 269.68342185020447
 Thread 6 estimated dimension 1 of 22 : 0.5574114938252038  | time taken : 237.43900680541992
 Thread 6 estimated dimension 2 of 22 : 0.9999470197763252  | time taken : 36.36191248893738
 Thread 9 estimated dimension 3 of 22 : 0.6746917673446755  | time taken : 155.01458525657654
 Thread 7 estimated dimension 0 of 22 : 0.686063029315139  | time taken : 277.44913482666016
 Thread 6 estimated dimension 3 of 22 : 1  | time taken : 20.202887058258057
 Thread 5 estimated dimension 2 of 22 : 0.6085585740281745  | time taken : 142.5914385318756
 Thread 11 estimated dimension 4 of 22 : 0.5044349829081438  | time taken : 296.48591709136963
 Thread 8 estimated dimension 3 of 22 : 0.64707220512445  | time taken : 160.01998472213745
 Thread 13 estimated dimension 0 of 22 : 0.5223954414093651  | time taken : 232.73975539207458
 Thread 11 estimated dimension 5 of 22 : 0.9909372719683557  | time taken : 48.793541431427
 Thread 2 estimated dimension 0 of 22 : 0.5234189671384908  | time taken : 365.4349844455719
 Thread 10 estimated dimension 3 of 22 : 0.5736196590791766  | time taken : 223.9026780128479
 Thread 11 estimated dimension 6 of 22 : 0.9872102544210807  | time taken : 20.542341947555542
 Thread 14 estimated dimension 3 of 22 : 0.5387836580943048  | time taken : 232.90947484970093
 Thread 11 estimated dimension 7 of 22 : 1  | time taken : 25.10352087020874
 Thread 8 estimated dimension 4 of 22 : 0.6513356607771297  | time taken : 106.60257291793823
 Thread 9 estimated dimension 4 of 22 : 0.6685270985815122  | time taken : 140.96518349647522
 Thread 7 estimated dimension 1 of 22 : 0.7263231531084523  | time taken : 143.8430106639862exiting with current heads : 14008 out of 14027 | exp rv: 84586.68282548543

 Thread 3 estimated dimension 1 of 22 : 0.16581806416191622  | time taken : 888.2669160366058
 Thread 6 estimated dimension 4 of 22 : 0.8582975986021797  | time taken : 144.58110690116882
 Thread 1 estimated dimension 4 of 22 : 0.4608547495438422  | time taken : 289.8705999851227
 Thread 6 estimated dimension 5 of 22 : 1  | time taken : 28.998363971710205
 Thread 3 estimated dimension 2 of 22 : 0.9973786670353119  | time taken : 53.125731468200684
 Thread 5 estimated dimension 3 of 22 : 0.4739867961928168  | time taken : 182.37329959869385
 Thread 1 estimated dimension 5 of 22 : 0.9950448255369632  | time taken : 49.80825662612915
 Thread 1 estimated dimension 6 of 22 : 1  | time taken : 23.69689393043518
 Thread 7 estimated dimension 2 of 22 : 0.6363139297936187  | time taken : 102.29263162612915
 Thread 3 estimated dimension 3 of 22 : 0.9951298565696495  | time taken : 44.22990536689758
 Thread 6 estimated dimension 6 of 22 : 0.9792009967971732  | time taken : 66.67085838317871
 Thread 10 estimated dimension 4 of 22 : 0.6573248511399556  | time taken : 165.34708952903748
 Thread 1 estimated dimension 7 of 22 : 0.9988699333733344  | time taken : 34.637815952301025
 Thread 2 estimated dimension 1 of 22 : 0.6100082620678496  | time taken : 217.63134121894836
 Thread 5 estimated dimension 4 of 22 : 0.7804633758588931  | time taken : 121.68224143981934
 Thread 2 estimated dimension 2 of 22 : 1  | time taken : 37.20617938041687
 Thread 14 estimated dimension 4 of 22 : 0.5677900816849188  | time taken : 219.68588876724243exiting with current heads : 14019 out of 14027 | exp rv: 88948.7203223544

 Thread 4 estimated dimension 4 of 22 : 0.1576863607387392  | time taken : 734.9935119152069
 Thread 9 estimated dimension 5 of 22 : 0.548365266518912  | time taken : 222.58806610107422
 Thread 6 estimated dimension 7 of 22 : 0.8276939073486332  | time taken : 106.52384805679321
 Thread 2 estimated dimension 3 of 22 : 0.9992344371784324  | time taken : 25.080947637557983
 Thread 14 estimated dimension 5 of 22 : 1  | time taken : 38.65327334403992
 Thread 4 estimated dimension 5 of 22 : 1  | time taken : 49.45215582847595
 Thread 10 estimated dimension 5 of 22 : 0.6557924119446772  | time taken : 155.57899856567383
 Thread 14 estimated dimension 6 of 22 : 0.9888060477964027  | time taken : 35.5227632522583
 Thread 8 estimated dimension 5 of 22 : 0.4810515383175503  | time taken : 294.12544107437134
 Thread 11 estimated dimension 8 of 22 : 0.3314881617927536  | time taken : 327.8550820350647
 Thread 14 estimated dimension 7 of 22 : 1  | time taken : 30.485887050628662
 Thread 4 estimated dimension 6 of 22 : 0.9905876268894654  | time taken : 40.27829384803772
 Thread 1 estimated dimension 8 of 22 : 0.5845941588920466  | time taken : 173.07918500900269
 Thread 7 estimated dimension 3 of 22 : 0.506499442401545  | time taken : 213.52223300933838
 Thread 8 estimated dimension 6 of 22 : 0.994687545498522  | time taken : 36.61880016326904
 Thread 2 estimated dimension 4 of 22 : 0.7963582266709209  | time taken : 119.3216290473938
 Thread 8 estimated dimension 7 of 22 : 1  | time taken : 22.68584394454956
 Thread 11 estimated dimension 9 of 22 : 1  | time taken : 45.21996021270752
 Thread 2 estimated dimension 5 of 22 : 1  | time taken : 19.467384338378906
 Thread 5 estimated dimension 5 of 22 : 0.5668747972374405  | time taken : 192.37782764434814
 Thread 9 estimated dimension 6 of 22 : 0.6650635574363444  | time taken : 176.78991293907166
 Thread 2 estimated dimension 6 of 22 : 0.9991414419036501  | time taken : 34.97995352745056
 Thread 6 estimated dimension 8 of 22 : 0.616912154275674  | time taken : 192.49166250228882
 Thread 14 estimated dimension 8 of 22 : 0.6847287763422307  | time taken : 104.76771092414856
 Thread 9 estimated dimension 7 of 22 : 1  | time taken : 20.540913343429565
 Thread 7 estimated dimension 4 of 22 : 0.658285172285655  | time taken : 149.86678743362427
 Thread 4 estimated dimension 7 of 22 : 0.6777511920876992  | time taken : 192.45014357566833
 Thread 3 estimated dimension 4 of 22 : 0.3006865457668816  | time taken : 410.732492685318
 Thread 2 estimated dimension 7 of 22 : 0.8809381038704033  | time taken : 115.16094636917114
 Thread 5 estimated dimension 6 of 22 : 0.6385747847750814  | time taken : 148.8665370941162
 Thread 1 estimated dimension 9 of 22 : 0.43669093540674037  | time taken : 226.73320055007935
 Thread 10 estimated dimension 6 of 22 : 0.3451826201637991  | time taken : 267.0509383678436
 Thread 3 estimated dimension 5 of 22 : 0.9864540961835375  | time taken : 37.32040786743164
 Thread 5 estimated dimension 7 of 22 : 0.9935768614151453  | time taken : 39.78257203102112
 Thread 10 estimated dimension 7 of 22 : 0.996212578592926  | time taken : 33.93244695663452
 Thread 6 estimated dimension 9 of 22 : 0.5191181495526167  | time taken : 172.74269199371338
 Thread 14 estimated dimension 9 of 22 : 0.6389523919604564  | time taken : 168.07903742790222
 Thread 3 estimated dimension 6 of 22 : 1  | time taken : 46.38387370109558exiting with current heads : 14003 out of 14027 | exp rv: 96272.45753328897

 Thread 12 estimated dimension 1 of 22 : 0.14569068204320126  | time taken : 832.796906709671
 Thread 8 estimated dimension 8 of 22 : 0.3429183207613194  | time taken : 277.87506341934204
 Thread 12 estimated dimension 2 of 22 : 0.9998936143404618  | time taken : 23.12967538833618
 Thread 3 estimated dimension 7 of 22 : 1  | time taken : 32.95190644264221
 Thread 8 estimated dimension 9 of 22 : 0.9968459112900845  | time taken : 33.52216053009033
 Thread 9 estimated dimension 8 of 22 : 0.3439278077762242  | time taken : 255.0478594303131
 Thread 3 estimated dimension 8 of 22 : 1  | time taken : 36.56443381309509
 Thread 12 estimated dimension 3 of 22 : 0.9989012222288588  | time taken : 37.55968475341797
 Thread 7 estimated dimension 5 of 22 : 0.4756005247485812  | time taken : 214.7649347782135exiting with current heads : 14007 out of 14027 | exp rv: 84808.10864925064

 Thread 13 estimated dimension 1 of 22 : 0.1653851291273188  | time taken : 797.8542592525482
 Thread 3 estimated dimension 9 of 22 : 1  | time taken : 23.697063446044922
 Thread 5 estimated dimension 8 of 22 : 0.5441045654003142  | time taken : 136.89005661010742
 Thread 9 estimated dimension 9 of 22 : 0.9934364391688798  | time taken : 41.653509855270386
 Thread 7 estimated dimension 6 of 22 : 1  | time taken : 37.699809074401855
 Thread 4 estimated dimension 8 of 22 : 0.5580320443702804  | time taken : 222.50299787521362
 Thread 13 estimated dimension 2 of 22 : 0.9824856398924529  | time taken : 40.428250789642334
 Thread 14 estimated dimension 10 of 22 : 0.7471158070440094  | time taken : 143.34804153442383
 Thread 10 estimated dimension 8 of 22 : 0.5869711664543368  | time taken : 156.61009526252747
 Thread 8 estimated dimension 10 of 22 : 0.7203557551073219  | time taken : 80.57057213783264
 Thread 7 estimated dimension 7 of 22 : 0.9996576400082036  | time taken : 21.91436004638672
 Thread 1 estimated dimension 10 of 22 : 0.5066970981619052  | time taken : 213.10692286491394
 Thread 2 estimated dimension 8 of 22 : 0.43540094139888136  | time taken : 247.72634768486023
 Thread 11 estimated dimension 10 of 22 : 0.23941700581088676  | time taken : 428.27206897735596
 Thread 13 estimated dimension 3 of 22 : 1  | time taken : 56.016802072525024
 Thread 14 estimated dimension 11 of 22 : 0.99170697993117  | time taken : 55.338865995407104
 Thread 2 estimated dimension 9 of 22 : 0.9976894126825906  | time taken : 67.94138717651367
 Thread 9 estimated dimension 10 of 22 : 0.8230197652341772  | time taken : 115.06607127189636
 Thread 8 estimated dimension 11 of 22 : 0.9973095470291689  | time taken : 90.0987057685852
 Thread 1 estimated dimension 11 of 22 : 0.9983439476550866  | time taken : 80.15487790107727
 Thread 11 estimated dimension 11 of 22 : 0.9954569807535987  | time taken : 52.81703162193298
 Thread 14 estimated dimension 12 of 22 : 1  | time taken : 50.24284291267395
 Thread 9 estimated dimension 11 of 22 : 0.995568545719296  | time taken : 44.03443455696106
 Thread 11 estimated dimension 12 of 22 : 1  | time taken : 59.35256242752075
 Thread 1 estimated dimension 12 of 22 : 0.9991795800819357  | time taken : 71.53027200698853
 Thread 8 estimated dimension 12 of 22 : 1  | time taken : 72.05812215805054
 Thread 5 estimated dimension 9 of 22 : 0.5195248645172221  | time taken : 206.90759253501892
 Thread 6 estimated dimension 10 of 22 : 0.3427492478355656  | time taken : 344.83906531333923
 Thread 3 estimated dimension 10 of 22 : 0.5067469880203423  | time taken : 230.3520646095276
 Thread 2 estimated dimension 10 of 22 : 0.8616731717872465  | time taken : 100.77608728408813
 Thread 9 estimated dimension 12 of 22 : 1  | time taken : 57.933815240859985
 Thread 8 estimated dimension 13 of 22 : 0.999089903098676  | time taken : 38.74973797798157
 Thread 14 estimated dimension 13 of 22 : 0.7652157580177575  | time taken : 109.68288111686707
 Thread 6 estimated dimension 11 of 22 : 0.9976225875302789  | time taken : 26.71071171760559
 Thread 4 estimated dimension 9 of 22 : 0.6530473263647012  | time taken : 234.91013622283936
 Thread 9 estimated dimension 13 of 22 : 0.9948476744733139  | time taken : 23.88748049736023
 Thread 7 estimated dimension 8 of 22 : 0.4833696239152711  | time taken : 249.8741180896759
 Thread 8 estimated dimension 14 of 22 : 1  | time taken : 48.75649547576904
 Thread 4 estimated dimension 10 of 22 : 0.9873396901253418  | time taken : 50.987879276275635
 Thread 9 estimated dimension 14 of 22 : 0.9892772504726159  | time taken : 47.048707246780396
 Thread 7 estimated dimension 9 of 22 : 1  | time taken : 22.7385036945343
 Thread 14 estimated dimension 14 of 22 : 0.9976323173006373  | time taken : 67.93290996551514
 Thread 10 estimated dimension 9 of 22 : 0.4860243454600636  | time taken : 292.22526597976685
 Thread 3 estimated dimension 11 of 22 : 0.858180478908804  | time taken : 116.70332193374634
 Thread 11 estimated dimension 13 of 22 : 0.7865756120602242  | time taken : 156.54749274253845
 Thread 2 estimated dimension 11 of 22 : 0.7870871240759316  | time taken : 125.28719282150269
 Thread 9 estimated dimension 15 of 22 : 1  | time taken : 44.58263659477234
 Thread 1 estimated dimension 13 of 22 : 0.8290640109454963  | time taken : 158.90505647659302
 Thread 6 estimated dimension 12 of 22 : 0.7832991551004592  | time taken : 110.03618860244751
 Thread 4 estimated dimension 11 of 22 : 0.9988432113866372  | time taken : 60.72376346588135
 Thread 12 estimated dimension 4 of 22 : 0.267163333802079  | time taken : 419.08421635627747
 Thread 12 estimated dimension 5 of 22 : 1  | time taken : 36.35087180137634
 Thread 11 estimated dimension 14 of 22 : 0.9815441789603608  | time taken : 75.09970045089722
 Thread 1 estimated dimension 14 of 22 : 0.998014973667757  | time taken : 77.4668755531311
 Thread 12 estimated dimension 6 of 22 : 1  | time taken : 52.103309631347656
 Thread 3 estimated dimension 12 of 22 : 0.8191404521967549  | time taken : 143.7407410144806
 Thread 6 estimated dimension 13 of 22 : 0.763973598664806  | time taken : 136.42756390571594
 Thread 12 estimated dimension 7 of 22 : 1  | time taken : 36.535577058792114
 Thread 2 estimated dimension 12 of 22 : 0.7931187501606106  | time taken : 167.52201771736145
 Thread 4 estimated dimension 12 of 22 : 0.844599032752494  | time taken : 155.44441437721252
 Thread 5 estimated dimension 10 of 22 : 0.3431542144250375  | time taken : 338.8943438529968
 Thread 12 estimated dimension 8 of 22 : 0.9920253805139928  | time taken : 24.1885986328125
 Thread 6 estimated dimension 14 of 22 : 0.9978541389109896  | time taken : 56.939960956573486
 Thread 13 estimated dimension 4 of 22 : 0.28084115876303817  | time taken : 487.331889629364
 Thread 5 estimated dimension 11 of 22 : 0.9908293572416945  | time taken : 45.4347870349884
 Thread 12 estimated dimension 9 of 22 : 1  | time taken : 44.45504426956177
 Thread 10 estimated dimension 10 of 22 : 0.48861040101044084  | time taken : 273.4002275466919
 Thread 3 estimated dimension 13 of 22 : 0.8254282511430451  | time taken : 113.3832175731659
 Thread 13 estimated dimension 5 of 22 : 1  | time taken : 38.542543172836304
 Thread 2 estimated dimension 13 of 22 : 0.8565008074631224  | time taken : 97.10150504112244
 Thread 10 estimated dimension 11 of 22 : 1  | time taken : 38.71130299568176
 Thread 5 estimated dimension 12 of 22 : 0.9952866179035368  | time taken : 58.66715955734253
 Thread 13 estimated dimension 6 of 22 : 0.9869347203144612  | time taken : 46.681029081344604
 Thread 4 estimated dimension 13 of 22 : 0.8052005566066062  | time taken : 141.27373456954956
 Thread 3 estimated dimension 14 of 22 : 1  | time taken : 73.39027118682861
 Thread 13 estimated dimension 7 of 22 : 0.998678130588139  | time taken : 20.479918241500854
 Thread 5 estimated dimension 13 of 22 : 1  | time taken : 28.043193101882935
 Thread 10 estimated dimension 12 of 22 : 1  | time taken : 50.907939434051514
 Thread 5 estimated dimension 14 of 22 : 0.9962904019410205  | time taken : 14.331246852874756
 Thread 13 estimated dimension 8 of 22 : 1  | time taken : 18.508838653564453
 Thread 2 estimated dimension 14 of 22 : 0.8912244732417223  | time taken : 82.02439856529236
 Thread 9 estimated dimension 16 of 22 : 0.3552559196125622  | time taken : 353.72092628479004
 Thread 4 estimated dimension 14 of 22 : 0.997796673058179  | time taken : 41.13081765174866
 Thread 10 estimated dimension 13 of 22 : 0.9948295481945482  | time taken : 37.33165001869202
 Thread 5 estimated dimension 15 of 22 : 0.9955444225129374  | time taken : 52.91694974899292
 Thread 9 estimated dimension 17 of 22 : 0.9950265625435403  | time taken : 42.23904871940613
 Thread 13 estimated dimension 9 of 22 : 1  | time taken : 61.19758057594299
 Thread 10 estimated dimension 14 of 22 : 1  | time taken : 36.181424140930176
 Thread 14 estimated dimension 15 of 22 : 0.24807128294855665  | time taken : 474.2214777469635
 Thread 8 estimated dimension 15 of 22 : 0.23844878261231398  | time taken : 512.4528748989105
 Thread 12 estimated dimension 10 of 22 : 0.44461722372984924  | time taken : 241.32300186157227
 Thread 10 estimated dimension 15 of 22 : 1  | time taken : 68.68517327308655
 Thread 14 estimated dimension 16 of 22 : 1  | time taken : 61.82176470756531
 Thread 10 estimated dimension 16 of 22 : 0.9892244060669733  | time taken : 24.195691108703613
 Thread 8 estimated dimension 16 of 22 : 1  | time taken : 64.03739428520203
 Thread 1 estimated dimension 15 of 22 : 0.25912553394808124  | time taken : 474.18604040145874
 Thread 8 estimated dimension 17 of 22 : 1  | time taken : 52.931135177612305
 Thread 14 estimated dimension 17 of 22 : 0.9981330332478527  | time taken : 75.65066885948181
 Thread 12 estimated dimension 11 of 22 : 0.8625336367539598  | time taken : 97.58764910697937exiting with current heads : 14027 out of 14027 | exp rv: 68235.65065097887

 Thread 7 estimated dimension 10 of 22 : 0.20555237425289782  | time taken : 625.9732263088226
 Thread 1 estimated dimension 16 of 22 : 1  | time taken : 51.18511700630188
 Thread 11 estimated dimension 15 of 22 : 0.2652569872593815  | time taken : 553.7882030010223
 Thread 13 estimated dimension 10 of 22 : 0.4735243796955792  | time taken : 219.52130508422852
 Thread 1 estimated dimension 17 of 22 : 1  | time taken : 14.905772686004639
 Thread 7 estimated dimension 11 of 22 : 1  | time taken : 48.64556813240051
 Thread 12 estimated dimension 12 of 22 : 0.8550983555205005  | time taken : 62.741692543029785
 Thread 6 estimated dimension 15 of 22 : 0.2757840191133328  | time taken : 456.812961101532
 Thread 11 estimated dimension 16 of 22 : 0.9983932082296912  | time taken : 49.48419547080994
 Thread 10 estimated dimension 17 of 22 : 0.44623210140519726  | time taken : 171.0510790348053
 Thread 7 estimated dimension 12 of 22 : 1  | time taken : 63.11406946182251
 Thread 6 estimated dimension 16 of 22 : 1  | time taken : 76.04094362258911
 Thread 7 estimated dimension 13 of 22 : 1  | time taken : 61.05848526954651
 Thread 11 estimated dimension 17 of 22 : 0.994990184512786  | time taken : 83.49847292900085
 Thread 12 estimated dimension 13 of 22 : 0.8084276305876291  | time taken : 127.34413528442383
 Thread 7 estimated dimension 14 of 22 : 0.9854364889908694  | time taken : 18.799309492111206
 Thread 6 estimated dimension 17 of 22 : 0.9957533756991792  | time taken : 43.65335154533386
 Thread 5 estimated dimension 16 of 22 : 0.3478327508753609  | time taken : 396.94420194625854
 Thread 12 estimated dimension 14 of 22 : 1  | time taken : 31.453739881515503
 Thread 5 estimated dimension 17 of 22 : 0.9960860184886506  | time taken : 52.4464008808136
 Thread 4 estimated dimension 15 of 22 : 0.2439289604257498  | time taken : 488.79131031036377
 Thread 11 estimated dimension 18 of 22 : 0.9937379508296682  | time taken : 94.99447226524353
 Thread 1 estimated dimension 18 of 22 : 0.5489752856320832  | time taken : 239.47042775154114exiting with current heads : 14026 out of 14027 | exp rv: 57002.59112445449

 Thread 2 estimated dimension 15 of 22 : 0.24605899000936385  | time taken : 529.0333917140961exiting with current heads : 14026 out of 14027 | exp rv: 52863.26304810703

 Thread 3 estimated dimension 15 of 22 : 0.2653260353458687  | time taken : 567.883266210556
 Thread 11 estimated dimension 19 of 22 : 1  | time taken : 63.40977716445923
 Thread 1 estimated dimension 19 of 22 : 1  | time taken : 68.89772701263428
 Thread 4 estimated dimension 16 of 22 : 1  | time taken : 92.30559420585632
 Thread 11 estimated dimension 20 of 22 : 0.9910658741061368  | time taken : 24.904096603393555
 Thread 2 estimated dimension 16 of 22 : 0.9996756674901052  | time taken : 69.18490362167358
 Thread 3 estimated dimension 16 of 22 : 0.9935548082840467  | time taken : 125.7073974609375
 Thread 1 estimated dimension 20 of 22 : 1  | time taken : 70.8129677772522
 Thread 2 estimated dimension 17 of 22 : 0.9890841595805943  | time taken : 62.52200245857239exiting with current heads : 14023 out of 14027 | exp rv: 70285.7454830914

 Thread 9 estimated dimension 18 of 22 : 0.19955682199279262  | time taken : 620.7106754779816
 Thread 8 estimated dimension 18 of 22 : 0.26735047445183685  | time taken : 449.9760069847107
 Thread 11 estimated dimension 21 of 22 : 0.9955228436742608  | time taken : 73.25814890861511
 Thread 11 nsolns: 460068
 Thread 14 estimated dimension 18 of 22 : 0.32721876766413316  | time taken : 461.8350694179535
 Thread 10 estimated dimension 18 of 22 : 0.3486201454344801  | time taken : 350.73508477211
 Thread 6 estimated dimension 18 of 22 : 0.4943162409576547  | time taken : 256.2431938648224
 Thread 4 estimated dimension 17 of 22 : 1  | time taken : 126.788898229599
 Thread 8 estimated dimension 19 of 22 : 0.9960757494545475  | time taken : 75.23366928100586
 Thread 9 estimated dimension 19 of 22 : 1  | time taken : 77.69481778144836
 Thread 3 estimated dimension 17 of 22 : 1  | time taken : 87.43480467796326
 Thread 1 estimated dimension 21 of 22 : 1  | time taken : 88.08957409858704
 Thread 1 nsolns: 463615
 Thread 14 estimated dimension 19 of 22 : 1  | time taken : 86.8891351222992
 Thread 10 estimated dimension 19 of 22 : 0.9870906701770746  | time taken : 89.75548267364502
 Thread 4 estimated dimension 18 of 22 : 1  | time taken : 53.780086278915405
 Thread 6 estimated dimension 19 of 22 : 0.9964045903182153  | time taken : 85.1643385887146
 Thread 5 estimated dimension 18 of 22 : 0.5119923631227269  | time taken : 282.62132143974304
 Thread 6 estimated dimension 20 of 22 : 0.9952705850879244  | time taken : 54.80191612243652
 Thread 4 estimated dimension 19 of 22 : 0.9954269496703277  | time taken : 56.60958933830261
 Thread 7 estimated dimension 15 of 22 : 0.2681674369000485  | time taken : 408.01462507247925
 Thread 9 estimated dimension 20 of 22 : 0.9986834825498956  | time taken : 94.79308533668518
 Thread 8 estimated dimension 20 of 22 : 0.9891070227557642  | time taken : 104.48936772346497
 Thread 3 estimated dimension 18 of 22 : 1  | time taken : 103.43088364601135
 Thread 14 estimated dimension 20 of 22 : 1  | time taken : 107.4724371433258
 Thread 12 estimated dimension 15 of 22 : 0.2595479359131703  | time taken : 442.9431140422821
 Thread 11 estimated dimension 0 of 22 : 0.5383494582926873  | time taken : 225.89194798469543
 Thread 5 estimated dimension 19 of 22 : 0.9940239130543971  | time taken : 131.52272391319275
 Thread 10 estimated dimension 20 of 22 : 1  | time taken : 136.55906772613525
 Thread 9 estimated dimension 21 of 22 : 0.998952291881579  | time taken : 72.35901927947998
 Thread 9 nsolns: 475409exiting with current heads : 14008 out of 14027 | exp rv: 98329.45680492357

 Thread 13 estimated dimension 11 of 22 : 0.14264291145049515  | time taken : 659.3910648822784
 Thread 1 estimated dimension 0 of 22 : 0.4169703304692659  | time taken : 184.58187532424927
 Thread 14 estimated dimension 21 of 22 : 0.9968798944191001  | time taken : 87.32680130004883
 Thread 4 estimated dimension 20 of 22 : 0.9989186169247553  | time taken : 135.01862239837646
 Thread 14 nsolns: 442703
 Thread 6 estimated dimension 21 of 22 : 0.9936958413430191  | time taken : 136.8479187488556
 Thread 6 nsolns: 447367
 Thread 7 estimated dimension 16 of 22 : 0.9894836590682814  | time taken : 139.8223979473114
 Thread 8 estimated dimension 21 of 22 : 1  | time taken : 132.0502736568451
 Thread 8 nsolns: 480220
 Thread 3 estimated dimension 19 of 22 : 0.9943361260048319  | time taken : 162.20935535430908
 Thread 5 estimated dimension 20 of 22 : 1  | time taken : 112.7513337135315
 Thread 11 estimated dimension 1 of 22 : 0.6942168956662248  | time taken : 138.53405737876892
 Thread 2 estimated dimension 18 of 22 : 0.24730422347978467  | time taken : 380.3663992881775
 Thread 12 estimated dimension 16 of 22 : 0.9970455907820914  | time taken : 147.63954782485962
 Thread 10 estimated dimension 21 of 22 : 1  | time taken : 150.79847764968872
 Thread 10 nsolns: 462873
 Thread 9 estimated dimension 0 of 22 : 0.5184852654698813  | time taken : 145.2328109741211
 Thread 1 estimated dimension 1 of 22 : 0.8324341174030319  | time taken : 131.46215867996216
 Thread 4 estimated dimension 21 of 22 : 0.9937283939601694  | time taken : 104.3763518333435
 Thread 4 nsolns: 480234
 Thread 11 estimated dimension 2 of 22 : 0.9979732296559316  | time taken : 36.62393665313721
 Thread 6 estimated dimension 0 of 22 : 0.6400509304048811  | time taken : 112.85141110420227
 Thread 13 estimated dimension 12 of 22 : 1  | time taken : 185.82991456985474
 Thread 12 estimated dimension 17 of 22 : 0.99082115027624  | time taken : 88.25896906852722
 Thread 5 estimated dimension 21 of 22 : 0.9906834614841461  | time taken : 108.8406777381897
 Thread 5 nsolns: 458465
 Thread 3 estimated dimension 20 of 22 : 0.9943414999568705  | time taken : 133.53966188430786
 Thread 11 estimated dimension 3 of 22 : 1  | time taken : 77.45472002029419
 Thread 2 estimated dimension 19 of 22 : 1  | time taken : 116.62423181533813
 Thread 7 estimated dimension 17 of 22 : 0.9843184098373536  | time taken : 182.72521567344666
 Thread 1 estimated dimension 2 of 22 : 0.6908522054695011  | time taken : 95.63500714302063
 Thread 9 estimated dimension 1 of 22 : 0.8789695147639996  | time taken : 117.92982912063599
 Thread 6 estimated dimension 1 of 22 : 0.8102027570879731  | time taken : 105.39059519767761
 Thread 12 estimated dimension 18 of 22 : 0.997217618096197  | time taken : 60.419309854507446
 Thread 8 estimated dimension 0 of 22 : 0.45822096919813665  | time taken : 222.56487345695496
 Thread 3 estimated dimension 21 of 22 : 1  | time taken : 84.09541010856628
 Thread 3 nsolns: 490012
 Thread 7 estimated dimension 18 of 22 : 0.9939322463087102  | time taken : 82.31655550003052
 Thread 13 estimated dimension 13 of 22 : 1  | time taken : 125.0534040927887
 Thread 2 estimated dimension 20 of 22 : 0.996098096574055  | time taken : 86.82336735725403
 Thread 11 estimated dimension 4 of 22 : 0.807562601616482  | time taken : 110.14997720718384
 Thread 12 estimated dimension 19 of 22 : 0.9942824252598728  | time taken : 85.08095121383667
 Thread 10 estimated dimension 0 of 22 : 0.5554233155989511  | time taken : 232.9890694618225
 Thread 6 estimated dimension 2 of 22 : 0.7045767058809594  | time taken : 117.12053418159485
 Thread 1 estimated dimension 3 of 22 : 0.6428215498814072  | time taken : 157.68844199180603
 Thread 4 estimated dimension 0 of 22 : 0.4287677340392105  | time taken : 248.87252759933472
 Thread 5 estimated dimension 0 of 22 : 0.44171348171102315  | time taken : 191.76119709014893
 Thread 11 estimated dimension 5 of 22 : 1  | time taken : 67.60678887367249
 Thread 8 estimated dimension 1 of 22 : 0.6288640931704905  | time taken : 148.16557788848877
 Thread 13 estimated dimension 14 of 22 : 1  | time taken : 114.95426940917969
 Thread 11 estimated dimension 6 of 22 : 0.9945572125735089  | time taken : 39.67487812042236
 Thread 2 estimated dimension 21 of 22 : 0.9937974086783884  | time taken : 134.48392343521118
 Thread 7 estimated dimension 19 of 22 : 1  | time taken : 138.8989064693451
 Thread 2 nsolns: 453284
 Thread 5 estimated dimension 1 of 22 : 0.9314320149167754  | time taken : 63.54015374183655
 Thread 10 estimated dimension 1 of 22 : 0.8848231373382817  | time taken : 97.38695096969604
 Thread 3 estimated dimension 0 of 22 : 0.4509613704556751  | time taken : 187.52413272857666
 Thread 1 estimated dimension 4 of 22 : 0.7233148184075876  | time taken : 111.38261032104492
 Thread 12 estimated dimension 20 of 22 : 1  | time taken : 160.83646202087402
 Thread 8 estimated dimension 2 of 22 : 1  | time taken : 84.80722236633301
 Thread 6 estimated dimension 3 of 22 : 0.5257030765565313  | time taken : 147.15493059158325
 Thread 13 estimated dimension 15 of 22 : 0.996915803197157  | time taken : 125.43361759185791
 Thread 4 estimated dimension 1 of 22 : 0.5736533784821112  | time taken : 164.27591490745544
 Thread 7 estimated dimension 20 of 22 : 1  | time taken : 109.97790098190308
 Thread 11 estimated dimension 7 of 22 : 0.7841049472211293  | time taken : 123.77449464797974
 Thread 9 estimated dimension 2 of 22 : 0.318665351416539  | time taken : 315.79016947746277
 Thread 5 estimated dimension 2 of 22 : 0.5945607282944357  | time taken : 115.20655751228333
 Thread 10 estimated dimension 2 of 22 : 0.6498776813974669  | time taken : 110.79711866378784
 Thread 8 estimated dimension 3 of 22 : 1  | time taken : 68.04239535331726
 Thread 3 estimated dimension 1 of 22 : 0.6575862814222607  | time taken : 86.49728775024414
 Thread 6 estimated dimension 4 of 22 : 0.6662905558647267  | time taken : 85.86106181144714
 Thread 12 estimated dimension 21 of 22 : 1  | time taken : 108.38757634162903
 Thread 12 nsolns: 507270
 Thread 4 estimated dimension 2 of 22 : 1  | time taken : 71.55487966537476
 Thread 1 estimated dimension 5 of 22 : 0.5150466275697109  | time taken : 133.58950853347778
 Thread 2 estimated dimension 0 of 22 : 0.5173639365947058  | time taken : 190.60801219940186
 Thread 9 estimated dimension 3 of 22 : 1  | time taken : 72.7757215499878
 Thread 3 estimated dimension 2 of 22 : 1  | time taken : 80.19078993797302
 Thread 8 estimated dimension 4 of 22 : 0.8410261602320799  | time taken : 104.78729629516602
 Thread 7 estimated dimension 21 of 22 : 0.9923483075511336  | time taken : 138.2651402950287
 Thread 7 nsolns: 472268
 Thread 13 estimated dimension 16 of 22 : 0.9933091187700896  | time taken : 145.10754346847534
 Thread 4 estimated dimension 3 of 22 : 1  | time taken : 85.94751048088074
 Thread 11 estimated dimension 8 of 22 : 0.4760370554724217  | time taken : 162.61514019966125
 Thread 3 estimated dimension 3 of 22 : 1  | time taken : 75.98414278030396
 Thread 5 estimated dimension 3 of 22 : 0.41679895879468287  | time taken : 163.07650113105774
 Thread 10 estimated dimension 3 of 22 : 0.37828435851159364  | time taken : 171.78205394744873
 Thread 8 estimated dimension 5 of 22 : 0.9980250642899404  | time taken : 73.95161128044128
 Thread 6 estimated dimension 5 of 22 : 0.4292359778235339  | time taken : 152.9267122745514
 Thread 4 estimated dimension 4 of 22 : 0.9046571659584665  | time taken : 58.11685848236084
 Thread 12 estimated dimension 0 of 22 : 0.4963244581209237  | time taken : 167.33577799797058
 Thread 11 estimated dimension 9 of 22 : 0.9917317065794423  | time taken : 69.02332067489624
 Thread 4 estimated dimension 5 of 22 : 1  | time taken : 41.00637078285217
 Thread 9 estimated dimension 4 of 22 : 0.41083547708141444  | time taken : 173.5722131729126
 Thread 6 estimated dimension 6 of 22 : 1  | time taken : 68.65905570983887
 Thread 8 estimated dimension 6 of 22 : 0.9861321893729775  | time taken : 71.72193002700806
 Thread 1 estimated dimension 6 of 22 : 0.3543230007274989  | time taken : 197.7286558151245
 Thread 12 estimated dimension 1 of 22 : 0.8345339672917214  | time taken : 57.89756894111633
 Thread 5 estimated dimension 4 of 22 : 0.5797749788917026  | time taken : 130.42102026939392
 Thread 13 estimated dimension 17 of 22 : 1  | time taken : 167.81105995178223
 Thread 10 estimated dimension 4 of 22 : 0.4704300734438744  | time taken : 122.44559001922607
 Thread 4 estimated dimension 6 of 22 : 1  | time taken : 79.85257697105408
 Thread 9 estimated dimension 5 of 22 : 1  | time taken : 78.9469108581543
 Thread 6 estimated dimension 7 of 22 : 1  | time taken : 70.39898991584778
 Thread 1 estimated dimension 7 of 22 : 1  | time taken : 78.41004371643066
 Thread 7 estimated dimension 0 of 22 : 0.4191492567754204  | time taken : 219.14719438552856
 Thread 10 estimated dimension 5 of 22 : 1  | time taken : 67.56775999069214
 Thread 5 estimated dimension 5 of 22 : 0.9946603978772884  | time taken : 72.55331563949585
 Thread 12 estimated dimension 2 of 22 : 0.6011234238308694  | time taken : 104.65170383453369
 Thread 9 estimated dimension 6 of 22 : 0.9908353249228651  | time taken : 71.79094386100769
 Thread 5 estimated dimension 6 of 22 : 0.9831829751280154  | time taken : 40.076165437698364
 Thread 7 estimated dimension 1 of 22 : 0.8842250769836324  | time taken : 73.6091935634613
 Thread 9 estimated dimension 7 of 22 : 1  | time taken : 32.01783323287964
 Thread 10 estimated dimension 6 of 22 : 0.9865937248180845  | time taken : 65.1828625202179
 Thread 13 estimated dimension 18 of 22 : 0.9987556955258579  | time taken : 150.5138075351715
 Thread 6 estimated dimension 8 of 22 : 0.6534579782712415  | time taken : 130.9211049079895
 Thread 5 estimated dimension 7 of 22 : 1  | time taken : 64.58276128768921
 Thread 1 estimated dimension 8 of 22 : 0.5635927460647129  | time taken : 131.12717127799988
 Thread 10 estimated dimension 7 of 22 : 1  | time taken : 65.82837653160095
 Thread 12 estimated dimension 3 of 22 : 0.509107435575632  | time taken : 157.75714421272278
 Thread 7 estimated dimension 2 of 22 : 0.683702264249478  | time taken : 132.7028784751892
 Thread 13 estimated dimension 19 of 22 : 0.9960341102847711  | time taken : 114.32258152961731
 Thread 3 estimated dimension 4 of 22 : 0.19160152117432064  | time taken : 405.93296694755554
 Thread 6 estimated dimension 9 of 22 : 0.6435086939559616  | time taken : 119.59398531913757
 Thread 1 estimated dimension 9 of 22 : 0.5230523732938783  | time taken : 109.74661159515381
 Thread 5 estimated dimension 8 of 22 : 0.5426107777327537  | time taken : 112.97232794761658
 Thread 9 estimated dimension 8 of 22 : 0.3570402894420825  | time taken : 161.08795309066772exiting with current heads : 14025 out of 14027 | exp rv: 76692.28262359457

 Thread 11 estimated dimension 10 of 22 : 0.18288671976083376  | time taken : 366.972882270813
 Thread 10 estimated dimension 8 of 22 : 0.531963630398595  | time taken : 103.64006447792053
 Thread 8 estimated dimension 7 of 22 : 0.22162497018125618  | time taken : 361.8505699634552
 Thread 3 estimated dimension 5 of 22 : 1  | time taken : 57.022274017333984exiting with current heads : 13997 out of 14027 | exp rv: 94146.84037604784

 Thread 2 estimated dimension 1 of 22 : 0.1489800395209906  | time taken : 561.8586866855621
 Thread 12 estimated dimension 4 of 22 : 0.6760705988768866  | time taken : 100.36549091339111
 Thread 9 estimated dimension 9 of 22 : 0.9962886160651083  | time taken : 66.0808424949646
 Thread 7 estimated dimension 3 of 22 : 0.5648174231358679  | time taken : 111.24064803123474
 Thread 13 estimated dimension 20 of 22 : 0.9944054203485856  | time taken : 102.9979498386383
 Thread 2 estimated dimension 2 of 22 : 1  | time taken : 40.13601732254028
 Thread 11 estimated dimension 11 of 22 : 0.8735443464083597  | time taken : 86.68402457237244
 Thread 10 estimated dimension 9 of 22 : 1  | time taken : 90.09984159469604
 Thread 3 estimated dimension 6 of 22 : 0.9903301170996299  | time taken : 69.56393790245056
 Thread 8 estimated dimension 8 of 22 : 0.6978813149509765  | time taken : 83.42515587806702
 Thread 2 estimated dimension 3 of 22 : 0.9788096869477609  | time taken : 36.704530477523804
 Thread 4 estimated dimension 7 of 22 : 0.20803184770497696  | time taken : 389.774090051651
 Thread 12 estimated dimension 5 of 22 : 0.601332209863986  | time taken : 95.65874028205872
 Thread 6 estimated dimension 10 of 22 : 0.36450560483865496  | time taken : 160.19057607650757
 Thread 7 estimated dimension 4 of 22 : 0.7566379008430346  | time taken : 102.1110029220581
 Thread 5 estimated dimension 9 of 22 : 0.37688482915108895  | time taken : 181.03530192375183
 Thread 13 estimated dimension 21 of 22 : 0.9942394931623058  | time taken : 113.6598105430603
 Thread 13 nsolns: 528259
 Thread 9 estimated dimension 10 of 22 : 0.5733220143915615  | time taken : 129.2855682373047
 Thread 3 estimated dimension 7 of 22 : 0.8324983552600781  | time taken : 90.50049996376038
 Thread 1 estimated dimension 10 of 22 : 0.3772103570531542  | time taken : 208.18952560424805
 Thread 6 estimated dimension 11 of 22 : 0.9921067075893677  | time taken : 60.872230529785156
 Thread 11 estimated dimension 12 of 22 : 0.8433427784715274  | time taken : 123.96555256843567
 Thread 4 estimated dimension 8 of 22 : 0.8124524264155446  | time taken : 108.41401267051697
 Thread 5 estimated dimension 10 of 22 : 0.6687909067901296  | time taken : 68.890212059021
 Thread 9 estimated dimension 11 of 22 : 1  | time taken : 64.68394780158997
 Thread 8 estimated dimension 9 of 22 : 0.45387070183198314  | time taken : 155.40298199653625
 Thread 12 estimated dimension 6 of 22 : 0.6939025322674734  | time taken : 137.20616698265076
 Thread 5 estimated dimension 11 of 22 : 1  | time taken : 32.3820481300354
 Thread 6 estimated dimension 12 of 22 : 1  | time taken : 90.54894852638245
 Thread 7 estimated dimension 5 of 22 : 0.5677089487216862  | time taken : 132.67301845550537
 Thread 12 estimated dimension 7 of 22 : 0.9918137747799207  | time taken : 34.32608485221863
 Thread 11 estimated dimension 13 of 22 : 0.7793538598665893  | time taken : 99.89612770080566
 Thread 3 estimated dimension 8 of 22 : 0.543623803667395  | time taken : 117.92795395851135
 Thread 1 estimated dimension 11 of 22 : 0.9878855581188316  | time taken : 124.3047034740448
 Thread 9 estimated dimension 12 of 22 : 0.8432833811391826  | time taken : 69.07207655906677
 Thread 6 estimated dimension 13 of 22 : 0.9881572180399943  | time taken : 30.59428334236145
 Thread 5 estimated dimension 12 of 22 : 0.993492583174765  | time taken : 57.71773552894592
 Thread 10 estimated dimension 10 of 22 : 0.22166776888035308  | time taken : 249.73457217216492
 Thread 13 estimated dimension 0 of 22 : 0.4875082784033162  | time taken : 175.09249830245972
 Thread 11 estimated dimension 14 of 22 : 0.983455211955254  | time taken : 93.11709117889404
 Thread 4 estimated dimension 9 of 22 : 0.4932734834199974  | time taken : 177.6992518901825
 Thread 5 estimated dimension 13 of 22 : 0.7420085042801071  | time taken : 70.82423043251038
 Thread 2 estimated dimension 4 of 22 : 0.2594274943411865  | time taken : 291.62452936172485
 Thread 8 estimated dimension 10 of 22 : 0.5514317523815019  | time taken : 148.9510178565979
 Thread 6 estimated dimension 14 of 22 : 0.9935231825216878  | time taken : 88.00286436080933
 Thread 9 estimated dimension 13 of 22 : 0.7941684833330231  | time taken : 92.7892951965332
 Thread 1 estimated dimension 12 of 22 : 0.9935715933422082  | time taken : 94.75677561759949
 Thread 10 estimated dimension 11 of 22 : 0.9913685845436984  | time taken : 86.66491413116455
 Thread 7 estimated dimension 6 of 22 : 0.5026428924291315  | time taken : 132.50369000434875
 Thread 9 estimated dimension 14 of 22 : 1  | time taken : 35.536900758743286
 Thread 13 estimated dimension 1 of 22 : 0.8073141544644099  | time taken : 94.89000916481018
 Thread 5 estimated dimension 14 of 22 : 0.9935588253442299  | time taken : 55.629743337631226
 Thread 3 estimated dimension 9 of 22 : 0.5350226769612703  | time taken : 155.6411452293396
 Thread 12 estimated dimension 8 of 22 : 0.35150416496457815  | time taken : 165.40142726898193
 Thread 2 estimated dimension 5 of 22 : 1  | time taken : 71.62969899177551
 Thread 1 estimated dimension 13 of 22 : 0.9947367040756664  | time taken : 67.65067219734192
 Thread 7 estimated dimension 7 of 22 : 0.9972305266148636  | time taken : 69.10285139083862
 Thread 10 estimated dimension 12 of 22 : 0.9943312961516457  | time taken : 92.47420573234558
 Thread 13 estimated dimension 2 of 22 : 0.802017207843642  | time taken : 73.83073663711548
 Thread 12 estimated dimension 9 of 22 : 0.9997981196074291  | time taken : 66.39733386039734
 Thread 2 estimated dimension 6 of 22 : 1  | time taken : 65.84526777267456
 Thread 8 estimated dimension 11 of 22 : 0.6276897620224089  | time taken : 139.1116065979004
 Thread 4 estimated dimension 10 of 22 : 0.5404476105005346  | time taken : 160.2913637161255
 Thread 3 estimated dimension 10 of 22 : 1  | time taken : 101.81999087333679
 Thread 2 estimated dimension 7 of 22 : 1  | time taken : 33.10493612289429
 Thread 1 estimated dimension 14 of 22 : 0.9853216774768292  | time taken : 94.77224659919739
 Thread 13 estimated dimension 3 of 22 : 0.6486596537973878  | time taken : 95.80989050865173
 Thread 3 estimated dimension 11 of 22 : 1  | time taken : 69.96815419197083
 Thread 10 estimated dimension 13 of 22 : 0.7824129182642928  | time taken : 113.71769499778748
 Thread 2 estimated dimension 8 of 22 : 0.994169184465413  | time taken : 67.7989809513092
 Thread 6 estimated dimension 15 of 22 : 0.30075501850446784  | time taken : 237.9979887008667
 Thread 1 estimated dimension 15 of 22 : 0.984126247578848  | time taken : 86.93449473381042
 Thread 2 estimated dimension 9 of 22 : 0.9867665171682808  | time taken : 61.59689235687256
 Thread 13 estimated dimension 4 of 22 : 0.7877527532291537  | time taken : 91.23249697685242
 Thread 7 estimated dimension 8 of 22 : 0.37081906739213527  | time taken : 212.45802450180054
 Thread 10 estimated dimension 14 of 22 : 1  | time taken : 89.08968114852905
 Thread 3 estimated dimension 12 of 22 : 0.8394114493514063  | time taken : 93.85595726966858exiting with current heads : 14026 out of 14027 | exp rv: 57724.56065010889

 Thread 5 estimated dimension 15 of 22 : 0.24298149422075405  | time taken : 286.89320135116577
 Thread 9 estimated dimension 15 of 22 : 0.26163440214949374  | time taken : 297.0804634094238
 Thread 1 estimated dimension 16 of 22 : 0.99929759384536  | time taken : 90.53703284263611
 Thread 6 estimated dimension 16 of 22 : 0.9977135691506415  | time taken : 111.59751415252686
 Thread 11 estimated dimension 15 of 22 : 0.25457627222092116  | time taken : 368.9879128932953
 Thread 8 estimated dimension 12 of 22 : 0.38298663340682265  | time taken : 219.0715045928955
 Thread 4 estimated dimension 11 of 22 : 0.476879484436639  | time taken : 210.38410830497742
 Thread 7 estimated dimension 9 of 22 : 0.9994686241764906  | time taken : 63.92812514305115
 Thread 5 estimated dimension 16 of 22 : 1  | time taken : 57.068368911743164
 Thread 13 estimated dimension 5 of 22 : 0.44526803402812964  | time taken : 140.32902765274048
 Thread 11 estimated dimension 16 of 22 : 1  | time taken : 88.80431461334229
 Thread 5 estimated dimension 17 of 22 : 0.9901949192027705  | time taken : 58.35367274284363
 Thread 3 estimated dimension 13 of 22 : 0.789781785945307  | time taken : 130.68695902824402
 Thread 8 estimated dimension 13 of 22 : 1  | time taken : 94.92321467399597
 Thread 4 estimated dimension 12 of 22 : 0.9962494228737105  | time taken : 98.63152885437012
 Thread 6 estimated dimension 17 of 22 : 0.9917847999953593  | time taken : 116.86209321022034
 Thread 9 estimated dimension 16 of 22 : 1  | time taken : 142.2812523841858
 Thread 13 estimated dimension 6 of 22 : 0.9919798831469191  | time taken : 64.20455527305603
 Thread 2 estimated dimension 10 of 22 : 0.4697559583632142  | time taken : 215.72646975517273
 Thread 3 estimated dimension 14 of 22 : 1  | time taken : 64.41192674636841
 Thread 1 estimated dimension 17 of 22 : 0.5234852170229168  | time taken : 184.1109812259674
 Thread 11 estimated dimension 17 of 22 : 1  | time taken : 82.97030425071716exiting with current heads : 14019 out of 14027 | exp rv: 82873.31168087595

 Thread 12 estimated dimension 10 of 22 : 0.16924628345987378  | time taken : 424.2091734409332
 Thread 4 estimated dimension 13 of 22 : 0.9996715241429222  | time taken : 102.83621907234192
 Thread 13 estimated dimension 7 of 22 : 0.9970016428755762  | time taken : 66.01834726333618
 Thread 9 estimated dimension 17 of 22 : 0.9976540356366879  | time taken : 110.57366132736206
 Thread 8 estimated dimension 14 of 22 : 0.7272290001758172  | time taken : 140.47492170333862
 Thread 10 estimated dimension 15 of 22 : 0.2582028692234038  | time taken : 292.4992654323578
 Thread 12 estimated dimension 11 of 22 : 1  | time taken : 68.92864847183228
 Thread 2 estimated dimension 11 of 22 : 0.8659338777241787  | time taken : 119.46121048927307
 Thread 11 estimated dimension 18 of 22 : 0.9997810421289698  | time taken : 107.28344440460205
 Thread 8 estimated dimension 15 of 22 : 0.9937158783776996  | time taken : 93.89367032051086
 Thread 13 estimated dimension 8 of 22 : 0.5358964706860452  | time taken : 118.33311581611633
 Thread 12 estimated dimension 12 of 22 : 1  | time taken : 90.3949556350708
 Thread 6 estimated dimension 18 of 22 : 0.5096486104649108  | time taken : 238.0077850818634
 Thread 2 estimated dimension 12 of 22 : 0.8146760530981318  | time taken : 82.46983528137207
 Thread 5 estimated dimension 18 of 22 : 0.322845604925986  | time taken : 262.3341107368469
 Thread 11 estimated dimension 19 of 22 : 1  | time taken : 81.2613639831543
 Thread 1 estimated dimension 18 of 22 : 0.4249728262161126  | time taken : 193.60737776756287
 Thread 10 estimated dimension 16 of 22 : 0.9824811493016946  | time taken : 142.88414978981018
 Thread 13 estimated dimension 9 of 22 : 0.6082603393910214  | time taken : 79.0482029914856
 Thread 8 estimated dimension 16 of 22 : 1  | time taken : 93.91525483131409exiting with current heads : 14021 out of 14027 | exp rv: 82712.3325863883

 Thread 7 estimated dimension 10 of 22 : 0.1695756794834754  | time taken : 426.7455224990845
 Thread 9 estimated dimension 18 of 22 : 0.4580939715680752  | time taken : 209.5363142490387
 Thread 1 estimated dimension 19 of 22 : 1  | time taken : 90.84880948066711
 Thread 5 estimated dimension 19 of 22 : 0.9945349966285666  | time taken : 105.36899852752686
 Thread 6 estimated dimension 19 of 22 : 0.9830718814062275  | time taken : 110.22598648071289
 Thread 11 estimated dimension 20 of 22 : 1  | time taken : 109.67026591300964
 Thread 12 estimated dimension 13 of 22 : 0.9962975385028445  | time taken : 125.34594440460205
 Thread 2 estimated dimension 13 of 22 : 0.80726552824818  | time taken : 129.0779321193695
 Thread 3 estimated dimension 15 of 22 : 0.2501697640602558  | time taken : 324.64278078079224
 Thread 8 estimated dimension 17 of 22 : 0.9971545627860728  | time taken : 87.51250052452087
 Thread 6 estimated dimension 20 of 22 : 0.9870677541213493  | time taken : 55.397035121917725
 Thread 7 estimated dimension 11 of 22 : 0.9942962342242458  | time taken : 93.98748588562012
 Thread 2 estimated dimension 14 of 22 : 1  | time taken : 60.14011240005493
 Thread 5 estimated dimension 20 of 22 : 0.9922342167987142  | time taken : 89.21268844604492
 Thread 10 estimated dimension 17 of 22 : 1  | time taken : 160.50495076179504
 Thread 12 estimated dimension 14 of 22 : 0.9941464081221393  | time taken : 86.82595777511597
 Thread 3 estimated dimension 16 of 22 : 1  | time taken : 92.6669807434082
 Thread 13 estimated dimension 10 of 22 : 0.3876180486235613  | time taken : 168.46805024147034
 Thread 9 estimated dimension 19 of 22 : 1  | time taken : 142.4517364501953
 Thread 4 estimated dimension 14 of 22 : 0.25857814701913917  | time taken : 382.6391360759735
 Thread 7 estimated dimension 12 of 22 : 1  | time taken : 59.29762625694275
 Thread 6 estimated dimension 21 of 22 : 0.9982275462435873  | time taken : 85.80574297904968
 Thread 6 nsolns: 449975
 Thread 11 estimated dimension 21 of 22 : 1  | time taken : 132.0010883808136
 Thread 11 nsolns: 462889
 Thread 1 estimated dimension 20 of 22 : 0.9977426168187288  | time taken : 148.3161849975586
 Thread 12 estimated dimension 15 of 22 : 0.9783320516255282  | time taken : 58.50081253051758
 Thread 7 estimated dimension 13 of 22 : 1  | time taken : 53.9217631816864
 Thread 13 estimated dimension 11 of 22 : 1  | time taken : 74.34728741645813
 Thread 5 estimated dimension 21 of 22 : 1  | time taken : 123.65846014022827
 Thread 5 nsolns: 486564
 Thread 3 estimated dimension 17 of 22 : 1  | time taken : 103.19256520271301
 Thread 9 estimated dimension 20 of 22 : 0.998717088435051  | time taken : 96.07395839691162
 Thread 10 estimated dimension 18 of 22 : 1  | time taken : 143.09657096862793
 Thread 4 estimated dimension 15 of 22 : 0.9994041290666863  | time taken : 114.11094880104065
 Thread 13 estimated dimension 12 of 22 : 0.9958189985310397  | time taken : 47.07594895362854
 Thread 7 estimated dimension 14 of 22 : 1  | time taken : 68.78411817550659
 Thread 1 estimated dimension 21 of 22 : 1  | time taken : 114.41341185569763
 Thread 1 nsolns: 467816
 Thread 8 estimated dimension 18 of 22 : 0.31706862079462633  | time taken : 211.44533443450928
 Thread 13 estimated dimension 13 of 22 : 0.9951364222234812  | time taken : 42.90366816520691
 Thread 3 estimated dimension 18 of 22 : 1  | time taken : 78.55078482627869
 Thread 8 estimated dimension 19 of 22 : 1  | time taken : 41.273707151412964
 Thread 10 estimated dimension 19 of 22 : 1  | time taken : 75.24734497070312
 Thread 7 estimated dimension 15 of 22 : 0.9951096480062276  | time taken : 61.43647217750549
 Thread 9 estimated dimension 21 of 22 : 1  | time taken : 99.87484431266785
 Thread 9 nsolns: 472361
 Thread 4 estimated dimension 16 of 22 : 0.9971468157426855  | time taken : 89.81836247444153
 Thread 13 estimated dimension 14 of 22 : 0.9901619253434892  | time taken : 56.35205674171448
 Thread 8 estimated dimension 20 of 22 : 0.9925898889114599  | time taken : 51.22593903541565
 Thread 2 estimated dimension 15 of 22 : 0.258517497102756  | time taken : 279.6837673187256
 Thread 12 estimated dimension 16 of 22 : 0.3294362732591506  | time taken : 216.3682165145874
 Thread 10 estimated dimension 20 of 22 : 0.993404317982387  | time taken : 67.07249450683594
 Thread 3 estimated dimension 19 of 22 : 1  | time taken : 95.97625660896301
 Thread 4 estimated dimension 17 of 22 : 0.9972324458999584  | time taken : 88.2749011516571
 Thread 8 estimated dimension 21 of 22 : 0.9892572780127429  | time taken : 69.56206440925598
 Thread 8 nsolns: 486900
 Thread 10 estimated dimension 21 of 22 : 0.9975676235796342  | time taken : 63.63477277755737
 Thread 10 nsolns: 473730
 Thread 3 estimated dimension 20 of 22 : 0.9914716922134272  | time taken : 59.12220001220703
 Thread 7 estimated dimension 16 of 22 : 0.37101393185500114  | time taken : 141.5414628982544
 Thread 4 estimated dimension 18 of 22 : 0.9980492359682289  | time taken : 41.208961963653564
 Thread 2 estimated dimension 16 of 22 : 1  | time taken : 99.89552450180054
 Thread 12 estimated dimension 17 of 22 : 1  | time taken : 84.20110392570496
 Thread 13 estimated dimension 15 of 22 : 0.2681987822855697  | time taken : 157.5171344280243
 Thread 12 estimated dimension 18 of 22 : 1  | time taken : 48.39153289794922
 Thread 3 estimated dimension 21 of 22 : 0.9957081276764002  | time taken : 59.02734732627869
 Thread 3 nsolns: 467412
 Thread 2 estimated dimension 17 of 22 : 1  | time taken : 63.268086671829224
 Thread 7 estimated dimension 17 of 22 : 0.9844632420966355  | time taken : 65.82390308380127
 Thread 4 estimated dimension 19 of 22 : 0.9986968777677737  | time taken : 65.1157374382019
 Thread 13 estimated dimension 16 of 22 : 1  | time taken : 44.98570728302002
 Thread 12 estimated dimension 19 of 22 : 0.9985859801577626  | time taken : 44.46678709983826
 Thread 2 estimated dimension 18 of 22 : 1  | time taken : 53.55301570892334
 Thread 7 estimated dimension 18 of 22 : 1  | time taken : 53.58178234100342
 Thread 13 estimated dimension 17 of 22 : 1  | time taken : 33.55741596221924
 Thread 4 estimated dimension 20 of 22 : 0.9836115476766809  | time taken : 55.08475971221924
 Thread 12 estimated dimension 20 of 22 : 1  | time taken : 55.421549797058105
 Thread 7 estimated dimension 19 of 22 : 0.9981352012936758  | time taken : 41.937159061431885
 Thread 2 estimated dimension 19 of 22 : 1  | time taken : 58.18894577026367
 Thread 4 estimated dimension 21 of 22 : 1  | time taken : 67.15475296974182
 Thread 4 nsolns: 476354
 Thread 2 estimated dimension 20 of 22 : 1  | time taken : 24.481969118118286
 Thread 13 estimated dimension 18 of 22 : 0.45745005713522163  | time taken : 84.81707191467285
 Thread 12 estimated dimension 21 of 22 : 0.984001444613422  | time taken : 56.27356719970703
 Thread 12 nsolns: 494757
 Thread 7 estimated dimension 20 of 22 : 1  | time taken : 47.560102224349976
 Thread 2 estimated dimension 21 of 22 : 1  | time taken : 18.746435165405273
 Thread 2 nsolns: 506490
 Thread 7 estimated dimension 21 of 22 : 1  | time taken : 21.605470418930054
 Thread 7 nsolns: 492067
 Thread 13 estimated dimension 19 of 22 : 1  | time taken : 25.846824645996094
 Thread 13 estimated dimension 20 of 22 : 0.9845849146974689  | time taken : 9.939303159713745
 Thread 13 estimated dimension 21 of 22 : 0.9945129796446895  | time taken : 14.611565589904785
 Thread 13 nsolns: 458307
 estimated weights : [0.002377226161529636, 0.0016739609779068587, 0.0021944505509333525, 0.002843159443963038, 0.0007928448589225762, 0.0007888561271069337, 0.0022002606345752655, 0.0005902291278740703, 0.0014812262884535542, 0.0014819513672728155, 0.0014771807889368297, 0.0018081337488771194, 0.000748301876063457, 0.0015868418811320053, 0.002217743733643434, 0.0008795491349356653, 0.0009687733870858567, 0.002341177197995326, 0.0016850689480783516, 0.0007820795204881072, 0.0006059420890177031, 0.001956896713927461, 0.0006827220390207017, 0.0016087903170973106, 0.0023757444203811834, 0.001337885421530204, 0.0012678085488475306, 0.001545682126930529, 0.0012048816745856403, 0.0029145856932164013, 0.00044387519455560246, 0.0004751380195218824, 0.0009642143018576756, 0.000497965152464473, 0.001282048497776414, 0.0022307672347168022, 0.0011996556481326205, 0.0006616954474218989, 0.0013278882520740625, 0.0006986122366638139, 0.0010578962589693354]
