numSolutions: 44 k : 9966
16 44 0.05 0.00014204545454545457

 Thread 2 estimated dimension 0 of 16 : 0.7028158277741899  | time taken : 105.62599968910217
 Thread 14 estimated dimension 0 of 16 : 0.6388033927816886  | time taken : 108.49276828765869
 Thread 13 estimated dimension 0 of 16 : 0.646407579336296  | time taken : 109.6883773803711
 Thread 1 estimated dimension 0 of 16 : 0.698889117684735  | time taken : 110.02326202392578
 Thread 6 estimated dimension 0 of 16 : 0.6432977660287673  | time taken : 122.82349109649658
 Thread 8 estimated dimension 0 of 16 : 0.6476805595155634  | time taken : 123.57629060745239
 Thread 4 estimated dimension 0 of 16 : 0.6498897629160885  | time taken : 126.08897662162781
 Thread 5 estimated dimension 0 of 16 : 0.6677884568001048  | time taken : 131.03692746162415
 Thread 3 estimated dimension 0 of 16 : 0.6965700725326345  | time taken : 148.98869228363037
 Thread 2 estimated dimension 1 of 16 : 0.9418021661398006  | time taken : 49.81601071357727
 Thread 13 estimated dimension 1 of 16 : 0.9454501836643368  | time taken : 49.619953632354736
 Thread 1 estimated dimension 1 of 16 : 0.9304572993224516  | time taken : 51.664710521698
 Thread 14 estimated dimension 1 of 16 : 0.9072382542601037  | time taken : 56.668227195739746
 Thread 8 estimated dimension 1 of 16 : 0.9340625354780911  | time taken : 53.873751640319824
 Thread 4 estimated dimension 1 of 16 : 0.9430814043876719  | time taken : 53.48601722717285
 Thread 6 estimated dimension 1 of 16 : 0.9312294510041363  | time taken : 70.95051097869873
 Thread 3 estimated dimension 1 of 16 : 0.9268556304871106  | time taken : 64.68410754203796
 Thread 2 estimated dimension 2 of 16 : 0.7796741502214353  | time taken : 88.55686736106873
 Thread 13 estimated dimension 2 of 16 : 0.6672195626298069  | time taken : 88.39960932731628
 Thread 1 estimated dimension 2 of 16 : 0.752740189300395  | time taken : 93.56103849411011
 Thread 8 estimated dimension 2 of 16 : 0.7435508162160867  | time taken : 91.87146234512329
 Thread 4 estimated dimension 2 of 16 : 0.736611297627261  | time taken : 91.36316895484924
 Thread 9 estimated dimension 0 of 16 : 0.3341396760041662  | time taken : 305.18389916419983
 Thread 6 estimated dimension 2 of 16 : 0.63631487106145  | time taken : 109.35354137420654
 Thread 9 estimated dimension 1 of 16 : 0.9990920931795976  | time taken : 20.209237098693848
 Thread 3 estimated dimension 2 of 16 : 0.7264489313863276  | time taken : 116.68716883659363
 Thread 10 estimated dimension 0 of 16 : 0.2743592377154118  | time taken : 336.44665694236755
 Thread 10 estimated dimension 1 of 16 : 1  | time taken : 30.18587827682495
 Thread 12 estimated dimension 0 of 16 : 0.3186091954251747  | time taken : 380.4028515815735
 Thread 11 estimated dimension 0 of 16 : 0.26444546890514536  | time taken : 381.2952570915222
 Thread 1 estimated dimension 3 of 16 : 0.5668761028579751  | time taken : 128.46828269958496
 Thread 7 estimated dimension 0 of 16 : 0.292878310049755  | time taken : 396.206910610199
 Thread 11 estimated dimension 1 of 16 : 1  | time taken : 34.33433413505554
 Thread 7 estimated dimension 1 of 16 : 0.9906818362171753  | time taken : 20.886313676834106
 Thread 12 estimated dimension 1 of 16 : 0.9877396807473792  | time taken : 37.77755904197693
 Thread 3 estimated dimension 3 of 16 : 0.6922576533098819  | time taken : 117.79468846321106
 Thread 2 estimated dimension 3 of 16 : 0.3813977561005996  | time taken : 231.0148868560791
 Thread 4 estimated dimension 3 of 16 : 0.3235062183980274  | time taken : 241.93529868125916
 Thread 14 estimated dimension 2 of 16 : 0.25844951560285523  | time taken : 356.40878081321716
 Thread 13 estimated dimension 3 of 16 : 0.3327054418472014  | time taken : 278.45324540138245
 Thread 8 estimated dimension 3 of 16 : 0.3144878446081027  | time taken : 260.8631377220154
 Thread 14 estimated dimension 3 of 16 : 0.9913038075446748  | time taken : 11.070083141326904
 Thread 10 estimated dimension 2 of 16 : 0.6240302597679924  | time taken : 175.257342338562
 Thread 9 estimated dimension 2 of 16 : 0.4666919760049251  | time taken : 218.33686876296997
 Thread 6 estimated dimension 3 of 16 : 0.2911307404197611  | time taken : 253.32538414001465
 Thread 10 estimated dimension 3 of 16 : 1  | time taken : 16.056033611297607
 Thread 9 estimated dimension 3 of 16 : 1  | time taken : 16.159096717834473
 Thread 3 estimated dimension 4 of 16 : 0.6591560560367206  | time taken : 109.65222382545471
 Thread 7 estimated dimension 2 of 16 : 0.5615003978251847  | time taken : 154.21161198616028
 Thread 7 estimated dimension 3 of 16 : 1  | time taken : 17.895769357681274
 Thread 11 estimated dimension 2 of 16 : 0.5295476728577017  | time taken : 183.84194445610046
 Thread 4 estimated dimension 4 of 16 : 0.65677951252173  | time taken : 101.38017153739929
 Thread 1 estimated dimension 4 of 16 : 0.4102228923285278  | time taken : 229.87885856628418
 Thread 11 estimated dimension 3 of 16 : 1  | time taken : 21.699219703674316
 Thread 12 estimated dimension 2 of 16 : 0.43757989877424325  | time taken : 208.06278681755066
 Thread 12 estimated dimension 3 of 16 : 1  | time taken : 15.22767186164856
 Thread 14 estimated dimension 4 of 16 : 0.7381818342836975  | time taken : 111.60320210456848
 Thread 8 estimated dimension 4 of 16 : 0.4724586232885851  | time taken : 125.2211663722992
 Thread 10 estimated dimension 4 of 16 : 0.7796160393904576  | time taken : 112.8365261554718
 Thread 1 estimated dimension 5 of 16 : 0.8013354032866494  | time taken : 68.01880431175232exiting with current heads : 9343 out of 9966 | exp rv: 131709.9091429284

 Thread 5 estimated dimension 1 of 16 : 0.07565869618197234  | time taken : 581.0550587177277
 Thread 1 estimated dimension 6 of 16 : 0.9853019696551107  | time taken : 24.10462188720703
 Thread 11 estimated dimension 4 of 16 : 0.7561909256845282  | time taken : 94.88225817680359
 Thread 2 estimated dimension 4 of 16 : 0.3083523107747141  | time taken : 243.51349067687988
 Thread 5 estimated dimension 2 of 16 : 0.9999807423536428  | time taken : 32.26057243347168
 Thread 1 estimated dimension 7 of 16 : 1  | time taken : 26.962467193603516
 Thread 12 estimated dimension 4 of 16 : 0.6587360959635916  | time taken : 115.93961811065674
 Thread 5 estimated dimension 3 of 16 : 0.9959270345584526  | time taken : 20.20008945465088
 Thread 3 estimated dimension 5 of 16 : 0.45735806848048366  | time taken : 202.60957765579224
 Thread 4 estimated dimension 5 of 16 : 0.5499221414436767  | time taken : 152.57815790176392
 Thread 13 estimated dimension 4 of 16 : 0.3648423732823059  | time taken : 246.6579954624176
 Thread 9 estimated dimension 4 of 16 : 0.41369622398492045  | time taken : 219.6488516330719
 Thread 4 estimated dimension 6 of 16 : 1  | time taken : 20.786478519439697
 Thread 3 estimated dimension 6 of 16 : 0.9930831264660775  | time taken : 32.15902900695801
 Thread 2 estimated dimension 5 of 16 : 0.8077274709307047  | time taken : 86.53912949562073
 Thread 6 estimated dimension 4 of 16 : 0.4877005593170386  | time taken : 250.7109854221344
 Thread 10 estimated dimension 5 of 16 : 0.5809414634142654  | time taken : 150.00402188301086
 Thread 2 estimated dimension 6 of 16 : 1  | time taken : 16.532350301742554
 Thread 8 estimated dimension 5 of 16 : 0.4468343867643989  | time taken : 182.71605849266052
 Thread 2 estimated dimension 7 of 16 : 0.9944808973891247  | time taken : 18.09291172027588
 Thread 13 estimated dimension 5 of 16 : 0.8029262053530148  | time taken : 79.07595324516296
 Thread 8 estimated dimension 6 of 16 : 1  | time taken : 14.500295877456665
 Thread 9 estimated dimension 5 of 16 : 0.7364001327869477  | time taken : 79.41205096244812
 Thread 9 estimated dimension 6 of 16 : 0.988105135166184  | time taken : 16.614712476730347
 Thread 13 estimated dimension 6 of 16 : 1  | time taken : 28.908454179763794
 Thread 6 estimated dimension 5 of 16 : 0.6946254782209176  | time taken : 95.75257802009583
 Thread 11 estimated dimension 5 of 16 : 0.4516697611211008  | time taken : 188.01184558868408
 Thread 13 estimated dimension 7 of 16 : 0.9835338020009551  | time taken : 25.288610219955444
 Thread 9 estimated dimension 7 of 16 : 0.9915460857793198  | time taken : 33.60053539276123
 Thread 7 estimated dimension 4 of 16 : 0.33017065543867286  | time taken : 333.99502897262573
 Thread 14 estimated dimension 5 of 16 : 0.39506863475919923  | time taken : 287.12024116516113
 Thread 2 estimated dimension 8 of 16 : 0.7618588013766174  | time taken : 89.75907158851624
 Thread 6 estimated dimension 6 of 16 : 0.9983704603737867  | time taken : 32.9735426902771
 Thread 12 estimated dimension 5 of 16 : 0.5516033011148179  | time taken : 182.0091302394867
 Thread 11 estimated dimension 6 of 16 : 0.9959561411928924  | time taken : 34.7998366355896
 Thread 14 estimated dimension 6 of 16 : 1  | time taken : 31.510053396224976
 Thread 6 estimated dimension 7 of 16 : 0.9961917079957369  | time taken : 42.83741855621338
 Thread 8 estimated dimension 7 of 16 : 0.5274398917168749  | time taken : 159.93755269050598
 Thread 7 estimated dimension 5 of 16 : 0.7862920514896327  | time taken : 103.18440365791321
 Thread 5 estimated dimension 4 of 16 : 0.40442710187502784  | time taken : 287.9625029563904
 Thread 4 estimated dimension 7 of 16 : 0.4314141624758624  | time taken : 262.3049523830414
 Thread 3 estimated dimension 7 of 16 : 0.36860743527478623  | time taken : 257.2496168613434
 Thread 7 estimated dimension 6 of 16 : 1  | time taken : 32.552056074142456
 Thread 12 estimated dimension 6 of 16 : 0.7499990389602251  | time taken : 121.43574976921082
 Thread 5 estimated dimension 5 of 16 : 0.9944964171126304  | time taken : 21.526842832565308
 Thread 7 estimated dimension 7 of 16 : 0.9842627950589605  | time taken : 20.495747566223145
 Thread 6 estimated dimension 8 of 16 : 0.7632853937427692  | time taken : 102.09460401535034
 Thread 3 estimated dimension 8 of 16 : 0.9935496365575537  | time taken : 33.64401078224182
 Thread 5 estimated dimension 6 of 16 : 1  | time taken : 28.967849493026733
 Thread 11 estimated dimension 7 of 16 : 0.6570861517739959  | time taken : 170.2016725540161
 Thread 5 estimated dimension 7 of 16 : 0.9941501326592567  | time taken : 29.34924578666687
 Thread 2 estimated dimension 9 of 16 : 0.4461988786153549  | time taken : 207.29097485542297
 Thread 11 estimated dimension 8 of 16 : 0.9941463397569976  | time taken : 29.55842900276184
 Thread 8 estimated dimension 8 of 16 : 0.5990994075832332  | time taken : 137.16332340240479
 Thread 5 estimated dimension 8 of 16 : 0.9827385574077134  | time taken : 26.88483953475952
 Thread 11 estimated dimension 9 of 16 : 0.9904276503541259  | time taken : 25.386687517166138
 Thread 1 estimated dimension 8 of 16 : 0.3270725253515442  | time taken : 436.74008989334106
 Thread 7 estimated dimension 8 of 16 : 0.692191948008084  | time taken : 97.22182631492615
 Thread 10 estimated dimension 6 of 16 : 0.25583748613954  | time taken : 380.7828481197357
 Thread 11 estimated dimension 10 of 16 : 1  | time taken : 30.803861379623413
 Thread 4 estimated dimension 8 of 16 : 0.4886386037357369  | time taken : 164.19348645210266
 Thread 14 estimated dimension 7 of 16 : 0.37866449893550636  | time taken : 264.67000675201416
 Thread 10 estimated dimension 7 of 16 : 1  | time taken : 31.836522102355957
 Thread 6 estimated dimension 9 of 16 : 0.5811344903164536  | time taken : 161.72901821136475
 Thread 14 estimated dimension 8 of 16 : 0.9962892318412638  | time taken : 38.77347207069397
 Thread 3 estimated dimension 9 of 16 : 0.376309235868609  | time taken : 183.90676307678223
 Thread 14 estimated dimension 9 of 16 : 0.9920760321583436  | time taken : 29.78453016281128
 Thread 12 estimated dimension 7 of 16 : 0.35631211383629924  | time taken : 247.37218618392944
 Thread 11 estimated dimension 11 of 16 : 0.7779878342520972  | time taken : 109.73327708244324
 Thread 6 estimated dimension 10 of 16 : 0.7208013547708184  | time taken : 94.77488565444946
 Thread 9 estimated dimension 8 of 16 : 0.271422313829057  | time taken : 435.2758107185364
 Thread 13 estimated dimension 8 of 16 : 0.24726801680785826  | time taken : 455.49553775787354
 Thread 10 estimated dimension 8 of 16 : 0.6729781345154114  | time taken : 132.66612553596497
 Thread 5 estimated dimension 9 of 16 : 0.5711145490545899  | time taken : 205.43824553489685
 Thread 9 estimated dimension 9 of 16 : 1  | time taken : 31.550987720489502
 Thread 4 estimated dimension 9 of 16 : 0.5568378959495448  | time taken : 168.4801607131958
 Thread 7 estimated dimension 9 of 16 : 0.4851962689162642  | time taken : 221.1321964263916
 Thread 8 estimated dimension 9 of 16 : 0.38092465362764205  | time taken : 274.20500469207764
 Thread 9 estimated dimension 10 of 16 : 1  | time taken : 44.44409394264221
 Thread 1 estimated dimension 9 of 16 : 0.37030771261212464  | time taken : 257.55505990982056
 Thread 7 estimated dimension 10 of 16 : 0.9899284212953727  | time taken : 32.17162775993347
 Thread 9 estimated dimension 11 of 16 : 0.9986361162353702  | time taken : 33.79999375343323
 Thread 2 estimated dimension 10 of 16 : 0.3300976805788961  | time taken : 326.9331283569336
 Thread 9 estimated dimension 12 of 16 : 0.9833549480810616  | time taken : 28.31048607826233
 Thread 6 estimated dimension 11 of 16 : 0.6737691071161308  | time taken : 164.80082035064697
 Thread 4 estimated dimension 10 of 16 : 0.6449269965987566  | time taken : 130.47931814193726
 Thread 11 estimated dimension 12 of 16 : 0.46159985981432555  | time taken : 203.28765392303467
 Thread 12 estimated dimension 8 of 16 : 0.4945668279137686  | time taken : 212.95340847969055
 Thread 14 estimated dimension 10 of 16 : 0.47789382486294557  | time taken : 224.08942484855652
 Thread 5 estimated dimension 10 of 16 : 0.6825761298255905  | time taken : 161.36938858032227
 Thread 7 estimated dimension 11 of 16 : 0.7946283697648725  | time taken : 95.30619788169861
 Thread 9 estimated dimension 13 of 16 : 0.9992374741197346  | time taken : 37.18842148780823
 Thread 12 estimated dimension 9 of 16 : 0.9971897585575005  | time taken : 18.386622667312622
 Thread 11 estimated dimension 13 of 16 : 0.9926055059281803  | time taken : 30.248659372329712
 Thread 4 estimated dimension 11 of 16 : 1  | time taken : 45.24502778053284
 Thread 3 estimated dimension 10 of 16 : 0.358768872493886  | time taken : 303.58873534202576
 Thread 2 estimated dimension 11 of 16 : 0.7240610723043123  | time taken : 118.40708947181702
 Thread 5 estimated dimension 11 of 16 : 0.999723434019544  | time taken : 52.4339656829834
 Thread 12 estimated dimension 10 of 16 : 1  | time taken : 50.41637945175171
 Thread 4 estimated dimension 12 of 16 : 0.9868733070845922  | time taken : 27.794501543045044
 Thread 13 estimated dimension 9 of 16 : 0.5857883578702897  | time taken : 232.33195209503174
 Thread 5 estimated dimension 12 of 16 : 0.9990764916582507  | time taken : 49.58817982673645
 Thread 12 estimated dimension 11 of 16 : 1  | time taken : 49.09730768203735
 Thread 14 estimated dimension 11 of 16 : 0.7521363074835455  | time taken : 123.78518605232239
 Thread 4 estimated dimension 13 of 16 : 0.9881477512384942  | time taken : 77.53484272956848
 Thread 12 estimated dimension 12 of 16 : 1  | time taken : 30.49961495399475
 Thread 5 estimated dimension 13 of 16 : 0.9974061028905854  | time taken : 46.08111310005188
 Thread 14 estimated dimension 12 of 16 : 0.9991734780466521  | time taken : 32.2629919052124
 Thread 12 estimated dimension 13 of 16 : 0.989369144112352  | time taken : 25.84101700782776
 Thread 4 estimated dimension 14 of 16 : 0.9818534680800256  | time taken : 45.69041419029236
 Thread 3 estimated dimension 11 of 16 : 0.6890241343810289  | time taken : 145.87830090522766
 Thread 7 estimated dimension 12 of 16 : 0.5848416899376988  | time taken : 188.98447799682617
 Thread 1 estimated dimension 10 of 16 : 0.37640963508146835  | time taken : 304.54390382766724
 Thread 6 estimated dimension 12 of 16 : 0.5667714814428026  | time taken : 223.0374825000763
 Thread 5 estimated dimension 14 of 16 : 0.9915765108845581  | time taken : 46.445148944854736
 Thread 8 estimated dimension 10 of 16 : 0.3502604333529712  | time taken : 314.1836757659912
 Thread 10 estimated dimension 9 of 16 : 0.3211998211141941  | time taken : 382.78887271881104
 Thread 7 estimated dimension 13 of 16 : 0.9993240022193812  | time taken : 32.50967502593994
 Thread 13 estimated dimension 10 of 16 : 0.6750092947310177  | time taken : 166.25502109527588
 Thread 6 estimated dimension 13 of 16 : 1  | time taken : 31.470855951309204
 Thread 3 estimated dimension 12 of 16 : 1  | time taken : 50.4305362701416
 Thread 2 estimated dimension 12 of 16 : 0.5440311559095974  | time taken : 192.4532506465912
 Thread 9 estimated dimension 14 of 16 : 0.4526120542575176  | time taken : 253.42708659172058
 Thread 1 estimated dimension 11 of 16 : 1  | time taken : 67.26044511795044
 Thread 10 estimated dimension 10 of 16 : 1  | time taken : 54.80127835273743
 Thread 8 estimated dimension 11 of 16 : 1  | time taken : 71.4643943309784
 Thread 11 estimated dimension 14 of 16 : 0.45037993757333145  | time taken : 275.3799378871918
 Thread 13 estimated dimension 11 of 16 : 0.9687470836338655  | time taken : 67.82134532928467
 Thread 14 estimated dimension 13 of 16 : 0.6567053023273033  | time taken : 143.84908270835876
 Thread 3 estimated dimension 13 of 16 : 0.9973720751372405  | time taken : 63.47886657714844
 Thread 6 estimated dimension 14 of 16 : 1  | time taken : 74.65477252006531
 Thread 2 estimated dimension 13 of 16 : 0.9975819524826629  | time taken : 84.54704880714417
 Thread 1 estimated dimension 12 of 16 : 1  | time taken : 61.61858606338501
 Thread 10 estimated dimension 11 of 16 : 1  | time taken : 65.55287265777588
 Thread 13 estimated dimension 12 of 16 : 0.989497986729756  | time taken : 67.43513989448547
 Thread 12 estimated dimension 14 of 16 : 0.4617358436124582  | time taken : 234.48201942443848
 Thread 1 estimated dimension 13 of 16 : 0.9947810856071324  | time taken : 76.7483217716217
 Thread 2 estimated dimension 14 of 16 : 1  | time taken : 78.46837306022644
 Thread 4 estimated dimension 15 of 16 : 0.48500604665564007  | time taken : 224.25627303123474
 Thread 4 nsolns: 250993
 Thread 13 estimated dimension 13 of 16 : 0.9976355566811014  | time taken : 47.94374418258667
 Thread 5 estimated dimension 15 of 16 : 0.4923278635352807  | time taken : 215.97965812683105
 Thread 5 nsolns: 323284
 Thread 7 estimated dimension 14 of 16 : 0.5235460401090871  | time taken : 224.22272372245789
 Thread 3 estimated dimension 14 of 16 : 0.48497428027465384  | time taken : 151.15134859085083
 Thread 2 estimated dimension 15 of 16 : 0.9859334848725824  | time taken : 49.00707125663757
 Thread 2 nsolns: 256436
 Thread 13 estimated dimension 14 of 16 : 0.9944021461839653  | time taken : 52.08317971229553
 Thread 9 estimated dimension 15 of 16 : 0.5226405838253714  | time taken : 215.19213843345642
 Thread 9 nsolns: 256326
 Thread 7 estimated dimension 15 of 16 : 1  | time taken : 37.260815143585205
 Thread 7 nsolns: 247432
 Thread 4 estimated dimension 0 of 16 : 0.7821218643403353  | time taken : 81.35600137710571
 Thread 5 estimated dimension 0 of 16 : 0.8207741013641787  | time taken : 77.92081880569458
 Thread 3 estimated dimension 15 of 16 : 1  | time taken : 43.70236682891846
 Thread 8 estimated dimension 12 of 16 : 0.49533988144245517  | time taken : 227.80211877822876
 Thread 3 nsolns: 256174
 Thread 14 estimated dimension 14 of 16 : 0.5409937135606568  | time taken : 208.64175176620483
 Thread 11 estimated dimension 15 of 16 : 0.5105945506144776  | time taken : 228.3138906955719
 Thread 11 nsolns: 252352
 Thread 6 estimated dimension 15 of 16 : 0.46070139723132236  | time taken : 223.49143290519714
 Thread 6 nsolns: 248874
 Thread 4 estimated dimension 1 of 16 : 0.9287024705947351  | time taken : 38.34323501586914
 Thread 10 estimated dimension 12 of 16 : 0.4923830244346727  | time taken : 198.8008108139038
 Thread 8 estimated dimension 13 of 16 : 1  | time taken : 34.50125074386597
 Thread 9 estimated dimension 0 of 16 : 0.6781265480297561  | time taken : 69.65301489830017
 Thread 5 estimated dimension 1 of 16 : 0.944607355794619  | time taken : 46.772621393203735
 Thread 2 estimated dimension 0 of 16 : 0.6447215040887141  | time taken : 86.68883323669434
 Thread 14 estimated dimension 15 of 16 : 1  | time taken : 49.7117395401001
 Thread 14 nsolns: 257028
 Thread 3 estimated dimension 0 of 16 : 0.7969508003267305  | time taken : 61.518906116485596
 Thread 8 estimated dimension 14 of 16 : 0.9859728968814102  | time taken : 60.13297367095947
 Thread 9 estimated dimension 1 of 16 : 0.935529009430486  | time taken : 68.5306806564331
 Thread 10 estimated dimension 13 of 16 : 0.9917731841279331  | time taken : 75.10004711151123
 Thread 4 estimated dimension 2 of 16 : 0.7080080557478303  | time taken : 92.27420973777771
 Thread 6 estimated dimension 0 of 16 : 0.6551750910292051  | time taken : 93.80083203315735
 Thread 8 estimated dimension 15 of 16 : 0.9936244650883257  | time taken : 30.145946979522705
 Thread 2 estimated dimension 1 of 16 : 0.9137641867987113  | time taken : 83.01950001716614
 Thread 8 nsolns: 275165
 Thread 14 estimated dimension 0 of 16 : 0.80281025447818  | time taken : 87.72305464744568
 Thread 1 estimated dimension 14 of 16 : 0.4762843224010114  | time taken : 238.88335180282593
 Thread 12 estimated dimension 15 of 16 : 0.48223930780756014  | time taken : 241.72532892227173
 Thread 12 nsolns: 260357
 Thread 5 estimated dimension 2 of 16 : 0.7345008305124153  | time taken : 110.84641623497009
 Thread 13 estimated dimension 15 of 16 : 0.5082420718137556  | time taken : 193.01551795005798
 Thread 13 nsolns: 261975
 Thread 10 estimated dimension 14 of 16 : 1  | time taken : 56.859586238861084
 Thread 6 estimated dimension 1 of 16 : 0.8630589337477778  | time taken : 49.572152853012085
 Thread 9 estimated dimension 2 of 16 : 0.7506303233814468  | time taken : 80.03869104385376
 Thread 14 estimated dimension 1 of 16 : 0.926091264383776  | time taken : 49.41369915008545
 Thread 1 estimated dimension 15 of 16 : 0.9911842167214857  | time taken : 72.36076712608337
 Thread 1 nsolns: 256978
 Thread 4 estimated dimension 3 of 16 : 0.7295158988263184  | time taken : 98.08525466918945
 Thread 12 estimated dimension 0 of 16 : 0.6471213725741966  | time taken : 93.67791938781738
 Thread 10 estimated dimension 15 of 16 : 0.9974156410029958  | time taken : 70.4139928817749
 Thread 2 estimated dimension 2 of 16 : 0.6067597470723561  | time taken : 110.15301394462585
 Thread 10 nsolns: 266972
 Thread 13 estimated dimension 0 of 16 : 0.7917638065799927  | time taken : 90.80111122131348
 Thread 5 estimated dimension 3 of 16 : 0.5852275138125553  | time taken : 111.62902975082397
 Thread 14 estimated dimension 2 of 16 : 0.7428221989840424  | time taken : 82.16413903236389
 Thread 12 estimated dimension 1 of 16 : 0.9405497551004792  | time taken : 53.448639154434204
 Thread 7 estimated dimension 0 of 16 : 0.22903619871576764  | time taken : 321.7621033191681
 Thread 9 estimated dimension 3 of 16 : 0.5527783804380489  | time taken : 121.4686393737793
 Thread 13 estimated dimension 1 of 16 : 0.9434012279681784  | time taken : 63.922125816345215
 Thread 1 estimated dimension 0 of 16 : 0.7762660536487191  | time taken : 97.480233669281
 Thread 7 estimated dimension 1 of 16 : 0.9950675684653566  | time taken : 16.218711376190186
 Thread 11 estimated dimension 0 of 16 : 0.29690068528097774  | time taken : 317.7754554748535
 Thread 10 estimated dimension 0 of 16 : 0.7918983392610407  | time taken : 93.37281155586243
 Thread 4 estimated dimension 4 of 16 : 0.6110251217537745  | time taken : 126.04307627677917
 Thread 11 estimated dimension 1 of 16 : 0.9890927900686706  | time taken : 18.7482852935791
 Thread 12 estimated dimension 2 of 16 : 0.6330108025992944  | time taken : 74.03283333778381
 Thread 1 estimated dimension 1 of 16 : 0.9166245462756066  | time taken : 52.55695867538452
 Thread 5 estimated dimension 4 of 16 : 0.5585294540270609  | time taken : 108.23477363586426
 Thread 10 estimated dimension 1 of 16 : 0.9264280711737236  | time taken : 42.41374135017395
 Thread 14 estimated dimension 3 of 16 : 0.7001109850896102  | time taken : 108.58737087249756
 Thread 13 estimated dimension 2 of 16 : 0.7264905884066974  | time taken : 79.12277150154114
 Thread 9 estimated dimension 4 of 16 : 0.7182550158757975  | time taken : 98.67896723747253
 Thread 7 estimated dimension 2 of 16 : 0.6145793500115365  | time taken : 120.17787146568298
 Thread 2 estimated dimension 3 of 16 : 0.3599637605716427  | time taken : 204.30980801582336
 Thread 4 estimated dimension 5 of 16 : 0.5946764130754404  | time taken : 98.23300457000732
 Thread 1 estimated dimension 2 of 16 : 0.75168564527802  | time taken : 78.7234616279602
 Thread 12 estimated dimension 3 of 16 : 0.5769358749883472  | time taken : 90.00239586830139
 Thread 10 estimated dimension 2 of 16 : 0.7361736139520596  | time taken : 81.00683259963989
 Thread 7 estimated dimension 3 of 16 : 0.9850894178632892  | time taken : 15.930408954620361
 Thread 6 estimated dimension 2 of 16 : 0.2523006305806311  | time taken : 291.71497535705566
 Thread 8 estimated dimension 0 of 16 : 0.2388115497876779  | time taken : 352.6700873374939
 Thread 6 estimated dimension 3 of 16 : 1  | time taken : 18.523118257522583
 Thread 11 estimated dimension 2 of 16 : 0.6029856813310364  | time taken : 138.48155069351196
 Thread 11 estimated dimension 3 of 16 : 0.990163965762218  | time taken : 16.669415950775146
 Thread 13 estimated dimension 3 of 16 : 0.6208807769864538  | time taken : 114.39852571487427
 Thread 14 estimated dimension 4 of 16 : 0.5427051895537089  | time taken : 124.40277290344238
 Thread 8 estimated dimension 1 of 16 : 0.9929260806856759  | time taken : 34.09334206581116
 Thread 9 estimated dimension 5 of 16 : 0.5472833753293115  | time taken : 148.23323774337769
 Thread 1 estimated dimension 3 of 16 : 0.7260157281355568  | time taken : 116.79798746109009
 Thread 12 estimated dimension 4 of 16 : 0.5525549304322059  | time taken : 117.23932576179504
 Thread 7 estimated dimension 4 of 16 : 0.5755246634421123  | time taken : 123.04690051078796
 Thread 6 estimated dimension 4 of 16 : 0.657303158810826  | time taken : 100.96103167533875
 Thread 14 estimated dimension 5 of 16 : 0.6565454004889961  | time taken : 103.55426168441772exiting with current heads : 9302 out of 9966 | exp rv: 139872.85327396775

 Thread 3 estimated dimension 1 of 16 : 0.0712432739216497  | time taken : 566.2858259677887
 Thread 9 estimated dimension 6 of 16 : 0.77874315975068  | time taken : 75.55400514602661
 Thread 3 estimated dimension 2 of 16 : 1  | time taken : 27.28618097305298
 Thread 8 estimated dimension 2 of 16 : 0.6102011775528252  | time taken : 142.2614505290985
 Thread 2 estimated dimension 4 of 16 : 0.3605629220444718  | time taken : 226.8352644443512
 Thread 1 estimated dimension 4 of 16 : 0.6501892201233501  | time taken : 102.84642815589905
 Thread 8 estimated dimension 3 of 16 : 0.9936008417693514  | time taken : 11.010297060012817
 Thread 5 estimated dimension 5 of 16 : 0.40952866162081153  | time taken : 301.03307819366455
 Thread 3 estimated dimension 3 of 16 : 0.9990250802489329  | time taken : 22.26147198677063
 Thread 6 estimated dimension 5 of 16 : 0.6270801355814999  | time taken : 92.04246068000793
 Thread 14 estimated dimension 6 of 16 : 0.7747313362405469  | time taken : 67.67277336120605
 Thread 12 estimated dimension 5 of 16 : 0.5358585603246233  | time taken : 112.28218460083008
 Thread 7 estimated dimension 5 of 16 : 0.5728673662973028  | time taken : 118.93455457687378
 Thread 5 estimated dimension 6 of 16 : 1  | time taken : 31.529850482940674
 Thread 10 estimated dimension 3 of 16 : 0.342706082256929  | time taken : 273.8280906677246
 Thread 11 estimated dimension 4 of 16 : 0.3307282913314208  | time taken : 254.35077452659607
 Thread 13 estimated dimension 4 of 16 : 0.33969612124388865  | time taken : 259.4643564224243
 Thread 2 estimated dimension 5 of 16 : 0.7899659500776302  | time taken : 100.30709958076477
 Thread 6 estimated dimension 6 of 16 : 0.732390129869919  | time taken : 91.50761318206787
 Thread 8 estimated dimension 4 of 16 : 0.7047246675050192  | time taken : 118.49547243118286
 Thread 2 estimated dimension 6 of 16 : 0.9859881228007841  | time taken : 28.870816946029663
 Thread 7 estimated dimension 6 of 16 : 0.6822489864032346  | time taken : 103.2023024559021
 Thread 9 estimated dimension 7 of 16 : 0.519650354232838  | time taken : 174.56607961654663
 Thread 3 estimated dimension 4 of 16 : 0.620452552477314  | time taken : 141.6083378791809
 Thread 5 estimated dimension 7 of 16 : 0.6054660942172263  | time taken : 112.23241806030273
 Thread 2 estimated dimension 7 of 16 : 1  | time taken : 28.89078164100647
 Thread 11 estimated dimension 5 of 16 : 0.7970222728769857  | time taken : 77.24099779129028
 Thread 4 estimated dimension 6 of 16 : 0.224668078476447  | time taken : 398.9908287525177
 Thread 5 estimated dimension 8 of 16 : 1  | time taken : 28.07999277114868
 Thread 3 estimated dimension 5 of 16 : 1  | time taken : 31.223716497421265
 Thread 10 estimated dimension 4 of 16 : 0.6722579731785284  | time taken : 118.26293301582336
 Thread 14 estimated dimension 7 of 16 : 0.396596204201482  | time taken : 174.6901400089264
 Thread 13 estimated dimension 5 of 16 : 0.7723874700647401  | time taken : 89.97767233848572
 Thread 11 estimated dimension 6 of 16 : 0.9986243293726031  | time taken : 30.823151111602783
 Thread 4 estimated dimension 7 of 16 : 1  | time taken : 30.53378462791443
 Thread 13 estimated dimension 6 of 16 : 0.9841029482238812  | time taken : 16.3979549407959
 Thread 3 estimated dimension 6 of 16 : 1  | time taken : 31.871532201766968
 Thread 6 estimated dimension 7 of 16 : 0.5501783962260028  | time taken : 120.5143563747406
 Thread 2 estimated dimension 8 of 16 : 0.7881951466879392  | time taken : 66.78412199020386
 Thread 11 estimated dimension 7 of 16 : 0.9995680330466847  | time taken : 32.49517345428467
 Thread 13 estimated dimension 7 of 16 : 1  | time taken : 31.6128249168396
 Thread 8 estimated dimension 5 of 16 : 0.5303178394389327  | time taken : 128.17978954315186
 Thread 1 estimated dimension 5 of 16 : 0.41415296233101173  | time taken : 252.9729084968567
 Thread 9 estimated dimension 8 of 16 : 0.5686563548666198  | time taken : 126.3760437965393
 Thread 6 estimated dimension 8 of 16 : 0.6982296104027195  | time taken : 57.69739770889282
 Thread 1 estimated dimension 6 of 16 : 0.9937493669161597  | time taken : 31.47661781311035
 Thread 7 estimated dimension 7 of 16 : 0.3377215865544666  | time taken : 154.88021087646484
 Thread 14 estimated dimension 8 of 16 : 0.5636229204529117  | time taken : 120.54411315917969
 Thread 6 estimated dimension 9 of 16 : 0.9940056983530677  | time taken : 28.530070304870605
 Thread 10 estimated dimension 5 of 16 : 0.5722667103567555  | time taken : 143.44869589805603
 Thread 12 estimated dimension 6 of 16 : 0.23445495242998904  | time taken : 316.97231674194336
 Thread 5 estimated dimension 9 of 16 : 0.31621060505526144  | time taken : 160.5716094970703
 Thread 10 estimated dimension 6 of 16 : 0.9976947020694097  | time taken : 12.662159204483032
 Thread 3 estimated dimension 7 of 16 : 0.5465801765053636  | time taken : 128.9305922985077
 Thread 2 estimated dimension 9 of 16 : 0.5215809055136715  | time taken : 115.7851448059082
 Thread 12 estimated dimension 7 of 16 : 0.9840278791598712  | time taken : 24.843650102615356
 Thread 3 estimated dimension 8 of 16 : 0.9915605366846829  | time taken : 30.737528562545776
 Thread 7 estimated dimension 8 of 16 : 0.5473076844025757  | time taken : 94.61033058166504
 Thread 14 estimated dimension 9 of 16 : 0.6693445757553667  | time taken : 97.27904272079468
 Thread 9 estimated dimension 9 of 16 : 0.4645767470323854  | time taken : 145.4698474407196
 Thread 4 estimated dimension 8 of 16 : 0.36309227919127357  | time taken : 208.4118835926056
 Thread 6 estimated dimension 10 of 16 : 0.5958966126181445  | time taken : 128.71784138679504
 Thread 12 estimated dimension 8 of 16 : 0.6943006717100936  | time taken : 93.03866052627563
 Thread 10 estimated dimension 7 of 16 : 0.5385196134646006  | time taken : 116.85286450386047
 Thread 10 estimated dimension 8 of 16 : 1  | time taken : 15.218397617340088
 Thread 6 estimated dimension 11 of 16 : 1  | time taken : 35.51567769050598
 Thread 14 estimated dimension 10 of 16 : 0.6911367095385658  | time taken : 84.88921236991882
 Thread 3 estimated dimension 9 of 16 : 0.5828322885113648  | time taken : 129.380065202713
 Thread 14 estimated dimension 11 of 16 : 0.9967326703032118  | time taken : 20.050519466400146
 Thread 1 estimated dimension 7 of 16 : 0.3194756636004366  | time taken : 229.3294939994812
 Thread 11 estimated dimension 8 of 16 : 0.3134561183647176  | time taken : 289.77508330345154
 Thread 13 estimated dimension 8 of 16 : 0.27100551551421276  | time taken : 288.44680190086365
 Thread 5 estimated dimension 10 of 16 : 0.43511721673820536  | time taken : 194.4039340019226
 Thread 14 estimated dimension 12 of 16 : 0.9968079592063274  | time taken : 21.693713188171387
 Thread 1 estimated dimension 8 of 16 : 0.9992325760511699  | time taken : 26.665949821472168
 Thread 14 estimated dimension 13 of 16 : 0.994094068033891  | time taken : 10.98875904083252
 Thread 8 estimated dimension 6 of 16 : 0.23191573440411145  | time taken : 300.60274052619934
 Thread 2 estimated dimension 10 of 16 : 0.3121212657155632  | time taken : 214.11832857131958
 Thread 7 estimated dimension 9 of 16 : 0.3638017845882365  | time taken : 182.10732984542847
 Thread 6 estimated dimension 12 of 16 : 0.5237202328023908  | time taken : 95.50366377830505
 Thread 8 estimated dimension 7 of 16 : 0.9819947250920262  | time taken : 26.400082111358643
 Thread 12 estimated dimension 9 of 16 : 0.4216246517464213  | time taken : 121.83974504470825
 Thread 10 estimated dimension 9 of 16 : 0.41851930615169186  | time taken : 123.1716992855072
 Thread 4 estimated dimension 9 of 16 : 0.43910914689109  | time taken : 186.73774981498718
 Thread 3 estimated dimension 10 of 16 : 0.6548847378648248  | time taken : 95.46767091751099
 Thread 5 estimated dimension 11 of 16 : 0.8052819989956074  | time taken : 78.90315103530884
 Thread 7 estimated dimension 10 of 16 : 1  | time taken : 56.67759704589844
 Thread 1 estimated dimension 9 of 16 : 0.5747447452028458  | time taken : 88.40448427200317
 Thread 13 estimated dimension 9 of 16 : 0.6418115495715802  | time taken : 105.17431640625
 Thread 3 estimated dimension 11 of 16 : 1  | time taken : 35.976813554763794
 Thread 7 estimated dimension 11 of 16 : 1  | time taken : 20.8582866191864
 Thread 6 estimated dimension 13 of 16 : 0.7079430839248092  | time taken : 86.38626170158386
 Thread 9 estimated dimension 10 of 16 : 0.32755063979621746  | time taken : 256.9415428638458
 Thread 3 estimated dimension 12 of 16 : 0.9923161635350932  | time taken : 55.5069694519043
 Thread 9 estimated dimension 11 of 16 : 0.9904546423332502  | time taken : 25.180946111679077
 Thread 2 estimated dimension 11 of 16 : 0.6619553270822354  | time taken : 142.3458104133606
 Thread 7 estimated dimension 12 of 16 : 0.9912748913870277  | time taken : 55.20202398300171
 Thread 1 estimated dimension 10 of 16 : 0.6899541387572302  | time taken : 84.41487669944763
 Thread 14 estimated dimension 14 of 16 : 0.5337522856252319  | time taken : 171.93617415428162
 Thread 11 estimated dimension 9 of 16 : 0.3855744561802099  | time taken : 195.3411648273468
 Thread 3 estimated dimension 13 of 16 : 0.9905098011306102  | time taken : 29.89045023918152
 Thread 7 estimated dimension 13 of 16 : 1  | time taken : 27.352829933166504
 Thread 13 estimated dimension 10 of 16 : 0.7042806160517281  | time taken : 102.7509491443634
 Thread 9 estimated dimension 12 of 16 : 0.9954099948026374  | time taken : 43.16574215888977
 Thread 5 estimated dimension 12 of 16 : 0.44871584255179897  | time taken : 149.58067798614502
 Thread 9 estimated dimension 13 of 16 : 0.991776209550658  | time taken : 36.11297297477722
 Thread 3 estimated dimension 14 of 16 : 0.9876162117188694  | time taken : 56.190741300582886
 Thread 13 estimated dimension 11 of 16 : 1  | time taken : 52.243818521499634
 Thread 11 estimated dimension 10 of 16 : 1  | time taken : 73.28597021102905
 Thread 5 estimated dimension 13 of 16 : 0.9897034260597325  | time taken : 33.269763708114624
 Thread 12 estimated dimension 10 of 16 : 0.36037619800159054  | time taken : 222.73292446136475
 Thread 12 estimated dimension 11 of 16 : 0.9955928844488243  | time taken : 16.992178678512573
 Thread 1 estimated dimension 11 of 16 : 0.6370661026649693  | time taken : 107.05874156951904
 Thread 10 estimated dimension 10 of 16 : 0.3796076977358743  | time taken : 232.0426094532013
 Thread 13 estimated dimension 12 of 16 : 0.9831124204702381  | time taken : 40.290255308151245
 Thread 8 estimated dimension 8 of 16 : 0.3165565505478535  | time taken : 256.1160213947296
 Thread 6 estimated dimension 14 of 16 : 0.46164756171733307  | time taken : 180.12218832969666
 Thread 4 estimated dimension 10 of 16 : 0.3592974446418149  | time taken : 251.01021671295166
 Thread 11 estimated dimension 11 of 16 : 1  | time taken : 65.44448161125183
 Thread 14 estimated dimension 15 of 16 : 0.4697779640262376  | time taken : 141.25615620613098
 Thread 14 nsolns: 238445
 Thread 1 estimated dimension 12 of 16 : 1  | time taken : 38.874473333358765
 Thread 3 estimated dimension 15 of 16 : 0.5065056651907793  | time taken : 92.39107084274292
 Thread 3 nsolns: 328826
 Thread 1 estimated dimension 13 of 16 : 0.9962342378897452  | time taken : 19.317315101623535
 Thread 13 estimated dimension 13 of 16 : 0.9934551004030852  | time taken : 58.19887161254883
 Thread 2 estimated dimension 12 of 16 : 0.4837271460462232  | time taken : 188.03711438179016
 Thread 10 estimated dimension 11 of 16 : 0.6927285953416699  | time taken : 77.11937594413757
 Thread 6 estimated dimension 15 of 16 : 0.9990180587615944  | time taken : 71.91211867332458
 Thread 6 nsolns: 254117
 Thread 7 estimated dimension 14 of 16 : 0.4686738967168614  | time taken : 186.17148900032043
 Thread 11 estimated dimension 12 of 16 : 1  | time taken : 62.66463899612427
 Thread 9 estimated dimension 14 of 16 : 0.5216589572178747  | time taken : 145.90435123443604
 Thread 3 estimated dimension 0 of 16 : 0.752878473622465  | time taken : 46.24130654335022
 Thread 5 estimated dimension 14 of 16 : 0.506337090531829  | time taken : 140.38623762130737
 Thread 4 estimated dimension 11 of 16 : 0.9954630041366007  | time taken : 100.33363509178162
 Thread 12 estimated dimension 12 of 16 : 0.5239056860780753  | time taken : 139.92742776870728
 Thread 6 estimated dimension 0 of 16 : 0.7973835008944333  | time taken : 49.815428495407104
 Thread 2 estimated dimension 13 of 16 : 1  | time taken : 77.01677322387695
 Thread 11 estimated dimension 13 of 16 : 0.9911747418902214  | time taken : 46.10989809036255
 Thread 3 estimated dimension 1 of 16 : 0.9414650521285973  | time taken : 64.4304358959198
 Thread 7 estimated dimension 15 of 16 : 0.9922792719209504  | time taken : 78.32669687271118
 Thread 7 nsolns: 275060
 Thread 9 estimated dimension 15 of 16 : 0.9845479378456046  | time taken : 75.35010623931885
 Thread 9 nsolns: 249019
 Thread 2 estimated dimension 14 of 16 : 0.9917379324513933  | time taken : 40.85192251205444
 Thread 1 estimated dimension 14 of 16 : 0.4744404567308112  | time taken : 133.04117250442505
 Thread 10 estimated dimension 12 of 16 : 0.5446541555239659  | time taken : 116.43744897842407
 Thread 6 estimated dimension 1 of 16 : 0.9204704053736634  | time taken : 68.4489917755127
 Thread 12 estimated dimension 13 of 16 : 0.9915006528674195  | time taken : 76.74575328826904
 Thread 3 estimated dimension 2 of 16 : 0.7522804400805874  | time taken : 54.51844048500061
 Thread 13 estimated dimension 14 of 16 : 0.48243893923409453  | time taken : 159.72897624969482
 Thread 5 estimated dimension 15 of 16 : 0.9973203436109966  | time taken : 115.30095148086548
 Thread 5 nsolns: 260761
 Thread 4 estimated dimension 12 of 16 : 0.9842166618695758  | time taken : 111.6791124343872
 Thread 8 estimated dimension 9 of 16 : 0.344929383885252  | time taken : 254.79362106323242
 Thread 7 estimated dimension 0 of 16 : 0.6971567463981736  | time taken : 88.81566977500916
 Thread 9 estimated dimension 0 of 16 : 0.6917297722591899  | time taken : 89.07080507278442
 Thread 12 estimated dimension 14 of 16 : 1  | time taken : 55.964256286621094
 Thread 2 estimated dimension 15 of 16 : 0.9992101413284309  | time taken : 89.50555419921875
 Thread 2 nsolns: 259964
 Thread 3 estimated dimension 3 of 16 : 0.7592992537221199  | time taken : 65.9728364944458
 Thread 5 estimated dimension 0 of 16 : 0.7656949687636257  | time taken : 58.58066749572754
 Thread 10 estimated dimension 13 of 16 : 0.9944186234908923  | time taken : 94.22969937324524
 Thread 4 estimated dimension 13 of 16 : 0.9971817938601182  | time taken : 79.72880220413208
 Thread 10 estimated dimension 14 of 16 : 0.9855269667493282  | time taken : 35.90842390060425
 Thread 2 estimated dimension 0 of 16 : 0.8289202037382583  | time taken : 51.6719651222229
 Thread 5 estimated dimension 1 of 16 : 0.9332208046927005  | time taken : 44.65830755233765
 Thread 9 estimated dimension 1 of 16 : 0.9267475313517118  | time taken : 71.56496500968933
 Thread 7 estimated dimension 1 of 16 : 0.9220084711191169  | time taken : 75.77979564666748
 Thread 8 estimated dimension 10 of 16 : 1  | time taken : 79.46684837341309
 Thread 11 estimated dimension 14 of 16 : 0.45492377189800837  | time taken : 199.63548350334167
 Thread 12 estimated dimension 15 of 16 : 0.9865214455302278  | time taken : 88.37118864059448
 Thread 12 nsolns: 273310
 Thread 3 estimated dimension 4 of 16 : 0.6512020191807704  | time taken : 72.198739528656
 Thread 1 estimated dimension 15 of 16 : 0.5114671561538192  | time taken : 171.49787664413452
 Thread 4 estimated dimension 14 of 16 : 1  | time taken : 47.686185359954834
 Thread 1 nsolns: 248746
 Thread 2 estimated dimension 1 of 16 : 0.8993870583124561  | time taken : 41.1939218044281
 Thread 10 estimated dimension 15 of 16 : 1  | time taken : 49.49223971366882
 Thread 10 nsolns: 249173
 Thread 9 estimated dimension 2 of 16 : 0.8061029760680771  | time taken : 45.59519338607788
 Thread 13 estimated dimension 15 of 16 : 0.5351763245437513  | time taken : 160.08480262756348
 Thread 13 nsolns: 250043
 Thread 7 estimated dimension 2 of 16 : 0.6351490600200699  | time taken : 70.7262532711029
 Thread 11 estimated dimension 15 of 16 : 1  | time taken : 71.62129426002502
 Thread 11 nsolns: 262666
 Thread 8 estimated dimension 11 of 16 : 1  | time taken : 77.54364252090454
 Thread 12 estimated dimension 0 of 16 : 0.7903035337568746  | time taken : 60.84679698944092
 Thread 6 estimated dimension 2 of 16 : 0.27183856852065263  | time taken : 214.4036910533905
 Thread 2 estimated dimension 2 of 16 : 0.8274981554625445  | time taken : 54.116451263427734
 Thread 3 estimated dimension 5 of 16 : 0.5358740381192453  | time taken : 72.5916211605072
 Thread 4 estimated dimension 15 of 16 : 0.9871198592813547  | time taken : 73.40588045120239
 Thread 4 nsolns: 266745
 Thread 6 estimated dimension 3 of 16 : 1  | time taken : 26.40700650215149
 Thread 12 estimated dimension 1 of 16 : 0.8835066413776702  | time taken : 45.67634153366089
 Thread 5 estimated dimension 2 of 16 : 0.29849949537801934  | time taken : 155.7571039199829
 Thread 2 estimated dimension 3 of 16 : 0.549684812045155  | time taken : 78.8612232208252
 Thread 8 estimated dimension 12 of 16 : 1  | time taken : 100.49989819526672
 Thread 12 estimated dimension 2 of 16 : 0.7557597278695108  | time taken : 55.311887979507446
 Thread 5 estimated dimension 3 of 16 : 1  | time taken : 41.062662839889526
 Thread 6 estimated dimension 4 of 16 : 0.6865100253938308  | time taken : 91.0335841178894
 Thread 2 estimated dimension 4 of 16 : 0.7961006126765212  | time taken : 63.67154669761658
 Thread 8 estimated dimension 13 of 16 : 0.9740602961042915  | time taken : 48.47185230255127
 Thread 12 estimated dimension 3 of 16 : 0.7298789663517945  | time taken : 70.61445331573486
 Thread 9 estimated dimension 3 of 16 : 0.2944389878928366  | time taken : 214.92779850959778
 Thread 5 estimated dimension 4 of 16 : 0.606725572094094  | time taken : 84.39416456222534
 Thread 10 estimated dimension 0 of 16 : 0.26845355074049765  | time taken : 238.94860458374023
 Thread 8 estimated dimension 14 of 16 : 1  | time taken : 52.7171745300293
 Thread 1 estimated dimension 0 of 16 : 0.27833720383961813  | time taken : 267.77528166770935
 Thread 10 estimated dimension 1 of 16 : 0.9939905266775071  | time taken : 28.85119605064392
 Thread 1 estimated dimension 1 of 16 : 0.9902630135786711  | time taken : 13.654600620269775
 Thread 6 estimated dimension 5 of 16 : 0.5867331294105685  | time taken : 107.44874477386475
 Thread 13 estimated dimension 0 of 16 : 0.28942232849693145  | time taken : 293.61986899375916
 Thread 7 estimated dimension 3 of 16 : 0.3141767802049241  | time taken : 267.21430802345276
 Thread 2 estimated dimension 5 of 16 : 0.5769021577442954  | time taken : 109.8463499546051
 Thread 8 estimated dimension 15 of 16 : 0.9994972067635695  | time taken : 59.38635969161987
 Thread 8 nsolns: 283952
 Thread 12 estimated dimension 4 of 16 : 0.6107525423936474  | time taken : 105.98586750030518
 Thread 13 estimated dimension 1 of 16 : 0.9880145607368623  | time taken : 19.25577998161316
 Thread 9 estimated dimension 4 of 16 : 0.5126732926088258  | time taken : 102.15898036956787
 Thread 3 estimated dimension 6 of 16 : 0.24306630776156699  | time taken : 285.27836084365845
 Thread 5 estimated dimension 5 of 16 : 0.5428916803489982  | time taken : 101.68450546264648
 Thread 11 estimated dimension 0 of 16 : 0.27573467453939676  | time taken : 305.0401334762573
 Thread 3 estimated dimension 7 of 16 : 1  | time taken : 32.59456920623779
 Thread 11 estimated dimension 1 of 16 : 1  | time taken : 40.260963439941406
 Thread 8 estimated dimension 0 of 16 : 0.8026175069023304  | time taken : 78.18524050712585
 Thread 4 estimated dimension 0 of 16 : 0.2189905459819613  | time taken : 342.6399874687195
 Thread 4 estimated dimension 1 of 16 : 1  | time taken : 13.785024881362915
 Thread 8 estimated dimension 1 of 16 : 0.9226778730193  | time taken : 35.196972131729126
 Thread 12 estimated dimension 5 of 16 : 0.5475510405219942  | time taken : 102.82231187820435
 Thread 13 estimated dimension 2 of 16 : 0.5596263203213844  | time taken : 116.38132166862488
 Thread 1 estimated dimension 2 of 16 : 0.4637285059698725  | time taken : 169.96312499046326
 Thread 10 estimated dimension 2 of 16 : 0.45721242260564227  | time taken : 170.8633975982666
 Thread 1 estimated dimension 3 of 16 : 1  | time taken : 16.30458974838257
 Thread 3 estimated dimension 8 of 16 : 0.5694939259865072  | time taken : 87.62872648239136
 Thread 9 estimated dimension 5 of 16 : 0.41416581892087706  | time taken : 138.2321355342865
 Thread 10 estimated dimension 3 of 16 : 1  | time taken : 27.75535774230957
 Thread 13 estimated dimension 3 of 16 : 0.9885771698501603  | time taken : 27.636961460113525
 Thread 8 estimated dimension 2 of 16 : 0.8250875811482438  | time taken : 56.811038970947266
 Thread 12 estimated dimension 6 of 16 : 0.7818677293792177  | time taken : 60.01821970939636
 Thread 9 estimated dimension 6 of 16 : 0.9931152729267135  | time taken : 27.28515863418579
 Thread 1 estimated dimension 4 of 16 : 0.6896872147659324  | time taken : 96.5403892993927
 Thread 10 estimated dimension 4 of 16 : 0.7279848575145319  | time taken : 91.16148686408997
 Thread 7 estimated dimension 4 of 16 : 0.3160255585608996  | time taken : 261.9004924297333
 Thread 11 estimated dimension 2 of 16 : 0.3732148577904723  | time taken : 177.3042540550232
 Thread 4 estimated dimension 2 of 16 : 0.44954586683813014  | time taken : 158.7578375339508
 Thread 13 estimated dimension 4 of 16 : 0.6230217667985903  | time taken : 109.48965716362
 Thread 5 estimated dimension 6 of 16 : 0.2647383895430034  | time taken : 238.78397607803345
 Thread 6 estimated dimension 6 of 16 : 0.2918349184569989  | time taken : 312.11576414108276
 Thread 12 estimated dimension 7 of 16 : 0.499929916780116  | time taken : 101.95402574539185
 Thread 3 estimated dimension 9 of 16 : 0.4838546069919263  | time taken : 133.8180820941925
 Thread 11 estimated dimension 3 of 16 : 1  | time taken : 28.895686149597168
 Thread 5 estimated dimension 7 of 16 : 1  | time taken : 19.14886736869812
 Thread 9 estimated dimension 7 of 16 : 0.5478050284497852  | time taken : 112.11878561973572
 Thread 4 estimated dimension 3 of 16 : 1  | time taken : 28.507226705551147
 Thread 2 estimated dimension 6 of 16 : 0.21694386489728232  | time taken : 318.26173663139343
 Thread 7 estimated dimension 5 of 16 : 0.8035521397648202  | time taken : 55.03743934631348
 Thread 6 estimated dimension 7 of 16 : 1  | time taken : 36.55861210823059
 Thread 2 estimated dimension 7 of 16 : 0.9999460641565242  | time taken : 19.66635298728943
 Thread 1 estimated dimension 5 of 16 : 0.5999155830862696  | time taken : 84.83375406265259
 Thread 8 estimated dimension 3 of 16 : 0.3102091747442578  | time taken : 173.72175121307373
 Thread 7 estimated dimension 6 of 16 : 0.9972661993450014  | time taken : 37.41392159461975
 Thread 10 estimated dimension 5 of 16 : 0.6149550700549382  | time taken : 106.65142273902893
 Thread 4 estimated dimension 4 of 16 : 0.7524414671445709  | time taken : 75.72106599807739
 Thread 7 estimated dimension 7 of 16 : 0.9873853401844228  | time taken : 29.360771417617798
 Thread 12 estimated dimension 8 of 16 : 0.5382266461649126  | time taken : 99.17989659309387
 Thread 3 estimated dimension 10 of 16 : 0.6786163400317041  | time taken : 94.79927468299866
 Thread 5 estimated dimension 8 of 16 : 0.6275175505505086  | time taken : 104.59444069862366
 Thread 5 estimated dimension 9 of 16 : 1  | time taken : 14.52935791015625
 Thread 3 estimated dimension 11 of 16 : 1  | time taken : 33.7633581161499
 Thread 10 estimated dimension 6 of 16 : 0.7531392422992015  | time taken : 82.70920896530151
 Thread 7 estimated dimension 8 of 16 : 0.783808573885442  | time taken : 66.56995058059692
 Thread 8 estimated dimension 4 of 16 : 0.5573632923860569  | time taken : 134.80310535430908
 Thread 4 estimated dimension 5 of 16 : 0.5673012977699303  | time taken : 111.33061957359314
 Thread 13 estimated dimension 5 of 16 : 0.35868668764933903  | time taken : 223.57515716552734
 Thread 13 estimated dimension 6 of 16 : 0.9876138279892539  | time taken : 18.01960563659668
 Thread 10 estimated dimension 7 of 16 : 0.6461180003637272  | time taken : 69.391188621521
 Thread 9 estimated dimension 8 of 16 : 0.40994609522689335  | time taken : 234.2665650844574
 Thread 11 estimated dimension 4 of 16 : 0.30893165487586705  | time taken : 246.15129804611206
 Thread 12 estimated dimension 9 of 16 : 0.3453872203410989  | time taken : 152.99988842010498
 Thread 2 estimated dimension 8 of 16 : 0.39867803600384477  | time taken : 216.10405158996582
 Thread 3 estimated dimension 12 of 16 : 0.5294945727003094  | time taken : 128.15206384658813
 Thread 4 estimated dimension 6 of 16 : 0.7652410989983269  | time taken : 61.59010624885559
 Thread 5 estimated dimension 10 of 16 : 0.4495065459837973  | time taken : 134.83412408828735
 Thread 7 estimated dimension 9 of 16 : 0.4778479024861506  | time taken : 121.21730089187622
 Thread 3 estimated dimension 13 of 16 : 0.9830584862240264  | time taken : 41.63921308517456
 Thread 5 estimated dimension 11 of 16 : 1  | time taken : 38.89148807525635
 Thread 10 estimated dimension 8 of 16 : 0.7109489856384492  | time taken : 78.16305446624756
 Thread 6 estimated dimension 8 of 16 : 0.307625258666359  | time taken : 287.90438175201416
 Thread 11 estimated dimension 5 of 16 : 0.7918310882713774  | time taken : 68.57532000541687
 Thread 10 estimated dimension 9 of 16 : 1  | time taken : 23.83329701423645
 Thread 3 estimated dimension 14 of 16 : 0.9943447614219834  | time taken : 32.845693826675415
 Thread 8 estimated dimension 5 of 16 : 0.5893398136947486  | time taken : 143.09660148620605
 Thread 6 estimated dimension 9 of 16 : 1  | time taken : 28.439677715301514
 Thread 11 estimated dimension 6 of 16 : 0.9969633277391358  | time taken : 27.990081310272217
 Thread 1 estimated dimension 6 of 16 : 0.2212239037011284  | time taken : 300.11383748054504
 Thread 10 estimated dimension 10 of 16 : 0.9852992018365851  | time taken : 26.02295207977295
 Thread 9 estimated dimension 9 of 16 : 0.5518302634561043  | time taken : 117.40297412872314
 Thread 8 estimated dimension 6 of 16 : 1  | time taken : 18.709381103515625
 Thread 7 estimated dimension 10 of 16 : 0.6153893068970316  | time taken : 83.46418905258179
 Thread 11 estimated dimension 7 of 16 : 0.9980503462093737  | time taken : 34.41989874839783
 Thread 13 estimated dimension 7 of 16 : 0.4055824912466742  | time taken : 164.38527631759644
 Thread 1 estimated dimension 7 of 16 : 1  | time taken : 47.8786301612854
 Thread 10 estimated dimension 11 of 16 : 0.9901410096894427  | time taken : 36.49850821495056
 Thread 12 estimated dimension 10 of 16 : 0.4160189594941702  | time taken : 156.18633270263672
 Thread 4 estimated dimension 7 of 16 : 0.42798501890938373  | time taken : 144.9451174736023
 Thread 2 estimated dimension 9 of 16 : 0.5959615596705108  | time taken : 158.4015600681305
 Thread 13 estimated dimension 8 of 16 : 0.997485505547706  | time taken : 33.82783627510071
 Thread 5 estimated dimension 12 of 16 : 0.49917274899294956  | time taken : 135.51258778572083
 Thread 12 estimated dimension 11 of 16 : 0.9923815385572596  | time taken : 35.73651909828186
 Thread 7 estimated dimension 11 of 16 : 0.677205574998548  | time taken : 103.15640759468079
 Thread 4 estimated dimension 8 of 16 : 0.6257797302569154  | time taken : 78.59450435638428
 Thread 11 estimated dimension 8 of 16 : 0.6744642140537039  | time taken : 106.15853595733643
 Thread 6 estimated dimension 10 of 16 : 0.45725671163329396  | time taken : 152.08510041236877
 Thread 1 estimated dimension 8 of 16 : 0.6571481137963475  | time taken : 104.8207528591156
 Thread 3 estimated dimension 15 of 16 : 0.4517730775533281  | time taken : 167.5827760696411
 Thread 10 estimated dimension 12 of 16 : 0.5772617521378338  | time taken : 107.68222069740295
 Thread 3 nsolns: 258733
 Thread 11 estimated dimension 9 of 16 : 0.9961129985803728  | time taken : 22.919076442718506
 Thread 2 estimated dimension 10 of 16 : 0.6747406548044239  | time taken : 99.8018844127655
 Thread 4 estimated dimension 9 of 16 : 1  | time taken : 32.95103645324707
 Thread 8 estimated dimension 7 of 16 : 0.4201355752452589  | time taken : 161.81303334236145
 Thread 10 estimated dimension 13 of 16 : 0.9914494566020156  | time taken : 26.41394543647766
 Thread 6 estimated dimension 11 of 16 : 1  | time taken : 40.59254813194275
 Thread 1 estimated dimension 9 of 16 : 0.9973972527814156  | time taken : 37.120251417160034
 Thread 11 estimated dimension 10 of 16 : 1  | time taken : 29.77341103553772
 Thread 4 estimated dimension 10 of 16 : 0.9828680375667566  | time taken : 26.879262447357178
 Thread 8 estimated dimension 8 of 16 : 0.9947161090316533  | time taken : 28.109327793121338
 Thread 2 estimated dimension 11 of 16 : 1  | time taken : 37.510857820510864
 Thread 12 estimated dimension 12 of 16 : 0.5780690499075315  | time taken : 123.69226002693176
 Thread 4 estimated dimension 11 of 16 : 1  | time taken : 24.872055768966675
 Thread 13 estimated dimension 9 of 16 : 0.39275767044887583  | time taken : 151.70324110984802
 Thread 7 estimated dimension 12 of 16 : 0.5679635115276341  | time taken : 105.29698061943054
 Thread 6 estimated dimension 12 of 16 : 0.9902772632847032  | time taken : 45.23667788505554
 Thread 5 estimated dimension 13 of 16 : 0.4951826829210761  | time taken : 143.2124388217926
 Thread 1 estimated dimension 10 of 16 : 0.9911188770817401  | time taken : 48.23887634277344
 Thread 11 estimated dimension 11 of 16 : 0.7887284134548471  | time taken : 52.50257325172424
 Thread 9 estimated dimension 10 of 16 : 0.33011503254323055  | time taken : 237.02768898010254
 Thread 2 estimated dimension 12 of 16 : 0.9851177464826946  | time taken : 53.6534857749939
 Thread 4 estimated dimension 12 of 16 : 0.9986362327131598  | time taken : 35.36690711975098
 Thread 12 estimated dimension 13 of 16 : 1  | time taken : 46.301183462142944
 Thread 1 estimated dimension 11 of 16 : 0.9997874301292449  | time taken : 41.36395978927612
 Thread 7 estimated dimension 13 of 16 : 0.9973321043431848  | time taken : 55.42786145210266
 Thread 13 estimated dimension 10 of 16 : 0.9899662908355021  | time taken : 58.17600417137146
 Thread 5 estimated dimension 14 of 16 : 1  | time taken : 69.8382396697998
 Thread 8 estimated dimension 9 of 16 : 0.44757051089036004  | time taken : 102.97123742103577
 Thread 10 estimated dimension 14 of 16 : 0.47973593920039403  | time taken : 126.99558162689209
 Thread 4 estimated dimension 13 of 16 : 0.993742951705836  | time taken : 56.55769896507263
 Thread 2 estimated dimension 13 of 16 : 0.9905800008997537  | time taken : 59.9772846698761
 Thread 7 estimated dimension 14 of 16 : 1  | time taken : 54.17897057533264
 Thread 11 estimated dimension 12 of 16 : 0.5285315964033289  | time taken : 102.63239622116089
 Thread 5 estimated dimension 15 of 16 : 0.9886770454623978  | time taken : 57.92441725730896
 Thread 5 nsolns: 267505
 Thread 9 estimated dimension 11 of 16 : 1  | time taken : 118.51932191848755
 Thread 13 estimated dimension 11 of 16 : 0.664248690655775  | time taken : 92.29610300064087
 Thread 1 estimated dimension 12 of 16 : 0.5516776196926493  | time taken : 107.21430850028992
 Thread 12 estimated dimension 14 of 16 : 0.4921665970297873  | time taken : 125.49989461898804
 Thread 2 estimated dimension 14 of 16 : 1  | time taken : 67.67241716384888
 Thread 8 estimated dimension 10 of 16 : 0.6979530557647021  | time taken : 80.78206324577332
 Thread 6 estimated dimension 13 of 16 : 0.4528378676839386  | time taken : 163.52084708213806
 Thread 11 estimated dimension 13 of 16 : 1  | time taken : 48.764827728271484
 Thread 9 estimated dimension 12 of 16 : 1  | time taken : 68.4475371837616
 Thread 1 estimated dimension 13 of 16 : 0.9973373796945741  | time taken : 52.6012544631958
 Thread 10 estimated dimension 15 of 16 : 0.4910786853266954  | time taken : 129.50384187698364
 Thread 10 nsolns: 249386
 Thread 13 estimated dimension 12 of 16 : 1  | time taken : 67.49831438064575
 Thread 12 estimated dimension 15 of 16 : 0.9979918197495335  | time taken : 59.89194202423096
 Thread 12 nsolns: 257011
 Thread 4 estimated dimension 14 of 16 : 0.4987046614246772  | time taken : 132.3880546092987
 Thread 7 estimated dimension 15 of 16 : 0.5238274568289887  | time taken : 127.09545516967773
 Thread 7 nsolns: 257533
 Thread 6 estimated dimension 14 of 16 : 1  | time taken : 74.37918090820312
 Thread 1 estimated dimension 14 of 16 : 1  | time taken : 42.147854804992676
 Thread 6 estimated dimension 15 of 16 : 1  | time taken : 13.088296890258789
 Thread 6 nsolns: 270902
 Thread 13 estimated dimension 13 of 16 : 0.9959769322163052  | time taken : 45.92660593986511
 Thread 8 estimated dimension 11 of 16 : 0.509541944051583  | time taken : 113.98650407791138
 Thread 2 estimated dimension 15 of 16 : 0.4529767206884932  | time taken : 114.5085813999176
 Thread 2 nsolns: 257322
 Thread 11 estimated dimension 14 of 16 : 0.4867475608068294  | time taken : 109.48920464515686
 Thread 9 estimated dimension 13 of 16 : 1  | time taken : 73.04395532608032
 Thread 8 estimated dimension 12 of 16 : 0.9912113698300343  | time taken : 15.224835395812988
 Thread 4 estimated dimension 15 of 16 : 0.5273542988113068  | time taken : 81.07413530349731
 Thread 4 nsolns: 259744
 Thread 1 estimated dimension 15 of 16 : 0.580144882448681  | time taken : 53.253971338272095
 Thread 1 nsolns: 263676
 Thread 8 estimated dimension 13 of 16 : 1  | time taken : 19.887195110321045
 Thread 9 estimated dimension 14 of 16 : 0.9982000552846675  | time taken : 36.474989891052246
 Thread 8 estimated dimension 14 of 16 : 1  | time taken : 17.822092056274414
 Thread 9 estimated dimension 15 of 16 : 1  | time taken : 16.3598415851593
 Thread 9 nsolns: 265886
 Thread 13 estimated dimension 14 of 16 : 0.48618287301067586  | time taken : 79.58515787124634
 Thread 11 estimated dimension 15 of 16 : 0.46821094802713503  | time taken : 67.62955403327942
 Thread 11 nsolns: 266013
 Thread 13 estimated dimension 15 of 16 : 0.9969071789646494  | time taken : 9.362847566604614
 Thread 13 nsolns: 261461
 Thread 8 estimated dimension 15 of 16 : 0.6009129859960367  | time taken : 30.798892498016357
 Thread 8 nsolns: 248120
 estimated weights : [0.0018545106112603862, 0.0037484866052334793, 0.0021195399244080537, 0.0029297898002079614, 0.0033652418505241677, 0.001601782677523652, 0.0025263856132570883, 0.002103222901900306, 0.002067871587903978, 0.0006110183820110133, 0.001452797669707893, 0.0018471080617241055, 0.0019242313635432784, 0.0020886728048670573, 0.002733375488818499, 0.003579507610042229, 0.001675678041435793, 0.0009621110906050526, 0.001819705821979944, 0.0011468161274447468, 0.0014713115698301836, 0.0008172647004097372, 0.002025847691039657, 0.002247444829605627, 0.0026873157409903954, 0.00251415774387245, 0.001692033012856458, 0.0013007721816424855, 0.0015015906013050157, 0.001282150129968118, 0.002485550488587095, 0.0010971164754649985, 0.0014854833609104848, 0.0014794303509864167, 0.0023942264202131682, 0.0022093103689596744, 0.0024254301018060078, 0.0013102058343531723, 0.0015987781705552992, 0.001761063305425731, 0.0024669006387672263]
