numSolutions: 44 k : 2881
5 44 0.08944271909999159 0.0004545454545454546

 Thread 6 estimated dimension 0 of 5 : 0.5599479293891015  | time taken : 71.58382987976074
 Thread 1 estimated dimension 0 of 5 : 0.577200243967779  | time taken : 73.04238629341125
 Thread 3 estimated dimension 0 of 5 : 0.564794955689181  | time taken : 72.89870047569275
 Thread 9 estimated dimension 0 of 5 : 0.5790494893401338  | time taken : 76.312739610672
 Thread 2 estimated dimension 0 of 5 : 0.41225205751063665  | time taken : 87.44782280921936
 Thread 11 estimated dimension 0 of 5 : 0.44265644938259985  | time taken : 88.20634388923645
 Thread 13 estimated dimension 0 of 5 : 0.46669149228242807  | time taken : 90.39051294326782
 Thread 4 estimated dimension 0 of 5 : 0.4152736862233172  | time taken : 95.44627022743225
 Thread 5 estimated dimension 0 of 5 : 0.44209166093311847  | time taken : 96.09333896636963
 Thread 10 estimated dimension 0 of 5 : 0.4499413512853045  | time taken : 97.92927932739258
 Thread 7 estimated dimension 0 of 5 : 0.4152319150906405  | time taken : 99.59010696411133
 Thread 8 estimated dimension 0 of 5 : 0.4365712194084973  | time taken : 105.78253936767578
 Thread 14 estimated dimension 0 of 5 : 0.4514884975671641  | time taken : 107.69454264640808
 Thread 12 estimated dimension 0 of 5 : 0.41403391504521914  | time taken : 119.38031339645386
 Thread 6 estimated dimension 1 of 5 : 0.6410716434496322  | time taken : 65.85676503181458
 Thread 2 estimated dimension 1 of 5 : 0.5733985724186821  | time taken : 75.64074563980103
 Thread 3 estimated dimension 1 of 5 : 0.40637000076566154  | time taken : 91.58504176139832
 Thread 7 estimated dimension 1 of 5 : 0.4601805825250386  | time taken : 68.93125224113464
 Thread 4 estimated dimension 1 of 5 : 0.5378424686392931  | time taken : 73.2172462940216
 Thread 13 estimated dimension 1 of 5 : 0.5339467728449894  | time taken : 78.27078175544739
 Thread 1 estimated dimension 1 of 5 : 0.3863065220331197  | time taken : 97.45307755470276
 Thread 14 estimated dimension 1 of 5 : 0.5230154491071234  | time taken : 63.8778760433197
 Thread 9 estimated dimension 1 of 5 : 0.42907414614323386  | time taken : 98.82946109771729
 Thread 10 estimated dimension 1 of 5 : 0.5438363721295864  | time taken : 76.37276601791382
 Thread 2 estimated dimension 2 of 5 : 0.9831994033648259  | time taken : 10.740070104598999
 Thread 7 estimated dimension 2 of 5 : 0.98139127433897  | time taken : 11.206520318984985
 Thread 5 estimated dimension 1 of 5 : 0.44691792034137723  | time taken : 85.51212239265442
 Thread 1 estimated dimension 2 of 5 : 1  | time taken : 14.399170875549316
 Thread 13 estimated dimension 2 of 5 : 0.9581532655339384  | time taken : 15.066530466079712
 Thread 4 estimated dimension 2 of 5 : 1  | time taken : 16.357545137405396
 Thread 3 estimated dimension 2 of 5 : 0.9979246273989443  | time taken : 18.130046844482422
 Thread 11 estimated dimension 1 of 5 : 0.5040065685649985  | time taken : 95.92746210098267
 Thread 12 estimated dimension 1 of 5 : 0.4837171494219692  | time taken : 68.82304382324219
 Thread 8 estimated dimension 1 of 5 : 0.4640481688396265  | time taken : 82.0756413936615
 Thread 7 estimated dimension 3 of 5 : 1  | time taken : 8.119549751281738
 Thread 10 estimated dimension 2 of 5 : 0.9984223716430382  | time taken : 13.79878282546997
 Thread 9 estimated dimension 2 of 5 : 0.9947883063744476  | time taken : 14.718011379241943
 Thread 14 estimated dimension 2 of 5 : 1  | time taken : 16.672306776046753
 Thread 2 estimated dimension 3 of 5 : 0.9905049809082386  | time taken : 15.353638172149658
 Thread 6 estimated dimension 2 of 5 : 0.6508297486074452  | time taken : 60.84289884567261
 Thread 11 estimated dimension 2 of 5 : 0.9836631251118961  | time taken : 18.445606231689453
 Thread 5 estimated dimension 2 of 5 : 1  | time taken : 22.987820625305176
 Thread 8 estimated dimension 2 of 5 : 0.9931114901009233  | time taken : 22.349272966384888
 Thread 12 estimated dimension 2 of 5 : 1  | time taken : 23.15926218032837
 Thread 13 estimated dimension 3 of 5 : 0.9869205144310819  | time taken : 26.551493644714355
 Thread 10 estimated dimension 3 of 5 : 1  | time taken : 22.856337547302246
 Thread 14 estimated dimension 3 of 5 : 0.993294148179454  | time taken : 21.893656492233276
 Thread 4 estimated dimension 3 of 5 : 1  | time taken : 27.54153275489807
 Thread 5 estimated dimension 3 of 5 : 0.993105436197271  | time taken : 18.306150197982788
 Thread 11 estimated dimension 3 of 5 : 1  | time taken : 18.845393896102905
 Thread 8 estimated dimension 3 of 5 : 1  | time taken : 17.840514659881592
 Thread 12 estimated dimension 3 of 5 : 1  | time taken : 19.474018096923828
 Thread 1 estimated dimension 3 of 5 : 0.5250904697197916  | time taken : 67.74110770225525
 Thread 9 estimated dimension 3 of 5 : 0.5246776057875857  | time taken : 72.89695262908936
 Thread 1 estimated dimension 4 of 5 : 1  | time taken : 10.428893327713013
 Thread 1 nsolns: 23668
 Thread 3 estimated dimension 3 of 5 : 0.4988203733414659  | time taken : 80.44458150863647
 Thread 2 estimated dimension 4 of 5 : 0.5650017737069469  | time taken : 77.12706851959229
 Thread 7 estimated dimension 4 of 5 : 0.5575405180404135  | time taken : 80.20491695404053
 Thread 2 nsolns: 22975
 Thread 7 nsolns: 24122
 Thread 3 estimated dimension 4 of 5 : 0.9829592763118831  | time taken : 11.13602066040039
 Thread 3 nsolns: 23843
 Thread 9 estimated dimension 4 of 5 : 0.9937988992169012  | time taken : 14.058302402496338
 Thread 9 nsolns: 23252
 Thread 6 estimated dimension 3 of 5 : 0.5091711538053498  | time taken : 83.03101134300232
 Thread 4 estimated dimension 4 of 5 : 0.48172081361516844  | time taken : 77.70797514915466
 Thread 4 nsolns: 23763
 Thread 14 estimated dimension 4 of 5 : 0.5103887573955875  | time taken : 80.91121172904968
 Thread 14 nsolns: 23258
 Thread 6 estimated dimension 4 of 5 : 0.9642273805527656  | time taken : 20.531368017196655
 Thread 6 nsolns: 22526
 Thread 12 estimated dimension 4 of 5 : 0.4848863836747388  | time taken : 87.89444160461426
 Thread 12 nsolns: 24499
 Thread 10 estimated dimension 4 of 5 : 0.4930003056143646  | time taken : 111.76350259780884
 Thread 10 nsolns: 23397
 Thread 2 estimated dimension 0 of 5 : 0.5504625229425638  | time taken : 59.6406352519989
 Thread 5 estimated dimension 4 of 5 : 0.5063061681893832  | time taken : 111.00493478775024
 Thread 5 nsolns: 24400
 Thread 13 estimated dimension 4 of 5 : 0.4742928853148719  | time taken : 124.54802227020264
 Thread 11 estimated dimension 4 of 5 : 0.5073891744062029  | time taken : 114.85538935661316
 Thread 8 estimated dimension 4 of 5 : 0.5705798584033208  | time taken : 109.73806095123291
 Thread 13 nsolns: 23482
 Thread 11 nsolns: 23653
 Thread 8 nsolns: 23508
 Thread 1 estimated dimension 0 of 5 : 0.5746576570331989  | time taken : 91.791179895401
 Thread 9 estimated dimension 0 of 5 : 0.5572968829008212  | time taken : 98.86867952346802
 Thread 3 estimated dimension 0 of 5 : 0.5657977418876423  | time taken : 99.47645735740662
 Thread 7 estimated dimension 0 of 5 : 0.4137250998666292  | time taken : 108.08374905586243
 Thread 14 estimated dimension 0 of 5 : 0.5876829130336304  | time taken : 90.99778151512146
 Thread 12 estimated dimension 0 of 5 : 0.5834273862954421  | time taken : 68.92949080467224
 Thread 6 estimated dimension 0 of 5 : 0.5805564318953317  | time taken : 92.12621808052063
 Thread 10 estimated dimension 0 of 5 : 0.584606190417292  | time taken : 86.58100247383118
 Thread 11 estimated dimension 0 of 5 : 0.5909855741115982  | time taken : 81.44884967803955
 Thread 1 estimated dimension 1 of 5 : 0.5860432562570194  | time taken : 77.56235432624817
 Thread 4 estimated dimension 0 of 5 : 0.45685572608375224  | time taken : 153.13435554504395
 Thread 8 estimated dimension 0 of 5 : 0.42445581809736305  | time taken : 104.69611287117004
 Thread 13 estimated dimension 0 of 5 : 0.5858243518274864  | time taken : 105.55770897865295
 Thread 3 estimated dimension 1 of 5 : 0.6065284886643374  | time taken : 79.44047474861145
 Thread 14 estimated dimension 1 of 5 : 0.5866799936451681  | time taken : 70.18979835510254
 Thread 6 estimated dimension 1 of 5 : 0.6228024006846025  | time taken : 65.10568571090698
 Thread 2 estimated dimension 1 of 5 : 0.38084543869349863  | time taken : 132.23339986801147
 Thread 12 estimated dimension 1 of 5 : 0.6214196277056832  | time taken : 79.89033508300781
 Thread 7 estimated dimension 1 of 5 : 0.4920865186349957  | time taken : 90.44224047660828
 Thread 5 estimated dimension 0 of 5 : 0.45169221759417033  | time taken : 134.56140565872192
 Thread 10 estimated dimension 1 of 5 : 0.6005030604215945  | time taken : 62.83996033668518
 Thread 2 estimated dimension 2 of 5 : 1  | time taken : 18.18376350402832
 Thread 7 estimated dimension 2 of 5 : 0.9775998793485163  | time taken : 22.497881412506104
 Thread 7 estimated dimension 3 of 5 : 0.994667164474605  | time taken : 10.571519613265991
 Thread 9 estimated dimension 1 of 5 : 0.3636072419137862  | time taken : 128.47881269454956
 Thread 12 estimated dimension 2 of 5 : 0.6331669212837159  | time taken : 45.38351321220398
 Thread 11 estimated dimension 1 of 5 : 0.4202135348294566  | time taken : 93.0533549785614
 Thread 9 estimated dimension 2 of 5 : 0.977738919432523  | time taken : 10.242615938186646
 Thread 4 estimated dimension 1 of 5 : 0.468981518704258  | time taken : 85.11253666877747
 Thread 8 estimated dimension 1 of 5 : 0.4670580704131796  | time taken : 86.60861825942993
 Thread 11 estimated dimension 2 of 5 : 0.991028703861604  | time taken : 17.925585985183716
 Thread 4 estimated dimension 2 of 5 : 0.9779116197300141  | time taken : 15.777101516723633
 Thread 8 estimated dimension 2 of 5 : 0.9855547740406672  | time taken : 21.571881532669067
 Thread 4 estimated dimension 3 of 5 : 1  | time taken : 11.787508249282837
 Thread 13 estimated dimension 1 of 5 : 0.38323341318423476  | time taken : 119.25627064704895
 Thread 8 estimated dimension 3 of 5 : 1  | time taken : 17.24050211906433
 Thread 5 estimated dimension 1 of 5 : 0.46449206087169664  | time taken : 105.87070417404175
 Thread 7 estimated dimension 4 of 5 : 0.5310967671451478  | time taken : 75.7934992313385
 Thread 7 nsolns: 23822
 Thread 5 estimated dimension 2 of 5 : 1  | time taken : 7.140092372894287
 Thread 13 estimated dimension 2 of 5 : 1  | time taken : 22.254031658172607
 Thread 2 estimated dimension 3 of 5 : 0.5411714755169867  | time taken : 116.63813757896423
 Thread 5 estimated dimension 3 of 5 : 1  | time taken : 21.709500312805176
 Thread 14 estimated dimension 2 of 5 : 0.36057954162085126  | time taken : 161.83703303337097
 Thread 10 estimated dimension 2 of 5 : 0.3705607845447507  | time taken : 149.70599341392517
 Thread 12 estimated dimension 3 of 5 : 0.49516493061809375  | time taken : 115.73751854896545
 Thread 2 estimated dimension 4 of 5 : 1  | time taken : 29.947773694992065
 Thread 1 estimated dimension 2 of 5 : 0.33108617643264193  | time taken : 195.45176792144775
 Thread 2 nsolns: 23664
 Thread 9 estimated dimension 3 of 5 : 0.5117746460250459  | time taken : 123.07876205444336
 Thread 1 estimated dimension 3 of 5 : 0.9920628657960208  | time taken : 8.905556201934814
 Thread 10 estimated dimension 3 of 5 : 1  | time taken : 16.655919313430786
 Thread 3 estimated dimension 2 of 5 : 0.3382550470823225  | time taken : 186.58737897872925
 Thread 14 estimated dimension 3 of 5 : 0.9939206449266238  | time taken : 26.575527667999268
 Thread 11 estimated dimension 3 of 5 : 0.5030927844078231  | time taken : 122.56746244430542
 Thread 7 estimated dimension 0 of 5 : 0.5655425601043391  | time taken : 75.20871043205261
 Thread 6 estimated dimension 2 of 5 : 0.3647726960655127  | time taken : 196.17709064483643
 Thread 12 estimated dimension 4 of 5 : 1  | time taken : 30.387253761291504
 Thread 12 nsolns: 23012
 Thread 1 estimated dimension 4 of 5 : 0.9764440995912361  | time taken : 21.957857131958008
 Thread 1 nsolns: 24335
 Thread 10 estimated dimension 4 of 5 : 0.9827472611394321  | time taken : 24.206222772598267
 Thread 10 nsolns: 23490
 Thread 3 estimated dimension 3 of 5 : 1  | time taken : 24.530244827270508
 Thread 9 estimated dimension 4 of 5 : 0.9909247216873096  | time taken : 31.831621408462524
 Thread 14 estimated dimension 4 of 5 : 1  | time taken : 23.848419666290283
 Thread 9 nsolns: 24475
 Thread 14 nsolns: 23685
 Thread 4 estimated dimension 4 of 5 : 0.48386433075079804  | time taken : 117.06623554229736
 Thread 3 estimated dimension 4 of 5 : 0.9797635487463883  | time taken : 7.412828207015991
 Thread 3 nsolns: 23971
 Thread 4 nsolns: 24072
 Thread 6 estimated dimension 3 of 5 : 0.9954997760852515  | time taken : 21.463492155075073
 Thread 8 estimated dimension 4 of 5 : 0.520030916516322  | time taken : 109.60579109191895
 Thread 8 nsolns: 24183
 Thread 13 estimated dimension 3 of 5 : 0.4824920884380507  | time taken : 97.26736879348755
 Thread 11 estimated dimension 4 of 5 : 0.9949920058913554  | time taken : 30.9216890335083
 Thread 11 nsolns: 23312
 Thread 13 estimated dimension 4 of 5 : 1  | time taken : 17.99673628807068
 Thread 6 estimated dimension 4 of 5 : 1  | time taken : 24.497397661209106
 Thread 6 nsolns: 23317
 Thread 13 nsolns: 24189
 Thread 5 estimated dimension 4 of 5 : 0.5025807615463541  | time taken : 105.94200468063354
 Thread 5 nsolns: 24166
 Thread 12 estimated dimension 0 of 5 : 0.5839762071236799  | time taken : 67.70186066627502
 Thread 10 estimated dimension 0 of 5 : 0.5837571558276731  | time taken : 77.34292149543762
 Thread 4 estimated dimension 0 of 5 : 0.5718112655127412  | time taken : 68.60636401176453
 Thread 2 estimated dimension 0 of 5 : 0.45018647865829997  | time taken : 119.94601964950562
 Thread 1 estimated dimension 0 of 5 : 0.5602327929786821  | time taken : 86.4634759426117
 Thread 9 estimated dimension 0 of 5 : 0.5873964808179434  | time taken : 87.24911093711853
 Thread 3 estimated dimension 0 of 5 : 0.43642248505466236  | time taken : 124.1596667766571
 Thread 8 estimated dimension 0 of 5 : 0.43620451808639155  | time taken : 117.00856614112854
 Thread 13 estimated dimension 0 of 5 : 0.5759657352604386  | time taken : 96.9784049987793
 Thread 5 estimated dimension 0 of 5 : 0.553684949365028  | time taken : 91.93130683898926
 Thread 7 estimated dimension 1 of 5 : 0.38965866599819415  | time taken : 156.96813535690308
 Thread 11 estimated dimension 0 of 5 : 0.43061143827919307  | time taken : 125.41697764396667
 Thread 12 estimated dimension 1 of 5 : 0.5932909012000239  | time taken : 90.64364004135132
 Thread 7 estimated dimension 2 of 5 : 0.9568216952460397  | time taken : 15.243175506591797
 Thread 6 estimated dimension 0 of 5 : 0.42510619567411123  | time taken : 129.17785239219666
 Thread 2 estimated dimension 1 of 5 : 0.5408923267345852  | time taken : 104.6221969127655
 Thread 4 estimated dimension 1 of 5 : 0.6343218259160616  | time taken : 110.27589535713196
 Thread 2 estimated dimension 2 of 5 : 0.9708462050468469  | time taken : 27.62963557243347
 Thread 12 estimated dimension 2 of 5 : 0.6313794885654653  | time taken : 66.75698685646057
 Thread 13 estimated dimension 1 of 5 : 0.6095490894917167  | time taken : 96.31167840957642
 Thread 3 estimated dimension 1 of 5 : 0.4980126138536888  | time taken : 100.15416312217712
 Thread 5 estimated dimension 1 of 5 : 0.5874238892730279  | time taken : 95.71321535110474
 Thread 2 estimated dimension 3 of 5 : 0.9946481078785431  | time taken : 20.221940517425537
 Thread 10 estimated dimension 1 of 5 : 0.3679573575793243  | time taken : 171.4770233631134
 Thread 9 estimated dimension 1 of 5 : 0.3968692424081316  | time taken : 160.55607867240906
 Thread 3 estimated dimension 2 of 5 : 1  | time taken : 20.296924591064453
 Thread 1 estimated dimension 1 of 5 : 0.392502646362255  | time taken : 181.629408121109
 Thread 10 estimated dimension 2 of 5 : 1  | time taken : 16.783340215682983
 Thread 11 estimated dimension 1 of 5 : 0.4549899520858266  | time taken : 123.40667629241943
 Thread 4 estimated dimension 2 of 5 : 0.6326842197149125  | time taken : 84.17127704620361
 Thread 1 estimated dimension 2 of 5 : 1  | time taken : 11.364410638809204
 Thread 3 estimated dimension 3 of 5 : 0.9824227352065145  | time taken : 21.764018297195435
 Thread 9 estimated dimension 2 of 5 : 0.9773779921764668  | time taken : 27.60646390914917
 Thread 6 estimated dimension 1 of 5 : 0.47644106909379036  | time taken : 116.16564536094666
 Thread 11 estimated dimension 2 of 5 : 1  | time taken : 13.368523359298706
 Thread 8 estimated dimension 1 of 5 : 0.5190312684546583  | time taken : 152.31398272514343
 Thread 11 estimated dimension 3 of 5 : 1  | time taken : 16.84717583656311
 Thread 6 estimated dimension 2 of 5 : 1  | time taken : 19.670198917388916
 Thread 8 estimated dimension 2 of 5 : 0.9799210308869711  | time taken : 19.76841926574707
 Thread 7 estimated dimension 3 of 5 : 0.5325180483526811  | time taken : 146.7840883731842
 Thread 13 estimated dimension 2 of 5 : 0.6846292188407357  | time taken : 86.39909744262695
 Thread 6 estimated dimension 3 of 5 : 0.9495075995186633  | time taken : 16.11811113357544
 Thread 8 estimated dimension 3 of 5 : 0.9779839240570984  | time taken : 16.486714839935303
 Thread 7 estimated dimension 4 of 5 : 0.9958036628439564  | time taken : 26.02945828437805
 Thread 7 nsolns: 23902
 Thread 12 estimated dimension 3 of 5 : 0.5073365783927052  | time taken : 128.63871574401855
 Thread 12 estimated dimension 4 of 5 : 1  | time taken : 15.78860354423523
 Thread 2 estimated dimension 4 of 5 : 0.4986019998634958  | time taken : 125.69053363800049
 Thread 2 nsolns: 23378
 Thread 12 nsolns: 22891
 Thread 1 estimated dimension 3 of 5 : 0.5498497588054395  | time taken : 92.84779167175293
 Thread 10 estimated dimension 3 of 5 : 0.4876306577903116  | time taken : 106.6924216747284
 Thread 1 estimated dimension 4 of 5 : 1  | time taken : 22.026192665100098
 Thread 1 nsolns: 23402
 Thread 4 estimated dimension 3 of 5 : 0.4961622492042184  | time taken : 125.00685358047485
 Thread 3 estimated dimension 4 of 5 : 0.5279511132741351  | time taken : 120.64098000526428
 Thread 3 nsolns: 23615
 Thread 9 estimated dimension 3 of 5 : 0.505952394043046  | time taken : 122.85673093795776
 Thread 10 estimated dimension 4 of 5 : 1  | time taken : 30.991777420043945
 Thread 10 nsolns: 24556
 Thread 8 estimated dimension 4 of 5 : 0.48785568567551596  | time taken : 98.74702143669128
 Thread 8 nsolns: 23845
 Thread 4 estimated dimension 4 of 5 : 0.9858485218453404  | time taken : 26.852640628814697
 Thread 4 nsolns: 22597
 Thread 6 estimated dimension 4 of 5 : 0.5184039607492678  | time taken : 108.3758533000946
 Thread 11 estimated dimension 4 of 5 : 0.45453469873996943  | time taken : 128.94466853141785
 Thread 11 nsolns: 25113
 Thread 6 nsolns: 24289
 Thread 9 estimated dimension 4 of 5 : 1  | time taken : 25.76607036590576
 Thread 5 estimated dimension 2 of 5 : 0.31552049508501095  | time taken : 199.95365810394287
 Thread 9 nsolns: 23581
 Thread 13 estimated dimension 3 of 5 : 0.5331742010589188  | time taken : 127.54773902893066
 Thread 5 estimated dimension 3 of 5 : 0.9906394236723052  | time taken : 18.781285524368286
 Thread 13 estimated dimension 4 of 5 : 0.9899108096790649  | time taken : 14.230691194534302
 Thread 13 nsolns: 22116
 Thread 5 estimated dimension 4 of 5 : 0.971731479801662  | time taken : 13.373637437820435
 Thread 5 nsolns: 25048
 estimated weights : [0.11708268744705871, 0.1300671189547337, 0.10455327533033999, 0.11230262253496623, 0.12887531531573712, 0.10759322264913262, 0.11971268847317794, 0.11470038011118791, 0.09711076845338854, 0.12044413322566588, 0.09934560746640446, 0.11176134517574883, 0.11135009214367061, 0.1147975471224513, 0.10513950188327818, 0.11345180562264597, 0.11366843333303477, 0.10801062973803394, 0.12784387747946574, 0.10047579962645564, 0.12356547305364232, 0.1137307695104326, 0.10138133739037025, 0.10160458386285252, 0.12319719791725574, 0.13129802959649672, 0.10832307608106785, 0.10544518751160685, 0.11181207264361748, 0.11724037031474989, 0.1109812176958976, 0.12090803263764387, 0.11273001768466676, 0.10474196350474767, 0.10585170239449804, 0.11224920454903974, 0.08905420071281776, 0.09969500078571909, 0.11527921045456345, 0.1268603654687974, 0.09878790533812017]
