numSolutions: 44 k : 9299
15 44 0.051639777949432225 0.00015151515151515154

 Thread 7 estimated dimension 0 of 15 : 0.8184679458122931  | time taken : 101.73300337791443
 Thread 3 estimated dimension 0 of 15 : 0.6120322078875337  | time taken : 111.95390915870667
 Thread 1 estimated dimension 0 of 15 : 0.8274548464157906  | time taken : 116.70656704902649
 Thread 9 estimated dimension 0 of 15 : 0.8332930321455977  | time taken : 116.89789295196533
 Thread 12 estimated dimension 0 of 15 : 0.6114149192814393  | time taken : 117.6933434009552
 Thread 10 estimated dimension 0 of 15 : 0.6457127924124564  | time taken : 119.54636979103088
 Thread 6 estimated dimension 0 of 15 : 0.8200898818585406  | time taken : 132.2924768924713
 Thread 8 estimated dimension 0 of 15 : 0.6573383472781158  | time taken : 135.24196219444275
 Thread 11 estimated dimension 0 of 15 : 0.6395988178095507  | time taken : 145.14745688438416
 Thread 1 estimated dimension 1 of 15 : 0.7177506360127541  | time taken : 115.96687412261963
 Thread 12 estimated dimension 1 of 15 : 0.48846570476676343  | time taken : 184.39912271499634
 Thread 6 estimated dimension 1 of 15 : 0.39025207800187384  | time taken : 181.8067421913147
 Thread 3 estimated dimension 1 of 15 : 0.40569528206170163  | time taken : 208.14681673049927
 Thread 10 estimated dimension 1 of 15 : 0.43840608432490935  | time taken : 208.74039363861084
 Thread 7 estimated dimension 1 of 15 : 0.34642205368441453  | time taken : 229.2566204071045
 Thread 12 estimated dimension 2 of 15 : 0.8817962349934927  | time taken : 70.09527349472046
 Thread 8 estimated dimension 1 of 15 : 0.43450409591189304  | time taken : 255.94982433319092
 Thread 11 estimated dimension 1 of 15 : 0.6022362480981511  | time taken : 245.98779296875
 Thread 9 estimated dimension 1 of 15 : 0.5334494606542193  | time taken : 275.47381687164307
 Thread 6 estimated dimension 2 of 15 : 0.7711474434388453  | time taken : 91.93604040145874
 Thread 10 estimated dimension 2 of 15 : 0.8264933865852296  | time taken : 98.90446662902832
 Thread 14 estimated dimension 0 of 15 : 0.32220283778978503  | time taken : 471.0110960006714
 Thread 2 estimated dimension 0 of 15 : 0.27864277923010616  | time taken : 483.3332853317261
 Thread 12 estimated dimension 3 of 15 : 0.6026569155679264  | time taken : 110.18281936645508
 Thread 13 estimated dimension 0 of 15 : 0.2162957276886529  | time taken : 494.334774017334
 Thread 3 estimated dimension 2 of 15 : 0.491395739412627  | time taken : 187.11198019981384
 Thread 8 estimated dimension 2 of 15 : 0.550614452845208  | time taken : 159.46967315673828
 Thread 14 estimated dimension 1 of 15 : 0.8290388682492623  | time taken : 84.59497904777527
 Thread 10 estimated dimension 3 of 15 : 0.5201063230971905  | time taken : 132.81853532791138
 Thread 9 estimated dimension 2 of 15 : 0.4468451962389019  | time taken : 173.4701452255249
 Thread 11 estimated dimension 2 of 15 : 0.4968939533703528  | time taken : 178.1789448261261
 Thread 4 estimated dimension 0 of 15 : 0.2063597931477132  | time taken : 575.6259825229645
 Thread 2 estimated dimension 1 of 15 : 0.8565001423023123  | time taken : 91.35609745979309
 Thread 7 estimated dimension 2 of 15 : 0.49944279330502606  | time taken : 246.36173820495605
 Thread 5 estimated dimension 0 of 15 : 0.20936671140251342  | time taken : 585.2584505081177
 Thread 14 estimated dimension 2 of 15 : 1  | time taken : 29.98100233078003
 Thread 6 estimated dimension 3 of 15 : 0.5118354472844209  | time taken : 178.52135562896729
 Thread 2 estimated dimension 2 of 15 : 0.9894612615984743  | time taken : 30.02065658569336
 Thread 14 estimated dimension 3 of 15 : 0.9967427116978974  | time taken : 28.37274146080017
 Thread 14 estimated dimension 4 of 15 : 1  | time taken : 15.276667356491089
 Thread 2 estimated dimension 3 of 15 : 0.9864365695961507  | time taken : 29.587971210479736
 Thread 8 estimated dimension 3 of 15 : 0.812254574914594  | time taken : 100.76042985916138
 Thread 12 estimated dimension 4 of 15 : 0.6901779223786767  | time taken : 163.69770312309265
 Thread 4 estimated dimension 1 of 15 : 0.814789903697811  | time taken : 87.5436646938324
 Thread 14 estimated dimension 5 of 15 : 0.9974515455713727  | time taken : 25.187606811523438
 Thread 2 estimated dimension 4 of 15 : 1  | time taken : 27.051859855651855
 Thread 5 estimated dimension 1 of 15 : 0.7681349897148005  | time taken : 94.20748734474182
 Thread 8 estimated dimension 4 of 15 : 0.9817100689706687  | time taken : 25.461573123931885
 Thread 2 estimated dimension 5 of 15 : 0.9992188924223329  | time taken : 16.859209060668945
 Thread 4 estimated dimension 2 of 15 : 1  | time taken : 24.597842693328857
 Thread 10 estimated dimension 4 of 15 : 0.49697636433812387  | time taken : 137.01938104629517
 Thread 7 estimated dimension 3 of 15 : 0.7942115512513656  | time taken : 120.47829818725586
 Thread 8 estimated dimension 5 of 15 : 0.9978010921063117  | time taken : 28.62352967262268
 Thread 4 estimated dimension 3 of 15 : 0.9940071470467543  | time taken : 27.26679253578186
 Thread 3 estimated dimension 3 of 15 : 0.38483117174407594  | time taken : 212.4731261730194
 Thread 5 estimated dimension 2 of 15 : 0.9872035808979864  | time taken : 47.465790033340454
 Thread 7 estimated dimension 4 of 15 : 0.9920523158361991  | time taken : 28.519537448883057
 Thread 4 estimated dimension 4 of 15 : 1  | time taken : 17.317939519882202
 Thread 8 estimated dimension 6 of 15 : 1  | time taken : 29.942955493927002
 Thread 5 estimated dimension 3 of 15 : 1  | time taken : 13.96519684791565
 Thread 7 estimated dimension 5 of 15 : 0.9971951579759553  | time taken : 16.19404435157776
 Thread 5 estimated dimension 4 of 15 : 0.9885787598808276  | time taken : 21.58260703086853
 Thread 14 estimated dimension 6 of 15 : 0.7858418391868491  | time taken : 101.51107025146484
 Thread 4 estimated dimension 5 of 15 : 1  | time taken : 28.022217750549316
 Thread 9 estimated dimension 3 of 15 : 0.5492610847329201  | time taken : 201.9583125114441
 Thread 7 estimated dimension 6 of 15 : 1  | time taken : 24.61197257041931
 Thread 2 estimated dimension 6 of 15 : 0.8124635953288463  | time taken : 99.5191535949707
 Thread 5 estimated dimension 5 of 15 : 1  | time taken : 33.89480543136597exiting with current heads : 9297 out of 9299 | exp rv: 51629.244817006285

 Thread 1 estimated dimension 2 of 15 : 0.1800917296573997  | time taken : 572.4683513641357
 Thread 8 estimated dimension 7 of 15 : 0.7324828902671954  | time taken : 86.48999214172363
 Thread 11 estimated dimension 3 of 15 : 0.4189284794150987  | time taken : 262.57789850234985
 Thread 4 estimated dimension 6 of 15 : 0.7763952572669667  | time taken : 85.12633419036865
 Thread 6 estimated dimension 4 of 15 : 0.4612516093080794  | time taken : 290.824054479599
 Thread 3 estimated dimension 4 of 15 : 0.5808754465854141  | time taken : 160.08531880378723
 Thread 14 estimated dimension 7 of 15 : 0.5885919493219869  | time taken : 129.6578266620636
 Thread 2 estimated dimension 7 of 15 : 0.6204790082575476  | time taken : 110.35110974311829
 Thread 7 estimated dimension 7 of 15 : 0.5930744746765915  | time taken : 144.5562891960144
 Thread 1 estimated dimension 3 of 15 : 0.7049869820015665  | time taken : 131.9320306777954
 Thread 4 estimated dimension 7 of 15 : 0.6988326650400126  | time taken : 115.12756085395813
 Thread 1 estimated dimension 4 of 15 : 0.997089038020535  | time taken : 43.20405840873718
 Thread 12 estimated dimension 5 of 15 : 0.28751591760853035  | time taken : 331.75520038604736
 Thread 1 estimated dimension 5 of 15 : 1  | time taken : 15.063487768173218
 Thread 8 estimated dimension 8 of 15 : 0.5212980232271899  | time taken : 180.00066423416138
 Thread 9 estimated dimension 4 of 15 : 0.3722197585887518  | time taken : 263.82205867767334
 Thread 11 estimated dimension 4 of 15 : 0.52326684964136  | time taken : 205.21151447296143exiting with current heads : 9296 out of 9299 | exp rv: 46268.69118808796

 Thread 13 estimated dimension 1 of 15 : 0.20095662447425794  | time taken : 551.8910150527954
 Thread 10 estimated dimension 5 of 15 : 0.3212508433620258  | time taken : 346.00175523757935
 Thread 3 estimated dimension 5 of 15 : 0.6106062953904856  | time taken : 161.18812227249146
 Thread 14 estimated dimension 8 of 15 : 0.5587841143604925  | time taken : 150.5108790397644
 Thread 6 estimated dimension 5 of 15 : 0.5573665263312592  | time taken : 183.27469301223755
 Thread 13 estimated dimension 2 of 15 : 0.9891947376838194  | time taken : 31.65866494178772
 Thread 3 estimated dimension 6 of 15 : 1  | time taken : 28.95200276374817
 Thread 2 estimated dimension 8 of 15 : 0.5041674006351343  | time taken : 179.63263463974
 Thread 3 estimated dimension 7 of 15 : 1  | time taken : 48.85163378715515
 Thread 13 estimated dimension 3 of 15 : 0.9926014472532718  | time taken : 51.881757497787476
 Thread 7 estimated dimension 8 of 15 : 0.4986579467851111  | time taken : 207.61168098449707
 Thread 8 estimated dimension 9 of 15 : 0.6685824627189475  | time taken : 149.33446717262268
 Thread 3 estimated dimension 8 of 15 : 0.992301278029751  | time taken : 36.14187216758728
 Thread 13 estimated dimension 4 of 15 : 1  | time taken : 36.10441851615906
 Thread 13 estimated dimension 5 of 15 : 0.9834186577674409  | time taken : 21.61975383758545
 Thread 13 estimated dimension 6 of 15 : 1  | time taken : 18.07057499885559
 Thread 2 estimated dimension 9 of 15 : 0.6995555097943235  | time taken : 135.80789709091187
 Thread 1 estimated dimension 6 of 15 : 0.4256673083603349  | time taken : 219.08481216430664
 Thread 14 estimated dimension 9 of 15 : 0.6582203322514304  | time taken : 173.18921184539795
 Thread 9 estimated dimension 5 of 15 : 0.49152583651816795  | time taken : 207.64239740371704
 Thread 13 estimated dimension 7 of 15 : 0.992847151415801  | time taken : 43.51497483253479
 Thread 4 estimated dimension 8 of 15 : 0.463392081021889  | time taken : 290.29508566856384
 Thread 1 estimated dimension 7 of 15 : 0.9981094873052262  | time taken : 47.725303173065186
 Thread 9 estimated dimension 6 of 15 : 0.992456232001011  | time taken : 28.88626527786255
 Thread 11 estimated dimension 5 of 15 : 0.5288254408199159  | time taken : 239.67843961715698
 Thread 13 estimated dimension 8 of 15 : 0.9924377606209975  | time taken : 23.13306427001953
 Thread 1 estimated dimension 8 of 15 : 0.9941789360508204  | time taken : 17.90106725692749
 Thread 9 estimated dimension 7 of 15 : 0.98920027991736  | time taken : 25.217321634292603
 Thread 11 estimated dimension 6 of 15 : 0.9841209761628185  | time taken : 28.7573299407959
 Thread 13 estimated dimension 9 of 15 : 1  | time taken : 22.6924946308136
 Thread 7 estimated dimension 9 of 15 : 0.6289717705993859  | time taken : 181.2345175743103
 Thread 1 estimated dimension 9 of 15 : 0.9933357731152788  | time taken : 28.710453033447266
 Thread 9 estimated dimension 8 of 15 : 0.9925510095951023  | time taken : 33.734283447265625
 Thread 13 estimated dimension 10 of 15 : 1  | time taken : 25.96901535987854exiting with current heads : 9298 out of 9299 | exp rv: 41581.31188056228

 Thread 5 estimated dimension 6 of 15 : 0.22361006854972437  | time taken : 540.3652696609497
 Thread 11 estimated dimension 7 of 15 : 0.998721946355293  | time taken : 31.42242741584778
 Thread 1 estimated dimension 10 of 15 : 1  | time taken : 25.581438541412354
 Thread 9 estimated dimension 9 of 15 : 0.9970681208927934  | time taken : 14.13819932937622
 Thread 2 estimated dimension 10 of 15 : 0.6643013843161607  | time taken : 140.44825649261475
 Thread 5 estimated dimension 7 of 15 : 0.9984695746844597  | time taken : 16.404909133911133
 Thread 11 estimated dimension 8 of 15 : 1  | time taken : 21.867838621139526
 Thread 4 estimated dimension 9 of 15 : 0.6727181811113645  | time taken : 113.82396411895752
 Thread 5 estimated dimension 8 of 15 : 0.9970915589874848  | time taken : 44.22072458267212
 Thread 11 estimated dimension 9 of 15 : 1  | time taken : 34.19998908042908
 Thread 7 estimated dimension 10 of 15 : 0.6881890335774734  | time taken : 113.42698669433594
 Thread 5 estimated dimension 9 of 15 : 0.9941129344358216  | time taken : 29.89876699447632
 Thread 11 estimated dimension 10 of 15 : 1  | time taken : 37.213990211486816
 Thread 3 estimated dimension 9 of 15 : 0.41207919767155704  | time taken : 281.25658082962036
 Thread 12 estimated dimension 6 of 15 : 0.23443522489440874  | time taken : 475.59125685691833
 Thread 7 estimated dimension 11 of 15 : 1  | time taken : 24.79513645172119
 Thread 6 estimated dimension 6 of 15 : 0.2790044151420199  | time taken : 398.00409173965454
 Thread 5 estimated dimension 10 of 15 : 1  | time taken : 25.095938682556152
 Thread 6 estimated dimension 7 of 15 : 1  | time taken : 15.070087909698486
 Thread 2 estimated dimension 11 of 15 : 0.729209240923223  | time taken : 120.36171054840088
 Thread 8 estimated dimension 10 of 15 : 0.29842865434656707  | time taken : 321.6101989746094
 Thread 1 estimated dimension 11 of 15 : 0.723583145623183  | time taken : 136.93514919281006
 Thread 4 estimated dimension 10 of 15 : 0.6821286174458648  | time taken : 110.12118911743164
 Thread 12 estimated dimension 7 of 15 : 0.9941523053636184  | time taken : 43.05396366119385
 Thread 6 estimated dimension 8 of 15 : 0.9745035189940674  | time taken : 29.21484112739563
 Thread 4 estimated dimension 11 of 15 : 0.9985043461158031  | time taken : 27.04481530189514
 Thread 10 estimated dimension 6 of 15 : 0.26630207499825476  | time taken : 484.9713604450226
 Thread 6 estimated dimension 9 of 15 : 1  | time taken : 23.986457109451294
 Thread 12 estimated dimension 8 of 15 : 1  | time taken : 36.41555833816528
 Thread 14 estimated dimension 10 of 15 : 0.30593054352930954  | time taken : 319.40881395339966
 Thread 10 estimated dimension 7 of 15 : 0.9809110708903741  | time taken : 24.285799264907837
 Thread 11 estimated dimension 11 of 15 : 0.7032894586942239  | time taken : 116.02304363250732
 Thread 9 estimated dimension 10 of 15 : 0.4673912501185969  | time taken : 206.46055722236633
 Thread 5 estimated dimension 11 of 15 : 0.7069393565351999  | time taken : 98.32835221290588
 Thread 6 estimated dimension 10 of 15 : 1  | time taken : 38.732754945755005
 Thread 12 estimated dimension 9 of 15 : 0.9948072076177192  | time taken : 32.679680585861206
 Thread 7 estimated dimension 12 of 15 : 0.6650028581771437  | time taken : 132.56231594085693
 Thread 10 estimated dimension 8 of 15 : 1  | time taken : 47.72129535675049
 Thread 8 estimated dimension 11 of 15 : 0.7008202942585272  | time taken : 125.81437182426453
 Thread 12 estimated dimension 10 of 15 : 1  | time taken : 33.46751165390015
 Thread 2 estimated dimension 12 of 15 : 0.6167777487114489  | time taken : 138.4256579875946
 Thread 10 estimated dimension 9 of 15 : 0.9985366805887258  | time taken : 27.649324417114258
 Thread 10 estimated dimension 10 of 15 : 1  | time taken : 29.6616313457489
 Thread 1 estimated dimension 12 of 15 : 0.5471514032058068  | time taken : 178.33775210380554
 Thread 4 estimated dimension 12 of 15 : 0.6162143339158229  | time taken : 159.9771056175232
 Thread 14 estimated dimension 11 of 15 : 0.7052206408695615  | time taken : 164.19973492622375
 Thread 13 estimated dimension 11 of 15 : 0.27003957891287445  | time taken : 385.0360140800476
 Thread 9 estimated dimension 11 of 15 : 0.6815101587525612  | time taken : 162.40186381340027
 Thread 11 estimated dimension 12 of 15 : 0.6512585287827215  | time taken : 168.75093126296997
 Thread 2 estimated dimension 13 of 15 : 0.7106349130152617  | time taken : 130.00230145454407
 Thread 12 estimated dimension 11 of 15 : 0.6649112731057354  | time taken : 149.095059633255
 Thread 7 estimated dimension 13 of 15 : 0.6639544895370922  | time taken : 176.58564472198486
 Thread 13 estimated dimension 12 of 15 : 0.9952954638375779  | time taken : 52.54976749420166
 Thread 6 estimated dimension 11 of 15 : 0.4112418016915462  | time taken : 210.80607533454895
 Thread 1 estimated dimension 13 of 15 : 0.6942595460847385  | time taken : 131.06260538101196
 Thread 3 estimated dimension 10 of 15 : 0.34250368598858794  | time taken : 352.42504143714905
 Thread 6 estimated dimension 12 of 15 : 0.9849554278006887  | time taken : 25.3107967376709
 Thread 13 estimated dimension 13 of 15 : 0.9939581951577144  | time taken : 38.91340947151184
 Thread 8 estimated dimension 12 of 15 : 0.5328288796503307  | time taken : 226.38014960289001
 Thread 11 estimated dimension 13 of 15 : 0.6714152469979218  | time taken : 111.10478568077087
 Thread 5 estimated dimension 12 of 15 : 0.3496075288191692  | time taken : 284.86117005348206
 Thread 6 estimated dimension 13 of 15 : 0.9909982887858984  | time taken : 46.814839601516724
 Thread 4 estimated dimension 13 of 15 : 0.6891963897412341  | time taken : 209.78909540176392
 Thread 8 estimated dimension 13 of 15 : 1  | time taken : 68.88586711883545
 Thread 14 estimated dimension 12 of 15 : 0.5565585314636922  | time taken : 205.44604182243347
 Thread 9 estimated dimension 12 of 15 : 0.45863732665800305  | time taken : 194.0364227294922
 Thread 8 estimated dimension 14 of 15 : 1  | time taken : 26.19711446762085
 Thread 8 nsolns: 216638
 Thread 14 estimated dimension 13 of 15 : 0.9941988470247738  | time taken : 36.96094346046448
 Thread 12 estimated dimension 12 of 15 : 0.4978992648079295  | time taken : 196.5733780860901
 Thread 9 estimated dimension 13 of 15 : 1  | time taken : 48.570597410202026
 Thread 1 estimated dimension 14 of 15 : 0.46869270960368226  | time taken : 183.0972137451172
 Thread 2 estimated dimension 14 of 15 : 0.4962148117152874  | time taken : 230.90564060211182
 Thread 1 nsolns: 229463
 Thread 2 nsolns: 213322
 Thread 9 estimated dimension 14 of 15 : 1  | time taken : 22.79814338684082
 Thread 10 estimated dimension 11 of 15 : 0.32822762513328585  | time taken : 330.09805059432983
 Thread 9 nsolns: 219913
 Thread 12 estimated dimension 13 of 15 : 0.9970407263291313  | time taken : 35.714763164520264
 Thread 14 estimated dimension 14 of 15 : 1  | time taken : 44.37043619155884
 Thread 14 nsolns: 215240
 Thread 7 estimated dimension 14 of 15 : 0.5237395262226395  | time taken : 233.21402835845947
 Thread 7 nsolns: 213206
 Thread 8 estimated dimension 0 of 15 : 0.6910346921179288  | time taken : 79.56999516487122
 Thread 12 estimated dimension 14 of 15 : 0.9974899816492419  | time taken : 25.396896839141846
 Thread 12 nsolns: 234630
 Thread 3 estimated dimension 11 of 15 : 0.4849570372780564  | time taken : 228.74721360206604
 Thread 11 estimated dimension 14 of 15 : 0.5155393836502645  | time taken : 188.79705476760864
 Thread 11 nsolns: 212201
 Thread 10 estimated dimension 12 of 15 : 1  | time taken : 40.31654405593872
 Thread 13 estimated dimension 14 of 15 : 0.5093022408148987  | time taken : 223.29094409942627
 Thread 13 nsolns: 244498
 Thread 1 estimated dimension 0 of 15 : 0.7654416358671908  | time taken : 64.47067332267761
 Thread 3 estimated dimension 12 of 15 : 1  | time taken : 35.26465702056885
 Thread 6 estimated dimension 14 of 15 : 0.5225528233190434  | time taken : 220.11805129051208
 Thread 6 nsolns: 231424
 Thread 10 estimated dimension 13 of 15 : 0.9892990449448994  | time taken : 52.88828706741333
 Thread 4 estimated dimension 14 of 15 : 0.4702275745633742  | time taken : 202.5316607952118
 Thread 4 nsolns: 223496
 Thread 14 estimated dimension 0 of 15 : 0.827097369092022  | time taken : 94.32680797576904
 Thread 12 estimated dimension 0 of 15 : 0.8005410393894402  | time taken : 75.5664222240448
 Thread 13 estimated dimension 0 of 15 : 0.7644243717792589  | time taken : 63.71027183532715
 Thread 3 estimated dimension 13 of 15 : 1  | time taken : 50.97597646713257
 Thread 11 estimated dimension 0 of 15 : 0.7338134215135054  | time taken : 86.18892431259155
 Thread 6 estimated dimension 0 of 15 : 0.794037580703545  | time taken : 38.279258728027344
 Thread 5 estimated dimension 13 of 15 : 0.37283870741035574  | time taken : 282.42869877815247
 Thread 10 estimated dimension 14 of 15 : 0.9875549749997515  | time taken : 40.270793437957764
 Thread 10 nsolns: 239943
 Thread 4 estimated dimension 0 of 15 : 0.8403989724923523  | time taken : 49.83450794219971
 Thread 1 estimated dimension 1 of 15 : 0.564276778518572  | time taken : 115.74813055992126
 Thread 8 estimated dimension 1 of 15 : 0.5441691390607422  | time taken : 151.63636994361877
 Thread 3 estimated dimension 14 of 15 : 1  | time taken : 75.04932737350464
 Thread 3 nsolns: 237146
 Thread 5 estimated dimension 14 of 15 : 1  | time taken : 69.00082182884216
 Thread 5 nsolns: 246221
 Thread 10 estimated dimension 0 of 15 : 0.6942236698454295  | time taken : 69.68831992149353
 Thread 12 estimated dimension 1 of 15 : 0.48357242201683115  | time taken : 120.00976610183716
 Thread 14 estimated dimension 1 of 15 : 0.5518025596129152  | time taken : 155.18046689033508
 Thread 6 estimated dimension 1 of 15 : 0.5571461126494929  | time taken : 136.28571248054504
 Thread 3 estimated dimension 0 of 15 : 0.8134425213867077  | time taken : 65.70576882362366
 Thread 4 estimated dimension 1 of 15 : 0.6238713951437018  | time taken : 123.58411455154419
 Thread 8 estimated dimension 2 of 15 : 0.5790255747578259  | time taken : 104.82639503479004
 Thread 11 estimated dimension 1 of 15 : 0.4422705602976812  | time taken : 165.07289004325867
 Thread 13 estimated dimension 1 of 15 : 0.4152238123156481  | time taken : 176.64700150489807
 Thread 9 estimated dimension 0 of 15 : 0.22702803473169922  | time taken : 342.92744541168213
 Thread 2 estimated dimension 0 of 15 : 0.23834270911092234  | time taken : 363.89186930656433
 Thread 10 estimated dimension 1 of 15 : 0.5194713099010259  | time taken : 148.0940454006195
 Thread 12 estimated dimension 2 of 15 : 0.3745930568844152  | time taken : 137.63368320465088
 Thread 1 estimated dimension 2 of 15 : 0.42799388294745117  | time taken : 217.48201632499695
 Thread 6 estimated dimension 2 of 15 : 0.571999722618647  | time taken : 130.60165452957153exiting with current heads : 9298 out of 9299 | exp rv: 40662.722577972476

 Thread 7 estimated dimension 0 of 15 : 0.22866152118001187  | time taken : 392.38287806510925
 Thread 9 estimated dimension 1 of 15 : 0.8414425777881311  | time taken : 63.68599843978882
 Thread 2 estimated dimension 1 of 15 : 0.8573869043350223  | time taken : 56.84806966781616
 Thread 14 estimated dimension 2 of 15 : 0.4612574902210739  | time taken : 157.07796669006348
 Thread 9 estimated dimension 2 of 15 : 0.9981718414916956  | time taken : 12.833424091339111
 Thread 11 estimated dimension 2 of 15 : 0.6499245840444055  | time taken : 130.98967123031616
 Thread 2 estimated dimension 2 of 15 : 1  | time taken : 13.196434736251831
 Thread 3 estimated dimension 1 of 15 : 0.4989696868897232  | time taken : 157.02809882164001
 Thread 13 estimated dimension 2 of 15 : 0.4148809148406074  | time taken : 135.0342457294464
 Thread 8 estimated dimension 3 of 15 : 0.46522354815719663  | time taken : 148.67135190963745
 Thread 9 estimated dimension 3 of 15 : 0.9951568931793917  | time taken : 13.491514682769775
 Thread 12 estimated dimension 3 of 15 : 0.7772549303372512  | time taken : 77.36198782920837
 Thread 2 estimated dimension 3 of 15 : 1  | time taken : 26.03790521621704
 Thread 7 estimated dimension 1 of 15 : 0.8418153018368487  | time taken : 49.04412007331848
 Thread 9 estimated dimension 4 of 15 : 1  | time taken : 28.172504425048828
 Thread 4 estimated dimension 2 of 15 : 0.4548700685456569  | time taken : 198.07194209098816
 Thread 7 estimated dimension 2 of 15 : 0.9968048446568684  | time taken : 27.16723346710205
 Thread 2 estimated dimension 4 of 15 : 0.9768858052963615  | time taken : 31.422619581222534
 Thread 10 estimated dimension 2 of 15 : 0.46096558912394225  | time taken : 125.86727833747864
 Thread 9 estimated dimension 5 of 15 : 1  | time taken : 22.774255990982056
 Thread 12 estimated dimension 4 of 15 : 1  | time taken : 44.857030153274536
 Thread 12 estimated dimension 5 of 15 : 0.9877294071112972  | time taken : 16.180199146270752
 Thread 2 estimated dimension 5 of 15 : 1  | time taken : 32.50881004333496
 Thread 7 estimated dimension 3 of 15 : 1  | time taken : 37.417959213256836
 Thread 7 estimated dimension 4 of 15 : 0.9800314993613749  | time taken : 14.225569725036621
 Thread 12 estimated dimension 6 of 15 : 0.9995801394613861  | time taken : 26.934842586517334
 Thread 13 estimated dimension 3 of 15 : 0.54417455239683  | time taken : 110.10865759849548
 Thread 6 estimated dimension 3 of 15 : 0.4084157824381912  | time taken : 145.24863457679749
 Thread 14 estimated dimension 3 of 15 : 0.506215111991831  | time taken : 132.55591869354248
 Thread 7 estimated dimension 5 of 15 : 1  | time taken : 30.58999228477478
 Thread 5 estimated dimension 0 of 15 : 0.24222454896957665  | time taken : 370.8613486289978
 Thread 11 estimated dimension 3 of 15 : 0.4310516817952651  | time taken : 166.38547205924988
 Thread 2 estimated dimension 6 of 15 : 0.7587760235603288  | time taken : 68.97992444038391
 Thread 8 estimated dimension 4 of 15 : 0.3819512856043781  | time taken : 172.87166571617126
 Thread 3 estimated dimension 2 of 15 : 0.5103366686830798  | time taken : 185.89610266685486
 Thread 7 estimated dimension 6 of 15 : 0.8034523376202283  | time taken : 48.87595510482788
 Thread 5 estimated dimension 1 of 15 : 0.8215396056672516  | time taken : 48.09979248046875
 Thread 13 estimated dimension 4 of 15 : 0.7492442840871824  | time taken : 86.15371298789978
 Thread 14 estimated dimension 4 of 15 : 0.7522383262856699  | time taken : 76.69496774673462
 Thread 10 estimated dimension 3 of 15 : 0.4284102036207592  | time taken : 147.19111943244934
 Thread 2 estimated dimension 7 of 15 : 0.7260518038637648  | time taken : 49.56921029090881
 Thread 5 estimated dimension 2 of 15 : 1  | time taken : 18.497533082962036
 Thread 13 estimated dimension 5 of 15 : 0.8749542337804042  | time taken : 36.68730306625366
 Thread 5 estimated dimension 3 of 15 : 0.9922524824607326  | time taken : 26.775310516357422exiting with current heads : 9299 out of 9299 | exp rv: 41663.3909083869

 Thread 1 estimated dimension 3 of 15 : 0.22316954518765056  | time taken : 289.09830689430237
 Thread 13 estimated dimension 6 of 15 : 1  | time taken : 15.636635541915894
 Thread 5 estimated dimension 4 of 15 : 1  | time taken : 8.541378498077393
 Thread 1 estimated dimension 4 of 15 : 0.9910688763611876  | time taken : 8.52889633178711
 Thread 6 estimated dimension 4 of 15 : 0.3762960471939822  | time taken : 141.52244400978088
 Thread 3 estimated dimension 3 of 15 : 0.8299145466300359  | time taken : 73.6296501159668
 Thread 14 estimated dimension 5 of 15 : 0.7878154289012366  | time taken : 64.93672442436218
 Thread 5 estimated dimension 5 of 15 : 0.9827075949784225  | time taken : 21.9222412109375
 Thread 3 estimated dimension 4 of 15 : 0.9896062156503826  | time taken : 14.51487946510315
 Thread 8 estimated dimension 5 of 15 : 0.49358908477422425  | time taken : 101.8096752166748
 Thread 1 estimated dimension 5 of 15 : 1  | time taken : 22.59266996383667
 Thread 13 estimated dimension 7 of 15 : 1  | time taken : 28.88420581817627
 Thread 12 estimated dimension 7 of 15 : 0.33758223938171494  | time taken : 175.27392411231995
 Thread 11 estimated dimension 4 of 15 : 0.47563131093756067  | time taken : 123.12290024757385
 Thread 14 estimated dimension 6 of 15 : 1  | time taken : 26.55910849571228
 Thread 10 estimated dimension 4 of 15 : 0.6243239414900613  | time taken : 88.4487624168396
 Thread 3 estimated dimension 5 of 15 : 0.9989739702307766  | time taken : 28.353176832199097
 Thread 1 estimated dimension 6 of 15 : 0.9978579821366086  | time taken : 32.87820816040039
 Thread 8 estimated dimension 6 of 15 : 1  | time taken : 35.62201237678528
 Thread 2 estimated dimension 8 of 15 : 0.481373658345737  | time taken : 105.48389005661011
 Thread 14 estimated dimension 7 of 15 : 1  | time taken : 28.164857864379883exiting with current heads : 9297 out of 9299 | exp rv: 48171.43909134301

 Thread 9 estimated dimension 6 of 15 : 0.19301893768149772  | time taken : 265.894268989563
 Thread 4 estimated dimension 3 of 15 : 0.20281339896542544  | time taken : 285.78658843040466
 Thread 3 estimated dimension 6 of 15 : 0.9982125896901101  | time taken : 31.38979959487915
 Thread 5 estimated dimension 6 of 15 : 0.791255079103597  | time taken : 73.92775630950928
 Thread 8 estimated dimension 7 of 15 : 1  | time taken : 37.78954815864563
 Thread 4 estimated dimension 4 of 15 : 1  | time taken : 32.25218415260315
 Thread 10 estimated dimension 5 of 15 : 0.6520642680158795  | time taken : 77.08211994171143
 Thread 9 estimated dimension 7 of 15 : 0.9972887117139371  | time taken : 43.39278292655945
 Thread 7 estimated dimension 7 of 15 : 0.25370391397675013  | time taken : 190.9158592224121
 Thread 8 estimated dimension 8 of 15 : 1  | time taken : 29.065927267074585
 Thread 1 estimated dimension 7 of 15 : 0.685841085152432  | time taken : 74.5131528377533
 Thread 4 estimated dimension 5 of 15 : 0.9890251520815911  | time taken : 26.247931480407715
 Thread 10 estimated dimension 6 of 15 : 0.9895240003543159  | time taken : 31.204890727996826
 Thread 9 estimated dimension 8 of 15 : 1  | time taken : 32.378551959991455
 Thread 8 estimated dimension 9 of 15 : 1  | time taken : 26.17325234413147
 Thread 6 estimated dimension 5 of 15 : 0.4709481016841731  | time taken : 153.31006121635437
 Thread 11 estimated dimension 5 of 15 : 0.48799640529330807  | time taken : 135.59797835350037
 Thread 4 estimated dimension 6 of 15 : 1  | time taken : 28.263062477111816
 Thread 10 estimated dimension 7 of 15 : 0.9901865351239797  | time taken : 24.887669324874878
 Thread 5 estimated dimension 7 of 15 : 0.7280109804742667  | time taken : 79.8280463218689
 Thread 1 estimated dimension 8 of 15 : 0.9821744381438899  | time taken : 39.772406578063965
 Thread 9 estimated dimension 9 of 15 : 0.9785150022694161  | time taken : 27.104491710662842
 Thread 3 estimated dimension 7 of 15 : 0.6091619593827363  | time taken : 97.08775877952576
 Thread 7 estimated dimension 8 of 15 : 0.8014065665702854  | time taken : 55.83493709564209
 Thread 13 estimated dimension 8 of 15 : 0.3788429685305309  | time taken : 161.53639101982117
 Thread 2 estimated dimension 9 of 15 : 0.47650453210539584  | time taken : 132.1845154762268
 Thread 11 estimated dimension 6 of 15 : 0.9929525754746397  | time taken : 35.63457775115967
 Thread 6 estimated dimension 6 of 15 : 0.9941652505604963  | time taken : 44.135945558547974
 Thread 8 estimated dimension 10 of 15 : 1  | time taken : 46.500351428985596
 Thread 10 estimated dimension 8 of 15 : 1  | time taken : 36.30561184883118
 Thread 14 estimated dimension 8 of 15 : 0.3503967861600413  | time taken : 145.2318365573883
 Thread 9 estimated dimension 10 of 15 : 0.9992324455775647  | time taken : 39.84088325500488
 Thread 7 estimated dimension 9 of 15 : 1  | time taken : 41.730385541915894
 Thread 4 estimated dimension 7 of 15 : 0.6684890818951666  | time taken : 58.563156843185425
 Thread 12 estimated dimension 8 of 15 : 0.2223313569524245  | time taken : 224.53804540634155
 Thread 6 estimated dimension 7 of 15 : 1  | time taken : 60.164246559143066
 Thread 11 estimated dimension 7 of 15 : 1  | time taken : 61.42549657821655
 Thread 7 estimated dimension 10 of 15 : 0.9922461002582327  | time taken : 39.36819243431091
 Thread 4 estimated dimension 8 of 15 : 1  | time taken : 40.883275508880615
 Thread 3 estimated dimension 8 of 15 : 0.5340631358347989  | time taken : 94.4125018119812
 Thread 13 estimated dimension 9 of 15 : 0.6357297175805227  | time taken : 87.417564868927
 Thread 10 estimated dimension 9 of 15 : 0.661521056089467  | time taken : 64.58465266227722
 Thread 11 estimated dimension 8 of 15 : 1  | time taken : 34.23781418800354
 Thread 5 estimated dimension 8 of 15 : 0.4884789738800984  | time taken : 123.59127569198608
 Thread 8 estimated dimension 11 of 15 : 0.7346129923420284  | time taken : 94.80614709854126
 Thread 6 estimated dimension 8 of 15 : 1  | time taken : 38.03286862373352
 Thread 12 estimated dimension 9 of 15 : 1  | time taken : 53.995999574661255
 Thread 2 estimated dimension 10 of 15 : 0.5600623824911741  | time taken : 113.83049774169922
 Thread 1 estimated dimension 9 of 15 : 0.4960875478355113  | time taken : 151.20992517471313
 Thread 11 estimated dimension 9 of 15 : 1  | time taken : 39.027918577194214
 Thread 6 estimated dimension 9 of 15 : 0.9974285083253217  | time taken : 37.583576917648315
 Thread 13 estimated dimension 10 of 15 : 0.7100352467196381  | time taken : 72.38278770446777
 Thread 12 estimated dimension 10 of 15 : 0.9986114898761245  | time taken : 41.217941999435425
 Thread 3 estimated dimension 9 of 15 : 0.5840993465511819  | time taken : 76.26702976226807
 Thread 7 estimated dimension 11 of 15 : 0.7413821129703504  | time taken : 95.40667366981506
 Thread 4 estimated dimension 9 of 15 : 0.6250437235478736  | time taken : 99.47618055343628
 Thread 10 estimated dimension 10 of 15 : 0.690259123842918  | time taken : 94.27967691421509
 Thread 14 estimated dimension 9 of 15 : 0.3642380296211409  | time taken : 158.14635562896729
 Thread 5 estimated dimension 9 of 15 : 0.7782131671896081  | time taken : 72.81895613670349
 Thread 13 estimated dimension 11 of 15 : 1  | time taken : 53.934730529785156
 Thread 9 estimated dimension 11 of 15 : 0.28072194546872026  | time taken : 184.72368955612183
 Thread 12 estimated dimension 11 of 15 : 0.9829938901405432  | time taken : 75.55046010017395
 Thread 6 estimated dimension 10 of 15 : 0.5356140661338356  | time taken : 87.7353024482727
 Thread 2 estimated dimension 11 of 15 : 0.5208532268508498  | time taken : 121.76733922958374
 Thread 8 estimated dimension 12 of 15 : 0.37760339267241827  | time taken : 132.95768475532532
 Thread 9 estimated dimension 12 of 15 : 0.9893161702043581  | time taken : 35.77850127220154
 Thread 11 estimated dimension 10 of 15 : 0.502901054670991  | time taken : 112.65725636482239
 Thread 5 estimated dimension 10 of 15 : 0.7505337213452022  | time taken : 83.16680192947388
 Thread 4 estimated dimension 10 of 15 : 0.6924550402253153  | time taken : 95.28435111045837
 Thread 12 estimated dimension 12 of 15 : 0.9939891986820365  | time taken : 59.4212064743042
 Thread 13 estimated dimension 12 of 15 : 0.6381580861934544  | time taken : 92.65767121315002
 Thread 9 estimated dimension 13 of 15 : 0.9823932719280414  | time taken : 59.40385985374451
 Thread 2 estimated dimension 12 of 15 : 1  | time taken : 73.77885961532593
 Thread 5 estimated dimension 11 of 15 : 0.9980814477748702  | time taken : 55.043036699295044
 Thread 14 estimated dimension 10 of 15 : 0.49897729452103096  | time taken : 142.65500020980835
 Thread 4 estimated dimension 11 of 15 : 0.9871246635531101  | time taken : 54.03426933288574
 Thread 7 estimated dimension 12 of 15 : 0.4184607525803335  | time taken : 159.58114290237427
 Thread 10 estimated dimension 11 of 15 : 0.5100367782348916  | time taken : 158.19023203849792
 Thread 3 estimated dimension 10 of 15 : 0.2978419853500151  | time taken : 176.88518929481506
 Thread 11 estimated dimension 11 of 15 : 0.696572125807055  | time taken : 79.71538424491882
 Thread 12 estimated dimension 13 of 15 : 0.9990783169843698  | time taken : 48.82951545715332
 Thread 4 estimated dimension 12 of 15 : 1  | time taken : 41.328033208847046
 Thread 1 estimated dimension 10 of 15 : 0.34243718076121815  | time taken : 230.49124431610107
 Thread 2 estimated dimension 13 of 15 : 0.9938880287804557  | time taken : 57.49648690223694
 Thread 13 estimated dimension 13 of 15 : 0.6702481425069553  | time taken : 69.04091835021973
 Thread 14 estimated dimension 11 of 15 : 0.9800392546503889  | time taken : 56.30763649940491
 Thread 10 estimated dimension 12 of 15 : 1  | time taken : 60.71491074562073
 Thread 6 estimated dimension 11 of 15 : 0.3672981094185386  | time taken : 171.6910843849182
 Thread 4 estimated dimension 13 of 15 : 0.9939276884238294  | time taken : 70.15672397613525
 Thread 1 estimated dimension 11 of 15 : 1  | time taken : 70.92334580421448
 Thread 5 estimated dimension 12 of 15 : 0.4478769429561891  | time taken : 128.7169291973114
 Thread 9 estimated dimension 14 of 15 : 0.5142682375871407  | time taken : 146.8915388584137
 Thread 9 nsolns: 244335
 Thread 10 estimated dimension 13 of 15 : 0.9943252835329703  | time taken : 57.756184577941895
 Thread 14 estimated dimension 12 of 15 : 1  | time taken : 97.34932208061218
 Thread 12 estimated dimension 14 of 15 : 0.506823998968081  | time taken : 133.07936334609985
 Thread 12 nsolns: 229389
 Thread 8 estimated dimension 13 of 15 : 0.3350769844604276  | time taken : 241.58145999908447
 Thread 13 estimated dimension 14 of 15 : 0.5670127786392952  | time taken : 122.57831811904907
 Thread 13 nsolns: 222167
 Thread 11 estimated dimension 12 of 15 : 0.5230686645264895  | time taken : 160.08146047592163
 Thread 6 estimated dimension 12 of 15 : 0.9921272585845619  | time taken : 106.34096264839172
 Thread 12 estimated dimension 0 of 15 : 0.8311134873376516  | time taken : 41.9338960647583
 Thread 14 estimated dimension 13 of 15 : 1  | time taken : 56.13940787315369
 Thread 9 estimated dimension 0 of 15 : 0.7039994331291307  | time taken : 86.27401661872864
 Thread 2 estimated dimension 14 of 15 : 0.4918988357742512  | time taken : 171.0728738307953
 Thread 2 nsolns: 222899
 Thread 1 estimated dimension 12 of 15 : 0.9915948705832589  | time taken : 108.22591042518616
 Thread 7 estimated dimension 13 of 15 : 0.3459255112477078  | time taken : 221.23163104057312
 Thread 3 estimated dimension 11 of 15 : 0.33203982460501735  | time taken : 215.02770042419434
 Thread 8 estimated dimension 14 of 15 : 0.9977831094108588  | time taken : 74.69798398017883
 Thread 8 nsolns: 231247
 Thread 11 estimated dimension 13 of 15 : 0.986967930849874  | time taken : 74.93620657920837
 Thread 6 estimated dimension 13 of 15 : 0.9917056156045584  | time taken : 74.40593719482422
 Thread 3 estimated dimension 12 of 15 : 0.9935880213566938  | time taken : 39.41764974594116
 Thread 10 estimated dimension 14 of 15 : 0.5219738542144067  | time taken : 136.23868417739868
 Thread 10 nsolns: 212729
 Thread 2 estimated dimension 0 of 15 : 0.754404832957557  | time taken : 49.60790228843689
 Thread 4 estimated dimension 14 of 15 : 0.4837106203102164  | time taken : 169.6472008228302
 Thread 4 nsolns: 218793
 Thread 8 estimated dimension 0 of 15 : 0.8415425063961227  | time taken : 50.84231495857239
 Thread 11 estimated dimension 14 of 15 : 1  | time taken : 37.71898651123047
 Thread 11 nsolns: 213521
 Thread 1 estimated dimension 13 of 15 : 1  | time taken : 74.62132787704468
 Thread 12 estimated dimension 1 of 15 : 0.5474105783429969  | time taken : 112.65636587142944
 Thread 7 estimated dimension 14 of 15 : 0.9950619294376738  | time taken : 99.81909465789795
 Thread 7 nsolns: 238849
 Thread 6 estimated dimension 14 of 15 : 1  | time taken : 60.63599371910095
 Thread 6 nsolns: 219987
 Thread 4 estimated dimension 0 of 15 : 0.7983476164086586  | time taken : 49.220088481903076
 Thread 5 estimated dimension 13 of 15 : 0.340604630522144  | time taken : 211.14430022239685
 Thread 9 estimated dimension 1 of 15 : 0.3962150982699563  | time taken : 128.5135338306427
 Thread 10 estimated dimension 0 of 15 : 0.7353787930297034  | time taken : 84.53665232658386
 Thread 3 estimated dimension 13 of 15 : 1  | time taken : 91.4449942111969
 Thread 14 estimated dimension 14 of 15 : 0.47174907172663927  | time taken : 152.6918773651123
 Thread 14 nsolns: 228123
 Thread 8 estimated dimension 1 of 15 : 0.5041654866351853  | time taken : 82.98731017112732
 Thread 1 estimated dimension 14 of 15 : 1  | time taken : 72.83066034317017
 Thread 1 nsolns: 224930
 Thread 7 estimated dimension 0 of 15 : 0.6383692309845698  | time taken : 55.40524888038635
 Thread 2 estimated dimension 1 of 15 : 0.5252187569351456  | time taken : 115.02499842643738
 Thread 5 estimated dimension 14 of 15 : 0.9994361138297236  | time taken : 67.51851534843445
 Thread 5 nsolns: 221847
 Thread 3 estimated dimension 14 of 15 : 1  | time taken : 47.266889810562134
 Thread 9 estimated dimension 2 of 15 : 0.569277719878291  | time taken : 60.369850397109985
 Thread 3 nsolns: 222792
 Thread 12 estimated dimension 2 of 15 : 0.3880702824422911  | time taken : 108.88229584693909
 Thread 1 estimated dimension 0 of 15 : 0.7589753367106449  | time taken : 60.08890414237976
 Thread 4 estimated dimension 1 of 15 : 0.5730077287856514  | time taken : 100.07733798027039
 Thread 13 estimated dimension 0 of 15 : 0.26882811125780626  | time taken : 262.77211928367615
 Thread 2 estimated dimension 2 of 15 : 0.6415771966748511  | time taken : 65.09519004821777
 Thread 7 estimated dimension 1 of 15 : 0.6653384729202051  | time taken : 72.04065251350403
 Thread 10 estimated dimension 1 of 15 : 0.5929943931461941  | time taken : 102.77515006065369
 Thread 12 estimated dimension 3 of 15 : 0.8020178369248723  | time taken : 41.59369254112244
 Thread 5 estimated dimension 0 of 15 : 0.7969502775096858  | time taken : 58.025325298309326
 Thread 9 estimated dimension 3 of 15 : 0.6149555429733765  | time taken : 58.368632316589355
 Thread 12 estimated dimension 4 of 15 : 0.9935183518901628  | time taken : 19.562580347061157
 Thread 7 estimated dimension 2 of 15 : 0.8927110302583223  | time taken : 38.73001575469971
 Thread 13 estimated dimension 1 of 15 : 0.8216174289846175  | time taken : 61.09657573699951
 Thread 12 estimated dimension 5 of 15 : 1  | time taken : 33.08481216430664
 Thread 13 estimated dimension 2 of 15 : 0.9954847108938766  | time taken : 20.066213130950928
 Thread 1 estimated dimension 1 of 15 : 0.5399430126038978  | time taken : 88.00226926803589
 Thread 12 estimated dimension 6 of 15 : 0.9939638633977312  | time taken : 8.12717866897583
 Thread 13 estimated dimension 3 of 15 : 0.9941593472930004  | time taken : 15.05420970916748
 Thread 13 estimated dimension 4 of 15 : 1  | time taken : 13.273545980453491
 Thread 10 estimated dimension 2 of 15 : 0.5916321573879284  | time taken : 98.50452423095703exiting with current heads : 9298 out of 9299 | exp rv: 43986.73610825467

 Thread 11 estimated dimension 0 of 15 : 0.21138190333369863  | time taken : 267.5422523021698
 Thread 13 estimated dimension 5 of 15 : 1  | time taken : 9.557814836502075exiting with current heads : 9297 out of 9299 | exp rv: 39382.638339032084

 Thread 6 estimated dimension 0 of 15 : 0.23609388279059923  | time taken : 238.4599416255951
 Thread 2 estimated dimension 3 of 15 : 0.5040411199956465  | time taken : 117.87019276618958
 Thread 5 estimated dimension 1 of 15 : 0.5728121650418495  | time taken : 113.17100048065186
 Thread 7 estimated dimension 3 of 15 : 0.5356098767375763  | time taken : 84.0383722782135
 Thread 4 estimated dimension 2 of 15 : 0.4251043224117818  | time taken : 147.16535592079163
 Thread 12 estimated dimension 7 of 15 : 0.750567107363271  | time taken : 67.16380381584167
 Thread 1 estimated dimension 2 of 15 : 0.4489367401257553  | time taken : 81.23800301551819
 Thread 11 estimated dimension 1 of 15 : 0.8377673663624687  | time taken : 48.51255750656128
 Thread 9 estimated dimension 4 of 15 : 0.3876955009719164  | time taken : 142.1229681968689
 Thread 13 estimated dimension 6 of 15 : 0.7841671316168755  | time taken : 53.14588785171509
 Thread 6 estimated dimension 1 of 15 : 0.8351504836477215  | time taken : 52.071150064468384
 Thread 4 estimated dimension 3 of 15 : 0.7872217341417138  | time taken : 45.98658800125122
 Thread 2 estimated dimension 4 of 15 : 0.8260535187451042  | time taken : 63.520512104034424
 Thread 11 estimated dimension 2 of 15 : 0.9931716040663205  | time taken : 25.53119993209839
 Thread 6 estimated dimension 2 of 15 : 1  | time taken : 25.574063301086426
 Thread 7 estimated dimension 4 of 15 : 0.4753996380921303  | time taken : 68.9435465335846
 Thread 11 estimated dimension 3 of 15 : 1  | time taken : 13.659416675567627
 Thread 4 estimated dimension 4 of 15 : 0.9863315609482773  | time taken : 22.499736070632935
 Thread 6 estimated dimension 3 of 15 : 1  | time taken : 14.045286417007446
 Thread 11 estimated dimension 4 of 15 : 0.99523291072583  | time taken : 14.05227017402649
 Thread 13 estimated dimension 7 of 15 : 0.7654203408345863  | time taken : 49.45470428466797
 Thread 10 estimated dimension 3 of 15 : 0.38100286242290143  | time taken : 106.41481971740723exiting with current heads : 9295 out of 9299 | exp rv: 43721.46741797054

 Thread 8 estimated dimension 2 of 15 : 0.21266440833544178  | time taken : 296.9562885761261
 Thread 4 estimated dimension 5 of 15 : 1  | time taken : 16.409592628479004
 Thread 3 estimated dimension 0 of 15 : 0.2990559954014834  | time taken : 259.55102586746216
 Thread 12 estimated dimension 8 of 15 : 0.5109065328278328  | time taken : 79.5778272151947
 Thread 1 estimated dimension 3 of 15 : 0.6096135942814693  | time taken : 65.36842370033264
 Thread 2 estimated dimension 5 of 15 : 0.823908343765505  | time taken : 37.8771026134491
 Thread 11 estimated dimension 5 of 15 : 0.9893444212351099  | time taken : 16.590434551239014
 Thread 6 estimated dimension 4 of 15 : 0.9883802423834214  | time taken : 17.38647699356079
 Thread 5 estimated dimension 2 of 15 : 0.4919221360320419  | time taken : 106.96093082427979
 Thread 9 estimated dimension 5 of 15 : 0.4161190464104454  | time taken : 75.4451196193695
 Thread 6 estimated dimension 5 of 15 : 1  | time taken : 41.36775541305542
 Thread 4 estimated dimension 6 of 15 : 1  | time taken : 54.990567445755005
 Thread 3 estimated dimension 1 of 15 : 0.8535435088746393  | time taken : 57.646501541137695
 Thread 5 estimated dimension 3 of 15 : 0.8504170194128521  | time taken : 44.003578662872314
 Thread 2 estimated dimension 6 of 15 : 0.9804627201532425  | time taken : 56.412338972091675
 Thread 13 estimated dimension 8 of 15 : 0.62657611871077  | time taken : 66.6339795589447
 Thread 3 estimated dimension 2 of 15 : 0.9967140651593472  | time taken : 17.76166296005249
 Thread 1 estimated dimension 4 of 15 : 0.6369302723501431  | time taken : 77.27347302436829
 Thread 11 estimated dimension 6 of 15 : 0.755275544777858  | time taken : 66.86157631874084
 Thread 10 estimated dimension 4 of 15 : 0.7041116762436594  | time taken : 83.6902186870575
 Thread 12 estimated dimension 9 of 15 : 0.7469497284319022  | time taken : 84.97330570220947
 Thread 9 estimated dimension 6 of 15 : 0.9969027627647454  | time taken : 68.35096597671509
 Thread 5 estimated dimension 4 of 15 : 0.9950494369106854  | time taken : 36.31133437156677
 Thread 2 estimated dimension 7 of 15 : 0.9956980782759598  | time taken : 38.482468605041504
 Thread 3 estimated dimension 3 of 15 : 0.9827754755689916  | time taken : 23.545777797698975
 Thread 6 estimated dimension 6 of 15 : 0.7313555650601792  | time taken : 61.04119634628296
 Thread 4 estimated dimension 7 of 15 : 0.6827176775753483  | time taken : 60.05978775024414
 Thread 5 estimated dimension 5 of 15 : 1  | time taken : 20.854974269866943
 Thread 7 estimated dimension 5 of 15 : 0.27924837713304973  | time taken : 138.05501103401184
 Thread 3 estimated dimension 4 of 15 : 0.9910652678342735  | time taken : 19.95752787590027
 Thread 9 estimated dimension 7 of 15 : 1  | time taken : 38.38334774971008
 Thread 13 estimated dimension 9 of 15 : 0.5028471712565385  | time taken : 77.09491920471191
 Thread 1 estimated dimension 5 of 15 : 0.8438203555366846  | time taken : 61.778234243392944
 Thread 9 estimated dimension 8 of 15 : 1  | time taken : 19.16034698486328
 Thread 11 estimated dimension 7 of 15 : 0.6845638108562223  | time taken : 73.77091026306152
 Thread 5 estimated dimension 6 of 15 : 0.9825694085774123  | time taken : 34.99125528335571
 Thread 10 estimated dimension 5 of 15 : 0.6938842081400467  | time taken : 74.73555874824524
 Thread 12 estimated dimension 10 of 15 : 0.6821621903386906  | time taken : 70.38313794136047
 Thread 3 estimated dimension 5 of 15 : 0.9930584639898629  | time taken : 37.902138471603394
 Thread 8 estimated dimension 3 of 15 : 0.3125590977965203  | time taken : 169.10957074165344
 Thread 9 estimated dimension 9 of 15 : 0.9895767806606666  | time taken : 34.07080125808716
 Thread 4 estimated dimension 8 of 15 : 0.4903676607531376  | time taken : 73.47108864784241
 Thread 10 estimated dimension 6 of 15 : 0.9899729555780287  | time taken : 36.152002573013306
 Thread 12 estimated dimension 11 of 15 : 0.9952380177014584  | time taken : 39.622416496276855
 Thread 1 estimated dimension 6 of 15 : 0.9814923662457824  | time taken : 58.479007720947266
 Thread 10 estimated dimension 7 of 15 : 0.9962558859683636  | time taken : 19.74492335319519
 Thread 2 estimated dimension 8 of 15 : 0.43645510286490136  | time taken : 113.44559955596924
 Thread 3 estimated dimension 6 of 15 : 0.781495563870826  | time taken : 57.935765504837036
 Thread 11 estimated dimension 8 of 15 : 0.5149972106018731  | time taken : 66.52046418190002
 Thread 8 estimated dimension 4 of 15 : 1  | time taken : 54.80980157852173
 Thread 1 estimated dimension 7 of 15 : 1  | time taken : 33.62386512756348
 Thread 13 estimated dimension 10 of 15 : 0.6813759479832634  | time taken : 105.57070469856262
 Thread 6 estimated dimension 7 of 15 : 0.35311424624543974  | time taken : 132.15690636634827
 Thread 5 estimated dimension 7 of 15 : 0.6639317724019727  | time taken : 95.19526791572571
 Thread 4 estimated dimension 9 of 15 : 0.6488488242610636  | time taken : 68.77654981613159
 Thread 10 estimated dimension 8 of 15 : 1  | time taken : 48.62262177467346
 Thread 8 estimated dimension 5 of 15 : 0.9992286009155711  | time taken : 52.9327495098114
 Thread 9 estimated dimension 10 of 15 : 0.5508431944478546  | time taken : 99.77199029922485
 Thread 12 estimated dimension 12 of 15 : 0.46512905301250174  | time taken : 96.50888109207153
 Thread 11 estimated dimension 9 of 15 : 0.6508513957393423  | time taken : 81.74299883842468
 Thread 6 estimated dimension 8 of 15 : 0.7777970977804369  | time taken : 60.04718375205994
 Thread 2 estimated dimension 9 of 15 : 0.6436820365883177  | time taken : 94.33355569839478
 Thread 13 estimated dimension 11 of 15 : 0.7399982480805382  | time taken : 65.26003217697144
 Thread 3 estimated dimension 7 of 15 : 0.6490972942475411  | time taken : 94.49481010437012
 Thread 4 estimated dimension 10 of 15 : 0.6515051626171012  | time taken : 75.3158528804779
 Thread 9 estimated dimension 11 of 15 : 0.690226329647143  | time taken : 64.02937531471252
 Thread 5 estimated dimension 8 of 15 : 0.5019905366755479  | time taken : 109.68613624572754
 Thread 6 estimated dimension 9 of 15 : 1  | time taken : 53.549734115600586
 Thread 10 estimated dimension 9 of 15 : 0.4130268165165602  | time taken : 103.16901707649231exiting with current heads : 9298 out of 9299 | exp rv: 44337.854663005

 Thread 7 estimated dimension 6 of 15 : 0.2097079362695946  | time taken : 257.7809281349182
 Thread 1 estimated dimension 8 of 15 : 0.37291140213132845  | time taken : 144.60944843292236
 Thread 6 estimated dimension 10 of 15 : 1  | time taken : 35.739625215530396
 Thread 3 estimated dimension 8 of 15 : 0.4979577778693706  | time taken : 93.63141417503357
 Thread 4 estimated dimension 11 of 15 : 0.6901235857497944  | time taken : 72.08411002159119
 Thread 7 estimated dimension 7 of 15 : 1  | time taken : 36.30334711074829
 Thread 8 estimated dimension 6 of 15 : 0.3239306660893089  | time taken : 142.69612622261047
 Thread 7 estimated dimension 8 of 15 : 0.9866218627256558  | time taken : 32.58996844291687
 Thread 13 estimated dimension 12 of 15 : 0.4270264734530447  | time taken : 137.7242295742035
 Thread 8 estimated dimension 7 of 15 : 0.9856709044371715  | time taken : 36.58776092529297
 Thread 10 estimated dimension 10 of 15 : 0.613991548718262  | time taken : 93.59139132499695
 Thread 5 estimated dimension 9 of 15 : 0.5169966297169967  | time taken : 98.4745442867279
 Thread 1 estimated dimension 9 of 15 : 0.6588823387579239  | time taken : 83.15319418907166
 Thread 4 estimated dimension 12 of 15 : 0.6587831057045243  | time taken : 65.04874587059021
 Thread 12 estimated dimension 13 of 15 : 0.34376406625526684  | time taken : 183.93295311927795
 Thread 7 estimated dimension 9 of 15 : 0.9978694251406739  | time taken : 31.74688458442688
 Thread 3 estimated dimension 9 of 15 : 0.5466635176671459  | time taken : 73.85130500793457
 Thread 8 estimated dimension 8 of 15 : 1  | time taken : 24.601633548736572
 Thread 6 estimated dimension 11 of 15 : 0.7205532434568186  | time taken : 85.7098958492279
 Thread 11 estimated dimension 10 of 15 : 0.2891869093306478  | time taken : 189.0236358642578
 Thread 2 estimated dimension 10 of 15 : 0.2816566104468562  | time taken : 202.97162008285522
 Thread 9 estimated dimension 12 of 15 : 0.4832467238686586  | time taken : 168.06716108322144
 Thread 5 estimated dimension 10 of 15 : 0.655033236956965  | time taken : 64.469083070755
 Thread 1 estimated dimension 10 of 15 : 0.7297007665349  | time taken : 65.30099534988403
 Thread 7 estimated dimension 10 of 15 : 0.9885144148626775  | time taken : 52.848560094833374
 Thread 12 estimated dimension 14 of 15 : 1  | time taken : 65.6534116268158
 Thread 12 nsolns: 214391
 Thread 2 estimated dimension 11 of 15 : 1  | time taken : 35.34147024154663
 Thread 8 estimated dimension 9 of 15 : 1  | time taken : 67.93845868110657
 Thread 10 estimated dimension 11 of 15 : 0.5162223714798914  | time taken : 94.21928644180298
 Thread 1 estimated dimension 11 of 15 : 0.9779758562195041  | time taken : 32.506990909576416
 Thread 9 estimated dimension 13 of 15 : 0.9874360752348377  | time taken : 52.992979526519775
 Thread 4 estimated dimension 13 of 15 : 0.6855833865580615  | time taken : 95.48405599594116
 Thread 3 estimated dimension 10 of 15 : 0.6600159639042338  | time taken : 93.84499859809875
 Thread 13 estimated dimension 13 of 15 : 0.36315613266266705  | time taken : 134.14979577064514
 Thread 6 estimated dimension 12 of 15 : 0.51258312126454  | time taken : 107.04165768623352
 Thread 8 estimated dimension 10 of 15 : 0.9867257195108183  | time taken : 47.79880905151367
 Thread 13 estimated dimension 14 of 15 : 0.9953840216732478  | time taken : 21.07443594932556
 Thread 13 nsolns: 222519
 Thread 10 estimated dimension 12 of 15 : 0.9939272211130716  | time taken : 59.53973698616028
 Thread 9 estimated dimension 14 of 15 : 1  | time taken : 46.70677852630615
 Thread 9 nsolns: 219181
 Thread 7 estimated dimension 11 of 15 : 0.689005588677773  | time taken : 81.84106516838074
 Thread 8 estimated dimension 11 of 15 : 1  | time taken : 27.46229863166809
 Thread 10 estimated dimension 13 of 15 : 0.9995027102737586  | time taken : 33.99530625343323
 Thread 8 estimated dimension 12 of 15 : 0.9854254299719509  | time taken : 31.812360286712646
 Thread 2 estimated dimension 12 of 15 : 0.5448691548456591  | time taken : 110.22503638267517
 Thread 6 estimated dimension 13 of 15 : 0.6838080875449982  | time taken : 75.72653937339783
 Thread 11 estimated dimension 11 of 15 : 0.31938390058168287  | time taken : 178.75407481193542
 Thread 5 estimated dimension 11 of 15 : 0.29329086392887177  | time taken : 158.49956703186035
 Thread 8 estimated dimension 13 of 15 : 1  | time taken : 26.17764902114868
 Thread 7 estimated dimension 12 of 15 : 0.5676121624155765  | time taken : 71.55464172363281
 Thread 4 estimated dimension 14 of 15 : 0.47558795936266857  | time taken : 118.69808769226074
 Thread 4 nsolns: 211714
 Thread 1 estimated dimension 12 of 15 : 0.40963090749233394  | time taken : 128.02451944351196
 Thread 2 estimated dimension 13 of 15 : 1  | time taken : 44.626184701919556
 Thread 5 estimated dimension 12 of 15 : 0.9938998866914017  | time taken : 23.024520874023438
 Thread 11 estimated dimension 12 of 15 : 1  | time taken : 41.33990168571472
 Thread 3 estimated dimension 11 of 15 : 0.2989638158236416  | time taken : 141.7048463821411
 Thread 10 estimated dimension 14 of 15 : 0.5193480969488609  | time taken : 78.92971730232239
 Thread 10 nsolns: 215101
 Thread 7 estimated dimension 13 of 15 : 0.97421934650264  | time taken : 46.90710759162903
 Thread 5 estimated dimension 13 of 15 : 1  | time taken : 34.72003149986267
 Thread 2 estimated dimension 14 of 15 : 0.9983395205847246  | time taken : 45.8521409034729
 Thread 2 nsolns: 217664
 Thread 3 estimated dimension 12 of 15 : 1  | time taken : 35.90751671791077
 Thread 11 estimated dimension 13 of 15 : 0.9960034384787995  | time taken : 51.28445625305176
 Thread 7 estimated dimension 14 of 15 : 0.9962966693109979  | time taken : 30.3078875541687
 Thread 7 nsolns: 238811
 Thread 6 estimated dimension 14 of 15 : 0.4909138883882401  | time taken : 101.53200888633728
 Thread 6 nsolns: 220940
 Thread 3 estimated dimension 13 of 15 : 0.995773952177922  | time taken : 16.179033279418945
 Thread 8 estimated dimension 14 of 15 : 0.5255923164836414  | time taken : 97.23288011550903
 Thread 8 nsolns: 233511
 Thread 11 estimated dimension 14 of 15 : 0.9900688559467206  | time taken : 25.143627405166626
 Thread 11 nsolns: 240206
 Thread 5 estimated dimension 14 of 15 : 0.4689587347891215  | time taken : 56.020334005355835
 Thread 5 nsolns: 219337
 Thread 1 estimated dimension 13 of 15 : 0.35864796250492736  | time taken : 114.33979868888855
 Thread 3 estimated dimension 14 of 15 : 0.4608818890633752  | time taken : 43.43515706062317
 Thread 3 nsolns: 225107
 Thread 1 estimated dimension 14 of 15 : 0.9851911210232729  | time taken : 12.152137517929077
 Thread 1 nsolns: 228894
 estimated weights : [0.003559781370849722, 0.004063888938572606, 0.004360075982185318, 0.002833141708472912, 0.005393564692524524, 0.0032936082954820945, 0.002404212141365345, 0.003457381983960002, 0.005626706217368667, 0.0018521009723095594, 0.003845007452008009, 0.001625023709590369, 0.0011311310359973063, 0.0032006933096654987, 0.0050112057900892, 0.004126577377712889, 0.0019482991106582934, 0.0035976432711993384, 0.001771095408011402, 0.0034337414508882353, 0.006568718323286822, 0.003789587509969263, 0.0032549865605019522, 0.0035153808345998556, 0.0018594287346822282, 0.004629509282933728, 0.0048528016645139485, 0.0031675636585820287, 0.0043479578325150425, 0.0032174346946356705, 0.0028195468028352757, 0.0031677642387097256, 0.0031991827521845903, 0.0036644332711214616, 0.0020886504071533046, 0.004853483812692904, 0.004598267211919929, 0.0027334538111355396, 0.002880882207989363, 0.0030771774993297064, 0.0015014547033465615]
