numSolutions: 44 k : 9966
16 44 0.05 0.00014204545454545457

 Thread 5 estimated dimension 0 of 16 : 0.5451853598942367  | time taken : 185.03479290008545
 Thread 14 estimated dimension 0 of 16 : 0.4495288905496749  | time taken : 189.20143699645996
 Thread 6 estimated dimension 0 of 16 : 0.5055734376463222  | time taken : 195.49784588813782
 Thread 11 estimated dimension 0 of 16 : 0.5300718263002313  | time taken : 195.54383945465088
 Thread 10 estimated dimension 0 of 16 : 0.5200332132017699  | time taken : 200.71448588371277
 Thread 2 estimated dimension 0 of 16 : 0.5344930592317694  | time taken : 203.07135105133057
 Thread 13 estimated dimension 0 of 16 : 0.6023191550993634  | time taken : 204.89012384414673
 Thread 12 estimated dimension 0 of 16 : 0.47752236704742324  | time taken : 206.03477573394775
 Thread 1 estimated dimension 0 of 16 : 0.5485511800588156  | time taken : 211.13446044921875
 Thread 8 estimated dimension 0 of 16 : 0.44166284364042696  | time taken : 217.33266973495483
 Thread 9 estimated dimension 0 of 16 : 0.5432368547227361  | time taken : 225.27143168449402
 Thread 3 estimated dimension 0 of 16 : 0.5024343793860768  | time taken : 232.8413360118866
 Thread 7 estimated dimension 0 of 16 : 0.4994726162454805  | time taken : 254.16173648834229
 Thread 6 estimated dimension 1 of 16 : 0.8500048176278397  | time taken : 76.34121680259705
 Thread 5 estimated dimension 1 of 16 : 0.8227001403148814  | time taken : 87.50023746490479
 Thread 1 estimated dimension 1 of 16 : 0.8211045232653387  | time taken : 81.27202200889587
 Thread 4 estimated dimension 0 of 16 : 0.47932626763816205  | time taken : 294.9286949634552
 Thread 2 estimated dimension 1 of 16 : 0.8063855720558937  | time taken : 90.32227802276611
 Thread 13 estimated dimension 1 of 16 : 0.8277321152257099  | time taken : 101.53820872306824
 Thread 10 estimated dimension 1 of 16 : 0.8074861403114744  | time taken : 109.2459933757782
 Thread 8 estimated dimension 1 of 16 : 0.6390947078390468  | time taken : 135.4031789302826
 Thread 11 estimated dimension 1 of 16 : 0.6855396638319815  | time taken : 168.43971943855286
 Thread 8 estimated dimension 2 of 16 : 0.9945578302358177  | time taken : 14.537757396697998
 Thread 11 estimated dimension 2 of 16 : 0.9879581832492339  | time taken : 26.104968070983887
 Thread 1 estimated dimension 2 of 16 : 0.7461460171823662  | time taken : 106.12880945205688
 Thread 3 estimated dimension 1 of 16 : 0.632419660029206  | time taken : 170.04552173614502
 Thread 2 estimated dimension 2 of 16 : 0.8167075240579541  | time taken : 109.29327535629272
 Thread 10 estimated dimension 2 of 16 : 0.7921565292287077  | time taken : 98.14031982421875
 Thread 14 estimated dimension 1 of 16 : 0.6070057148764798  | time taken : 229.9214951992035
 Thread 3 estimated dimension 2 of 16 : 0.9994882667003028  | time taken : 36.2361216545105
 Thread 14 estimated dimension 2 of 16 : 0.9928162230593287  | time taken : 20.680408239364624
 Thread 13 estimated dimension 2 of 16 : 0.7842625221851965  | time taken : 143.3389458656311
 Thread 4 estimated dimension 1 of 16 : 0.5989566496278006  | time taken : 205.62600302696228
 Thread 12 estimated dimension 1 of 16 : 0.37295987280783127  | time taken : 300.10458636283875
 Thread 4 estimated dimension 2 of 16 : 0.9914802612033906  | time taken : 22.684744119644165
 Thread 7 estimated dimension 1 of 16 : 0.39809989323077305  | time taken : 297.76081442832947
 Thread 2 estimated dimension 3 of 16 : 0.5611675981794286  | time taken : 170.2715198993683
 Thread 11 estimated dimension 3 of 16 : 0.371858398976746  | time taken : 185.80641412734985
 Thread 1 estimated dimension 3 of 16 : 0.39138466498342944  | time taken : 197.18549919128418
 Thread 10 estimated dimension 3 of 16 : 0.46420319314741315  | time taken : 207.1631395816803
 Thread 4 estimated dimension 3 of 16 : 0.691310819977493  | time taken : 112.43446826934814
 Thread 8 estimated dimension 3 of 16 : 0.5149778492795912  | time taken : 269.24773502349854
 Thread 14 estimated dimension 3 of 16 : 0.37998120415443704  | time taken : 212.9940366744995
 Thread 3 estimated dimension 3 of 16 : 0.37368717367787024  | time taken : 218.82363033294678
 Thread 2 estimated dimension 4 of 16 : 0.875610457219476  | time taken : 82.33658075332642
 Thread 13 estimated dimension 3 of 16 : 0.3834924751198284  | time taken : 217.6379578113556
 Thread 12 estimated dimension 2 of 16 : 0.47778160663907543  | time taken : 174.8579626083374
 Thread 7 estimated dimension 2 of 16 : 0.5777822872569816  | time taken : 143.6013195514679
 Thread 12 estimated dimension 3 of 16 : 0.9958858608725504  | time taken : 24.34617567062378
 Thread 7 estimated dimension 3 of 16 : 1  | time taken : 14.49808931350708
 Thread 6 estimated dimension 2 of 16 : 0.21368827394923512  | time taken : 447.00658345222473
 Thread 4 estimated dimension 4 of 16 : 0.7954860111063891  | time taken : 89.68947243690491exiting with current heads : 9963 out of 9966 | exp rv: 56555.475733057276

 Thread 9 estimated dimension 1 of 16 : 0.1761986769775389  | time taken : 518.2157781124115
 Thread 1 estimated dimension 4 of 16 : 0.49831842112135016  | time taken : 143.9472417831421
 Thread 14 estimated dimension 4 of 16 : 0.7110434992589656  | time taken : 86.43803310394287
 Thread 6 estimated dimension 3 of 16 : 0.9925237204499073  | time taken : 26.992417812347412
 Thread 11 estimated dimension 4 of 16 : 0.6282206845050324  | time taken : 171.58286333084106
 Thread 5 estimated dimension 2 of 16 : 0.221757395145337  | time taken : 484.31203031539917
 Thread 9 estimated dimension 2 of 16 : 0.9985171311177296  | time taken : 15.59510588645935
 Thread 2 estimated dimension 5 of 16 : 0.7933892241120701  | time taken : 99.8790693283081
 Thread 5 estimated dimension 3 of 16 : 1  | time taken : 18.029720306396484
 Thread 10 estimated dimension 4 of 16 : 0.38202085969584854  | time taken : 177.30541968345642
 Thread 9 estimated dimension 3 of 16 : 0.9972641323355986  | time taken : 37.17162322998047
 Thread 3 estimated dimension 4 of 16 : 0.5470700988063554  | time taken : 150.2325508594513
 Thread 8 estimated dimension 4 of 16 : 0.4146799202012849  | time taken : 170.71986198425293
 Thread 13 estimated dimension 4 of 16 : 0.5371647967647242  | time taken : 146.96978878974915
 Thread 4 estimated dimension 5 of 16 : 0.8055755867822516  | time taken : 92.95644021034241
 Thread 6 estimated dimension 4 of 16 : 0.8189286946680865  | time taken : 114.28449773788452
 Thread 2 estimated dimension 6 of 16 : 0.7449973291646012  | time taken : 118.17057013511658
 Thread 9 estimated dimension 4 of 16 : 0.601125348035904  | time taken : 114.92207145690918
 Thread 1 estimated dimension 5 of 16 : 0.5489721894529354  | time taken : 174.8682005405426
 Thread 10 estimated dimension 5 of 16 : 0.62179501909965  | time taken : 122.97267365455627
 Thread 4 estimated dimension 6 of 16 : 0.8014770232990794  | time taken : 100.54721689224243
 Thread 14 estimated dimension 5 of 16 : 0.7086419899474454  | time taken : 184.31807136535645
 Thread 11 estimated dimension 5 of 16 : 0.5228300006898952  | time taken : 178.74172735214233
 Thread 13 estimated dimension 5 of 16 : 0.6027646567074073  | time taken : 152.1728391647339
 Thread 3 estimated dimension 5 of 16 : 0.5164832400707273  | time taken : 182.03056025505066
 Thread 8 estimated dimension 5 of 16 : 0.46260009206887565  | time taken : 193.9791362285614
 Thread 7 estimated dimension 4 of 16 : 0.3243087502514955  | time taken : 295.0686790943146
 Thread 9 estimated dimension 5 of 16 : 0.7232433770091524  | time taken : 115.72945523262024
 Thread 12 estimated dimension 4 of 16 : 0.3047465901811508  | time taken : 361.6029727458954
 Thread 13 estimated dimension 6 of 16 : 0.6406221651518518  | time taken : 143.90753746032715
 Thread 11 estimated dimension 6 of 16 : 0.5316345076651308  | time taken : 202.10742092132568
 Thread 11 estimated dimension 7 of 16 : 1  | time taken : 24.923779726028442
 Thread 7 estimated dimension 5 of 16 : 0.6479867889764078  | time taken : 159.8460111618042
 Thread 5 estimated dimension 4 of 16 : 0.35294065939353053  | time taken : 394.6344540119171
 Thread 10 estimated dimension 6 of 16 : 0.4082059314630228  | time taken : 250.53732633590698
 Thread 8 estimated dimension 6 of 16 : 0.6125253456018078  | time taken : 169.5870087146759
 Thread 1 estimated dimension 6 of 16 : 0.4382946480280267  | time taken : 265.8186023235321
 Thread 3 estimated dimension 6 of 16 : 0.5806646200524527  | time taken : 195.2528533935547
 Thread 12 estimated dimension 5 of 16 : 0.6107824335550772  | time taken : 144.8774425983429
 Thread 14 estimated dimension 6 of 16 : 0.3622477804265122  | time taken : 294.7704029083252
 Thread 2 estimated dimension 7 of 16 : 0.26546512732336275  | time taken : 342.8126440048218
 Thread 6 estimated dimension 5 of 16 : 0.25698752521108703  | time taken : 387.17243003845215
 Thread 14 estimated dimension 7 of 16 : 0.983091268255306  | time taken : 26.11865997314453
 Thread 4 estimated dimension 7 of 16 : 0.3431522722915577  | time taken : 347.44108033180237
 Thread 13 estimated dimension 7 of 16 : 0.6398169825729872  | time taken : 175.67997217178345
 Thread 14 estimated dimension 8 of 16 : 0.9842473273713225  | time taken : 41.7553927898407
 Thread 11 estimated dimension 8 of 16 : 0.6266894313588786  | time taken : 138.75149083137512
 Thread 7 estimated dimension 6 of 16 : 0.5900550996688418  | time taken : 175.57232427597046
 Thread 7 estimated dimension 7 of 16 : 1  | time taken : 28.32625460624695
 Thread 5 estimated dimension 5 of 16 : 0.4437973404580316  | time taken : 232.33502221107483
 Thread 10 estimated dimension 7 of 16 : 0.3551016146513527  | time taken : 232.52970910072327
 Thread 6 estimated dimension 6 of 16 : 0.5631613907687381  | time taken : 164.06244277954102
 Thread 7 estimated dimension 8 of 16 : 0.9961910319599394  | time taken : 39.73775863647461
 Thread 13 estimated dimension 8 of 16 : 0.7405698202697554  | time taken : 130.34191799163818
 Thread 11 estimated dimension 9 of 16 : 0.5932367248601726  | time taken : 136.43369436264038
 Thread 7 estimated dimension 9 of 16 : 0.9992224892638619  | time taken : 17.902767658233643
 Thread 6 estimated dimension 7 of 16 : 0.9907593282298467  | time taken : 25.85687518119812
 Thread 8 estimated dimension 7 of 16 : 0.4721169466270386  | time taken : 270.55340576171875
 Thread 1 estimated dimension 7 of 16 : 0.3661262485176442  | time taken : 272.52642822265625
 Thread 7 estimated dimension 10 of 16 : 1  | time taken : 28.834336042404175
 Thread 6 estimated dimension 8 of 16 : 0.9837594189839385  | time taken : 25.342499017715454
 Thread 4 estimated dimension 8 of 16 : 0.4790331938652688  | time taken : 199.93398880958557
 Thread 12 estimated dimension 6 of 16 : 0.39393487142787753  | time taken : 262.4900896549225
 Thread 12 estimated dimension 7 of 16 : 1  | time taken : 29.887215852737427
 Thread 3 estimated dimension 7 of 16 : 0.3425447578201932  | time taken : 323.5110516548157
 Thread 14 estimated dimension 9 of 16 : 0.43919016224615487  | time taken : 219.31100964546204
 Thread 2 estimated dimension 8 of 16 : 0.387269932720115  | time taken : 295.5727219581604
 Thread 12 estimated dimension 8 of 16 : 1  | time taken : 15.662158250808716
 Thread 6 estimated dimension 9 of 16 : 1  | time taken : 59.61238884925842
 Thread 13 estimated dimension 9 of 16 : 0.7432249665567843  | time taken : 113.23353004455566
 Thread 10 estimated dimension 8 of 16 : 0.7173398753760237  | time taken : 148.28986144065857
 Thread 12 estimated dimension 9 of 16 : 0.9883661466017394  | time taken : 31.05488896369934
 Thread 13 estimated dimension 10 of 16 : 1  | time taken : 22.779645681381226exiting with current heads : 9965 out of 9966 | exp rv: 44590.88406110846

 Thread 9 estimated dimension 6 of 16 : 0.2234761702939936  | time taken : 548.261084318161
 Thread 10 estimated dimension 9 of 16 : 1  | time taken : 27.6664879322052
 Thread 12 estimated dimension 10 of 16 : 0.9966481368147228  | time taken : 25.974425315856934
 Thread 13 estimated dimension 11 of 16 : 0.9884492284445444  | time taken : 24.62135338783264
 Thread 10 estimated dimension 10 of 16 : 0.9899008343787914  | time taken : 13.079342126846313
 Thread 7 estimated dimension 11 of 16 : 0.6472480332561154  | time taken : 127.01597046852112
 Thread 11 estimated dimension 10 of 16 : 0.555969268631719  | time taken : 164.30557227134705
 Thread 8 estimated dimension 8 of 16 : 0.5580727175590908  | time taken : 158.51803588867188
 Thread 9 estimated dimension 7 of 16 : 1  | time taken : 37.17848491668701
 Thread 13 estimated dimension 12 of 16 : 1  | time taken : 37.82076048851013
 Thread 9 estimated dimension 8 of 16 : 0.9993265929229912  | time taken : 19.79647707939148
 Thread 10 estimated dimension 11 of 16 : 1  | time taken : 40.78155064582825
 Thread 11 estimated dimension 11 of 16 : 1  | time taken : 42.29727268218994
 Thread 3 estimated dimension 8 of 16 : 0.55055046159983  | time taken : 137.9853949546814
 Thread 5 estimated dimension 6 of 16 : 0.4386247968852647  | time taken : 248.0862214565277
 Thread 4 estimated dimension 9 of 16 : 0.5432862695187209  | time taken : 189.96657943725586
 Thread 5 estimated dimension 7 of 16 : 1  | time taken : 19.11145257949829
 Thread 6 estimated dimension 10 of 16 : 0.5815076480342847  | time taken : 145.48201942443848
 Thread 9 estimated dimension 9 of 16 : 0.9972373402519836  | time taken : 51.179429054260254
 Thread 14 estimated dimension 10 of 16 : 0.49945310664195014  | time taken : 192.98701763153076
 Thread 11 estimated dimension 12 of 16 : 1  | time taken : 62.011953830718994
 Thread 5 estimated dimension 8 of 16 : 0.9945128262887722  | time taken : 38.15724802017212
 Thread 4 estimated dimension 10 of 16 : 0.9961873677488398  | time taken : 48.23777389526367
 Thread 2 estimated dimension 9 of 16 : 0.536271019566461  | time taken : 206.50477838516235
 Thread 6 estimated dimension 11 of 16 : 0.9971856555953246  | time taken : 65.5572259426117
 Thread 5 estimated dimension 9 of 16 : 1  | time taken : 34.096527338027954
 Thread 2 estimated dimension 10 of 16 : 1  | time taken : 36.38654136657715
 Thread 8 estimated dimension 9 of 16 : 0.7306805745874327  | time taken : 158.74277687072754
 Thread 11 estimated dimension 13 of 16 : 0.9898384111900885  | time taken : 59.502453565597534
 Thread 5 estimated dimension 10 of 16 : 0.9882949638987834  | time taken : 34.81357717514038
 Thread 13 estimated dimension 13 of 16 : 0.5694293074571866  | time taken : 165.48431968688965
 Thread 2 estimated dimension 11 of 16 : 1  | time taken : 36.495774030685425
 Thread 8 estimated dimension 10 of 16 : 1  | time taken : 33.32658076286316
 Thread 12 estimated dimension 11 of 16 : 0.4942112944126137  | time taken : 213.94721031188965
 Thread 11 estimated dimension 14 of 16 : 1  | time taken : 47.77607536315918
 Thread 5 estimated dimension 11 of 16 : 1  | time taken : 41.3465690612793
 Thread 8 estimated dimension 11 of 16 : 1  | time taken : 29.800655126571655
 Thread 2 estimated dimension 12 of 16 : 0.9882011526631761  | time taken : 30.40551519393921
 Thread 14 estimated dimension 11 of 16 : 0.6799933811590873  | time taken : 137.82087802886963
 Thread 10 estimated dimension 12 of 16 : 0.47267074830758243  | time taken : 211.4378731250763
 Thread 12 estimated dimension 12 of 16 : 1  | time taken : 53.3359272480011
 Thread 9 estimated dimension 10 of 16 : 0.5436639953093901  | time taken : 165.74234342575073
 Thread 1 estimated dimension 8 of 16 : 0.3274558112006771  | time taken : 409.0122697353363
 Thread 8 estimated dimension 12 of 16 : 0.9938038729604807  | time taken : 28.866007328033447
 Thread 4 estimated dimension 11 of 16 : 0.5487969642886407  | time taken : 151.64326286315918
 Thread 14 estimated dimension 12 of 16 : 0.9946353735508954  | time taken : 43.597795486450195
 Thread 7 estimated dimension 12 of 16 : 0.34103712320055907  | time taken : 294.62920093536377
 Thread 1 estimated dimension 9 of 16 : 1  | time taken : 36.90684223175049
 Thread 12 estimated dimension 13 of 16 : 1  | time taken : 48.261287450790405
 Thread 13 estimated dimension 14 of 16 : 0.6778931683135171  | time taken : 136.28771662712097
 Thread 3 estimated dimension 9 of 16 : 0.2752564781256744  | time taken : 287.62815260887146
 Thread 1 estimated dimension 10 of 16 : 1  | time taken : 39.50459027290344
 Thread 7 estimated dimension 13 of 16 : 1  | time taken : 51.44921684265137
 Thread 2 estimated dimension 13 of 16 : 0.6511350779967151  | time taken : 123.27513289451599
 Thread 3 estimated dimension 10 of 16 : 1  | time taken : 25.04113221168518
 Thread 1 estimated dimension 11 of 16 : 1  | time taken : 39.22174286842346
 Thread 9 estimated dimension 11 of 16 : 0.6995710922774131  | time taken : 126.24835276603699
 Thread 7 estimated dimension 14 of 16 : 1  | time taken : 48.606889963150024
 Thread 8 estimated dimension 13 of 16 : 0.6094514313579934  | time taken : 132.27711462974548
 Thread 11 estimated dimension 15 of 16 : 0.5215784305957375  | time taken : 181.06017208099365
 Thread 11 nsolns: 242819
 Thread 3 estimated dimension 11 of 16 : 1  | time taken : 49.205342531204224
 Thread 9 estimated dimension 12 of 16 : 1  | time taken : 28.77170467376709
 Thread 6 estimated dimension 12 of 16 : 0.34214151946671356  | time taken : 282.6859414577484
 Thread 5 estimated dimension 12 of 16 : 0.44167098271469324  | time taken : 199.57894945144653
 Thread 7 estimated dimension 15 of 16 : 0.9890130169906451  | time taken : 41.15403366088867
 Thread 7 nsolns: 249391
 Thread 3 estimated dimension 12 of 16 : 1  | time taken : 30.938644647598267
 Thread 2 estimated dimension 14 of 16 : 0.6743866662387105  | time taken : 109.46984601020813
 Thread 10 estimated dimension 13 of 16 : 0.46185172740798136  | time taken : 216.75054669380188
 Thread 14 estimated dimension 13 of 16 : 0.5374775721898296  | time taken : 185.03154635429382
 Thread 12 estimated dimension 14 of 16 : 0.539688743005444  | time taken : 177.05468726158142
 Thread 6 estimated dimension 13 of 16 : 0.9983009700352061  | time taken : 57.64689373970032
 Thread 13 estimated dimension 15 of 16 : 0.5074358512180096  | time taken : 188.73061060905457
 Thread 13 nsolns: 242206
 Thread 10 estimated dimension 14 of 16 : 1  | time taken : 53.50518321990967
 Thread 6 estimated dimension 14 of 16 : 0.9852188044866877  | time taken : 41.37576913833618
 Thread 12 estimated dimension 15 of 16 : 1  | time taken : 48.3493275642395
 Thread 14 estimated dimension 14 of 16 : 1  | time taken : 60.99931263923645
 Thread 8 estimated dimension 14 of 16 : 0.6826580794395606  | time taken : 139.1622598171234
 Thread 12 nsolns: 261155
 Thread 11 estimated dimension 0 of 16 : 0.664850133390052  | time taken : 140.3420708179474
 Thread 1 estimated dimension 12 of 16 : 0.4805382999098962  | time taken : 188.58004641532898
 Thread 6 estimated dimension 15 of 16 : 0.9980176434828824  | time taken : 51.354995250701904
 Thread 6 nsolns: 273001
 Thread 7 estimated dimension 0 of 16 : 0.4440653425584042  | time taken : 146.05571722984314
 Thread 10 estimated dimension 15 of 16 : 1  | time taken : 66.07522249221802
 Thread 10 nsolns: 266502
 Thread 14 estimated dimension 15 of 16 : 0.9997722006264411  | time taken : 64.89041352272034
 Thread 9 estimated dimension 13 of 16 : 0.5645602259712829  | time taken : 187.98954367637634
 Thread 14 nsolns: 255612
 Thread 4 estimated dimension 12 of 16 : 0.3134826297619416  | time taken : 349.6987419128418
 Thread 1 estimated dimension 13 of 16 : 0.997350087202015  | time taken : 62.6316020488739
 Thread 7 estimated dimension 1 of 16 : 0.8824247671418759  | time taken : 57.28284192085266
 Thread 5 estimated dimension 13 of 16 : 0.4573812503655518  | time taken : 217.47916173934937
 Thread 9 estimated dimension 14 of 16 : 1  | time taken : 59.76560044288635
 Thread 13 estimated dimension 0 of 16 : 0.5628684782523119  | time taken : 141.33505511283875
 Thread 3 estimated dimension 13 of 16 : 0.5017012630897308  | time taken : 223.52204418182373
 Thread 4 estimated dimension 13 of 16 : 0.9925536522392054  | time taken : 63.48571729660034
 Thread 2 estimated dimension 15 of 16 : 0.5120210983935557  | time taken : 214.7066833972931
 Thread 5 estimated dimension 14 of 16 : 0.9910792257753417  | time taken : 39.265328884124756
 Thread 2 nsolns: 259436
 Thread 1 estimated dimension 14 of 16 : 1  | time taken : 62.771608114242554
 Thread 12 estimated dimension 0 of 16 : 0.4028761789867285  | time taken : 194.9695122241974
 Thread 7 estimated dimension 2 of 16 : 0.6752520544875439  | time taken : 88.04167056083679
 Thread 9 estimated dimension 15 of 16 : 0.9909005993374638  | time taken : 90.70216226577759
 Thread 3 estimated dimension 14 of 16 : 1  | time taken : 82.8486840724945
 Thread 13 estimated dimension 1 of 16 : 0.8481047929812064  | time taken : 88.90266227722168
 Thread 9 nsolns: 279632
 Thread 4 estimated dimension 14 of 16 : 0.998260863905881  | time taken : 84.74895310401917
 Thread 6 estimated dimension 0 of 16 : 0.5239265309546972  | time taken : 182.10781502723694
 Thread 5 estimated dimension 15 of 16 : 1  | time taken : 81.62178087234497
 Thread 5 nsolns: 273488
 Thread 1 estimated dimension 15 of 16 : 0.9773768596622016  | time taken : 79.30107522010803
 Thread 1 nsolns: 267955
 Thread 3 estimated dimension 15 of 16 : 0.9934031875363759  | time taken : 27.287273406982422
 Thread 3 nsolns: 279534
 Thread 8 estimated dimension 15 of 16 : 0.5130921585074428  | time taken : 266.31405425071716
 Thread 8 nsolns: 262572
 Thread 10 estimated dimension 0 of 16 : 0.4117664144016416  | time taken : 209.18722534179688
 Thread 14 estimated dimension 0 of 16 : 0.48735996231306783  | time taken : 202.91833877563477
 Thread 2 estimated dimension 0 of 16 : 0.6125181421927723  | time taken : 129.71018958091736
 Thread 4 estimated dimension 15 of 16 : 0.9941379642773084  | time taken : 66.10780572891235
 Thread 4 nsolns: 257376
 Thread 13 estimated dimension 2 of 16 : 0.7828349563518016  | time taken : 81.18272089958191
 Thread 12 estimated dimension 1 of 16 : 0.6602729257710209  | time taken : 108.84238648414612
 Thread 12 estimated dimension 2 of 16 : 1  | time taken : 28.001880168914795
 Thread 5 estimated dimension 0 of 16 : 0.6668482007716202  | time taken : 109.06719660758972
 Thread 2 estimated dimension 1 of 16 : 0.7337284416429863  | time taken : 102.16023254394531
 Thread 9 estimated dimension 0 of 16 : 0.6199245924618514  | time taken : 171.63532757759094
 Thread 1 estimated dimension 0 of 16 : 0.47709896198220003  | time taken : 155.97419548034668
 Thread 5 estimated dimension 1 of 16 : 0.8142865748794645  | time taken : 61.85829782485962
 Thread 4 estimated dimension 0 of 16 : 0.6648420801988124  | time taken : 115.23449945449829
 Thread 7 estimated dimension 3 of 16 : 0.3726011674049924  | time taken : 225.86421155929565
 Thread 10 estimated dimension 1 of 16 : 0.6403055047345146  | time taken : 158.1252739429474
 Thread 10 estimated dimension 2 of 16 : 0.9977863404217735  | time taken : 11.973893404006958
 Thread 9 estimated dimension 1 of 16 : 0.8217846586676252  | time taken : 67.99763917922974
 Thread 8 estimated dimension 0 of 16 : 0.4560708420730634  | time taken : 195.1914472579956
 Thread 3 estimated dimension 0 of 16 : 0.439007867576793  | time taken : 213.82334566116333
 Thread 2 estimated dimension 2 of 16 : 0.7417136857074035  | time taken : 81.19747066497803
 Thread 6 estimated dimension 1 of 16 : 0.38033411359893077  | time taken : 243.06907749176025
 Thread 5 estimated dimension 2 of 16 : 0.8012069834784041  | time taken : 67.93146538734436
 Thread 4 estimated dimension 1 of 16 : 0.8143085685142849  | time taken : 75.73565888404846
 Thread 13 estimated dimension 3 of 16 : 0.47651541040754936  | time taken : 223.03241300582886
 Thread 1 estimated dimension 1 of 16 : 0.6324643723653272  | time taken : 124.42290616035461exiting with current heads : 9965 out of 9966 | exp rv: 51355.06545641527

 Thread 11 estimated dimension 1 of 16 : 0.19404122867796234  | time taken : 527.2561872005463
 Thread 12 estimated dimension 3 of 16 : 0.44259206883922797  | time taken : 205.21598887443542
 Thread 1 estimated dimension 2 of 16 : 1  | time taken : 16.671488761901855
 Thread 14 estimated dimension 1 of 16 : 0.4173329169906625  | time taken : 277.88715076446533
 Thread 11 estimated dimension 2 of 16 : 0.9981988021703545  | time taken : 24.23617649078369
 Thread 9 estimated dimension 2 of 16 : 0.8066490363835113  | time taken : 103.57569622993469
 Thread 4 estimated dimension 2 of 16 : 0.8559924018330664  | time taken : 79.67356371879578
 Thread 10 estimated dimension 3 of 16 : 0.7002097823840625  | time taken : 140.66841650009155
 Thread 11 estimated dimension 3 of 16 : 0.9938693774396733  | time taken : 27.44582438468933
 Thread 5 estimated dimension 3 of 16 : 0.6048177566363022  | time taken : 164.42456698417664
 Thread 7 estimated dimension 4 of 16 : 0.4540633912696895  | time taken : 222.8052339553833
 Thread 6 estimated dimension 2 of 16 : 0.5231829236711668  | time taken : 200.33792734146118
 Thread 13 estimated dimension 4 of 16 : 0.49220370836790345  | time taken : 152.4815092086792
 Thread 10 estimated dimension 4 of 16 : 0.7492532552548696  | time taken : 99.54854226112366
 Thread 6 estimated dimension 3 of 16 : 1  | time taken : 11.531106233596802
 Thread 12 estimated dimension 4 of 16 : 0.4912073087941977  | time taken : 152.60774517059326
 Thread 8 estimated dimension 1 of 16 : 0.43123802615546114  | time taken : 234.62274599075317
 Thread 3 estimated dimension 1 of 16 : 0.42936754052198345  | time taken : 233.72641611099243
 Thread 2 estimated dimension 3 of 16 : 0.31294090037459765  | time taken : 232.0410442352295
 Thread 14 estimated dimension 2 of 16 : 0.5305315533389143  | time taken : 159.3351330757141
 Thread 4 estimated dimension 3 of 16 : 0.6307319959343569  | time taken : 155.5252389907837
 Thread 1 estimated dimension 3 of 16 : 0.5588604546247817  | time taken : 181.99521374702454
 Thread 14 estimated dimension 3 of 16 : 1  | time taken : 24.045331239700317
 Thread 9 estimated dimension 3 of 16 : 0.5458281206773004  | time taken : 192.61741375923157
 Thread 10 estimated dimension 5 of 16 : 0.7952885683384778  | time taken : 85.7911376953125
 Thread 5 estimated dimension 4 of 16 : 0.6482158720296951  | time taken : 142.63781237602234
 Thread 3 estimated dimension 2 of 16 : 0.49587190613459853  | time taken : 115.75052070617676
 Thread 14 estimated dimension 4 of 16 : 0.7390593678978978  | time taken : 81.06608867645264
 Thread 13 estimated dimension 5 of 16 : 0.4369765063632115  | time taken : 137.85179948806763
 Thread 10 estimated dimension 6 of 16 : 0.833323079542296  | time taken : 45.95900893211365
 Thread 8 estimated dimension 2 of 16 : 0.5343790608889599  | time taken : 124.69800615310669
 Thread 3 estimated dimension 3 of 16 : 1  | time taken : 9.813910245895386
 Thread 12 estimated dimension 5 of 16 : 0.6161591882398312  | time taken : 132.00180172920227
 Thread 7 estimated dimension 5 of 16 : 0.4311307742285206  | time taken : 179.73443984985352
 Thread 2 estimated dimension 4 of 16 : 0.5775528439471036  | time taken : 127.37206745147705
 Thread 9 estimated dimension 4 of 16 : 0.7960684401647063  | time taken : 74.41901087760925
 Thread 1 estimated dimension 4 of 16 : 0.5256835591310993  | time taken : 110.50897741317749
 Thread 11 estimated dimension 4 of 16 : 0.390572451219344  | time taken : 254.83528780937195
 Thread 8 estimated dimension 3 of 16 : 0.9890311460110739  | time taken : 32.34754705429077
 Thread 4 estimated dimension 4 of 16 : 0.48068206963193877  | time taken : 152.7703514099121
 Thread 6 estimated dimension 4 of 16 : 0.379443617599792  | time taken : 205.0464916229248
 Thread 3 estimated dimension 4 of 16 : 0.7373970332071142  | time taken : 95.75948405265808
 Thread 9 estimated dimension 5 of 16 : 0.8130776418397548  | time taken : 100.6110680103302
 Thread 5 estimated dimension 5 of 16 : 0.38400002030856784  | time taken : 169.03280901908875
 Thread 8 estimated dimension 4 of 16 : 0.8053579668268218  | time taken : 107.51946949958801
 Thread 7 estimated dimension 6 of 16 : 0.4725009344418978  | time taken : 140.5751829147339
 Thread 2 estimated dimension 5 of 16 : 0.5038030102662716  | time taken : 141.62453269958496
 Thread 13 estimated dimension 6 of 16 : 0.4868314420425722  | time taken : 159.95087814331055
 Thread 4 estimated dimension 5 of 16 : 0.4570437026582922  | time taken : 109.05117154121399
 Thread 11 estimated dimension 5 of 16 : 0.554468646683272  | time taken : 151.7901520729065
 Thread 13 estimated dimension 7 of 16 : 1  | time taken : 26.53669238090515
 Thread 9 estimated dimension 6 of 16 : 0.7774805681093637  | time taken : 72.61589407920837
 Thread 12 estimated dimension 6 of 16 : 0.4547802686194865  | time taken : 185.34818649291992
 Thread 3 estimated dimension 5 of 16 : 0.8298597803765704  | time taken : 91.41697144508362
 Thread 1 estimated dimension 5 of 16 : 0.4361048550378749  | time taken : 192.50373888015747
 Thread 6 estimated dimension 5 of 16 : 0.4873244292637751  | time taken : 147.0743637084961
 Thread 8 estimated dimension 5 of 16 : 0.7904616330506617  | time taken : 80.8109142780304
 Thread 7 estimated dimension 7 of 16 : 0.48808976286561867  | time taken : 107.07124733924866
 Thread 3 estimated dimension 6 of 16 : 0.7871068813255564  | time taken : 70.69963121414185
 Thread 4 estimated dimension 6 of 16 : 0.5218245032047373  | time taken : 103.17481470108032
 Thread 5 estimated dimension 6 of 16 : 0.4600764665726729  | time taken : 142.32616424560547
 Thread 10 estimated dimension 7 of 16 : 0.3053904198081099  | time taken : 282.7690613269806
 Thread 7 estimated dimension 8 of 16 : 1  | time taken : 23.405497789382935
 Thread 14 estimated dimension 5 of 16 : 0.2886447456548592  | time taken : 285.8759639263153
 Thread 2 estimated dimension 6 of 16 : 0.4521225771703594  | time taken : 136.1520960330963
 Thread 3 estimated dimension 7 of 16 : 1  | time taken : 23.635154008865356
 Thread 13 estimated dimension 8 of 16 : 0.666622450055249  | time taken : 103.3882200717926
 Thread 1 estimated dimension 6 of 16 : 0.5175756619850456  | time taken : 96.88209271430969
 Thread 5 estimated dimension 7 of 16 : 1  | time taken : 31.43713688850403
 Thread 7 estimated dimension 9 of 16 : 1  | time taken : 32.27121949195862
 Thread 12 estimated dimension 7 of 16 : 0.4944510848338299  | time taken : 130.4877450466156
 Thread 11 estimated dimension 6 of 16 : 0.41066715348342986  | time taken : 155.6997411251068
 Thread 3 estimated dimension 8 of 16 : 0.9739299932246737  | time taken : 47.88973021507263
 Thread 12 estimated dimension 8 of 16 : 1  | time taken : 20.593835830688477
 Thread 7 estimated dimension 10 of 16 : 1  | time taken : 33.03813123703003
 Thread 1 estimated dimension 7 of 16 : 1  | time taken : 49.351574659347534
 Thread 11 estimated dimension 7 of 16 : 1  | time taken : 47.767128467559814
 Thread 3 estimated dimension 9 of 16 : 1  | time taken : 42.517367362976074
 Thread 6 estimated dimension 6 of 16 : 0.4310826740956804  | time taken : 162.58853459358215
 Thread 14 estimated dimension 6 of 16 : 0.6213499240103829  | time taken : 110.22614669799805
 Thread 11 estimated dimension 8 of 16 : 0.9948426350535836  | time taken : 30.431005716323853
 Thread 14 estimated dimension 7 of 16 : 0.9898850012144019  | time taken : 20.308950424194336
 Thread 4 estimated dimension 7 of 16 : 0.4687358197310719  | time taken : 139.39452052116394
 Thread 6 estimated dimension 7 of 16 : 0.9952968565950293  | time taken : 36.449867248535156
 Thread 9 estimated dimension 7 of 16 : 0.2691738602753751  | time taken : 237.61224174499512
 Thread 13 estimated dimension 9 of 16 : 0.6668800197007523  | time taken : 137.50167179107666
 Thread 14 estimated dimension 8 of 16 : 0.9893365169924715  | time taken : 18.930198907852173
 Thread 5 estimated dimension 8 of 16 : 0.543433110408477  | time taken : 129.26061010360718
 Thread 11 estimated dimension 9 of 16 : 0.9932347699830266  | time taken : 29.434341430664062
 Thread 12 estimated dimension 9 of 16 : 0.6140616302088908  | time taken : 97.37678456306458
 Thread 3 estimated dimension 10 of 16 : 0.7172028192413089  | time taken : 65.81615662574768
 Thread 6 estimated dimension 8 of 16 : 0.9938075908965053  | time taken : 26.636102437973022
 Thread 10 estimated dimension 8 of 16 : 0.40265558499997905  | time taken : 173.38700437545776
 Thread 11 estimated dimension 10 of 16 : 1  | time taken : 13.074444770812988
 Thread 14 estimated dimension 9 of 16 : 0.9708392319950041  | time taken : 32.232478618621826
 Thread 2 estimated dimension 7 of 16 : 0.4340298904501695  | time taken : 182.85083198547363
 Thread 5 estimated dimension 9 of 16 : 1  | time taken : 28.999239683151245
 Thread 7 estimated dimension 11 of 16 : 0.6260570602413579  | time taken : 123.8618495464325
 Thread 12 estimated dimension 10 of 16 : 1  | time taken : 29.414287090301514
 Thread 6 estimated dimension 9 of 16 : 0.987403391474069  | time taken : 35.184319734573364
 Thread 1 estimated dimension 8 of 16 : 0.4438622951675842  | time taken : 130.91268110275269
 Thread 2 estimated dimension 8 of 16 : 0.9915558060281849  | time taken : 20.353421449661255
 Thread 4 estimated dimension 8 of 16 : 0.7449829732065534  | time taken : 80.19412851333618
 Thread 9 estimated dimension 8 of 16 : 0.6564736816127784  | time taken : 94.89909243583679
 Thread 3 estimated dimension 11 of 16 : 0.7454760223749951  | time taken : 72.3612413406372
 Thread 6 estimated dimension 10 of 16 : 1  | time taken : 34.11206912994385
 Thread 1 estimated dimension 9 of 16 : 1  | time taken : 43.975430965423584
 Thread 8 estimated dimension 6 of 16 : 0.21673890633333937  | time taken : 321.6376750469208
 Thread 6 estimated dimension 11 of 16 : 1  | time taken : 28.276103496551514
 Thread 13 estimated dimension 10 of 16 : 0.43456787102747313  | time taken : 132.28018712997437
 Thread 14 estimated dimension 10 of 16 : 0.6506912056763094  | time taken : 93.51697587966919
 Thread 8 estimated dimension 7 of 16 : 0.9865504717725387  | time taken : 21.483689785003662
 Thread 11 estimated dimension 11 of 16 : 0.4722323373628794  | time taken : 122.72287511825562
 Thread 14 estimated dimension 11 of 16 : 1  | time taken : 16.201706409454346
 Thread 5 estimated dimension 10 of 16 : 0.6047439996974787  | time taken : 111.0672869682312
 Thread 12 estimated dimension 11 of 16 : 0.5689520053183079  | time taken : 117.27342057228088
 Thread 10 estimated dimension 9 of 16 : 0.43020944479664186  | time taken : 141.792626619339
 Thread 8 estimated dimension 8 of 16 : 1  | time taken : 27.907694339752197
 Thread 13 estimated dimension 11 of 16 : 1  | time taken : 44.5032320022583
 Thread 2 estimated dimension 9 of 16 : 0.6194097218962937  | time taken : 119.0278639793396
 Thread 5 estimated dimension 11 of 16 : 0.9985185967300645  | time taken : 35.357999324798584
 Thread 10 estimated dimension 10 of 16 : 0.9969927616470812  | time taken : 40.34279537200928
 Thread 11 estimated dimension 12 of 16 : 1  | time taken : 58.207515478134155
 Thread 8 estimated dimension 9 of 16 : 1  | time taken : 42.226059436798096
 Thread 2 estimated dimension 10 of 16 : 0.999451210179732  | time taken : 34.372986793518066
 Thread 1 estimated dimension 10 of 16 : 0.5419963907846239  | time taken : 110.91469097137451
 Thread 12 estimated dimension 12 of 16 : 0.9970277342086424  | time taken : 56.243891954422
 Thread 13 estimated dimension 12 of 16 : 0.9948994057363348  | time taken : 53.334287881851196
 Thread 4 estimated dimension 9 of 16 : 0.3188283127324187  | time taken : 168.03843474388123
 Thread 9 estimated dimension 9 of 16 : 0.3858385313384007  | time taken : 152.7320420742035
 Thread 6 estimated dimension 12 of 16 : 0.5153238445937169  | time taken : 120.48527550697327
 Thread 1 estimated dimension 11 of 16 : 0.9836197331412161  | time taken : 35.909058809280396
 Thread 11 estimated dimension 13 of 16 : 0.9865111200592234  | time taken : 52.587196588516235
 Thread 7 estimated dimension 12 of 16 : 0.349347782656977  | time taken : 227.34728908538818
 Thread 12 estimated dimension 13 of 16 : 0.9847364621507603  | time taken : 56.04802966117859
 Thread 3 estimated dimension 12 of 16 : 0.2841924503779758  | time taken : 184.4470944404602
 Thread 10 estimated dimension 11 of 16 : 1  | time taken : 73.79417276382446
 Thread 13 estimated dimension 13 of 16 : 1  | time taken : 62.95243740081787
 Thread 4 estimated dimension 10 of 16 : 0.9989647790551701  | time taken : 58.76990294456482
 Thread 8 estimated dimension 10 of 16 : 0.49308001900644244  | time taken : 108.80510783195496
 Thread 7 estimated dimension 13 of 16 : 1  | time taken : 61.027458906173706
 Thread 9 estimated dimension 10 of 16 : 0.9924754511814536  | time taken : 87.54892373085022
 Thread 13 estimated dimension 14 of 16 : 0.9928100466799876  | time taken : 39.20082998275757
 Thread 2 estimated dimension 11 of 16 : 0.44755998244892237  | time taken : 134.290207862854
 Thread 14 estimated dimension 12 of 16 : 0.30241943167290836  | time taken : 202.3840527534485
 Thread 6 estimated dimension 13 of 16 : 0.5270418148770288  | time taken : 116.89889144897461
 Thread 10 estimated dimension 12 of 16 : 0.5394498635589584  | time taken : 91.10059475898743
 Thread 4 estimated dimension 11 of 16 : 0.9996816255020585  | time taken : 80.41057777404785
 Thread 7 estimated dimension 14 of 16 : 0.9913300646589355  | time taken : 60.637526512145996
 Thread 8 estimated dimension 11 of 16 : 0.6778659822561521  | time taken : 81.97427868843079
 Thread 4 estimated dimension 12 of 16 : 1  | time taken : 38.86772680282593
 Thread 2 estimated dimension 12 of 16 : 0.9784008000441947  | time taken : 64.46926975250244
 Thread 14 estimated dimension 13 of 16 : 1  | time taken : 79.21247911453247
 Thread 3 estimated dimension 13 of 16 : 0.5104836118506423  | time taken : 157.46646189689636
 Thread 11 estimated dimension 14 of 16 : 0.52883801822537  | time taken : 178.64249897003174
 Thread 12 estimated dimension 14 of 16 : 0.5204749950783747  | time taken : 178.49499344825745
 Thread 6 estimated dimension 14 of 16 : 0.9947466947709195  | time taken : 92.77369999885559
 Thread 8 estimated dimension 12 of 16 : 0.9883693915325023  | time taken : 53.26856589317322
 Thread 5 estimated dimension 12 of 16 : 0.30725871764208956  | time taken : 269.9591898918152
 Thread 7 estimated dimension 15 of 16 : 0.9976587076265157  | time taken : 70.21352934837341
 Thread 7 nsolns: 266006
 Thread 2 estimated dimension 13 of 16 : 0.9994547150809543  | time taken : 55.51453614234924
 Thread 13 estimated dimension 15 of 16 : 0.5027011782756943  | time taken : 159.30308198928833
 Thread 13 nsolns: 248729
 Thread 9 estimated dimension 11 of 16 : 0.45698898726484827  | time taken : 167.2518880367279
 Thread 12 estimated dimension 15 of 16 : 0.9940322665411732  | time taken : 48.64195156097412
 Thread 12 nsolns: 253062
 Thread 14 estimated dimension 14 of 16 : 0.995056230545113  | time taken : 72.74184727668762
 Thread 11 estimated dimension 15 of 16 : 0.9986056553222903  | time taken : 76.24419498443604
 Thread 11 nsolns: 263824
 Thread 1 estimated dimension 12 of 16 : 0.33191148177503826  | time taken : 268.7430787086487
 Thread 7 estimated dimension 0 of 16 : 0.6165090652297207  | time taken : 75.53634643554688
 Thread 9 estimated dimension 12 of 16 : 0.9925278262489581  | time taken : 44.318177700042725
 Thread 10 estimated dimension 13 of 16 : 0.548962047137145  | time taken : 172.04516768455505
 Thread 14 estimated dimension 15 of 16 : 1  | time taken : 38.9703164100647
 Thread 14 nsolns: 255951
 Thread 3 estimated dimension 14 of 16 : 0.9971554153419822  | time taken : 112.21284246444702
 Thread 6 estimated dimension 15 of 16 : 1  | time taken : 93.53159379959106
 Thread 6 nsolns: 251485
 Thread 5 estimated dimension 13 of 16 : 0.9927393081585087  | time taken : 107.50690078735352
 Thread 13 estimated dimension 0 of 16 : 0.5652538065493005  | time taken : 80.61374020576477
 Thread 4 estimated dimension 13 of 16 : 0.47115474081756425  | time taken : 161.04469776153564
 Thread 10 estimated dimension 14 of 16 : 1  | time taken : 52.88199853897095
 Thread 9 estimated dimension 13 of 16 : 1  | time taken : 57.52112126350403
 Thread 7 estimated dimension 1 of 16 : 0.8239202365769783  | time taken : 63.88274955749512
 Thread 1 estimated dimension 13 of 16 : 0.9793832578099279  | time taken : 86.48278427124023
 Thread 8 estimated dimension 13 of 16 : 0.48051060920106464  | time taken : 159.63627815246582
 Thread 3 estimated dimension 15 of 16 : 0.9881715690040971  | time taken : 71.39727354049683
 Thread 3 nsolns: 245303
 Thread 12 estimated dimension 0 of 16 : 0.37935202952909614  | time taken : 117.7182092666626
 Thread 2 estimated dimension 14 of 16 : 0.5240583404465127  | time taken : 152.5216727256775
 Thread 4 estimated dimension 14 of 16 : 1  | time taken : 73.72272324562073
 Thread 11 estimated dimension 0 of 16 : 0.44223602721554645  | time taken : 135.11382865905762
 Thread 5 estimated dimension 14 of 16 : 0.9846268661468003  | time taken : 88.90418529510498
 Thread 10 estimated dimension 15 of 16 : 0.99915020526322  | time taken : 59.22425079345703
 Thread 10 nsolns: 258840
 Thread 1 estimated dimension 14 of 16 : 0.9830611831464892  | time taken : 52.19387364387512
 Thread 6 estimated dimension 0 of 16 : 0.4907614796736589  | time taken : 112.22680139541626
 Thread 7 estimated dimension 2 of 16 : 0.6513818892811878  | time taken : 62.808025598526
 Thread 8 estimated dimension 14 of 16 : 0.9993143531321756  | time taken : 59.30255579948425
 Thread 4 estimated dimension 15 of 16 : 0.9930547528789735  | time taken : 57.83737277984619
 Thread 4 nsolns: 252730
 Thread 2 estimated dimension 15 of 16 : 1  | time taken : 86.12393069267273
 Thread 1 estimated dimension 15 of 16 : 1  | time taken : 47.22462248802185
 Thread 1 nsolns: 255244
 Thread 2 nsolns: 264431
 Thread 8 estimated dimension 15 of 16 : 0.9932691429011044  | time taken : 58.982234477996826
 Thread 5 estimated dimension 15 of 16 : 0.9988086402842201  | time taken : 81.0878279209137
 Thread 8 nsolns: 260042
 Thread 5 nsolns: 246112
 Thread 12 estimated dimension 1 of 16 : 0.5786149595841225  | time taken : 137.20528602600098
 Thread 3 estimated dimension 0 of 16 : 0.4672666395965587  | time taken : 155.87776589393616
 Thread 12 estimated dimension 2 of 16 : 1  | time taken : 23.36812686920166
 Thread 11 estimated dimension 1 of 16 : 0.6245822797988184  | time taken : 150.64940905570984
 Thread 11 estimated dimension 2 of 16 : 1  | time taken : 13.297199249267578
 Thread 9 estimated dimension 14 of 16 : 0.48021036783755494  | time taken : 222.7821090221405
 Thread 10 estimated dimension 0 of 16 : 0.544063917066309  | time taken : 165.99810409545898
 Thread 1 estimated dimension 0 of 16 : 0.45145879859100374  | time taken : 113.78880500793457
 Thread 6 estimated dimension 1 of 16 : 0.5851882599501181  | time taken : 166.28377842903137
 Thread 7 estimated dimension 3 of 16 : 0.44488789117870836  | time taken : 181.91037344932556
 Thread 4 estimated dimension 0 of 16 : 0.4719633534651983  | time taken : 146.48718070983887
 Thread 6 estimated dimension 2 of 16 : 1  | time taken : 29.639384031295776
 Thread 9 estimated dimension 15 of 16 : 0.9890868270914702  | time taken : 36.958152770996094
 Thread 9 nsolns: 257633
 Thread 5 estimated dimension 0 of 16 : 0.678589442003435  | time taken : 130.17389750480652
 Thread 2 estimated dimension 0 of 16 : 0.48343455690859305  | time taken : 158.96969389915466
 Thread 8 estimated dimension 0 of 16 : 0.5824859435600036  | time taken : 134.41759777069092
 Thread 12 estimated dimension 3 of 16 : 0.6511267765370138  | time taken : 94.99858236312866
 Thread 3 estimated dimension 1 of 16 : 0.6157527671318387  | time taken : 108.55306434631348
 Thread 1 estimated dimension 1 of 16 : 0.8132317871821274  | time taken : 71.46810364723206
 Thread 3 estimated dimension 2 of 16 : 1  | time taken : 31.62736225128174
 Thread 4 estimated dimension 1 of 16 : 0.8466223216458895  | time taken : 64.45483636856079
 Thread 8 estimated dimension 1 of 16 : 0.720122745809749  | time taken : 53.617257833480835
 Thread 10 estimated dimension 1 of 16 : 0.6290963377473701  | time taken : 108.28286719322205
 Thread 10 estimated dimension 2 of 16 : 1  | time taken : 21.285557746887207
 Thread 12 estimated dimension 4 of 16 : 0.6547723492398231  | time taken : 82.73286128044128
 Thread 1 estimated dimension 2 of 16 : 0.7666622706997359  | time taken : 73.09218621253967
 Thread 6 estimated dimension 3 of 16 : 0.6807899253920123  | time taken : 113.53418469429016
 Thread 5 estimated dimension 1 of 16 : 0.6964356778889788  | time taken : 110.14005494117737
 Thread 11 estimated dimension 3 of 16 : 0.4017110841135839  | time taken : 161.65690064430237
 Thread 7 estimated dimension 4 of 16 : 0.6264618782745345  | time taken : 137.2208731174469
 Thread 4 estimated dimension 2 of 16 : 0.70697897510901  | time taken : 69.1351728439331exiting with current heads : 9964 out of 9966 | exp rv: 51700.73591841007

 Thread 13 estimated dimension 1 of 16 : 0.19274387149393693  | time taken : 426.4818196296692
 Thread 9 estimated dimension 0 of 16 : 0.4151738262036989  | time taken : 140.92314863204956
 Thread 5 estimated dimension 2 of 16 : 0.9896796076188088  | time taken : 27.10060214996338
 Thread 13 estimated dimension 2 of 16 : 0.9998860259755639  | time taken : 24.2131028175354
 Thread 12 estimated dimension 5 of 16 : 0.7568912790620999  | time taken : 67.33410382270813
 Thread 2 estimated dimension 1 of 16 : 0.36423987175405625  | time taken : 175.7161476612091
 Thread 6 estimated dimension 4 of 16 : 0.8092891035464652  | time taken : 75.13408708572388
 Thread 13 estimated dimension 3 of 16 : 1  | time taken : 24.350698947906494
 Thread 9 estimated dimension 1 of 16 : 0.8416041046056836  | time taken : 55.50948667526245
 Thread 10 estimated dimension 3 of 16 : 0.5768009779637346  | time taken : 117.232834815979
 Thread 12 estimated dimension 6 of 16 : 0.7966335447615249  | time taken : 71.86667990684509
 Thread 6 estimated dimension 5 of 16 : 0.8315510148406898  | time taken : 55.53911757469177
 Thread 11 estimated dimension 4 of 16 : 0.6075178875514053  | time taken : 128.15604782104492
 Thread 7 estimated dimension 5 of 16 : 0.7040783954970303  | time taken : 126.21021342277527
 Thread 3 estimated dimension 3 of 16 : 0.3552942010120203  | time taken : 200.72682332992554
 Thread 9 estimated dimension 2 of 16 : 0.7875241841452655  | time taken : 70.371084690094
 Thread 10 estimated dimension 4 of 16 : 0.8385638776071628  | time taken : 65.5854754447937
 Thread 1 estimated dimension 3 of 16 : 0.3107656914415696  | time taken : 184.88515305519104
 Thread 6 estimated dimension 6 of 16 : 0.885687450626562  | time taken : 56.613877058029175
 Thread 4 estimated dimension 3 of 16 : 0.392084036849958  | time taken : 177.09311699867249
 Thread 2 estimated dimension 2 of 16 : 0.49957863146441667  | time taken : 126.16253972053528
 Thread 7 estimated dimension 6 of 16 : 0.7108683267130403  | time taken : 67.50612139701843
 Thread 2 estimated dimension 3 of 16 : 0.995197674158788  | time taken : 12.816730499267578
 Thread 10 estimated dimension 5 of 16 : 0.7788121039157323  | time taken : 46.647310972213745
 Thread 11 estimated dimension 5 of 16 : 0.6354137823286194  | time taken : 79.9895658493042
 Thread 7 estimated dimension 7 of 16 : 0.9924408666718789  | time taken : 25.05722212791443
 Thread 5 estimated dimension 3 of 16 : 0.36045791225405405  | time taken : 202.3802046775818
 Thread 7 estimated dimension 8 of 16 : 0.9984878642636612  | time taken : 24.57614803314209
 Thread 3 estimated dimension 4 of 16 : 0.5413427569032112  | time taken : 119.03836393356323
 Thread 10 estimated dimension 6 of 16 : 0.8723905542951548  | time taken : 56.8517632484436
 Thread 7 estimated dimension 9 of 16 : 0.9954205484346013  | time taken : 20.264888048171997
 Thread 6 estimated dimension 7 of 16 : 0.7405344852332524  | time taken : 91.09878516197205
 Thread 9 estimated dimension 3 of 16 : 0.5569755683411446  | time taken : 123.91333746910095
 Thread 11 estimated dimension 6 of 16 : 0.7634507792952147  | time taken : 78.82015705108643
 Thread 8 estimated dimension 2 of 16 : 0.21799283201257125  | time taken : 349.81436038017273
 Thread 8 estimated dimension 3 of 16 : 0.99541274598037  | time taken : 19.46323561668396
 Thread 1 estimated dimension 4 of 16 : 0.49319681134960214  | time taken : 139.13404655456543
 Thread 4 estimated dimension 4 of 16 : 0.6402001300068731  | time taken : 127.30289316177368
 Thread 11 estimated dimension 7 of 16 : 1  | time taken : 28.941968202590942
 Thread 13 estimated dimension 4 of 16 : 0.25788140284297995  | time taken : 255.1215636730194
 Thread 5 estimated dimension 4 of 16 : 0.4982206246191676  | time taken : 101.5185182094574
 Thread 12 estimated dimension 7 of 16 : 0.2771922090692035  | time taken : 208.23395347595215
 Thread 11 estimated dimension 8 of 16 : 1  | time taken : 26.036704778671265
 Thread 10 estimated dimension 7 of 16 : 0.6662573796735909  | time taken : 93.34087872505188
 Thread 3 estimated dimension 5 of 16 : 0.6001844696587577  | time taken : 116.98447489738464
 Thread 11 estimated dimension 9 of 16 : 0.9903535289929065  | time taken : 24.617188215255737
 Thread 7 estimated dimension 10 of 16 : 0.7134520853780301  | time taken : 110.81266450881958
 Thread 4 estimated dimension 5 of 16 : 0.7078353546369399  | time taken : 97.10615921020508
 Thread 10 estimated dimension 8 of 16 : 0.8518857213886036  | time taken : 50.88541507720947
 Thread 9 estimated dimension 4 of 16 : 0.6443770461153365  | time taken : 147.90183281898499
 Thread 1 estimated dimension 5 of 16 : 0.4632575213487717  | time taken : 113.94754266738892
 Thread 2 estimated dimension 4 of 16 : 0.25002481316547265  | time taken : 249.66621780395508
 Thread 13 estimated dimension 5 of 16 : 0.44189472867607277  | time taken : 138.96931266784668
 Thread 7 estimated dimension 11 of 16 : 0.6762989434245963  | time taken : 86.7699134349823
 Thread 12 estimated dimension 8 of 16 : 0.47660684815706844  | time taken : 142.98156762123108
 Thread 11 estimated dimension 10 of 16 : 0.6426930900147415  | time taken : 119.12693881988525
 Thread 10 estimated dimension 9 of 16 : 0.6853235645271224  | time taken : 82.97306847572327
 Thread 5 estimated dimension 5 of 16 : 0.37620959650486147  | time taken : 168.01647067070007
 Thread 3 estimated dimension 6 of 16 : 0.45717036158822955  | time taken : 126.71418976783752
 Thread 8 estimated dimension 4 of 16 : 0.33514930279344773  | time taken : 206.10382437705994
 Thread 6 estimated dimension 8 of 16 : 0.22078993108550293  | time taken : 258.7634916305542
 Thread 9 estimated dimension 5 of 16 : 0.4289692405131747  | time taken : 138.6280553340912
 Thread 11 estimated dimension 11 of 16 : 0.7446096938850858  | time taken : 76.64439511299133
 Thread 4 estimated dimension 6 of 16 : 0.34203204786129754  | time taken : 159.54358625411987
 Thread 12 estimated dimension 9 of 16 : 0.5503172499502502  | time taken : 97.317715883255
 Thread 1 estimated dimension 6 of 16 : 0.433107018661209  | time taken : 148.2757260799408
 Thread 13 estimated dimension 6 of 16 : 0.44053100002395884  | time taken : 120.59864783287048
 Thread 10 estimated dimension 10 of 16 : 0.6405193471377699  | time taken : 86.7533233165741
 Thread 2 estimated dimension 5 of 16 : 0.4781514793906837  | time taken : 134.17248821258545
 Thread 8 estimated dimension 5 of 16 : 0.524110276688527  | time taken : 76.09017395973206
 Thread 3 estimated dimension 7 of 16 : 0.6227429722433222  | time taken : 96.40905284881592
 Thread 4 estimated dimension 7 of 16 : 1  | time taken : 25.36824059486389
 Thread 12 estimated dimension 10 of 16 : 1  | time taken : 25.975331783294678
 Thread 6 estimated dimension 9 of 16 : 0.5487229828992114  | time taken : 82.261301279068
 Thread 5 estimated dimension 6 of 16 : 0.5273026268785894  | time taken : 118.17762851715088
 Thread 12 estimated dimension 11 of 16 : 1  | time taken : 38.38470673561096
 Thread 4 estimated dimension 8 of 16 : 0.9967162285237441  | time taken : 39.84667778015137
 Thread 13 estimated dimension 7 of 16 : 0.9997861897604868  | time taken : 55.19976353645325
 Thread 5 estimated dimension 7 of 16 : 1  | time taken : 35.065290212631226
 Thread 12 estimated dimension 12 of 16 : 1  | time taken : 22.385109663009644
 Thread 13 estimated dimension 8 of 16 : 1  | time taken : 33.35452079772949
 Thread 8 estimated dimension 6 of 16 : 0.608098310989993  | time taken : 90.88814091682434
 Thread 3 estimated dimension 8 of 16 : 0.6482206189018364  | time taken : 92.76508951187134
 Thread 10 estimated dimension 11 of 16 : 0.5354739632105485  | time taken : 108.27090811729431
 Thread 1 estimated dimension 7 of 16 : 0.5197675783724045  | time taken : 118.37310481071472
 Thread 13 estimated dimension 9 of 16 : 1  | time taken : 28.087233781814575
 Thread 8 estimated dimension 7 of 16 : 0.9991458389198057  | time taken : 23.60791540145874
 Thread 3 estimated dimension 9 of 16 : 0.9933675071944529  | time taken : 22.515575647354126
 Thread 9 estimated dimension 6 of 16 : 0.42271905128452086  | time taken : 151.02023315429688
 Thread 13 estimated dimension 10 of 16 : 1  | time taken : 9.928562879562378
 Thread 2 estimated dimension 6 of 16 : 0.5588347882907386  | time taken : 128.63115763664246
 Thread 7 estimated dimension 12 of 16 : 0.24891429240031537  | time taken : 251.01227736473083
 Thread 6 estimated dimension 10 of 16 : 0.6010851071983098  | time taken : 117.42066526412964
 Thread 4 estimated dimension 9 of 16 : 0.531026175979308  | time taken : 99.47560548782349
 Thread 12 estimated dimension 13 of 16 : 0.5434168801652369  | time taken : 77.13117527961731
 Thread 8 estimated dimension 8 of 16 : 0.990061301680755  | time taken : 32.566306591033936
 Thread 9 estimated dimension 7 of 16 : 1  | time taken : 35.562647581100464
 Thread 1 estimated dimension 8 of 16 : 0.7029389474456693  | time taken : 55.38913178443909
 Thread 2 estimated dimension 7 of 16 : 0.9994582922840383  | time taken : 34.45793032646179
 Thread 5 estimated dimension 8 of 16 : 0.3588860955413683  | time taken : 105.37818479537964
 Thread 3 estimated dimension 10 of 16 : 0.9990738622745644  | time taken : 54.40733575820923
 Thread 13 estimated dimension 11 of 16 : 1  | time taken : 55.70019173622131
 Thread 11 estimated dimension 12 of 16 : 0.31009431693240735  | time taken : 208.09655833244324
 Thread 6 estimated dimension 11 of 16 : 0.9985918881817591  | time taken : 58.59329533576965
 Thread 8 estimated dimension 9 of 16 : 1  | time taken : 58.95773386955261
 Thread 1 estimated dimension 9 of 16 : 0.9982605338108572  | time taken : 59.06723237037659
 Thread 2 estimated dimension 8 of 16 : 1  | time taken : 61.39007878303528
 Thread 3 estimated dimension 11 of 16 : 0.9827307940528491  | time taken : 59.90625214576721
 Thread 4 estimated dimension 10 of 16 : 0.5245165714407795  | time taken : 97.56508874893188
 Thread 9 estimated dimension 8 of 16 : 0.432558192611751  | time taken : 97.66228818893433
 Thread 7 estimated dimension 13 of 16 : 0.546050595799011  | time taken : 126.02943897247314
 Thread 12 estimated dimension 14 of 16 : 0.6628862410478259  | time taken : 110.39843130111694
 Thread 8 estimated dimension 10 of 16 : 0.9914410584078374  | time taken : 50.20666480064392
 Thread 1 estimated dimension 10 of 16 : 1  | time taken : 54.889498233795166
 Thread 2 estimated dimension 9 of 16 : 0.998103128078802  | time taken : 57.53684639930725
 Thread 10 estimated dimension 12 of 16 : 0.2608940865438146  | time taken : 181.4188883304596
 Thread 1 estimated dimension 11 of 16 : 0.9941268187509361  | time taken : 19.324419498443604
 Thread 2 estimated dimension 10 of 16 : 0.988606735311532  | time taken : 33.49646282196045
 Thread 13 estimated dimension 12 of 16 : 0.49471119165302324  | time taken : 138.08139967918396
 Thread 5 estimated dimension 9 of 16 : 0.360140816357586  | time taken : 152.5031521320343
 Thread 4 estimated dimension 11 of 16 : 0.670372545137625  | time taken : 80.27236247062683
 Thread 11 estimated dimension 13 of 16 : 0.5043971428114004  | time taken : 142.97919392585754
 Thread 9 estimated dimension 9 of 16 : 0.6847590739416707  | time taken : 77.70343136787415
 Thread 7 estimated dimension 14 of 16 : 1  | time taken : 78.05237483978271
 Thread 8 estimated dimension 11 of 16 : 0.6422552299023851  | time taken : 71.51210737228394
 Thread 3 estimated dimension 12 of 16 : 0.5344934196666176  | time taken : 103.602872133255
 Thread 2 estimated dimension 11 of 16 : 1  | time taken : 28.133864641189575
 Thread 2 estimated dimension 12 of 16 : 0.9958005357472535  | time taken : 19.574984550476074
 Thread 6 estimated dimension 12 of 16 : 0.381255705415104  | time taken : 180.0212917327881
 Thread 4 estimated dimension 12 of 16 : 1  | time taken : 55.70203924179077
 Thread 11 estimated dimension 14 of 16 : 1  | time taken : 53.786404609680176
 Thread 10 estimated dimension 13 of 16 : 0.5377745163131258  | time taken : 107.08846068382263
 Thread 12 estimated dimension 15 of 16 : 0.4794763661040732  | time taken : 144.0279040336609
 Thread 12 nsolns: 269039
 Thread 7 estimated dimension 15 of 16 : 0.9857844134777032  | time taken : 69.97937941551208
 Thread 7 nsolns: 247001
 Thread 1 estimated dimension 12 of 16 : 0.5103499959543485  | time taken : 125.69304823875427
 Thread 11 estimated dimension 15 of 16 : 1  | time taken : 60.907703161239624
 Thread 11 nsolns: 249001
 Thread 6 estimated dimension 13 of 16 : 0.9886496016025725  | time taken : 74.32278084754944
 Thread 2 estimated dimension 13 of 16 : 0.5891866846500329  | time taken : 95.33955526351929
 Thread 13 estimated dimension 13 of 16 : 0.4909647574190169  | time taken : 142.11910486221313
 Thread 9 estimated dimension 10 of 16 : 0.46504651298452887  | time taken : 127.55519032478333
 Thread 10 estimated dimension 14 of 16 : 0.9982675287255728  | time taken : 71.40192890167236
 Thread 3 estimated dimension 13 of 16 : 0.5048193406264367  | time taken : 122.32214713096619
 Thread 5 estimated dimension 10 of 16 : 0.4537619419315385  | time taken : 144.41510343551636
 Thread 10 estimated dimension 15 of 16 : 1  | time taken : 28.32872462272644
 Thread 10 nsolns: 249381
 Thread 4 estimated dimension 13 of 16 : 0.5140230535654569  | time taken : 114.33120083808899
 Thread 1 estimated dimension 13 of 16 : 0.557799611357069  | time taken : 73.55067563056946
 Thread 6 estimated dimension 14 of 16 : 0.9964699358235941  | time taken : 46.77486848831177
 Thread 13 estimated dimension 14 of 16 : 0.9974749172374153  | time taken : 38.86474061012268
 Thread 9 estimated dimension 11 of 16 : 0.9852923398733466  | time taken : 39.789703369140625
 Thread 8 estimated dimension 12 of 16 : 0.33383714822017957  | time taken : 168.21549892425537
 Thread 5 estimated dimension 11 of 16 : 1  | time taken : 50.2787971496582
 Thread 3 estimated dimension 14 of 16 : 0.9983938060999769  | time taken : 61.22305417060852
 Thread 2 estimated dimension 14 of 16 : 0.6542705588444298  | time taken : 77.37862968444824
 Thread 13 estimated dimension 15 of 16 : 1  | time taken : 40.638906955718994
 Thread 13 nsolns: 283746
 Thread 9 estimated dimension 12 of 16 : 0.9980158808185264  | time taken : 41.530752420425415
 Thread 8 estimated dimension 13 of 16 : 1  | time taken : 39.31585931777954
 Thread 1 estimated dimension 14 of 16 : 1  | time taken : 50.68690609931946
 Thread 5 estimated dimension 12 of 16 : 1  | time taken : 37.35183811187744
 Thread 4 estimated dimension 14 of 16 : 1  | time taken : 61.570510387420654
 Thread 6 estimated dimension 15 of 16 : 0.9925023101959357  | time taken : 64.43643426895142
 Thread 6 nsolns: 256614
 Thread 8 estimated dimension 14 of 16 : 0.9810662232568816  | time taken : 35.527971029281616
 Thread 1 estimated dimension 15 of 16 : 1  | time taken : 33.734068155288696
 Thread 1 nsolns: 264676
 Thread 9 estimated dimension 13 of 16 : 1  | time taken : 36.62958598136902
 Thread 3 estimated dimension 15 of 16 : 0.998146863575234  | time taken : 55.25283098220825
 Thread 3 nsolns: 252300
 Thread 5 estimated dimension 13 of 16 : 1  | time taken : 38.55478000640869
 Thread 4 estimated dimension 15 of 16 : 0.9952895883698245  | time taken : 38.418944120407104
 Thread 4 nsolns: 252930
 Thread 9 estimated dimension 14 of 16 : 1  | time taken : 24.82841420173645
 Thread 8 estimated dimension 15 of 16 : 1  | time taken : 30.108890056610107
 Thread 8 nsolns: 266075
 Thread 2 estimated dimension 15 of 16 : 0.4527521325890774  | time taken : 74.2248854637146
 Thread 2 nsolns: 270847
 Thread 5 estimated dimension 14 of 16 : 0.9954866335058299  | time taken : 22.712562561035156
 Thread 5 estimated dimension 15 of 16 : 1  | time taken : 11.923054933547974
 Thread 5 nsolns: 268704
 Thread 9 estimated dimension 15 of 16 : 0.5334576101388615  | time taken : 36.24056363105774
 Thread 9 nsolns: 257027
 estimated weights : [0.0024876224820258065, 0.0030957407599127374, 0.0021206584293264673, 0.0016325270497035953, 0.0020504299495836425, 0.0008241941445237383, 0.0014493909614728374, 0.0012523184586336134, 0.0019635731693640893, 0.0013447018578053875, 0.0008857026412968552, 0.0005037533282085773, 0.000693783236948817, 0.0015237232393553275, 0.0009627970719712265, 0.0017886513249225167, 0.001421990211870134, 0.0027670270249780986, 0.0026627555242800787, 0.0021928181044041715, 0.00335122652095253, 0.001427433696309742, 0.00174318071627358, 0.0015130889569508158, 0.0008385883653321511, 0.002229396319303058, 0.002966345069910383, 0.0016455054956738997, 0.0007085553898643467, 0.0029433231843880732, 0.0024240598109760182, 0.002101715430392532, 0.0013246497553173564, 0.002339421365544374, 0.0008934420593868119, 0.0016074700105920658, 0.0016345319432496516, 0.00200572176415191, 0.0010024835391625759, 0.0009728396862694223, 0.0012940083972163802]
