numSolutions: 44 k : 6671
11 44 0.06030226891555273 0.0002066115702479339

 Thread 13 estimated dimension 0 of 11 : 0.7230006036999597  | time taken : 45.99716114997864
 Thread 3 estimated dimension 0 of 11 : 0.6824744466129453  | time taken : 51.75965642929077
 Thread 1 estimated dimension 0 of 11 : 0.7020867185995683  | time taken : 59.804543256759644
 Thread 14 estimated dimension 0 of 11 : 0.6058240228376967  | time taken : 118.37323927879333
 Thread 6 estimated dimension 0 of 11 : 0.6455737301155764  | time taken : 123.2197151184082
 Thread 3 estimated dimension 1 of 11 : 0.8039725311817968  | time taken : 73.97192549705505
 Thread 10 estimated dimension 0 of 11 : 0.5144694029229533  | time taken : 132.1610586643219
 Thread 1 estimated dimension 1 of 11 : 0.7138402589959969  | time taken : 71.68720650672913
 Thread 8 estimated dimension 0 of 11 : 0.39194245528555177  | time taken : 133.28247261047363
 Thread 2 estimated dimension 0 of 11 : 0.5490073691079739  | time taken : 134.46632146835327
 Thread 4 estimated dimension 0 of 11 : 0.38659158304476215  | time taken : 151.79677391052246
 Thread 11 estimated dimension 0 of 11 : 0.45989639634175883  | time taken : 153.20460987091064
 Thread 9 estimated dimension 0 of 11 : 0.3581495623882411  | time taken : 168.42230606079102
 Thread 6 estimated dimension 1 of 11 : 0.7830605000416673  | time taken : 46.386892318725586
 Thread 14 estimated dimension 1 of 11 : 0.7588619490909063  | time taken : 58.14163041114807
 Thread 12 estimated dimension 0 of 11 : 0.38276990119184895  | time taken : 178.22507691383362
 Thread 7 estimated dimension 0 of 11 : 0.44075416777626425  | time taken : 181.1302764415741
 Thread 2 estimated dimension 1 of 11 : 0.7845623953867454  | time taken : 52.93461728096008
 Thread 8 estimated dimension 1 of 11 : 0.6833212998062634  | time taken : 88.5587522983551
 Thread 3 estimated dimension 2 of 11 : 0.6156493723140622  | time taken : 106.686763048172
 Thread 1 estimated dimension 2 of 11 : 0.6031226322052082  | time taken : 105.37623333930969
 Thread 4 estimated dimension 1 of 11 : 0.6867562363069174  | time taken : 91.7830958366394
 Thread 8 estimated dimension 2 of 11 : 1  | time taken : 21.75344228744507
 Thread 4 estimated dimension 2 of 11 : 0.9842972077671724  | time taken : 20.41806721687317
 Thread 8 estimated dimension 3 of 11 : 1  | time taken : 17.535008192062378
 Thread 7 estimated dimension 1 of 11 : 0.6709869901794421  | time taken : 90.10355401039124
 Thread 6 estimated dimension 2 of 11 : 0.5912094482124421  | time taken : 106.36711096763611
 Thread 4 estimated dimension 3 of 11 : 0.9875338536220302  | time taken : 14.423819780349731
 Thread 5 estimated dimension 0 of 11 : 0.41392794086569035  | time taken : 285.2557325363159
 Thread 12 estimated dimension 1 of 11 : 0.6664458135947876  | time taken : 110.80801677703857
 Thread 7 estimated dimension 2 of 11 : 0.9928841192096346  | time taken : 23.429036378860474
 Thread 12 estimated dimension 2 of 11 : 1  | time taken : 22.118520498275757
 Thread 14 estimated dimension 2 of 11 : 0.5560262372429641  | time taken : 137.89379739761353
 Thread 7 estimated dimension 3 of 11 : 1  | time taken : 19.131448984146118
 Thread 12 estimated dimension 3 of 11 : 0.9840956132954324  | time taken : 17.30351948738098
 Thread 2 estimated dimension 2 of 11 : 0.437279107881508  | time taken : 173.01727151870728
 Thread 3 estimated dimension 3 of 11 : 0.5488169813199397  | time taken : 127.39786577224731
 Thread 13 estimated dimension 1 of 11 : 0.22029887015215813  | time taken : 318.4829914569855
 Thread 4 estimated dimension 4 of 11 : 0.7022471300412921  | time taken : 81.55174255371094
 Thread 5 estimated dimension 1 of 11 : 0.7243326108140512  | time taken : 94.5096344947815
 Thread 3 estimated dimension 4 of 11 : 0.9893032948571691  | time taken : 18.156575918197632
 Thread 13 estimated dimension 2 of 11 : 0.9857817265197447  | time taken : 29.09988284111023
 Thread 3 estimated dimension 5 of 11 : 0.9823568205443235  | time taken : 15.66334080696106
 Thread 2 estimated dimension 3 of 11 : 1  | time taken : 37.992677450180054
 Thread 5 estimated dimension 2 of 11 : 1  | time taken : 28.999647855758667
 Thread 7 estimated dimension 4 of 11 : 0.7915387931832458  | time taken : 92.08615398406982
 Thread 6 estimated dimension 3 of 11 : 0.628259082550829  | time taken : 135.58070945739746
 Thread 4 estimated dimension 5 of 11 : 0.9084106388213322  | time taken : 57.31409478187561
 Thread 10 estimated dimension 1 of 11 : 0.2885554192201863  | time taken : 294.80246233940125
 Thread 2 estimated dimension 4 of 11 : 1  | time taken : 21.108956336975098
 Thread 6 estimated dimension 4 of 11 : 1  | time taken : 13.001158475875854
 Thread 13 estimated dimension 3 of 11 : 1  | time taken : 36.808441400527954
 Thread 1 estimated dimension 3 of 11 : 0.42399301951281276  | time taken : 197.77545833587646
 Thread 11 estimated dimension 1 of 11 : 0.31658692120972115  | time taken : 287.4355010986328
 Thread 3 estimated dimension 6 of 11 : 1  | time taken : 37.395424604415894
 Thread 5 estimated dimension 3 of 11 : 0.9925389021464989  | time taken : 31.542189836502075
 Thread 6 estimated dimension 5 of 11 : 1  | time taken : 29.629045963287354
 Thread 13 estimated dimension 4 of 11 : 1  | time taken : 26.388126850128174
 Thread 1 estimated dimension 4 of 11 : 1  | time taken : 24.90230417251587
 Thread 2 estimated dimension 5 of 11 : 1  | time taken : 38.189603090286255
 Thread 10 estimated dimension 2 of 11 : 0.9691811478220577  | time taken : 39.31524109840393
 Thread 11 estimated dimension 2 of 11 : 1  | time taken : 25.932506322860718
 Thread 7 estimated dimension 5 of 11 : 0.8956433224974473  | time taken : 55.09254026412964
 Thread 6 estimated dimension 6 of 11 : 1  | time taken : 22.426146030426025
 Thread 9 estimated dimension 1 of 11 : 0.286170513229515  | time taken : 319.37421107292175
 Thread 1 estimated dimension 5 of 11 : 1  | time taken : 24.56605100631714
 Thread 10 estimated dimension 3 of 11 : 1  | time taken : 26.914657831192017
 Thread 11 estimated dimension 3 of 11 : 1  | time taken : 32.97199726104736
 Thread 4 estimated dimension 6 of 11 : 0.805934984408762  | time taken : 76.69127488136292
 Thread 14 estimated dimension 3 of 11 : 0.4630564989892249  | time taken : 195.56718039512634
 Thread 1 estimated dimension 6 of 11 : 1  | time taken : 20.260475873947144
 Thread 5 estimated dimension 4 of 11 : 0.8039062810385011  | time taken : 77.0871524810791
 Thread 3 estimated dimension 7 of 11 : 0.7600524853833243  | time taken : 84.55471563339233
 Thread 9 estimated dimension 2 of 11 : 0.9852548428316491  | time taken : 41.003751277923584
 Thread 1 estimated dimension 7 of 11 : 1  | time taken : 13.974128484725952
 Thread 2 estimated dimension 6 of 11 : 0.8147236542823284  | time taken : 72.02364826202393
 Thread 14 estimated dimension 4 of 11 : 1  | time taken : 37.636170864105225
 Thread 13 estimated dimension 5 of 11 : 0.8425807756352437  | time taken : 92.31503701210022
 Thread 9 estimated dimension 3 of 11 : 0.9893710138071747  | time taken : 28.366364002227783
 Thread 6 estimated dimension 7 of 11 : 0.7724945709434329  | time taken : 77.05491399765015
 Thread 5 estimated dimension 5 of 11 : 0.907905362356756  | time taken : 43.84707951545715
 Thread 14 estimated dimension 5 of 11 : 0.9932960937677315  | time taken : 26.789612531661987
 Thread 11 estimated dimension 4 of 11 : 0.8100927649884289  | time taken : 87.0840015411377
 Thread 11 estimated dimension 5 of 11 : 0.9947595610053906  | time taken : 14.058871269226074
 Thread 14 estimated dimension 6 of 11 : 1  | time taken : 39.20305061340332
 Thread 9 estimated dimension 4 of 11 : 0.8564360950317877  | time taken : 63.74473524093628
 Thread 2 estimated dimension 7 of 11 : 0.7524272024414246  | time taken : 94.19446134567261
 Thread 14 estimated dimension 7 of 11 : 0.9851215427278559  | time taken : 20.98336625099182
 Thread 10 estimated dimension 4 of 11 : 0.8372865015032982  | time taken : 150.7506022453308
 Thread 9 estimated dimension 5 of 11 : 1  | time taken : 24.416935682296753
 Thread 10 estimated dimension 5 of 11 : 0.9945230009823176  | time taken : 16.448681592941284
 Thread 1 estimated dimension 8 of 11 : 0.6773773123961053  | time taken : 155.77729105949402
 Thread 6 estimated dimension 8 of 11 : 0.7037705931199784  | time taken : 124.05404448509216
 Thread 11 estimated dimension 6 of 11 : 0.7882112722184079  | time taken : 90.15216135978699
 Thread 13 estimated dimension 6 of 11 : 0.7910632478244212  | time taken : 143.4369466304779
 Thread 8 estimated dimension 4 of 11 : 0.208913423013864  | time taken : 448.84456610679626
 Thread 2 estimated dimension 8 of 11 : 0.6750538376774372  | time taken : 112.34011197090149
 Thread 9 estimated dimension 6 of 11 : 0.8214557336031906  | time taken : 113.46236562728882
 Thread 12 estimated dimension 4 of 11 : 0.22126600063772042  | time taken : 442.26637172698975
 Thread 13 estimated dimension 7 of 11 : 0.7617716304794918  | time taken : 110.43077611923218
 Thread 6 estimated dimension 9 of 11 : 0.5436682563024889  | time taken : 169.15477323532104
 Thread 1 estimated dimension 9 of 11 : 0.5041262297064826  | time taken : 189.4027602672577
 Thread 9 estimated dimension 7 of 11 : 0.7298251928869399  | time taken : 124.7912244796753
 Thread 3 estimated dimension 8 of 11 : 0.3413514346356807  | time taken : 370.9129104614258
 Thread 12 estimated dimension 5 of 11 : 0.6890886164457385  | time taken : 133.602294921875
 Thread 3 estimated dimension 9 of 11 : 1  | time taken : 39.85918140411377
 Thread 12 estimated dimension 6 of 11 : 0.9916884199532382  | time taken : 31.704087734222412
 Thread 13 estimated dimension 8 of 11 : 0.6461104812025273  | time taken : 146.39208269119263
 Thread 12 estimated dimension 7 of 11 : 0.9957158439563166  | time taken : 37.147988080978394
 Thread 8 estimated dimension 5 of 11 : 0.32526858764384853  | time taken : 279.9355881214142
 Thread 14 estimated dimension 8 of 11 : 0.36234773190148095  | time taken : 355.239137172699
 Thread 2 estimated dimension 9 of 11 : 0.488350342361382  | time taken : 251.58852910995483
 Thread 7 estimated dimension 6 of 11 : 0.22382523717490957  | time taken : 533.6707332134247
 Thread 5 estimated dimension 6 of 11 : 0.20465898302796426  | time taken : 433.93471002578735
 Thread 4 estimated dimension 7 of 11 : 0.25676386195891865  | time taken : 521.5791003704071
 Thread 7 estimated dimension 7 of 11 : 0.9936361794444039  | time taken : 35.16097164154053
 Thread 12 estimated dimension 8 of 11 : 1  | time taken : 55.71161127090454
 Thread 14 estimated dimension 9 of 11 : 1  | time taken : 41.67416548728943
 Thread 4 estimated dimension 8 of 11 : 0.9940424415543938  | time taken : 26.734819650650024
 Thread 5 estimated dimension 7 of 11 : 1  | time taken : 52.006977558135986
 Thread 1 estimated dimension 10 of 11 : 0.4781003150601048  | time taken : 179.45284962654114
 Thread 8 estimated dimension 6 of 11 : 0.989188785754857  | time taken : 61.237303256988525
 Thread 1 nsolns: 109047
 Thread 7 estimated dimension 8 of 11 : 0.9846475509472408  | time taken : 32.603416442871094
 Thread 11 estimated dimension 7 of 11 : 0.26160325736795065  | time taken : 390.4321777820587
 Thread 4 estimated dimension 9 of 11 : 1  | time taken : 37.650495290756226
 Thread 8 estimated dimension 7 of 11 : 1  | time taken : 31.69162368774414
 Thread 12 estimated dimension 9 of 11 : 0.9906922330075293  | time taken : 49.8507444858551
 Thread 7 estimated dimension 9 of 11 : 1  | time taken : 20.105196237564087
 Thread 5 estimated dimension 8 of 11 : 1  | time taken : 46.73248839378357
 Thread 6 estimated dimension 10 of 11 : 0.5043793547500905  | time taken : 255.33200812339783
 Thread 6 nsolns: 104666
 Thread 10 estimated dimension 6 of 11 : 0.21959549625148783  | time taken : 462.3727967739105
 Thread 11 estimated dimension 8 of 11 : 0.9776844527489313  | time taken : 45.30525207519531
 Thread 8 estimated dimension 8 of 11 : 0.9832194665714128  | time taken : 52.95739006996155
 Thread 3 estimated dimension 10 of 11 : 0.48973539876817584  | time taken : 213.09422063827515
 Thread 5 estimated dimension 9 of 11 : 1  | time taken : 51.1514937877655
 Thread 3 nsolns: 109820
 Thread 13 estimated dimension 9 of 11 : 0.5366464971947419  | time taken : 199.78871202468872
 Thread 11 estimated dimension 9 of 11 : 0.9910157953814225  | time taken : 33.38599228858948
 Thread 10 estimated dimension 7 of 11 : 0.9900799161317749  | time taken : 50.428696393966675
 Thread 8 estimated dimension 9 of 11 : 1  | time taken : 46.06476855278015
 Thread 11 estimated dimension 10 of 11 : 1  | time taken : 32.28036165237427
 Thread 11 nsolns: 117425
 Thread 13 estimated dimension 10 of 11 : 0.983611881330425  | time taken : 42.50352120399475
 Thread 1 estimated dimension 0 of 11 : 0.5783811536054941  | time taken : 150.32640409469604
 Thread 13 nsolns: 113806
 Thread 10 estimated dimension 8 of 11 : 0.9897203708904161  | time taken : 52.35116457939148
 Thread 2 estimated dimension 10 of 11 : 0.5058981710381718  | time taken : 233.60678482055664
 Thread 2 nsolns: 109344
 Thread 8 estimated dimension 10 of 11 : 0.9954127620650924  | time taken : 46.71533417701721
 Thread 8 nsolns: 125795
 Thread 9 estimated dimension 8 of 11 : 0.3612226653632537  | time taken : 368.1466896533966
 Thread 14 estimated dimension 10 of 11 : 0.5185191397277912  | time taken : 221.25483107566833
 Thread 14 nsolns: 110804
 Thread 12 estimated dimension 10 of 11 : 0.4947766753900143  | time taken : 184.26652908325195
 Thread 12 nsolns: 120644
 Thread 7 estimated dimension 10 of 11 : 0.5251343558321692  | time taken : 182.47989320755005
 Thread 7 nsolns: 116838
 Thread 10 estimated dimension 9 of 11 : 1  | time taken : 52.029643535614014
 Thread 4 estimated dimension 10 of 11 : 0.511334910901841  | time taken : 204.60771346092224
 Thread 4 nsolns: 117673
 Thread 9 estimated dimension 9 of 11 : 1  | time taken : 37.17495512962341
 Thread 3 estimated dimension 0 of 11 : 0.5103392143663567  | time taken : 153.0548598766327
 Thread 1 estimated dimension 1 of 11 : 0.8038198324119455  | time taken : 103.56515002250671
 Thread 6 estimated dimension 0 of 11 : 0.41393811048994994  | time taken : 213.07048058509827
 Thread 10 estimated dimension 10 of 11 : 1  | time taken : 41.58393311500549
 Thread 10 nsolns: 120696
 Thread 9 estimated dimension 10 of 11 : 1  | time taken : 36.89513826370239
 Thread 9 nsolns: 119069
 Thread 5 estimated dimension 10 of 11 : 0.5422325422408198  | time taken : 192.45304036140442
 Thread 5 nsolns: 119225
 Thread 3 estimated dimension 1 of 11 : 0.7744622384124353  | time taken : 68.00734734535217
 Thread 8 estimated dimension 0 of 11 : 0.5194655335847141  | time taken : 160.8375165462494
 Thread 13 estimated dimension 0 of 11 : 0.36449964072147795  | time taken : 200.93870520591736
 Thread 7 estimated dimension 0 of 11 : 0.45199538515681875  | time taken : 140.16421699523926
 Thread 12 estimated dimension 0 of 11 : 0.4495188421466468  | time taken : 150.69853115081787
 Thread 14 estimated dimension 0 of 11 : 0.4337733494273767  | time taken : 165.2891366481781
 Thread 6 estimated dimension 1 of 11 : 0.7046381007539065  | time taken : 114.77443647384644
 Thread 1 estimated dimension 2 of 11 : 0.5414252693466158  | time taken : 121.34634685516357
 Thread 4 estimated dimension 0 of 11 : 0.42641960250738176  | time taken : 145.32088017463684
 Thread 11 estimated dimension 0 of 11 : 0.3934926008235836  | time taken : 243.1103162765503
 Thread 6 estimated dimension 2 of 11 : 0.9886138046316519  | time taken : 13.934350490570068
 Thread 2 estimated dimension 0 of 11 : 0.475512246871764  | time taken : 217.45583701133728
 Thread 6 estimated dimension 3 of 11 : 0.9917946499367184  | time taken : 23.637842655181885
 Thread 8 estimated dimension 1 of 11 : 0.7076002145379165  | time taken : 80.43676781654358
 Thread 10 estimated dimension 0 of 11 : 0.39745559802474756  | time taken : 172.46991801261902
 Thread 5 estimated dimension 0 of 11 : 0.5425506060680804  | time taken : 161.464035987854
 Thread 9 estimated dimension 0 of 11 : 0.39399101550712035  | time taken : 183.80771446228027
 Thread 7 estimated dimension 1 of 11 : 0.7196713406987617  | time taken : 105.32833671569824
 Thread 12 estimated dimension 1 of 11 : 0.7103198477833509  | time taken : 119.19922184944153
 Thread 7 estimated dimension 2 of 11 : 0.990644353294691  | time taken : 23.922702074050903
 Thread 13 estimated dimension 1 of 11 : 0.7669207454228042  | time taken : 145.39461994171143
 Thread 2 estimated dimension 1 of 11 : 0.736644526691857  | time taken : 105.13577580451965
 Thread 4 estimated dimension 1 of 11 : 0.6787840540748765  | time taken : 121.19434452056885
 Thread 3 estimated dimension 2 of 11 : 0.4705796393731867  | time taken : 187.4260540008545
 Thread 11 estimated dimension 1 of 11 : 0.6734630549424115  | time taken : 125.00635147094727
 Thread 13 estimated dimension 2 of 11 : 1  | time taken : 16.150007963180542
 Thread 1 estimated dimension 3 of 11 : 0.563866960008603  | time taken : 143.95028591156006
 Thread 2 estimated dimension 2 of 11 : 1  | time taken : 23.24681329727173
 Thread 7 estimated dimension 3 of 11 : 0.9840923364234564  | time taken : 25.92743730545044
 Thread 4 estimated dimension 2 of 11 : 1  | time taken : 24.40850257873535
 Thread 5 estimated dimension 1 of 11 : 0.7599476219732925  | time taken : 75.71890687942505
 Thread 11 estimated dimension 2 of 11 : 0.980666730181731  | time taken : 13.247620820999146
 Thread 12 estimated dimension 2 of 11 : 0.9836884981851298  | time taken : 35.90716052055359
 Thread 3 estimated dimension 3 of 11 : 0.9930466639469202  | time taken : 25.241968631744385
 Thread 13 estimated dimension 3 of 11 : 0.9848122186842255  | time taken : 24.931621313095093
 Thread 1 estimated dimension 4 of 11 : 1  | time taken : 21.939931392669678
 Thread 12 estimated dimension 3 of 11 : 0.9994848038118431  | time taken : 16.322793006896973
 Thread 2 estimated dimension 3 of 11 : 1  | time taken : 25.467672109603882
 Thread 4 estimated dimension 3 of 11 : 1  | time taken : 29.369683027267456
 Thread 3 estimated dimension 4 of 11 : 0.9819789072509478  | time taken : 27.852286338806152
 Thread 9 estimated dimension 1 of 11 : 0.6274480565757861  | time taken : 103.31062150001526
 Thread 11 estimated dimension 3 of 11 : 1  | time taken : 37.102566957473755
 Thread 1 estimated dimension 5 of 11 : 0.9919974185939896  | time taken : 31.42334008216858
 Thread 9 estimated dimension 2 of 11 : 1  | time taken : 25.6822452545166
 Thread 3 estimated dimension 5 of 11 : 1  | time taken : 27.825757265090942
 Thread 8 estimated dimension 2 of 11 : 0.48039849277405083  | time taken : 175.922616481781
 Thread 1 estimated dimension 6 of 11 : 1  | time taken : 25.109700441360474
 Thread 13 estimated dimension 4 of 11 : 0.7593858455358392  | time taken : 73.07841348648071
 Thread 9 estimated dimension 3 of 11 : 0.9991601186714523  | time taken : 27.241689205169678
 Thread 7 estimated dimension 4 of 11 : 0.7439389607534482  | time taken : 98.79386901855469
 Thread 12 estimated dimension 4 of 11 : 0.7605064904108666  | time taken : 81.49655818939209
 Thread 8 estimated dimension 3 of 11 : 0.9950958232059182  | time taken : 28.467905044555664
 Thread 11 estimated dimension 4 of 11 : 0.7689187823181678  | time taken : 76.82095336914062
 Thread 4 estimated dimension 4 of 11 : 0.7258694286093864  | time taken : 96.95717692375183
 Thread 8 estimated dimension 4 of 11 : 1  | time taken : 29.25081992149353
 Thread 12 estimated dimension 5 of 11 : 0.9226937030051328  | time taken : 51.89116072654724
 Thread 3 estimated dimension 6 of 11 : 0.7736528440517808  | time taken : 93.63379549980164
 Thread 8 estimated dimension 5 of 11 : 1  | time taken : 24.01823616027832
 Thread 7 estimated dimension 5 of 11 : 0.8968041844767894  | time taken : 71.4142689704895
 Thread 14 estimated dimension 1 of 11 : 0.3064583039424738  | time taken : 328.7588720321655
 Thread 1 estimated dimension 7 of 11 : 0.7426420337637536  | time taken : 96.29072070121765
 Thread 5 estimated dimension 2 of 11 : 0.4427746168607844  | time taken : 173.7950611114502
 Thread 4 estimated dimension 5 of 11 : 0.8804673218137407  | time taken : 52.05656385421753
 Thread 13 estimated dimension 5 of 11 : 0.9242689165413147  | time taken : 91.10743594169617
 Thread 11 estimated dimension 5 of 11 : 0.9050263174402441  | time taken : 70.63443756103516
 Thread 9 estimated dimension 4 of 11 : 0.8098630573209293  | time taken : 118.35634565353394
 Thread 10 estimated dimension 1 of 11 : 0.28649069884492884  | time taken : 294.9571235179901
 Thread 5 estimated dimension 3 of 11 : 0.9831000764370075  | time taken : 37.54843735694885
 Thread 14 estimated dimension 2 of 11 : 0.992568952345397  | time taken : 41.51055121421814
 Thread 12 estimated dimension 6 of 11 : 0.8203685937050648  | time taken : 83.82253050804138
 Thread 5 estimated dimension 4 of 11 : 0.9996826798101555  | time taken : 28.434080123901367
 Thread 8 estimated dimension 6 of 11 : 0.7879223968452719  | time taken : 81.63694739341736
 Thread 10 estimated dimension 2 of 11 : 1  | time taken : 36.54445838928223
 Thread 14 estimated dimension 3 of 11 : 1  | time taken : 42.64824724197388
 Thread 5 estimated dimension 5 of 11 : 0.9896757820148574  | time taken : 27.118762493133545
 Thread 4 estimated dimension 6 of 11 : 0.7745182210247253  | time taken : 92.38429355621338
 Thread 13 estimated dimension 6 of 11 : 0.789079806333856  | time taken : 92.0311210155487
 Thread 9 estimated dimension 5 of 11 : 0.8824768081021629  | time taken : 66.89840531349182
 Thread 11 estimated dimension 6 of 11 : 0.7860514224778851  | time taken : 88.42556643486023
 Thread 10 estimated dimension 3 of 11 : 1  | time taken : 37.15681743621826
 Thread 6 estimated dimension 4 of 11 : 0.2795565764250478  | time taken : 439.7464315891266
 Thread 8 estimated dimension 7 of 11 : 0.7504516974612189  | time taken : 84.51461434364319
 Thread 5 estimated dimension 6 of 11 : 0.7965463923139611  | time taken : 69.20617818832397
 Thread 14 estimated dimension 4 of 11 : 0.7917156235126539  | time taken : 95.5130386352539
 Thread 13 estimated dimension 7 of 11 : 0.7519749513307497  | time taken : 79.91194009780884
 Thread 4 estimated dimension 7 of 11 : 0.7529829259482543  | time taken : 87.0630190372467
 Thread 9 estimated dimension 6 of 11 : 0.7834123632692278  | time taken : 95.1170425415039
 Thread 10 estimated dimension 4 of 11 : 0.8092354874834803  | time taken : 92.94590616226196
 Thread 14 estimated dimension 5 of 11 : 1  | time taken : 28.962773084640503
 Thread 10 estimated dimension 5 of 11 : 1  | time taken : 14.358103513717651
 Thread 8 estimated dimension 8 of 11 : 0.7015210219604674  | time taken : 90.72330665588379
 Thread 5 estimated dimension 7 of 11 : 0.7720915689272901  | time taken : 86.64377856254578
 Thread 6 estimated dimension 5 of 11 : 0.6701841535704031  | time taken : 119.97256684303284
 Thread 2 estimated dimension 4 of 11 : 0.2490121857373004  | time taken : 441.7350866794586
 Thread 9 estimated dimension 7 of 11 : 0.7598761642408755  | time taken : 100.1573007106781
 Thread 1 estimated dimension 8 of 11 : 0.33428607808092214  | time taken : 317.2651278972626
 Thread 6 estimated dimension 6 of 11 : 0.9802069677225311  | time taken : 43.40494751930237
 Thread 14 estimated dimension 6 of 11 : 0.7280294970682011  | time taken : 103.94228839874268
 Thread 4 estimated dimension 8 of 11 : 0.6184923833264361  | time taken : 127.67286586761475
 Thread 10 estimated dimension 6 of 11 : 0.7830750687130762  | time taken : 118.26105976104736
 Thread 1 estimated dimension 9 of 11 : 0.9874491115788449  | time taken : 40.73170018196106
 Thread 6 estimated dimension 7 of 11 : 1  | time taken : 55.44098353385925
 Thread 5 estimated dimension 8 of 11 : 0.6962242997243631  | time taken : 117.72080779075623
 Thread 6 estimated dimension 8 of 11 : 0.9970852425946191  | time taken : 41.28281378746033
 Thread 14 estimated dimension 7 of 11 : 0.7047091784394479  | time taken : 108.53713059425354
 Thread 12 estimated dimension 7 of 11 : 0.2503862300427753  | time taken : 366.09106516838074
 Thread 9 estimated dimension 8 of 11 : 0.6486072192424129  | time taken : 133.93876576423645
 Thread 6 estimated dimension 9 of 11 : 0.9931389536729199  | time taken : 25.417234182357788
 Thread 7 estimated dimension 6 of 11 : 0.21640728184170435  | time taken : 452.8581087589264
 Thread 3 estimated dimension 7 of 11 : 0.26672009098412214  | time taken : 468.3936583995819
 Thread 10 estimated dimension 7 of 11 : 0.755386638815375  | time taken : 114.59389567375183
 Thread 2 estimated dimension 5 of 11 : 0.7013701246077607  | time taken : 179.9136040210724
 Thread 13 estimated dimension 8 of 11 : 0.36161342001271046  | time taken : 289.27507734298706
 Thread 12 estimated dimension 8 of 11 : 0.9895938144341564  | time taken : 46.53270745277405
 Thread 7 estimated dimension 7 of 11 : 1  | time taken : 43.27741503715515
 Thread 3 estimated dimension 8 of 11 : 1  | time taken : 45.05174803733826
 Thread 8 estimated dimension 9 of 11 : 0.4194591403439258  | time taken : 257.1150085926056
 Thread 12 estimated dimension 9 of 11 : 0.9959606225987648  | time taken : 31.67820644378662
 Thread 13 estimated dimension 9 of 11 : 0.999920965597568  | time taken : 43.78149938583374
 Thread 2 estimated dimension 6 of 11 : 1  | time taken : 52.883967876434326
 Thread 7 estimated dimension 8 of 11 : 0.9688491719462039  | time taken : 31.32748794555664
 Thread 4 estimated dimension 9 of 11 : 0.4654374871563449  | time taken : 212.8340027332306
 Thread 3 estimated dimension 9 of 11 : 0.9955287528839145  | time taken : 39.45499539375305
 Thread 7 estimated dimension 9 of 11 : 1  | time taken : 32.3142511844635
 Thread 14 estimated dimension 8 of 11 : 0.5824179893264079  | time taken : 140.44551062583923
 Thread 10 estimated dimension 8 of 11 : 0.67880797598521  | time taken : 106.36910772323608
 Thread 2 estimated dimension 7 of 11 : 0.9998205963943939  | time taken : 53.94178318977356
 Thread 5 estimated dimension 9 of 11 : 0.5411758070663895  | time taken : 218.9446461200714
 Thread 11 estimated dimension 7 of 11 : 0.2474007626603697  | time taken : 494.64637327194214
 Thread 11 estimated dimension 8 of 11 : 0.9796991571833613  | time taken : 25.372265100479126
 Thread 1 estimated dimension 10 of 11 : 0.5021335310339836  | time taken : 279.43205285072327
 Thread 1 nsolns: 112672
 Thread 2 estimated dimension 8 of 11 : 1  | time taken : 63.81538438796997
 Thread 9 estimated dimension 9 of 11 : 0.528849849856791  | time taken : 222.22910475730896
 Thread 2 estimated dimension 9 of 11 : 0.9947267787260962  | time taken : 29.104389667510986
 Thread 11 estimated dimension 9 of 11 : 1  | time taken : 52.35768699645996
 Thread 12 estimated dimension 10 of 11 : 0.4441906541272753  | time taken : 218.3599398136139
 Thread 4 estimated dimension 10 of 11 : 0.5252425040296451  | time taken : 201.293133020401
 Thread 12 nsolns: 117165
 Thread 6 estimated dimension 10 of 11 : 0.47010766577799834  | time taken : 290.3029315471649
 Thread 6 nsolns: 113436
 Thread 13 estimated dimension 10 of 11 : 0.4269491103655803  | time taken : 219.17867946624756
 Thread 4 nsolns: 110446
 Thread 13 nsolns: 114104
 Thread 3 estimated dimension 10 of 11 : 0.4381709647351082  | time taken : 205.48571062088013
 Thread 8 estimated dimension 10 of 11 : 0.49259871429733887  | time taken : 239.99253058433533
 Thread 3 nsolns: 118071
 Thread 8 nsolns: 112453
 Thread 1 estimated dimension 0 of 11 : 0.580793049707284  | time taken : 118.89824318885803
 Thread 14 estimated dimension 9 of 11 : 0.5312547941939987  | time taken : 206.55746841430664
 Thread 7 estimated dimension 10 of 11 : 0.4685597111464281  | time taken : 242.61066055297852
 Thread 7 nsolns: 118590
 Thread 14 estimated dimension 10 of 11 : 0.9907694490867985  | time taken : 32.374109745025635
 Thread 14 nsolns: 114591
 Thread 5 estimated dimension 10 of 11 : 0.4881945708838966  | time taken : 233.3847234249115
 Thread 5 nsolns: 108894
 Thread 10 estimated dimension 9 of 11 : 0.48274093407288643  | time taken : 260.6631860733032
 Thread 8 estimated dimension 0 of 11 : 0.6831028276134845  | time taken : 113.0009171962738
 Thread 10 estimated dimension 10 of 11 : 0.9871074174123068  | time taken : 33.68172526359558
 Thread 10 nsolns: 115511
 Thread 9 estimated dimension 10 of 11 : 0.4639005331539221  | time taken : 212.8215446472168
 Thread 9 nsolns: 111313
 Thread 1 estimated dimension 1 of 11 : 0.7778247120852387  | time taken : 120.41221308708191
 Thread 6 estimated dimension 0 of 11 : 0.5144545555460974  | time taken : 146.703289270401
 Thread 2 estimated dimension 10 of 11 : 0.49509564533848166  | time taken : 210.2872622013092
 Thread 2 nsolns: 112968
 Thread 11 estimated dimension 10 of 11 : 0.5585460732074129  | time taken : 210.72202944755554
 Thread 12 estimated dimension 0 of 11 : 0.530314728603753  | time taken : 159.87210988998413
 Thread 11 nsolns: 116988
 Thread 4 estimated dimension 0 of 11 : 0.499132522657504  | time taken : 203.60156846046448
 Thread 3 estimated dimension 0 of 11 : 0.5555522441298407  | time taken : 216.91437149047852
 Thread 7 estimated dimension 0 of 11 : 0.513047868946582  | time taken : 156.5286180973053
 Thread 13 estimated dimension 0 of 11 : 0.3749821444424129  | time taken : 239.17866826057434
 Thread 6 estimated dimension 1 of 11 : 0.7283806549416652  | time taken : 111.81794667243958
 Thread 5 estimated dimension 0 of 11 : 0.5176557132481063  | time taken : 169.64074158668518
 Thread 9 estimated dimension 0 of 11 : 0.5789142034146864  | time taken : 126.16755414009094
 Thread 10 estimated dimension 0 of 11 : 0.4692931651384085  | time taken : 210.51497769355774
 Thread 3 estimated dimension 1 of 11 : 0.748412578385403  | time taken : 126.78431272506714
 Thread 1 estimated dimension 2 of 11 : 0.4793117338515772  | time taken : 219.3873872756958
 Thread 3 estimated dimension 2 of 11 : 1  | time taken : 18.34502124786377
 Thread 13 estimated dimension 1 of 11 : 0.6843171141357722  | time taken : 133.9071774482727
 Thread 2 estimated dimension 0 of 11 : 0.4355226593764176  | time taken : 248.28786206245422
 Thread 3 estimated dimension 3 of 11 : 0.9932917436375899  | time taken : 36.50431489944458
 Thread 13 estimated dimension 2 of 11 : 0.9962853136041759  | time taken : 36.51332235336304
 Thread 1 estimated dimension 3 of 11 : 0.9839258913889875  | time taken : 47.45334339141846
 Thread 11 estimated dimension 0 of 11 : 0.44303447283806296  | time taken : 285.8260729312897
 Thread 1 estimated dimension 4 of 11 : 0.9661407034586093  | time taken : 34.789145946502686
 Thread 13 estimated dimension 3 of 11 : 0.9912168760550749  | time taken : 36.253071308135986
 Thread 6 estimated dimension 2 of 11 : 0.5320744706547491  | time taken : 193.8894875049591
 Thread 1 estimated dimension 5 of 11 : 1  | time taken : 18.18128538131714
 Thread 10 estimated dimension 1 of 11 : 0.7159218314400865  | time taken : 142.97499346733093
 Thread 10 estimated dimension 2 of 11 : 0.9886796019600269  | time taken : 34.6251859664917
 Thread 3 estimated dimension 4 of 11 : 0.8149012678578943  | time taken : 111.99666929244995
 Thread 10 estimated dimension 3 of 11 : 0.9944096578706336  | time taken : 13.908100843429565
 Thread 4 estimated dimension 1 of 11 : 0.3030518125972627  | time taken : 360.36946988105774
 Thread 13 estimated dimension 4 of 11 : 0.7572993375208422  | time taken : 115.03876519203186
 Thread 1 estimated dimension 6 of 11 : 0.7676422610450695  | time taken : 98.67935848236084
 Thread 4 estimated dimension 2 of 11 : 0.9919488715115404  | time taken : 30.59176540374756
 Thread 12 estimated dimension 1 of 11 : 0.23240759828516946  | time taken : 442.4952712059021
 Thread 3 estimated dimension 5 of 11 : 0.9117494954729773  | time taken : 90.35691475868225
 Thread 4 estimated dimension 3 of 11 : 0.9793691162386433  | time taken : 34.927040576934814
 Thread 10 estimated dimension 4 of 11 : 0.7924186989727423  | time taken : 103.40805625915527
 Thread 8 estimated dimension 1 of 11 : 0.22164405699576267  | time taken : 523.7006430625916
 Thread 12 estimated dimension 2 of 11 : 1  | time taken : 46.965808391571045
 Thread 13 estimated dimension 5 of 11 : 0.9092677401730416  | time taken : 95.45005798339844
 Thread 8 estimated dimension 2 of 11 : 1  | time taken : 25.622215032577515
 Thread 12 estimated dimension 3 of 11 : 1  | time taken : 35.728317975997925
 Thread 7 estimated dimension 1 of 11 : 0.22250948098991025  | time taken : 473.7768065929413
 Thread 1 estimated dimension 7 of 11 : 0.7557361282277412  | time taken : 129.98951935768127
 Thread 12 estimated dimension 4 of 11 : 1  | time taken : 25.550827503204346
 Thread 8 estimated dimension 3 of 11 : 1  | time taken : 39.41391682624817
 Thread 10 estimated dimension 5 of 11 : 0.9113128900817634  | time taken : 73.56696581840515
 Thread 3 estimated dimension 6 of 11 : 0.7930781361232881  | time taken : 115.97530388832092
 Thread 7 estimated dimension 2 of 11 : 1  | time taken : 44.35900950431824
 Thread 2 estimated dimension 1 of 11 : 0.299703671795696  | time taken : 363.01298689842224
 Thread 4 estimated dimension 4 of 11 : 0.8428082966508693  | time taken : 132.49522495269775
 Thread 13 estimated dimension 6 of 11 : 0.8098566207808899  | time taken : 104.80508279800415
 Thread 9 estimated dimension 1 of 11 : 0.23324147444652052  | time taken : 508.3089919090271
 Thread 7 estimated dimension 3 of 11 : 1  | time taken : 32.77729773521423
 Thread 5 estimated dimension 1 of 11 : 0.22326998769990491  | time taken : 523.330894947052
 Thread 8 estimated dimension 4 of 11 : 1  | time taken : 65.86133885383606
 Thread 6 estimated dimension 3 of 11 : 0.4163635572434558  | time taken : 336.8438096046448
 Thread 7 estimated dimension 4 of 11 : 0.9888845911984868  | time taken : 18.289445161819458
 Thread 10 estimated dimension 6 of 11 : 0.8053232073538128  | time taken : 87.12742877006531
 Thread 9 estimated dimension 2 of 11 : 1  | time taken : 38.08761954307556
 Thread 2 estimated dimension 2 of 11 : 1  | time taken : 55.28022313117981
 Thread 5 estimated dimension 2 of 11 : 0.993549181272344  | time taken : 31.5424222946167
 Thread 12 estimated dimension 5 of 11 : 0.8310650271675344  | time taken : 103.98804211616516
 Thread 4 estimated dimension 5 of 11 : 1  | time taken : 55.86746573448181
 Thread 6 estimated dimension 4 of 11 : 0.9913743552201905  | time taken : 37.01519823074341
 Thread 11 estimated dimension 1 of 11 : 0.29559807961012824  | time taken : 403.0415873527527
 Thread 3 estimated dimension 7 of 11 : 0.7608906392476765  | time taken : 129.4917619228363
 Thread 2 estimated dimension 3 of 11 : 1  | time taken : 53.043776750564575
 Thread 6 estimated dimension 5 of 11 : 0.9967002765059897  | time taken : 40.951467514038086
 Thread 9 estimated dimension 3 of 11 : 0.9951889158909502  | time taken : 58.134970903396606
 Thread 5 estimated dimension 3 of 11 : 0.9977099304527905  | time taken : 61.25179100036621
 Thread 11 estimated dimension 2 of 11 : 0.9878873193904135  | time taken : 53.87231755256653
 Thread 8 estimated dimension 5 of 11 : 0.8630096464826968  | time taken : 117.6860728263855
 Thread 6 estimated dimension 6 of 11 : 1  | time taken : 37.04865598678589
 Thread 9 estimated dimension 4 of 11 : 1  | time taken : 33.27613162994385
 Thread 5 estimated dimension 4 of 11 : 0.9880203656274519  | time taken : 34.60380983352661
 Thread 13 estimated dimension 7 of 11 : 0.7343891555989488  | time taken : 158.28719782829285
 Thread 11 estimated dimension 3 of 11 : 1  | time taken : 32.93793082237244
 Thread 12 estimated dimension 6 of 11 : 0.7850551178326807  | time taken : 124.26119303703308
 Thread 10 estimated dimension 7 of 11 : 0.7496905487740348  | time taken : 132.07500410079956
 Thread 7 estimated dimension 5 of 11 : 0.8044405047384446  | time taken : 144.35671877861023
 Thread 6 estimated dimension 7 of 11 : 0.9691816281390664  | time taken : 35.403138875961304
 Thread 8 estimated dimension 6 of 11 : 0.7878469229371317  | time taken : 111.37008786201477
 Thread 3 estimated dimension 8 of 11 : 0.5985426813478533  | time taken : 163.0205500125885
 Thread 2 estimated dimension 4 of 11 : 0.8190685572841824  | time taken : 170.98667526245117
 Thread 9 estimated dimension 5 of 11 : 0.8068702949824852  | time taken : 139.36221647262573
 Thread 7 estimated dimension 6 of 11 : 0.782768721674053  | time taken : 106.63974642753601
 Thread 1 estimated dimension 8 of 11 : 0.3715807554504595  | time taken : 354.28655529022217
 Thread 5 estimated dimension 5 of 11 : 0.7922149373251111  | time taken : 148.1635513305664
 Thread 2 estimated dimension 5 of 11 : 0.9816467181716807  | time taken : 32.60627293586731
 Thread 1 estimated dimension 9 of 11 : 1  | time taken : 28.17475152015686
 Thread 13 estimated dimension 8 of 11 : 0.6374144770893141  | time taken : 160.3276743888855
 Thread 10 estimated dimension 8 of 11 : 0.6310104764129205  | time taken : 174.60429501533508
 Thread 9 estimated dimension 6 of 11 : 0.8000518422115579  | time taken : 122.48404550552368
 Thread 5 estimated dimension 6 of 11 : 0.7913080380878031  | time taken : 121.93738651275635
 Thread 2 estimated dimension 6 of 11 : 0.7790748794049082  | time taken : 124.19962573051453
 Thread 7 estimated dimension 7 of 11 : 0.7483795128523503  | time taken : 166.0210726261139
 Thread 5 estimated dimension 7 of 11 : 0.7603499890777465  | time taken : 133.42976713180542
 Thread 13 estimated dimension 9 of 11 : 0.48272394955206666  | time taken : 234.14510798454285
 Thread 3 estimated dimension 9 of 11 : 0.4855159469220106  | time taken : 304.9839415550232
 Thread 9 estimated dimension 7 of 11 : 0.7324498945433588  | time taken : 165.43511652946472
 Thread 10 estimated dimension 9 of 11 : 0.5436536684315378  | time taken : 230.62590265274048
 Thread 6 estimated dimension 8 of 11 : 0.3545172233264858  | time taken : 411.2495906352997
 Thread 2 estimated dimension 7 of 11 : 0.713675895598443  | time taken : 167.91817617416382
 Thread 6 estimated dimension 9 of 11 : 1  | time taken : 30.876081228256226
 Thread 1 estimated dimension 10 of 11 : 0.5008130294559451  | time taken : 308.8643801212311
 Thread 1 nsolns: 109348
 Thread 7 estimated dimension 8 of 11 : 0.6790441325789783  | time taken : 201.32517385482788
 Thread 9 estimated dimension 8 of 11 : 0.6891174726494363  | time taken : 139.1707420349121
 Thread 4 estimated dimension 6 of 11 : 0.2024070095536045  | time taken : 698.2936854362488
 Thread 8 estimated dimension 7 of 11 : 0.26206927601918945  | time taken : 528.0705778598785
 Thread 12 estimated dimension 7 of 11 : 0.24320569922685123  | time taken : 609.2129576206207
 Thread 4 estimated dimension 7 of 11 : 1  | time taken : 46.81675887107849
 Thread 13 estimated dimension 10 of 11 : 0.4714258893349548  | time taken : 256.87904953956604
 Thread 13 nsolns: 112371
 Thread 12 estimated dimension 8 of 11 : 0.9982526953520195  | time taken : 44.360543966293335
 Thread 4 estimated dimension 8 of 11 : 1  | time taken : 28.860926389694214
 Thread 3 estimated dimension 10 of 11 : 0.48678865430610335  | time taken : 263.378755569458
 Thread 3 nsolns: 105098
 Thread 10 estimated dimension 10 of 11 : 0.5508722834635076  | time taken : 258.85732436180115
 Thread 8 estimated dimension 8 of 11 : 0.9933415982714598  | time taken : 67.86414647102356
 Thread 10 nsolns: 105025
 Thread 12 estimated dimension 9 of 11 : 0.9973361901661356  | time taken : 40.05373024940491
 Thread 6 estimated dimension 10 of 11 : 0.46453097259327986  | time taken : 252.49222040176392
 Thread 8 estimated dimension 9 of 11 : 1  | time taken : 34.90521764755249
 Thread 6 nsolns: 116875
 Thread 7 estimated dimension 9 of 11 : 0.44822647687311723  | time taken : 223.64419770240784
 Thread 4 estimated dimension 9 of 11 : 1  | time taken : 62.93108296394348
 Thread 12 estimated dimension 10 of 11 : 0.9957156355691915  | time taken : 28.46441125869751
 Thread 12 nsolns: 125285
 Thread 4 estimated dimension 10 of 11 : 1  | time taken : 39.73361086845398
 Thread 7 estimated dimension 10 of 11 : 0.9894034809054175  | time taken : 52.494664430618286
 Thread 4 nsolns: 123503
 Thread 7 nsolns: 120083
 Thread 8 estimated dimension 10 of 11 : 0.9774612541721089  | time taken : 66.99525952339172
 Thread 8 nsolns: 121882exiting with current heads : 6665 out of 6671 | exp rv: 40554.98100722608

 Thread 11 estimated dimension 4 of 11 : 0.16446808343496797  | time taken : 795.4244985580444
 Thread 5 estimated dimension 8 of 11 : 0.33831767917815064  | time taken : 403.3089270591736
 Thread 2 estimated dimension 8 of 11 : 0.38253319694392657  | time taken : 365.0065727233887
 Thread 2 estimated dimension 9 of 11 : 0.9993389577403101  | time taken : 22.722997188568115
 Thread 9 estimated dimension 9 of 11 : 0.44923865774396177  | time taken : 276.548956155777
 Thread 11 estimated dimension 5 of 11 : 1  | time taken : 51.71071195602417
 Thread 5 estimated dimension 9 of 11 : 0.9773144570090047  | time taken : 46.19170022010803
 Thread 5 estimated dimension 10 of 11 : 0.994214423629288  | time taken : 32.12308692932129
 Thread 5 nsolns: 121635
 Thread 2 estimated dimension 10 of 11 : 1  | time taken : 55.368802070617676
 Thread 11 estimated dimension 6 of 11 : 1  | time taken : 40.784053802490234
 Thread 2 nsolns: 114505
 Thread 9 estimated dimension 10 of 11 : 1  | time taken : 67.17251992225647
 Thread 9 nsolns: 116756
 Thread 11 estimated dimension 7 of 11 : 1  | time taken : 27.73074245452881
 Thread 11 estimated dimension 8 of 11 : 0.975349710986978  | time taken : 32.023404121398926
 Thread 11 estimated dimension 9 of 11 : 1  | time taken : 16.03532600402832
 Thread 11 estimated dimension 10 of 11 : 0.9917420481387739  | time taken : 48.81596851348877
 Thread 11 nsolns: 131359
 estimated weights : [0.020924018639191192, 0.027992335746974028, 0.022892547308466533, 0.023440718840897365, 0.027189304167366653, 0.019256272388552445, 0.017619297688210925, 0.021761930523590406, 0.01852628401632064, 0.023938893643790215, 0.017316085290046707, 0.02578035267587817, 0.018529770454304532, 0.024103089440311518, 0.017331267475248796, 0.01980998490425786, 0.024449571852733828, 0.016312213079415414, 0.01769996855096858, 0.016325383689217925, 0.015060557513792813, 0.020784986303957073, 0.01642983924710799, 0.02008722067697405, 0.017630808942765946, 0.016721928234153013, 0.030123298918727982, 0.019244968094297397, 0.02222193482046318, 0.015053876753787498, 0.0261939277235618, 0.02721541969357002, 0.01309212066300985, 0.019386986699620662, 0.0250681796088929, 0.016020285213783052, 0.026194731449041057, 0.01773667241666233, 0.022306964205992767, 0.01966960658349521, 0.020581985009767028]
