numSolutions: 44 k : 2276
4 44 0.1 0.0005681818181818183

 Thread 5 estimated dimension 0 of 4 : 0.8393546238249676  | time taken : 17.12135648727417
 Thread 12 estimated dimension 0 of 4 : 0.8254008178764284  | time taken : 17.450443983078003
 Thread 14 estimated dimension 0 of 4 : 0.7860063276362884  | time taken : 17.923757076263428
 Thread 10 estimated dimension 0 of 4 : 0.8090123445471349  | time taken : 18.228859424591064
 Thread 13 estimated dimension 0 of 4 : 0.8145790359499628  | time taken : 18.230741024017334
 Thread 7 estimated dimension 0 of 4 : 0.7989289501047904  | time taken : 18.356776475906372
 Thread 6 estimated dimension 0 of 4 : 0.8201784304700971  | time taken : 19.190781354904175
 Thread 4 estimated dimension 0 of 4 : 0.799401846749103  | time taken : 20.995728015899658
 Thread 9 estimated dimension 0 of 4 : 0.8442321360578099  | time taken : 22.275126218795776
 Thread 1 estimated dimension 0 of 4 : 0.8276589020567853  | time taken : 22.492767810821533
 Thread 2 estimated dimension 0 of 4 : 0.7986112982709129  | time taken : 22.977219820022583
 Thread 3 estimated dimension 0 of 4 : 0.802288314801412  | time taken : 26.002180576324463
 Thread 11 estimated dimension 0 of 4 : 0.8070029483912363  | time taken : 25.860499620437622
 Thread 8 estimated dimension 0 of 4 : 0.7698510336801326  | time taken : 26.669228076934814
 Thread 10 estimated dimension 1 of 4 : 0.7376292724953357  | time taken : 19.38776683807373
 Thread 13 estimated dimension 1 of 4 : 0.7409867374006504  | time taken : 23.457550287246704
 Thread 8 estimated dimension 1 of 4 : 0.7546731457673046  | time taken : 29.29789423942566
 Thread 12 estimated dimension 1 of 4 : 0.7843907597803076  | time taken : 43.8417592048645
 Thread 11 estimated dimension 1 of 4 : 0.7525865420875938  | time taken : 36.55122447013855
 Thread 5 estimated dimension 1 of 4 : 0.7622563967816144  | time taken : 48.41975283622742
 Thread 1 estimated dimension 1 of 4 : 0.7304175994030353  | time taken : 58.49456977844238
 Thread 9 estimated dimension 1 of 4 : 0.7343385292907323  | time taken : 58.503212690353394
 Thread 10 estimated dimension 2 of 4 : 0.6799860920446534  | time taken : 69.31855607032776
 Thread 2 estimated dimension 1 of 4 : 0.7707342243703323  | time taken : 90.42721176147461
 Thread 8 estimated dimension 2 of 4 : 0.6285735263765536  | time taken : 91.6944465637207
 Thread 9 estimated dimension 2 of 4 : 0.6501472095903046  | time taken : 70.35851287841797
 Thread 1 estimated dimension 2 of 4 : 0.6329278099720652  | time taken : 81.37936735153198
 Thread 4 estimated dimension 1 of 4 : 0.2514730065814094  | time taken : 210.2354278564453
 Thread 13 estimated dimension 2 of 4 : 0.3447245375805493  | time taken : 189.73914074897766
 Thread 10 estimated dimension 3 of 4 : 0.5010882935177224  | time taken : 123.88647770881653
 Thread 10 nsolns: 14048
 Thread 6 estimated dimension 1 of 4 : 0.2539092196346622  | time taken : 227.7713189125061
 Thread 11 estimated dimension 2 of 4 : 0.32528816405529176  | time taken : 186.69266176223755
 Thread 11 estimated dimension 3 of 4 : 0.9731546106031113  | time taken : 11.343660831451416
 Thread 11 nsolns: 14993
 Thread 4 estimated dimension 2 of 4 : 1  | time taken : 35.17199754714966
 Thread 5 estimated dimension 2 of 4 : 0.35078092168488995  | time taken : 204.41197967529297
 Thread 6 estimated dimension 2 of 4 : 1  | time taken : 22.87360692024231
 Thread 13 estimated dimension 3 of 4 : 0.9831483922061116  | time taken : 40.476313829422
 Thread 7 estimated dimension 1 of 4 : 0.2521620163338586  | time taken : 258.1659851074219
 Thread 13 nsolns: 14860
 Thread 8 estimated dimension 3 of 4 : 0.5201190008791688  | time taken : 131.28426957130432
 Thread 8 nsolns: 13963
 Thread 3 estimated dimension 1 of 4 : 0.2487068094209313  | time taken : 261.41362619400024
 Thread 4 estimated dimension 3 of 4 : 1  | time taken : 28.061352729797363
 Thread 9 estimated dimension 3 of 4 : 0.4457662953491792  | time taken : 146.56759309768677
 Thread 14 estimated dimension 1 of 4 : 0.2516632879970793  | time taken : 283.75396752357483
 Thread 4 nsolns: 16407
 Thread 9 nsolns: 14614
 Thread 5 estimated dimension 3 of 4 : 0.9746158480889254  | time taken : 31.195292234420776
 Thread 6 estimated dimension 3 of 4 : 0.9864842501200906  | time taken : 31.30898690223694
 Thread 5 nsolns: 14697
 Thread 3 estimated dimension 2 of 4 : 0.9902896249753725  | time taken : 18.474773406982422
 Thread 6 nsolns: 16380
 Thread 2 estimated dimension 2 of 4 : 0.3252198663242756  | time taken : 196.04517102241516
 Thread 10 estimated dimension 0 of 4 : 0.7915527341757214  | time taken : 79.24326229095459
 Thread 1 estimated dimension 3 of 4 : 0.5346962251615738  | time taken : 153.57329416275024
 Thread 1 nsolns: 13676
 Thread 7 estimated dimension 2 of 4 : 0.9996809444206534  | time taken : 42.07185196876526
 Thread 12 estimated dimension 2 of 4 : 0.34486036748652477  | time taken : 266.16995334625244
 Thread 14 estimated dimension 2 of 4 : 0.9891893779573586  | time taken : 30.0877103805542
 Thread 8 estimated dimension 0 of 4 : 0.8196941883664137  | time taken : 52.28807997703552
 Thread 2 estimated dimension 3 of 4 : 1  | time taken : 28.631545066833496
 Thread 2 nsolns: 15221
 Thread 3 estimated dimension 3 of 4 : 0.9511625423540491  | time taken : 34.96856617927551
 Thread 7 estimated dimension 3 of 4 : 0.988983552146475  | time taken : 21.577526569366455
 Thread 3 nsolns: 16498
 Thread 7 nsolns: 16420
 Thread 12 estimated dimension 3 of 4 : 0.9944060751553297  | time taken : 20.434571743011475
 Thread 11 estimated dimension 0 of 4 : 0.7817079887755591  | time taken : 78.60079073905945
 Thread 12 nsolns: 14715
 Thread 14 estimated dimension 3 of 4 : 1  | time taken : 14.283266544342041
 Thread 14 nsolns: 16549
 Thread 6 estimated dimension 0 of 4 : 0.7896944239353152  | time taken : 45.23403859138489
 Thread 9 estimated dimension 0 of 4 : 0.7984085917238387  | time taken : 48.97994136810303
 Thread 1 estimated dimension 0 of 4 : 0.8016761095797137  | time taken : 39.533995628356934
 Thread 5 estimated dimension 0 of 4 : 0.7998425935862676  | time taken : 54.25615215301514
 Thread 4 estimated dimension 0 of 4 : 0.7842782377069958  | time taken : 64.86534333229065
 Thread 10 estimated dimension 1 of 4 : 0.7560947787530428  | time taken : 61.226895809173584
 Thread 3 estimated dimension 0 of 4 : 0.8085039771024325  | time taken : 41.93125915527344
 Thread 14 estimated dimension 0 of 4 : 0.8218201139460881  | time taken : 37.65217900276184
 Thread 2 estimated dimension 0 of 4 : 0.7902880118748628  | time taken : 55.888150453567505
 Thread 8 estimated dimension 1 of 4 : 0.7842754692733286  | time taken : 70.45103096961975
 Thread 6 estimated dimension 1 of 4 : 0.7304616945711713  | time taken : 62.17109704017639
 Thread 5 estimated dimension 1 of 4 : 0.7603640527513981  | time taken : 60.51416754722595
 Thread 3 estimated dimension 1 of 4 : 0.7512287228554014  | time taken : 76.06377053260803
 Thread 2 estimated dimension 1 of 4 : 0.752815847728393  | time taken : 94.11406421661377
 Thread 3 estimated dimension 2 of 4 : 0.6313401089845531  | time taken : 88.97484946250916
 Thread 9 estimated dimension 1 of 4 : 0.25627039385875044  | time taken : 289.233282327652
 Thread 4 estimated dimension 1 of 4 : 0.2599943982605234  | time taken : 277.17018699645996
 Thread 8 estimated dimension 2 of 4 : 0.34268233259339465  | time taken : 236.90026021003723
 Thread 10 estimated dimension 2 of 4 : 0.3531950845171546  | time taken : 275.3340222835541
 Thread 9 estimated dimension 2 of 4 : 1  | time taken : 21.7714741230011
 Thread 4 estimated dimension 2 of 4 : 1  | time taken : 20.311394929885864
 Thread 10 estimated dimension 3 of 4 : 1  | time taken : 13.171971082687378
 Thread 10 nsolns: 14649
 Thread 5 estimated dimension 2 of 4 : 0.37956208533733526  | time taken : 252.779066324234
 Thread 8 estimated dimension 3 of 4 : 1  | time taken : 41.125468015670776
 Thread 8 nsolns: 14867
 Thread 11 estimated dimension 1 of 4 : 0.24403697182382902  | time taken : 347.1342372894287
 Thread 9 estimated dimension 3 of 4 : 1  | time taken : 28.448018312454224
 Thread 5 estimated dimension 3 of 4 : 1  | time taken : 18.563979148864746
 Thread 3 estimated dimension 3 of 4 : 0.521115529217044  | time taken : 142.02302885055542
 Thread 5 nsolns: 14281
 Thread 9 nsolns: 16202
 Thread 3 nsolns: 13822
 Thread 4 estimated dimension 3 of 4 : 1  | time taken : 49.95296001434326
 Thread 4 nsolns: 16185exiting with current heads : 2275 out of 2276 | exp rv: 11474.766711569466

 Thread 13 estimated dimension 0 of 4 : 0.19826111128744994  | time taken : 449.03908610343933
 Thread 11 estimated dimension 2 of 4 : 0.9813765179248976  | time taken : 31.450363874435425
 Thread 14 estimated dimension 1 of 4 : 0.25686681871521166  | time taken : 340.2278621196747
 Thread 12 estimated dimension 0 of 4 : 0.199590521444068  | time taken : 382.59523916244507
 Thread 6 estimated dimension 2 of 4 : 0.34843052930654234  | time taken : 321.4134440422058
 Thread 1 estimated dimension 1 of 4 : 0.24689395962123095  | time taken : 381.70018339157104
 Thread 6 estimated dimension 3 of 4 : 0.9901232812369899  | time taken : 16.754768133163452
 Thread 6 nsolns: 14711
 Thread 8 estimated dimension 0 of 4 : 0.7985239350942107  | time taken : 59.95386743545532
 Thread 14 estimated dimension 2 of 4 : 0.9817785393389139  | time taken : 26.619248628616333
 Thread 13 estimated dimension 1 of 4 : 1  | time taken : 34.76183819770813exiting with current heads : 2275 out of 2276 | exp rv: 11482.434096638297

 Thread 7 estimated dimension 0 of 4 : 0.19812872260821857  | time taken : 418.9651925563812
 Thread 3 estimated dimension 0 of 4 : 0.7950169980816334  | time taken : 60.337865352630615
 Thread 11 estimated dimension 3 of 4 : 0.9466049802930542  | time taken : 36.049572229385376
 Thread 9 estimated dimension 0 of 4 : 0.7708865597218073  | time taken : 65.78972744941711
 Thread 11 nsolns: 16660
 Thread 5 estimated dimension 0 of 4 : 0.7992627443650921  | time taken : 68.16954970359802
 Thread 12 estimated dimension 1 of 4 : 0.9984323209575914  | time taken : 39.28914403915405
 Thread 4 estimated dimension 0 of 4 : 0.7900846405018813  | time taken : 55.71356749534607
 Thread 1 estimated dimension 2 of 4 : 1  | time taken : 37.29515194892883
 Thread 13 estimated dimension 2 of 4 : 1  | time taken : 16.16906189918518
 Thread 2 estimated dimension 2 of 4 : 0.34962963233249517  | time taken : 284.1156289577484
 Thread 7 estimated dimension 1 of 4 : 1  | time taken : 19.932708501815796
 Thread 14 estimated dimension 3 of 4 : 0.998728929741999  | time taken : 40.16460156440735
 Thread 14 nsolns: 16153
 Thread 12 estimated dimension 2 of 4 : 0.9965679972008842  | time taken : 28.548432111740112
 Thread 2 estimated dimension 3 of 4 : 0.988903984083355  | time taken : 21.457085847854614
 Thread 2 nsolns: 14624
 Thread 13 estimated dimension 3 of 4 : 0.9851958922486478  | time taken : 29.70417284965515
 Thread 13 nsolns: 18377
 Thread 1 estimated dimension 3 of 4 : 1  | time taken : 32.141053199768066
 Thread 6 estimated dimension 0 of 4 : 0.8123854138056834  | time taken : 61.5526442527771
 Thread 1 nsolns: 16416
 Thread 7 estimated dimension 2 of 4 : 0.9768426840445953  | time taken : 38.55459427833557
 Thread 12 estimated dimension 3 of 4 : 0.9811814613003312  | time taken : 33.350149154663086
 Thread 3 estimated dimension 1 of 4 : 0.7567171613372845  | time taken : 71.70545434951782
 Thread 12 nsolns: 18248
 Thread 4 estimated dimension 1 of 4 : 0.747638451719892  | time taken : 63.17800760269165
 Thread 8 estimated dimension 1 of 4 : 0.7508376821963537  | time taken : 90.61676478385925
 Thread 5 estimated dimension 1 of 4 : 0.7109949093739993  | time taken : 74.91601920127869
 Thread 2 estimated dimension 0 of 4 : 0.8188703173470336  | time taken : 39.44025468826294
 Thread 7 estimated dimension 3 of 4 : 0.9823197504329868  | time taken : 29.65780258178711
 Thread 7 nsolns: 18244
 Thread 11 estimated dimension 0 of 4 : 0.8014149075696724  | time taken : 90.54802751541138
 Thread 1 estimated dimension 0 of 4 : 0.7701570003529788  | time taken : 67.46236658096313
 Thread 12 estimated dimension 0 of 4 : 0.7951823579768376  | time taken : 63.00190997123718
 Thread 2 estimated dimension 1 of 4 : 0.7230984574506817  | time taken : 58.913469076156616
 Thread 7 estimated dimension 0 of 4 : 0.8042603781334423  | time taken : 62.309521436691284
 Thread 3 estimated dimension 2 of 4 : 0.6535403844581918  | time taken : 87.85062384605408
 Thread 1 estimated dimension 1 of 4 : 0.72961165698437  | time taken : 62.416555404663086
 Thread 12 estimated dimension 1 of 4 : 0.7447550685929532  | time taken : 76.41060876846313
 Thread 7 estimated dimension 1 of 4 : 0.7304002087623745  | time taken : 71.4332218170166
 Thread 2 estimated dimension 2 of 4 : 0.6505851986800444  | time taken : 114.79812574386597
 Thread 1 estimated dimension 2 of 4 : 0.6690207925660864  | time taken : 96.3941445350647
 Thread 9 estimated dimension 1 of 4 : 0.2468543205712045  | time taken : 283.552490234375
 Thread 5 estimated dimension 2 of 4 : 0.30319158129256923  | time taken : 216.60093903541565exiting with current heads : 2275 out of 2276 | exp rv: 11307.563942527879

 Thread 10 estimated dimension 0 of 4 : 0.20119276013498352  | time taken : 393.8933756351471
 Thread 4 estimated dimension 2 of 4 : 0.3189509637145588  | time taken : 226.44654273986816
 Thread 9 estimated dimension 2 of 4 : 0.984906867006528  | time taken : 19.542909145355225
 Thread 3 estimated dimension 3 of 4 : 0.45745033326775164  | time taken : 142.68703985214233
 Thread 3 nsolns: 14357
 Thread 5 estimated dimension 3 of 4 : 1  | time taken : 12.81742548942566
 Thread 5 nsolns: 15948
 Thread 7 estimated dimension 2 of 4 : 0.6495133564341751  | time taken : 85.1024603843689
 Thread 4 estimated dimension 3 of 4 : 0.9799526523992989  | time taken : 16.426219940185547
 Thread 4 nsolns: 15214
 Thread 8 estimated dimension 2 of 4 : 0.3370128380292021  | time taken : 243.24887895584106
 Thread 10 estimated dimension 1 of 4 : 0.9956441076431392  | time taken : 29.0960795879364
 Thread 9 estimated dimension 3 of 4 : 0.9835813934149586  | time taken : 32.270549297332764
 Thread 9 nsolns: 16597
 Thread 8 estimated dimension 3 of 4 : 0.9723653086990937  | time taken : 18.428847789764404
 Thread 8 nsolns: 14991
 Thread 11 estimated dimension 1 of 4 : 0.274164583072324  | time taken : 255.30290031433105
 Thread 10 estimated dimension 2 of 4 : 0.9881975540148876  | time taken : 30.6980037689209
 Thread 11 estimated dimension 2 of 4 : 0.9700259196971862  | time taken : 20.014766931533813
 Thread 2 estimated dimension 3 of 4 : 0.5038349328867292  | time taken : 127.65868663787842
 Thread 2 nsolns: 13951
 Thread 11 estimated dimension 3 of 4 : 1  | time taken : 36.67781329154968
 Thread 10 estimated dimension 3 of 4 : 1  | time taken : 49.96586060523987
 Thread 12 estimated dimension 2 of 4 : 0.3601594978633524  | time taken : 194.5356342792511
 Thread 11 nsolns: 15769
 Thread 1 estimated dimension 3 of 4 : 0.5257852422235775  | time taken : 132.3686306476593
 Thread 10 nsolns: 18296
 Thread 1 nsolns: 13700
 Thread 12 estimated dimension 3 of 4 : 0.992744579889344  | time taken : 11.743651151657104
 Thread 12 nsolns: 14475
 Thread 6 estimated dimension 1 of 4 : 0.24603808730091303  | time taken : 386.342422246933
 Thread 13 estimated dimension 0 of 4 : 0.20484254079636244  | time taken : 397.920610666275
 Thread 13 estimated dimension 1 of 4 : 1  | time taken : 15.24540662765503
 Thread 6 estimated dimension 2 of 4 : 0.9455785448767551  | time taken : 29.764594316482544
 Thread 7 estimated dimension 3 of 4 : 0.5001800575089388  | time taken : 149.95692825317383
 Thread 7 nsolns: 14086
 Thread 6 estimated dimension 3 of 4 : 0.983797983479434  | time taken : 23.883601188659668
 Thread 13 estimated dimension 2 of 4 : 0.9896903009978524  | time taken : 25.24001932144165
 Thread 6 nsolns: 16744
 Thread 13 estimated dimension 3 of 4 : 1  | time taken : 21.94086718559265
 Thread 13 nsolns: 17771
 estimated weights : [0.2033328643086091, 0.1922567848454733, 0.20456669781715078, 0.18994348374370848, 0.20102798586872803, 0.1796706446987707, 0.21873385081885813, 0.20543619863496088, 0.20458977089548094, 0.2001783758259316, 0.18794687585215772, 0.19917659781761607, 0.22202629887408307, 0.19567049914706225, 0.2113833338805537, 0.22029883558583055, 0.23083886404673082, 0.20460848426127842, 0.19982588330905393, 0.2039079484814541, 0.19900408482475174, 0.17721669168600435, 0.20698836692731545, 0.20570104930035393, 0.1953260324330477, 0.19792898902787937, 0.1948564628454626, 0.1901187471901879, 0.17985659831281675, 0.17229520821120733, 0.18462659487716843, 0.18434725565942717, 0.19647617727020714, 0.19409083040520825, 0.21313369154681397, 0.19795216280163708, 0.19766011284912186, 0.2117447252811912, 0.19084114816321496, 0.18593793219056165, 0.2027306758579168]
