numSolutions: 82 k : 3474
14 82 0.02672612419124244 8.710801393728223e-05

 Thread 6 estimated dimension 0 of 14 : 0.6596387384369846  | time taken : 31.563716411590576
 Thread 4 estimated dimension 0 of 14 : 0.7199566525596969  | time taken : 32.25275945663452
 Thread 1 estimated dimension 0 of 14 : 0.7137834324659236  | time taken : 34.6270751953125
 Thread 5 estimated dimension 0 of 14 : 0.7017479427785186  | time taken : 35.16400122642517
 Thread 7 estimated dimension 0 of 14 : 0.7257078485926349  | time taken : 35.68024301528931
 Thread 4 estimated dimension 1 of 14 : 0.8099838182531556  | time taken : 18.325233697891235
 Thread 5 estimated dimension 1 of 14 : 0.8629793555919347  | time taken : 26.8420512676239
 Thread 2 estimated dimension 0 of 14 : 0.3483832998662723  | time taken : 90.0329749584198
 Thread 3 estimated dimension 0 of 14 : 0.30954232177853747  | time taken : 94.21577739715576
 Thread 3 estimated dimension 1 of 14 : 0.8071014807400119  | time taken : 17.556767225265503
 Thread 4 estimated dimension 2 of 14 : 0.3781524527894039  | time taken : 65.40820264816284
 Thread 2 estimated dimension 1 of 14 : 0.8317785319135133  | time taken : 27.51998782157898
 Thread 3 estimated dimension 2 of 14 : 1  | time taken : 9.759540796279907
 Thread 4 estimated dimension 3 of 14 : 0.9959562699028399  | time taken : 5.248495578765869
 Thread 2 estimated dimension 2 of 14 : 0.9848865179659974  | time taken : 5.519849538803101
 Thread 3 estimated dimension 3 of 14 : 1  | time taken : 5.974461317062378
 Thread 2 estimated dimension 3 of 14 : 1  | time taken : 5.6646728515625
 Thread 5 estimated dimension 2 of 14 : 0.49734543806681075  | time taken : 74.38014197349548
 Thread 5 estimated dimension 3 of 14 : 0.9765348686735096  | time taken : 6.278321981430054
 Thread 4 estimated dimension 4 of 14 : 0.7786537486145544  | time taken : 25.47046685218811
 Thread 3 estimated dimension 4 of 14 : 0.7995485048022752  | time taken : 19.85175347328186
 Thread 2 estimated dimension 4 of 14 : 0.7825668168105739  | time taken : 25.82438898086548
 Thread 5 estimated dimension 4 of 14 : 0.7930032997339451  | time taken : 22.823002099990845
 Thread 4 estimated dimension 5 of 14 : 0.8174121692049022  | time taken : 26.380248308181763
 Thread 3 estimated dimension 5 of 14 : 0.7827415377483417  | time taken : 28.99548888206482
 Thread 6 estimated dimension 1 of 14 : 0.20564510287569984  | time taken : 151.0107705593109
 Thread 5 estimated dimension 5 of 14 : 0.8398079662358836  | time taken : 23.29262685775757exiting with current heads : 3468 out of 3474 | exp rv: 22125.12739089703

 Thread 7 estimated dimension 1 of 14 : 0.15697084760871935  | time taken : 163.51428818702698exiting with current heads : 3472 out of 3474 | exp rv: 23354.13277089459

 Thread 1 estimated dimension 1 of 14 : 0.14871029612061956  | time taken : 168.08626699447632
 Thread 4 estimated dimension 6 of 14 : 0.729537810698516  | time taken : 39.430665016174316
 Thread 7 estimated dimension 2 of 14 : 0.6872350559458225  | time taken : 36.89542746543884
 Thread 4 estimated dimension 7 of 14 : 0.7021646120748233  | time taken : 38.168053150177
 Thread 3 estimated dimension 6 of 14 : 0.3565628309221664  | time taken : 77.381756067276
 Thread 6 estimated dimension 2 of 14 : 0.363032781117372  | time taken : 76.01275205612183
 Thread 3 estimated dimension 7 of 14 : 1  | time taken : 5.460687160491943
 Thread 5 estimated dimension 6 of 14 : 0.3497475532107127  | time taken : 70.99772000312805
 Thread 6 estimated dimension 3 of 14 : 1  | time taken : 4.969989061355591
 Thread 5 estimated dimension 7 of 14 : 0.9897301874874634  | time taken : 8.898332357406616
 Thread 4 estimated dimension 8 of 14 : 0.9104769536206002  | time taken : 19.786347150802612
 Thread 6 estimated dimension 4 of 14 : 0.9756428155768831  | time taken : 9.261384963989258
 Thread 6 estimated dimension 5 of 14 : 1  | time taken : 10.975301027297974
 Thread 7 estimated dimension 3 of 14 : 0.43792709718836365  | time taken : 50.05513072013855
 Thread 1 estimated dimension 2 of 14 : 0.34734856302036554  | time taken : 85.53039360046387
 Thread 6 estimated dimension 6 of 14 : 1  | time taken : 8.751405477523804
 Thread 7 estimated dimension 4 of 14 : 0.9912962379708093  | time taken : 10.624956130981445
 Thread 1 estimated dimension 3 of 14 : 1  | time taken : 10.619680166244507
 Thread 6 estimated dimension 7 of 14 : 0.9931278329119323  | time taken : 4.655531406402588
 Thread 3 estimated dimension 8 of 14 : 0.6202131391280703  | time taken : 40.15857768058777
 Thread 2 estimated dimension 5 of 14 : 0.21691833788833678  | time taken : 149.23177027702332
 Thread 7 estimated dimension 5 of 14 : 1  | time taken : 10.016948699951172
 Thread 3 estimated dimension 9 of 14 : 1  | time taken : 11.293728590011597
 Thread 6 estimated dimension 8 of 14 : 0.9846086427081759  | time taken : 12.167827606201172
 Thread 4 estimated dimension 9 of 14 : 0.6977476419240906  | time taken : 40.65118765830994
 Thread 5 estimated dimension 8 of 14 : 0.6183672677448544  | time taken : 43.07105040550232
 Thread 1 estimated dimension 4 of 14 : 0.9915525141995499  | time taken : 15.850221395492554
 Thread 2 estimated dimension 6 of 14 : 0.9583440372080316  | time taken : 10.22629451751709
 Thread 7 estimated dimension 6 of 14 : 0.9762752953216027  | time taken : 12.360496282577515
 Thread 1 estimated dimension 5 of 14 : 0.9782050477402745  | time taken : 7.52803373336792
 Thread 2 estimated dimension 7 of 14 : 0.981121797105802  | time taken : 6.983039140701294
 Thread 6 estimated dimension 9 of 14 : 0.9772867726720319  | time taken : 13.112438917160034
 Thread 5 estimated dimension 9 of 14 : 1  | time taken : 13.821953296661377
 Thread 7 estimated dimension 7 of 14 : 0.9855314063582851  | time taken : 12.001172542572021
 Thread 1 estimated dimension 6 of 14 : 0.9963725080974265  | time taken : 11.901771545410156
 Thread 2 estimated dimension 8 of 14 : 0.9748209816431189  | time taken : 12.62769865989685
 Thread 7 estimated dimension 8 of 14 : 0.9893778564556834  | time taken : 5.722290992736816
 Thread 2 estimated dimension 9 of 14 : 0.9872580879179084  | time taken : 4.8364057540893555
 Thread 1 estimated dimension 7 of 14 : 1  | time taken : 8.894469738006592
 Thread 7 estimated dimension 9 of 14 : 1  | time taken : 5.701603889465332
 Thread 1 estimated dimension 8 of 14 : 0.9963382234914714  | time taken : 4.948753595352173
 Thread 1 estimated dimension 9 of 14 : 0.9991303422751511  | time taken : 9.875494003295898
 Thread 3 estimated dimension 10 of 14 : 0.44532416052681373  | time taken : 67.53313136100769
 Thread 4 estimated dimension 10 of 14 : 0.5304181966612385  | time taken : 66.96116495132446
 Thread 4 estimated dimension 11 of 14 : 0.9574942695635009  | time taken : 4.942696571350098
 Thread 6 estimated dimension 10 of 14 : 0.49017671114908656  | time taken : 62.8183970451355
 Thread 7 estimated dimension 10 of 14 : 0.5483776819334263  | time taken : 47.69378638267517
 Thread 5 estimated dimension 10 of 14 : 0.4765092904789103  | time taken : 67.56430435180664
 Thread 1 estimated dimension 10 of 14 : 0.5274852621190452  | time taken : 45.45473384857178
 Thread 1 estimated dimension 11 of 14 : 1  | time taken : 5.861840009689331
 Thread 2 estimated dimension 10 of 14 : 0.5228024916652798  | time taken : 74.12931823730469
 Thread 3 estimated dimension 11 of 14 : 0.6643317441965026  | time taken : 38.64740467071533
 Thread 2 estimated dimension 11 of 14 : 0.9862739165523082  | time taken : 8.515080451965332
 Thread 6 estimated dimension 11 of 14 : 0.6693878449277549  | time taken : 37.529118061065674
 Thread 3 estimated dimension 12 of 14 : 0.9959887368813285  | time taken : 8.365477561950684
 Thread 6 estimated dimension 12 of 14 : 0.9932035674065885  | time taken : 6.247915029525757
 Thread 5 estimated dimension 11 of 14 : 0.6571784833387122  | time taken : 44.39583992958069
 Thread 7 estimated dimension 11 of 14 : 0.683712398833366  | time taken : 46.89137268066406
 Thread 7 estimated dimension 12 of 14 : 0.9732688820993959  | time taken : 15.749939918518066
 Thread 5 estimated dimension 12 of 14 : 1  | time taken : 18.578046798706055
 Thread 2 estimated dimension 12 of 14 : 0.6444011702776564  | time taken : 43.987075090408325
 Thread 3 estimated dimension 13 of 14 : 0.520976134283039  | time taken : 65.97017502784729
 Thread 3 nsolns: 76359
 Thread 6 estimated dimension 13 of 14 : 0.5247152607049979  | time taken : 72.6589081287384
 Thread 6 nsolns: 78539
 Thread 4 estimated dimension 12 of 14 : 0.3583440773252118  | time taken : 125.11174058914185
 Thread 1 estimated dimension 12 of 14 : 0.333453977763143  | time taken : 110.20200276374817
 Thread 5 estimated dimension 13 of 14 : 0.4950901232782028  | time taken : 65.34258580207825
 Thread 5 nsolns: 73511
 Thread 2 estimated dimension 13 of 14 : 0.47378081477990475  | time taken : 59.93439245223999
 Thread 4 estimated dimension 13 of 14 : 1  | time taken : 17.800560474395752
 Thread 2 nsolns: 78089
 Thread 4 nsolns: 72490
 Thread 1 estimated dimension 13 of 14 : 1  | time taken : 9.99568796157837
 Thread 7 estimated dimension 13 of 14 : 0.46717469899220954  | time taken : 75.1455729007721
 Thread 1 nsolns: 86785
 Thread 7 nsolns: 83393
 Thread 6 estimated dimension 0 of 14 : 0.736039685445901  | time taken : 28.121291160583496
 Thread 5 estimated dimension 0 of 14 : 0.7404101105618188  | time taken : 30.83443593978882
 Thread 4 estimated dimension 0 of 14 : 0.7014727741939072  | time taken : 35.52928638458252
 Thread 7 estimated dimension 0 of 14 : 0.6980064903850998  | time taken : 33.09423613548279
 Thread 5 estimated dimension 1 of 14 : 0.8420492544153328  | time taken : 27.064419746398926
 Thread 4 estimated dimension 1 of 14 : 0.8511425242187737  | time taken : 20.456684350967407
 Thread 3 estimated dimension 0 of 14 : 0.2959885024839767  | time taken : 95.90831422805786
 Thread 7 estimated dimension 1 of 14 : 0.8757750750144323  | time taken : 23.96097731590271
 Thread 3 estimated dimension 1 of 14 : 0.8410748567884413  | time taken : 24.592651844024658
 Thread 2 estimated dimension 0 of 14 : 0.3608443297560359  | time taken : 87.38831734657288
 Thread 5 estimated dimension 2 of 14 : 0.644982849005261  | time taken : 38.0740225315094
 Thread 1 estimated dimension 0 of 14 : 0.3400201397405183  | time taken : 92.83864855766296
 Thread 3 estimated dimension 2 of 14 : 0.9854150586326639  | time taken : 10.692055463790894
 Thread 3 estimated dimension 3 of 14 : 0.9902890028904145  | time taken : 5.505887508392334
 Thread 7 estimated dimension 2 of 14 : 0.39704532180880137  | time taken : 49.51271867752075
 Thread 2 estimated dimension 1 of 14 : 0.8430880827512189  | time taken : 24.55391001701355
 Thread 4 estimated dimension 2 of 14 : 0.4142371010892538  | time taken : 55.33621954917908
 Thread 1 estimated dimension 1 of 14 : 0.8603810543042717  | time taken : 19.738903284072876
 Thread 7 estimated dimension 3 of 14 : 1  | time taken : 5.570529222488403
 Thread 4 estimated dimension 3 of 14 : 1  | time taken : 5.888912677764893
 Thread 2 estimated dimension 2 of 14 : 0.9948281085560314  | time taken : 6.722070932388306
 Thread 3 estimated dimension 4 of 14 : 0.7603735497581593  | time taken : 22.206902980804443
 Thread 1 estimated dimension 2 of 14 : 1  | time taken : 12.11064338684082
 Thread 2 estimated dimension 3 of 14 : 0.9844300905021713  | time taken : 10.470755815505981
 Thread 1 estimated dimension 3 of 14 : 0.985894159636653  | time taken : 7.024415493011475
 Thread 4 estimated dimension 4 of 14 : 0.8401851000797091  | time taken : 28.60804557800293exiting with current heads : 3471 out of 3474 | exp rv: 22560.930614110133

 Thread 6 estimated dimension 1 of 14 : 0.1539386853939396  | time taken : 176.69552040100098
 Thread 6 estimated dimension 2 of 14 : 0.6370736080046469  | time taken : 47.100245237350464exiting with current heads : 3469 out of 3474 | exp rv: 22554.70016972938

 Thread 5 estimated dimension 3 of 14 : 0.15398120896597448  | time taken : 174.77991604804993
 Thread 3 estimated dimension 5 of 14 : 0.2004332855753801  | time taken : 141.65081071853638
 Thread 5 estimated dimension 4 of 14 : 1  | time taken : 7.722577810287476
 Thread 3 estimated dimension 6 of 14 : 1  | time taken : 14.376893043518066
 Thread 4 estimated dimension 5 of 14 : 0.21457076474976852  | time taken : 140.3560585975647
 Thread 5 estimated dimension 5 of 14 : 0.9740477337058217  | time taken : 13.368420362472534
 Thread 6 estimated dimension 3 of 14 : 0.49427314586053883  | time taken : 63.23895025253296
 Thread 3 estimated dimension 7 of 14 : 0.9888666214308829  | time taken : 9.451424837112427
 Thread 4 estimated dimension 6 of 14 : 1  | time taken : 6.296739816665649exiting with current heads : 3473 out of 3474 | exp rv: 20006.199667972283

 Thread 7 estimated dimension 4 of 14 : 0.17359618806363758  | time taken : 178.4840886592865
 Thread 5 estimated dimension 6 of 14 : 0.9838444523979885  | time taken : 5.059536457061768
 Thread 6 estimated dimension 4 of 14 : 0.9899906389461579  | time taken : 5.078873634338379
 Thread 7 estimated dimension 5 of 14 : 1  | time taken : 7.544322967529297
 Thread 5 estimated dimension 7 of 14 : 1  | time taken : 7.646585941314697
 Thread 4 estimated dimension 7 of 14 : 0.9743429929701972  | time taken : 11.59206509590149
 Thread 3 estimated dimension 8 of 14 : 0.9906802286625086  | time taken : 11.741317987442017
 Thread 1 estimated dimension 4 of 14 : 0.18191595812744307  | time taken : 172.13020300865173
 Thread 6 estimated dimension 5 of 14 : 1  | time taken : 12.409571409225464
 Thread 5 estimated dimension 8 of 14 : 0.9849565543133859  | time taken : 7.080198287963867
 Thread 3 estimated dimension 9 of 14 : 0.9920401221883791  | time taken : 6.4358861446380615
 Thread 4 estimated dimension 8 of 14 : 1  | time taken : 6.722820281982422exiting with current heads : 3474 out of 3474 | exp rv: 19557.169445893687

 Thread 2 estimated dimension 4 of 14 : 0.1775819353413235  | time taken : 187.09918117523193
 Thread 7 estimated dimension 6 of 14 : 1  | time taken : 12.107810735702515
 Thread 1 estimated dimension 5 of 14 : 0.9463830463343733  | time taken : 9.634804964065552
 Thread 4 estimated dimension 9 of 14 : 1  | time taken : 6.1589765548706055
 Thread 6 estimated dimension 6 of 14 : 0.9832845547516715  | time taken : 12.357608079910278
 Thread 2 estimated dimension 5 of 14 : 1  | time taken : 12.580255508422852
 Thread 5 estimated dimension 9 of 14 : 1  | time taken : 17.754552125930786
 Thread 1 estimated dimension 6 of 14 : 0.9856099787262191  | time taken : 12.400239944458008
 Thread 7 estimated dimension 7 of 14 : 1  | time taken : 17.94828176498413
 Thread 2 estimated dimension 6 of 14 : 1  | time taken : 13.433610200881958
 Thread 7 estimated dimension 8 of 14 : 1  | time taken : 7.900373935699463
 Thread 1 estimated dimension 7 of 14 : 1  | time taken : 12.32287883758545
 Thread 6 estimated dimension 7 of 14 : 0.9959756615714459  | time taken : 20.946749448776245
 Thread 1 estimated dimension 8 of 14 : 0.9615373657357201  | time taken : 7.570350646972656
 Thread 6 estimated dimension 8 of 14 : 0.9921649067827447  | time taken : 7.823285102844238
 Thread 2 estimated dimension 7 of 14 : 1  | time taken : 11.04622507095337
 Thread 7 estimated dimension 9 of 14 : 1  | time taken : 11.011682987213135
 Thread 1 estimated dimension 9 of 14 : 1  | time taken : 9.443730354309082
 Thread 6 estimated dimension 9 of 14 : 1  | time taken : 10.267896890640259
 Thread 2 estimated dimension 8 of 14 : 1  | time taken : 9.437981367111206
 Thread 2 estimated dimension 9 of 14 : 1  | time taken : 10.12031364440918
 Thread 3 estimated dimension 10 of 14 : 0.47597717177364984  | time taken : 65.25983715057373
 Thread 4 estimated dimension 10 of 14 : 0.509063960597154  | time taken : 66.57564520835876
 Thread 4 estimated dimension 11 of 14 : 1  | time taken : 9.709156274795532
 Thread 5 estimated dimension 10 of 14 : 0.5490428783554259  | time taken : 72.68652987480164
 Thread 6 estimated dimension 10 of 14 : 0.4701007863278012  | time taken : 58.523433446884155
 Thread 7 estimated dimension 10 of 14 : 0.4811986734894462  | time taken : 68.86975026130676
 Thread 1 estimated dimension 10 of 14 : 0.49412415788891245  | time taken : 63.99480056762695
 Thread 2 estimated dimension 10 of 14 : 0.48894663148497985  | time taken : 55.617515087127686
 Thread 7 estimated dimension 11 of 14 : 0.9822465990721319  | time taken : 10.385063171386719
 Thread 2 estimated dimension 11 of 14 : 1  | time taken : 4.6587443351745605
 Thread 1 estimated dimension 11 of 14 : 0.981747070475894  | time taken : 11.094220638275146
 Thread 3 estimated dimension 11 of 14 : 0.6590425497800463  | time taken : 64.69618391990662
 Thread 3 estimated dimension 12 of 14 : 1  | time taken : 14.182693719863892
 Thread 6 estimated dimension 11 of 14 : 0.7247189284984958  | time taken : 42.07817578315735
 Thread 2 estimated dimension 12 of 14 : 0.6777678260115347  | time taken : 41.07272911071777
 Thread 6 estimated dimension 12 of 14 : 1  | time taken : 14.052598476409912
 Thread 1 estimated dimension 12 of 14 : 0.6006704521994874  | time taken : 44.7557590007782
 Thread 4 estimated dimension 12 of 14 : 0.3389206732013383  | time taken : 106.21725702285767
 Thread 5 estimated dimension 11 of 14 : 0.32648089879834985  | time taken : 101.89742040634155
 Thread 5 estimated dimension 12 of 14 : 1  | time taken : 6.27974271774292
 Thread 4 estimated dimension 13 of 14 : 1  | time taken : 15.540204286575317
 Thread 4 nsolns: 79333
 Thread 7 estimated dimension 12 of 14 : 0.3878357582671817  | time taken : 90.69096255302429
 Thread 5 estimated dimension 13 of 14 : 1  | time taken : 15.548514604568481
 Thread 5 nsolns: 82046
 Thread 1 estimated dimension 13 of 14 : 0.5498061865960105  | time taken : 48.58915710449219
 Thread 1 nsolns: 80152
 Thread 3 estimated dimension 13 of 14 : 0.47898928265989976  | time taken : 75.9101448059082
 Thread 3 nsolns: 81769
 Thread 2 estimated dimension 13 of 14 : 0.5174684135039918  | time taken : 63.85271859169006
 Thread 2 nsolns: 80060
 Thread 7 estimated dimension 13 of 14 : 0.9867541798199726  | time taken : 17.35032606124878
 Thread 7 nsolns: 81508
 Thread 6 estimated dimension 13 of 14 : 0.5348082987203028  | time taken : 64.03674697875977
 Thread 6 nsolns: 82840
 Thread 7 estimated dimension 0 of 14 : 0.767943929437552  | time taken : 28.824803113937378
 Thread 4 estimated dimension 0 of 14 : 0.2717064495666682  | time taken : 87.08632326126099
 Thread 1 estimated dimension 0 of 14 : 0.3907833665286718  | time taken : 86.72134518623352
 Thread 4 estimated dimension 1 of 14 : 0.8649543628248036  | time taken : 18.80649471282959
 Thread 6 estimated dimension 0 of 14 : 0.34321952873225436  | time taken : 86.39266872406006
 Thread 4 estimated dimension 2 of 14 : 0.9902485511419858  | time taken : 5.127625942230225
 Thread 5 estimated dimension 0 of 14 : 0.3139929252929229  | time taken : 107.22800064086914
 Thread 4 estimated dimension 3 of 14 : 0.9964944783291688  | time taken : 6.07555627822876
 Thread 1 estimated dimension 1 of 14 : 0.7801118110000126  | time taken : 19.744354724884033
 Thread 3 estimated dimension 0 of 14 : 0.27708646757078437  | time taken : 107.89739418029785
 Thread 1 estimated dimension 2 of 14 : 1  | time taken : 5.665199041366577
 Thread 6 estimated dimension 1 of 14 : 0.8595622480597651  | time taken : 19.793299198150635
 Thread 2 estimated dimension 0 of 14 : 0.2722760012515872  | time taken : 111.7483160495758
 Thread 5 estimated dimension 1 of 14 : 0.8676311945946771  | time taken : 19.61600160598755
 Thread 1 estimated dimension 3 of 14 : 0.9714808972586044  | time taken : 7.97001838684082
 Thread 6 estimated dimension 2 of 14 : 1  | time taken : 4.58170223236084
 Thread 5 estimated dimension 2 of 14 : 0.9705426288417405  | time taken : 13.438368082046509
 Thread 4 estimated dimension 4 of 14 : 0.7527300428910385  | time taken : 28.847660303115845
 Thread 6 estimated dimension 3 of 14 : 1  | time taken : 11.415053367614746
 Thread 3 estimated dimension 1 of 14 : 0.8335824070113409  | time taken : 29.000191926956177
 Thread 5 estimated dimension 3 of 14 : 1  | time taken : 7.075789213180542
 Thread 2 estimated dimension 1 of 14 : 0.8614438283515585  | time taken : 28.028728008270264
 Thread 3 estimated dimension 2 of 14 : 0.9878637054854483  | time taken : 10.717871189117432
 Thread 1 estimated dimension 4 of 14 : 0.8480574488325416  | time taken : 32.37068462371826
 Thread 2 estimated dimension 2 of 14 : 0.9884276215288157  | time taken : 10.00088882446289
 Thread 3 estimated dimension 3 of 14 : 1  | time taken : 8.885324954986572
 Thread 6 estimated dimension 4 of 14 : 0.8330249981373439  | time taken : 25.646833896636963
 Thread 5 estimated dimension 4 of 14 : 0.8549852889151868  | time taken : 20.835529088974
 Thread 2 estimated dimension 3 of 14 : 1  | time taken : 8.758409976959229
 Thread 4 estimated dimension 5 of 14 : 0.7823335864193598  | time taken : 46.035207986831665
 Thread 5 estimated dimension 5 of 14 : 0.7084257429212985  | time taken : 30.53414011001587
 Thread 6 estimated dimension 5 of 14 : 0.8091266169938611  | time taken : 33.10914134979248
 Thread 2 estimated dimension 4 of 14 : 0.8048039204500816  | time taken : 28.668142080307007exiting with current heads : 3471 out of 3474 | exp rv: 19940.621007671474

 Thread 7 estimated dimension 1 of 14 : 0.1741670933249211  | time taken : 165.33902025222778
 Thread 4 estimated dimension 6 of 14 : 0.5770924506512844  | time taken : 37.087560415267944
 Thread 5 estimated dimension 6 of 14 : 0.651346742232868  | time taken : 30.492612600326538
 Thread 6 estimated dimension 6 of 14 : 0.6895600252748723  | time taken : 36.90009903907776
 Thread 7 estimated dimension 2 of 14 : 0.689584538510654  | time taken : 31.976354598999023
 Thread 5 estimated dimension 7 of 14 : 0.38149716095982444  | time taken : 44.07135629653931
 Thread 4 estimated dimension 7 of 14 : 0.46762279925892736  | time taken : 54.58857989311218
 Thread 7 estimated dimension 3 of 14 : 0.4442757869517696  | time taken : 51.8881049156189
 Thread 4 estimated dimension 8 of 14 : 0.8904559298770001  | time taken : 18.934534549713135
 Thread 6 estimated dimension 7 of 14 : 0.5822258244221903  | time taken : 60.24060845375061
 Thread 7 estimated dimension 4 of 14 : 1  | time taken : 8.92455768585205
 Thread 1 estimated dimension 5 of 14 : 0.21336557010590565  | time taken : 151.2802631855011
 Thread 7 estimated dimension 5 of 14 : 1  | time taken : 10.88222599029541
 Thread 1 estimated dimension 6 of 14 : 1  | time taken : 9.06022596359253
 Thread 6 estimated dimension 8 of 14 : 0.8768409496251155  | time taken : 22.474467754364014
 Thread 7 estimated dimension 6 of 14 : 0.9803339129970233  | time taken : 9.332109689712524
 Thread 1 estimated dimension 7 of 14 : 0.984125333788928  | time taken : 4.057969331741333exiting with current heads : 3472 out of 3474 | exp rv: 19377.448598534764

 Thread 3 estimated dimension 4 of 14 : 0.1792289620761844  | time taken : 168.85933637619019
 Thread 1 estimated dimension 8 of 14 : 1  | time taken : 8.728147029876709
 Thread 4 estimated dimension 9 of 14 : 0.6099700306600498  | time taken : 33.45971632003784
 Thread 7 estimated dimension 7 of 14 : 0.9879849788015217  | time taken : 10.214208364486694
 Thread 3 estimated dimension 5 of 14 : 1  | time taken : 8.758538246154785
 Thread 7 estimated dimension 8 of 14 : 0.9822020491088981  | time taken : 12.36451530456543
 Thread 1 estimated dimension 9 of 14 : 1  | time taken : 15.94793963432312
 Thread 3 estimated dimension 6 of 14 : 1  | time taken : 9.54096245765686
 Thread 7 estimated dimension 9 of 14 : 1  | time taken : 14.127399682998657
 Thread 3 estimated dimension 7 of 14 : 1  | time taken : 10.730241537094116
 Thread 6 estimated dimension 9 of 14 : 0.7065958288736649  | time taken : 41.61097502708435exiting with current heads : 3472 out of 3474 | exp rv: 16648.047195393734

 Thread 2 estimated dimension 5 of 14 : 0.208613055888076  | time taken : 165.41938257217407
 Thread 3 estimated dimension 8 of 14 : 1  | time taken : 6.055232048034668
 Thread 3 estimated dimension 9 of 14 : 1  | time taken : 6.396281003952026
 Thread 2 estimated dimension 6 of 14 : 1  | time taken : 12.067772150039673
 Thread 5 estimated dimension 8 of 14 : 0.312892051528871  | time taken : 110.6459310054779
 Thread 4 estimated dimension 10 of 14 : 0.5061402438570937  | time taken : 55.32413864135742
 Thread 2 estimated dimension 7 of 14 : 1  | time taken : 9.506364107131958
 Thread 5 estimated dimension 9 of 14 : 0.9915513858473032  | time taken : 14.38220477104187
 Thread 2 estimated dimension 8 of 14 : 1  | time taken : 12.011134386062622
 Thread 5 estimated dimension 10 of 14 : 1  | time taken : 5.362571716308594
 Thread 2 estimated dimension 9 of 14 : 1  | time taken : 10.30083966255188
 Thread 1 estimated dimension 10 of 14 : 0.49727682326147393  | time taken : 64.49021315574646
 Thread 5 estimated dimension 11 of 14 : 1  | time taken : 10.050956010818481
 Thread 7 estimated dimension 10 of 14 : 0.5221014100540491  | time taken : 59.18033409118652
 Thread 1 estimated dimension 11 of 14 : 1  | time taken : 9.356929779052734
 Thread 4 estimated dimension 11 of 14 : 0.6786227694846547  | time taken : 38.7162299156189
 Thread 6 estimated dimension 10 of 14 : 0.4788716231138737  | time taken : 66.56211400032043
 Thread 7 estimated dimension 11 of 14 : 0.9823075864178354  | time taken : 8.050968647003174
 Thread 3 estimated dimension 10 of 14 : 0.49527451220111485  | time taken : 58.33763575553894
 Thread 4 estimated dimension 12 of 14 : 1  | time taken : 15.796140909194946
 Thread 6 estimated dimension 11 of 14 : 0.9928828884488131  | time taken : 16.70103096961975
 Thread 5 estimated dimension 12 of 14 : 0.6346301797528808  | time taken : 46.66832375526428
 Thread 3 estimated dimension 11 of 14 : 0.6788992924347232  | time taken : 42.07145142555237
 Thread 2 estimated dimension 10 of 14 : 0.511517716626999  | time taken : 67.36227226257324
 Thread 7 estimated dimension 12 of 14 : 0.6647832971808683  | time taken : 50.865856885910034
 Thread 6 estimated dimension 12 of 14 : 0.6325281523330674  | time taken : 38.36422610282898
 Thread 2 estimated dimension 11 of 14 : 1  | time taken : 9.980433464050293
 Thread 3 estimated dimension 12 of 14 : 1  | time taken : 14.798115491867065
 Thread 1 estimated dimension 12 of 14 : 0.350054568043554  | time taken : 89.23159670829773
 Thread 4 estimated dimension 13 of 14 : 0.4862795188299517  | time taken : 69.3221538066864
 Thread 4 nsolns: 78188
 Thread 2 estimated dimension 12 of 14 : 0.6917545299574249  | time taken : 35.983044147491455
 Thread 1 estimated dimension 13 of 14 : 1  | time taken : 13.419357061386108
 Thread 1 nsolns: 78370
 Thread 6 estimated dimension 13 of 14 : 0.5018074587625053  | time taken : 59.56911063194275
 Thread 6 nsolns: 72329
 Thread 5 estimated dimension 13 of 14 : 0.4764712214152082  | time taken : 85.27850413322449
 Thread 5 nsolns: 80016
 Thread 4 estimated dimension 0 of 14 : 0.6952837087143183  | time taken : 36.30337357521057
 Thread 7 estimated dimension 13 of 14 : 0.5065313443727298  | time taken : 72.45443367958069
 Thread 7 nsolns: 80177
 Thread 3 estimated dimension 13 of 14 : 0.4893175411446396  | time taken : 63.583331823349
 Thread 3 nsolns: 83128
 Thread 4 estimated dimension 1 of 14 : 0.8584618361983813  | time taken : 27.67204976081848
 Thread 6 estimated dimension 0 of 14 : 0.6742119101126104  | time taken : 39.27008819580078
 Thread 2 estimated dimension 13 of 14 : 0.4935773020523849  | time taken : 61.72671556472778
 Thread 2 nsolns: 80916
 Thread 3 estimated dimension 0 of 14 : 0.7039363438077698  | time taken : 36.5056517124176
 Thread 6 estimated dimension 1 of 14 : 0.8933233775210794  | time taken : 23.024054050445557
 Thread 3 estimated dimension 1 of 14 : 0.855957947966375  | time taken : 14.752631425857544
 Thread 2 estimated dimension 0 of 14 : 0.7155202333855208  | time taken : 31.71138048171997
 Thread 1 estimated dimension 0 of 14 : 0.3359628618212666  | time taken : 101.5798065662384
 Thread 1 estimated dimension 1 of 14 : 0.8618804726891326  | time taken : 18.487019300460815
 Thread 4 estimated dimension 2 of 14 : 0.4769980699260548  | time taken : 69.46144342422485
 Thread 1 estimated dimension 2 of 14 : 0.9863482430223973  | time taken : 5.418765068054199
 Thread 4 estimated dimension 3 of 14 : 0.9853815383504803  | time taken : 6.758685350418091
 Thread 5 estimated dimension 0 of 14 : 0.30000989061015804  | time taken : 113.42618608474731
 Thread 1 estimated dimension 3 of 14 : 1  | time taken : 10.319988012313843
 Thread 3 estimated dimension 2 of 14 : 0.47764761445323084  | time taken : 55.44589400291443
 Thread 6 estimated dimension 2 of 14 : 0.40947859494302097  | time taken : 57.09013867378235
 Thread 6 estimated dimension 3 of 14 : 0.9911347993818354  | time taken : 9.78004002571106
 Thread 3 estimated dimension 3 of 14 : 0.9934197665360475  | time taken : 11.328042030334473
 Thread 7 estimated dimension 0 of 14 : 0.3114892077630158  | time taken : 124.75158905982971
 Thread 4 estimated dimension 4 of 14 : 0.8246036037379282  | time taken : 26.27520489692688
 Thread 1 estimated dimension 4 of 14 : 0.8573157747763301  | time taken : 26.407323122024536
 Thread 5 estimated dimension 1 of 14 : 0.8675620341267669  | time taken : 30.563313484191895
 Thread 5 estimated dimension 2 of 14 : 0.9858449580274077  | time taken : 5.052198171615601
 Thread 6 estimated dimension 4 of 14 : 0.8596750574520311  | time taken : 22.0450222492218
 Thread 3 estimated dimension 4 of 14 : 0.7730190933142693  | time taken : 23.56753897666931
 Thread 5 estimated dimension 3 of 14 : 1  | time taken : 10.31207823753357
 Thread 4 estimated dimension 5 of 14 : 0.8073239408075784  | time taken : 31.52878475189209
 Thread 1 estimated dimension 5 of 14 : 0.7984982518231879  | time taken : 31.118122100830078
 Thread 3 estimated dimension 5 of 14 : 0.7092360189278742  | time taken : 24.622714281082153
 Thread 5 estimated dimension 4 of 14 : 0.8791670257506233  | time taken : 23.795369386672974
 Thread 5 estimated dimension 5 of 14 : 0.7941899914383241  | time taken : 28.361412525177002
 Thread 3 estimated dimension 6 of 14 : 0.6126092241062688  | time taken : 35.79234266281128
 Thread 4 estimated dimension 6 of 14 : 0.4605594390299886  | time taken : 59.907475233078
 Thread 4 estimated dimension 7 of 14 : 1  | time taken : 10.735174655914307
 Thread 1 estimated dimension 6 of 14 : 0.5267409500662301  | time taken : 65.64105367660522exiting with current heads : 3468 out of 3474 | exp rv: 24885.859305064903

 Thread 2 estimated dimension 1 of 14 : 0.139557166076767  | time taken : 170.64027523994446
 Thread 5 estimated dimension 6 of 14 : 0.7030405991182438  | time taken : 32.213892698287964
 Thread 1 estimated dimension 7 of 14 : 0.9786890631666663  | time taken : 10.823163509368896
 Thread 3 estimated dimension 7 of 14 : 0.4508792092402988  | time taken : 51.85425615310669
 Thread 2 estimated dimension 2 of 14 : 0.6059540547635569  | time taken : 33.83561134338379
 Thread 4 estimated dimension 8 of 14 : 0.6143222934749153  | time taken : 49.38337278366089
 Thread 6 estimated dimension 5 of 14 : 0.20727847696231888  | time taken : 137.2235028743744
 Thread 1 estimated dimension 8 of 14 : 0.5818604805535404  | time taken : 40.19098901748657
 Thread 4 estimated dimension 9 of 14 : 1  | time taken : 4.900617599487305
 Thread 6 estimated dimension 6 of 14 : 1  | time taken : 5.8524556159973145exiting with current heads : 3471 out of 3474 | exp rv: 22803.088359038637

 Thread 7 estimated dimension 1 of 14 : 0.1523039311744534  | time taken : 164.66460990905762
 Thread 6 estimated dimension 7 of 14 : 0.995291863818516  | time taken : 6.518518447875977
 Thread 7 estimated dimension 2 of 14 : 0.9910244096125835  | time taken : 5.865996599197388
 Thread 1 estimated dimension 9 of 14 : 1  | time taken : 8.508074522018433
 Thread 7 estimated dimension 3 of 14 : 0.9786340887537872  | time taken : 4.551412343978882
 Thread 6 estimated dimension 8 of 14 : 1  | time taken : 8.905503273010254
 Thread 6 estimated dimension 9 of 14 : 0.9984511858819344  | time taken : 4.716560363769531
 Thread 5 estimated dimension 7 of 14 : 0.3958989212946543  | time taken : 73.74925661087036
 Thread 7 estimated dimension 4 of 14 : 1  | time taken : 13.87354564666748
 Thread 2 estimated dimension 3 of 14 : 0.44872197133649294  | time taken : 44.917810916900635
 Thread 2 estimated dimension 4 of 14 : 0.9725722870585737  | time taken : 5.059075832366943
 Thread 7 estimated dimension 5 of 14 : 0.9766996253211999  | time taken : 6.311369180679321
 Thread 7 estimated dimension 6 of 14 : 0.9995999685061143  | time taken : 4.353794574737549
 Thread 2 estimated dimension 5 of 14 : 0.997775519394998  | time taken : 8.790903091430664
 Thread 2 estimated dimension 6 of 14 : 0.9719904374945046  | time taken : 8.312998294830322
 Thread 7 estimated dimension 7 of 14 : 1  | time taken : 12.6812584400177
 Thread 5 estimated dimension 8 of 14 : 0.9026729623758815  | time taken : 27.070428133010864
 Thread 1 estimated dimension 10 of 14 : 0.5261938882800358  | time taken : 54.9402060508728
 Thread 4 estimated dimension 10 of 14 : 0.5083593940339085  | time taken : 64.24727201461792
 Thread 7 estimated dimension 8 of 14 : 0.9851490517318048  | time taken : 16.52936053276062
 Thread 2 estimated dimension 7 of 14 : 1  | time taken : 16.76488494873047
 Thread 6 estimated dimension 10 of 14 : 0.545518312050596  | time taken : 48.80370783805847
 Thread 4 estimated dimension 11 of 14 : 0.9849370806484664  | time taken : 10.67257571220398
 Thread 1 estimated dimension 11 of 14 : 0.9916644501067309  | time taken : 11.430474281311035
 Thread 2 estimated dimension 8 of 14 : 0.9928370761585191  | time taken : 5.894836902618408
 Thread 7 estimated dimension 9 of 14 : 0.9846874095194191  | time taken : 7.0692267417907715
 Thread 6 estimated dimension 11 of 14 : 1  | time taken : 8.901216268539429
 Thread 5 estimated dimension 9 of 14 : 0.7150438546915635  | time taken : 29.898931980133057
 Thread 2 estimated dimension 9 of 14 : 1  | time taken : 11.55059003829956
 Thread 3 estimated dimension 8 of 14 : 0.2984665809750764  | time taken : 122.29739212989807
 Thread 3 estimated dimension 9 of 14 : 1  | time taken : 8.536738872528076
 Thread 3 estimated dimension 10 of 14 : 0.991411698965598  | time taken : 8.255428075790405
 Thread 1 estimated dimension 12 of 14 : 0.6224712438182758  | time taken : 38.33028697967529
 Thread 3 estimated dimension 11 of 14 : 0.9783821649182576  | time taken : 5.399418115615845
 Thread 6 estimated dimension 12 of 14 : 0.6238875212955018  | time taken : 45.04265546798706
 Thread 5 estimated dimension 10 of 14 : 0.5027345561820046  | time taken : 48.19379186630249
 Thread 2 estimated dimension 10 of 14 : 0.5055794742764113  | time taken : 56.33421039581299
 Thread 7 estimated dimension 10 of 14 : 0.4764618489410423  | time taken : 78.02440309524536
 Thread 2 estimated dimension 11 of 14 : 0.9913571036507871  | time taken : 12.254270792007446
 Thread 3 estimated dimension 12 of 14 : 0.6943690316069837  | time taken : 44.129414081573486
 Thread 1 estimated dimension 13 of 14 : 0.5226701779306083  | time taken : 55.99931311607361
 Thread 1 nsolns: 71624
 Thread 4 estimated dimension 12 of 14 : 0.3483580866433265  | time taken : 110.89837718009949
 Thread 6 estimated dimension 13 of 14 : 0.43594785126399815  | time taken : 69.2340042591095
 Thread 6 nsolns: 79129
 Thread 1 estimated dimension 0 of 14 : 0.7212942032653267  | time taken : 26.375861406326294
 Thread 7 estimated dimension 11 of 14 : 0.7006868412776287  | time taken : 41.67476296424866
 Thread 4 estimated dimension 13 of 14 : 0.9931453247585437  | time taken : 17.913216829299927
 Thread 4 nsolns: 72076
 Thread 7 estimated dimension 12 of 14 : 0.9905020949431862  | time taken : 15.326253175735474
 Thread 5 estimated dimension 11 of 14 : 0.3296957014526467  | time taken : 92.318354845047
 Thread 4 estimated dimension 0 of 14 : 0.7568407712831224  | time taken : 28.925297737121582
 Thread 5 estimated dimension 12 of 14 : 1  | time taken : 14.936931610107422
 Thread 3 estimated dimension 13 of 14 : 0.5172176964644186  | time taken : 80.21209764480591
 Thread 3 nsolns: 76445
 Thread 5 estimated dimension 13 of 14 : 1  | time taken : 9.882341146469116
 Thread 5 nsolns: 77925
 Thread 4 estimated dimension 1 of 14 : 0.8089714127990393  | time taken : 26.954622507095337
 Thread 2 estimated dimension 12 of 14 : 0.34387041877350755  | time taken : 117.51451659202576
 Thread 3 estimated dimension 0 of 14 : 0.7449251388589132  | time taken : 29.24291682243347
 Thread 7 estimated dimension 13 of 14 : 0.48901771880210343  | time taken : 67.51684284210205
 Thread 7 nsolns: 84436
 Thread 6 estimated dimension 0 of 14 : 0.2548975962568994  | time taken : 90.21713280677795
 Thread 2 estimated dimension 13 of 14 : 0.9998319880437494  | time taken : 21.99565029144287
 Thread 2 nsolns: 87620
 Thread 6 estimated dimension 1 of 14 : 0.8447503289413585  | time taken : 29.157791137695312
 Thread 4 estimated dimension 2 of 14 : 0.44869211455826996  | time taken : 56.422515869140625
 Thread 6 estimated dimension 2 of 14 : 1  | time taken : 5.100105047225952
 Thread 4 estimated dimension 3 of 14 : 0.9904567053825185  | time taken : 5.771382093429565
 Thread 6 estimated dimension 3 of 14 : 0.9722597896510412  | time taken : 5.237813711166382
 Thread 2 estimated dimension 0 of 14 : 0.6400414450172679  | time taken : 33.0283784866333
 Thread 5 estimated dimension 0 of 14 : 0.2878908914259593  | time taken : 85.21892976760864
 Thread 6 estimated dimension 4 of 14 : 0.824574154630334  | time taken : 32.108047008514404
 Thread 5 estimated dimension 1 of 14 : 0.7970810233894337  | time taken : 25.36737608909607
 Thread 7 estimated dimension 0 of 14 : 0.307861075100774  | time taken : 89.719162940979
 Thread 5 estimated dimension 2 of 14 : 1  | time taken : 9.320740699768066
 Thread 5 estimated dimension 3 of 14 : 1  | time taken : 5.4322426319122314
 Thread 7 estimated dimension 1 of 14 : 0.8589444134109272  | time taken : 15.399344444274902exiting with current heads : 3470 out of 3474 | exp rv: 24473.702435798958

 Thread 1 estimated dimension 1 of 14 : 0.14190742120488734  | time taken : 194.6966586112976
 Thread 6 estimated dimension 5 of 14 : 0.7960759836149359  | time taken : 32.42237377166748
 Thread 7 estimated dimension 2 of 14 : 0.993875108823755  | time taken : 6.798886060714722
 Thread 7 estimated dimension 3 of 14 : 1  | time taken : 5.665971517562866
 Thread 5 estimated dimension 4 of 14 : 0.8192750300965936  | time taken : 32.5725531578064
 Thread 1 estimated dimension 2 of 14 : 0.6131736314335036  | time taken : 28.482666730880737
 Thread 7 estimated dimension 4 of 14 : 0.8128456284958224  | time taken : 29.390173196792603
 Thread 5 estimated dimension 5 of 14 : 0.7991377170059032  | time taken : 27.859852075576782exiting with current heads : 3470 out of 3474 | exp rv: 23582.025307741595

 Thread 3 estimated dimension 1 of 14 : 0.14727318602528472  | time taken : 173.66381740570068
 Thread 7 estimated dimension 5 of 14 : 0.8280062261265031  | time taken : 22.266743421554565
 Thread 6 estimated dimension 6 of 14 : 0.5054904196446992  | time taken : 71.20700287818909
 Thread 6 estimated dimension 7 of 14 : 0.9788655170648216  | time taken : 5.897320985794067
 Thread 1 estimated dimension 3 of 14 : 0.5384988495145344  | time taken : 65.29819297790527
 Thread 5 estimated dimension 6 of 14 : 0.5724206581374867  | time taken : 46.0476758480072
 Thread 3 estimated dimension 2 of 14 : 0.6274983556846427  | time taken : 44.96113443374634
 Thread 4 estimated dimension 4 of 14 : 0.18912627502019666  | time taken : 169.1290979385376exiting with current heads : 3472 out of 3474 | exp rv: 23468.912391064623

 Thread 2 estimated dimension 1 of 14 : 0.14798299734257322  | time taken : 171.5460057258606
 Thread 1 estimated dimension 4 of 14 : 0.9846330926848047  | time taken : 14.574812889099121
 Thread 4 estimated dimension 5 of 14 : 0.9692444708907255  | time taken : 9.146169662475586
 Thread 7 estimated dimension 6 of 14 : 0.5618239011885388  | time taken : 53.31499648094177
 Thread 4 estimated dimension 6 of 14 : 0.996463371122341  | time taken : 5.754003286361694
 Thread 4 estimated dimension 7 of 14 : 0.9948708588010722  | time taken : 5.424623966217041
 Thread 1 estimated dimension 5 of 14 : 0.9850549177063292  | time taken : 15.593789339065552
 Thread 4 estimated dimension 8 of 14 : 0.9439215637793557  | time taken : 4.519451141357422
 Thread 1 estimated dimension 6 of 14 : 0.9824007211427642  | time taken : 8.366343259811401
 Thread 4 estimated dimension 9 of 14 : 1  | time taken : 5.043711185455322
 Thread 5 estimated dimension 7 of 14 : 0.5673492039372403  | time taken : 40.12139630317688
 Thread 1 estimated dimension 7 of 14 : 1  | time taken : 4.532235860824585
 Thread 7 estimated dimension 7 of 14 : 0.5881223020739103  | time taken : 27.319905042648315
 Thread 1 estimated dimension 8 of 14 : 0.9987499977994394  | time taken : 5.438617944717407
 Thread 6 estimated dimension 8 of 14 : 0.6317691657919  | time taken : 68.6376633644104
 Thread 2 estimated dimension 2 of 14 : 0.6991698237470578  | time taken : 39.83365440368652
 Thread 6 estimated dimension 9 of 14 : 1  | time taken : 4.341507911682129
 Thread 3 estimated dimension 3 of 14 : 0.46797315082740926  | time taken : 50.4074866771698
 Thread 1 estimated dimension 9 of 14 : 0.9930795770317368  | time taken : 6.16645359992981
 Thread 3 estimated dimension 4 of 14 : 0.9841700487004402  | time taken : 14.399938821792603
 Thread 4 estimated dimension 10 of 14 : 0.5093657388044954  | time taken : 41.47671413421631
 Thread 3 estimated dimension 5 of 14 : 1  | time taken : 15.051257610321045
 Thread 3 estimated dimension 6 of 14 : 0.993059524930909  | time taken : 8.52320671081543
 Thread 3 estimated dimension 7 of 14 : 1  | time taken : 13.495392322540283
 Thread 1 estimated dimension 10 of 14 : 0.4763945003293366  | time taken : 57.82769441604614
 Thread 3 estimated dimension 8 of 14 : 0.996431986713708  | time taken : 7.554707765579224
 Thread 2 estimated dimension 3 of 14 : 0.5297054124573581  | time taken : 68.29028153419495
 Thread 6 estimated dimension 10 of 14 : 0.5002928054356809  | time taken : 68.96117663383484
 Thread 3 estimated dimension 9 of 14 : 1  | time taken : 12.927857398986816
 Thread 2 estimated dimension 4 of 14 : 0.9882451295646315  | time taken : 10.004409074783325
 Thread 5 estimated dimension 8 of 14 : 0.31919460539459227  | time taken : 101.66412115097046
 Thread 2 estimated dimension 5 of 14 : 1  | time taken : 9.001516342163086
 Thread 6 estimated dimension 11 of 14 : 0.9962402388096709  | time taken : 18.820658683776855
 Thread 7 estimated dimension 8 of 14 : 0.29997533620004446  | time taken : 99.08378982543945
 Thread 1 estimated dimension 11 of 14 : 0.6269825183883698  | time taken : 33.78308320045471
 Thread 2 estimated dimension 6 of 14 : 0.9921628879738513  | time taken : 10.302838802337646
 Thread 5 estimated dimension 9 of 14 : 0.9991782482791393  | time taken : 14.750786304473877
 Thread 7 estimated dimension 9 of 14 : 1  | time taken : 15.433917999267578
 Thread 1 estimated dimension 12 of 14 : 0.9778619971569165  | time taken : 12.52669620513916
 Thread 4 estimated dimension 11 of 14 : 0.32201036261985944  | time taken : 82.78543472290039
 Thread 5 estimated dimension 10 of 14 : 1  | time taken : 6.031141996383667
 Thread 2 estimated dimension 7 of 14 : 1  | time taken : 10.562264919281006
 Thread 5 estimated dimension 11 of 14 : 1  | time taken : 6.942873001098633
 Thread 7 estimated dimension 10 of 14 : 0.9872458336658395  | time taken : 11.506309747695923
 Thread 2 estimated dimension 8 of 14 : 1  | time taken : 11.299712419509888
 Thread 6 estimated dimension 12 of 14 : 0.652554980539249  | time taken : 34.29115009307861
 Thread 4 estimated dimension 12 of 14 : 1  | time taken : 14.658515214920044
 Thread 7 estimated dimension 11 of 14 : 1  | time taken : 8.74396800994873
 Thread 3 estimated dimension 10 of 14 : 0.5185188330005553  | time taken : 52.8850679397583
 Thread 2 estimated dimension 9 of 14 : 1  | time taken : 10.215483665466309
 Thread 3 estimated dimension 11 of 14 : 1  | time taken : 5.800715446472168
 Thread 4 estimated dimension 13 of 14 : 0.9829860932949405  | time taken : 14.731346607208252
 Thread 4 nsolns: 80081
 Thread 5 estimated dimension 12 of 14 : 0.651450088020324  | time taken : 39.16106581687927
 Thread 1 estimated dimension 13 of 14 : 0.4973629715229704  | time taken : 57.306479692459106
 Thread 1 nsolns: 85176
 Thread 4 estimated dimension 0 of 14 : 0.5961657206653672  | time taken : 38.14830470085144
 Thread 6 estimated dimension 13 of 14 : 0.47527628915694714  | time taken : 64.1893880367279
 Thread 6 nsolns: 75779
 Thread 2 estimated dimension 10 of 14 : 0.504791437832782  | time taken : 67.12972164154053
 Thread 7 estimated dimension 12 of 14 : 0.33293004576628216  | time taken : 89.30516481399536
 Thread 5 estimated dimension 13 of 14 : 0.5235217821126997  | time taken : 69.02754426002502
 Thread 5 nsolns: 77696
 Thread 7 estimated dimension 13 of 14 : 1  | time taken : 13.588777542114258
 Thread 7 nsolns: 78435
 Thread 3 estimated dimension 12 of 14 : 0.3375508894435187  | time taken : 116.0168764591217
 Thread 3 estimated dimension 13 of 14 : 0.983414661269481  | time taken : 9.043133020401001
 Thread 3 nsolns: 85977
 Thread 1 estimated dimension 0 of 14 : 0.2758990965869204  | time taken : 96.92726922035217
 Thread 6 estimated dimension 0 of 14 : 0.2880898753811361  | time taken : 86.42718887329102
 Thread 2 estimated dimension 11 of 14 : 0.3178219928711192  | time taken : 87.86002993583679
 Thread 1 estimated dimension 1 of 14 : 0.8206807372593435  | time taken : 23.84195852279663
 Thread 6 estimated dimension 1 of 14 : 0.8176305290943184  | time taken : 19.197017192840576
 Thread 1 estimated dimension 2 of 14 : 1  | time taken : 10.702933311462402
 Thread 6 estimated dimension 2 of 14 : 1  | time taken : 10.43204116821289
 Thread 1 estimated dimension 3 of 14 : 1  | time taken : 5.184294939041138
 Thread 7 estimated dimension 0 of 14 : 0.2716482314805101  | time taken : 77.13609385490417
 Thread 2 estimated dimension 12 of 14 : 0.9767761680323559  | time taken : 23.151038885116577exiting with current heads : 3472 out of 3474 | exp rv: 19860.415904292226

 Thread 4 estimated dimension 1 of 14 : 0.1748704567284221  | time taken : 139.39977622032166
 Thread 6 estimated dimension 3 of 14 : 1  | time taken : 12.774213790893555
 Thread 5 estimated dimension 0 of 14 : 0.3403799650617394  | time taken : 94.1117205619812
 Thread 2 estimated dimension 13 of 14 : 0.9953991222083105  | time taken : 17.82659411430359
 Thread 2 nsolns: 85811
 Thread 1 estimated dimension 4 of 14 : 0.8178176642904712  | time taken : 26.565619230270386
 Thread 5 estimated dimension 1 of 14 : 0.8467459312247341  | time taken : 24.924901962280273
 Thread 6 estimated dimension 4 of 14 : 0.780837898145441  | time taken : 29.94721245765686
 Thread 5 estimated dimension 2 of 14 : 0.9843382444629155  | time taken : 9.896789312362671
 Thread 4 estimated dimension 2 of 14 : 0.6460689090867957  | time taken : 38.830955266952515
 Thread 1 estimated dimension 5 of 14 : 0.7941720415930719  | time taken : 22.92470645904541
 Thread 5 estimated dimension 3 of 14 : 0.9814034685857028  | time taken : 4.585341930389404
 Thread 6 estimated dimension 5 of 14 : 0.7316882775689059  | time taken : 35.96656918525696
 Thread 3 estimated dimension 0 of 14 : 0.38321181547059063  | time taken : 129.8831045627594
 Thread 2 estimated dimension 0 of 14 : 0.28075303533118234  | time taken : 75.89148378372192
 Thread 1 estimated dimension 6 of 14 : 0.5276399527334577  | time taken : 48.92033004760742
 Thread 3 estimated dimension 1 of 14 : 0.8571644841348274  | time taken : 20.12656259536743
 Thread 4 estimated dimension 3 of 14 : 0.4397363394387411  | time taken : 55.47788739204407
 Thread 6 estimated dimension 6 of 14 : 0.592524791001883  | time taken : 32.18396210670471
 Thread 3 estimated dimension 2 of 14 : 0.9779171943485667  | time taken : 10.480726718902588
 Thread 4 estimated dimension 4 of 14 : 1  | time taken : 9.662099599838257
 Thread 2 estimated dimension 1 of 14 : 0.7862377111112503  | time taken : 19.378687858581543
 Thread 3 estimated dimension 3 of 14 : 1  | time taken : 5.438222646713257
 Thread 2 estimated dimension 2 of 14 : 0.9992707796111089  | time taken : 6.366705417633057
 Thread 2 estimated dimension 3 of 14 : 1  | time taken : 5.4093382358551025
 Thread 4 estimated dimension 5 of 14 : 1  | time taken : 16.100727319717407
 Thread 4 estimated dimension 6 of 14 : 0.9989454612574225  | time taken : 10.825660228729248
 Thread 4 estimated dimension 7 of 14 : 0.9999530269405638  | time taken : 9.539778470993042
 Thread 2 estimated dimension 4 of 14 : 0.8725971549130132  | time taken : 24.88137674331665
 Thread 1 estimated dimension 7 of 14 : 0.4546927153886491  | time taken : 65.0152530670166
 Thread 4 estimated dimension 8 of 14 : 1  | time taken : 12.528918027877808exiting with current heads : 3471 out of 3474 | exp rv: 21746.875236613378

 Thread 7 estimated dimension 1 of 14 : 0.159701104743214  | time taken : 169.66257190704346
 Thread 6 estimated dimension 7 of 14 : 0.5345512209120157  | time taken : 64.97092795372009
 Thread 4 estimated dimension 9 of 14 : 1  | time taken : 9.911275863647461
 Thread 7 estimated dimension 2 of 14 : 0.9820039572008042  | time taken : 11.43436574935913
 Thread 2 estimated dimension 5 of 14 : 0.8113417131342114  | time taken : 24.98356533050537
 Thread 1 estimated dimension 8 of 14 : 0.8767708671983512  | time taken : 20.5773983001709
 Thread 7 estimated dimension 3 of 14 : 0.9773083186841485  | time taken : 10.068782806396484
 Thread 6 estimated dimension 8 of 14 : 0.8901277330714222  | time taken : 22.674954891204834
 Thread 7 estimated dimension 4 of 14 : 0.9910188775805627  | time taken : 6.059046745300293
 Thread 7 estimated dimension 5 of 14 : 1  | time taken : 9.087503671646118exiting with current heads : 3472 out of 3474 | exp rv: 19610.94224157456

 Thread 5 estimated dimension 4 of 14 : 0.17709500936866526  | time taken : 157.99444198608398
 Thread 7 estimated dimension 6 of 14 : 1  | time taken : 7.927855491638184
 Thread 5 estimated dimension 5 of 14 : 1  | time taken : 9.560388326644897
 Thread 4 estimated dimension 10 of 14 : 0.4900295903843167  | time taken : 44.508301734924316
 Thread 1 estimated dimension 9 of 14 : 0.6722719073556703  | time taken : 39.44650101661682
 Thread 2 estimated dimension 6 of 14 : 0.6077285499437648  | time taken : 43.67720365524292
 Thread 5 estimated dimension 6 of 14 : 0.9795115424292484  | time taken : 12.740652084350586
 Thread 7 estimated dimension 7 of 14 : 1  | time taken : 16.46193838119507
 Thread 6 estimated dimension 9 of 14 : 0.6250631600373922  | time taken : 36.64136743545532
 Thread 5 estimated dimension 7 of 14 : 0.9775209630824281  | time taken : 8.282130241394043
 Thread 7 estimated dimension 8 of 14 : 1  | time taken : 10.655509233474731
 Thread 5 estimated dimension 8 of 14 : 1  | time taken : 10.25822925567627
 Thread 7 estimated dimension 9 of 14 : 1  | time taken : 9.145248413085938
 Thread 5 estimated dimension 9 of 14 : 1  | time taken : 14.102389097213745
 Thread 4 estimated dimension 11 of 14 : 0.6697829316918028  | time taken : 48.75955557823181
 Thread 1 estimated dimension 10 of 14 : 0.48954848267853013  | time taken : 56.18611288070679
 Thread 4 estimated dimension 12 of 14 : 1  | time taken : 11.02081298828125exiting with current heads : 3472 out of 3474 | exp rv: 17921.838976667834

 Thread 3 estimated dimension 4 of 14 : 0.1937859169765695  | time taken : 171.9426589012146
 Thread 2 estimated dimension 7 of 14 : 0.3232673545614064  | time taken : 66.36590909957886
 Thread 3 estimated dimension 5 of 14 : 0.9952648728822472  | time taken : 8.457452535629272
 Thread 3 estimated dimension 6 of 14 : 0.9858897784382996  | time taken : 8.286372184753418
 Thread 6 estimated dimension 10 of 14 : 0.5166254293559153  | time taken : 75.65975499153137
 Thread 2 estimated dimension 8 of 14 : 0.9134474119486975  | time taken : 23.365129470825195
 Thread 3 estimated dimension 7 of 14 : 0.9877624392714057  | time taken : 6.8173136711120605
 Thread 6 estimated dimension 11 of 14 : 0.993589045709963  | time taken : 8.010419845581055
 Thread 1 estimated dimension 11 of 14 : 0.7062722805237723  | time taken : 38.97245526313782
 Thread 5 estimated dimension 10 of 14 : 0.5087092072157378  | time taken : 54.476781129837036
 Thread 3 estimated dimension 8 of 14 : 1  | time taken : 7.773133277893066
 Thread 1 estimated dimension 12 of 14 : 1  | time taken : 5.260429620742798
 Thread 7 estimated dimension 10 of 14 : 0.4926517562821727  | time taken : 75.4830801486969
 Thread 5 estimated dimension 11 of 14 : 1  | time taken : 12.533642053604126
 Thread 3 estimated dimension 9 of 14 : 1  | time taken : 10.524150371551514
 Thread 4 estimated dimension 13 of 14 : 0.5000009159936721  | time taken : 58.98215174674988
 Thread 4 nsolns: 82535
 Thread 2 estimated dimension 9 of 14 : 0.7238208807569417  | time taken : 26.14131474494934
 Thread 7 estimated dimension 11 of 14 : 0.71067886386036  | time taken : 37.92184019088745
 Thread 7 estimated dimension 12 of 14 : 0.9976849074720414  | time taken : 12.860988140106201
 Thread 1 estimated dimension 13 of 14 : 0.5497385040230961  | time taken : 61.542431592941284
 Thread 3 estimated dimension 10 of 14 : 0.5388802908720486  | time taken : 51.60886883735657
 Thread 1 nsolns: 77163
 Thread 3 estimated dimension 11 of 14 : 0.9996254451264515  | time taken : 9.823004961013794
 Thread 2 estimated dimension 10 of 14 : 0.46901421372607316  | time taken : 71.07615542411804
 Thread 5 estimated dimension 12 of 14 : 0.32153252538995064  | time taken : 83.66760015487671
 Thread 4 estimated dimension 0 of 14 : 0.3101706832496547  | time taken : 80.13357663154602
 Thread 1 estimated dimension 0 of 14 : 0.6395076769604178  | time taken : 32.485854625701904
 Thread 6 estimated dimension 12 of 14 : 0.32014092279104345  | time taken : 110.73868417739868
 Thread 5 estimated dimension 13 of 14 : 0.9733801792854526  | time taken : 10.7415292263031
 Thread 5 nsolns: 82612
 Thread 2 estimated dimension 11 of 14 : 0.6700533586652263  | time taken : 26.909991979599
 Thread 4 estimated dimension 1 of 14 : 0.8632461469690366  | time taken : 20.758960723876953
 Thread 1 estimated dimension 1 of 14 : 0.8479260053027474  | time taken : 24.947478532791138
 Thread 7 estimated dimension 13 of 14 : 0.48457532027334693  | time taken : 67.42766261100769
 Thread 7 nsolns: 85456
 Thread 6 estimated dimension 13 of 14 : 1  | time taken : 23.97870373725891
 Thread 4 estimated dimension 2 of 14 : 0.999430422079347  | time taken : 11.453694820404053
 Thread 6 nsolns: 78313
 Thread 2 estimated dimension 12 of 14 : 0.9822394162623538  | time taken : 13.945796012878418
 Thread 4 estimated dimension 3 of 14 : 1  | time taken : 6.793285369873047
 Thread 5 estimated dimension 0 of 14 : 0.6253290977463628  | time taken : 35.63634967803955
 Thread 7 estimated dimension 0 of 14 : 0.7623208109990225  | time taken : 34.0971839427948
 Thread 4 estimated dimension 4 of 14 : 0.8621854353710583  | time taken : 24.832378387451172
 Thread 5 estimated dimension 1 of 14 : 0.8453444553334426  | time taken : 20.558743953704834
 Thread 1 estimated dimension 2 of 14 : 0.40379496870019677  | time taken : 59.49784564971924
 Thread 1 estimated dimension 3 of 14 : 1  | time taken : 5.803174018859863
 Thread 2 estimated dimension 13 of 14 : 0.5288396724521044  | time taken : 60.942145586013794
 Thread 2 nsolns: 79905
 Thread 4 estimated dimension 5 of 14 : 0.7629072150459523  | time taken : 30.445505142211914
 Thread 3 estimated dimension 12 of 14 : 0.3497072844196632  | time taken : 119.71251058578491
 Thread 3 estimated dimension 13 of 14 : 0.9878095688677608  | time taken : 15.686931610107422
 Thread 3 nsolns: 78756
 Thread 6 estimated dimension 0 of 14 : 0.35779910295804945  | time taken : 87.90626239776611
 Thread 2 estimated dimension 0 of 14 : 0.7291815679927436  | time taken : 36.563063859939575
 Thread 4 estimated dimension 6 of 14 : 0.7205406872148381  | time taken : 37.8311607837677
 Thread 5 estimated dimension 2 of 14 : 0.4464037366391152  | time taken : 75.88789057731628
 Thread 3 estimated dimension 0 of 14 : 0.6417979652603717  | time taken : 31.87251877784729
 Thread 5 estimated dimension 3 of 14 : 1  | time taken : 10.787147998809814
 Thread 2 estimated dimension 1 of 14 : 0.8683261028583674  | time taken : 27.470896005630493
 Thread 3 estimated dimension 1 of 14 : 0.807103702348207  | time taken : 18.20214581489563
 Thread 4 estimated dimension 7 of 14 : 0.7254119759285099  | time taken : 32.96713638305664
 Thread 3 estimated dimension 2 of 14 : 0.4696907902019278  | time taken : 42.1631555557251
 Thread 2 estimated dimension 2 of 14 : 0.42845748476954004  | time taken : 54.81501889228821
 Thread 2 estimated dimension 3 of 14 : 1  | time taken : 5.179886817932129exiting with current heads : 3471 out of 3474 | exp rv: 24521.098040652792

 Thread 7 estimated dimension 1 of 14 : 0.14163313544288342  | time taken : 165.61175441741943
 Thread 4 estimated dimension 8 of 14 : 0.3184251484144425  | time taken : 72.336834192276
 Thread 2 estimated dimension 4 of 14 : 0.7857276083980792  | time taken : 25.55417776107788
 Thread 4 estimated dimension 9 of 14 : 1  | time taken : 8.75257396697998exiting with current heads : 3472 out of 3474 | exp rv: 19922.466249220786

 Thread 1 estimated dimension 4 of 14 : 0.17432580668248526  | time taken : 167.903400182724
 Thread 4 estimated dimension 10 of 14 : 1  | time taken : 9.05083680152893
 Thread 1 estimated dimension 5 of 14 : 0.9893815858887708  | time taken : 9.494693517684937
 Thread 4 estimated dimension 11 of 14 : 0.9788839401111413  | time taken : 8.810001850128174
 Thread 1 estimated dimension 6 of 14 : 1  | time taken : 8.568904638290405exiting with current heads : 3469 out of 3474 | exp rv: 20830.061147015607

 Thread 6 estimated dimension 1 of 14 : 0.1667301874674328  | time taken : 158.73737025260925
 Thread 1 estimated dimension 7 of 14 : 1  | time taken : 8.707658052444458
 Thread 6 estimated dimension 2 of 14 : 1  | time taken : 9.235344171524048
 Thread 1 estimated dimension 8 of 14 : 1  | time taken : 8.792248249053955
 Thread 6 estimated dimension 3 of 14 : 0.9845383256742718  | time taken : 10.690156936645508
 Thread 1 estimated dimension 9 of 14 : 1  | time taken : 9.344563245773315
 Thread 6 estimated dimension 4 of 14 : 0.9946846217536445  | time taken : 5.808828592300415exiting with current heads : 3473 out of 3474 | exp rv: 17445.905006012486

 Thread 5 estimated dimension 4 of 14 : 0.19907250433858714  | time taken : 156.70626044273376
 Thread 6 estimated dimension 5 of 14 : 1  | time taken : 10.702203273773193
 Thread 5 estimated dimension 5 of 14 : 1  | time taken : 16.513813257217407
 Thread 6 estimated dimension 6 of 14 : 0.99115940875749  | time taken : 11.327251434326172
 Thread 7 estimated dimension 2 of 14 : 0.41477459892958096  | time taken : 108.43512344360352
 Thread 5 estimated dimension 6 of 14 : 1  | time taken : 12.840118169784546
 Thread 6 estimated dimension 7 of 14 : 0.9866376344986512  | time taken : 13.709067583084106
 Thread 7 estimated dimension 3 of 14 : 0.9906401349221732  | time taken : 9.204215288162231
 Thread 5 estimated dimension 7 of 14 : 0.9987080072558893  | time taken : 10.682358264923096
 Thread 6 estimated dimension 8 of 14 : 0.9846398626409457  | time taken : 8.914074897766113
 Thread 7 estimated dimension 4 of 14 : 0.9733972907105962  | time taken : 8.616236209869385
 Thread 5 estimated dimension 8 of 14 : 0.9780454194120803  | time taken : 8.337013721466064
 Thread 6 estimated dimension 9 of 14 : 0.9925229197541072  | time taken : 9.80941104888916
 Thread 7 estimated dimension 5 of 14 : 0.9920839230168458  | time taken : 8.982978820800781
 Thread 1 estimated dimension 10 of 14 : 0.527962267421424  | time taken : 58.09081268310547
 Thread 5 estimated dimension 9 of 14 : 0.9724269675993806  | time taken : 5.391520738601685
 Thread 4 estimated dimension 12 of 14 : 0.3577924948136465  | time taken : 101.92873334884644
 Thread 7 estimated dimension 6 of 14 : 1  | time taken : 5.269595623016357exiting with current heads : 3469 out of 3474 | exp rv: 22582.329735682444

 Thread 3 estimated dimension 3 of 14 : 0.15379281237366296  | time taken : 174.7839014530182
 Thread 7 estimated dimension 7 of 14 : 0.9768340767846561  | time taken : 7.145116806030273
 Thread 3 estimated dimension 4 of 14 : 0.9803134216337774  | time taken : 7.765071868896484
 Thread 2 estimated dimension 5 of 14 : 0.19928980937581736  | time taken : 142.53800535202026
 Thread 4 estimated dimension 13 of 14 : 0.9763295335623532  | time taken : 20.867576122283936
 Thread 4 nsolns: 74992
 Thread 7 estimated dimension 8 of 14 : 1  | time taken : 13.998121738433838
 Thread 2 estimated dimension 6 of 14 : 0.9896494608829534  | time taken : 4.018205642700195
 Thread 3 estimated dimension 5 of 14 : 0.9961203179575739  | time taken : 8.158111810684204
 Thread 7 estimated dimension 9 of 14 : 0.9854433172529904  | time taken : 5.657007217407227
 Thread 2 estimated dimension 7 of 14 : 1  | time taken : 5.387494087219238
 Thread 3 estimated dimension 6 of 14 : 1  | time taken : 10.80930781364441
 Thread 1 estimated dimension 11 of 14 : 0.6746007869440548  | time taken : 43.01741981506348
 Thread 3 estimated dimension 7 of 14 : 0.9882638247486242  | time taken : 5.599065065383911
 Thread 2 estimated dimension 8 of 14 : 1  | time taken : 13.81006646156311
 Thread 6 estimated dimension 10 of 14 : 0.5133800668359705  | time taken : 54.37724161148071
 Thread 2 estimated dimension 9 of 14 : 1  | time taken : 4.87054443359375
 Thread 3 estimated dimension 8 of 14 : 1  | time taken : 10.07013463973999
 Thread 1 estimated dimension 12 of 14 : 0.9920600520480295  | time taken : 15.66528582572937
 Thread 6 estimated dimension 11 of 14 : 1  | time taken : 11.707114219665527
 Thread 5 estimated dimension 10 of 14 : 0.4925608573198296  | time taken : 66.76005411148071
 Thread 3 estimated dimension 9 of 14 : 0.9745223177117099  | time taken : 10.680863857269287
 Thread 7 estimated dimension 10 of 14 : 0.514306694568118  | time taken : 57.4501736164093
 Thread 2 estimated dimension 10 of 14 : 0.504725409743673  | time taken : 51.91406035423279
 Thread 5 estimated dimension 11 of 14 : 0.6876166450599714  | time taken : 44.44792699813843
 Thread 6 estimated dimension 12 of 14 : 0.6472000046059138  | time taken : 48.13587021827698
 Thread 4 estimated dimension 0 of 14 : 0.28740808179409494  | time taken : 88.90007090568542
 Thread 7 estimated dimension 11 of 14 : 0.690991684341621  | time taken : 37.13254237174988
 Thread 3 estimated dimension 10 of 14 : 0.49095483815758756  | time taken : 61.67201471328735
 Thread 5 estimated dimension 12 of 14 : 1  | time taken : 18.885920763015747
 Thread 7 estimated dimension 12 of 14 : 1  | time taken : 10.036069869995117
 Thread 2 estimated dimension 11 of 14 : 0.6732365540661488  | time taken : 34.12968897819519
 Thread 1 estimated dimension 13 of 14 : 0.538715912321355  | time taken : 82.02417325973511
 Thread 1 nsolns: 80597
 Thread 4 estimated dimension 1 of 14 : 0.8419784835217681  | time taken : 27.945935249328613
 Thread 4 estimated dimension 2 of 14 : 1  | time taken : 9.713234424591064
 Thread 2 estimated dimension 12 of 14 : 1  | time taken : 16.421368837356567
 Thread 4 estimated dimension 3 of 14 : 1  | time taken : 9.915515661239624
 Thread 3 estimated dimension 11 of 14 : 0.6950871857842149  | time taken : 42.973851680755615
 Thread 6 estimated dimension 13 of 14 : 0.5000223250745602  | time taken : 73.49718499183655
 Thread 6 nsolns: 81280
 Thread 3 estimated dimension 12 of 14 : 1  | time taken : 16.74063754081726
 Thread 4 estimated dimension 4 of 14 : 0.8253322137475969  | time taken : 31.269657611846924
 Thread 5 estimated dimension 13 of 14 : 0.47284007677544126  | time taken : 69.58598256111145
 Thread 5 nsolns: 78526
 Thread 7 estimated dimension 13 of 14 : 0.46513602842290475  | time taken : 73.45194506645203
 Thread 7 nsolns: 84536
 Thread 6 estimated dimension 0 of 14 : 0.720924047250251  | time taken : 38.861706256866455
 Thread 4 estimated dimension 5 of 14 : 0.8177106863663991  | time taken : 33.31925892829895
 Thread 2 estimated dimension 13 of 14 : 0.526777607335239  | time taken : 72.60006356239319
 Thread 2 nsolns: 77962
 Thread 5 estimated dimension 0 of 14 : 0.5039931875876783  | time taken : 39.95235872268677
 Thread 1 estimated dimension 0 of 14 : 0.31228132741519793  | time taken : 112.05612277984619
 Thread 3 estimated dimension 13 of 14 : 0.49892031674550674  | time taken : 69.59946060180664
 Thread 3 nsolns: 83396
 Thread 4 estimated dimension 6 of 14 : 0.5496529691618317  | time taken : 41.01996421813965
 Thread 2 estimated dimension 0 of 14 : 0.7458930994513713  | time taken : 36.281657218933105
 Thread 1 estimated dimension 1 of 14 : 0.8446095426924586  | time taken : 25.14892029762268
 Thread 1 estimated dimension 2 of 14 : 1  | time taken : 7.078169107437134
 Thread 1 estimated dimension 3 of 14 : 0.995955782205538  | time taken : 5.359644889831543
 Thread 4 estimated dimension 7 of 14 : 0.811987999052167  | time taken : 31.875467538833618
 Thread 7 estimated dimension 0 of 14 : 0.2810929567977928  | time taken : 115.89724707603455
 Thread 7 estimated dimension 1 of 14 : 0.8574842930845826  | time taken : 19.05408763885498
 Thread 7 estimated dimension 2 of 14 : 0.9961930948025425  | time taken : 8.750877380371094
 Thread 7 estimated dimension 3 of 14 : 0.9986872485898791  | time taken : 8.77968430519104
 Thread 3 estimated dimension 0 of 14 : 0.26309648442701594  | time taken : 108.89241814613342
 Thread 3 estimated dimension 1 of 14 : 0.8848418299851368  | time taken : 18.832524061203003
 Thread 3 estimated dimension 2 of 14 : 1  | time taken : 4.088943719863892
 Thread 7 estimated dimension 4 of 14 : 0.8398350089551481  | time taken : 28.39375329017639exiting with current heads : 3471 out of 3474 | exp rv: 20871.62738562123

 Thread 6 estimated dimension 1 of 14 : 0.16639814116232263  | time taken : 172.06065773963928
 Thread 3 estimated dimension 3 of 14 : 0.9795676456003122  | time taken : 7.284426212310791
 Thread 4 estimated dimension 8 of 14 : 0.3080594613845141  | time taken : 111.50937271118164
 Thread 4 estimated dimension 9 of 14 : 1  | time taken : 9.579524993896484
 Thread 4 estimated dimension 10 of 14 : 0.9879633951566947  | time taken : 4.585479974746704exiting with current heads : 3471 out of 3474 | exp rv: 24910.841390841226

 Thread 5 estimated dimension 1 of 14 : 0.13941720978067368  | time taken : 188.85513949394226exiting with current heads : 3468 out of 3474 | exp rv: 22362.521120930694

 Thread 2 estimated dimension 1 of 14 : 0.15530449278142297  | time taken : 164.18934178352356
 Thread 4 estimated dimension 11 of 14 : 1  | time taken : 7.3699421882629395exiting with current heads : 3472 out of 3474 | exp rv: 21073.750763332162

 Thread 1 estimated dimension 4 of 14 : 0.16480217684091336  | time taken : 164.60284161567688
 Thread 5 estimated dimension 2 of 14 : 0.695604336483216  | time taken : 31.10094666481018
 Thread 1 estimated dimension 5 of 14 : 0.9905638247728067  | time taken : 9.989921569824219
 Thread 2 estimated dimension 2 of 14 : 0.610982213412574  | time taken : 39.788849115371704
 Thread 1 estimated dimension 6 of 14 : 1  | time taken : 7.55292010307312
 Thread 4 estimated dimension 12 of 14 : 0.6687553510392004  | time taken : 39.10957646369934
 Thread 1 estimated dimension 7 of 14 : 0.9973487496103626  | time taken : 6.3259804248809814
 Thread 6 estimated dimension 2 of 14 : 0.35675057482960026  | time taken : 93.96481728553772
 Thread 1 estimated dimension 8 of 14 : 0.9901885438743613  | time taken : 9.173535108566284
 Thread 1 estimated dimension 9 of 14 : 0.9692780573173474  | time taken : 8.899888277053833
 Thread 6 estimated dimension 3 of 14 : 0.9829763837901411  | time taken : 10.57256007194519
 Thread 5 estimated dimension 3 of 14 : 0.5562082806701977  | time taken : 53.192784547805786
 Thread 6 estimated dimension 4 of 14 : 0.9753194655107709  | time taken : 12.738802671432495
 Thread 5 estimated dimension 4 of 14 : 1  | time taken : 12.12533950805664
 Thread 6 estimated dimension 5 of 14 : 0.9974817901320054  | time taken : 10.617442846298218
 Thread 2 estimated dimension 3 of 14 : 0.4681559925969934  | time taken : 65.70104670524597
 Thread 5 estimated dimension 5 of 14 : 1  | time taken : 11.152175664901733
 Thread 6 estimated dimension 6 of 14 : 0.9663779346328314  | time taken : 11.200366497039795
 Thread 5 estimated dimension 6 of 14 : 0.9974200950891331  | time taken : 6.1935601234436035
 Thread 6 estimated dimension 7 of 14 : 0.9908154677467492  | time taken : 6.979732275009155
 Thread 2 estimated dimension 4 of 14 : 1  | time taken : 13.18354320526123
 Thread 6 estimated dimension 8 of 14 : 0.9807443914422301  | time taken : 9.031033515930176
 Thread 5 estimated dimension 7 of 14 : 0.983446187723462  | time taken : 11.905574560165405
 Thread 4 estimated dimension 13 of 14 : 0.46845719866219193  | time taken : 82.4721519947052
 Thread 4 nsolns: 76722exiting with current heads : 3474 out of 3474 | exp rv: 16138.035285350974

 Thread 7 estimated dimension 5 of 14 : 0.21520587472953145  | time taken : 170.3870358467102
 Thread 2 estimated dimension 5 of 14 : 0.9576944119911066  | time taken : 12.58366346359253
 Thread 5 estimated dimension 8 of 14 : 1  | time taken : 6.7888875007629395
 Thread 6 estimated dimension 9 of 14 : 1  | time taken : 12.702926874160767
 Thread 1 estimated dimension 10 of 14 : 0.47950205108498484  | time taken : 67.94496583938599
 Thread 2 estimated dimension 6 of 14 : 1  | time taken : 4.034069061279297
 Thread 5 estimated dimension 9 of 14 : 1  | time taken : 4.755009174346924
 Thread 7 estimated dimension 6 of 14 : 1  | time taken : 10.626720190048218exiting with current heads : 3473 out of 3474 | exp rv: 20433.326512876327

 Thread 3 estimated dimension 4 of 14 : 0.16996743030614442  | time taken : 183.13842964172363
 Thread 1 estimated dimension 11 of 14 : 0.9899920415871006  | time taken : 15.990873336791992
 Thread 2 estimated dimension 7 of 14 : 0.9976054226122734  | time taken : 14.841200828552246
 Thread 7 estimated dimension 7 of 14 : 1  | time taken : 11.222432613372803
 Thread 2 estimated dimension 8 of 14 : 1  | time taken : 7.154917240142822
 Thread 3 estimated dimension 5 of 14 : 0.9969908157993722  | time taken : 10.427442789077759
 Thread 4 estimated dimension 0 of 14 : 0.7378482283153128  | time taken : 37.929012298583984
 Thread 7 estimated dimension 8 of 14 : 0.99731272964456  | time taken : 10.58573317527771
 Thread 3 estimated dimension 6 of 14 : 0.9999445504957201  | time taken : 5.1093056201934814
 Thread 2 estimated dimension 9 of 14 : 0.9918591213514837  | time taken : 10.351592302322388
 Thread 3 estimated dimension 7 of 14 : 0.9911961806290677  | time taken : 5.949322462081909
 Thread 7 estimated dimension 9 of 14 : 1  | time taken : 10.433380365371704
 Thread 3 estimated dimension 8 of 14 : 0.9813688692980058  | time taken : 10.314478635787964
 Thread 1 estimated dimension 12 of 14 : 0.6591202808909323  | time taken : 36.39478158950806
 Thread 3 estimated dimension 9 of 14 : 0.9742559607738447  | time taken : 4.955960273742676
 Thread 6 estimated dimension 10 of 14 : 0.5112048930201829  | time taken : 55.678980350494385
 Thread 5 estimated dimension 10 of 14 : 0.5232003915737958  | time taken : 58.51181626319885
 Thread 6 estimated dimension 11 of 14 : 1  | time taken : 17.407159566879272
 Thread 7 estimated dimension 10 of 14 : 0.49648225396187057  | time taken : 68.28937339782715
 Thread 2 estimated dimension 10 of 14 : 0.4855514020256851  | time taken : 78.61169862747192
 Thread 2 estimated dimension 11 of 14 : 0.9824771721270045  | time taken : 5.385443687438965
 Thread 3 estimated dimension 10 of 14 : 0.5172085939270665  | time taken : 66.02338743209839
 Thread 7 estimated dimension 11 of 14 : 0.6839668353177254  | time taken : 33.042608976364136
 Thread 1 estimated dimension 13 of 14 : 0.48669843322756884  | time taken : 90.51490616798401
 Thread 1 nsolns: 83903
 Thread 2 estimated dimension 12 of 14 : 0.6188067957794658  | time taken : 33.71274542808533
 Thread 7 estimated dimension 12 of 14 : 0.9918443650112715  | time taken : 12.921632766723633
 Thread 3 estimated dimension 11 of 14 : 0.6939829535949272  | time taken : 39.91442799568176
 Thread 5 estimated dimension 11 of 14 : 0.32842731263794284  | time taken : 102.551109790802
 Thread 5 estimated dimension 12 of 14 : 0.9894187934708306  | time taken : 4.444774389266968
 Thread 3 estimated dimension 12 of 14 : 1  | time taken : 9.117321968078613
 Thread 5 estimated dimension 13 of 14 : 0.993225798411087  | time taken : 13.129640817642212
 Thread 5 nsolns: 87484
 Thread 6 estimated dimension 12 of 14 : 0.3475168791756224  | time taken : 118.77395486831665exiting with current heads : 3472 out of 3474 | exp rv: 20932.26489372598

 Thread 4 estimated dimension 1 of 14 : 0.1659161116884662  | time taken : 172.19916319847107
 Thread 6 estimated dimension 13 of 14 : 0.9983814289391787  | time taken : 12.66279125213623
 Thread 6 nsolns: 83337
 Thread 5 estimated dimension 0 of 14 : 0.7686276442390398  | time taken : 29.85078239440918
 Thread 7 estimated dimension 13 of 14 : 0.4867841556676559  | time taken : 62.10000944137573
 Thread 7 nsolns: 79987
 Thread 3 estimated dimension 13 of 14 : 0.5319607913545317  | time taken : 57.28567171096802
 Thread 3 nsolns: 84334
 Thread 5 estimated dimension 1 of 14 : 0.7462053076009059  | time taken : 23.05835509300232
 Thread 1 estimated dimension 0 of 14 : 0.27809781349432167  | time taken : 98.25223207473755
 Thread 4 estimated dimension 2 of 14 : 0.6446537131677667  | time taken : 43.53492760658264
 Thread 2 estimated dimension 13 of 14 : 0.5121687133628092  | time taken : 88.75850033760071
 Thread 2 nsolns: 84108
 Thread 7 estimated dimension 0 of 14 : 0.7850518198697998  | time taken : 27.71458673477173
 Thread 1 estimated dimension 1 of 14 : 0.8264751235533149  | time taken : 23.370442390441895
 Thread 3 estimated dimension 0 of 14 : 0.6882219499949631  | time taken : 40.99562454223633
 Thread 1 estimated dimension 2 of 14 : 1  | time taken : 8.15600872039795
 Thread 2 estimated dimension 0 of 14 : 0.764047750294244  | time taken : 37.45940327644348
 Thread 1 estimated dimension 3 of 14 : 1  | time taken : 5.141307592391968
 Thread 5 estimated dimension 2 of 14 : 0.4149992217495534  | time taken : 49.38675117492676
 Thread 3 estimated dimension 1 of 14 : 0.8028418884996826  | time taken : 18.345961809158325
 Thread 5 estimated dimension 3 of 14 : 0.988849273834431  | time taken : 4.480520009994507
 Thread 4 estimated dimension 3 of 14 : 0.4784025363202946  | time taken : 51.833451986312866
 Thread 1 estimated dimension 4 of 14 : 0.801717562821204  | time taken : 17.963180541992188
 Thread 2 estimated dimension 1 of 14 : 0.847075761066024  | time taken : 18.934524536132812
 Thread 4 estimated dimension 4 of 14 : 0.9890168374894487  | time taken : 4.887786149978638
 Thread 4 estimated dimension 5 of 14 : 0.9984732024318179  | time taken : 12.686473608016968
 Thread 4 estimated dimension 6 of 14 : 1  | time taken : 4.6393513679504395
 Thread 6 estimated dimension 0 of 14 : 0.2870379253387027  | time taken : 112.44829845428467
 Thread 4 estimated dimension 7 of 14 : 0.9955493888622297  | time taken : 9.184226751327515
 Thread 1 estimated dimension 5 of 14 : 0.7645750754646292  | time taken : 30.65745759010315
 Thread 4 estimated dimension 8 of 14 : 0.9979838184342426  | time taken : 12.16467022895813
 Thread 4 estimated dimension 9 of 14 : 0.9904262597210399  | time taken : 5.161278009414673
 Thread 6 estimated dimension 1 of 14 : 0.8382151250993133  | time taken : 29.21075940132141
 Thread 3 estimated dimension 2 of 14 : 0.4177949873602484  | time taken : 60.87321162223816
 Thread 6 estimated dimension 2 of 14 : 1  | time taken : 4.693183422088623
 Thread 3 estimated dimension 3 of 14 : 0.9830571390518748  | time taken : 5.16769814491272
 Thread 6 estimated dimension 3 of 14 : 1  | time taken : 5.136152982711792
 Thread 2 estimated dimension 2 of 14 : 0.4939486954422473  | time taken : 66.9609043598175
 Thread 2 estimated dimension 3 of 14 : 0.988846234513207  | time taken : 10.78703260421753
 Thread 3 estimated dimension 4 of 14 : 0.8356473025718107  | time taken : 30.072396755218506
 Thread 1 estimated dimension 6 of 14 : 0.44872774245172464  | time taken : 60.28560495376587
 Thread 6 estimated dimension 4 of 14 : 0.8314865642135879  | time taken : 34.90710091590881
 Thread 1 estimated dimension 7 of 14 : 0.997197866941036  | time taken : 4.17824912071228
 Thread 4 estimated dimension 10 of 14 : 0.48794358513376945  | time taken : 55.3081316947937
 Thread 2 estimated dimension 4 of 14 : 0.8378342821021555  | time taken : 24.458274602890015exiting with current heads : 3464 out of 3474 | exp rv: 23188.860665900247

 Thread 7 estimated dimension 1 of 14 : 0.14977018707551795  | time taken : 164.2512891292572
 Thread 6 estimated dimension 5 of 14 : 0.7208288733392779  | time taken : 26.9796245098114
 Thread 2 estimated dimension 5 of 14 : 0.7901130572493597  | time taken : 30.944164991378784
 Thread 4 estimated dimension 11 of 14 : 0.6628127494899922  | time taken : 39.912707567214966
 Thread 1 estimated dimension 8 of 14 : 0.6037960959807432  | time taken : 46.76716184616089
 Thread 4 estimated dimension 12 of 14 : 0.9994642072857572  | time taken : 5.964547395706177
 Thread 1 estimated dimension 9 of 14 : 0.9814128707677926  | time taken : 5.739057302474976
 Thread 7 estimated dimension 2 of 14 : 0.6200698616050508  | time taken : 45.672523975372314exiting with current heads : 3473 out of 3474 | exp rv: 18080.492457954973

 Thread 5 estimated dimension 4 of 14 : 0.19208547599443096  | time taken : 187.49028849601746
 Thread 2 estimated dimension 6 of 14 : 0.5263224470589939  | time taken : 42.956218004226685
 Thread 6 estimated dimension 6 of 14 : 0.37462313949459997  | time taken : 58.039472341537476
 Thread 5 estimated dimension 5 of 14 : 0.9740043310153801  | time taken : 13.5659499168396
 Thread 6 estimated dimension 7 of 14 : 1  | time taken : 11.038825988769531
 Thread 5 estimated dimension 6 of 14 : 1  | time taken : 5.532529830932617
 Thread 5 estimated dimension 7 of 14 : 0.9949604367636479  | time taken : 6.036102771759033
 Thread 5 estimated dimension 8 of 14 : 0.9964334023307947  | time taken : 5.0372912883758545
 Thread 4 estimated dimension 13 of 14 : 0.4789667540352143  | time taken : 63.64236664772034
 Thread 4 nsolns: 82022
 Thread 5 estimated dimension 9 of 14 : 1  | time taken : 4.091270923614502
 Thread 7 estimated dimension 3 of 14 : 0.4696211410969629  | time taken : 62.944528102874756
 Thread 1 estimated dimension 10 of 14 : 0.4928694473399981  | time taken : 73.860759973526
 Thread 2 estimated dimension 7 of 14 : 0.437974623445441  | time taken : 47.47297549247742
 Thread 7 estimated dimension 4 of 14 : 0.9979707093182342  | time taken : 10.111251831054688
 Thread 1 estimated dimension 11 of 14 : 1  | time taken : 8.974108219146729
 Thread 7 estimated dimension 5 of 14 : 0.9789149115595227  | time taken : 4.58969521522522exiting with current heads : 3474 out of 3474 | exp rv: 14455.087429468624

 Thread 3 estimated dimension 5 of 14 : 0.24026143162024924  | time taken : 147.4292697906494
 Thread 6 estimated dimension 8 of 14 : 0.6316464588311602  | time taken : 46.739535093307495
 Thread 7 estimated dimension 6 of 14 : 0.9845477416945174  | time taken : 7.871693849563599
 Thread 4 estimated dimension 0 of 14 : 0.6985665962733982  | time taken : 28.143826723098755
 Thread 3 estimated dimension 6 of 14 : 0.9847499701319438  | time taken : 12.069690465927124
 Thread 3 estimated dimension 7 of 14 : 1  | time taken : 6.258228063583374
 Thread 7 estimated dimension 7 of 14 : 0.9774189187598117  | time taken : 14.458129405975342
 Thread 6 estimated dimension 9 of 14 : 1  | time taken : 17.89395833015442
 Thread 3 estimated dimension 8 of 14 : 1  | time taken : 9.97452449798584
 Thread 7 estimated dimension 8 of 14 : 1  | time taken : 9.871756792068481
 Thread 7 estimated dimension 9 of 14 : 0.998596514623865  | time taken : 4.913767576217651
 Thread 1 estimated dimension 12 of 14 : 0.6553598555693575  | time taken : 42.53456139564514
 Thread 3 estimated dimension 9 of 14 : 0.9952094598789957  | time taken : 10.698888301849365
 Thread 5 estimated dimension 10 of 14 : 0.5318522095031423  | time taken : 64.36320471763611
 Thread 5 estimated dimension 11 of 14 : 0.9886921934276353  | time taken : 7.29312539100647
 Thread 5 estimated dimension 12 of 14 : 0.639236977705266  | time taken : 41.957942485809326
 Thread 6 estimated dimension 10 of 14 : 0.5083772371794577  | time taken : 76.13549065589905
 Thread 7 estimated dimension 10 of 14 : 0.4861068733900061  | time taken : 67.66294741630554
 Thread 6 estimated dimension 11 of 14 : 0.9721238623683083  | time taken : 9.56752610206604
 Thread 1 estimated dimension 13 of 14 : 0.48840389800417594  | time taken : 70.1951642036438
 Thread 3 estimated dimension 10 of 14 : 0.46291552766356314  | time taken : 69.56563401222229
 Thread 1 nsolns: 75700
 Thread 3 estimated dimension 11 of 14 : 0.983803140150212  | time taken : 5.957672834396362
 Thread 5 estimated dimension 13 of 14 : 0.5316172078120731  | time taken : 66.88804626464844
 Thread 5 nsolns: 78528
 Thread 6 estimated dimension 12 of 14 : 0.6558046943022016  | time taken : 54.89266777038574
 Thread 5 estimated dimension 0 of 14 : 0.7574018910647837  | time taken : 26.7109055519104exiting with current heads : 3469 out of 3474 | exp rv: 23803.9346834033

 Thread 4 estimated dimension 1 of 14 : 0.1459002491055171  | time taken : 187.7988739013672
 Thread 6 estimated dimension 13 of 14 : 0.5375382323694585  | time taken : 47.38266658782959exiting with current heads : 3432 out of 3474 | exp rv: 31828.71901330712

 Thread 2 estimated dimension 8 of 14 : 0.10911529297010004  | time taken : 223.89145588874817
 Thread 6 nsolns: 76081
 Thread 7 estimated dimension 11 of 14 : 0.3319983934681774  | time taken : 108.5525107383728
 Thread 4 estimated dimension 2 of 14 : 0.6740174253901661  | time taken : 31.055148601531982
 Thread 7 estimated dimension 12 of 14 : 0.9790667203672166  | time taken : 14.6831374168396
 Thread 2 estimated dimension 9 of 14 : 0.9932995027942931  | time taken : 16.162843942642212
 Thread 3 estimated dimension 12 of 14 : 0.3529399598962463  | time taken : 115.73385787010193
 Thread 1 estimated dimension 0 of 14 : 0.30230762157142277  | time taken : 132.1152322292328
 Thread 6 estimated dimension 0 of 14 : 0.7591614924727993  | time taken : 32.4747519493103
 Thread 2 estimated dimension 10 of 14 : 0.9659569182806784  | time taken : 15.795356273651123
 Thread 3 estimated dimension 13 of 14 : 1  | time taken : 15.459880828857422
 Thread 3 nsolns: 77793
 Thread 7 estimated dimension 13 of 14 : 1  | time taken : 25.56982111930847
 Thread 7 nsolns: 86274
 Thread 2 estimated dimension 11 of 14 : 0.9590768231235854  | time taken : 11.87088394165039
 Thread 1 estimated dimension 1 of 14 : 0.8470895793229927  | time taken : 29.518056869506836
 Thread 2 estimated dimension 12 of 14 : 1  | time taken : 14.028895616531372
 Thread 6 estimated dimension 1 of 14 : 0.8374433894771189  | time taken : 30.601217031478882
 Thread 4 estimated dimension 3 of 14 : 0.49167401749536643  | time taken : 56.921762466430664
 Thread 1 estimated dimension 2 of 14 : 0.9835714580628164  | time taken : 11.789147138595581
 Thread 2 estimated dimension 13 of 14 : 0.9885750768119839  | time taken : 15.312530040740967
 Thread 2 nsolns: 91483
 Thread 4 estimated dimension 4 of 14 : 0.9908721952307079  | time taken : 12.539438724517822
 Thread 1 estimated dimension 3 of 14 : 0.9966491671042836  | time taken : 11.614683628082275
 Thread 4 estimated dimension 5 of 14 : 0.9938383836669867  | time taken : 5.732541561126709
 Thread 4 estimated dimension 6 of 14 : 1  | time taken : 17.923614740371704
 Thread 1 estimated dimension 4 of 14 : 0.781511590629345  | time taken : 29.993133783340454
 Thread 4 estimated dimension 7 of 14 : 0.9931165398607326  | time taken : 10.301359176635742
 Thread 4 estimated dimension 8 of 14 : 0.9959043698330199  | time taken : 7.303299427032471
 Thread 6 estimated dimension 2 of 14 : 0.48241071039749145  | time taken : 68.7573184967041
 Thread 4 estimated dimension 9 of 14 : 1  | time taken : 10.581286430358887
 Thread 6 estimated dimension 3 of 14 : 0.9938021676764447  | time taken : 6.809948682785034
 Thread 3 estimated dimension 0 of 14 : 0.29150244924828117  | time taken : 110.17368984222412exiting with current heads : 3473 out of 3474 | exp rv: 22838.8787754145

 Thread 5 estimated dimension 1 of 14 : 0.15206525828836223  | time taken : 179.61292576789856
 Thread 6 estimated dimension 4 of 14 : 0.8526075495617577  | time taken : 24.522388219833374
 Thread 3 estimated dimension 1 of 14 : 0.8461276590215063  | time taken : 17.076257467269897
 Thread 7 estimated dimension 0 of 14 : 0.29797103427978416  | time taken : 126.06971311569214
 Thread 3 estimated dimension 2 of 14 : 1  | time taken : 13.268076181411743
 Thread 2 estimated dimension 0 of 14 : 0.29969253476760893  | time taken : 102.86509275436401
 Thread 3 estimated dimension 3 of 14 : 1  | time taken : 9.516351699829102
 Thread 4 estimated dimension 10 of 14 : 0.4845972181436781  | time taken : 56.24420666694641
 Thread 6 estimated dimension 5 of 14 : 0.7471900195802903  | time taken : 32.36208367347717
 Thread 5 estimated dimension 2 of 14 : 0.600161572457008  | time taken : 48.24902892112732
 Thread 3 estimated dimension 4 of 14 : 0.8275731585149839  | time taken : 21.137482404708862
 Thread 4 estimated dimension 11 of 14 : 1  | time taken : 18.887435913085938
 Thread 6 estimated dimension 6 of 14 : 0.5496139594460682  | time taken : 39.8847918510437
 Thread 3 estimated dimension 5 of 14 : 0.8106510668438561  | time taken : 27.888563632965088
 Thread 1 estimated dimension 5 of 14 : 0.2171442885430191  | time taken : 134.59415411949158
 Thread 5 estimated dimension 3 of 14 : 0.5610893946258341  | time taken : 48.566200256347656
 Thread 5 estimated dimension 4 of 14 : 1  | time taken : 9.644022941589355
 Thread 1 estimated dimension 6 of 14 : 1  | time taken : 14.337481260299683
 Thread 5 estimated dimension 5 of 14 : 1  | time taken : 5.175036668777466
 Thread 1 estimated dimension 7 of 14 : 1  | time taken : 10.547250747680664
 Thread 5 estimated dimension 6 of 14 : 1  | time taken : 5.8672401905059814
 Thread 3 estimated dimension 6 of 14 : 0.7099881082273366  | time taken : 37.442235469818115
 Thread 1 estimated dimension 8 of 14 : 1  | time taken : 5.118117094039917
 Thread 5 estimated dimension 7 of 14 : 1  | time taken : 4.967541933059692
 Thread 5 estimated dimension 8 of 14 : 0.9847999483821435  | time taken : 11.484784841537476
 Thread 1 estimated dimension 9 of 14 : 1  | time taken : 12.590222120285034
 Thread 6 estimated dimension 7 of 14 : 0.3897957894484553  | time taken : 62.797136306762695
 Thread 5 estimated dimension 9 of 14 : 1  | time taken : 9.608628511428833
 Thread 6 estimated dimension 8 of 14 : 0.8943301881340411  | time taken : 21.453585863113403
 Thread 4 estimated dimension 12 of 14 : 0.33839358948778936  | time taken : 111.24302625656128exiting with current heads : 3470 out of 3474 | exp rv: 22418.111365256867

 Thread 7 estimated dimension 1 of 14 : 0.15491938385953352  | time taken : 174.73997282981873
 Thread 4 estimated dimension 13 of 14 : 0.9848932918120682  | time taken : 19.844562292099
 Thread 3 estimated dimension 7 of 14 : 0.426312839512269  | time taken : 69.55747294425964
 Thread 4 nsolns: 85883
 Thread 7 estimated dimension 2 of 14 : 0.9939141891637918  | time taken : 10.359195709228516
 Thread 5 estimated dimension 10 of 14 : 0.520166445629146  | time taken : 52.723323583602905
 Thread 7 estimated dimension 3 of 14 : 0.992435975986921  | time taken : 11.080333948135376
 Thread 1 estimated dimension 10 of 14 : 0.49054333458267774  | time taken : 70.56289267539978exiting with current heads : 3469 out of 3474 | exp rv: 21098.35525378407

 Thread 2 estimated dimension 1 of 14 : 0.16460998775613583  | time taken : 187.38259983062744
 Thread 5 estimated dimension 11 of 14 : 0.969667637060974  | time taken : 10.268016815185547
 Thread 3 estimated dimension 8 of 14 : 0.8944729121591688  | time taken : 23.31453776359558
 Thread 7 estimated dimension 4 of 14 : 0.9851610938345349  | time taken : 6.962440729141235
 Thread 2 estimated dimension 2 of 14 : 0.9812305637867884  | time taken : 6.352870225906372
 Thread 2 estimated dimension 3 of 14 : 0.9957036325864752  | time taken : 10.242819547653198
 Thread 7 estimated dimension 5 of 14 : 1  | time taken : 16.861146211624146
 Thread 2 estimated dimension 4 of 14 : 1  | time taken : 6.223695278167725
 Thread 7 estimated dimension 6 of 14 : 1  | time taken : 4.376346826553345
 Thread 2 estimated dimension 5 of 14 : 1  | time taken : 9.538063764572144
 Thread 1 estimated dimension 11 of 14 : 0.681681330991788  | time taken : 41.80727171897888
 Thread 7 estimated dimension 7 of 14 : 1  | time taken : 12.607168912887573
 Thread 2 estimated dimension 6 of 14 : 1  | time taken : 8.626576900482178
 Thread 2 estimated dimension 7 of 14 : 1  | time taken : 4.7015464305877686
 Thread 1 estimated dimension 12 of 14 : 0.9865082492567218  | time taken : 9.220299005508423
 Thread 7 estimated dimension 8 of 14 : 0.9883313857590691  | time taken : 9.030611515045166
 Thread 2 estimated dimension 8 of 14 : 1  | time taken : 5.778780937194824
 Thread 6 estimated dimension 9 of 14 : 0.32784397565453716  | time taken : 100.55354595184326
 Thread 7 estimated dimension 9 of 14 : 1  | time taken : 15.457876205444336
 Thread 2 estimated dimension 9 of 14 : 1  | time taken : 10.963401794433594
 Thread 5 estimated dimension 12 of 14 : 0.3506811453507952  | time taken : 92.68375849723816
 Thread 3 estimated dimension 9 of 14 : 0.32925552040799894  | time taken : 95.55580711364746
 Thread 6 estimated dimension 10 of 14 : 0.6898581737398501  | time taken : 45.16412591934204
 Thread 5 estimated dimension 13 of 14 : 0.9844683334772838  | time taken : 17.22339701652527
 Thread 5 nsolns: 84320
 Thread 6 estimated dimension 11 of 14 : 0.9812043286348122  | time taken : 11.68065094947815
 Thread 2 estimated dimension 10 of 14 : 0.5554185569763737  | time taken : 48.53586435317993
 Thread 7 estimated dimension 10 of 14 : 0.4711456635220595  | time taken : 57.563793420791626
 Thread 1 estimated dimension 13 of 14 : 0.5335918967808936  | time taken : 75.638747215271
 Thread 2 estimated dimension 11 of 14 : 0.9843252168772594  | time taken : 7.991449356079102
 Thread 1 nsolns: 78990
 Thread 7 estimated dimension 11 of 14 : 0.6714454628446876  | time taken : 30.468254804611206
 Thread 1 estimated dimension 0 of 14 : 0.6838348435740847  | time taken : 29.59241223335266
 Thread 6 estimated dimension 12 of 14 : 0.5338718344598304  | time taken : 48.35117173194885
 Thread 7 estimated dimension 12 of 14 : 0.9909355436869792  | time taken : 14.363888263702393
 Thread 2 estimated dimension 12 of 14 : 0.6491786718117808  | time taken : 48.184104442596436
 Thread 6 estimated dimension 13 of 14 : 1  | time taken : 11.629190683364868
 Thread 1 estimated dimension 1 of 14 : 0.8572448893998592  | time taken : 20.410072565078735
 Thread 6 nsolns: 76246
 Thread 3 estimated dimension 10 of 14 : 0.32063814516510397  | time taken : 82.4513566493988
 Thread 3 estimated dimension 11 of 14 : 0.967898284267731  | time taken : 11.92441439628601
 Thread 3 estimated dimension 12 of 14 : 1  | time taken : 14.568107604980469
 Thread 3 estimated dimension 13 of 14 : 0.9861590806518751  | time taken : 14.337451934814453
 Thread 7 estimated dimension 13 of 14 : 0.5302185453915351  | time taken : 57.53146052360535
 Thread 3 nsolns: 80503
 Thread 7 nsolns: 84457
 Thread 1 estimated dimension 2 of 14 : 0.41637375089750567  | time taken : 52.97148776054382
 Thread 2 estimated dimension 13 of 14 : 0.5288493597321453  | time taken : 61.424262285232544
 Thread 2 nsolns: 82060
 Thread 1 estimated dimension 3 of 14 : 1  | time taken : 7.703437328338623
 Thread 1 estimated dimension 4 of 14 : 0.7568513494816066  | time taken : 22.305379152297974
 Thread 1 estimated dimension 5 of 14 : 0.7289845024105939  | time taken : 18.195337057113647
 Thread 1 estimated dimension 6 of 14 : 0.6213565057732194  | time taken : 37.40927529335022
 Thread 1 estimated dimension 7 of 14 : 0.5724494460283033  | time taken : 32.921823263168335
 Thread 1 estimated dimension 8 of 14 : 0.30240770557288227  | time taken : 102.31523871421814
 Thread 1 estimated dimension 9 of 14 : 1  | time taken : 12.042643785476685
 Thread 1 estimated dimension 10 of 14 : 0.9950447483405064  | time taken : 8.494767189025879
 Thread 1 estimated dimension 11 of 14 : 0.9751215822508539  | time taken : 6.930938482284546
 Thread 1 estimated dimension 12 of 14 : 0.6789670552523426  | time taken : 35.8863468170166
 Thread 1 estimated dimension 13 of 14 : 0.4895517732846945  | time taken : 54.626654863357544
 Thread 1 nsolns: 75595
 estimated weights : [0.005307890161346321, 0.007851352881005184, 0.006500389769452364, 0.006901410334825143, 0.00827912173268767, 0.006239007912747242, 0.005515206002061723, 0.007495315283002504, 0.010476435017685677, 0.007539045665169587, 0.0054064639985335295, 0.00907299770212558, 0.007621388278795728, 0.006253270953799039, 0.003343418586354395, 0.009180391063147594, 0.007464717574829564, 0.0037333037034441275, 0.006732087750870056, 0.006728390597572283, 0.0067979918719046, 0.009956383369568734, 0.006422218082664548, 0.00915371007918475, 0.004501662890140071, 0.005334827618421694, 0.007046581496363001, 0.004381544304205918, 0.007525194642641231, 0.004640057631619348, 0.006640589785392682, 0.0053071566520279, 0.0057626871169110866, 0.005400119840223326, 0.005365039187219405, 0.004855156156960943, 0.003952813911488476, 0.0075167139620438165, 0.006984087819732266, 0.0038973367184088723, 0.0033113267699548792, 0.01122675929993978, 0.01001774128661524, 0.007188489153603097, 0.00927593227369862, 0.007145893735548302, 0.006817053314577011, 0.007525146051285373, 0.00599141233957453, 0.006949910647860316, 0.006250972485868352, 0.0045030313729095455, 0.006816487329986988, 0.007086754150369421, 0.006992090393264503, 0.004747241330405448, 0.00568011591743055, 0.005893401904896767, 0.0078014299478415105, 0.005944870941162716, 0.007177263043388478, 0.005078813884848725, 0.004788375725693044, 0.005313194512665404, 0.00665095567119982, 0.007498583324903192, 0.00440760860763176, 0.004514296563491769, 0.007368978690865077, 0.009046664599413874, 0.004671839472011679]
