numSolutions: 82 k : 1212
5 82 0.044721359549995794 0.00024390243902439024

 Thread 3 estimated dimension 0 of 5 : 0.49484570063240846  | time taken : 4.306655406951904
 Thread 4 estimated dimension 0 of 5 : 0.49503578645614166  | time taken : 5.112975120544434
 Thread 7 estimated dimension 0 of 5 : 0.4953902726640411  | time taken : 5.116796970367432
 Thread 5 estimated dimension 0 of 5 : 0.47526022208276925  | time taken : 5.399240255355835
 Thread 6 estimated dimension 0 of 5 : 0.5134819170380707  | time taken : 5.841106176376343
 Thread 2 estimated dimension 0 of 5 : 0.5019413926608679  | time taken : 6.102261781692505
 Thread 1 estimated dimension 0 of 5 : 0.5083536819347361  | time taken : 6.697079181671143
 Thread 3 estimated dimension 1 of 5 : 0.7243243576449979  | time taken : 4.090158224105835
 Thread 5 estimated dimension 1 of 5 : 0.7194499681036887  | time taken : 4.0826826095581055
 Thread 6 estimated dimension 1 of 5 : 0.7175103228594802  | time taken : 3.976043701171875
 Thread 2 estimated dimension 1 of 5 : 0.7098990357824151  | time taken : 4.717548608779907
 Thread 1 estimated dimension 1 of 5 : 0.6946821579277123  | time taken : 4.727942228317261
 Thread 3 estimated dimension 2 of 5 : 0.5095874981364992  | time taken : 7.150730133056641
 Thread 5 estimated dimension 2 of 5 : 0.5256301958199231  | time taken : 7.563679218292236
 Thread 2 estimated dimension 2 of 5 : 0.4859638102399736  | time taken : 6.746732950210571
 Thread 6 estimated dimension 2 of 5 : 0.528272698130825  | time taken : 8.176172971725464
 Thread 1 estimated dimension 2 of 5 : 0.49160781283131444  | time taken : 6.793926000595093
 Thread 6 estimated dimension 3 of 5 : 0.6284978880537319  | time taken : 5.159065246582031
 Thread 7 estimated dimension 1 of 5 : 0.29651691667235286  | time taken : 19.161243677139282
 Thread 4 estimated dimension 1 of 5 : 0.2873725506869901  | time taken : 19.215179443359375
 Thread 7 estimated dimension 2 of 5 : 0.9916167314593319  | time taken : 1.2297301292419434
 Thread 4 estimated dimension 2 of 5 : 1  | time taken : 1.5598649978637695
 Thread 7 estimated dimension 3 of 5 : 1  | time taken : 1.3530592918395996
 Thread 4 estimated dimension 3 of 5 : 0.9798400482965083  | time taken : 0.9893443584442139
 Thread 1 estimated dimension 3 of 5 : 0.38113719068009516  | time taken : 10.072339296340942
 Thread 3 estimated dimension 3 of 5 : 0.38231808828310165  | time taken : 13.582015037536621
 Thread 1 estimated dimension 4 of 5 : 0.9639880293136881  | time taken : 0.8042774200439453
 Thread 2 estimated dimension 3 of 5 : 0.378218826143004  | time taken : 11.787904977798462
 Thread 1 nsolns: 10964
 Thread 3 estimated dimension 4 of 5 : 0.9854663003311639  | time taken : 1.358950138092041
 Thread 3 nsolns: 10980
 Thread 2 estimated dimension 4 of 5 : 0.9784939931714678  | time taken : 0.9952263832092285
 Thread 2 nsolns: 10964
 Thread 5 estimated dimension 3 of 5 : 0.3756109794383301  | time taken : 13.974121809005737
 Thread 5 estimated dimension 4 of 5 : 0.9385883878608074  | time taken : 1.0098459720611572
 Thread 6 estimated dimension 4 of 5 : 0.46131603297781065  | time taken : 9.429424524307251
 Thread 6 nsolns: 10888
 Thread 5 nsolns: 10980
 Thread 4 estimated dimension 4 of 5 : 0.5251701652989674  | time taken : 8.149034023284912
 Thread 7 estimated dimension 4 of 5 : 0.500471294286885  | time taken : 8.399829626083374
 Thread 4 nsolns: 11317
 Thread 7 nsolns: 11317
 Thread 1 estimated dimension 0 of 5 : 0.48593083761687755  | time taken : 7.834009885787964
 Thread 3 estimated dimension 0 of 5 : 0.49816705605827866  | time taken : 8.054997682571411
 Thread 2 estimated dimension 0 of 5 : 0.4939212501974835  | time taken : 7.485642910003662
 Thread 6 estimated dimension 0 of 5 : 0.48966952924451324  | time taken : 7.533505439758301
 Thread 5 estimated dimension 0 of 5 : 0.4970108698034662  | time taken : 10.838463306427002
 Thread 4 estimated dimension 0 of 5 : 0.465622840843391  | time taken : 9.893428564071655
 Thread 3 estimated dimension 1 of 5 : 0.7318070211922646  | time taken : 7.703884601593018
 Thread 7 estimated dimension 0 of 5 : 0.49896516197791785  | time taken : 12.327823877334595
 Thread 6 estimated dimension 1 of 5 : 0.6572765740200631  | time taken : 8.6754629611969
 Thread 5 estimated dimension 1 of 5 : 0.7218966713374098  | time taken : 5.266540765762329
 Thread 7 estimated dimension 1 of 5 : 0.6991877743293264  | time taken : 5.788486003875732
 Thread 3 estimated dimension 2 of 5 : 0.4811377633558434  | time taken : 8.480778217315674
 Thread 6 estimated dimension 2 of 5 : 0.5169913906011362  | time taken : 8.829541683197021
 Thread 5 estimated dimension 2 of 5 : 0.49978806910495954  | time taken : 8.643269300460815
 Thread 3 estimated dimension 3 of 5 : 0.6144743201173193  | time taken : 4.074839115142822
 Thread 1 estimated dimension 1 of 5 : 0.30323524768072974  | time taken : 23.105714797973633
 Thread 1 estimated dimension 2 of 5 : 0.9620926725775129  | time taken : 0.4655301570892334
 Thread 7 estimated dimension 2 of 5 : 0.4781344081741456  | time taken : 7.907177209854126
 Thread 1 estimated dimension 3 of 5 : 1  | time taken : 1.4892499446868896
 Thread 2 estimated dimension 1 of 5 : 0.29147227882541804  | time taken : 24.913312196731567
 Thread 5 estimated dimension 3 of 5 : 0.6598888521763585  | time taken : 6.822671890258789
 Thread 6 estimated dimension 3 of 5 : 0.6369334131539992  | time taken : 6.984445571899414
 Thread 2 estimated dimension 2 of 5 : 1  | time taken : 0.9394264221191406
 Thread 4 estimated dimension 1 of 5 : 0.29824956925952795  | time taken : 20.782411575317383
 Thread 2 estimated dimension 3 of 5 : 0.9947222086748398  | time taken : 1.2112846374511719
 Thread 4 estimated dimension 2 of 5 : 1  | time taken : 1.0787098407745361
 Thread 3 estimated dimension 4 of 5 : 0.4986156243023382  | time taken : 8.460930824279785
 Thread 4 estimated dimension 3 of 5 : 1  | time taken : 0.6089165210723877
 Thread 3 nsolns: 10974
 Thread 1 estimated dimension 4 of 5 : 0.49691306327230456  | time taken : 8.872680187225342
 Thread 5 estimated dimension 4 of 5 : 0.5163669115097441  | time taken : 7.4480202198028564
 Thread 5 nsolns: 10796
 Thread 7 estimated dimension 3 of 5 : 0.3800635320091397  | time taken : 10.525012969970703
 Thread 1 nsolns: 11473
 Thread 6 estimated dimension 4 of 5 : 0.5216537180003032  | time taken : 8.070220947265625
 Thread 6 nsolns: 10796
 Thread 7 estimated dimension 4 of 5 : 0.9656985423231536  | time taken : 0.9776384830474854
 Thread 7 nsolns: 10964
 Thread 2 estimated dimension 4 of 5 : 0.5182225037839417  | time taken : 9.05123233795166
 Thread 2 nsolns: 11317
 Thread 3 estimated dimension 0 of 5 : 0.5039393651153611  | time taken : 9.72702693939209
 Thread 4 estimated dimension 4 of 5 : 0.4819215531237629  | time taken : 10.444561243057251
 Thread 4 nsolns: 11473
 Thread 1 estimated dimension 0 of 5 : 0.48101489116015184  | time taken : 8.380476236343384
 Thread 5 estimated dimension 0 of 5 : 0.4954126263562702  | time taken : 9.049367189407349
 Thread 6 estimated dimension 0 of 5 : 0.49595495573041265  | time taken : 9.351086854934692
 Thread 7 estimated dimension 0 of 5 : 0.49578288241940077  | time taken : 9.280957460403442
 Thread 2 estimated dimension 0 of 5 : 0.49362666515407777  | time taken : 7.727564096450806
 Thread 3 estimated dimension 1 of 5 : 0.689194971634725  | time taken : 5.5013039112091064
 Thread 1 estimated dimension 1 of 5 : 0.7057408597808414  | time taken : 6.0512189865112305
 Thread 5 estimated dimension 1 of 5 : 0.7472385809819766  | time taken : 5.7872538566589355
 Thread 6 estimated dimension 1 of 5 : 0.7195995346100552  | time taken : 6.707678556442261
 Thread 7 estimated dimension 1 of 5 : 0.7172954906434165  | time taken : 6.234527826309204
 Thread 4 estimated dimension 0 of 5 : 0.5083356724706  | time taken : 10.620364427566528
 Thread 2 estimated dimension 1 of 5 : 0.7005083334623067  | time taken : 6.323874235153198
 Thread 3 estimated dimension 2 of 5 : 0.5205491115072444  | time taken : 10.112376689910889
 Thread 4 estimated dimension 1 of 5 : 0.696926715282773  | time taken : 4.5369062423706055
 Thread 1 estimated dimension 2 of 5 : 0.526999837412858  | time taken : 8.171642780303955
 Thread 5 estimated dimension 2 of 5 : 0.5183509511957779  | time taken : 9.47238302230835
 Thread 7 estimated dimension 2 of 5 : 0.5179345243224559  | time taken : 8.400132656097412
 Thread 6 estimated dimension 2 of 5 : 0.4862679696468377  | time taken : 8.6150062084198
 Thread 2 estimated dimension 2 of 5 : 0.5233025577927626  | time taken : 8.023955345153809
 Thread 3 estimated dimension 3 of 5 : 0.6095000392313561  | time taken : 5.034949064254761
 Thread 4 estimated dimension 2 of 5 : 0.48687495562922  | time taken : 8.19410490989685
 Thread 2 estimated dimension 3 of 5 : 0.6358845415329043  | time taken : 4.805448532104492
 Thread 7 estimated dimension 3 of 5 : 0.6217671760281928  | time taken : 6.062581539154053
 Thread 4 estimated dimension 3 of 5 : 0.6048531121695658  | time taken : 4.6930553913116455
 Thread 3 estimated dimension 4 of 5 : 0.4837113616204473  | time taken : 8.510881662368774
 Thread 6 estimated dimension 3 of 5 : 0.37977597313303085  | time taken : 9.564703702926636
 Thread 1 estimated dimension 3 of 5 : 0.3707387191982369  | time taken : 13.481363534927368
 Thread 3 nsolns: 10888
 Thread 6 estimated dimension 4 of 5 : 1  | time taken : 1.0346441268920898
 Thread 1 estimated dimension 4 of 5 : 0.9700597459012128  | time taken : 0.8297669887542725
 Thread 6 nsolns: 10964
 Thread 1 nsolns: 10980
 Thread 5 estimated dimension 3 of 5 : 0.37499543034214905  | time taken : 13.309123277664185
 Thread 2 estimated dimension 4 of 5 : 0.49370764678290324  | time taken : 7.461583614349365
 Thread 2 nsolns: 10952
 Thread 5 estimated dimension 4 of 5 : 1  | time taken : 1.2615835666656494
 Thread 5 nsolns: 10916
 Thread 7 estimated dimension 4 of 5 : 0.47175803522367227  | time taken : 8.717428922653198
 Thread 7 nsolns: 10888
 Thread 4 estimated dimension 4 of 5 : 0.5305007121823891  | time taken : 7.42054009437561
 Thread 4 nsolns: 10910
 Thread 3 estimated dimension 0 of 5 : 0.4818029079998874  | time taken : 7.498795747756958
 Thread 6 estimated dimension 0 of 5 : 0.5011096270702331  | time taken : 8.226463079452515
 Thread 1 estimated dimension 0 of 5 : 0.4988005548770312  | time taken : 8.668549060821533
 Thread 5 estimated dimension 0 of 5 : 0.4835859619569735  | time taken : 6.316065311431885
 Thread 2 estimated dimension 0 of 5 : 0.5155177036138479  | time taken : 9.379294157028198
 Thread 7 estimated dimension 0 of 5 : 0.517565830419381  | time taken : 8.31749701499939
 Thread 1 estimated dimension 1 of 5 : 0.6843126428152464  | time taken : 4.784445524215698
 Thread 4 estimated dimension 0 of 5 : 0.4989512901736274  | time taken : 7.995640277862549
 Thread 5 estimated dimension 1 of 5 : 0.735699343120406  | time taken : 4.879078149795532
 Thread 2 estimated dimension 1 of 5 : 0.6868228140591149  | time taken : 5.017136812210083
 Thread 7 estimated dimension 1 of 5 : 0.7120079430798976  | time taken : 4.921446800231934
 Thread 4 estimated dimension 1 of 5 : 0.7290522468567866  | time taken : 4.365309715270996
 Thread 1 estimated dimension 2 of 5 : 0.5320759426920694  | time taken : 8.606804609298706
 Thread 5 estimated dimension 2 of 5 : 0.5300080545196273  | time taken : 7.7761430740356445
 Thread 2 estimated dimension 2 of 5 : 0.48258810811910763  | time taken : 7.229085922241211
 Thread 3 estimated dimension 1 of 5 : 0.30257730958225865  | time taken : 19.498220682144165
 Thread 6 estimated dimension 1 of 5 : 0.28942104849371647  | time taken : 18.33334708213806
 Thread 4 estimated dimension 2 of 5 : 0.504649071641608  | time taken : 8.016437530517578
 Thread 7 estimated dimension 2 of 5 : 0.5390958921849304  | time taken : 8.598232507705688
 Thread 3 estimated dimension 2 of 5 : 1  | time taken : 1.786323070526123
 Thread 6 estimated dimension 2 of 5 : 1  | time taken : 1.636301040649414
 Thread 6 estimated dimension 3 of 5 : 1  | time taken : 1.494842529296875
 Thread 3 estimated dimension 3 of 5 : 1  | time taken : 1.5288941860198975
 Thread 2 estimated dimension 3 of 5 : 0.619948584653386  | time taken : 6.286144256591797
 Thread 7 estimated dimension 3 of 5 : 0.6229914038968223  | time taken : 6.668020725250244
 Thread 4 estimated dimension 3 of 5 : 0.6126103140687383  | time taken : 7.2489354610443115
 Thread 5 estimated dimension 3 of 5 : 0.37137159848381707  | time taken : 13.662208795547485
 Thread 3 estimated dimension 4 of 5 : 0.5384582524310427  | time taken : 6.564740180969238
 Thread 3 nsolns: 11317
 Thread 1 estimated dimension 3 of 5 : 0.3671242466468034  | time taken : 14.751838684082031
 Thread 5 estimated dimension 4 of 5 : 1  | time taken : 0.8601264953613281
 Thread 5 nsolns: 10980
 Thread 1 estimated dimension 4 of 5 : 1  | time taken : 1.0261099338531494
 Thread 2 estimated dimension 4 of 5 : 0.5314864705478565  | time taken : 7.431910991668701
 Thread 6 estimated dimension 4 of 5 : 0.49575697760802806  | time taken : 8.78220009803772
 Thread 6 nsolns: 11473
 Thread 1 nsolns: 10980
 Thread 2 nsolns: 10910
 Thread 7 estimated dimension 4 of 5 : 0.5036361954339978  | time taken : 8.329598903656006
 Thread 4 estimated dimension 4 of 5 : 0.5122216115256382  | time taken : 8.01154351234436
 Thread 7 nsolns: 10952
 Thread 4 nsolns: 10796
 Thread 3 estimated dimension 0 of 5 : 0.4894528117813283  | time taken : 7.516614675521851
 Thread 5 estimated dimension 0 of 5 : 0.5218082063626017  | time taken : 8.444159269332886
 Thread 1 estimated dimension 0 of 5 : 0.4841841094769853  | time taken : 7.980153799057007
 Thread 2 estimated dimension 0 of 5 : 0.4844400871072496  | time taken : 8.138898134231567
 Thread 6 estimated dimension 0 of 5 : 0.5034800805390524  | time taken : 9.955579042434692
 Thread 7 estimated dimension 0 of 5 : 0.4916937084037574  | time taken : 7.162062406539917
 Thread 3 estimated dimension 1 of 5 : 0.6989101061027816  | time taken : 5.119344234466553
 Thread 4 estimated dimension 0 of 5 : 0.4918305779888978  | time taken : 7.008012771606445
 Thread 2 estimated dimension 1 of 5 : 0.6779427946175196  | time taken : 6.423547983169556
 Thread 6 estimated dimension 1 of 5 : 0.700464952054939  | time taken : 6.014169216156006
 Thread 7 estimated dimension 1 of 5 : 0.6531126694311754  | time taken : 6.382116317749023
 Thread 3 estimated dimension 2 of 5 : 0.4881690209225757  | time taken : 8.322695016860962
 Thread 2 estimated dimension 2 of 5 : 0.5218616224249943  | time taken : 8.83407974243164
 Thread 6 estimated dimension 2 of 5 : 0.5235463235682679  | time taken : 8.568482875823975
 Thread 7 estimated dimension 2 of 5 : 0.48777815670444663  | time taken : 8.019004106521606
 Thread 3 estimated dimension 3 of 5 : 0.38505955290989996  | time taken : 9.673277854919434
 Thread 1 estimated dimension 1 of 5 : 0.3011719638017879  | time taken : 21.122854471206665
 Thread 5 estimated dimension 1 of 5 : 0.29829405675344167  | time taken : 22.51660418510437
 Thread 1 estimated dimension 2 of 5 : 0.9593208795394954  | time taken : 0.7605187892913818
 Thread 5 estimated dimension 2 of 5 : 1  | time taken : 0.43939924240112305
 Thread 3 estimated dimension 4 of 5 : 1  | time taken : 1.17647123336792
 Thread 6 estimated dimension 3 of 5 : 0.6114244412104959  | time taken : 5.660859823226929
 Thread 3 nsolns: 11028
 Thread 5 estimated dimension 3 of 5 : 1  | time taken : 1.3049964904785156
 Thread 1 estimated dimension 3 of 5 : 1  | time taken : 1.3261816501617432
 Thread 4 estimated dimension 1 of 5 : 0.28971210995046337  | time taken : 21.416948556900024
 Thread 4 estimated dimension 2 of 5 : 1  | time taken : 1.2189381122589111
 Thread 4 estimated dimension 3 of 5 : 1  | time taken : 1.0245275497436523
 Thread 7 estimated dimension 3 of 5 : 0.39583827166102603  | time taken : 10.572287559509277
 Thread 7 estimated dimension 4 of 5 : 0.9635834482840323  | time taken : 1.225147008895874
 Thread 7 nsolns: 11028
 Thread 2 estimated dimension 3 of 5 : 0.35806443250395925  | time taken : 14.27768325805664
 Thread 2 estimated dimension 4 of 5 : 1  | time taken : 1.4278359413146973
 Thread 6 estimated dimension 4 of 5 : 0.49633572738785636  | time taken : 9.279526948928833
 Thread 2 nsolns: 10980
 Thread 6 nsolns: 10732
 Thread 1 estimated dimension 4 of 5 : 0.5101245873380522  | time taken : 8.317953824996948
 Thread 3 estimated dimension 0 of 5 : 0.500073669143735  | time taken : 9.600114107131958
 Thread 1 nsolns: 11317
 Thread 5 estimated dimension 4 of 5 : 0.48857421616633084  | time taken : 9.198155403137207
 Thread 5 nsolns: 11253
 Thread 4 estimated dimension 4 of 5 : 0.48657751620580086  | time taken : 9.93319845199585
 Thread 4 nsolns: 11473
 Thread 3 estimated dimension 1 of 5 : 0.6830855628959257  | time taken : 5.389592170715332
 Thread 7 estimated dimension 0 of 5 : 0.49614865312625245  | time taken : 9.648274421691895
 Thread 2 estimated dimension 0 of 5 : 0.4962063550192363  | time taken : 7.676428318023682
 Thread 6 estimated dimension 0 of 5 : 0.4968181937892635  | time taken : 8.303335666656494
 Thread 5 estimated dimension 0 of 5 : 0.48780667567139324  | time taken : 7.079101085662842
 Thread 1 estimated dimension 0 of 5 : 0.5024340364534615  | time taken : 8.702573299407959
 Thread 2 estimated dimension 1 of 5 : 0.7511128730919446  | time taken : 5.444458484649658
 Thread 7 estimated dimension 1 of 5 : 0.7491536664776052  | time taken : 6.204349517822266
 Thread 3 estimated dimension 2 of 5 : 0.48627532075314306  | time taken : 8.406920433044434
 Thread 5 estimated dimension 1 of 5 : 0.7010333559113188  | time taken : 5.93848443031311
 Thread 1 estimated dimension 1 of 5 : 0.6975441910504145  | time taken : 5.28200626373291
 Thread 6 estimated dimension 1 of 5 : 0.7569797061931498  | time taken : 6.4358179569244385
 Thread 4 estimated dimension 0 of 5 : 0.4979076136124281  | time taken : 9.334089040756226
 Thread 3 estimated dimension 3 of 5 : 0.6046345806805256  | time taken : 4.896868467330933
 Thread 4 estimated dimension 1 of 5 : 0.7040721697611356  | time taken : 4.3499367237091064
 Thread 7 estimated dimension 2 of 5 : 0.5180044802136943  | time taken : 7.378765106201172
 Thread 2 estimated dimension 2 of 5 : 0.47734899355426225  | time taken : 7.6482367515563965
 Thread 5 estimated dimension 2 of 5 : 0.5181908870151886  | time taken : 7.3796000480651855
 Thread 1 estimated dimension 2 of 5 : 0.515173419865728  | time taken : 7.390946626663208
 Thread 6 estimated dimension 2 of 5 : 0.49937019331631033  | time taken : 7.603227615356445
 Thread 7 estimated dimension 3 of 5 : 0.6422521375647245  | time taken : 5.6079161167144775
 Thread 4 estimated dimension 2 of 5 : 0.4674308453296916  | time taken : 6.7023766040802
 Thread 3 estimated dimension 4 of 5 : 0.47003379632271847  | time taken : 7.8073649406433105
 Thread 2 estimated dimension 3 of 5 : 0.6038652532017311  | time taken : 5.847149848937988
 Thread 3 nsolns: 11130
 Thread 5 estimated dimension 3 of 5 : 0.6153071846350219  | time taken : 6.069490194320679
 Thread 4 estimated dimension 3 of 5 : 0.618370802978874  | time taken : 4.494489908218384
 Thread 3 estimated dimension 0 of 5 : 0.48649980843019935  | time taken : 6.967743396759033
 Thread 6 estimated dimension 3 of 5 : 0.37380766368781876  | time taken : 11.975176572799683
 Thread 7 estimated dimension 4 of 5 : 0.47246001429129125  | time taken : 8.502262830734253
 Thread 7 nsolns: 10888
 Thread 2 estimated dimension 4 of 5 : 0.4925619640705971  | time taken : 7.849868059158325
 Thread 2 nsolns: 11130
 Thread 6 estimated dimension 4 of 5 : 0.9766579373145492  | time taken : 1.1651225090026855
 Thread 6 nsolns: 10980
 Thread 5 estimated dimension 4 of 5 : 0.49021091305842956  | time taken : 8.01185417175293
 Thread 5 nsolns: 10952
 Thread 1 estimated dimension 3 of 5 : 0.3830018951916058  | time taken : 14.915442943572998
 Thread 4 estimated dimension 4 of 5 : 0.47670950076095364  | time taken : 7.809124231338501
 Thread 1 estimated dimension 4 of 5 : 1  | time taken : 1.0683667659759521
 Thread 4 nsolns: 11066
 Thread 1 nsolns: 10916
 Thread 3 estimated dimension 1 of 5 : 0.7052882214066655  | time taken : 5.703973770141602
 Thread 7 estimated dimension 0 of 5 : 0.49027102857145155  | time taken : 5.988820791244507
 Thread 2 estimated dimension 0 of 5 : 0.47720501594088266  | time taken : 6.9902307987213135
 Thread 6 estimated dimension 0 of 5 : 0.5209768737974044  | time taken : 7.867534399032593
 Thread 7 estimated dimension 1 of 5 : 0.6813367957918184  | time taken : 4.329784154891968
 Thread 5 estimated dimension 0 of 5 : 0.5169764862313996  | time taken : 8.105735063552856
 Thread 4 estimated dimension 0 of 5 : 0.48745213078212213  | time taken : 7.297946214675903
 Thread 1 estimated dimension 0 of 5 : 0.4952180388003232  | time taken : 8.338003635406494
 Thread 3 estimated dimension 2 of 5 : 0.5168949533788415  | time taken : 7.1060404777526855
 Thread 6 estimated dimension 1 of 5 : 0.7029983599628242  | time taken : 4.556692838668823
 Thread 4 estimated dimension 1 of 5 : 0.7276397095562717  | time taken : 4.442072153091431
 Thread 1 estimated dimension 1 of 5 : 0.6943083912433343  | time taken : 4.889853477478027
 Thread 7 estimated dimension 2 of 5 : 0.5199790474037449  | time taken : 6.975113153457642
 Thread 3 estimated dimension 3 of 5 : 0.6203990523081238  | time taken : 4.949946403503418
 Thread 6 estimated dimension 2 of 5 : 0.4992269605258459  | time taken : 5.631114721298218
 Thread 4 estimated dimension 2 of 5 : 0.46547184750208126  | time taken : 6.598757743835449
 Thread 2 estimated dimension 1 of 5 : 0.29638232983511054  | time taken : 16.96078109741211
 Thread 1 estimated dimension 2 of 5 : 0.512148785555497  | time taken : 7.536112308502197
 Thread 2 estimated dimension 2 of 5 : 1  | time taken : 0.5069460868835449
 Thread 4 estimated dimension 3 of 5 : 0.6079944648938974  | time taken : 3.7389168739318848
 Thread 2 estimated dimension 3 of 5 : 0.975294546736952  | time taken : 1.0533568859100342
 Thread 3 estimated dimension 4 of 5 : 0.47816371337055547  | time taken : 8.552556991577148
 Thread 3 nsolns: 10952
 Thread 5 estimated dimension 1 of 5 : 0.291619162105933  | time taken : 16.916407823562622
 Thread 5 estimated dimension 2 of 5 : 0.9840861175620108  | time taken : 0.8382871150970459
 Thread 6 estimated dimension 3 of 5 : 0.3777850947607471  | time taken : 9.040946245193481
 Thread 7 estimated dimension 3 of 5 : 0.3667370123743122  | time taken : 11.488022565841675
 Thread 5 estimated dimension 3 of 5 : 1  | time taken : 0.9079437255859375
 Thread 6 estimated dimension 4 of 5 : 0.972777111104558  | time taken : 0.4664912223815918
 Thread 6 nsolns: 10964
 Thread 1 estimated dimension 3 of 5 : 0.6276603257546188  | time taken : 4.982151031494141
 Thread 7 estimated dimension 4 of 5 : 0.9662089677551898  | time taken : 0.5799920558929443
 Thread 7 nsolns: 10980
 Thread 4 estimated dimension 4 of 5 : 0.5089048008878175  | time taken : 6.610736608505249
 Thread 4 nsolns: 10974
 Thread 2 estimated dimension 4 of 5 : 0.4980382625925192  | time taken : 7.637258291244507
 Thread 2 nsolns: 11473
 Thread 3 estimated dimension 0 of 5 : 0.5154279816577038  | time taken : 8.081547260284424
 Thread 5 estimated dimension 4 of 5 : 0.4770713189875113  | time taken : 6.076413631439209
 Thread 7 estimated dimension 0 of 5 : 0.4790770545122805  | time taken : 5.543797731399536
 Thread 6 estimated dimension 0 of 5 : 0.4939918884722148  | time taken : 5.893292427062988
 Thread 5 nsolns: 11409
 Thread 1 estimated dimension 4 of 5 : 0.5040615985537898  | time taken : 6.102320432662964
 Thread 1 nsolns: 10732
 Thread 4 estimated dimension 0 of 5 : 0.5058753384374955  | time taken : 7.252178430557251
 Thread 6 estimated dimension 1 of 5 : 0.7009769241989332  | time taken : 4.945224761962891
 Thread 7 estimated dimension 1 of 5 : 0.7241908912129309  | time taken : 5.658848762512207
 Thread 2 estimated dimension 0 of 5 : 0.5075041518950097  | time taken : 8.050668478012085
 Thread 1 estimated dimension 0 of 5 : 0.494879059406393  | time taken : 7.640329122543335
 Thread 5 estimated dimension 0 of 5 : 0.5031823261959921  | time taken : 8.335997819900513
 Thread 4 estimated dimension 1 of 5 : 0.709567899321641  | time taken : 4.495033264160156
 Thread 2 estimated dimension 1 of 5 : 0.7284265911629774  | time taken : 4.42937445640564
 Thread 6 estimated dimension 2 of 5 : 0.5166388830460291  | time taken : 7.289438247680664
 Thread 7 estimated dimension 2 of 5 : 0.5113557934822922  | time taken : 6.798941612243652
 Thread 5 estimated dimension 1 of 5 : 0.7196709007119694  | time taken : 4.854771137237549
 Thread 3 estimated dimension 1 of 5 : 0.30033800180922504  | time taken : 16.089073657989502
 Thread 4 estimated dimension 2 of 5 : 0.5094640109743083  | time taken : 6.3655383586883545
 Thread 3 estimated dimension 2 of 5 : 1  | time taken : 0.9252173900604248
 Thread 7 estimated dimension 3 of 5 : 0.6154664950685669  | time taken : 4.749138116836548
 Thread 3 estimated dimension 3 of 5 : 1  | time taken : 1.3079402446746826
 Thread 6 estimated dimension 3 of 5 : 0.6234097693172587  | time taken : 5.176871061325073
 Thread 2 estimated dimension 2 of 5 : 0.5069565335427193  | time taken : 7.023736000061035
 Thread 5 estimated dimension 2 of 5 : 0.51051805541439  | time taken : 7.272261619567871
 Thread 1 estimated dimension 1 of 5 : 0.29431640598881376  | time taken : 14.811399221420288
 Thread 2 estimated dimension 3 of 5 : 0.6067939938187716  | time taken : 4.899491548538208
 Thread 1 estimated dimension 2 of 5 : 0.9700962893674764  | time taken : 0.7860231399536133
 Thread 1 estimated dimension 3 of 5 : 0.9653174445702646  | time taken : 0.7609291076660156
 Thread 6 estimated dimension 4 of 5 : 0.4714802927097603  | time taken : 6.9418511390686035
 Thread 6 nsolns: 10952
 Thread 7 estimated dimension 4 of 5 : 0.451728997646788  | time taken : 7.685860633850098
 Thread 3 estimated dimension 4 of 5 : 0.4924478044057038  | time taken : 7.72112512588501
 Thread 7 nsolns: 10952
 Thread 3 nsolns: 11409
 Thread 4 estimated dimension 3 of 5 : 0.36624360280816837  | time taken : 10.2557213306427
 Thread 4 estimated dimension 4 of 5 : 0.9985956937651181  | time taken : 0.5034120082855225
 Thread 4 nsolns: 10980
 Thread 2 estimated dimension 4 of 5 : 0.5120468883122206  | time taken : 6.215669631958008
 Thread 2 nsolns: 10732
 Thread 5 estimated dimension 3 of 5 : 0.37844072471670515  | time taken : 10.429954290390015
 Thread 6 estimated dimension 0 of 5 : 0.49265816386228156  | time taken : 6.0189948081970215
 Thread 5 estimated dimension 4 of 5 : 1  | time taken : 0.9470384120941162
 Thread 5 nsolns: 10916
 Thread 7 estimated dimension 0 of 5 : 0.4906851571861538  | time taken : 6.376096725463867
 Thread 1 estimated dimension 4 of 5 : 0.4653338433047678  | time taken : 7.574534893035889
 Thread 1 nsolns: 11473
 Thread 4 estimated dimension 0 of 5 : 0.5057936384155498  | time taken : 6.695269823074341
 Thread 3 estimated dimension 0 of 5 : 0.4947992014320157  | time taken : 7.606149196624756
 Thread 6 estimated dimension 1 of 5 : 0.7068683560363619  | time taken : 3.729674816131592
 Thread 2 estimated dimension 0 of 5 : 0.5056707729741221  | time taken : 6.1253392696380615
 Thread 7 estimated dimension 1 of 5 : 0.720345799579151  | time taken : 4.0217883586883545
 Thread 3 estimated dimension 1 of 5 : 0.745999661821574  | time taken : 3.325059652328491
 Thread 1 estimated dimension 0 of 5 : 0.503763694651219  | time taken : 5.744162559509277
 Thread 4 estimated dimension 1 of 5 : 0.7146292981003818  | time taken : 4.412249565124512
 Thread 5 estimated dimension 0 of 5 : 0.5046706611856785  | time taken : 7.575847387313843
 Thread 6 estimated dimension 2 of 5 : 0.5187670249906445  | time taken : 6.308904647827148
 Thread 2 estimated dimension 1 of 5 : 0.7236825869863608  | time taken : 5.570364236831665
 Thread 1 estimated dimension 1 of 5 : 0.718082150940217  | time taken : 3.764552116394043
 Thread 7 estimated dimension 2 of 5 : 0.48595414119444225  | time taken : 6.417422533035278
 Thread 5 estimated dimension 1 of 5 : 0.7090760089693066  | time taken : 4.658867120742798
 Thread 3 estimated dimension 2 of 5 : 0.4948930859758175  | time taken : 6.901498079299927
 Thread 4 estimated dimension 2 of 5 : 0.5135130695763362  | time taken : 7.92295503616333
 Thread 3 estimated dimension 3 of 5 : 0.6058324664107355  | time taken : 4.529223918914795
 Thread 5 estimated dimension 2 of 5 : 0.48626021772702893  | time taken : 5.2579345703125
 Thread 2 estimated dimension 2 of 5 : 0.5244796097261034  | time taken : 6.979761123657227
 Thread 1 estimated dimension 2 of 5 : 0.5086115415325511  | time taken : 6.8695337772369385
 Thread 4 estimated dimension 3 of 5 : 0.6221251593817988  | time taken : 4.843738555908203
 Thread 7 estimated dimension 3 of 5 : 0.39533311771898166  | time taken : 8.996395349502563
 Thread 6 estimated dimension 3 of 5 : 0.3716742126380499  | time taken : 10.804412841796875
 Thread 5 estimated dimension 3 of 5 : 0.6274801773525952  | time taken : 3.92965030670166
 Thread 7 estimated dimension 4 of 5 : 0.9485442405080047  | time taken : 0.6811270713806152
 Thread 6 estimated dimension 4 of 5 : 0.9630828451464022  | time taken : 0.4880518913269043
 Thread 7 nsolns: 11028
 Thread 6 nsolns: 10980
 Thread 1 estimated dimension 3 of 5 : 0.626814761809509  | time taken : 5.0645928382873535
 Thread 3 estimated dimension 4 of 5 : 0.48724380342461016  | time taken : 6.293836832046509
 Thread 3 nsolns: 11066
 Thread 4 estimated dimension 4 of 5 : 0.4684284441078874  | time taken : 6.611090421676636
 Thread 4 nsolns: 10952
 Thread 5 estimated dimension 4 of 5 : 0.5029355353328647  | time taken : 5.579030990600586
 Thread 6 estimated dimension 0 of 5 : 0.4924143574221395  | time taken : 5.04377007484436
 Thread 5 nsolns: 10910
 Thread 2 estimated dimension 3 of 5 : 0.3652844910963933  | time taken : 10.200387954711914
 Thread 7 estimated dimension 0 of 5 : 0.49478677800019133  | time taken : 5.9005255699157715
 Thread 2 estimated dimension 4 of 5 : 0.9704761379658008  | time taken : 0.7677280902862549
 Thread 1 estimated dimension 4 of 5 : 0.4813419362456169  | time taken : 5.685640811920166
 Thread 2 nsolns: 10916
 Thread 1 nsolns: 10952
 Thread 3 estimated dimension 0 of 5 : 0.5001952090706452  | time taken : 5.5002665519714355
 Thread 7 estimated dimension 1 of 5 : 0.7049740512444151  | time taken : 3.5640571117401123
 Thread 6 estimated dimension 1 of 5 : 0.736829930919735  | time taken : 4.538728952407837
 Thread 4 estimated dimension 0 of 5 : 0.5008110749378816  | time taken : 7.274775505065918
 Thread 1 estimated dimension 0 of 5 : 0.4709285445217485  | time taken : 5.711748361587524
 Thread 3 estimated dimension 1 of 5 : 0.7210111377628199  | time taken : 4.877944469451904
 Thread 5 estimated dimension 0 of 5 : 0.5088112778577617  | time taken : 7.825168132781982
 Thread 2 estimated dimension 0 of 5 : 0.4911390559664154  | time taken : 7.394982576370239
 Thread 7 estimated dimension 2 of 5 : 0.5136071586476758  | time taken : 7.250056266784668
 Thread 4 estimated dimension 1 of 5 : 0.7076007092226939  | time taken : 4.952856063842773
 Thread 6 estimated dimension 2 of 5 : 0.4859133956473278  | time taken : 7.013957500457764
 Thread 5 estimated dimension 1 of 5 : 0.7077862489430325  | time taken : 4.479716777801514
 Thread 2 estimated dimension 1 of 5 : 0.7187804752824578  | time taken : 4.662352800369263
 Thread 3 estimated dimension 2 of 5 : 0.5152967395240833  | time taken : 6.767446041107178
 Thread 7 estimated dimension 3 of 5 : 0.6231273413211529  | time taken : 4.378169775009155
 Thread 4 estimated dimension 2 of 5 : 0.5192563548787187  | time taken : 6.2397706508636475
 Thread 3 estimated dimension 3 of 5 : 0.6314993316773011  | time taken : 4.371295213699341
 Thread 6 estimated dimension 3 of 5 : 0.38409345973800507  | time taken : 6.992858409881592
 Thread 2 estimated dimension 2 of 5 : 0.4802936206757054  | time taken : 5.924520969390869
 Thread 5 estimated dimension 2 of 5 : 0.5252167227878023  | time taken : 7.192662000656128
 Thread 6 estimated dimension 4 of 5 : 1  | time taken : 1.1156444549560547
 Thread 6 nsolns: 11028
 Thread 7 estimated dimension 4 of 5 : 0.508197562085112  | time taken : 5.839858531951904
 Thread 7 nsolns: 10796
 Thread 1 estimated dimension 1 of 5 : 0.29497277029240243  | time taken : 15.132741212844849
 Thread 1 estimated dimension 2 of 5 : 1  | time taken : 0.9013566970825195
 Thread 3 estimated dimension 4 of 5 : 0.49360685036482865  | time taken : 5.170659780502319
 Thread 3 nsolns: 10732
 Thread 1 estimated dimension 3 of 5 : 0.9563249479326019  | time taken : 0.886009931564331
 Thread 4 estimated dimension 3 of 5 : 0.36947066505428316  | time taken : 8.377089023590088
 Thread 2 estimated dimension 3 of 5 : 0.3914774935142873  | time taken : 7.087229013442993
 Thread 4 estimated dimension 4 of 5 : 1  | time taken : 0.7817428112030029
 Thread 4 nsolns: 10916
 Thread 2 estimated dimension 4 of 5 : 0.9652734785694466  | time taken : 0.7534394264221191
 Thread 2 nsolns: 10964
 Thread 5 estimated dimension 3 of 5 : 0.37768021550176645  | time taken : 7.927934408187866
 Thread 5 estimated dimension 4 of 5 : 1  | time taken : 0.3904240131378174
 Thread 5 nsolns: 10916
 Thread 1 estimated dimension 4 of 5 : 0.4815183596407411  | time taken : 6.66555380821228
 Thread 1 nsolns: 11473
 Thread 1 estimated dimension 0 of 5 : 0.48014539165697684  | time taken : 3.419163942337036
 Thread 1 estimated dimension 1 of 5 : 0.2950305477328081  | time taken : 12.265614032745361
 Thread 1 estimated dimension 2 of 5 : 1  | time taken : 0.9004037380218506
 Thread 1 estimated dimension 3 of 5 : 0.9628441789633316  | time taken : 0.8945765495300293
 Thread 1 estimated dimension 4 of 5 : 0.49975118893057574  | time taken : 5.532151460647583
 Thread 1 nsolns: 11253
 estimated weights : [0.06378577899805735, 0.06881581844176358, 0.06408477036736954, 0.056430493109519426, 0.06336155482901418, 0.07320438734987961, 0.07289873105461037, 0.053741606158852956, 0.061102081845354025, 0.07044520923726724, 0.055285454481442675, 0.06122260769284276, 0.07421181451820384, 0.06692531918870191, 0.053301830087566185, 0.06590771528118276, 0.0643399461819078, 0.05680844433708179, 0.07195752767744358, 0.054027091343082215, 0.05534661012641037, 0.07849785892003987, 0.07002694981857423, 0.07190046419952453, 0.06667579201064833, 0.05630057095490217, 0.06233262929726, 0.05760344852372727, 0.06430285653397029, 0.05974646587894681, 0.061369087597116234, 0.0560327774867734, 0.07136170640470803, 0.0760476939802539, 0.06933207726600651, 0.04720775971047457, 0.058423404262078274, 0.05291812546580766, 0.06856382369524268, 0.05345042399549358, 0.04830433372606714, 0.06915206433715229, 0.05261375981566004, 0.06719376109091534, 0.061547401918316536, 0.05108318386142021, 0.0686998538114042, 0.07077881080387532, 0.05571258471367917, 0.05258329252021959, 0.04932464804924437, 0.07623220545392892, 0.06688222534839597, 0.05823004424155161, 0.06996297895641053, 0.06346922366586431, 0.0644109975871757, 0.06466699258923661, 0.053923475412267725, 0.054091211060005084, 0.054913853723729485, 0.06803943202446887, 0.055511137244546864, 0.06771638264085221, 0.05673246716447379, 0.057928591535211994, 0.06798670077662668, 0.0640714767456459, 0.07143674049981918, 0.06396689622138, 0.0681631411356342]
