numSolutions: 82 k : 499
2 82 0.07071067811865475 0.0006097560975609756

 Thread 7 estimated dimension 0 of 2 : 0.5966377295373937  | time taken : 1.4758834838867188
 Thread 5 estimated dimension 0 of 2 : 0.5886053182458916  | time taken : 1.631669282913208
 Thread 4 estimated dimension 0 of 2 : 0.5999737410651808  | time taken : 1.747676134109497
 Thread 2 estimated dimension 0 of 2 : 0.5665449565222033  | time taken : 1.79068922996521
 Thread 6 estimated dimension 0 of 2 : 0.3679529179425694  | time taken : 3.0544841289520264
 Thread 1 estimated dimension 0 of 2 : 0.366325153627033  | time taken : 2.975761651992798
 Thread 3 estimated dimension 0 of 2 : 0.37417504404948765  | time taken : 3.026073455810547
 Thread 3 estimated dimension 1 of 2 : 0.9562396708375299  | time taken : 0.22952556610107422
 Thread 6 estimated dimension 1 of 2 : 0.9898182663241394  | time taken : 0.3244326114654541
 Thread 1 estimated dimension 1 of 2 : 0.99193367047717  | time taken : 0.331866979598999
 Thread 3 nsolns: 1845
 Thread 6 nsolns: 1845
 Thread 1 nsolns: 1845
 Thread 5 estimated dimension 1 of 2 : 0.4840271298077825  | time taken : 2.164487838745117
 Thread 7 estimated dimension 1 of 2 : 0.4862632925190724  | time taken : 2.2718985080718994
 Thread 4 estimated dimension 1 of 2 : 0.469862669566914  | time taken : 2.129535675048828
 Thread 5 nsolns: 1833
 Thread 4 nsolns: 1833
 Thread 7 nsolns: 1833
 Thread 2 estimated dimension 1 of 2 : 0.4980353114103911  | time taken : 2.247421979904175
 Thread 2 nsolns: 1833
 Thread 6 estimated dimension 0 of 2 : 0.570878740554968  | time taken : 2.3169891834259033
 Thread 5 estimated dimension 0 of 2 : 0.5851140298373043  | time taken : 3.5495660305023193
 Thread 7 estimated dimension 0 of 2 : 0.5909665477250767  | time taken : 3.9987711906433105
 Thread 4 estimated dimension 0 of 2 : 0.6097409509037188  | time taken : 4.016744613647461
 Thread 3 estimated dimension 0 of 2 : 0.36796071865139796  | time taken : 5.442241430282593
 Thread 1 estimated dimension 0 of 2 : 0.3848891861041913  | time taken : 5.754933834075928
 Thread 3 estimated dimension 1 of 2 : 0.9961464371385459  | time taken : 0.7874550819396973
 Thread 3 nsolns: 1845
 Thread 1 estimated dimension 1 of 2 : 1  | time taken : 0.5799126625061035
 Thread 1 nsolns: 1845
 Thread 6 estimated dimension 1 of 2 : 0.5193980575246355  | time taken : 5.627887964248657
 Thread 6 nsolns: 1833
 Thread 2 estimated dimension 0 of 2 : 0.3793525842134106  | time taken : 8.390514612197876
 Thread 2 estimated dimension 1 of 2 : 1  | time taken : 0.6969983577728271
 Thread 5 estimated dimension 1 of 2 : 0.5087935479627433  | time taken : 6.301378965377808
 Thread 2 nsolns: 1845
 Thread 5 nsolns: 1833
 Thread 1 estimated dimension 0 of 2 : 0.5819777481928342  | time taken : 3.849323272705078
 Thread 7 estimated dimension 1 of 2 : 0.49308492043790586  | time taken : 6.369908094406128
 Thread 4 estimated dimension 1 of 2 : 0.4867126497413485  | time taken : 6.601844310760498
 Thread 7 nsolns: 1833
 Thread 4 nsolns: 1833
 Thread 6 estimated dimension 0 of 2 : 0.61243925483348  | time taken : 4.230197429656982
 Thread 3 estimated dimension 0 of 2 : 0.37790232136463775  | time taken : 8.330527305603027
 Thread 7 estimated dimension 0 of 2 : 0.5748775818150234  | time taken : 4.440061569213867
 Thread 4 estimated dimension 0 of 2 : 0.5886626985329632  | time taken : 4.46971583366394
 Thread 3 estimated dimension 1 of 2 : 1  | time taken : 1.0354118347167969
 Thread 3 nsolns: 1845
 Thread 1 estimated dimension 1 of 2 : 0.4690040152953684  | time taken : 7.364283800125122
 Thread 1 nsolns: 1833
 Thread 5 estimated dimension 0 of 2 : 0.37082569638313245  | time taken : 8.393736839294434
 Thread 5 estimated dimension 1 of 2 : 1  | time taken : 0.8847057819366455
 Thread 2 estimated dimension 0 of 2 : 0.3608357702843571  | time taken : 9.443843364715576
 Thread 5 nsolns: 1845
 Thread 6 estimated dimension 1 of 2 : 0.49170470654834125  | time taken : 7.1262853145599365
 Thread 6 nsolns: 1833
 Thread 2 estimated dimension 1 of 2 : 0.9265801520160413  | time taken : 1.0146863460540771
 Thread 2 nsolns: 1845
 Thread 7 estimated dimension 1 of 2 : 0.47386624977912556  | time taken : 6.62458872795105
 Thread 3 estimated dimension 0 of 2 : 0.676635219964067  | time taken : 5.752028942108154
 Thread 7 nsolns: 1833
 Thread 4 estimated dimension 1 of 2 : 0.5139545742747249  | time taken : 6.225668430328369
 Thread 4 nsolns: 1816
 Thread 1 estimated dimension 0 of 2 : 0.5991753612409639  | time taken : 5.546396017074585
 Thread 5 estimated dimension 0 of 2 : 0.605487668209643  | time taken : 6.030218839645386
 Thread 6 estimated dimension 0 of 2 : 0.5998865370432588  | time taken : 6.213707208633423
 Thread 7 estimated dimension 0 of 2 : 0.6105416510862471  | time taken : 4.8027732372283936
 Thread 2 estimated dimension 0 of 2 : 0.6098327982015986  | time taken : 6.343108654022217
 Thread 3 estimated dimension 1 of 2 : 0.5006147237510737  | time taken : 7.6930906772613525
 Thread 3 nsolns: 1833
 Thread 5 estimated dimension 1 of 2 : 0.5131531583481065  | time taken : 5.6461522579193115
 Thread 5 nsolns: 1816
 Thread 1 estimated dimension 1 of 2 : 0.5327462397966076  | time taken : 8.909998893737793
 Thread 1 nsolns: 1833
 Thread 4 estimated dimension 0 of 2 : 0.35618368931260946  | time taken : 11.215084552764893
 Thread 4 estimated dimension 1 of 2 : 0.9648460041342949  | time taken : 0.7852921485900879
 Thread 6 estimated dimension 1 of 2 : 0.5265877175982122  | time taken : 8.2925705909729
 Thread 7 estimated dimension 1 of 2 : 0.47501644180401165  | time taken : 7.964755535125732
 Thread 4 nsolns: 1845
 Thread 6 nsolns: 1833
 Thread 7 nsolns: 1833
 Thread 2 estimated dimension 1 of 2 : 0.483308014806429  | time taken : 8.21416425704956
 Thread 2 nsolns: 1833
 Thread 4 estimated dimension 0 of 2 : 0.5634851916770203  | time taken : 8.103524684906006
 Thread 3 estimated dimension 0 of 2 : 0.3714737202553113  | time taken : 13.268053531646729
 Thread 7 estimated dimension 0 of 2 : 0.6281210030275406  | time taken : 8.566538095474243
 Thread 3 estimated dimension 1 of 2 : 0.9622721399541055  | time taken : 1.1999504566192627
 Thread 6 estimated dimension 0 of 2 : 0.5784297177090123  | time taken : 9.295352935791016
 Thread 3 nsolns: 1845
 Thread 1 estimated dimension 0 of 2 : 0.3841963631112428  | time taken : 12.464293479919434
 Thread 2 estimated dimension 0 of 2 : 0.5848884773738648  | time taken : 8.696340799331665
 Thread 5 estimated dimension 0 of 2 : 0.3649461022391873  | time taken : 14.092771053314209
 Thread 5 estimated dimension 1 of 2 : 0.9438887787879015  | time taken : 1.178161859512329
 Thread 1 estimated dimension 1 of 2 : 0.9287979412835489  | time taken : 1.4864904880523682
 Thread 5 nsolns: 1845
 Thread 1 nsolns: 1845
 Thread 3 estimated dimension 0 of 2 : 0.6290132310098913  | time taken : 6.514604568481445
 Thread 4 estimated dimension 1 of 2 : 0.48493707363582184  | time taken : 8.509964227676392
 Thread 4 nsolns: 1833
 Thread 5 estimated dimension 0 of 2 : 0.606773419406659  | time taken : 5.988600730895996
 Thread 7 estimated dimension 1 of 2 : 0.504353818861511  | time taken : 9.182305574417114
 Thread 6 estimated dimension 1 of 2 : 0.47450868379528316  | time taken : 8.470066547393799
 Thread 7 nsolns: 1833
 Thread 6 nsolns: 1833
 Thread 2 estimated dimension 1 of 2 : 0.5084760912265964  | time taken : 8.889925956726074
 Thread 2 nsolns: 1833
 Thread 3 estimated dimension 1 of 2 : 0.48558832689640474  | time taken : 6.063212871551514
 Thread 3 nsolns: 1833
 Thread 7 estimated dimension 0 of 2 : 0.6075846499584544  | time taken : 4.3918750286102295
 Thread 1 estimated dimension 0 of 2 : 0.38074577612978106  | time taken : 11.19390320777893
 Thread 5 estimated dimension 1 of 2 : 0.5124013333390823  | time taken : 5.014712572097778
 Thread 5 nsolns: 1816
 Thread 1 estimated dimension 1 of 2 : 0.9977769321914658  | time taken : 0.7072193622589111
 Thread 1 nsolns: 1845
 Thread 4 estimated dimension 0 of 2 : 0.36234836956591215  | time taken : 9.00089693069458
 Thread 4 estimated dimension 1 of 2 : 1  | time taken : 1.0279905796051025
 Thread 4 nsolns: 1845
 Thread 7 estimated dimension 1 of 2 : 0.5088010171758697  | time taken : 5.6361939907073975
 Thread 6 estimated dimension 0 of 2 : 0.374750892032358  | time taken : 10.0753915309906
 Thread 7 nsolns: 1816
 Thread 2 estimated dimension 0 of 2 : 0.37686930004749575  | time taken : 9.873920440673828
 Thread 2 estimated dimension 1 of 2 : 1  | time taken : 0.4472229480743408
 Thread 5 estimated dimension 0 of 2 : 0.588496104007324  | time taken : 6.197687149047852
 Thread 2 nsolns: 1845
 Thread 6 estimated dimension 1 of 2 : 1  | time taken : 1.2230286598205566
 Thread 6 nsolns: 1845
 Thread 1 estimated dimension 0 of 2 : 0.6153879813015637  | time taken : 5.71746826171875
 Thread 7 estimated dimension 0 of 2 : 0.5833981789182916  | time taken : 5.436116695404053
 Thread 3 estimated dimension 0 of 2 : 0.37656431453125094  | time taken : 12.0725576877594
 Thread 5 estimated dimension 1 of 2 : 0.48770973511539917  | time taken : 6.1083550453186035
 Thread 3 estimated dimension 1 of 2 : 0.9591399040873846  | time taken : 1.016791582107544
 Thread 1 estimated dimension 1 of 2 : 0.5288563452569967  | time taken : 4.8984832763671875
 Thread 1 nsolns: 1816
 Thread 5 nsolns: 1816
 Thread 3 nsolns: 1845
 Thread 4 estimated dimension 0 of 2 : 0.3703320342100873  | time taken : 8.997730255126953
 Thread 4 estimated dimension 1 of 2 : 0.9846680645102837  | time taken : 1.177886724472046
 Thread 4 nsolns: 1845
 Thread 2 estimated dimension 0 of 2 : 0.3660226188751336  | time taken : 10.349400043487549
 Thread 6 estimated dimension 0 of 2 : 0.3491631752610557  | time taken : 10.245994329452515
 Thread 5 estimated dimension 0 of 2 : 0.6023491063958916  | time taken : 5.49834418296814
 Thread 2 estimated dimension 1 of 2 : 1  | time taken : 1.361896276473999
 Thread 2 nsolns: 1845
 Thread 1 estimated dimension 0 of 2 : 0.6155953121268665  | time taken : 5.89623761177063
 Thread 6 estimated dimension 1 of 2 : 0.9761115195346951  | time taken : 1.051828145980835
 Thread 3 estimated dimension 0 of 2 : 0.5929632073099784  | time taken : 6.8676230907440186
 Thread 7 estimated dimension 1 of 2 : 0.47957710223293637  | time taken : 8.631001472473145
 Thread 7 nsolns: 1833
 Thread 6 nsolns: 1845
 Thread 5 estimated dimension 1 of 2 : 0.5012772195651556  | time taken : 6.232737302780151
 Thread 5 nsolns: 1816
 Thread 2 estimated dimension 0 of 2 : 0.572571699964639  | time taken : 6.188787221908569
 Thread 1 estimated dimension 1 of 2 : 0.49687387383694787  | time taken : 6.02107572555542
 Thread 4 estimated dimension 0 of 2 : 0.3695329037290122  | time taken : 10.159541845321655
 Thread 1 nsolns: 1816
 Thread 4 estimated dimension 1 of 2 : 0.9722550833528409  | time taken : 1.1553752422332764
 Thread 4 nsolns: 1845
 Thread 3 estimated dimension 1 of 2 : 0.48999856046058143  | time taken : 8.695127964019775
 Thread 3 nsolns: 1833
 Thread 7 estimated dimension 0 of 2 : 0.37968895880560155  | time taken : 8.965073347091675
 Thread 7 estimated dimension 1 of 2 : 1  | time taken : 0.47184324264526367
 Thread 2 estimated dimension 1 of 2 : 0.47474758990399685  | time taken : 4.909234523773193
 Thread 7 nsolns: 1845
 Thread 2 nsolns: 1816
 Thread 6 estimated dimension 0 of 2 : 0.38319920459213824  | time taken : 10.6332266330719
 Thread 5 estimated dimension 0 of 2 : 0.5763778976989903  | time taken : 6.334157228469849
 Thread 1 estimated dimension 0 of 2 : 0.5735180673786915  | time taken : 6.0559608936309814
 Thread 6 estimated dimension 1 of 2 : 0.9422205225252948  | time taken : 0.8052432537078857
 Thread 6 nsolns: 1845
 Thread 2 estimated dimension 0 of 2 : 0.6068586782219879  | time taken : 4.935570478439331
 Thread 7 estimated dimension 0 of 2 : 0.5915463840938282  | time taken : 5.948785066604614
 Thread 4 estimated dimension 0 of 2 : 0.3554187056569221  | time taken : 10.77134394645691
 Thread 1 estimated dimension 1 of 2 : 0.5115041606115747  | time taken : 6.239416122436523
 Thread 1 nsolns: 1816
 Thread 5 estimated dimension 1 of 2 : 0.4975495251587509  | time taken : 7.1611340045928955
 Thread 4 estimated dimension 1 of 2 : 1  | time taken : 0.5850627422332764
 Thread 5 nsolns: 1833
 Thread 4 nsolns: 1845
 Thread 3 estimated dimension 0 of 2 : 0.3739129836082354  | time taken : 11.622819423675537
 Thread 7 estimated dimension 1 of 2 : 0.5257768594902719  | time taken : 4.866368532180786
 Thread 7 nsolns: 1816
 Thread 3 estimated dimension 1 of 2 : 0.9916481545311651  | time taken : 0.8101813793182373
 Thread 3 nsolns: 1845
 Thread 6 estimated dimension 0 of 2 : 0.3674213021485791  | time taken : 10.896029233932495
 Thread 2 estimated dimension 1 of 2 : 0.49594597749751407  | time taken : 8.365899085998535
 Thread 2 nsolns: 1833
 Thread 6 estimated dimension 1 of 2 : 0.9871675006878274  | time taken : 0.7545223236083984
 Thread 6 nsolns: 1845
 Thread 7 estimated dimension 0 of 2 : 0.6159971169532067  | time taken : 6.004124641418457
 Thread 1 estimated dimension 0 of 2 : 0.355177169809047  | time taken : 11.107017517089844
 Thread 1 estimated dimension 1 of 2 : 0.9077350208379282  | time taken : 0.41133999824523926
 Thread 1 nsolns: 1845
 Thread 5 estimated dimension 0 of 2 : 0.3662450597370222  | time taken : 11.359412431716919
 Thread 4 estimated dimension 0 of 2 : 0.371758081565794  | time taken : 11.716999530792236
 Thread 2 estimated dimension 0 of 2 : 0.6247599856467835  | time taken : 6.895940542221069
 Thread 5 estimated dimension 1 of 2 : 0.9590141808722068  | time taken : 0.8067471981048584
 Thread 4 estimated dimension 1 of 2 : 0.9190953347927555  | time taken : 0.931138277053833
 Thread 5 nsolns: 1845
 Thread 4 nsolns: 1845
 Thread 3 estimated dimension 0 of 2 : 0.3867082008957746  | time taken : 11.18523359298706
 Thread 3 estimated dimension 1 of 2 : 1  | time taken : 1.1298446655273438
 Thread 3 nsolns: 1845
 Thread 7 estimated dimension 1 of 2 : 0.48579719644220204  | time taken : 7.301534652709961
 Thread 7 nsolns: 1833
 Thread 1 estimated dimension 0 of 2 : 0.6212577760118205  | time taken : 5.906087875366211
 Thread 6 estimated dimension 0 of 2 : 0.36049168233089696  | time taken : 11.188794136047363
 Thread 6 estimated dimension 1 of 2 : 1  | time taken : 1.0402858257293701
 Thread 6 nsolns: 1845
 Thread 2 estimated dimension 1 of 2 : 0.4838659468086756  | time taken : 7.674755334854126
 Thread 2 nsolns: 1833
 Thread 1 estimated dimension 1 of 2 : 0.4786658427887585  | time taken : 7.362607717514038
 Thread 1 nsolns: 1833
 estimated weights : [0.3578010209575003, 0.36420651932682235, 0.363370254225376, 0.2849009427801553, 0.28190526364693425, 0.29012302680595686, 0.282159393849522, 0.366542758891529, 0.3848891861041913, 0.29651330892636074, 0.3793525842134106, 0.29770224320370053, 0.29139669316648337, 0.29676863387015845, 0.37790232136463775, 0.2729499007149961, 0.37082569638313245, 0.3011392640765811, 0.33434326288290495, 0.27241508377677753, 0.3025458866159198, 0.33873355372255837, 0.31070790928260866, 0.3192084206798976, 0.3436624093710824, 0.315892882359505, 0.2900173226721355, 0.2947370790626643, 0.35745881172679117, 0.34446853076595113, 0.3568407911063491, 0.27325485988897436, 0.3167952265840628, 0.2744699240181806, 0.2974018067785384, 0.3054414824417948, 0.31091150913868626, 0.3798993524516316, 0.36234836956591215, 0.30913968791930635, 0.37686930004749575, 0.374750892032358, 0.32545183870622596, 0.28701527900185636, 0.36117786052223577, 0.3646541273518028, 0.3660226188751336, 0.27978440809360644, 0.34082219756962817, 0.3019438852616886, 0.3058732274523412, 0.3592802441166681, 0.2905511179879787, 0.37968895880560155, 0.27182703460544677, 0.3610581547820818, 0.2933568776501101, 0.2867765493121317, 0.3554187056569221, 0.3110214000716791, 0.3707901201503484, 0.30096912037365314, 0.3627063685414799, 0.32240675563777166, 0.3512342059621928, 0.3416811184386259, 0.3867082008957746, 0.29924967243234707, 0.36049168233089696, 0.3023000819831555, 0.29737487694376785]
