numSolutions: 44 k : 2881
5 44 0.08944271909999159 0.0004545454545454546

 Thread 11 estimated dimension 0 of 5 : 0.6785041628636014  | time taken : 40.824140310287476
 Thread 5 estimated dimension 0 of 5 : 0.6540596879993287  | time taken : 41.106953620910645
 Thread 12 estimated dimension 0 of 5 : 0.663981327533268  | time taken : 43.16455388069153
 Thread 9 estimated dimension 0 of 5 : 0.6715696330658946  | time taken : 48.45399069786072
 Thread 7 estimated dimension 0 of 5 : 0.6768297235310817  | time taken : 49.241114139556885
 Thread 6 estimated dimension 0 of 5 : 0.6572113690247189  | time taken : 53.26774454116821
 Thread 4 estimated dimension 0 of 5 : 0.666012932089069  | time taken : 58.32990741729736
 Thread 2 estimated dimension 0 of 5 : 0.6494485980920549  | time taken : 62.95655393600464
 Thread 8 estimated dimension 0 of 5 : 0.6849407013890889  | time taken : 63.9891471862793
 Thread 1 estimated dimension 0 of 5 : 0.6813190929889268  | time taken : 70.01039624214172
 Thread 14 estimated dimension 0 of 5 : 0.6532972154257115  | time taken : 71.77150249481201
 Thread 6 estimated dimension 1 of 5 : 0.6149731062942989  | time taken : 84.36850333213806
 Thread 11 estimated dimension 1 of 5 : 0.6598254178802692  | time taken : 100.99938797950745
 Thread 7 estimated dimension 1 of 5 : 0.5925044786554513  | time taken : 97.2753233909607
 Thread 12 estimated dimension 1 of 5 : 0.5858878552900769  | time taken : 105.94541478157043
 Thread 1 estimated dimension 1 of 5 : 0.6417782565568205  | time taken : 84.06793856620789
 Thread 8 estimated dimension 1 of 5 : 0.6099676604151181  | time taken : 116.19269943237305
 Thread 2 estimated dimension 1 of 5 : 0.5476719556074348  | time taken : 121.9396812915802
 Thread 5 estimated dimension 1 of 5 : 0.353704752349271  | time taken : 182.16607666015625
 Thread 4 estimated dimension 1 of 5 : 0.3627446521528977  | time taken : 190.03728604316711
 Thread 11 estimated dimension 2 of 5 : 0.5845240208101959  | time taken : 112.37332487106323
 Thread 1 estimated dimension 2 of 5 : 0.5932913025724077  | time taken : 97.67365336418152
 Thread 5 estimated dimension 2 of 5 : 0.9943368660626845  | time taken : 30.42008376121521
 Thread 7 estimated dimension 2 of 5 : 0.6102004340244424  | time taken : 117.34194779396057
 Thread 12 estimated dimension 2 of 5 : 0.5939436706359805  | time taken : 121.55162048339844
 Thread 4 estimated dimension 2 of 5 : 1  | time taken : 24.28333044052124
 Thread 9 estimated dimension 1 of 5 : 0.3733735655375877  | time taken : 230.33563041687012
 Thread 6 estimated dimension 2 of 5 : 0.6241554050921734  | time taken : 149.9257447719574
 Thread 14 estimated dimension 1 of 5 : 0.3616027252123444  | time taken : 217.05453372001648
 Thread 9 estimated dimension 2 of 5 : 1  | time taken : 23.154528617858887
 Thread 3 estimated dimension 0 of 5 : 0.1969669222706758  | time taken : 312.3204038143158
 Thread 14 estimated dimension 2 of 5 : 1  | time taken : 23.16990327835083
 Thread 3 estimated dimension 1 of 5 : 1  | time taken : 28.107815265655518
 Thread 10 estimated dimension 0 of 5 : 0.25203815768898175  | time taken : 347.00484251976013
 Thread 10 estimated dimension 1 of 5 : 1  | time taken : 26.1372127532959
 Thread 5 estimated dimension 3 of 5 : 0.6833641651476894  | time taken : 126.20086932182312
 Thread 1 estimated dimension 3 of 5 : 0.6528981773705635  | time taken : 136.7210249900818
 Thread 12 estimated dimension 3 of 5 : 0.6563282844858752  | time taken : 129.2144684791565
 Thread 13 estimated dimension 0 of 5 : 0.2512329120391545  | time taken : 411.9243326187134
 Thread 7 estimated dimension 3 of 5 : 0.6258278380787984  | time taken : 149.91505813598633
 Thread 14 estimated dimension 3 of 5 : 0.6805427896987674  | time taken : 104.40725231170654
 Thread 9 estimated dimension 3 of 5 : 0.653319778664281  | time taken : 120.34968757629395
 Thread 13 estimated dimension 1 of 5 : 0.9987086378821055  | time taken : 29.178279638290405
 Thread 8 estimated dimension 2 of 5 : 0.4125092044786873  | time taken : 257.9904730319977
 Thread 2 estimated dimension 2 of 5 : 0.4187375026855035  | time taken : 256.16195940971375
 Thread 10 estimated dimension 2 of 5 : 0.6830873854574359  | time taken : 100.5459132194519
 Thread 11 estimated dimension 3 of 5 : 0.3281422263187459  | time taken : 236.01603317260742
 Thread 10 estimated dimension 3 of 5 : 0.9712287053658485  | time taken : 20.97052788734436
 Thread 1 estimated dimension 4 of 5 : 0.5479974615824329  | time taken : 141.14922833442688
 Thread 1 nsolns: 23172
 Thread 11 estimated dimension 4 of 5 : 1  | time taken : 47.803547859191895
 Thread 11 nsolns: 25377
 Thread 6 estimated dimension 3 of 5 : 0.333654082561792  | time taken : 274.96060371398926
 Thread 13 estimated dimension 2 of 5 : 0.6421025622295079  | time taken : 129.22594714164734
 Thread 4 estimated dimension 3 of 5 : 0.32034154775737345  | time taken : 301.07967615127563
 Thread 13 estimated dimension 3 of 5 : 0.9644150941576022  | time taken : 23.344643592834473
 Thread 5 estimated dimension 4 of 5 : 0.4757829985905299  | time taken : 219.51940941810608
 Thread 6 estimated dimension 4 of 5 : 0.9811879805226824  | time taken : 39.35621619224548
 Thread 5 nsolns: 25679
 Thread 14 estimated dimension 4 of 5 : 0.4567171316960206  | time taken : 188.50187397003174
 Thread 6 nsolns: 25164
 Thread 12 estimated dimension 4 of 5 : 0.45498022456800946  | time taken : 207.23801517486572
 Thread 3 estimated dimension 2 of 5 : 0.32866039098753325  | time taken : 269.231675863266
 Thread 9 estimated dimension 4 of 5 : 0.5514074458277357  | time taken : 182.66167902946472
 Thread 14 nsolns: 25831
 Thread 8 estimated dimension 3 of 5 : 0.5527828627814185  | time taken : 171.23652744293213
 Thread 12 nsolns: 24769
 Thread 9 nsolns: 24673
 Thread 7 estimated dimension 4 of 5 : 0.49797971074498154  | time taken : 198.02372694015503
 Thread 7 nsolns: 24183
 Thread 1 estimated dimension 0 of 5 : 0.7722730261711463  | time taken : 85.65138721466064
 Thread 4 estimated dimension 4 of 5 : 1  | time taken : 61.09949970245361
 Thread 4 nsolns: 26812
 Thread 3 estimated dimension 3 of 5 : 1  | time taken : 36.23932957649231
 Thread 8 estimated dimension 4 of 5 : 0.9980261006045398  | time taken : 37.06248760223389
 Thread 2 estimated dimension 3 of 5 : 0.46789360564434457  | time taken : 212.45939326286316
 Thread 8 nsolns: 23976
 Thread 12 estimated dimension 0 of 5 : 0.8277128428112616  | time taken : 71.77403616905212
 Thread 14 estimated dimension 0 of 5 : 0.7099538262831729  | time taken : 78.58656716346741
 Thread 9 estimated dimension 0 of 5 : 0.7846796835555221  | time taken : 76.91435194015503
 Thread 7 estimated dimension 0 of 5 : 0.7757553213461504  | time taken : 74.98022389411926
 Thread 2 estimated dimension 4 of 5 : 0.97575194150529  | time taken : 47.604517459869385
 Thread 3 estimated dimension 4 of 5 : 0.9879410244839302  | time taken : 49.34136462211609
 Thread 3 nsolns: 31981
 Thread 2 nsolns: 25516
 Thread 4 estimated dimension 0 of 5 : 0.6841916029418719  | time taken : 71.15108275413513
 Thread 5 estimated dimension 0 of 5 : 0.7182093079460232  | time taken : 107.12716674804688
 Thread 10 estimated dimension 4 of 5 : 0.49841859462292704  | time taken : 221.7565188407898
 Thread 10 nsolns: 26938
 Thread 8 estimated dimension 0 of 5 : 0.7075804340170253  | time taken : 69.64883732795715
 Thread 13 estimated dimension 4 of 5 : 0.512516018055673  | time taken : 192.20018911361694
 Thread 7 estimated dimension 1 of 5 : 0.6449217008822996  | time taken : 95.48849892616272
 Thread 13 nsolns: 27203
 Thread 3 estimated dimension 0 of 5 : 0.8205631784770723  | time taken : 96.79077816009521
 Thread 10 estimated dimension 0 of 5 : 0.8276634361797158  | time taken : 79.1686053276062
 Thread 12 estimated dimension 1 of 5 : 0.6074610160994002  | time taken : 127.14756393432617
 Thread 5 estimated dimension 1 of 5 : 0.6357518612090878  | time taken : 132.72069835662842
 Thread 13 estimated dimension 0 of 5 : 0.6776446001507824  | time taken : 87.94830060005188
 Thread 14 estimated dimension 1 of 5 : 0.4071157627527713  | time taken : 216.16094827651978
 Thread 1 estimated dimension 1 of 5 : 0.35394830705225017  | time taken : 287.7385814189911
 Thread 9 estimated dimension 1 of 5 : 0.3597308498619307  | time taken : 243.6896915435791
 Thread 10 estimated dimension 1 of 5 : 0.6141411808490903  | time taken : 129.93162870407104
 Thread 11 estimated dimension 0 of 5 : 0.210639895935614  | time taken : 396.4780602455139
 Thread 1 estimated dimension 2 of 5 : 1  | time taken : 28.577234029769897
 Thread 8 estimated dimension 1 of 5 : 0.38825826649183615  | time taken : 218.28768706321716
 Thread 14 estimated dimension 2 of 5 : 0.9934167123133572  | time taken : 42.5977725982666
 Thread 8 estimated dimension 2 of 5 : 1  | time taken : 21.583842277526855
 Thread 9 estimated dimension 2 of 5 : 0.9706178245593357  | time taken : 34.14487862586975
 Thread 11 estimated dimension 1 of 5 : 0.9949908986666245  | time taken : 34.611783266067505
 Thread 4 estimated dimension 1 of 5 : 0.34418986951960306  | time taken : 262.1682679653168
 Thread 4 estimated dimension 2 of 5 : 0.9819946617150408  | time taken : 22.811216592788696
 Thread 13 estimated dimension 1 of 5 : 0.6088407413436869  | time taken : 124.16527462005615
 Thread 6 estimated dimension 0 of 5 : 0.20053932049169437  | time taken : 425.6255798339844
 Thread 7 estimated dimension 2 of 5 : 0.3749422962487765  | time taken : 238.01987290382385
 Thread 1 estimated dimension 3 of 5 : 0.6762151724621172  | time taken : 91.9759373664856
 Thread 12 estimated dimension 2 of 5 : 0.3725645832328319  | time taken : 224.68452382087708
 Thread 14 estimated dimension 3 of 5 : 0.6932797521222664  | time taken : 106.15582799911499
 Thread 3 estimated dimension 1 of 5 : 0.4166807756165141  | time taken : 260.3193738460541
 Thread 6 estimated dimension 1 of 5 : 1  | time taken : 31.39865732192993
 Thread 2 estimated dimension 0 of 5 : 0.24278642428466995  | time taken : 371.8708279132843
 Thread 3 estimated dimension 2 of 5 : 1  | time taken : 27.071085214614868
 Thread 2 estimated dimension 1 of 5 : 1  | time taken : 38.989646434783936
 Thread 13 estimated dimension 2 of 5 : 0.6407808243734029  | time taken : 131.24514269828796
 Thread 10 estimated dimension 2 of 5 : 0.4093612798808348  | time taken : 209.65676617622375
 Thread 5 estimated dimension 2 of 5 : 0.3620475910369626  | time taken : 301.25729298591614
 Thread 6 estimated dimension 2 of 5 : 0.6457137366059572  | time taken : 108.41898679733276
 Thread 12 estimated dimension 3 of 5 : 0.4879981392629838  | time taken : 171.2721974849701
 Thread 6 estimated dimension 3 of 5 : 1  | time taken : 39.81590533256531
 Thread 7 estimated dimension 3 of 5 : 0.49290484263840845  | time taken : 187.20745205879211
 Thread 1 estimated dimension 4 of 5 : 0.5282999000923775  | time taken : 183.59182333946228
 Thread 1 nsolns: 24304
 Thread 3 estimated dimension 3 of 5 : 0.6557283085623501  | time taken : 135.23010158538818
 Thread 9 estimated dimension 3 of 5 : 0.32441136036118534  | time taken : 259.40546798706055
 Thread 12 estimated dimension 4 of 5 : 1  | time taken : 25.02077841758728
 Thread 12 nsolns: 24832
 Thread 14 estimated dimension 4 of 5 : 0.523238452341735  | time taken : 195.94535112380981
 Thread 14 nsolns: 23809
 Thread 13 estimated dimension 3 of 5 : 0.660897288101531  | time taken : 118.48389601707458
 Thread 11 estimated dimension 2 of 5 : 0.3405638286222623  | time taken : 290.8165557384491
 Thread 7 estimated dimension 4 of 5 : 0.9778627734809154  | time taken : 48.69377017021179
 Thread 9 estimated dimension 4 of 5 : 1  | time taken : 36.5757737159729
 Thread 7 nsolns: 24695
 Thread 9 nsolns: 26333
 Thread 4 estimated dimension 3 of 5 : 0.33728767567344203  | time taken : 284.09155893325806
 Thread 12 estimated dimension 0 of 5 : 0.830043495380831  | time taken : 72.7908034324646
 Thread 11 estimated dimension 3 of 5 : 1  | time taken : 50.286991357803345
 Thread 10 estimated dimension 3 of 5 : 0.510724523005562  | time taken : 173.14267373085022
 Thread 8 estimated dimension 3 of 5 : 0.33403475027686813  | time taken : 354.7412757873535
 Thread 4 estimated dimension 4 of 5 : 1  | time taken : 40.68651103973389
 Thread 4 nsolns: 26808
 Thread 5 estimated dimension 3 of 5 : 0.4956312350878866  | time taken : 189.15023255348206
 Thread 10 estimated dimension 4 of 5 : 0.9871506758344917  | time taken : 22.18622922897339
 Thread 6 estimated dimension 4 of 5 : 0.5379407824418856  | time taken : 129.27747321128845
 Thread 10 nsolns: 23935
 Thread 6 nsolns: 29803
 Thread 9 estimated dimension 0 of 5 : 0.8089509197735891  | time taken : 84.56927871704102
 Thread 7 estimated dimension 0 of 5 : 0.8136820026122602  | time taken : 87.47024726867676
 Thread 11 estimated dimension 4 of 5 : 0.9896956460317152  | time taken : 43.02160358428955
 Thread 8 estimated dimension 4 of 5 : 0.9939608913720004  | time taken : 37.16652202606201
 Thread 11 nsolns: 30756
 Thread 8 nsolns: 25748
 Thread 5 estimated dimension 4 of 5 : 0.9742063930908389  | time taken : 28.590030908584595
 Thread 5 nsolns: 25240
 Thread 4 estimated dimension 0 of 5 : 0.789241626211843  | time taken : 69.30119514465332
 Thread 3 estimated dimension 4 of 5 : 0.479091788045867  | time taken : 181.65225553512573
 Thread 3 nsolns: 23755
 Thread 8 estimated dimension 0 of 5 : 0.8065774325046708  | time taken : 67.11094999313354
 Thread 6 estimated dimension 0 of 5 : 0.8009401698333934  | time taken : 82.44339394569397
 Thread 11 estimated dimension 0 of 5 : 0.7992261973374516  | time taken : 76.63208651542664
 Thread 5 estimated dimension 0 of 5 : 0.8005840654718457  | time taken : 69.8460783958435
 Thread 10 estimated dimension 0 of 5 : 0.733172955938071  | time taken : 96.6105809211731
 Thread 9 estimated dimension 1 of 5 : 0.5681224842966779  | time taken : 106.83449482917786
 Thread 13 estimated dimension 4 of 5 : 0.44996011561289373  | time taken : 207.5835313796997
 Thread 13 nsolns: 24466
 Thread 2 estimated dimension 2 of 5 : 0.31877696364075747  | time taken : 370.1486346721649
 Thread 3 estimated dimension 0 of 5 : 0.7696045959207339  | time taken : 71.61439681053162
 Thread 2 estimated dimension 3 of 5 : 0.9901709640846423  | time taken : 10.793452501296997
 Thread 2 estimated dimension 4 of 5 : 1  | time taken : 32.25410556793213
 Thread 2 nsolns: 29274
 Thread 12 estimated dimension 1 of 5 : 0.3807062451482768  | time taken : 226.6709976196289
 Thread 10 estimated dimension 1 of 5 : 0.6492073716825197  | time taken : 94.85503506660461
 Thread 8 estimated dimension 1 of 5 : 0.5714153861734825  | time taken : 109.91476583480835
 Thread 6 estimated dimension 1 of 5 : 0.6647054539002897  | time taken : 111.21848344802856
 Thread 11 estimated dimension 1 of 5 : 0.6094510028536274  | time taken : 108.83075332641602
 Thread 12 estimated dimension 2 of 5 : 0.9693660035726155  | time taken : 19.666948795318604
 Thread 7 estimated dimension 1 of 5 : 0.37435364389788006  | time taken : 210.1020429134369
 Thread 3 estimated dimension 1 of 5 : 0.6270920703373382  | time taken : 94.53138709068298
 Thread 2 estimated dimension 0 of 5 : 0.7592898785591529  | time taken : 58.29940319061279
 Thread 4 estimated dimension 1 of 5 : 0.3968898166879775  | time taken : 192.89936470985413
 Thread 7 estimated dimension 2 of 5 : 1  | time taken : 26.950706481933594
 Thread 9 estimated dimension 2 of 5 : 0.6449977882788385  | time taken : 142.3879201412201
 Thread 4 estimated dimension 2 of 5 : 0.9725176050185935  | time taken : 25.188185453414917
 Thread 1 estimated dimension 0 of 5 : 0.20518246891385858  | time taken : 397.0624976158142
 Thread 5 estimated dimension 1 of 5 : 0.40362688456282036  | time taken : 201.56284546852112
 Thread 1 estimated dimension 1 of 5 : 1  | time taken : 26.892947912216187
 Thread 11 estimated dimension 2 of 5 : 0.6232512560435289  | time taken : 96.98685622215271
 Thread 12 estimated dimension 3 of 5 : 0.6616763210622358  | time taken : 102.08787727355957
 Thread 10 estimated dimension 2 of 5 : 0.5818041150004387  | time taken : 130.41465306282043
 Thread 8 estimated dimension 2 of 5 : 0.6132219541840775  | time taken : 132.79176712036133
 Thread 2 estimated dimension 1 of 5 : 0.6336953244792894  | time taken : 83.19461941719055
 Thread 6 estimated dimension 2 of 5 : 0.615864198432427  | time taken : 138.26035261154175
 Thread 5 estimated dimension 2 of 5 : 1  | time taken : 40.009082317352295
 Thread 9 estimated dimension 3 of 5 : 0.6797989022011673  | time taken : 93.15626764297485
 Thread 3 estimated dimension 2 of 5 : 0.6335206277686494  | time taken : 119.34690690040588
 Thread 7 estimated dimension 3 of 5 : 0.651122293290745  | time taken : 120.14320611953735
 Thread 4 estimated dimension 3 of 5 : 0.6851330645560693  | time taken : 109.29933762550354
 Thread 1 estimated dimension 2 of 5 : 0.6102255974807341  | time taken : 136.27184319496155
 Thread 10 estimated dimension 3 of 5 : 0.6716375199152788  | time taken : 117.58231019973755
 Thread 11 estimated dimension 3 of 5 : 0.6629312203011377  | time taken : 139.46177554130554
 Thread 5 estimated dimension 3 of 5 : 0.6929247469952873  | time taken : 104.4686439037323
 Thread 6 estimated dimension 3 of 5 : 0.6850772850687533  | time taken : 117.80168843269348
 Thread 3 estimated dimension 3 of 5 : 0.6708789746436608  | time taken : 114.58430218696594
 Thread 2 estimated dimension 2 of 5 : 0.44355465992727594  | time taken : 144.5535032749176
 Thread 1 estimated dimension 3 of 5 : 1  | time taken : 36.226380825042725
 Thread 12 estimated dimension 4 of 5 : 0.4904161561685988  | time taken : 163.25745391845703
 Thread 12 nsolns: 24148
 Thread 9 estimated dimension 4 of 5 : 0.4771883639314276  | time taken : 143.45219922065735
 Thread 9 nsolns: 23378
 Thread 13 estimated dimension 0 of 5 : 0.1970797611578362  | time taken : 393.18897819519043
 Thread 13 estimated dimension 1 of 5 : 0.9584019207270424  | time taken : 15.749180316925049
 Thread 4 estimated dimension 4 of 5 : 0.48075659130418946  | time taken : 149.61393451690674
 Thread 4 nsolns: 23797
 Thread 7 estimated dimension 4 of 5 : 0.47465324045727203  | time taken : 178.76327657699585
 Thread 10 estimated dimension 4 of 5 : 0.5078256549021921  | time taken : 111.5722885131836
 Thread 7 nsolns: 24547
 Thread 10 nsolns: 23292
 Thread 11 estimated dimension 4 of 5 : 0.4759868790073656  | time taken : 124.36165380477905
 Thread 11 nsolns: 23441
 Thread 8 estimated dimension 3 of 5 : 0.3323023980246268  | time taken : 256.8178753852844
 Thread 6 estimated dimension 4 of 5 : 0.491780691666006  | time taken : 136.23224091529846
 Thread 1 estimated dimension 4 of 5 : 0.48368469092716093  | time taken : 117.42301201820374
 Thread 6 nsolns: 22753
 Thread 1 nsolns: 30557
 Thread 8 estimated dimension 4 of 5 : 1  | time taken : 17.157283067703247
 Thread 2 estimated dimension 3 of 5 : 0.49978928020709035  | time taken : 131.1735761165619
 Thread 8 nsolns: 24805
 Thread 5 estimated dimension 4 of 5 : 0.4723803490747178  | time taken : 168.20477604866028
 Thread 5 nsolns: 24135
 Thread 13 estimated dimension 2 of 5 : 0.6436177645187595  | time taken : 88.14479804039001
 Thread 3 estimated dimension 4 of 5 : 0.4955584942066365  | time taken : 151.3831958770752
 Thread 3 nsolns: 23069
 Thread 2 estimated dimension 4 of 5 : 1  | time taken : 21.608604431152344
 Thread 2 nsolns: 23324
 Thread 13 estimated dimension 3 of 5 : 1  | time taken : 28.042468786239624
 Thread 13 estimated dimension 4 of 5 : 0.4592594481269021  | time taken : 124.9602255821228
 Thread 13 nsolns: 31203
 estimated weights : [0.09281700348320958, 0.08587090527338982, 0.07479161991548527, 0.08258526942587939, 0.07342521747290938, 0.0689968497147544, 0.09033021618793276, 0.07626233505020191, 0.07739215682235655, 0.09508015862565716, 0.0639545851835276, 0.06799761484451519, 0.08334092335723771, 0.07963265278981516, 0.09765087633297527, 0.09141507915548552, 0.10415680575370258, 0.09041431305549175, 0.08888212077992629, 0.07799835131847073, 0.104905657460005, 0.06965848661599726, 0.07064150105667044, 0.09121315396355088, 0.0798204138352365, 0.10741332205577352, 0.07861821596306982, 0.07663400367251218, 0.09940059830107227, 0.09615960705167069, 0.10034080595068012, 0.09414034601881552, 0.09445310837391202, 0.0957932974045152, 0.11046515783265892, 0.06056099673720454, 0.09391807163972973, 0.10577058887565591, 0.10164799763672079, 0.10666506360296255, 0.05583105376372765]
