numSolutions: 44 k : 6024
10 44 0.06324555320336758 0.0002272727272727273

 Thread 8 estimated dimension 0 of 10 : 0.5442844079332214  | time taken : 65.94190692901611
 Thread 6 estimated dimension 0 of 10 : 0.5171897212632761  | time taken : 75.88652348518372
 Thread 9 estimated dimension 0 of 10 : 0.5034644633562334  | time taken : 76.04216861724854
 Thread 13 estimated dimension 0 of 10 : 0.5139177818705212  | time taken : 76.44063067436218
 Thread 1 estimated dimension 0 of 10 : 0.5073035019709339  | time taken : 78.50129175186157
 Thread 7 estimated dimension 0 of 10 : 0.5133966013651274  | time taken : 79.30879044532776
 Thread 12 estimated dimension 0 of 10 : 0.4778242621045273  | time taken : 79.85829877853394
 Thread 10 estimated dimension 0 of 10 : 0.48619291505290185  | time taken : 83.11094975471497
 Thread 11 estimated dimension 0 of 10 : 0.4844129168320321  | time taken : 85.22749090194702
 Thread 2 estimated dimension 0 of 10 : 0.4751462441194266  | time taken : 87.90944933891296
 Thread 3 estimated dimension 0 of 10 : 0.4949860590764176  | time taken : 91.1504020690918
 Thread 14 estimated dimension 0 of 10 : 0.49678788533104484  | time taken : 91.34697794914246
 Thread 5 estimated dimension 0 of 10 : 0.4460309535927493  | time taken : 98.4568133354187
 Thread 4 estimated dimension 0 of 10 : 0.4935317061168409  | time taken : 101.27209329605103
 Thread 8 estimated dimension 1 of 10 : 0.8162946462336883  | time taken : 52.00020956993103
 Thread 6 estimated dimension 1 of 10 : 0.7860702198752542  | time taken : 60.89854621887207
 Thread 1 estimated dimension 1 of 10 : 0.7622844252154409  | time taken : 62.428603172302246
 Thread 7 estimated dimension 1 of 10 : 0.6918718669556563  | time taken : 66.70954322814941
 Thread 13 estimated dimension 1 of 10 : 0.806265358844857  | time taken : 69.2813138961792
 Thread 9 estimated dimension 1 of 10 : 0.8211211508125092  | time taken : 74.9986822605133
 Thread 8 estimated dimension 2 of 10 : 0.7632296778844984  | time taken : 48.21389389038086
 Thread 10 estimated dimension 1 of 10 : 0.6034839028457479  | time taken : 96.26179194450378
 Thread 2 estimated dimension 1 of 10 : 0.5613881703787987  | time taken : 99.7294533252716
 Thread 11 estimated dimension 1 of 10 : 0.5941672694909074  | time taken : 106.49043369293213
 Thread 13 estimated dimension 2 of 10 : 0.7026975689851679  | time taken : 54.003435373306274
 Thread 10 estimated dimension 2 of 10 : 1  | time taken : 21.243822813034058
 Thread 11 estimated dimension 2 of 10 : 1  | time taken : 11.00250768661499
 Thread 2 estimated dimension 2 of 10 : 1  | time taken : 18.337940216064453
 Thread 1 estimated dimension 2 of 10 : 0.7557535457252639  | time taken : 66.68554019927979
 Thread 5 estimated dimension 1 of 10 : 0.609447163242908  | time taken : 112.23989176750183
 Thread 9 estimated dimension 2 of 10 : 0.7218301559093897  | time taken : 58.544196128845215
 Thread 3 estimated dimension 1 of 10 : 0.5703783090567698  | time taken : 120.73704719543457
 Thread 6 estimated dimension 2 of 10 : 0.6810104929959293  | time taken : 75.77670931816101
 Thread 4 estimated dimension 1 of 10 : 0.5034852119220503  | time taken : 121.38201546669006
 Thread 14 estimated dimension 1 of 10 : 0.41907582278553607  | time taken : 133.8727502822876
 Thread 3 estimated dimension 2 of 10 : 1  | time taken : 17.599791765213013
 Thread 8 estimated dimension 3 of 10 : 0.7975183955703805  | time taken : 67.17547273635864
 Thread 5 estimated dimension 2 of 10 : 1  | time taken : 24.18417239189148
 Thread 4 estimated dimension 2 of 10 : 0.9955677622809298  | time taken : 19.59111499786377
 Thread 10 estimated dimension 3 of 10 : 0.7023719609232053  | time taken : 54.07842469215393
 Thread 1 estimated dimension 3 of 10 : 0.7776788250808787  | time taken : 51.322505474090576
 Thread 9 estimated dimension 3 of 10 : 0.7788777585267503  | time taken : 55.183414459228516
 Thread 2 estimated dimension 3 of 10 : 0.8077408206022154  | time taken : 62.34340453147888
 Thread 13 estimated dimension 3 of 10 : 0.7759204924108855  | time taken : 73.13452363014221
 Thread 6 estimated dimension 3 of 10 : 0.8086405447991599  | time taken : 62.760292530059814
 Thread 3 estimated dimension 3 of 10 : 0.7926060119758065  | time taken : 64.11268639564514
 Thread 5 estimated dimension 3 of 10 : 0.7988373570767955  | time taken : 69.45895981788635
 Thread 8 estimated dimension 4 of 10 : 0.5296085759364586  | time taken : 73.67379117012024
 Thread 4 estimated dimension 3 of 10 : 0.780790761753889  | time taken : 70.11914086341858
 Thread 14 estimated dimension 2 of 10 : 0.43650057584778024  | time taken : 115.55526614189148
 Thread 12 estimated dimension 1 of 10 : 0.24730772451017838  | time taken : 278.41956210136414
 Thread 12 estimated dimension 2 of 10 : 0.9836015017393525  | time taken : 24.592105388641357
 Thread 2 estimated dimension 4 of 10 : 0.6050983937332743  | time taken : 114.22283053398132
 Thread 1 estimated dimension 4 of 10 : 0.6185332714258018  | time taken : 129.6400384902954
 Thread 7 estimated dimension 2 of 10 : 0.2856611744298449  | time taken : 252.44836902618408
 Thread 10 estimated dimension 4 of 10 : 0.41263976542417297  | time taken : 149.22350978851318
 Thread 8 estimated dimension 5 of 10 : 0.680656661004477  | time taken : 105.96736431121826
 Thread 13 estimated dimension 4 of 10 : 0.42801637316286506  | time taken : 146.4524221420288
 Thread 14 estimated dimension 3 of 10 : 0.7437370734594979  | time taken : 82.10389804840088
 Thread 12 estimated dimension 3 of 10 : 0.8042607235919403  | time taken : 51.05569672584534
 Thread 6 estimated dimension 4 of 10 : 0.3858687760793412  | time taken : 160.32687997817993
 Thread 9 estimated dimension 4 of 10 : 0.500278748338125  | time taken : 177.7971546649933
 Thread 3 estimated dimension 4 of 10 : 0.39905841205390674  | time taken : 148.78945302963257
 Thread 2 estimated dimension 5 of 10 : 0.6931505753709282  | time taken : 74.97306203842163
 Thread 4 estimated dimension 4 of 10 : 0.39967246465704304  | time taken : 149.76532292366028
 Thread 5 estimated dimension 4 of 10 : 0.3800898346868807  | time taken : 168.7208607196808
 Thread 10 estimated dimension 5 of 10 : 0.669566969713727  | time taken : 94.30251836776733
 Thread 11 estimated dimension 3 of 10 : 0.2081945806073698  | time taken : 309.9034869670868
 Thread 8 estimated dimension 6 of 10 : 0.6720161469697252  | time taken : 94.5897364616394
 Thread 3 estimated dimension 5 of 10 : 0.6448630505471928  | time taken : 74.55545735359192
 Thread 9 estimated dimension 5 of 10 : 0.6782669334925124  | time taken : 91.76536750793457
 Thread 11 estimated dimension 4 of 10 : 1  | time taken : 24.085107803344727
 Thread 4 estimated dimension 5 of 10 : 0.6453009547576515  | time taken : 73.69928240776062
 Thread 12 estimated dimension 4 of 10 : 0.5621000321623777  | time taken : 136.4820854663849
 Thread 10 estimated dimension 6 of 10 : 0.646463792123541  | time taken : 95.44652104377747
 Thread 3 estimated dimension 6 of 10 : 0.6420898391264988  | time taken : 79.78736972808838
 Thread 14 estimated dimension 4 of 10 : 0.41630021156046026  | time taken : 184.99659490585327
 Thread 4 estimated dimension 6 of 10 : 0.7166282697319953  | time taken : 73.16895627975464
 Thread 13 estimated dimension 5 of 10 : 0.343699926150258  | time taken : 197.15873908996582
 Thread 6 estimated dimension 5 of 10 : 0.3404139958343098  | time taken : 202.42421317100525
 Thread 1 estimated dimension 5 of 10 : 0.2820349824550448  | time taken : 272.17657375335693
 Thread 8 estimated dimension 7 of 10 : 0.43343665890443045  | time taken : 158.71576237678528
 Thread 12 estimated dimension 5 of 10 : 0.6848193111975628  | time taken : 101.76652026176453
 Thread 5 estimated dimension 5 of 10 : 0.3346005299278956  | time taken : 206.06610536575317
 Thread 11 estimated dimension 5 of 10 : 0.5156183859170742  | time taken : 145.70342993736267
 Thread 12 estimated dimension 6 of 10 : 0.9889027598846297  | time taken : 21.626466751098633
 Thread 2 estimated dimension 6 of 10 : 0.3306699363456036  | time taken : 253.02739453315735
 Thread 12 estimated dimension 7 of 10 : 0.9929062364619637  | time taken : 30.3410587310791
 Thread 2 estimated dimension 7 of 10 : 1  | time taken : 22.98976755142212
 Thread 14 estimated dimension 5 of 10 : 0.64278825933994  | time taken : 137.65110731124878
 Thread 10 estimated dimension 7 of 10 : 0.5959021204240988  | time taken : 154.35125923156738
 Thread 6 estimated dimension 6 of 10 : 0.6269086890705675  | time taken : 112.08172678947449
 Thread 9 estimated dimension 6 of 10 : 0.3967046473423604  | time taken : 222.4867823123932
 Thread 5 estimated dimension 6 of 10 : 0.6887566135304214  | time taken : 75.5315911769867
 Thread 4 estimated dimension 7 of 10 : 0.5131685047120333  | time taken : 144.3166720867157
 Thread 3 estimated dimension 7 of 10 : 0.4363573075209422  | time taken : 172.338764667511
 Thread 8 estimated dimension 8 of 10 : 0.6222189065025636  | time taken : 100.45692014694214
 Thread 1 estimated dimension 6 of 10 : 0.6748296857155056  | time taken : 117.07898759841919exiting with current heads : 6022 out of 6024 | exp rv: 28187.147946630117

 Thread 7 estimated dimension 3 of 10 : 0.21367894373010068  | time taken : 390.2945430278778
 Thread 14 estimated dimension 6 of 10 : 1  | time taken : 40.064725399017334
 Thread 9 estimated dimension 7 of 10 : 1  | time taken : 31.10269260406494
 Thread 11 estimated dimension 6 of 10 : 0.6600690449269013  | time taken : 115.85526704788208
 Thread 7 estimated dimension 4 of 10 : 0.9825665628983723  | time taken : 34.71234679222107
 Thread 2 estimated dimension 8 of 10 : 0.6809961936434427  | time taken : 90.8340392112732
 Thread 14 estimated dimension 7 of 10 : 1  | time taken : 60.73780703544617
 Thread 13 estimated dimension 6 of 10 : 0.3606427336181125  | time taken : 237.7473485469818
 Thread 6 estimated dimension 7 of 10 : 0.5504079101577353  | time taken : 123.74579286575317
 Thread 10 estimated dimension 8 of 10 : 0.5397595636829877  | time taken : 142.68320059776306
 Thread 13 estimated dimension 7 of 10 : 1  | time taken : 41.10502505302429
 Thread 4 estimated dimension 8 of 10 : 0.5698624258322637  | time taken : 140.793119430542
 Thread 6 estimated dimension 8 of 10 : 0.9981470805500691  | time taken : 37.774515867233276
 Thread 5 estimated dimension 7 of 10 : 0.5468236144008894  | time taken : 164.39273977279663
 Thread 8 estimated dimension 9 of 10 : 0.509621227044009  | time taken : 153.0237112045288
 Thread 8 nsolns: 99241
 Thread 4 estimated dimension 9 of 10 : 0.9772184219672179  | time taken : 30.46602487564087
 Thread 4 nsolns: 99098
 Thread 3 estimated dimension 8 of 10 : 0.4855618718468832  | time taken : 165.40571784973145
 Thread 10 estimated dimension 9 of 10 : 1  | time taken : 48.13203716278076
 Thread 10 nsolns: 96885
 Thread 13 estimated dimension 8 of 10 : 1  | time taken : 42.434372901916504
 Thread 2 estimated dimension 9 of 10 : 0.5907576302675468  | time taken : 118.86334085464478
 Thread 2 nsolns: 98143
 Thread 7 estimated dimension 5 of 10 : 0.5493109282924884  | time taken : 134.79012489318848
 Thread 6 estimated dimension 9 of 10 : 0.9665954993016794  | time taken : 42.34991478919983
 Thread 6 nsolns: 101366
 Thread 12 estimated dimension 8 of 10 : 0.3111249786865426  | time taken : 232.17088222503662
 Thread 9 estimated dimension 8 of 10 : 0.5187981937563539  | time taken : 172.66612219810486
 Thread 13 estimated dimension 9 of 10 : 0.9978270041207024  | time taken : 21.491779804229736
 Thread 13 nsolns: 101739
 Thread 5 estimated dimension 8 of 10 : 1  | time taken : 46.66569972038269
 Thread 3 estimated dimension 9 of 10 : 0.9793884862179094  | time taken : 30.169467210769653
 Thread 1 estimated dimension 7 of 10 : 0.5072850647348445  | time taken : 191.2070529460907
 Thread 3 nsolns: 102070
 Thread 11 estimated dimension 7 of 10 : 0.4958578048250776  | time taken : 178.1002640724182
 Thread 14 estimated dimension 8 of 10 : 0.5050940128472038  | time taken : 132.10361194610596
 Thread 7 estimated dimension 6 of 10 : 0.9879311931001724  | time taken : 25.297539234161377
 Thread 9 estimated dimension 9 of 10 : 0.9861809118202528  | time taken : 40.582902669906616
 Thread 12 estimated dimension 9 of 10 : 1  | time taken : 39.989269971847534
 Thread 9 nsolns: 95401
 Thread 12 nsolns: 107606
 Thread 2 estimated dimension 0 of 10 : 0.5329110092810084  | time taken : 57.9412579536438
 Thread 14 estimated dimension 9 of 10 : 1  | time taken : 21.179400205612183
 Thread 14 nsolns: 101933
 Thread 1 estimated dimension 8 of 10 : 1  | time taken : 41.54440188407898
 Thread 4 estimated dimension 0 of 10 : 0.6071434494582376  | time taken : 80.478755235672
 Thread 11 estimated dimension 8 of 10 : 1  | time taken : 38.94705557823181
 Thread 5 estimated dimension 9 of 10 : 1  | time taken : 45.15902543067932
 Thread 5 nsolns: 102731
 Thread 10 estimated dimension 0 of 10 : 0.6154080252843314  | time taken : 77.98321962356567
 Thread 8 estimated dimension 0 of 10 : 0.3829636403806864  | time taken : 98.98914980888367
 Thread 7 estimated dimension 7 of 10 : 0.9941602210335461  | time taken : 47.23294925689697
 Thread 6 estimated dimension 0 of 10 : 0.6298711605124894  | time taken : 75.23910236358643
 Thread 2 estimated dimension 1 of 10 : 0.8082959943166382  | time taken : 29.00446367263794
 Thread 9 estimated dimension 0 of 10 : 0.5852911412921139  | time taken : 56.74769735336304
 Thread 11 estimated dimension 9 of 10 : 1  | time taken : 46.79339027404785
 Thread 3 estimated dimension 0 of 10 : 0.46384488477998853  | time taken : 90.94456124305725
 Thread 10 estimated dimension 1 of 10 : 0.8026407288877793  | time taken : 42.91453742980957
 Thread 11 nsolns: 109070
 Thread 12 estimated dimension 0 of 10 : 0.6010519484520642  | time taken : 69.74820137023926
 Thread 1 estimated dimension 9 of 10 : 0.9952017362473703  | time taken : 67.30201745033264
 Thread 1 nsolns: 99074
 Thread 4 estimated dimension 1 of 10 : 0.8009946123163539  | time taken : 69.23607516288757
 Thread 7 estimated dimension 8 of 10 : 1  | time taken : 50.485889196395874
 Thread 14 estimated dimension 0 of 10 : 0.4573653288115866  | time taken : 78.38314127922058
 Thread 13 estimated dimension 0 of 10 : 0.4303641687899947  | time taken : 122.55099248886108
 Thread 6 estimated dimension 1 of 10 : 0.7327607340633995  | time taken : 58.44780945777893
 Thread 5 estimated dimension 0 of 10 : 0.536544907122095  | time taken : 77.79705548286438
 Thread 10 estimated dimension 2 of 10 : 0.7752383161781791  | time taken : 37.02233123779297
 Thread 8 estimated dimension 1 of 10 : 0.6025076265742917  | time taken : 84.25772094726562
 Thread 12 estimated dimension 1 of 10 : 0.8055514063397432  | time taken : 43.469820499420166
 Thread 11 estimated dimension 0 of 10 : 0.6181904506583926  | time taken : 58.67346119880676
 Thread 4 estimated dimension 2 of 10 : 0.7543479170020836  | time taken : 43.101420402526855
 Thread 7 estimated dimension 9 of 10 : 1  | time taken : 48.662994384765625
 Thread 7 nsolns: 111384
 Thread 8 estimated dimension 2 of 10 : 1  | time taken : 24.69271492958069
 Thread 6 estimated dimension 2 of 10 : 0.7779891272741056  | time taken : 55.93026804924011
 Thread 5 estimated dimension 1 of 10 : 0.5558193852262472  | time taken : 92.47921180725098
 Thread 1 estimated dimension 0 of 10 : 0.5039233169158975  | time taken : 105.72097849845886
 Thread 11 estimated dimension 1 of 10 : 0.7926575744465061  | time taken : 69.59732127189636
 Thread 12 estimated dimension 2 of 10 : 0.7517338330876159  | time taken : 82.60328483581543
 Thread 5 estimated dimension 2 of 10 : 0.9978933414777866  | time taken : 12.766777038574219
 Thread 8 estimated dimension 3 of 10 : 0.8066694937103628  | time taken : 66.95629525184631
 Thread 4 estimated dimension 3 of 10 : 0.7930966383457824  | time taken : 87.63586831092834
 Thread 7 estimated dimension 0 of 10 : 0.5714433602886407  | time taken : 102.4509711265564
 Thread 13 estimated dimension 1 of 10 : 0.4236599775115815  | time taken : 147.80350279808044
 Thread 3 estimated dimension 1 of 10 : 0.388766983069642  | time taken : 176.22052550315857
 Thread 11 estimated dimension 2 of 10 : 0.7629414012114785  | time taken : 74.40412831306458
 Thread 5 estimated dimension 3 of 10 : 0.7433533206923898  | time taken : 89.98638582229614
 Thread 2 estimated dimension 2 of 10 : 0.27954506635462767  | time taken : 263.3225860595703
 Thread 7 estimated dimension 1 of 10 : 0.8034048206459652  | time taken : 67.49902272224426
 Thread 11 estimated dimension 3 of 10 : 0.787302801233787  | time taken : 67.55024790763855
 Thread 2 estimated dimension 3 of 10 : 0.7800369784847998  | time taken : 65.49845337867737
 Thread 4 estimated dimension 4 of 10 : 0.5105304129999618  | time taken : 158.0332658290863
 Thread 13 estimated dimension 2 of 10 : 0.5003229351805646  | time taken : 142.9732165336609
 Thread 3 estimated dimension 2 of 10 : 0.43224727074578057  | time taken : 157.51008653640747
 Thread 10 estimated dimension 3 of 10 : 0.23338284862284162  | time taken : 300.81924653053284
 Thread 8 estimated dimension 4 of 10 : 0.4539864428481976  | time taken : 200.6536955833435
 Thread 10 estimated dimension 4 of 10 : 1  | time taken : 14.087557315826416
 Thread 5 estimated dimension 4 of 10 : 0.5760231042891619  | time taken : 128.2367033958435
 Thread 6 estimated dimension 3 of 10 : 0.21819269163315166  | time taken : 289.2932140827179
 Thread 13 estimated dimension 3 of 10 : 0.7974990236350831  | time taken : 60.62363624572754
 Thread 4 estimated dimension 5 of 10 : 0.7364951169811527  | time taken : 86.4826774597168
 Thread 6 estimated dimension 4 of 10 : 0.9940039601562234  | time taken : 26.64579963684082
 Thread 11 estimated dimension 4 of 10 : 0.6354063996824999  | time taken : 144.76481556892395
 Thread 9 estimated dimension 1 of 10 : 0.21316869598984925  | time taken : 432.94740200042725
 Thread 14 estimated dimension 1 of 10 : 0.19710907296372374  | time taken : 422.134539604187
 Thread 8 estimated dimension 5 of 10 : 0.5739337999113978  | time taken : 103.33192491531372
 Thread 9 estimated dimension 2 of 10 : 1  | time taken : 24.45192050933838
 Thread 5 estimated dimension 5 of 10 : 0.7214058599930238  | time taken : 90.89652252197266
 Thread 3 estimated dimension 3 of 10 : 0.7982280456632577  | time taken : 122.74921441078186
 Thread 14 estimated dimension 2 of 10 : 1  | time taken : 13.765011072158813
 Thread 1 estimated dimension 1 of 10 : 0.22552094438818063  | time taken : 347.5425786972046
 Thread 1 estimated dimension 2 of 10 : 0.988782189456697  | time taken : 15.00669240951538
 Thread 12 estimated dimension 3 of 10 : 0.22025445435946445  | time taken : 357.59977674484253
 Thread 7 estimated dimension 2 of 10 : 0.2791105113442616  | time taken : 258.67324113845825
 Thread 2 estimated dimension 4 of 10 : 0.37391230596907243  | time taken : 198.84594225883484
 Thread 4 estimated dimension 6 of 10 : 0.5738047452442457  | time taken : 102.84326815605164
 Thread 13 estimated dimension 4 of 10 : 0.6465281539226028  | time taken : 133.20988821983337
 Thread 12 estimated dimension 4 of 10 : 0.9988770248649904  | time taken : 22.97576141357422
 Thread 9 estimated dimension 3 of 10 : 0.77034020521834  | time taken : 71.5467255115509
 Thread 14 estimated dimension 3 of 10 : 0.7946320489064208  | time taken : 70.23959589004517
 Thread 10 estimated dimension 5 of 10 : 0.5103991082839175  | time taken : 177.8269760608673
 Thread 6 estimated dimension 5 of 10 : 0.5288250279578447  | time taken : 124.86112070083618
 Thread 5 estimated dimension 6 of 10 : 0.6391016065909918  | time taken : 92.3297176361084
 Thread 1 estimated dimension 3 of 10 : 0.783805908178697  | time taken : 72.71533489227295
 Thread 7 estimated dimension 3 of 10 : 0.7413362602587678  | time taken : 72.91263937950134
 Thread 2 estimated dimension 5 of 10 : 0.6357253370750152  | time taken : 75.0122857093811
 Thread 13 estimated dimension 5 of 10 : 0.7129804491182202  | time taken : 73.12364101409912
 Thread 13 estimated dimension 6 of 10 : 1  | time taken : 21.062110424041748
 Thread 2 estimated dimension 6 of 10 : 1  | time taken : 35.43376445770264
 Thread 10 estimated dimension 6 of 10 : 0.6293460452032603  | time taken : 96.26939082145691
 Thread 13 estimated dimension 7 of 10 : 0.9964583069700244  | time taken : 20.798278093338013
 Thread 2 estimated dimension 7 of 10 : 0.9787223090628769  | time taken : 29.652777910232544
 Thread 8 estimated dimension 6 of 10 : 0.3621722187115849  | time taken : 199.52177715301514
 Thread 12 estimated dimension 5 of 10 : 0.5233153444686987  | time taken : 129.74669003486633
 Thread 6 estimated dimension 6 of 10 : 0.6746135234060538  | time taken : 117.22237133979797
 Thread 1 estimated dimension 4 of 10 : 0.5665464569990225  | time taken : 99.40195226669312
 Thread 4 estimated dimension 7 of 10 : 0.4244468311578287  | time taken : 160.7272186279297
 Thread 3 estimated dimension 4 of 10 : 0.4052519536765581  | time taken : 210.59808206558228
 Thread 8 estimated dimension 7 of 10 : 1  | time taken : 24.626365423202515
 Thread 14 estimated dimension 4 of 10 : 0.4186745933689576  | time taken : 154.73057293891907
 Thread 9 estimated dimension 4 of 10 : 0.3868362934300156  | time taken : 164.05539965629578
 Thread 7 estimated dimension 4 of 10 : 0.5586655862577934  | time taken : 118.87278962135315
 Thread 11 estimated dimension 5 of 10 : 0.2508211243457786  | time taken : 285.2249798774719
 Thread 1 estimated dimension 5 of 10 : 0.7637636964919805  | time taken : 59.56917357444763
 Thread 5 estimated dimension 7 of 10 : 0.4733617857771863  | time taken : 177.26754641532898
 Thread 12 estimated dimension 6 of 10 : 0.70477162394618  | time taken : 86.16584157943726
 Thread 1 estimated dimension 6 of 10 : 1  | time taken : 20.983165502548218
 Thread 13 estimated dimension 8 of 10 : 0.6768096922793292  | time taken : 120.86006379127502
 Thread 3 estimated dimension 5 of 10 : 0.6191136308072736  | time taken : 95.49783968925476
 Thread 7 estimated dimension 5 of 10 : 0.7629931299042636  | time taken : 85.87506604194641
 Thread 3 estimated dimension 6 of 10 : 0.9856360257699871  | time taken : 25.9028742313385
 Thread 1 estimated dimension 7 of 10 : 0.9958655749179779  | time taken : 48.36887502670288
 Thread 9 estimated dimension 5 of 10 : 0.6573295409065946  | time taken : 107.17498707771301
 Thread 7 estimated dimension 6 of 10 : 1  | time taken : 26.901745080947876
 Thread 9 estimated dimension 6 of 10 : 0.9950225334164038  | time taken : 19.575987815856934
 Thread 3 estimated dimension 7 of 10 : 0.9888087375347078  | time taken : 27.559505939483643
 Thread 7 estimated dimension 7 of 10 : 0.9788432759134132  | time taken : 13.683171510696411
 Thread 6 estimated dimension 7 of 10 : 0.5271198116822271  | time taken : 178.46743273735046
 Thread 10 estimated dimension 7 of 10 : 0.5281677207002985  | time taken : 202.3426537513733
 Thread 8 estimated dimension 8 of 10 : 0.5262039618087728  | time taken : 156.63383436203003
 Thread 2 estimated dimension 8 of 10 : 0.5042280086025304  | time taken : 205.9730544090271
 Thread 9 estimated dimension 7 of 10 : 1  | time taken : 39.753551721572876
 Thread 5 estimated dimension 8 of 10 : 0.6670560736497573  | time taken : 142.82367420196533
 Thread 6 estimated dimension 8 of 10 : 1  | time taken : 43.05651497840881
 Thread 8 estimated dimension 9 of 10 : 1  | time taken : 41.81869602203369
 Thread 10 estimated dimension 8 of 10 : 1  | time taken : 42.20755100250244
 Thread 8 nsolns: 103172
 Thread 2 estimated dimension 9 of 10 : 1  | time taken : 50.72108340263367
 Thread 2 nsolns: 103915
 Thread 12 estimated dimension 7 of 10 : 0.5083491287234525  | time taken : 178.28104948997498
 Thread 1 estimated dimension 8 of 10 : 0.6650852370247271  | time taken : 130.49763011932373
 Thread 6 estimated dimension 9 of 10 : 1  | time taken : 55.23505926132202
 Thread 10 estimated dimension 9 of 10 : 1  | time taken : 54.841524600982666
 Thread 6 nsolns: 103620
 Thread 10 nsolns: 101949
 Thread 4 estimated dimension 8 of 10 : 0.33063249888733776  | time taken : 286.4112150669098
 Thread 12 estimated dimension 8 of 10 : 1  | time taken : 50.43525242805481
 Thread 13 estimated dimension 9 of 10 : 0.4892274515911727  | time taken : 208.04373216629028
 Thread 13 nsolns: 98819
 Thread 4 estimated dimension 9 of 10 : 0.9998787832538513  | time taken : 21.95777988433838
 Thread 4 nsolns: 101785
 Thread 14 estimated dimension 5 of 10 : 0.3317703629590588  | time taken : 312.15583181381226
 Thread 12 estimated dimension 9 of 10 : 1  | time taken : 28.78196358680725
 Thread 12 nsolns: 102925
 Thread 11 estimated dimension 6 of 10 : 0.3684962969283453  | time taken : 304.44382214546204
 Thread 3 estimated dimension 8 of 10 : 0.5019270653994571  | time taken : 187.649267911911
 Thread 8 estimated dimension 0 of 10 : 0.4425871898565715  | time taken : 160.44139742851257
 Thread 14 estimated dimension 6 of 10 : 0.9899613935543473  | time taken : 41.978482246398926
 Thread 11 estimated dimension 7 of 10 : 0.9845121874233322  | time taken : 39.18343901634216
 Thread 3 estimated dimension 9 of 10 : 0.9848162521743382  | time taken : 45.4482524394989
 Thread 3 nsolns: 104018
 Thread 2 estimated dimension 0 of 10 : 0.34425929266490335  | time taken : 163.47140431404114
 Thread 9 estimated dimension 8 of 10 : 0.5031168673713091  | time taken : 204.53764820098877
 Thread 4 estimated dimension 0 of 10 : 0.583143955713295  | time taken : 95.19412159919739
 Thread 11 estimated dimension 8 of 10 : 0.9774156238168862  | time taken : 24.249751567840576
 Thread 14 estimated dimension 7 of 10 : 1  | time taken : 36.209433794021606
 Thread 6 estimated dimension 0 of 10 : 0.455648361486417  | time taken : 153.31342887878418
 Thread 5 estimated dimension 9 of 10 : 0.4763139068226554  | time taken : 233.8775131702423
 Thread 5 nsolns: 98954
 Thread 13 estimated dimension 0 of 10 : 0.5148925135218207  | time taken : 146.86658692359924
 Thread 9 estimated dimension 9 of 10 : 1  | time taken : 50.66117715835571
 Thread 9 nsolns: 106885
 Thread 10 estimated dimension 0 of 10 : 0.6281003969724793  | time taken : 196.0749866962433
 Thread 14 estimated dimension 8 of 10 : 0.9976166669993203  | time taken : 49.03181552886963
 Thread 11 estimated dimension 9 of 10 : 0.9840153374975338  | time taken : 49.41195869445801
 Thread 11 nsolns: 101240
 Thread 7 estimated dimension 8 of 10 : 0.3232387175166691  | time taken : 311.656818151474
 Thread 12 estimated dimension 0 of 10 : 0.49733870426015364  | time taken : 150.97681784629822
 Thread 1 estimated dimension 9 of 10 : 0.4964339521237903  | time taken : 231.84801578521729
 Thread 1 nsolns: 104322
 Thread 14 estimated dimension 9 of 10 : 0.9788058259123236  | time taken : 35.41899251937866
 Thread 14 nsolns: 113954
 Thread 6 estimated dimension 1 of 10 : 0.7212415266642147  | time taken : 82.38334083557129
 Thread 4 estimated dimension 1 of 10 : 0.7877762040914809  | time taken : 96.7544264793396
 Thread 8 estimated dimension 1 of 10 : 0.5143218954818879  | time taken : 136.32232403755188
 Thread 7 estimated dimension 9 of 10 : 1  | time taken : 37.357853174209595
 Thread 7 nsolns: 103125
 Thread 8 estimated dimension 2 of 10 : 1  | time taken : 24.86183261871338
 Thread 3 estimated dimension 0 of 10 : 0.5498362531334677  | time taken : 149.39845275878906
 Thread 2 estimated dimension 1 of 10 : 0.571795951962794  | time taken : 157.21360182762146
 Thread 2 estimated dimension 2 of 10 : 1  | time taken : 12.479464530944824
 Thread 4 estimated dimension 2 of 10 : 0.6987720681390178  | time taken : 73.04698252677917
 Thread 12 estimated dimension 1 of 10 : 0.8254209879276913  | time taken : 110.71880197525024
 Thread 6 estimated dimension 2 of 10 : 0.7432415787970136  | time taken : 92.70824909210205
 Thread 5 estimated dimension 0 of 10 : 0.5968198963716443  | time taken : 162.5681426525116
 Thread 9 estimated dimension 0 of 10 : 0.4489840146570144  | time taken : 145.2466287612915
 Thread 1 estimated dimension 0 of 10 : 0.6498196676660389  | time taken : 111.90767431259155
 Thread 8 estimated dimension 3 of 10 : 0.7897278894630817  | time taken : 74.0456907749176
 Thread 13 estimated dimension 1 of 10 : 0.6272596991410602  | time taken : 163.24738430976868
 Thread 13 estimated dimension 2 of 10 : 0.9995801436304687  | time taken : 29.38852334022522
 Thread 4 estimated dimension 3 of 10 : 0.7963020501120833  | time taken : 68.40212893486023
 Thread 2 estimated dimension 3 of 10 : 0.7793714413943911  | time taken : 77.19860196113586
 Thread 11 estimated dimension 0 of 10 : 0.572052834313648  | time taken : 193.4789514541626
 Thread 7 estimated dimension 0 of 10 : 0.580341559644916  | time taken : 153.96811699867249
 Thread 5 estimated dimension 1 of 10 : 0.7869127655265672  | time taken : 77.12982988357544
 Thread 1 estimated dimension 1 of 10 : 0.805870993391086  | time taken : 72.34543561935425
 Thread 12 estimated dimension 2 of 10 : 0.7824585170388801  | time taken : 87.54071354866028
 Thread 9 estimated dimension 1 of 10 : 0.8159720841055922  | time taken : 81.28373551368713
 Thread 6 estimated dimension 3 of 10 : 0.7091454301457195  | time taken : 105.35565996170044
 Thread 10 estimated dimension 1 of 10 : 0.544481080155659  | time taken : 259.6320209503174
 Thread 10 estimated dimension 2 of 10 : 1  | time taken : 31.01990270614624
 Thread 8 estimated dimension 4 of 10 : 0.615026893989051  | time taken : 155.91047263145447
 Thread 5 estimated dimension 2 of 10 : 0.7561663762794155  | time taken : 101.76033997535706
 Thread 4 estimated dimension 4 of 10 : 0.6042644106823484  | time taken : 139.12240862846375
 Thread 2 estimated dimension 4 of 10 : 0.591027614831531  | time taken : 135.0542061328888
 Thread 9 estimated dimension 2 of 10 : 0.749818213698044  | time taken : 104.85609936714172
 Thread 7 estimated dimension 1 of 10 : 0.6254028205722063  | time taken : 164.38216972351074
 Thread 10 estimated dimension 3 of 10 : 0.803196674150086  | time taken : 82.50676727294922
 Thread 6 estimated dimension 4 of 10 : 0.5783131507218049  | time taken : 145.6863980293274
 Thread 7 estimated dimension 2 of 10 : 0.9972371184339431  | time taken : 14.698471069335938
 Thread 11 estimated dimension 1 of 10 : 0.5927287602450028  | time taken : 198.91612911224365
 Thread 11 estimated dimension 2 of 10 : 1  | time taken : 15.50887656211853
 Thread 4 estimated dimension 5 of 10 : 0.649596906546294  | time taken : 84.92347359657288
 Thread 8 estimated dimension 5 of 10 : 0.7166575470448979  | time taken : 122.37008595466614
 Thread 9 estimated dimension 3 of 10 : 0.7888029749547805  | time taken : 99.5515820980072
 Thread 5 estimated dimension 3 of 10 : 0.7775672555918486  | time taken : 121.16563391685486
 Thread 2 estimated dimension 5 of 10 : 0.710014393694161  | time taken : 139.85631155967712
 Thread 6 estimated dimension 5 of 10 : 0.7122969536467741  | time taken : 134.07955646514893
 Thread 11 estimated dimension 3 of 10 : 0.8189342639661948  | time taken : 111.80653309822083
 Thread 4 estimated dimension 6 of 10 : 0.6804356522853643  | time taken : 124.47362399101257
 Thread 5 estimated dimension 4 of 10 : 0.5083975658974453  | time taken : 119.68432712554932
 Thread 3 estimated dimension 1 of 10 : 0.18365710323012727  | time taken : 483.509268283844
 Thread 9 estimated dimension 4 of 10 : 0.6130575023341341  | time taken : 133.49795937538147
 Thread 13 estimated dimension 3 of 10 : 0.22776117762857448  | time taken : 386.66713976860046
 Thread 3 estimated dimension 2 of 10 : 1  | time taken : 21.673650979995728
 Thread 13 estimated dimension 4 of 10 : 1  | time taken : 27.775269508361816
 Thread 10 estimated dimension 4 of 10 : 0.3947672192976537  | time taken : 224.24189376831055
 Thread 1 estimated dimension 2 of 10 : 0.24137241209672297  | time taken : 397.20322728157043
 Thread 11 estimated dimension 4 of 10 : 0.5814467351936887  | time taken : 112.54834222793579
 Thread 6 estimated dimension 6 of 10 : 0.6498406392788624  | time taken : 120.5193030834198
 Thread 5 estimated dimension 5 of 10 : 0.7336005897065121  | time taken : 104.5892972946167
 Thread 12 estimated dimension 3 of 10 : 0.2158890430380223  | time taken : 457.63082361221313
 Thread 3 estimated dimension 3 of 10 : 0.7898089815531072  | time taken : 92.06357479095459
 Thread 1 estimated dimension 3 of 10 : 0.7907095285048841  | time taken : 72.6878399848938
 Thread 8 estimated dimension 6 of 10 : 0.3423503185878141  | time taken : 267.0240488052368
 Thread 9 estimated dimension 5 of 10 : 0.6981520587344194  | time taken : 137.65757155418396
 Thread 8 estimated dimension 7 of 10 : 1  | time taken : 13.163300275802612
 Thread 12 estimated dimension 4 of 10 : 0.9966865342436477  | time taken : 36.90451145172119
 Thread 4 estimated dimension 7 of 10 : 0.5476200101093804  | time taken : 198.1255407333374
 Thread 7 estimated dimension 3 of 10 : 0.26218871545063155  | time taken : 381.00482082366943
 Thread 13 estimated dimension 5 of 10 : 0.5292481299177065  | time taken : 176.15455198287964
 Thread 7 estimated dimension 4 of 10 : 1  | time taken : 12.472771406173706
 Thread 2 estimated dimension 6 of 10 : 0.3096772569830336  | time taken : 315.0621130466461
 Thread 5 estimated dimension 6 of 10 : 0.6621878428356591  | time taken : 122.96552729606628
 Thread 11 estimated dimension 5 of 10 : 0.7597382187435835  | time taken : 155.23538327217102
 Thread 3 estimated dimension 4 of 10 : 0.6434206924389776  | time taken : 129.9298152923584
 Thread 10 estimated dimension 5 of 10 : 0.36872405358902904  | time taken : 216.35956645011902
 Thread 6 estimated dimension 7 of 10 : 0.57301076605778  | time taken : 173.3639326095581
 Thread 2 estimated dimension 7 of 10 : 0.9745967408530646  | time taken : 40.45952749252319
 Thread 1 estimated dimension 4 of 10 : 0.5989825654306746  | time taken : 170.2036702632904
 Thread 4 estimated dimension 8 of 10 : 0.7105660520548015  | time taken : 123.46036267280579
 Thread 12 estimated dimension 5 of 10 : 0.4286874881514977  | time taken : 186.20600938796997
 Thread 11 estimated dimension 6 of 10 : 0.6784181407747076  | time taken : 118.41821932792664
 Thread 2 estimated dimension 8 of 10 : 0.68847194972106  | time taken : 107.74893522262573
 Thread 7 estimated dimension 5 of 10 : 0.5352369238267168  | time taken : 153.16185331344604
 Thread 1 estimated dimension 5 of 10 : 0.7994494353595556  | time taken : 106.38084173202515
 Thread 5 estimated dimension 7 of 10 : 0.5451341730217254  | time taken : 171.49290132522583
 Thread 9 estimated dimension 6 of 10 : 0.3370896830678837  | time taken : 272.0335443019867
 Thread 1 estimated dimension 6 of 10 : 1  | time taken : 16.696945190429688
 Thread 9 estimated dimension 7 of 10 : 0.998747625662325  | time taken : 22.64477229118347
 Thread 1 estimated dimension 7 of 10 : 0.9914574687335861  | time taken : 36.71924543380737
 Thread 8 estimated dimension 8 of 10 : 0.3399220192014636  | time taken : 329.7271144390106
 Thread 4 estimated dimension 9 of 10 : 0.4893509528941009  | time taken : 187.4975507259369
 Thread 4 nsolns: 94046
 Thread 8 estimated dimension 9 of 10 : 1  | time taken : 33.415587425231934
 Thread 8 nsolns: 104617
 Thread 10 estimated dimension 6 of 10 : 0.39248017139516456  | time taken : 268.754757642746
 Thread 11 estimated dimension 7 of 10 : 0.5314476508327085  | time taken : 171.9092080593109
 Thread 13 estimated dimension 6 of 10 : 0.3161307805746419  | time taken : 317.4400329589844
 Thread 10 estimated dimension 7 of 10 : 0.9832024048464844  | time taken : 22.659396409988403
 Thread 5 estimated dimension 8 of 10 : 0.6766124725477276  | time taken : 140.6379885673523
 Thread 13 estimated dimension 7 of 10 : 0.9758192288273794  | time taken : 21.04757022857666
 Thread 1 estimated dimension 8 of 10 : 0.617627815884663  | time taken : 107.99861454963684
 Thread 2 estimated dimension 9 of 10 : 0.4539774486863361  | time taken : 215.10200452804565
 Thread 2 nsolns: 107786
 Thread 6 estimated dimension 8 of 10 : 0.3819165082373006  | time taken : 344.73263907432556
 Thread 10 estimated dimension 8 of 10 : 1  | time taken : 58.81772708892822
 Thread 13 estimated dimension 8 of 10 : 1  | time taken : 58.14547657966614
 Thread 12 estimated dimension 6 of 10 : 0.3799984585413368  | time taken : 278.33716440200806
 Thread 10 estimated dimension 9 of 10 : 0.9885706449335434  | time taken : 21.168237686157227
 Thread 10 nsolns: 98695
 Thread 6 estimated dimension 9 of 10 : 1  | time taken : 30.330724716186523
 Thread 13 estimated dimension 9 of 10 : 0.9952697702434724  | time taken : 18.109877824783325
 Thread 3 estimated dimension 5 of 10 : 0.25803510295909715  | time taken : 380.96151518821716
 Thread 6 nsolns: 98450
 Thread 13 nsolns: 108052
 Thread 12 estimated dimension 7 of 10 : 1  | time taken : 33.9369478225708
 Thread 3 estimated dimension 6 of 10 : 0.9992128430817017  | time taken : 26.76902747154236
 Thread 12 estimated dimension 8 of 10 : 1  | time taken : 29.05669927597046
 Thread 9 estimated dimension 8 of 10 : 0.36988853476178446  | time taken : 243.1363615989685
 Thread 7 estimated dimension 6 of 10 : 0.3563801080906647  | time taken : 314.81038451194763
 Thread 3 estimated dimension 7 of 10 : 0.9959612394527511  | time taken : 36.41919922828674
 Thread 12 estimated dimension 9 of 10 : 0.9957963445505059  | time taken : 41.38506484031677
 Thread 12 nsolns: 109143
 Thread 3 estimated dimension 8 of 10 : 1  | time taken : 28.32672119140625
 Thread 5 estimated dimension 9 of 10 : 0.4746953387290087  | time taken : 186.21199584007263
 Thread 5 nsolns: 94400
 Thread 9 estimated dimension 9 of 10 : 0.9878526310338361  | time taken : 56.50018358230591
 Thread 9 nsolns: 100842
 Thread 7 estimated dimension 7 of 10 : 1  | time taken : 52.84380531311035
 Thread 1 estimated dimension 9 of 10 : 0.4718080758321553  | time taken : 188.8286006450653
 Thread 1 nsolns: 101707
 Thread 7 estimated dimension 8 of 10 : 1  | time taken : 24.332680702209473
 Thread 3 estimated dimension 9 of 10 : 0.9926401975849767  | time taken : 44.39177966117859
 Thread 3 nsolns: 113885
 Thread 7 estimated dimension 9 of 10 : 1  | time taken : 46.43265652656555
 Thread 7 nsolns: 101483
 Thread 11 estimated dimension 8 of 10 : 0.3378345440153631  | time taken : 303.2342121601105
 Thread 11 estimated dimension 9 of 10 : 1  | time taken : 25.97069549560547
 Thread 11 nsolns: 96970
 estimated weights : [0.009004258796015211, 0.010202095948229174, 0.011839301046898542, 0.012021673064978488, 0.009790296740062508, 0.011959955929569561, 0.0076728183439878144, 0.016007201804922794, 0.010992797774386312, 0.009135128112615921, 0.01040124550507532, 0.010112738440602209, 0.013507929948746045, 0.011493568978033884, 0.009242504223747875, 0.011018383274677692, 0.014645093152323605, 0.01516211495363503, 0.011064599499623578, 0.008808268146127401, 0.015013434487615347, 0.0075204106797239455, 0.008836035552781816, 0.012234609196639115, 0.01636786180306632, 0.012531254395585984, 0.009618971253645749, 0.012811740794640133, 0.013000325755211616, 0.009220769135482651, 0.00607296752949808, 0.015252627977512298, 0.01014700975980519, 0.01194806519192697, 0.011211699548547706, 0.01194064868629426, 0.01140896351635478, 0.013827207053783408, 0.013080648850333249, 0.01810153733129052, 0.014940911512973942]
