numSolutions: 82 k : 2706
11 82 0.030151134457776365 0.00011086474501108647

 Thread 2 estimated dimension 0 of 11 : 0.5758023270098808  | time taken : 8.17918610572815
 Thread 1 estimated dimension 0 of 11 : 0.5914458221311165  | time taken : 8.007572889328003
 Thread 3 estimated dimension 0 of 11 : 0.5752029736811414  | time taken : 8.522033214569092
 Thread 5 estimated dimension 0 of 11 : 0.5965087659887888  | time taken : 8.547087907791138
 Thread 4 estimated dimension 0 of 11 : 0.5840384989456281  | time taken : 9.084239959716797
 Thread 6 estimated dimension 0 of 11 : 0.40801675879618543  | time taken : 11.782406091690063
 Thread 7 estimated dimension 0 of 11 : 0.4166016614332489  | time taken : 11.751741409301758
 Thread 1 estimated dimension 1 of 11 : 0.6242015971375697  | time taken : 5.467025995254517
 Thread 3 estimated dimension 1 of 11 : 0.6340061059292204  | time taken : 6.4667840003967285
 Thread 5 estimated dimension 1 of 11 : 0.62966592446411  | time taken : 7.024152517318726
 Thread 4 estimated dimension 1 of 11 : 0.6418119248832517  | time taken : 6.46250319480896
 Thread 1 estimated dimension 2 of 11 : 0.7366944906738816  | time taken : 7.1106016635894775
 Thread 3 estimated dimension 2 of 11 : 0.7369077390976718  | time taken : 6.950207948684692
 Thread 6 estimated dimension 1 of 11 : 0.5430321570996641  | time taken : 10.932020664215088
 Thread 4 estimated dimension 2 of 11 : 0.7167763788395004  | time taken : 7.281548500061035
 Thread 6 estimated dimension 2 of 11 : 1  | time taken : 1.1210923194885254
 Thread 2 estimated dimension 1 of 11 : 0.37174336660043694  | time taken : 16.406962871551514
 Thread 7 estimated dimension 1 of 11 : 0.4522139079241902  | time taken : 12.416576385498047
 Thread 7 estimated dimension 2 of 11 : 0.9562153339940789  | time taken : 2.030052661895752
 Thread 3 estimated dimension 3 of 11 : 0.6511072084687111  | time taken : 7.748816251754761
 Thread 6 estimated dimension 3 of 11 : 0.7606523187082334  | time taken : 6.622750997543335
 Thread 2 estimated dimension 2 of 11 : 0.42544819763267105  | time taken : 11.27829623222351
 Thread 2 estimated dimension 3 of 11 : 0.9824819482854179  | time taken : 1.229548692703247
 Thread 5 estimated dimension 2 of 11 : 0.28442609207418573  | time taken : 21.606085777282715
 Thread 1 estimated dimension 3 of 11 : 0.33321979795849727  | time taken : 16.939993143081665
 Thread 5 estimated dimension 3 of 11 : 0.9897016185444627  | time taken : 1.8272874355316162
 Thread 6 estimated dimension 4 of 11 : 0.5676099139344619  | time taken : 8.509337663650513
 Thread 4 estimated dimension 3 of 11 : 0.33368906423929623  | time taken : 20.961377382278442
 Thread 7 estimated dimension 3 of 11 : 0.3622841624238709  | time taken : 17.92325520515442
 Thread 3 estimated dimension 4 of 11 : 0.419761889421656  | time taken : 15.62045931816101
 Thread 3 estimated dimension 5 of 11 : 0.9735183956231706  | time taken : 1.5237951278686523
 Thread 1 estimated dimension 4 of 11 : 0.511051977201696  | time taken : 12.864314556121826
 Thread 1 estimated dimension 5 of 11 : 0.9735957730815697  | time taken : 1.0690019130706787
 Thread 2 estimated dimension 4 of 11 : 0.5806867709191604  | time taken : 16.09386134147644
 Thread 5 estimated dimension 4 of 11 : 0.4120764167690798  | time taken : 13.585958003997803
 Thread 1 estimated dimension 6 of 11 : 0.9694050270309271  | time taken : 1.4183213710784912
 Thread 1 estimated dimension 7 of 11 : 1  | time taken : 0.8396546840667725
 Thread 5 estimated dimension 5 of 11 : 0.9849239349858261  | time taken : 1.303107738494873
 Thread 4 estimated dimension 4 of 11 : 0.4963461026809509  | time taken : 12.022687673568726
 Thread 3 estimated dimension 6 of 11 : 0.6903645624589432  | time taken : 8.804211139678955
 Thread 7 estimated dimension 4 of 11 : 0.4979452348455697  | time taken : 12.302311658859253
 Thread 4 estimated dimension 5 of 11 : 1  | time taken : 1.3824148178100586
 Thread 2 estimated dimension 5 of 11 : 0.7359039996925432  | time taken : 5.193240642547607
 Thread 7 estimated dimension 5 of 11 : 1  | time taken : 1.7399141788482666
 Thread 4 estimated dimension 6 of 11 : 1  | time taken : 2.0416858196258545
 Thread 7 estimated dimension 6 of 11 : 0.9903139906192079  | time taken : 1.5835468769073486
 Thread 4 estimated dimension 7 of 11 : 0.9898441035412915  | time taken : 1.55535888671875
 Thread 7 estimated dimension 7 of 11 : 0.9935844985774693  | time taken : 1.7797572612762451
 Thread 6 estimated dimension 5 of 11 : 0.27533692183490915  | time taken : 24.698561906814575
 Thread 6 estimated dimension 6 of 11 : 0.987424278557412  | time taken : 1.0783164501190186
 Thread 7 estimated dimension 8 of 11 : 1  | time taken : 1.7213542461395264
 Thread 3 estimated dimension 7 of 11 : 0.615253592766904  | time taken : 9.13930892944336
 Thread 2 estimated dimension 6 of 11 : 0.6798730080687533  | time taken : 7.579617261886597
 Thread 6 estimated dimension 7 of 11 : 1  | time taken : 1.4838483333587646
 Thread 7 estimated dimension 9 of 11 : 0.9863457323288807  | time taken : 2.011488437652588
 Thread 1 estimated dimension 8 of 11 : 0.3887597857231999  | time taken : 17.300559997558594
 Thread 4 estimated dimension 8 of 11 : 0.6090364663984145  | time taken : 9.480152130126953
 Thread 5 estimated dimension 6 of 11 : 0.31648529363791444  | time taken : 17.785823345184326
 Thread 1 estimated dimension 9 of 11 : 0.9918352755747432  | time taken : 1.6609396934509277
 Thread 5 estimated dimension 7 of 11 : 0.9932208793815748  | time taken : 0.7689540386199951
 Thread 4 estimated dimension 9 of 11 : 1  | time taken : 1.3687283992767334
 Thread 1 estimated dimension 10 of 11 : 1  | time taken : 0.8771219253540039
 Thread 1 nsolns: 46421
 Thread 5 estimated dimension 8 of 11 : 1  | time taken : 1.5493621826171875
 Thread 6 estimated dimension 8 of 11 : 0.5075086551195234  | time taken : 8.700401067733765
 Thread 3 estimated dimension 8 of 11 : 0.4903026564340887  | time taken : 10.956142902374268
 Thread 2 estimated dimension 7 of 11 : 0.606951212853081  | time taken : 10.206976413726807
 Thread 5 estimated dimension 9 of 11 : 0.9819190169659469  | time taken : 1.5900492668151855
 Thread 6 estimated dimension 9 of 11 : 0.956494476052773  | time taken : 1.2177777290344238
 Thread 7 estimated dimension 10 of 11 : 0.5218668983037886  | time taken : 9.87778639793396
 Thread 7 nsolns: 47090
 Thread 5 estimated dimension 10 of 11 : 0.9678164480109033  | time taken : 1.6244423389434814
 Thread 2 estimated dimension 8 of 11 : 0.9950638125733525  | time taken : 1.9566457271575928
 Thread 5 nsolns: 49807
 Thread 6 estimated dimension 10 of 11 : 1  | time taken : 1.27482008934021
 Thread 6 nsolns: 48413
 Thread 4 estimated dimension 10 of 11 : 0.5194047385055869  | time taken : 9.457801342010498
 Thread 4 nsolns: 46678
 Thread 1 estimated dimension 0 of 11 : 0.5780402158476506  | time taken : 9.05185079574585
 Thread 3 estimated dimension 9 of 11 : 0.5225581133791646  | time taken : 9.590347051620483
 Thread 3 estimated dimension 10 of 11 : 1  | time taken : 1.1740317344665527
 Thread 3 nsolns: 47593
 Thread 7 estimated dimension 0 of 11 : 0.5863084509973111  | time taken : 11.087143182754517
 Thread 5 estimated dimension 0 of 11 : 0.5787062141656389  | time taken : 10.625826597213745
 Thread 2 estimated dimension 9 of 11 : 0.49000558309696773  | time taken : 11.465485572814941
 Thread 1 estimated dimension 1 of 11 : 0.6422441884478032  | time taken : 8.189469575881958
 Thread 2 estimated dimension 10 of 11 : 0.9900052960673844  | time taken : 2.0110697746276855
 Thread 2 nsolns: 48751
 Thread 4 estimated dimension 0 of 11 : 0.571093731731511  | time taken : 9.868382453918457
 Thread 6 estimated dimension 0 of 11 : 0.4129212693226566  | time taken : 13.238910436630249
 Thread 7 estimated dimension 1 of 11 : 0.6469330407935484  | time taken : 6.375016689300537
 Thread 3 estimated dimension 0 of 11 : 0.4237993755388722  | time taken : 12.222248554229736
 Thread 6 estimated dimension 1 of 11 : 0.5262677070487052  | time taken : 8.262022018432617
 Thread 2 estimated dimension 0 of 11 : 0.5718541076862417  | time taken : 10.093628644943237
 Thread 6 estimated dimension 2 of 11 : 0.9941835969141585  | time taken : 1.2607927322387695
 Thread 7 estimated dimension 2 of 11 : 0.7177790106592011  | time taken : 7.217602252960205
 Thread 5 estimated dimension 1 of 11 : 0.3606196710076303  | time taken : 17.91570210456848
 Thread 6 estimated dimension 3 of 11 : 0.7650154802209751  | time taken : 6.5089271068573
 Thread 4 estimated dimension 1 of 11 : 0.36503809385697467  | time taken : 17.422022104263306
 Thread 7 estimated dimension 3 of 11 : 0.65934793232874  | time taken : 7.497196197509766
 Thread 3 estimated dimension 1 of 11 : 0.45984696652712337  | time taken : 12.070013999938965
 Thread 1 estimated dimension 2 of 11 : 0.28633000104216644  | time taken : 21.87425446510315
 Thread 3 estimated dimension 2 of 11 : 0.9825416207419241  | time taken : 1.3326067924499512
 Thread 1 estimated dimension 3 of 11 : 0.9879452336424891  | time taken : 1.6137919425964355
 Thread 5 estimated dimension 2 of 11 : 0.568748310000421  | time taken : 8.771310806274414
 Thread 2 estimated dimension 1 of 11 : 0.3735199965856939  | time taken : 16.5320885181427
 Thread 6 estimated dimension 4 of 11 : 0.5780024465458635  | time taken : 11.008291721343994
 Thread 4 estimated dimension 2 of 11 : 0.42331795104030023  | time taken : 10.883588075637817
 Thread 5 estimated dimension 3 of 11 : 0.7568449439361893  | time taken : 5.595226287841797
 Thread 4 estimated dimension 3 of 11 : 0.9642010592849042  | time taken : 1.2737689018249512
 Thread 7 estimated dimension 4 of 11 : 0.4148863477943841  | time taken : 12.566404104232788
 Thread 7 estimated dimension 5 of 11 : 0.9637255059428266  | time taken : 1.6454298496246338
 Thread 1 estimated dimension 4 of 11 : 0.580755152449301  | time taken : 11.51272988319397
 Thread 3 estimated dimension 3 of 11 : 0.3590643224999388  | time taken : 14.589767456054688
 Thread 2 estimated dimension 2 of 11 : 0.42965519362940185  | time taken : 11.360140085220337
 Thread 2 estimated dimension 3 of 11 : 0.9892709652380726  | time taken : 1.4936802387237549
 Thread 5 estimated dimension 4 of 11 : 0.41191722446253715  | time taken : 10.073808908462524
 Thread 7 estimated dimension 6 of 11 : 0.6729652023439928  | time taken : 7.838541507720947
 Thread 5 estimated dimension 5 of 11 : 1  | time taken : 1.2744390964508057
 Thread 4 estimated dimension 4 of 11 : 0.5965908272432183  | time taken : 12.467864036560059
 Thread 3 estimated dimension 4 of 11 : 0.49921482790791966  | time taken : 12.353703260421753
 Thread 4 estimated dimension 5 of 11 : 0.7260345359465968  | time taken : 5.7097930908203125
 Thread 5 estimated dimension 6 of 11 : 0.6898424716050767  | time taken : 7.390241384506226
 Thread 7 estimated dimension 7 of 11 : 0.6201639814676945  | time taken : 8.065108060836792
 Thread 6 estimated dimension 5 of 11 : 0.2730306149487458  | time taken : 21.874520540237427
 Thread 3 estimated dimension 5 of 11 : 1  | time taken : 2.6791250705718994
 Thread 6 estimated dimension 6 of 11 : 0.9660957322362599  | time taken : 2.280505418777466
 Thread 2 estimated dimension 4 of 11 : 0.5834329285584291  | time taken : 12.790597438812256
 Thread 3 estimated dimension 6 of 11 : 1  | time taken : 2.062037229537964
 Thread 6 estimated dimension 7 of 11 : 0.9973896002035872  | time taken : 2.026358127593994
 Thread 3 estimated dimension 7 of 11 : 1  | time taken : 0.976531982421875
 Thread 3 estimated dimension 8 of 11 : 1  | time taken : 1.4707958698272705
 Thread 5 estimated dimension 7 of 11 : 0.6465114637147786  | time taken : 8.898246765136719
 Thread 2 estimated dimension 5 of 11 : 0.7355391165925732  | time taken : 5.245883941650391
 Thread 1 estimated dimension 5 of 11 : 0.267674420374749  | time taken : 23.94915199279785
 Thread 3 estimated dimension 9 of 11 : 1  | time taken : 1.5975704193115234
 Thread 5 estimated dimension 8 of 11 : 0.9979931445084279  | time taken : 1.3163080215454102
 Thread 1 estimated dimension 6 of 11 : 0.9845386203016379  | time taken : 1.0595636367797852
 Thread 7 estimated dimension 8 of 11 : 0.5115593801631286  | time taken : 11.85404920578003
 Thread 1 estimated dimension 7 of 11 : 0.9942943726153803  | time taken : 2.0012617111206055
 Thread 1 estimated dimension 8 of 11 : 0.9794656934173295  | time taken : 1.9514868259429932
 Thread 6 estimated dimension 8 of 11 : 0.48822841125891453  | time taken : 10.367212057113647
 Thread 4 estimated dimension 6 of 11 : 0.3125470307213908  | time taken : 16.177804231643677
 Thread 1 estimated dimension 9 of 11 : 1  | time taken : 0.9291806221008301
 Thread 6 estimated dimension 9 of 11 : 0.9994827835538526  | time taken : 1.2776563167572021
 Thread 4 estimated dimension 7 of 11 : 0.9825331125945242  | time taken : 0.8760128021240234
 Thread 2 estimated dimension 6 of 11 : 0.6799144322844497  | time taken : 7.82771897315979
 Thread 1 estimated dimension 10 of 11 : 0.9820287214826252  | time taken : 1.3679344654083252
 Thread 1 nsolns: 49245
 Thread 6 estimated dimension 10 of 11 : 1  | time taken : 1.746049165725708
 Thread 4 estimated dimension 8 of 11 : 0.9816169856093615  | time taken : 1.4371278285980225
 Thread 6 nsolns: 48672
 Thread 3 estimated dimension 10 of 11 : 0.5208876284412086  | time taken : 10.072255373001099
 Thread 3 nsolns: 47090
 Thread 4 estimated dimension 9 of 11 : 0.9833890015176607  | time taken : 1.9852755069732666
 Thread 5 estimated dimension 9 of 11 : 0.4969468344020713  | time taken : 11.400332689285278
 Thread 7 estimated dimension 9 of 11 : 0.5175070310467729  | time taken : 9.85161542892456
 Thread 4 estimated dimension 10 of 11 : 0.975691844060249  | time taken : 1.7626707553863525
 Thread 4 nsolns: 48937
 Thread 5 estimated dimension 10 of 11 : 1  | time taken : 1.8063206672668457
 Thread 7 estimated dimension 10 of 11 : 1  | time taken : 1.7338998317718506
 Thread 5 nsolns: 49022
 Thread 7 nsolns: 47507
 Thread 1 estimated dimension 0 of 11 : 0.5846220782153679  | time taken : 10.000171422958374
 Thread 6 estimated dimension 0 of 11 : 0.5871008022569804  | time taken : 9.95313024520874
 Thread 2 estimated dimension 7 of 11 : 0.37966630090824344  | time taken : 15.848960638046265
 Thread 3 estimated dimension 0 of 11 : 0.4190117091579087  | time taken : 12.47754454612732
 Thread 5 estimated dimension 0 of 11 : 0.5866452723424844  | time taken : 8.611064195632935
 Thread 2 estimated dimension 8 of 11 : 1  | time taken : 1.218818187713623
 Thread 4 estimated dimension 0 of 11 : 0.41404236395815047  | time taken : 11.029295206069946
 Thread 1 estimated dimension 1 of 11 : 0.647067081314688  | time taken : 6.447848558425903
 Thread 2 estimated dimension 9 of 11 : 1  | time taken : 1.01365327835083
 Thread 7 estimated dimension 0 of 11 : 0.4095835933949198  | time taken : 11.935202598571777
 Thread 2 estimated dimension 10 of 11 : 0.985247118002004  | time taken : 2.017388343811035
 Thread 2 nsolns: 48674
 Thread 5 estimated dimension 1 of 11 : 0.6202494899943444  | time taken : 7.571276664733887
 Thread 1 estimated dimension 2 of 11 : 0.7319082518607578  | time taken : 8.086638689041138
 Thread 3 estimated dimension 1 of 11 : 0.546286918816373  | time taken : 10.26662015914917
 Thread 3 estimated dimension 2 of 11 : 0.9835777851231116  | time taken : 1.5085482597351074
 Thread 6 estimated dimension 1 of 11 : 0.3609670156816815  | time taken : 17.76693892478943
 Thread 4 estimated dimension 1 of 11 : 0.46229267422792547  | time taken : 12.166050910949707
 Thread 7 estimated dimension 1 of 11 : 0.5364576674318073  | time taken : 10.900713920593262
 Thread 7 estimated dimension 2 of 11 : 1  | time taken : 1.7417240142822266
 Thread 4 estimated dimension 2 of 11 : 1  | time taken : 1.8797359466552734
 Thread 2 estimated dimension 0 of 11 : 0.4136447409444135  | time taken : 12.517650604248047
 Thread 3 estimated dimension 3 of 11 : 0.7465350549055737  | time taken : 6.612973928451538
 Thread 6 estimated dimension 2 of 11 : 0.5670182879010122  | time taken : 10.346151113510132
 Thread 7 estimated dimension 3 of 11 : 0.7640518654205942  | time taken : 7.497565507888794
 Thread 1 estimated dimension 3 of 11 : 0.34410094992644913  | time taken : 16.368923902511597
 Thread 5 estimated dimension 2 of 11 : 0.2833315182085608  | time taken : 21.092604160308838
 Thread 2 estimated dimension 1 of 11 : 0.45583235217429147  | time taken : 11.67264986038208
 Thread 5 estimated dimension 3 of 11 : 1  | time taken : 0.9777698516845703
 Thread 3 estimated dimension 4 of 11 : 0.5769544170043949  | time taken : 11.464398384094238
 Thread 2 estimated dimension 2 of 11 : 0.9517802412038346  | time taken : 1.1791565418243408
 Thread 4 estimated dimension 3 of 11 : 0.34611764745163726  | time taken : 15.445515871047974
 Thread 7 estimated dimension 4 of 11 : 0.5716988384052504  | time taken : 9.778744220733643
 Thread 1 estimated dimension 4 of 11 : 0.5160075478329108  | time taken : 8.636322498321533
 Thread 1 estimated dimension 5 of 11 : 0.992299637449522  | time taken : 1.0751054286956787
 Thread 1 estimated dimension 6 of 11 : 1  | time taken : 1.2950048446655273
 Thread 2 estimated dimension 3 of 11 : 0.6374552919954338  | time taken : 7.10860013961792
 Thread 1 estimated dimension 7 of 11 : 1  | time taken : 1.3053975105285645
 Thread 7 estimated dimension 5 of 11 : 0.7333103193175184  | time taken : 5.88821268081665
 Thread 5 estimated dimension 4 of 11 : 0.5822818037815204  | time taken : 10.857484102249146
 Thread 4 estimated dimension 4 of 11 : 0.5032977418474985  | time taken : 9.239163160324097
 Thread 4 estimated dimension 5 of 11 : 0.9787263167515275  | time taken : 1.3611934185028076
 Thread 4 estimated dimension 6 of 11 : 0.9903058625520486  | time taken : 0.849822998046875
 Thread 4 estimated dimension 7 of 11 : 0.9998024767307448  | time taken : 1.1091864109039307
 Thread 6 estimated dimension 3 of 11 : 0.24539361210420166  | time taken : 21.880032777786255
 Thread 5 estimated dimension 5 of 11 : 0.7191675768357304  | time taken : 5.198351860046387
 Thread 4 estimated dimension 8 of 11 : 1  | time taken : 1.4127328395843506
 Thread 1 estimated dimension 8 of 11 : 0.6134130066242653  | time taken : 7.576529264450073
 Thread 2 estimated dimension 4 of 11 : 0.41474142308450235  | time taken : 10.155948162078857
 Thread 7 estimated dimension 6 of 11 : 0.6956837640070546  | time taken : 7.9234983921051025
 Thread 4 estimated dimension 9 of 11 : 1  | time taken : 1.5361168384552002
 Thread 1 estimated dimension 9 of 11 : 0.9959497499339851  | time taken : 1.5276455879211426
 Thread 2 estimated dimension 5 of 11 : 0.9998458854975317  | time taken : 1.594630241394043
 Thread 3 estimated dimension 5 of 11 : 0.2773682601374366  | time taken : 21.10671830177307
 Thread 5 estimated dimension 6 of 11 : 0.6798038345071974  | time taken : 6.944392681121826
 Thread 3 estimated dimension 6 of 11 : 0.9767487363302579  | time taken : 1.2764511108398438
 Thread 6 estimated dimension 4 of 11 : 0.5180241199922573  | time taken : 8.650468111038208
 Thread 7 estimated dimension 7 of 11 : 0.6242921188208139  | time taken : 6.710193872451782
 Thread 3 estimated dimension 7 of 11 : 1  | time taken : 1.1094481945037842
 Thread 6 estimated dimension 5 of 11 : 1  | time taken : 1.2820312976837158
 Thread 2 estimated dimension 6 of 11 : 0.6765574513109078  | time taken : 5.642903804779053
 Thread 6 estimated dimension 6 of 11 : 0.9833463439176203  | time taken : 1.4687488079071045
 Thread 1 estimated dimension 10 of 11 : 0.5175207801099236  | time taken : 8.56995964050293
 Thread 1 nsolns: 46453
 Thread 6 estimated dimension 7 of 11 : 1  | time taken : 1.7612557411193848
 Thread 4 estimated dimension 10 of 11 : 0.4850944022971609  | time taken : 10.474865198135376
 Thread 4 nsolns: 47263
 Thread 6 estimated dimension 8 of 11 : 1  | time taken : 0.8355822563171387
 Thread 5 estimated dimension 7 of 11 : 0.6291955610552182  | time taken : 7.980404853820801
 Thread 6 estimated dimension 9 of 11 : 1  | time taken : 1.4596970081329346
 Thread 5 estimated dimension 8 of 11 : 1  | time taken : 1.1489262580871582
 Thread 3 estimated dimension 8 of 11 : 0.5106003077616096  | time taken : 8.673896074295044
 Thread 6 estimated dimension 10 of 11 : 1  | time taken : 1.107114315032959
 Thread 6 nsolns: 49462
 Thread 3 estimated dimension 9 of 11 : 1  | time taken : 1.2686071395874023
 Thread 7 estimated dimension 8 of 11 : 0.49529844595642714  | time taken : 10.775145292282104
 Thread 3 estimated dimension 10 of 11 : 1  | time taken : 1.4221351146697998
 Thread 3 nsolns: 48413
 Thread 2 estimated dimension 7 of 11 : 0.3802609682122486  | time taken : 11.687242269515991
 Thread 4 estimated dimension 0 of 11 : 0.5822605159311962  | time taken : 8.070753574371338
 Thread 1 estimated dimension 0 of 11 : 0.4107014791684786  | time taken : 10.377509593963623
 Thread 2 estimated dimension 8 of 11 : 0.9594314128098638  | time taken : 1.9574453830718994
 Thread 2 estimated dimension 9 of 11 : 0.9908666602885337  | time taken : 1.6760785579681396
 Thread 5 estimated dimension 9 of 11 : 0.4897312485574252  | time taken : 9.434510469436646
 Thread 2 estimated dimension 10 of 11 : 0.9603620279177801  | time taken : 1.2379436492919922
 Thread 2 nsolns: 47881
 Thread 5 estimated dimension 10 of 11 : 1  | time taken : 1.257185697555542
 Thread 5 nsolns: 48673
 Thread 3 estimated dimension 0 of 11 : 0.5759590735655777  | time taken : 7.253921985626221
 Thread 6 estimated dimension 0 of 11 : 0.41524656336712784  | time taken : 10.707530736923218
 Thread 7 estimated dimension 9 of 11 : 0.4912678057040179  | time taken : 9.424071311950684
 Thread 4 estimated dimension 1 of 11 : 0.643823440650556  | time taken : 6.763152360916138
 Thread 7 estimated dimension 10 of 11 : 0.9926100709661679  | time taken : 2.4423155784606934
 Thread 7 nsolns: 48130
 Thread 1 estimated dimension 1 of 11 : 0.4534372279007527  | time taken : 9.836003541946411
 Thread 1 estimated dimension 2 of 11 : 1  | time taken : 1.4055171012878418
 Thread 3 estimated dimension 1 of 11 : 0.644131181142936  | time taken : 6.352187395095825
 Thread 5 estimated dimension 0 of 11 : 0.5900603763973373  | time taken : 7.415019750595093
 Thread 4 estimated dimension 2 of 11 : 0.7160827902807282  | time taken : 7.682917594909668
 Thread 2 estimated dimension 0 of 11 : 0.4213139149128579  | time taken : 10.619327306747437
 Thread 6 estimated dimension 1 of 11 : 0.5417582340483376  | time taken : 9.851500272750854
 Thread 1 estimated dimension 3 of 11 : 0.6418089827398963  | time taken : 6.183706760406494
 Thread 6 estimated dimension 2 of 11 : 0.9962988323427  | time taken : 1.8563148975372314
 Thread 7 estimated dimension 0 of 11 : 0.5758163495859921  | time taken : 9.45861291885376
 Thread 4 estimated dimension 3 of 11 : 0.6776584393847428  | time taken : 7.820057153701782
 Thread 6 estimated dimension 3 of 11 : 0.7493285668307041  | time taken : 6.096228361129761
 Thread 2 estimated dimension 1 of 11 : 0.45761382924453403  | time taken : 9.808027267456055
 Thread 2 estimated dimension 2 of 11 : 0.9955685823328528  | time taken : 1.5605125427246094
 Thread 5 estimated dimension 1 of 11 : 0.36031192772274623  | time taken : 14.676112651824951
 Thread 1 estimated dimension 4 of 11 : 0.5791851160160639  | time taken : 11.126934051513672
 Thread 4 estimated dimension 4 of 11 : 0.5756556859809624  | time taken : 8.513779401779175
 Thread 3 estimated dimension 2 of 11 : 0.28382324952274957  | time taken : 19.725071668624878
 Thread 2 estimated dimension 3 of 11 : 0.6357883348962915  | time taken : 5.452766180038452
 Thread 7 estimated dimension 1 of 11 : 0.3632956234834382  | time taken : 14.373126983642578
 Thread 1 estimated dimension 5 of 11 : 0.7313897085580999  | time taken : 3.791008710861206
 Thread 3 estimated dimension 3 of 11 : 0.9859917934016044  | time taken : 1.236525535583496
 Thread 6 estimated dimension 4 of 11 : 0.581125216323074  | time taken : 8.670664548873901
 Thread 4 estimated dimension 5 of 11 : 0.7533967108886567  | time taken : 4.958163499832153
 Thread 5 estimated dimension 2 of 11 : 0.42063375611108295  | time taken : 9.556459903717041
 Thread 5 estimated dimension 3 of 11 : 0.9793598718614758  | time taken : 1.4202687740325928
 Thread 1 estimated dimension 6 of 11 : 0.6934932373880964  | time taken : 6.226011753082275
 Thread 7 estimated dimension 2 of 11 : 0.566111748776542  | time taken : 9.310009002685547
 Thread 2 estimated dimension 4 of 11 : 0.5777237598629601  | time taken : 10.210381507873535
 Thread 3 estimated dimension 4 of 11 : 0.4156612015470713  | time taken : 10.480750560760498
 Thread 3 estimated dimension 5 of 11 : 0.9827027929068834  | time taken : 1.0963411331176758
 Thread 5 estimated dimension 4 of 11 : 0.411480107127106  | time taken : 8.240344524383545
 Thread 7 estimated dimension 3 of 11 : 0.7561517313330604  | time taken : 4.95883584022522
 Thread 5 estimated dimension 5 of 11 : 0.9828835038042412  | time taken : 0.7268741130828857
 Thread 2 estimated dimension 5 of 11 : 0.7049818918455146  | time taken : 4.720294237136841
 Thread 3 estimated dimension 6 of 11 : 0.6853264494099185  | time taken : 5.8985536098480225
 Thread 1 estimated dimension 7 of 11 : 0.3809302403480617  | time taken : 12.35260009765625
 Thread 6 estimated dimension 5 of 11 : 0.27709592102067376  | time taken : 19.459778785705566
 Thread 1 estimated dimension 8 of 11 : 0.9591036110352263  | time taken : 1.1556594371795654
 Thread 4 estimated dimension 6 of 11 : 0.3098334973698215  | time taken : 18.36263108253479
 Thread 6 estimated dimension 6 of 11 : 0.9841197344961912  | time taken : 0.7944309711456299
 Thread 2 estimated dimension 6 of 11 : 0.6729134279362118  | time taken : 5.365792751312256
 Thread 5 estimated dimension 6 of 11 : 0.6894975949553421  | time taken : 5.681584596633911
 Thread 1 estimated dimension 9 of 11 : 0.9876146371228549  | time taken : 1.1783568859100342
 Thread 6 estimated dimension 7 of 11 : 1  | time taken : 1.7473108768463135
 Thread 4 estimated dimension 7 of 11 : 0.9426040159338576  | time taken : 2.0348942279815674
 Thread 1 estimated dimension 10 of 11 : 1  | time taken : 1.8720223903656006
 Thread 1 nsolns: 46933
 Thread 3 estimated dimension 7 of 11 : 0.6155998083203463  | time taken : 7.861496925354004
 Thread 7 estimated dimension 4 of 11 : 0.5937381794984554  | time taken : 11.826077461242676
 Thread 3 estimated dimension 8 of 11 : 1  | time taken : 1.5566010475158691
 Thread 5 estimated dimension 7 of 11 : 0.6002188396239903  | time taken : 8.078282833099365
 Thread 6 estimated dimension 8 of 11 : 0.5092949058438663  | time taken : 8.00026822090149
 Thread 5 estimated dimension 8 of 11 : 1  | time taken : 1.2667138576507568
 Thread 7 estimated dimension 5 of 11 : 0.7384392824127436  | time taken : 4.938170909881592
 Thread 6 estimated dimension 9 of 11 : 1  | time taken : 1.3088951110839844
 Thread 2 estimated dimension 7 of 11 : 0.3765125876234318  | time taken : 11.691609382629395
 Thread 4 estimated dimension 8 of 11 : 0.4888458540094656  | time taken : 9.143914461135864
 Thread 1 estimated dimension 0 of 11 : 0.5931342433422576  | time taken : 8.499664783477783
 Thread 2 estimated dimension 8 of 11 : 1  | time taken : 1.2374029159545898
 Thread 4 estimated dimension 9 of 11 : 1  | time taken : 1.537444829940796
 Thread 6 estimated dimension 10 of 11 : 0.9954648279902487  | time taken : 1.7710413932800293
 Thread 6 nsolns: 48413
 Thread 2 estimated dimension 9 of 11 : 0.9971032415348549  | time taken : 1.3224961757659912
 Thread 3 estimated dimension 9 of 11 : 0.509398311833557  | time taken : 7.399924993515015
 Thread 4 estimated dimension 10 of 11 : 0.9855736105165456  | time taken : 0.9938781261444092
 Thread 4 nsolns: 47426
 Thread 2 estimated dimension 10 of 11 : 1  | time taken : 1.086134672164917
 Thread 2 nsolns: 46933
 Thread 7 estimated dimension 6 of 11 : 0.6789383273750286  | time taken : 5.4106690883636475
 Thread 3 estimated dimension 10 of 11 : 0.9863805763117343  | time taken : 1.5565803050994873
 Thread 3 nsolns: 49362
 Thread 5 estimated dimension 9 of 11 : 0.5207132284672543  | time taken : 7.809561729431152
 Thread 1 estimated dimension 1 of 11 : 0.6379842845258962  | time taken : 6.610615491867065
 Thread 5 estimated dimension 10 of 11 : 1  | time taken : 1.9312939643859863
 Thread 5 nsolns: 49440
 Thread 6 estimated dimension 0 of 11 : 0.5842757772246843  | time taken : 7.190305948257446
 Thread 2 estimated dimension 0 of 11 : 0.5948483598767937  | time taken : 8.641454458236694
 Thread 3 estimated dimension 0 of 11 : 0.6135128045046079  | time taken : 8.382411003112793
 Thread 4 estimated dimension 0 of 11 : 0.412589018621113  | time taken : 10.733386993408203
 Thread 6 estimated dimension 1 of 11 : 0.6418185007755353  | time taken : 4.885375738143921
 Thread 7 estimated dimension 7 of 11 : 0.37812341156930074  | time taken : 11.74053692817688
 Thread 5 estimated dimension 0 of 11 : 0.5898355479510888  | time taken : 8.074334144592285
 Thread 7 estimated dimension 8 of 11 : 0.9981886561738325  | time taken : 1.1070146560668945
 Thread 3 estimated dimension 1 of 11 : 0.6473678383377337  | time taken : 5.824965715408325
 Thread 7 estimated dimension 9 of 11 : 0.9932122127513267  | time taken : 1.3434555530548096
 Thread 2 estimated dimension 1 of 11 : 0.6308065647685748  | time taken : 7.015825986862183
 Thread 6 estimated dimension 2 of 11 : 0.7085840051858786  | time taken : 5.874291896820068
 Thread 7 estimated dimension 10 of 11 : 0.993396784505171  | time taken : 1.3000335693359375
 Thread 7 nsolns: 47997
 Thread 5 estimated dimension 1 of 11 : 0.6424673529345316  | time taken : 5.899382829666138
 Thread 4 estimated dimension 1 of 11 : 0.5273952365478985  | time taken : 9.630475521087646
 Thread 3 estimated dimension 2 of 11 : 0.7184648725006132  | time taken : 5.088756084442139
 Thread 4 estimated dimension 2 of 11 : 0.9913094862662472  | time taken : 0.9554033279418945
 Thread 1 estimated dimension 2 of 11 : 0.28984246928190927  | time taken : 18.5605947971344
 Thread 1 estimated dimension 3 of 11 : 1  | time taken : 1.1860101222991943
 Thread 2 estimated dimension 2 of 11 : 0.7142434629225888  | time taken : 6.624489784240723
 Thread 6 estimated dimension 3 of 11 : 0.6547055958637623  | time taken : 6.979557514190674
 Thread 5 estimated dimension 2 of 11 : 0.7197477609259967  | time taken : 5.493483066558838
 Thread 7 estimated dimension 0 of 11 : 0.5822597810020657  | time taken : 7.949816703796387
 Thread 4 estimated dimension 3 of 11 : 0.7535298770391857  | time taken : 5.593976736068726
 Thread 2 estimated dimension 3 of 11 : 0.6504956166154294  | time taken : 5.61790132522583
 Thread 7 estimated dimension 1 of 11 : 0.6423347783353764  | time taken : 5.323962450027466
 Thread 5 estimated dimension 3 of 11 : 0.6852586658915425  | time taken : 5.606764078140259
 Thread 1 estimated dimension 4 of 11 : 0.40631740570336305  | time taken : 7.7216713428497314
 Thread 6 estimated dimension 4 of 11 : 0.5872153490552507  | time taken : 7.56444787979126
 Thread 1 estimated dimension 5 of 11 : 0.9830951148820133  | time taken : 1.4597229957580566
 Thread 3 estimated dimension 3 of 11 : 0.3382309690574246  | time taken : 12.68068242073059
 Thread 4 estimated dimension 4 of 11 : 0.5614290161396469  | time taken : 7.0098865032196045
 Thread 7 estimated dimension 2 of 11 : 0.6964838382550564  | time taken : 5.5191686153411865
 Thread 6 estimated dimension 5 of 11 : 0.7231694730060942  | time taken : 4.7469868659973145
 Thread 2 estimated dimension 4 of 11 : 0.5668214681644715  | time taken : 7.863615036010742
 Thread 5 estimated dimension 4 of 11 : 0.5791308250305433  | time taken : 6.886367559432983
 Thread 3 estimated dimension 4 of 11 : 0.4933108756792224  | time taken : 7.529884576797485
 Thread 1 estimated dimension 6 of 11 : 0.313939792890186  | time taken : 10.43691635131836
 Thread 3 estimated dimension 5 of 11 : 1  | time taken : 1.4510695934295654
 Thread 6 estimated dimension 6 of 11 : 0.7043332375102561  | time taken : 6.759367942810059
 Thread 1 estimated dimension 7 of 11 : 1  | time taken : 0.9891996383666992
 Thread 3 estimated dimension 6 of 11 : 0.9811151982808487  | time taken : 1.452850580215454
 Thread 1 estimated dimension 8 of 11 : 1  | time taken : 1.3978767395019531
 Thread 3 estimated dimension 7 of 11 : 0.9959285936268624  | time taken : 1.2596752643585205
 Thread 1 estimated dimension 9 of 11 : 0.9981191179325184  | time taken : 1.153395175933838
 Thread 6 estimated dimension 7 of 11 : 0.6044481466600157  | time taken : 4.923741817474365
 Thread 1 estimated dimension 10 of 11 : 0.9806033679269381  | time taken : 1.105708360671997
 Thread 1 nsolns: 49807
 Thread 7 estimated dimension 3 of 11 : 0.34124497264697456  | time taken : 13.060028553009033
 Thread 4 estimated dimension 5 of 11 : 0.2765814572906383  | time taken : 16.906065940856934
 Thread 4 estimated dimension 6 of 11 : 1  | time taken : 0.9684369564056396
 Thread 2 estimated dimension 5 of 11 : 0.27524052274318833  | time taken : 16.904850006103516
 Thread 4 estimated dimension 7 of 11 : 1  | time taken : 1.4074130058288574
 Thread 2 estimated dimension 6 of 11 : 0.9620143823267912  | time taken : 1.126175880432129
 Thread 5 estimated dimension 5 of 11 : 0.27356825181745  | time taken : 17.54939031600952
 Thread 2 estimated dimension 7 of 11 : 1  | time taken : 0.7876684665679932
 Thread 5 estimated dimension 6 of 11 : 1  | time taken : 1.3329436779022217
 Thread 6 estimated dimension 8 of 11 : 0.493392059095336  | time taken : 8.653813123703003
 Thread 5 estimated dimension 7 of 11 : 1  | time taken : 1.0815117359161377
 Thread 7 estimated dimension 4 of 11 : 0.48788137925625963  | time taken : 8.967040777206421
 Thread 1 estimated dimension 0 of 11 : 0.4135012860258446  | time taken : 9.50465989112854
 Thread 3 estimated dimension 8 of 11 : 0.38491485123874736  | time taken : 12.65145468711853
 Thread 7 estimated dimension 5 of 11 : 1  | time taken : 1.0882692337036133
 Thread 3 estimated dimension 9 of 11 : 1  | time taken : 1.895829439163208
 Thread 7 estimated dimension 6 of 11 : 1  | time taken : 1.5323092937469482
 Thread 4 estimated dimension 8 of 11 : 0.4918312646945356  | time taken : 8.040217638015747
 Thread 3 estimated dimension 10 of 11 : 1  | time taken : 1.4598424434661865
 Thread 7 estimated dimension 7 of 11 : 1  | time taken : 1.3318331241607666
 Thread 3 nsolns: 46646
 Thread 4 estimated dimension 9 of 11 : 0.9978707579695363  | time taken : 1.2266383171081543
 Thread 2 estimated dimension 8 of 11 : 0.4994018886355811  | time taken : 7.783584117889404
 Thread 6 estimated dimension 9 of 11 : 0.5114249337117283  | time taken : 7.304175138473511
 Thread 5 estimated dimension 8 of 11 : 0.5086813738342086  | time taken : 6.666444301605225
 Thread 4 estimated dimension 10 of 11 : 1  | time taken : 1.1298325061798096
 Thread 2 estimated dimension 9 of 11 : 1  | time taken : 1.3910977840423584
 Thread 4 nsolns: 48672
 Thread 6 estimated dimension 10 of 11 : 1  | time taken : 0.9859268665313721
 Thread 6 nsolns: 46764
 Thread 1 estimated dimension 1 of 11 : 0.5497404923300397  | time taken : 7.594405174255371
 Thread 5 estimated dimension 9 of 11 : 0.987092031357753  | time taken : 1.647033929824829
 Thread 2 estimated dimension 10 of 11 : 1  | time taken : 1.8318445682525635
 Thread 2 nsolns: 47565
 Thread 1 estimated dimension 2 of 11 : 0.9616255579063513  | time taken : 1.5963284969329834
 Thread 5 estimated dimension 10 of 11 : 0.9963001833326686  | time taken : 1.5005698204040527
 Thread 5 nsolns: 47306
 Thread 7 estimated dimension 8 of 11 : 0.6000486752090639  | time taken : 7.032608985900879
 Thread 3 estimated dimension 0 of 11 : 0.5936171052463357  | time taken : 7.327391624450684
 Thread 7 estimated dimension 9 of 11 : 0.9783052860712014  | time taken : 1.2156472206115723
 Thread 4 estimated dimension 0 of 11 : 0.587111186101498  | time taken : 7.474327564239502
 Thread 6 estimated dimension 0 of 11 : 0.579259566619759  | time taken : 6.701388597488403
 Thread 1 estimated dimension 3 of 11 : 0.752523072651275  | time taken : 5.130233526229858
 Thread 2 estimated dimension 0 of 11 : 0.5812442316803985  | time taken : 7.0727763175964355
 Thread 3 estimated dimension 1 of 11 : 0.6464601372945663  | time taken : 5.075502872467041
 Thread 5 estimated dimension 0 of 11 : 0.5987607598510211  | time taken : 7.394247770309448
 Thread 7 estimated dimension 10 of 11 : 0.5079742769416074  | time taken : 5.71396017074585
 Thread 7 nsolns: 46678
 Thread 4 estimated dimension 1 of 11 : 0.6444554433498432  | time taken : 5.059961795806885
 Thread 6 estimated dimension 1 of 11 : 0.6291375288970742  | time taken : 5.040668249130249
 Thread 2 estimated dimension 1 of 11 : 0.649957684270918  | time taken : 4.849257230758667
 Thread 3 estimated dimension 2 of 11 : 0.7197956272571268  | time taken : 5.160796880722046
 Thread 1 estimated dimension 4 of 11 : 0.4256134105651665  | time taken : 8.940346479415894
 Thread 1 estimated dimension 5 of 11 : 1  | time taken : 1.144554853439331
 Thread 6 estimated dimension 2 of 11 : 0.7139621996959573  | time taken : 6.253586053848267
 Thread 2 estimated dimension 2 of 11 : 0.7109362156444403  | time taken : 5.042112350463867
 Thread 7 estimated dimension 0 of 11 : 0.41294535208115923  | time taken : 9.429718494415283
 Thread 5 estimated dimension 1 of 11 : 0.3585200428341211  | time taken : 13.12787652015686
 Thread 1 estimated dimension 6 of 11 : 0.6847866008199107  | time taken : 5.824315547943115
 Thread 6 estimated dimension 3 of 11 : 0.6518852369201797  | time taken : 5.563521146774292
 Thread 3 estimated dimension 3 of 11 : 0.33761242816486864  | time taken : 13.825175285339355
 Thread 1 estimated dimension 7 of 11 : 0.6235015108144469  | time taken : 4.119404315948486
 Thread 4 estimated dimension 2 of 11 : 0.2864906728982074  | time taken : 16.22747230529785
 Thread 7 estimated dimension 1 of 11 : 0.4473297182138052  | time taken : 7.3048179149627686
 Thread 4 estimated dimension 3 of 11 : 0.961148201676561  | time taken : 1.7847340106964111
 Thread 7 estimated dimension 2 of 11 : 0.9936263890083835  | time taken : 1.825282096862793
 Thread 5 estimated dimension 2 of 11 : 0.4362556471934926  | time taken : 7.29015851020813
 Thread 6 estimated dimension 4 of 11 : 0.5955326179922997  | time taken : 6.465834617614746
 Thread 2 estimated dimension 3 of 11 : 0.34078292605642696  | time taken : 11.799774169921875
 Thread 5 estimated dimension 3 of 11 : 1  | time taken : 2.445866823196411
 Thread 1 estimated dimension 8 of 11 : 0.507453584929086  | time taken : 7.965735197067261
 Thread 6 estimated dimension 5 of 11 : 0.7344955510858604  | time taken : 4.923298358917236
 Thread 3 estimated dimension 4 of 11 : 0.4897422692668789  | time taken : 9.332828283309937
 Thread 3 estimated dimension 5 of 11 : 0.9932442348870909  | time taken : 1.2189419269561768
 Thread 4 estimated dimension 4 of 11 : 0.5864080197583684  | time taken : 9.165186166763306
 Thread 3 estimated dimension 6 of 11 : 0.9931746272949554  | time taken : 1.1157863140106201
 Thread 2 estimated dimension 4 of 11 : 0.49109512087582013  | time taken : 9.705281972885132
 Thread 3 estimated dimension 7 of 11 : 1  | time taken : 1.4565892219543457
 Thread 7 estimated dimension 3 of 11 : 0.3589729680811141  | time taken : 11.875418424606323
 Thread 2 estimated dimension 5 of 11 : 0.9894912073140885  | time taken : 1.5244863033294678
 Thread 1 estimated dimension 9 of 11 : 0.5020654335283593  | time taken : 6.369716644287109
 Thread 5 estimated dimension 4 of 11 : 0.580156324830998  | time taken : 8.943912982940674
 Thread 6 estimated dimension 6 of 11 : 0.7053606183483897  | time taken : 6.838601589202881
 Thread 2 estimated dimension 6 of 11 : 0.9915707848300571  | time taken : 1.807143211364746
 Thread 1 estimated dimension 10 of 11 : 1  | time taken : 2.093620777130127
 Thread 1 nsolns: 48614
 Thread 2 estimated dimension 7 of 11 : 0.9951565977511675  | time taken : 1.848872423171997
 Thread 5 estimated dimension 5 of 11 : 0.7333800003828517  | time taken : 4.66593074798584
 Thread 3 estimated dimension 8 of 11 : 0.6076736364503776  | time taken : 6.210554838180542
 Thread 6 estimated dimension 7 of 11 : 0.6375063765517806  | time taken : 5.265244245529175
 Thread 3 estimated dimension 9 of 11 : 1  | time taken : 1.0108911991119385
 Thread 7 estimated dimension 4 of 11 : 0.48787160185260836  | time taken : 9.652683734893799
 Thread 1 estimated dimension 0 of 11 : 0.5864473913853702  | time taken : 6.503032207489014
 Thread 7 estimated dimension 5 of 11 : 0.9930918640171821  | time taken : 0.9843008518218994
 Thread 2 estimated dimension 8 of 11 : 0.5928826208343467  | time taken : 6.769089698791504
 Thread 7 estimated dimension 6 of 11 : 0.9964615666239999  | time taken : 1.449967622756958
 Thread 2 estimated dimension 9 of 11 : 0.9692462132223284  | time taken : 1.0615651607513428
 Thread 7 estimated dimension 7 of 11 : 0.9664511212949329  | time taken : 1.239943027496338
 Thread 3 estimated dimension 10 of 11 : 0.5138722141158337  | time taken : 6.481033802032471
 Thread 3 nsolns: 46678
 Thread 4 estimated dimension 5 of 11 : 0.26769566044862186  | time taken : 17.28472924232483
 Thread 6 estimated dimension 8 of 11 : 0.5021873590003517  | time taken : 8.265513896942139
 Thread 7 estimated dimension 8 of 11 : 0.9885644145801659  | time taken : 1.14162278175354
 Thread 1 estimated dimension 1 of 11 : 0.6301318270264294  | time taken : 5.245590925216675
 Thread 4 estimated dimension 6 of 11 : 1  | time taken : 1.3703296184539795
 Thread 7 estimated dimension 9 of 11 : 0.9611786170709067  | time taken : 1.8655617237091064
 Thread 4 estimated dimension 7 of 11 : 1  | time taken : 1.5723717212677002
 Thread 5 estimated dimension 6 of 11 : 0.31361660704940214  | time taken : 12.967797756195068
 Thread 2 estimated dimension 10 of 11 : 0.5029395752408528  | time taken : 5.370471000671387
 Thread 2 nsolns: 46678
 Thread 4 estimated dimension 8 of 11 : 0.9963484501698384  | time taken : 1.5052478313446045
 Thread 5 estimated dimension 7 of 11 : 0.9946570273938606  | time taken : 1.2823436260223389
 Thread 4 estimated dimension 9 of 11 : 0.9952530108188145  | time taken : 2.0042471885681152
 Thread 5 estimated dimension 8 of 11 : 1  | time taken : 1.2796170711517334
 Thread 5 estimated dimension 9 of 11 : 1  | time taken : 0.829439640045166
 Thread 4 estimated dimension 10 of 11 : 1  | time taken : 1.1219482421875
 Thread 4 nsolns: 49245
 Thread 6 estimated dimension 9 of 11 : 0.498439239657099  | time taken : 8.075933933258057
 Thread 5 estimated dimension 10 of 11 : 1  | time taken : 0.7091400623321533
 Thread 5 nsolns: 48937
 Thread 7 estimated dimension 10 of 11 : 0.5203616647326268  | time taken : 6.643585205078125
 Thread 7 nsolns: 47090
 Thread 6 estimated dimension 10 of 11 : 1  | time taken : 1.2450311183929443
 Thread 3 estimated dimension 0 of 11 : 0.4119154543773059  | time taken : 10.548073530197144
 Thread 6 nsolns: 46937
 Thread 2 estimated dimension 0 of 11 : 0.5786641987657346  | time taken : 7.603885650634766
 Thread 4 estimated dimension 0 of 11 : 0.5862877129510303  | time taken : 7.017479658126831
 Thread 6 estimated dimension 0 of 11 : 0.5822317872954181  | time taken : 5.843774318695068
 Thread 7 estimated dimension 0 of 11 : 0.5845742560947772  | time taken : 6.104463577270508
 Thread 2 estimated dimension 1 of 11 : 0.6509828641300004  | time taken : 4.975794076919556
 Thread 3 estimated dimension 1 of 11 : 0.5387779797257489  | time taken : 8.445912599563599
 Thread 1 estimated dimension 2 of 11 : 0.28909836128684463  | time taken : 18.345508098602295
 Thread 5 estimated dimension 0 of 11 : 0.4303016261420793  | time taken : 10.368060111999512
 Thread 3 estimated dimension 2 of 11 : 0.9665556612411661  | time taken : 1.2350561618804932
 Thread 6 estimated dimension 1 of 11 : 0.62154507643487  | time taken : 4.5373008251190186
 Thread 1 estimated dimension 3 of 11 : 1  | time taken : 1.2081995010375977
 Thread 2 estimated dimension 2 of 11 : 0.7111264447808073  | time taken : 5.697646379470825
 Thread 3 estimated dimension 3 of 11 : 0.7678253438834877  | time taken : 4.6395957469940186
 Thread 6 estimated dimension 2 of 11 : 0.7166661679789278  | time taken : 4.639115571975708
 Thread 5 estimated dimension 1 of 11 : 0.5552490656524708  | time taken : 6.464395046234131
 Thread 5 estimated dimension 2 of 11 : 1  | time taken : 1.0054008960723877
 Thread 7 estimated dimension 1 of 11 : 0.3587995756818205  | time taken : 12.983576536178589
 Thread 4 estimated dimension 1 of 11 : 0.3626485517424863  | time taken : 13.042467594146729
 Thread 1 estimated dimension 4 of 11 : 0.5907267421237503  | time taken : 8.918838500976562
 Thread 3 estimated dimension 4 of 11 : 0.5791712226411124  | time taken : 8.069140672683716
 Thread 2 estimated dimension 3 of 11 : 0.33855786877519295  | time taken : 12.811892747879028
 Thread 7 estimated dimension 2 of 11 : 0.4261220826290557  | time taken : 7.919973134994507
 Thread 4 estimated dimension 2 of 11 : 0.4206534096298987  | time taken : 9.256274700164795
 Thread 7 estimated dimension 3 of 11 : 0.9886349738824908  | time taken : 1.2258572578430176
 Thread 6 estimated dimension 3 of 11 : 0.3397203481043043  | time taken : 13.56837248802185
 Thread 4 estimated dimension 3 of 11 : 1  | time taken : 1.2519710063934326
 Thread 2 estimated dimension 4 of 11 : 0.4883834153221555  | time taken : 7.819685935974121
 Thread 2 estimated dimension 5 of 11 : 0.9885107920439596  | time taken : 1.0894136428833008
 Thread 1 estimated dimension 5 of 11 : 0.2719953309420784  | time taken : 17.19940161705017
 Thread 2 estimated dimension 6 of 11 : 0.9942408387314864  | time taken : 0.9632463455200195
 Thread 7 estimated dimension 4 of 11 : 0.4133442431454901  | time taken : 8.74478268623352
 Thread 1 estimated dimension 6 of 11 : 1  | time taken : 1.0621626377105713
 Thread 2 estimated dimension 7 of 11 : 1  | time taken : 1.7687323093414307
 Thread 6 estimated dimension 4 of 11 : 0.5038576379320209  | time taken : 9.475647926330566
 Thread 7 estimated dimension 5 of 11 : 1  | time taken : 1.0952250957489014
 Thread 1 estimated dimension 7 of 11 : 0.9831322773876673  | time taken : 1.0014142990112305
 Thread 5 estimated dimension 3 of 11 : 0.2443131124732969  | time taken : 22.50119113922119
 Thread 6 estimated dimension 5 of 11 : 1  | time taken : 1.4773309230804443
 Thread 3 estimated dimension 5 of 11 : 0.27785396784911376  | time taken : 17.178491830825806
 Thread 4 estimated dimension 4 of 11 : 0.5877339246199135  | time taken : 10.505505800247192
 Thread 1 estimated dimension 8 of 11 : 1  | time taken : 1.0379266738891602
 Thread 6 estimated dimension 6 of 11 : 1  | time taken : 1.9366497993469238
 Thread 3 estimated dimension 6 of 11 : 0.9707796147131349  | time taken : 2.321544647216797
 Thread 1 estimated dimension 9 of 11 : 0.9993374262558525  | time taken : 1.939474105834961
 Thread 6 estimated dimension 7 of 11 : 1  | time taken : 1.4616303443908691
 Thread 1 estimated dimension 10 of 11 : 0.9950159273654587  | time taken : 1.3000640869140625
 Thread 3 estimated dimension 7 of 11 : 0.9874670422886989  | time taken : 1.4182815551757812
 Thread 1 nsolns: 49245
 Thread 4 estimated dimension 5 of 11 : 0.7285523882394894  | time taken : 4.528591156005859
 Thread 7 estimated dimension 6 of 11 : 0.6923614292512801  | time taken : 6.183966875076294
 Thread 2 estimated dimension 8 of 11 : 0.5926518495642953  | time taken : 7.831684827804565
 Thread 2 estimated dimension 9 of 11 : 0.9843999782326007  | time taken : 1.6291837692260742
 Thread 5 estimated dimension 4 of 11 : 0.502565091260536  | time taken : 8.780773639678955
 Thread 5 estimated dimension 5 of 11 : 0.9835021748452496  | time taken : 1.3418054580688477
 Thread 6 estimated dimension 8 of 11 : 0.6062020350199537  | time taken : 5.975677490234375
 Thread 4 estimated dimension 6 of 11 : 0.6837909222253327  | time taken : 5.2192063331604
 Thread 5 estimated dimension 6 of 11 : 1  | time taken : 1.1837937831878662
 Thread 6 estimated dimension 9 of 11 : 0.9651732852962426  | time taken : 1.0679521560668945
 Thread 3 estimated dimension 8 of 11 : 0.5066313969144074  | time taken : 6.893064022064209
 Thread 5 estimated dimension 7 of 11 : 1  | time taken : 1.0019240379333496
 Thread 3 estimated dimension 9 of 11 : 0.9947139921113389  | time taken : 1.4602837562561035
 Thread 2 estimated dimension 10 of 11 : 0.5104578912602261  | time taken : 5.4950642585754395
 Thread 2 nsolns: 46678
 Thread 1 estimated dimension 0 of 11 : 0.40846849757825765  | time taken : 9.238925457000732
 Thread 3 estimated dimension 10 of 11 : 1  | time taken : 1.5579907894134521
 Thread 3 nsolns: 48413
 Thread 7 estimated dimension 7 of 11 : 0.37953455492953037  | time taken : 12.455399751663208
 Thread 4 estimated dimension 7 of 11 : 0.6139853541063444  | time taken : 7.613912105560303
 Thread 7 estimated dimension 8 of 11 : 1  | time taken : 1.5373070240020752
 Thread 6 estimated dimension 10 of 11 : 0.5201686146127888  | time taken : 7.840085744857788
 Thread 6 nsolns: 46678
 Thread 4 estimated dimension 8 of 11 : 0.9898412402620884  | time taken : 1.4615416526794434
 Thread 7 estimated dimension 9 of 11 : 1  | time taken : 1.5702307224273682
 Thread 5 estimated dimension 8 of 11 : 0.4982816371525637  | time taken : 8.761372804641724
 Thread 5 estimated dimension 9 of 11 : 0.9870326595702772  | time taken : 1.6663777828216553
 Thread 7 estimated dimension 10 of 11 : 0.9858184289334245  | time taken : 1.8014607429504395
 Thread 7 nsolns: 49622
 Thread 3 estimated dimension 0 of 11 : 0.5881039379194084  | time taken : 7.862486362457275
 Thread 5 estimated dimension 10 of 11 : 0.9797708755588476  | time taken : 1.1078283786773682
 Thread 5 nsolns: 49667
 Thread 1 estimated dimension 1 of 11 : 0.4592164936288571  | time taken : 10.652836561203003
 Thread 2 estimated dimension 0 of 11 : 0.4169117715801445  | time taken : 10.771199703216553
 Thread 1 estimated dimension 2 of 11 : 1  | time taken : 2.3063316345214844
 Thread 6 estimated dimension 0 of 11 : 0.5923838569965406  | time taken : 7.824853897094727
 Thread 4 estimated dimension 9 of 11 : 0.5248489992364742  | time taken : 7.9890968799591064
 Thread 4 estimated dimension 10 of 11 : 1  | time taken : 1.907965898513794
 Thread 4 nsolns: 48492
 Thread 7 estimated dimension 0 of 11 : 0.41415058827404005  | time taken : 9.875425577163696
 Thread 5 estimated dimension 0 of 11 : 0.5799412477088843  | time taken : 8.89259147644043
 Thread 6 estimated dimension 1 of 11 : 0.6271542775180395  | time taken : 5.508682727813721
 Thread 2 estimated dimension 1 of 11 : 0.4522296356979847  | time taken : 9.659767389297485
 Thread 2 estimated dimension 2 of 11 : 1  | time taken : 1.0984086990356445
 Thread 4 estimated dimension 0 of 11 : 0.5798878509714424  | time taken : 6.276748418807983
 Thread 3 estimated dimension 1 of 11 : 0.3606230336559012  | time taken : 14.150441408157349
 Thread 1 estimated dimension 3 of 11 : 0.3505603024928854  | time taken : 10.907027959823608
 Thread 6 estimated dimension 2 of 11 : 0.7153626722842936  | time taken : 5.111371994018555
 Thread 7 estimated dimension 1 of 11 : 0.5383577627581035  | time taken : 7.479555606842041
 Thread 7 estimated dimension 2 of 11 : 1  | time taken : 0.7890450954437256
 Thread 6 estimated dimension 3 of 11 : 0.6791546471451703  | time taken : 5.626781940460205
 Thread 3 estimated dimension 2 of 11 : 0.5792241640700976  | time taken : 6.873106956481934
 Thread 7 estimated dimension 3 of 11 : 0.7637396460153124  | time taken : 4.281882047653198
 Thread 1 estimated dimension 4 of 11 : 0.4888685112612475  | time taken : 8.290652513504028
 Thread 2 estimated dimension 3 of 11 : 0.34743973256074534  | time taken : 11.371412992477417
 Thread 5 estimated dimension 1 of 11 : 0.3597668458157127  | time taken : 13.628668069839478
 Thread 1 estimated dimension 5 of 11 : 0.9961238719348804  | time taken : 1.2949597835540771
 Thread 3 estimated dimension 3 of 11 : 0.7608319645927875  | time taken : 4.317936420440674
 Thread 1 estimated dimension 6 of 11 : 1  | time taken : 1.0697309970855713
 Thread 4 estimated dimension 1 of 11 : 0.3701355038433121  | time taken : 12.978437423706055
 Thread 1 estimated dimension 7 of 11 : 0.9830948394040613  | time taken : 1.5495948791503906
 Thread 1 estimated dimension 8 of 11 : 0.9715722085372048  | time taken : 1.296891689300537
 Thread 6 estimated dimension 4 of 11 : 0.4248031576413074  | time taken : 8.878417015075684
 Thread 1 estimated dimension 9 of 11 : 0.960099715848691  | time taken : 1.4685533046722412
 Thread 6 estimated dimension 5 of 11 : 0.9863519433924857  | time taken : 1.0245819091796875
 Thread 5 estimated dimension 2 of 11 : 0.5576700448947166  | time taken : 7.594722032546997
 Thread 2 estimated dimension 4 of 11 : 0.4922016237817353  | time taken : 8.165498971939087
 Thread 7 estimated dimension 4 of 11 : 0.43062149513432463  | time taken : 9.80562686920166
 Thread 2 estimated dimension 5 of 11 : 1  | time taken : 1.4097790718078613
 Thread 7 estimated dimension 5 of 11 : 1  | time taken : 1.1509900093078613
 Thread 4 estimated dimension 2 of 11 : 0.42778444445121394  | time taken : 8.250608921051025
 Thread 2 estimated dimension 6 of 11 : 1  | time taken : 1.1128897666931152
 Thread 3 estimated dimension 4 of 11 : 0.5747926793408166  | time taken : 9.768169164657593
 Thread 5 estimated dimension 3 of 11 : 0.7546639450249069  | time taken : 4.579241037368774
 Thread 4 estimated dimension 3 of 11 : 0.9752334448220867  | time taken : 1.2617921829223633
 Thread 2 estimated dimension 7 of 11 : 0.982304297623247  | time taken : 1.2310988903045654
 Thread 1 estimated dimension 10 of 11 : 0.5147970709831124  | time taken : 6.228911876678467
 Thread 6 estimated dimension 6 of 11 : 0.6873858916704776  | time taken : 6.395874738693237
 Thread 1 nsolns: 47090
 Thread 2 estimated dimension 8 of 11 : 1  | time taken : 1.8125438690185547
 Thread 7 estimated dimension 6 of 11 : 0.7025957621729506  | time taken : 5.237404823303223
 Thread 2 estimated dimension 9 of 11 : 0.990261417378865  | time taken : 1.3663339614868164
 Thread 3 estimated dimension 5 of 11 : 0.7349074559794804  | time taken : 4.904489755630493
 Thread 7 estimated dimension 7 of 11 : 0.6168709382552168  | time taken : 4.964022159576416
 Thread 4 estimated dimension 4 of 11 : 0.5881859993176223  | time taken : 8.630288362503052
 Thread 5 estimated dimension 4 of 11 : 0.5875004881649164  | time taken : 9.527023553848267
 Thread 3 estimated dimension 6 of 11 : 0.7014886509577314  | time taken : 5.014349937438965
 Thread 2 estimated dimension 10 of 11 : 0.5086594180204538  | time taken : 6.647081613540649
 Thread 2 nsolns: 47004
 Thread 1 estimated dimension 0 of 11 : 0.4146676424920462  | time taken : 9.956583261489868
 Thread 6 estimated dimension 7 of 11 : 0.37888482363409476  | time taken : 10.88042664527893
 Thread 4 estimated dimension 5 of 11 : 0.7271696240598694  | time taken : 4.276446104049683
 Thread 3 estimated dimension 7 of 11 : 0.6111821862767476  | time taken : 6.567939281463623
 Thread 7 estimated dimension 8 of 11 : 0.49990778415056525  | time taken : 8.271919012069702
 Thread 2 estimated dimension 0 of 11 : 0.5926833091777927  | time taken : 6.140839576721191
 Thread 4 estimated dimension 6 of 11 : 0.6793726775967716  | time taken : 4.796782732009888
 Thread 3 estimated dimension 8 of 11 : 1  | time taken : 1.3395395278930664
 Thread 6 estimated dimension 8 of 11 : 0.48924622458263595  | time taken : 6.955950736999512
 Thread 1 estimated dimension 1 of 11 : 0.5494324038303838  | time taken : 7.761608362197876
 Thread 1 estimated dimension 2 of 11 : 0.9854748765215121  | time taken : 0.8590126037597656
 Thread 6 estimated dimension 9 of 11 : 0.9755657692178828  | time taken : 1.58927321434021
 Thread 6 estimated dimension 10 of 11 : 0.9756805534691729  | time taken : 0.9283254146575928
 Thread 2 estimated dimension 1 of 11 : 0.6376843031884273  | time taken : 5.468731641769409
 Thread 6 nsolns: 47928
 Thread 7 estimated dimension 9 of 11 : 0.48868060711360484  | time taken : 8.150251626968384
 Thread 3 estimated dimension 9 of 11 : 0.5085861534821235  | time taken : 6.357994794845581
 Thread 3 estimated dimension 10 of 11 : 0.9849568240179524  | time taken : 1.1739916801452637
 Thread 1 estimated dimension 3 of 11 : 0.7753866249094606  | time taken : 5.039448976516724
 Thread 7 estimated dimension 10 of 11 : 1  | time taken : 1.518160343170166
 Thread 3 nsolns: 47815
 Thread 7 nsolns: 48959
 Thread 5 estimated dimension 5 of 11 : 0.2725774519618207  | time taken : 17.201111316680908
 Thread 2 estimated dimension 2 of 11 : 0.7246906692056706  | time taken : 5.224075078964233
 Thread 5 estimated dimension 6 of 11 : 0.9982009369947437  | time taken : 1.503633737564087
 Thread 4 estimated dimension 7 of 11 : 0.3825951349139808  | time taken : 10.529102802276611
 Thread 4 estimated dimension 8 of 11 : 1  | time taken : 1.8392553329467773
 Thread 5 estimated dimension 7 of 11 : 1  | time taken : 1.959632396697998
 Thread 4 estimated dimension 9 of 11 : 0.9898780598223843  | time taken : 1.0424373149871826
 Thread 6 estimated dimension 0 of 11 : 0.41304344671627674  | time taken : 9.331058502197266
 Thread 5 estimated dimension 8 of 11 : 0.977881294465265  | time taken : 1.380030870437622
 Thread 5 estimated dimension 9 of 11 : 1  | time taken : 1.244030475616455
 Thread 4 estimated dimension 10 of 11 : 1  | time taken : 1.6675629615783691
 Thread 4 nsolns: 48674
 Thread 3 estimated dimension 0 of 11 : 0.5859163732070553  | time taken : 8.096232652664185
 Thread 7 estimated dimension 0 of 11 : 0.5938500645192774  | time taken : 7.600682497024536
 Thread 5 estimated dimension 10 of 11 : 1  | time taken : 1.1294300556182861
 Thread 5 nsolns: 48646
 Thread 1 estimated dimension 4 of 11 : 0.42128311141403635  | time taken : 10.676862239837646
 Thread 1 estimated dimension 5 of 11 : 1  | time taken : 1.2261881828308105
 Thread 7 estimated dimension 1 of 11 : 0.6307584751510739  | time taken : 4.63940167427063
 Thread 3 estimated dimension 1 of 11 : 0.6586649639800656  | time taken : 5.748658180236816
 Thread 6 estimated dimension 1 of 11 : 0.5354037342200967  | time taken : 8.056584596633911
 Thread 4 estimated dimension 0 of 11 : 0.5959908649917915  | time taken : 6.699229955673218
 Thread 2 estimated dimension 3 of 11 : 0.3402809683496676  | time taken : 12.880335330963135
 Thread 6 estimated dimension 2 of 11 : 0.9732387773377736  | time taken : 1.0244114398956299
 Thread 5 estimated dimension 0 of 11 : 0.5765829793033422  | time taken : 6.829358339309692
 Thread 7 estimated dimension 2 of 11 : 0.719560635617818  | time taken : 4.518624782562256
 Thread 1 estimated dimension 6 of 11 : 0.6998347034797987  | time taken : 6.317508935928345
 Thread 3 estimated dimension 2 of 11 : 0.7151759580889006  | time taken : 5.016726493835449
 Thread 4 estimated dimension 1 of 11 : 0.6424044471421635  | time taken : 4.949434995651245
 Thread 5 estimated dimension 1 of 11 : 0.6529798695698088  | time taken : 5.236577033996582
 Thread 2 estimated dimension 4 of 11 : 0.5162895318257663  | time taken : 7.169769525527954
 Thread 2 estimated dimension 5 of 11 : 0.9705962930574199  | time taken : 1.420083999633789
 Thread 3 estimated dimension 3 of 11 : 0.6626019508806795  | time taken : 5.191835641860962
 Thread 2 estimated dimension 6 of 11 : 1  | time taken : 1.0634331703186035
 Thread 5 estimated dimension 2 of 11 : 0.712148078019816  | time taken : 4.352389812469482
 Thread 2 estimated dimension 7 of 11 : 0.9986836405698878  | time taken : 0.8851091861724854
 Thread 1 estimated dimension 7 of 11 : 0.3728185013726047  | time taken : 9.491347789764404
 Thread 7 estimated dimension 3 of 11 : 0.33452053075178145  | time taken : 11.523422002792358
 Thread 3 estimated dimension 4 of 11 : 0.5670595329800685  | time taken : 5.137217998504639
 Thread 2 estimated dimension 8 of 11 : 0.6189497362699302  | time taken : 4.982306003570557
 Thread 2 estimated dimension 9 of 11 : 1  | time taken : 0.966484546661377
 Thread 3 estimated dimension 5 of 11 : 0.7323963672102412  | time taken : 3.32963490486145
 Thread 4 estimated dimension 2 of 11 : 0.28395470352237606  | time taken : 14.177347421646118
 Thread 6 estimated dimension 3 of 11 : 0.24339856263816756  | time taken : 18.813841104507446
 Thread 1 estimated dimension 8 of 11 : 0.487379908394575  | time taken : 6.3187689781188965
 Thread 4 estimated dimension 3 of 11 : 1  | time taken : 1.144411563873291
 Thread 1 estimated dimension 9 of 11 : 0.9691877954830227  | time taken : 0.7731835842132568
 Thread 5 estimated dimension 3 of 11 : 0.3367086866338101  | time taken : 10.237134218215942
 Thread 7 estimated dimension 4 of 11 : 0.4867569029440403  | time taken : 7.696439266204834
 Thread 1 estimated dimension 10 of 11 : 1  | time taken : 1.2628283500671387
 Thread 1 nsolns: 49035
 Thread 3 estimated dimension 6 of 11 : 0.6904021760607217  | time taken : 5.195087194442749
 Thread 7 estimated dimension 5 of 11 : 0.9945213517884843  | time taken : 1.5944523811340332
 Thread 2 estimated dimension 10 of 11 : 0.49162407227713406  | time taken : 6.810926914215088
 Thread 2 nsolns: 46712
 Thread 7 estimated dimension 6 of 11 : 1  | time taken : 1.3537781238555908
 Thread 6 estimated dimension 4 of 11 : 0.5142523296969752  | time taken : 6.543064117431641
 Thread 7 estimated dimension 7 of 11 : 0.9930910129018656  | time taken : 0.9804787635803223
 Thread 6 estimated dimension 5 of 11 : 0.9986042700736235  | time taken : 1.1754567623138428
 Thread 3 estimated dimension 7 of 11 : 0.630090450885417  | time taken : 4.442585468292236
 Thread 4 estimated dimension 4 of 11 : 0.41449886385523066  | time taken : 7.391169309616089
 Thread 6 estimated dimension 6 of 11 : 1  | time taken : 0.9006636142730713
 Thread 5 estimated dimension 4 of 11 : 0.4892687979837162  | time taken : 6.916772365570068
 Thread 4 estimated dimension 5 of 11 : 1  | time taken : 1.3773465156555176
 Thread 6 estimated dimension 7 of 11 : 1  | time taken : 1.5079219341278076
 Thread 2 estimated dimension 0 of 11 : 0.5926870043985469  | time taken : 5.19913125038147
 Thread 5 estimated dimension 5 of 11 : 1  | time taken : 1.5582256317138672
 Thread 1 estimated dimension 0 of 11 : 0.40866358883964365  | time taken : 8.432069540023804
 Thread 5 estimated dimension 6 of 11 : 0.9828586434150773  | time taken : 2.140854835510254
 Thread 7 estimated dimension 8 of 11 : 0.6051626520451706  | time taken : 6.082873582839966
 Thread 5 estimated dimension 7 of 11 : 0.9579950827455123  | time taken : 1.3444671630859375
 Thread 7 estimated dimension 9 of 11 : 0.9969819685591682  | time taken : 1.731902837753296
 Thread 3 estimated dimension 8 of 11 : 0.4835510025011645  | time taken : 8.478177070617676
 Thread 2 estimated dimension 1 of 11 : 0.631332018782538  | time taken : 6.1650683879852295
 Thread 6 estimated dimension 8 of 11 : 0.5279618003888402  | time taken : 7.487535715103149
 Thread 1 estimated dimension 1 of 11 : 0.5470026910847888  | time taken : 7.77504825592041
 Thread 6 estimated dimension 9 of 11 : 0.9925707049278842  | time taken : 1.2210361957550049
 Thread 1 estimated dimension 2 of 11 : 1  | time taken : 1.205547571182251
 Thread 6 estimated dimension 10 of 11 : 0.9859863188897028  | time taken : 1.176781415939331
 Thread 6 nsolns: 49408
 Thread 5 estimated dimension 8 of 11 : 0.6101190697181225  | time taken : 5.97664213180542
 Thread 7 estimated dimension 10 of 11 : 0.4977303253632304  | time taken : 6.078990459442139
 Thread 7 nsolns: 46678
 Thread 2 estimated dimension 2 of 11 : 0.728794241188475  | time taken : 4.722917795181274
 Thread 4 estimated dimension 6 of 11 : 0.3157685623972343  | time taken : 12.306179761886597
 Thread 5 estimated dimension 9 of 11 : 1  | time taken : 1.4048962593078613
 Thread 3 estimated dimension 9 of 11 : 0.49024481308385126  | time taken : 6.947192192077637
 Thread 4 estimated dimension 7 of 11 : 0.9727747747094404  | time taken : 1.6284534931182861
 Thread 1 estimated dimension 3 of 11 : 0.7684800875226327  | time taken : 5.1192779541015625
 Thread 3 estimated dimension 10 of 11 : 0.9655916404644338  | time taken : 1.6867258548736572
 Thread 4 estimated dimension 8 of 11 : 1  | time taken : 1.50724196434021
 Thread 3 nsolns: 46937
 Thread 4 estimated dimension 9 of 11 : 1  | time taken : 1.4844820499420166
 Thread 2 estimated dimension 3 of 11 : 0.6607727829413114  | time taken : 5.365421295166016
 Thread 6 estimated dimension 0 of 11 : 0.5856451146647381  | time taken : 7.01565146446228
 Thread 7 estimated dimension 0 of 11 : 0.5721125488062968  | time taken : 7.334401607513428
 Thread 4 estimated dimension 10 of 11 : 1  | time taken : 1.438781976699829
 Thread 4 nsolns: 49807
 Thread 5 estimated dimension 10 of 11 : 0.5027078111295725  | time taken : 7.146462678909302
 Thread 5 nsolns: 46678
 Thread 1 estimated dimension 4 of 11 : 0.5777501933628603  | time taken : 6.703495502471924
 Thread 7 estimated dimension 1 of 11 : 0.6410128940659582  | time taken : 4.386655807495117
 Thread 3 estimated dimension 0 of 11 : 0.40839553200086115  | time taken : 8.060842990875244
 Thread 2 estimated dimension 4 of 11 : 0.5725634429703248  | time taken : 6.557806015014648
 Thread 4 estimated dimension 0 of 11 : 0.5925091557756946  | time taken : 5.491261720657349
 Thread 1 estimated dimension 5 of 11 : 0.7121699555556213  | time taken : 3.136136054992676
 Thread 5 estimated dimension 0 of 11 : 0.5681464355289251  | time taken : 5.297122955322266
 Thread 7 estimated dimension 2 of 11 : 0.7045891896979347  | time taken : 4.066788673400879
 Thread 6 estimated dimension 1 of 11 : 0.3632758945678747  | time taken : 10.487227439880371
 Thread 4 estimated dimension 1 of 11 : 0.6535721256013878  | time taken : 4.110366106033325
 Thread 5 estimated dimension 1 of 11 : 0.6321084921188302  | time taken : 3.8179640769958496
 Thread 3 estimated dimension 1 of 11 : 0.538552193981563  | time taken : 6.983525037765503
 Thread 1 estimated dimension 6 of 11 : 0.6916659604376532  | time taken : 6.705601215362549
 Thread 7 estimated dimension 3 of 11 : 0.6891277539844409  | time taken : 5.057725191116333
 Thread 3 estimated dimension 2 of 11 : 0.9875332496358995  | time taken : 1.2754111289978027
 Thread 4 estimated dimension 2 of 11 : 0.7222748959251517  | time taken : 5.515228986740112
 Thread 6 estimated dimension 2 of 11 : 0.43561590326165994  | time taken : 7.275108814239502
 Thread 6 estimated dimension 3 of 11 : 1  | time taken : 1.0660326480865479
 Thread 1 estimated dimension 7 of 11 : 0.627864442361968  | time taken : 4.4405903816223145
 Thread 3 estimated dimension 3 of 11 : 0.7599999135719562  | time taken : 4.876498222351074
 Thread 7 estimated dimension 4 of 11 : 0.5700580560833693  | time taken : 6.289543151855469
 Thread 2 estimated dimension 5 of 11 : 0.2772643146552569  | time taken : 15.546149015426636
 Thread 4 estimated dimension 3 of 11 : 0.6630724284369863  | time taken : 5.2928478717803955
 Thread 2 estimated dimension 6 of 11 : 0.9941481092325533  | time taken : 1.7440173625946045
 Thread 2 estimated dimension 7 of 11 : 0.9898421558855839  | time taken : 1.2281560897827148
 Thread 6 estimated dimension 4 of 11 : 0.404178295542199  | time taken : 6.27610969543457
 Thread 5 estimated dimension 2 of 11 : 0.2797090181202936  | time taken : 13.555690050125122
 Thread 3 estimated dimension 4 of 11 : 0.5650158642185336  | time taken : 6.146388530731201
 Thread 1 estimated dimension 8 of 11 : 0.4918976476613007  | time taken : 6.878108739852905
 Thread 6 estimated dimension 5 of 11 : 0.9973252439607071  | time taken : 1.3496367931365967
 Thread 5 estimated dimension 3 of 11 : 0.9976130483512506  | time taken : 1.332209587097168
 Thread 4 estimated dimension 4 of 11 : 0.42376106510116246  | time taken : 6.9009997844696045
 Thread 4 estimated dimension 5 of 11 : 0.9960317378880458  | time taken : 1.442706823348999
 Thread 2 estimated dimension 8 of 11 : 0.4936351691087371  | time taken : 5.480867624282837
 Thread 6 estimated dimension 6 of 11 : 0.6724463897423948  | time taken : 4.210834264755249
 Thread 1 estimated dimension 9 of 11 : 0.511337748530498  | time taken : 5.407824754714966
 Thread 2 estimated dimension 9 of 11 : 1  | time taken : 1.1056551933288574
 Thread 2 estimated dimension 10 of 11 : 1  | time taken : 0.6953909397125244
 Thread 2 nsolns: 47565
 Thread 7 estimated dimension 5 of 11 : 0.2755122185866073  | time taken : 12.162289381027222
 Thread 1 estimated dimension 10 of 11 : 1  | time taken : 1.6951818466186523
 Thread 1 nsolns: 47871
 Thread 7 estimated dimension 6 of 11 : 0.9882135396969105  | time taken : 1.001305103302002
 Thread 5 estimated dimension 4 of 11 : 0.5806471206843468  | time taken : 7.514769792556763
 Thread 7 estimated dimension 7 of 11 : 1  | time taken : 0.8992714881896973
 Thread 6 estimated dimension 7 of 11 : 0.626313713621632  | time taken : 5.143010139465332
 Thread 6 estimated dimension 8 of 11 : 0.9938132307743086  | time taken : 1.0450141429901123
 Thread 5 estimated dimension 5 of 11 : 0.72563731483193  | time taken : 3.35947585105896
 Thread 1 estimated dimension 0 of 11 : 0.5797129234591858  | time taken : 5.235036849975586
 Thread 3 estimated dimension 5 of 11 : 0.2770799621852563  | time taken : 12.96199893951416
 Thread 7 estimated dimension 8 of 11 : 0.5167977932753091  | time taken : 3.9263787269592285
 Thread 3 estimated dimension 6 of 11 : 1  | time taken : 0.9776031970977783
 Thread 7 estimated dimension 9 of 11 : 0.9840082563852061  | time taken : 1.6008024215698242
 Thread 3 estimated dimension 7 of 11 : 0.9810315271038909  | time taken : 1.3794264793395996
 Thread 4 estimated dimension 6 of 11 : 0.30644508009628085  | time taken : 11.986848592758179
 Thread 7 estimated dimension 10 of 11 : 1  | time taken : 1.1288683414459229
 Thread 6 estimated dimension 9 of 11 : 0.5120019509958684  | time taken : 5.054425477981567
 Thread 7 nsolns: 47306
 Thread 4 estimated dimension 7 of 11 : 1  | time taken : 1.175933837890625
 Thread 6 estimated dimension 10 of 11 : 1  | time taken : 1.283271312713623
 Thread 6 nsolns: 49440
 Thread 5 estimated dimension 6 of 11 : 0.31334197179974554  | time taken : 8.70560097694397
 Thread 3 estimated dimension 8 of 11 : 0.49455110898270765  | time taken : 5.051364898681641
 Thread 1 estimated dimension 1 of 11 : 0.36500115216652124  | time taken : 8.470399141311646
 Thread 5 estimated dimension 7 of 11 : 1  | time taken : 1.0529205799102783
 Thread 3 estimated dimension 9 of 11 : 0.9755348562927624  | time taken : 1.0592844486236572
 Thread 4 estimated dimension 8 of 11 : 0.47826196929526243  | time taken : 4.255340814590454
 Thread 5 estimated dimension 8 of 11 : 0.9981468653531245  | time taken : 1.2670037746429443
 Thread 4 estimated dimension 9 of 11 : 0.9794721356172492  | time taken : 1.5202877521514893
 Thread 3 estimated dimension 10 of 11 : 1  | time taken : 1.5377075672149658
 Thread 3 nsolns: 48672
 Thread 5 estimated dimension 9 of 11 : 1  | time taken : 0.7075955867767334
 Thread 4 estimated dimension 10 of 11 : 1  | time taken : 0.8795492649078369
 Thread 4 nsolns: 48255
 Thread 5 estimated dimension 10 of 11 : 1  | time taken : 0.8491241931915283
 Thread 5 nsolns: 48859
 Thread 1 estimated dimension 2 of 11 : 0.5756802425494021  | time taken : 3.976933717727661
 Thread 1 estimated dimension 3 of 11 : 0.24238072077971018  | time taken : 7.921691179275513
 Thread 1 estimated dimension 4 of 11 : 0.4747507181823333  | time taken : 2.2891077995300293
 Thread 1 estimated dimension 5 of 11 : 0.9868016042077477  | time taken : 0.5134685039520264
 Thread 1 estimated dimension 6 of 11 : 1  | time taken : 0.44264817237854004
 Thread 1 estimated dimension 7 of 11 : 0.9787438378176262  | time taken : 0.4157273769378662
 Thread 1 estimated dimension 8 of 11 : 0.9935509551272492  | time taken : 0.3950355052947998
 Thread 1 estimated dimension 9 of 11 : 0.9763628879118031  | time taken : 0.39226651191711426
 Thread 1 estimated dimension 10 of 11 : 0.9729577265860201  | time taken : 0.3757009506225586
 Thread 1 nsolns: 49721
 estimated weights : [0.01685496935152103, 0.016459558747809147, 0.012818854935546117, 0.012625072745285685, 0.013933991392523727, 0.0077814197429136416, 0.0076159146512529636, 0.015371599564189766, 0.012264085827161462, 0.017878388425038902, 0.010659979791474383, 0.008184802230220688, 0.00793021280639041, 0.009909063815597195, 0.01542354201418235, 0.01567406355880914, 0.015020936197152173, 0.013414301785920455, 0.011142434920601444, 0.009043306988504507, 0.007382774825653562, 0.012669404277450454, 0.013493248705887263, 0.011101032891693693, 0.0125564160017981, 0.008989734734512554, 0.007633318759301625, 0.009926733665823586, 0.01346195351830363, 0.017907180974019374, 0.012387165776627141, 0.007936267209302907, 0.013067229882630583, 0.014813338054204343, 0.012932199027953069, 0.007615968228876878, 0.0140685900614636, 0.012684213860078133, 0.016218103894488682, 0.012429519305607678, 0.015200398544202024, 0.008350906817932954, 0.016780632453229444, 0.012964058859415928, 0.012804552300515346, 0.01351081912630884, 0.00946138318456062, 0.013902924841057882, 0.008353028423338411, 0.015117051825769029, 0.015953232466770738, 0.009172584168889181, 0.008479298334675884, 0.007763993135762628, 0.009854122576039084, 0.013725820877746105, 0.009039008981837925, 0.014192769810742792, 0.013900136834124827, 0.01301663965075435, 0.0075630068427546175, 0.01384209238390835, 0.012756112255752764, 0.013895718962703862, 0.007720699790858008, 0.01405445794756576, 0.008005908266505386, 0.012231416335111914, 0.011237168484093995, 0.013205820945854919, 0.01277751832636016]
