numSolutions: 82 k : 2201
9 82 0.03333333333333333 0.00013550135501355014

 Thread 6 estimated dimension 0 of 9 : 0.5918122178247122  | time taken : 4.765950679779053
 Thread 1 estimated dimension 0 of 9 : 0.6003413543291035  | time taken : 5.057033538818359
 Thread 3 estimated dimension 0 of 9 : 0.6149420084106287  | time taken : 5.283869743347168
 Thread 7 estimated dimension 0 of 9 : 0.5998644412638013  | time taken : 5.3324196338653564
 Thread 3 estimated dimension 1 of 9 : 0.593145342103195  | time taken : 4.262021541595459
 Thread 5 estimated dimension 0 of 9 : 0.38093707631627566  | time taken : 9.938379049301147
 Thread 7 estimated dimension 1 of 9 : 0.6114048880030463  | time taken : 4.5252766609191895
 Thread 2 estimated dimension 0 of 9 : 0.38254886047883496  | time taken : 10.154128789901733
 Thread 4 estimated dimension 0 of 9 : 0.382134284616412  | time taken : 10.29487133026123
 Thread 5 estimated dimension 1 of 9 : 0.9986491850068899  | time taken : 1.2080771923065186
 Thread 2 estimated dimension 1 of 9 : 0.9986359445129701  | time taken : 1.4455649852752686
 Thread 4 estimated dimension 1 of 9 : 1  | time taken : 1.3262004852294922
 Thread 4 estimated dimension 2 of 9 : 1  | time taken : 1.0396301746368408
 Thread 5 estimated dimension 2 of 9 : 0.9539885267102963  | time taken : 1.3888580799102783
 Thread 2 estimated dimension 2 of 9 : 0.9971436692161538  | time taken : 1.2718515396118164
 Thread 3 estimated dimension 2 of 9 : 0.6320506944557804  | time taken : 3.760833501815796
 Thread 5 estimated dimension 3 of 9 : 0.9870296521357812  | time taken : 0.830519437789917
 Thread 4 estimated dimension 3 of 9 : 0.9891639268321637  | time taken : 1.4167988300323486
 Thread 2 estimated dimension 3 of 9 : 0.9906207885246172  | time taken : 1.3153636455535889
 Thread 6 estimated dimension 1 of 9 : 0.4130412792743137  | time taken : 12.584313869476318
 Thread 1 estimated dimension 1 of 9 : 0.42306386824004516  | time taken : 12.555987119674683
 Thread 6 estimated dimension 2 of 9 : 1  | time taken : 1.0293388366699219
 Thread 3 estimated dimension 3 of 9 : 0.6887785526526675  | time taken : 5.1378490924835205
 Thread 1 estimated dimension 2 of 9 : 0.9722364924176135  | time taken : 1.2475380897521973
 Thread 6 estimated dimension 3 of 9 : 1  | time taken : 1.1191363334655762
 Thread 3 estimated dimension 4 of 9 : 1  | time taken : 1.5061957836151123
 Thread 1 estimated dimension 3 of 9 : 1  | time taken : 1.4322078227996826
 Thread 6 estimated dimension 4 of 9 : 1  | time taken : 0.9000380039215088
 Thread 1 estimated dimension 4 of 9 : 0.972088016810068  | time taken : 1.2693030834197998
 Thread 3 estimated dimension 5 of 9 : 1  | time taken : 1.2799503803253174
 Thread 2 estimated dimension 4 of 9 : 0.7469462716638339  | time taken : 7.69042444229126
 Thread 7 estimated dimension 2 of 9 : 0.36998587954705897  | time taken : 13.603692054748535
 Thread 6 estimated dimension 5 of 9 : 0.6978697682205444  | time taken : 5.844865560531616
 Thread 2 estimated dimension 5 of 9 : 0.7088182331296771  | time taken : 6.115781784057617
 Thread 3 estimated dimension 6 of 9 : 0.48660525195809856  | time taken : 10.173969984054565
 Thread 7 estimated dimension 3 of 9 : 0.48226378096419986  | time taken : 8.80334997177124
 Thread 5 estimated dimension 4 of 9 : 0.26332045890936995  | time taken : 19.466617345809937
 Thread 4 estimated dimension 4 of 9 : 0.26267349994714106  | time taken : 19.066704988479614
 Thread 7 estimated dimension 4 of 9 : 1  | time taken : 1.0448024272918701
 Thread 4 estimated dimension 5 of 9 : 0.9811885679036865  | time taken : 0.6846280097961426
 Thread 5 estimated dimension 5 of 9 : 1  | time taken : 0.916940450668335
 Thread 7 estimated dimension 5 of 9 : 1  | time taken : 0.9180433750152588
 Thread 2 estimated dimension 6 of 9 : 0.5052561776592528  | time taken : 6.409089088439941
 Thread 6 estimated dimension 6 of 9 : 0.508071910384192  | time taken : 7.766852378845215
 Thread 4 estimated dimension 6 of 9 : 1  | time taken : 0.9243547916412354
 Thread 5 estimated dimension 6 of 9 : 0.9634975961076063  | time taken : 1.2766826152801514
 Thread 7 estimated dimension 6 of 9 : 0.9968197741033762  | time taken : 1.5227670669555664
 Thread 4 estimated dimension 7 of 9 : 1  | time taken : 1.0264472961425781
 Thread 5 estimated dimension 7 of 9 : 1  | time taken : 1.6347990036010742
 Thread 3 estimated dimension 7 of 9 : 0.6134532955740293  | time taken : 7.133913993835449
 Thread 1 estimated dimension 5 of 9 : 0.3059084380580327  | time taken : 17.835465908050537
 Thread 1 estimated dimension 6 of 9 : 0.9877837445872112  | time taken : 3.5431854724884033
 Thread 1 estimated dimension 7 of 9 : 1  | time taken : 1.1282594203948975
 Thread 7 estimated dimension 7 of 9 : 0.5206602825274744  | time taken : 9.997746706008911
 Thread 7 estimated dimension 8 of 9 : 1  | time taken : 1.371622085571289
 Thread 4 estimated dimension 8 of 9 : 0.5124616335593658  | time taken : 11.34601378440857
 Thread 5 estimated dimension 8 of 9 : 0.5037374723506393  | time taken : 10.663098096847534
 Thread 7 nsolns: 30886
 Thread 4 nsolns: 31628
 Thread 5 nsolns: 31628
 Thread 3 estimated dimension 8 of 9 : 0.5100305193518044  | time taken : 10.368346929550171
 Thread 3 nsolns: 30868
 Thread 6 estimated dimension 7 of 9 : 0.3856732033124027  | time taken : 16.584364652633667
 Thread 2 estimated dimension 7 of 9 : 0.3862401192950577  | time taken : 16.979761838912964
 Thread 1 estimated dimension 8 of 9 : 0.497844168981184  | time taken : 7.606750965118408
 Thread 2 estimated dimension 8 of 9 : 0.9872415091969186  | time taken : 1.1947355270385742
 Thread 1 nsolns: 31507
 Thread 6 estimated dimension 8 of 9 : 1  | time taken : 1.1911773681640625
 Thread 2 nsolns: 30801
 Thread 6 nsolns: 30925
 Thread 3 estimated dimension 0 of 9 : 0.5977034079531602  | time taken : 6.790453910827637
 Thread 1 estimated dimension 0 of 9 : 0.6116805100062253  | time taken : 6.07982063293457
 Thread 7 estimated dimension 0 of 9 : 0.3845482589641945  | time taken : 14.782367706298828
 Thread 3 estimated dimension 1 of 9 : 0.592987372495709  | time taken : 6.38665509223938
 Thread 7 estimated dimension 1 of 9 : 0.9832584083841893  | time taken : 1.0577785968780518
 Thread 4 estimated dimension 0 of 9 : 0.3856895005678842  | time taken : 15.91175627708435
 Thread 5 estimated dimension 0 of 9 : 0.3747268637607951  | time taken : 16.86574387550354
 Thread 7 estimated dimension 2 of 9 : 0.9949077531467302  | time taken : 1.4220619201660156
 Thread 4 estimated dimension 1 of 9 : 1  | time taken : 1.2397570610046387
 Thread 1 estimated dimension 1 of 9 : 0.5882829057083191  | time taken : 6.8707499504089355
 Thread 5 estimated dimension 1 of 9 : 0.993004454395617  | time taken : 1.165379285812378
 Thread 7 estimated dimension 3 of 9 : 0.9486182487100233  | time taken : 0.9814081192016602
 Thread 4 estimated dimension 2 of 9 : 1  | time taken : 1.0000877380371094
 Thread 6 estimated dimension 0 of 9 : 0.37485578415028953  | time taken : 14.891089916229248
 Thread 3 estimated dimension 2 of 9 : 0.5961859251043924  | time taken : 5.1453697681427
 Thread 4 estimated dimension 3 of 9 : 0.9763297764198002  | time taken : 1.2525601387023926
 Thread 5 estimated dimension 2 of 9 : 0.9752450138405905  | time taken : 1.7986345291137695
 Thread 2 estimated dimension 0 of 9 : 0.3814422287618653  | time taken : 16.999550819396973
 Thread 6 estimated dimension 1 of 9 : 1  | time taken : 1.589388370513916
 Thread 5 estimated dimension 3 of 9 : 1  | time taken : 0.8264784812927246
 Thread 2 estimated dimension 1 of 9 : 0.997137208211732  | time taken : 1.2839291095733643
 Thread 6 estimated dimension 2 of 9 : 1  | time taken : 1.6026761531829834
 Thread 2 estimated dimension 2 of 9 : 0.978644837817265  | time taken : 1.3608736991882324
 Thread 6 estimated dimension 3 of 9 : 1  | time taken : 0.9908742904663086
 Thread 3 estimated dimension 3 of 9 : 0.6762814506421181  | time taken : 4.433302879333496
 Thread 2 estimated dimension 3 of 9 : 0.9947901881152929  | time taken : 1.1452910900115967
 Thread 7 estimated dimension 4 of 9 : 0.7436725897492854  | time taken : 7.7221457958221436
 Thread 3 estimated dimension 4 of 9 : 1  | time taken : 1.2181828022003174
 Thread 4 estimated dimension 4 of 9 : 0.7505389801235468  | time taken : 7.387940883636475
 Thread 3 estimated dimension 5 of 9 : 1  | time taken : 1.3408467769622803
 Thread 5 estimated dimension 4 of 9 : 0.7306963810369739  | time taken : 7.11487340927124
 Thread 6 estimated dimension 4 of 9 : 0.7460534058843987  | time taken : 6.008332252502441
 Thread 1 estimated dimension 2 of 9 : 0.37838301340749836  | time taken : 14.442906379699707
 Thread 7 estimated dimension 5 of 9 : 0.7175102227082448  | time taken : 6.256222724914551
 Thread 2 estimated dimension 4 of 9 : 0.7648196736714051  | time taken : 7.321365833282471
 Thread 4 estimated dimension 5 of 9 : 0.7235601178744628  | time taken : 6.4866297245025635
 Thread 5 estimated dimension 5 of 9 : 0.6911738740745821  | time taken : 5.160019159317017
 Thread 6 estimated dimension 5 of 9 : 0.7119304363129281  | time taken : 5.706040620803833
 Thread 3 estimated dimension 6 of 9 : 0.5055569806829343  | time taken : 8.913649082183838
 Thread 2 estimated dimension 5 of 9 : 0.6930505483698729  | time taken : 6.1446449756622314
 Thread 7 estimated dimension 6 of 9 : 0.5152807564758247  | time taken : 6.999746322631836
 Thread 1 estimated dimension 3 of 9 : 0.49272589371657  | time taken : 9.50658130645752
 Thread 4 estimated dimension 6 of 9 : 0.5015864750644784  | time taken : 8.244457244873047
 Thread 1 estimated dimension 4 of 9 : 1  | time taken : 1.1762166023254395
 Thread 3 estimated dimension 7 of 9 : 0.6246732364280074  | time taken : 6.269884824752808
 Thread 5 estimated dimension 6 of 9 : 0.4832940572806063  | time taken : 9.134113788604736
 Thread 1 estimated dimension 5 of 9 : 1  | time taken : 1.0898025035858154
 Thread 1 estimated dimension 6 of 9 : 0.970019253849644  | time taken : 1.2307524681091309
 Thread 2 estimated dimension 6 of 9 : 0.5049252386084799  | time taken : 6.508003234863281
 Thread 6 estimated dimension 6 of 9 : 0.4878844350219178  | time taken : 10.941177368164062
 Thread 4 estimated dimension 7 of 9 : 0.6290306130629492  | time taken : 6.5761730670928955
 Thread 5 estimated dimension 7 of 9 : 0.6313125343437928  | time taken : 7.527189254760742
 Thread 3 estimated dimension 8 of 9 : 0.4909542742985541  | time taken : 8.314497947692871
 Thread 3 nsolns: 30880
 Thread 7 estimated dimension 7 of 9 : 0.3715214113704574  | time taken : 13.139333248138428
 Thread 7 estimated dimension 8 of 9 : 1  | time taken : 1.123863935470581
 Thread 7 nsolns: 30801
 Thread 1 estimated dimension 7 of 9 : 0.48794175958453867  | time taken : 9.094109535217285
 Thread 4 estimated dimension 8 of 9 : 0.5054287865093762  | time taken : 6.738285779953003
 Thread 4 nsolns: 30673
 Thread 1 estimated dimension 8 of 9 : 1  | time taken : 1.0532004833221436
 Thread 1 nsolns: 31034
 Thread 3 estimated dimension 0 of 9 : 0.6029762365310505  | time taken : 5.384340286254883
 Thread 2 estimated dimension 7 of 9 : 0.3890368560733139  | time taken : 11.193333387374878
 Thread 6 estimated dimension 7 of 9 : 0.3842863008766706  | time taken : 10.324211597442627
 Thread 6 estimated dimension 8 of 9 : 0.9596271397311982  | time taken : 1.04923415184021
 Thread 7 estimated dimension 0 of 9 : 0.597899630422706  | time taken : 4.735936880111694
 Thread 6 nsolns: 30926
 Thread 2 estimated dimension 8 of 9 : 0.9812661754295565  | time taken : 1.4656012058258057
 Thread 5 estimated dimension 8 of 9 : 0.491204417213908  | time taken : 8.326425075531006
 Thread 2 nsolns: 30801
 Thread 5 nsolns: 30957
 Thread 4 estimated dimension 0 of 9 : 0.6013246904223601  | time taken : 5.633875131607056
 Thread 1 estimated dimension 0 of 9 : 0.602712174443615  | time taken : 5.680559873580933
 Thread 3 estimated dimension 1 of 9 : 0.5823001774790174  | time taken : 5.916466236114502
 Thread 6 estimated dimension 0 of 9 : 0.5949458116317702  | time taken : 5.705240488052368
 Thread 4 estimated dimension 1 of 9 : 0.5790455068169159  | time taken : 6.267298460006714
 Thread 3 estimated dimension 2 of 9 : 0.614340886779653  | time taken : 5.826754093170166
 Thread 6 estimated dimension 1 of 9 : 0.5975739609463181  | time taken : 6.9164299964904785
 Thread 5 estimated dimension 0 of 9 : 0.3889811252098836  | time taken : 14.236255168914795
 Thread 2 estimated dimension 0 of 9 : 0.3795622393485612  | time taken : 14.806901931762695
 Thread 7 estimated dimension 1 of 9 : 0.4189406732331595  | time taken : 15.992899417877197
 Thread 5 estimated dimension 1 of 9 : 0.9698913224039875  | time taken : 1.0885224342346191
 Thread 2 estimated dimension 1 of 9 : 1  | time taken : 1.1583690643310547
 Thread 7 estimated dimension 2 of 9 : 0.9997436588336422  | time taken : 1.1741952896118164
 Thread 5 estimated dimension 2 of 9 : 1  | time taken : 1.2791383266448975
 Thread 2 estimated dimension 2 of 9 : 0.9639267437800936  | time taken : 1.3021366596221924
 Thread 1 estimated dimension 1 of 9 : 0.4240847374931464  | time taken : 15.272947311401367
 Thread 2 estimated dimension 3 of 9 : 1  | time taken : 0.8236038684844971
 Thread 7 estimated dimension 3 of 9 : 0.9863101119822106  | time taken : 1.2846794128417969
 Thread 5 estimated dimension 3 of 9 : 1  | time taken : 1.3106637001037598
 Thread 1 estimated dimension 2 of 9 : 0.9805039967313857  | time taken : 1.0654749870300293
 Thread 1 estimated dimension 3 of 9 : 1  | time taken : 1.3441598415374756
 Thread 7 estimated dimension 4 of 9 : 0.970428715364137  | time taken : 1.2481029033660889
 Thread 4 estimated dimension 2 of 9 : 0.36373975907534556  | time taken : 12.359808444976807
 Thread 1 estimated dimension 4 of 9 : 1  | time taken : 1.5331828594207764
 Thread 3 estimated dimension 3 of 9 : 0.3095266112852574  | time taken : 12.969916343688965
 Thread 3 estimated dimension 4 of 9 : 1  | time taken : 1.399794578552246
 Thread 5 estimated dimension 4 of 9 : 0.7513133353300333  | time taken : 6.373305320739746
 Thread 6 estimated dimension 2 of 9 : 0.3696025642843051  | time taken : 12.737202644348145
 Thread 3 estimated dimension 5 of 9 : 0.9706283027389699  | time taken : 0.9117810726165771
 Thread 7 estimated dimension 5 of 9 : 0.6890461889923363  | time taken : 5.235124349594116
 Thread 1 estimated dimension 5 of 9 : 0.7015097380748072  | time taken : 4.688193321228027
 Thread 4 estimated dimension 3 of 9 : 0.5039882162988216  | time taken : 9.924920320510864
 Thread 5 estimated dimension 5 of 9 : 0.6866239979865045  | time taken : 6.176640510559082
 Thread 4 estimated dimension 4 of 9 : 1  | time taken : 0.37900447845458984
 Thread 4 estimated dimension 5 of 9 : 0.9809914796638499  | time taken : 1.6698684692382812
 Thread 4 estimated dimension 6 of 9 : 1  | time taken : 1.036897897720337
 Thread 6 estimated dimension 3 of 9 : 0.5143480093437289  | time taken : 9.888785123825073
 Thread 3 estimated dimension 6 of 9 : 0.47894582878014147  | time taken : 9.425731658935547
 Thread 6 estimated dimension 4 of 9 : 1  | time taken : 0.6826822757720947
 Thread 7 estimated dimension 6 of 9 : 0.4802414318496015  | time taken : 10.518975734710693
 Thread 3 estimated dimension 7 of 9 : 1  | time taken : 1.1359305381774902
 Thread 4 estimated dimension 7 of 9 : 0.988967400049225  | time taken : 1.6658344268798828
 Thread 6 estimated dimension 5 of 9 : 1  | time taken : 1.2945268154144287
 Thread 3 estimated dimension 8 of 9 : 0.9951728308981362  | time taken : 1.347048282623291
 Thread 3 nsolns: 31217
 Thread 1 estimated dimension 6 of 9 : 0.49051141911119545  | time taken : 11.67123532295227
 Thread 6 estimated dimension 6 of 9 : 1  | time taken : 1.3675086498260498
 Thread 5 estimated dimension 6 of 9 : 0.5014414870106271  | time taken : 9.138932704925537
 Thread 2 estimated dimension 4 of 9 : 0.26356730718676313  | time taken : 21.582011222839355
 Thread 6 estimated dimension 7 of 9 : 0.970778795124276  | time taken : 1.2949867248535156
 Thread 2 estimated dimension 5 of 9 : 1  | time taken : 1.6464810371398926
 Thread 2 estimated dimension 6 of 9 : 0.9832432374776364  | time taken : 0.6961452960968018
 Thread 7 estimated dimension 7 of 9 : 0.6068780247153747  | time taken : 8.229766845703125
 Thread 2 estimated dimension 7 of 9 : 1  | time taken : 1.297482967376709
 Thread 5 estimated dimension 7 of 9 : 0.6236860748032068  | time taken : 5.771291494369507
 Thread 4 estimated dimension 8 of 9 : 0.4950896621847324  | time taken : 9.328523874282837
 Thread 4 nsolns: 30878
 Thread 1 estimated dimension 7 of 9 : 0.635416032238062  | time taken : 8.659739971160889
 Thread 6 estimated dimension 8 of 9 : 0.5114696083495268  | time taken : 8.27711033821106
 Thread 6 nsolns: 30730
 Thread 4 estimated dimension 0 of 9 : 0.5825625733104626  | time taken : 5.45701789855957
 Thread 7 estimated dimension 8 of 9 : 0.5014326061838742  | time taken : 7.807255029678345
 Thread 7 nsolns: 30933
 Thread 2 estimated dimension 8 of 9 : 0.5066307533885456  | time taken : 8.323497533798218
 Thread 2 nsolns: 31628
 Thread 1 estimated dimension 8 of 9 : 0.5152270541436426  | time taken : 6.7258851528167725
 Thread 1 nsolns: 30933
 Thread 3 estimated dimension 0 of 9 : 0.37479228364887424  | time taken : 16.46130609512329
 Thread 5 estimated dimension 8 of 9 : 0.481052314269554  | time taken : 9.316992282867432
 Thread 5 nsolns: 30821
 Thread 3 estimated dimension 1 of 9 : 1  | time taken : 0.8061273097991943
 Thread 3 estimated dimension 2 of 9 : 1  | time taken : 1.1850087642669678
 Thread 4 estimated dimension 1 of 9 : 0.5875108296420467  | time taken : 5.652966022491455
 Thread 7 estimated dimension 0 of 9 : 0.5991035990335262  | time taken : 5.04503870010376
 Thread 3 estimated dimension 3 of 9 : 0.9638994715072298  | time taken : 1.259002447128296
 Thread 2 estimated dimension 0 of 9 : 0.5975599450251102  | time taken : 5.82243537902832
 Thread 1 estimated dimension 0 of 9 : 0.6041606935995615  | time taken : 4.725786209106445
 Thread 6 estimated dimension 0 of 9 : 0.38676371733871057  | time taken : 14.341080904006958
 Thread 4 estimated dimension 2 of 9 : 0.6197452299751747  | time taken : 6.143813610076904
 Thread 6 estimated dimension 1 of 9 : 1  | time taken : 1.2159359455108643
 Thread 3 estimated dimension 4 of 9 : 0.7148667333224383  | time taken : 7.159818649291992
 Thread 1 estimated dimension 1 of 9 : 0.5902199678177188  | time taken : 6.5312159061431885
 Thread 6 estimated dimension 2 of 9 : 0.990282853259195  | time taken : 1.1510310173034668
 Thread 2 estimated dimension 1 of 9 : 0.5857179909397021  | time taken : 7.112452983856201
 Thread 6 estimated dimension 3 of 9 : 0.9863366243417487  | time taken : 1.4546093940734863
 Thread 5 estimated dimension 0 of 9 : 0.38300285726875827  | time taken : 14.110062599182129
 Thread 1 estimated dimension 2 of 9 : 0.6174290716134816  | time taken : 3.795846939086914
 Thread 5 estimated dimension 1 of 9 : 1  | time taken : 0.9118731021881104
 Thread 3 estimated dimension 5 of 9 : 0.7166981042124054  | time taken : 5.373871803283691
 Thread 5 estimated dimension 2 of 9 : 1  | time taken : 1.5232667922973633
 Thread 7 estimated dimension 1 of 9 : 0.42576571454400075  | time taken : 14.584017515182495
 Thread 7 estimated dimension 2 of 9 : 1  | time taken : 1.4034850597381592
 Thread 6 estimated dimension 4 of 9 : 0.7170493825974891  | time taken : 6.608749628067017
 Thread 5 estimated dimension 3 of 9 : 1  | time taken : 1.5414655208587646
 Thread 1 estimated dimension 3 of 9 : 0.6931506264697539  | time taken : 4.847716331481934
 Thread 7 estimated dimension 3 of 9 : 1  | time taken : 1.2416584491729736
 Thread 1 estimated dimension 4 of 9 : 1  | time taken : 1.0775136947631836
 Thread 7 estimated dimension 4 of 9 : 1  | time taken : 1.117844581604004
 Thread 1 estimated dimension 5 of 9 : 1  | time taken : 0.9504659175872803
 Thread 4 estimated dimension 3 of 9 : 0.3192817548695962  | time taken : 13.691160917282104
 Thread 2 estimated dimension 2 of 9 : 0.3803285267039148  | time taken : 12.470980405807495
 Thread 6 estimated dimension 5 of 9 : 0.7118466062128898  | time taken : 5.00403904914856
 Thread 4 estimated dimension 4 of 9 : 0.9908978071161115  | time taken : 1.3547747135162354
 Thread 3 estimated dimension 6 of 9 : 0.4833687960103439  | time taken : 9.23557448387146
 Thread 4 estimated dimension 5 of 9 : 0.9744589446628512  | time taken : 1.57167387008667
 Thread 5 estimated dimension 4 of 9 : 0.7377711957767292  | time taken : 6.997887134552002
 Thread 5 estimated dimension 5 of 9 : 0.7158849769362317  | time taken : 4.395536184310913
 Thread 1 estimated dimension 6 of 9 : 0.5086283267856802  | time taken : 8.971535205841064
 Thread 6 estimated dimension 6 of 9 : 0.5166031878131568  | time taken : 8.05581545829773
 Thread 3 estimated dimension 7 of 9 : 0.6217371471977328  | time taken : 6.640194654464722
 Thread 2 estimated dimension 3 of 9 : 0.5115567135582382  | time taken : 8.941626071929932
 Thread 4 estimated dimension 6 of 9 : 0.4949645946794051  | time taken : 7.977550983428955
 Thread 2 estimated dimension 4 of 9 : 1  | time taken : 1.509023904800415
 Thread 4 estimated dimension 7 of 9 : 0.9989013803849357  | time taken : 1.051161289215088
 Thread 2 estimated dimension 5 of 9 : 1  | time taken : 1.2410106658935547
 Thread 4 estimated dimension 8 of 9 : 0.9804516686360522  | time taken : 1.0271601676940918
 Thread 4 nsolns: 31217
 Thread 2 estimated dimension 6 of 9 : 1  | time taken : 0.9336087703704834
 Thread 5 estimated dimension 6 of 9 : 0.5160791845769404  | time taken : 6.758062362670898
 Thread 6 estimated dimension 7 of 9 : 0.6348602523209933  | time taken : 5.457000732421875
 Thread 7 estimated dimension 5 of 9 : 0.30631587500488827  | time taken : 16.288710355758667
 Thread 2 estimated dimension 7 of 9 : 0.9905008390412584  | time taken : 0.826796293258667
 Thread 3 estimated dimension 8 of 9 : 0.507765856146394  | time taken : 6.5151896476745605
 Thread 7 estimated dimension 6 of 9 : 1  | time taken : 1.4588806629180908
 Thread 3 nsolns: 30809
 Thread 7 estimated dimension 7 of 9 : 1  | time taken : 0.6111268997192383
 Thread 1 estimated dimension 7 of 9 : 0.37742303529322785  | time taken : 11.939629554748535
 Thread 5 estimated dimension 7 of 9 : 0.6123861741164678  | time taken : 6.218292236328125
 Thread 1 estimated dimension 8 of 9 : 0.999434012187746  | time taken : 0.7744441032409668
 Thread 1 nsolns: 30860
 Thread 3 estimated dimension 0 of 9 : 0.6166242574991534  | time taken : 5.390433073043823
 Thread 2 estimated dimension 8 of 9 : 0.5030692140176479  | time taken : 7.568558692932129
 Thread 2 nsolns: 30730
 Thread 6 estimated dimension 8 of 9 : 0.4920084700426119  | time taken : 8.949113130569458
 Thread 6 nsolns: 30821
 Thread 7 estimated dimension 8 of 9 : 0.5021567348415066  | time taken : 7.81592869758606
 Thread 7 nsolns: 31655
 Thread 4 estimated dimension 0 of 9 : 0.3902157939139411  | time taken : 13.070106506347656
 Thread 1 estimated dimension 0 of 9 : 0.5891601657673025  | time taken : 5.018204212188721
 Thread 4 estimated dimension 1 of 9 : 1  | time taken : 0.8163373470306396
 Thread 5 estimated dimension 8 of 9 : 0.5130466133903161  | time taken : 6.306305885314941
 Thread 5 nsolns: 30673
 Thread 3 estimated dimension 1 of 9 : 0.5949234101893092  | time taken : 5.614392518997192
 Thread 4 estimated dimension 2 of 9 : 0.9945410299416538  | time taken : 1.1575469970703125
 Thread 6 estimated dimension 0 of 9 : 0.6138665377621095  | time taken : 4.570495128631592
 Thread 4 estimated dimension 3 of 9 : 1  | time taken : 1.6244676113128662
 Thread 1 estimated dimension 1 of 9 : 0.6000175968710563  | time taken : 6.972891569137573
 Thread 2 estimated dimension 0 of 9 : 0.38075580768220424  | time taken : 12.524516582489014
 Thread 6 estimated dimension 1 of 9 : 0.6099796236928029  | time taken : 6.818640470504761
 Thread 4 estimated dimension 4 of 9 : 0.7230283563054863  | time taken : 6.232422590255737
 Thread 2 estimated dimension 1 of 9 : 0.9792388129257745  | time taken : 1.3734543323516846
 Thread 2 estimated dimension 2 of 9 : 1  | time taken : 1.103337287902832
 Thread 2 estimated dimension 3 of 9 : 1  | time taken : 0.5803389549255371
 Thread 3 estimated dimension 2 of 9 : 0.37257702728403214  | time taken : 12.127296686172485
 Thread 7 estimated dimension 0 of 9 : 0.3866055596164735  | time taken : 15.301888704299927
 Thread 5 estimated dimension 0 of 9 : 0.3850764025795233  | time taken : 13.56640076637268
 Thread 4 estimated dimension 5 of 9 : 0.7050253008000152  | time taken : 4.249743938446045
 Thread 7 estimated dimension 1 of 9 : 1  | time taken : 1.0789706707000732
 Thread 5 estimated dimension 1 of 9 : 0.9760377457422028  | time taken : 1.2865593433380127
 Thread 7 estimated dimension 2 of 9 : 1  | time taken : 0.6536929607391357
 Thread 1 estimated dimension 2 of 9 : 0.3701763560312484  | time taken : 11.115856170654297
 Thread 7 estimated dimension 3 of 9 : 0.9921231167651939  | time taken : 1.0044481754302979
 Thread 5 estimated dimension 2 of 9 : 1  | time taken : 1.3159997463226318
 Thread 2 estimated dimension 4 of 9 : 0.7346283743588129  | time taken : 5.4726245403289795
 Thread 5 estimated dimension 3 of 9 : 1  | time taken : 1.4749665260314941
 Thread 6 estimated dimension 2 of 9 : 0.3746582863567113  | time taken : 11.39018726348877
 Thread 3 estimated dimension 3 of 9 : 0.5091420712855321  | time taken : 8.279780387878418
 Thread 4 estimated dimension 6 of 9 : 0.48616427304936843  | time taken : 7.331885576248169
 Thread 2 estimated dimension 5 of 9 : 0.7136692000431476  | time taken : 4.485031366348267
 Thread 3 estimated dimension 4 of 9 : 1  | time taken : 0.8572604656219482
 Thread 3 estimated dimension 5 of 9 : 0.9982785274527901  | time taken : 1.4522449970245361
 Thread 5 estimated dimension 4 of 9 : 0.7456456623802699  | time taken : 5.3188090324401855
 Thread 1 estimated dimension 3 of 9 : 0.47287735160612  | time taken : 7.799436092376709
 Thread 3 estimated dimension 6 of 9 : 0.9943704346757042  | time taken : 0.8945646286010742
 Thread 6 estimated dimension 3 of 9 : 0.48061062423799866  | time taken : 6.506728887557983
 Thread 1 estimated dimension 4 of 9 : 1  | time taken : 1.5900137424468994
 Thread 3 estimated dimension 7 of 9 : 1  | time taken : 1.590301752090454
 Thread 6 estimated dimension 4 of 9 : 0.9541829016964688  | time taken : 0.9443809986114502
 Thread 1 estimated dimension 5 of 9 : 0.9754041403919747  | time taken : 1.1765143871307373
 Thread 4 estimated dimension 7 of 9 : 0.6353930377105096  | time taken : 6.224731206893921
 Thread 2 estimated dimension 6 of 9 : 0.4998104671154886  | time taken : 6.908202171325684
 Thread 6 estimated dimension 5 of 9 : 0.9828758766288496  | time taken : 1.2910757064819336
 Thread 5 estimated dimension 5 of 9 : 0.6969635925012277  | time taken : 4.367537021636963
 Thread 1 estimated dimension 6 of 9 : 1  | time taken : 1.4270985126495361
 Thread 6 estimated dimension 6 of 9 : 1  | time taken : 1.2203524112701416
 Thread 7 estimated dimension 4 of 9 : 0.2633260825692645  | time taken : 17.494611024856567
 Thread 2 estimated dimension 7 of 9 : 0.6234798802960955  | time taken : 5.58972430229187
 Thread 4 estimated dimension 8 of 9 : 0.5076242454250429  | time taken : 7.325593709945679
 Thread 3 estimated dimension 8 of 9 : 0.4864232616558895  | time taken : 9.322753667831421
 Thread 4 nsolns: 30809
 Thread 7 estimated dimension 5 of 9 : 0.9459653171013478  | time taken : 1.3487591743469238
 Thread 3 nsolns: 30878
 Thread 5 estimated dimension 6 of 9 : 0.5105704373333944  | time taken : 8.118884563446045
 Thread 7 estimated dimension 6 of 9 : 1  | time taken : 1.3268563747406006
 Thread 6 estimated dimension 7 of 9 : 0.516932015705367  | time taken : 7.722808122634888
 Thread 6 estimated dimension 8 of 9 : 0.9748532545087532  | time taken : 0.9546566009521484
 Thread 1 estimated dimension 7 of 9 : 0.4796533027453971  | time taken : 9.642890214920044
 Thread 6 nsolns: 30886
 Thread 7 estimated dimension 7 of 9 : 1  | time taken : 0.8813722133636475
 Thread 1 estimated dimension 8 of 9 : 1  | time taken : 1.1890966892242432
 Thread 1 nsolns: 31034
 Thread 4 estimated dimension 0 of 9 : 0.6125538070686265  | time taken : 6.130431652069092
 Thread 3 estimated dimension 0 of 9 : 0.6028434272150294  | time taken : 5.838965892791748
 Thread 2 estimated dimension 8 of 9 : 0.5067229577996236  | time taken : 7.050830125808716
 Thread 2 nsolns: 30673
 Thread 6 estimated dimension 0 of 9 : 0.6111913328325221  | time taken : 4.508756875991821
 Thread 7 estimated dimension 8 of 9 : 0.5022321267198873  | time taken : 6.372129201889038
 Thread 1 estimated dimension 0 of 9 : 0.6162965968743924  | time taken : 5.041787624359131
 Thread 7 nsolns: 31628
 Thread 3 estimated dimension 1 of 9 : 0.5891829431616595  | time taken : 5.1901044845581055
 Thread 2 estimated dimension 0 of 9 : 0.5929874319860948  | time taken : 5.037328243255615
 Thread 5 estimated dimension 7 of 9 : 0.37849554586307294  | time taken : 11.162203788757324
 Thread 6 estimated dimension 1 of 9 : 0.5930042238829697  | time taken : 5.391696214675903
 Thread 5 estimated dimension 8 of 9 : 1  | time taken : 1.085702896118164
 Thread 5 nsolns: 30801
 Thread 7 estimated dimension 0 of 9 : 0.599721906800418  | time taken : 5.008413076400757
 Thread 6 estimated dimension 2 of 9 : 0.6203148481913388  | time taken : 4.603465557098389
 Thread 4 estimated dimension 1 of 9 : 0.41379859069308594  | time taken : 13.536372184753418
 Thread 4 estimated dimension 2 of 9 : 1  | time taken : 1.0371296405792236
 Thread 7 estimated dimension 1 of 9 : 0.5922597927813671  | time taken : 5.338685512542725
 Thread 4 estimated dimension 3 of 9 : 0.9960229808185912  | time taken : 0.8383586406707764
 Thread 6 estimated dimension 3 of 9 : 0.6745803715830182  | time taken : 3.4584360122680664
 Thread 3 estimated dimension 2 of 9 : 0.37248582301099487  | time taken : 10.522969245910645
 Thread 4 estimated dimension 4 of 9 : 0.9842865518726823  | time taken : 0.9243271350860596
 Thread 1 estimated dimension 1 of 9 : 0.40937437094039164  | time taken : 12.971907615661621
 Thread 6 estimated dimension 4 of 9 : 1  | time taken : 1.480109691619873
 Thread 6 estimated dimension 5 of 9 : 1  | time taken : 1.315526008605957
 Thread 1 estimated dimension 2 of 9 : 0.9673384023550695  | time taken : 1.3267529010772705
 Thread 2 estimated dimension 1 of 9 : 0.4228364423676571  | time taken : 13.549477815628052
 Thread 5 estimated dimension 0 of 9 : 0.3849961514840117  | time taken : 12.233017206192017
 Thread 2 estimated dimension 2 of 9 : 0.9935326608718406  | time taken : 1.5132417678833008
 Thread 1 estimated dimension 3 of 9 : 0.9930222342706946  | time taken : 1.7756521701812744
 Thread 4 estimated dimension 5 of 9 : 0.7024039522290626  | time taken : 4.032410144805908
 Thread 5 estimated dimension 1 of 9 : 1  | time taken : 0.8358876705169678
 Thread 2 estimated dimension 3 of 9 : 1  | time taken : 0.7540593147277832
 Thread 1 estimated dimension 4 of 9 : 0.9965636884261345  | time taken : 1.4137067794799805
 Thread 5 estimated dimension 2 of 9 : 0.9714857005960358  | time taken : 1.3774220943450928
 Thread 2 estimated dimension 4 of 9 : 0.9884810554241183  | time taken : 1.0761525630950928
 Thread 5 estimated dimension 3 of 9 : 1  | time taken : 1.3407180309295654
 Thread 3 estimated dimension 3 of 9 : 0.4973231044340479  | time taken : 8.594778776168823
 Thread 3 estimated dimension 4 of 9 : 0.9860554455592992  | time taken : 1.2987966537475586
 Thread 7 estimated dimension 2 of 9 : 0.3739345998005649  | time taken : 12.222081661224365
 Thread 1 estimated dimension 5 of 9 : 0.7154085157358892  | time taken : 4.524162769317627
 Thread 3 estimated dimension 5 of 9 : 0.9745122523893814  | time taken : 1.0649006366729736
 Thread 6 estimated dimension 6 of 9 : 0.4951850620697089  | time taken : 9.284536123275757
 Thread 3 estimated dimension 6 of 9 : 1  | time taken : 0.7587380409240723
 Thread 3 estimated dimension 7 of 9 : 0.9854020121768422  | time taken : 0.6655154228210449
 Thread 4 estimated dimension 6 of 9 : 0.48655807688774017  | time taken : 8.264982461929321
 Thread 5 estimated dimension 4 of 9 : 0.7585871448860533  | time taken : 4.9197704792022705
 Thread 7 estimated dimension 3 of 9 : 0.4894600306713995  | time taken : 7.138695240020752
 Thread 5 estimated dimension 5 of 9 : 0.7011151423125419  | time taken : 5.649722337722778
 Thread 7 estimated dimension 4 of 9 : 0.9718332684891265  | time taken : 0.8382587432861328
 Thread 4 estimated dimension 7 of 9 : 0.6245104249590323  | time taken : 6.012462377548218
 Thread 3 estimated dimension 8 of 9 : 0.5178626933073471  | time taken : 7.247242450714111
 Thread 7 estimated dimension 5 of 9 : 0.9714511563243706  | time taken : 1.3223888874053955
 Thread 1 estimated dimension 6 of 9 : 0.48058276880946305  | time taken : 9.508435249328613
 Thread 3 nsolns: 30730
 Thread 7 estimated dimension 6 of 9 : 1  | time taken : 1.0463764667510986
 Thread 2 estimated dimension 5 of 9 : 0.2951088827620488  | time taken : 17.491263389587402
 Thread 6 estimated dimension 7 of 9 : 0.37770926735679944  | time taken : 12.333497047424316
 Thread 2 estimated dimension 6 of 9 : 0.9768439996223447  | time taken : 0.5652017593383789
 Thread 6 estimated dimension 8 of 9 : 0.963820085518383  | time taken : 0.9952108860015869
 Thread 6 nsolns: 30985
 Thread 4 estimated dimension 8 of 9 : 0.5094601883446167  | time taken : 6.49597692489624
 Thread 2 estimated dimension 7 of 9 : 1  | time taken : 1.1860082149505615
 Thread 4 nsolns: 30933
 Thread 5 estimated dimension 6 of 9 : 0.5099470971520175  | time taken : 7.820452690124512
 Thread 3 estimated dimension 0 of 9 : 0.6023511249617394  | time taken : 6.5775322914123535
 Thread 1 estimated dimension 7 of 9 : 0.6183230687197204  | time taken : 6.788320064544678
 Thread 7 estimated dimension 7 of 9 : 0.5196331590670467  | time taken : 7.503568410873413
 Thread 7 estimated dimension 8 of 9 : 1  | time taken : 0.9818520545959473
 Thread 5 estimated dimension 7 of 9 : 0.6470181855606773  | time taken : 4.537648916244507
 Thread 4 estimated dimension 0 of 9 : 0.6113651453657939  | time taken : 4.60966420173645
 Thread 7 nsolns: 30886
 Thread 2 estimated dimension 8 of 9 : 0.5056608646642348  | time taken : 6.2968621253967285
 Thread 2 nsolns: 31507
 Thread 3 estimated dimension 1 of 9 : 0.5901908866414484  | time taken : 5.121326446533203
 Thread 1 estimated dimension 8 of 9 : 0.49397244041867766  | time taken : 8.061674356460571
 Thread 1 nsolns: 31081
 Thread 7 estimated dimension 0 of 9 : 0.604418186110598  | time taken : 4.928731679916382
 Thread 5 estimated dimension 8 of 9 : 0.49314690173720976  | time taken : 5.674654006958008
 Thread 5 nsolns: 30673
 Thread 4 estimated dimension 1 of 9 : 0.5881511464863467  | time taken : 6.641005277633667
 Thread 3 estimated dimension 2 of 9 : 0.63161894697223  | time taken : 4.744351863861084
 Thread 6 estimated dimension 0 of 9 : 0.37943755890929076  | time taken : 12.903215169906616
 Thread 6 estimated dimension 1 of 9 : 1  | time taken : 1.2086048126220703
 Thread 6 estimated dimension 2 of 9 : 0.9941213091517921  | time taken : 1.3937938213348389
 Thread 6 estimated dimension 3 of 9 : 0.9743965514074122  | time taken : 0.9321062564849854
 Thread 7 estimated dimension 1 of 9 : 0.578279280830484  | time taken : 6.525516033172607
 Thread 3 estimated dimension 3 of 9 : 0.6903654274648372  | time taken : 5.606844663619995
 Thread 4 estimated dimension 2 of 9 : 0.6423432626562732  | time taken : 6.66060471534729
 Thread 3 estimated dimension 4 of 9 : 1  | time taken : 0.7460815906524658
 Thread 3 estimated dimension 5 of 9 : 1  | time taken : 0.739438533782959
 Thread 2 estimated dimension 0 of 9 : 0.38735755459083626  | time taken : 13.353366374969482
 Thread 2 estimated dimension 1 of 9 : 1  | time taken : 0.9668807983398438
 Thread 7 estimated dimension 2 of 9 : 0.6281758290587621  | time taken : 4.335845708847046
 Thread 4 estimated dimension 3 of 9 : 0.678908697908788  | time taken : 3.2920403480529785
 Thread 2 estimated dimension 2 of 9 : 1  | time taken : 0.8634941577911377
 Thread 4 estimated dimension 4 of 9 : 0.9573480280467629  | time taken : 0.8107912540435791
 Thread 2 estimated dimension 3 of 9 : 0.9888660249350352  | time taken : 1.2048923969268799
 Thread 1 estimated dimension 0 of 9 : 0.3755659939347837  | time taken : 13.462682962417603
 Thread 4 estimated dimension 5 of 9 : 1  | time taken : 0.965883731842041
 Thread 5 estimated dimension 0 of 9 : 0.3793293820772432  | time taken : 12.986783742904663
 Thread 1 estimated dimension 1 of 9 : 0.9675544315412546  | time taken : 0.9884629249572754
 Thread 7 estimated dimension 3 of 9 : 0.692517756706365  | time taken : 3.6337430477142334
 Thread 5 estimated dimension 1 of 9 : 1  | time taken : 1.1803741455078125
 Thread 1 estimated dimension 2 of 9 : 0.9824539210971178  | time taken : 1.3632707595825195
 Thread 3 estimated dimension 6 of 9 : 0.5153218875605848  | time taken : 6.994190692901611
 Thread 7 estimated dimension 4 of 9 : 0.991352686860895  | time taken : 1.1860339641571045
 Thread 1 estimated dimension 3 of 9 : 0.98821237772295  | time taken : 0.9996011257171631
 Thread 5 estimated dimension 2 of 9 : 0.9828455538860535  | time taken : 1.3957791328430176
 Thread 7 estimated dimension 5 of 9 : 0.9928908693191592  | time taken : 1.1908154487609863
 Thread 5 estimated dimension 3 of 9 : 0.9915141732506023  | time taken : 1.0572271347045898
 Thread 3 estimated dimension 7 of 9 : 0.6158113795357582  | time taken : 5.448984384536743
 Thread 6 estimated dimension 4 of 9 : 0.26351607147297007  | time taken : 16.255011081695557
 Thread 4 estimated dimension 6 of 9 : 0.4939939844450698  | time taken : 8.824014902114868
 Thread 6 estimated dimension 5 of 9 : 0.9857505945767118  | time taken : 0.9600198268890381
 Thread 6 estimated dimension 6 of 9 : 0.9862752299044782  | time taken : 0.9073824882507324
 Thread 7 estimated dimension 6 of 9 : 0.5212630953796664  | time taken : 7.188009977340698
 Thread 6 estimated dimension 7 of 9 : 1  | time taken : 0.9221100807189941
 Thread 4 estimated dimension 7 of 9 : 0.6228174651849909  | time taken : 5.958016872406006
 Thread 3 estimated dimension 8 of 9 : 0.48647473417354253  | time taken : 6.782975196838379
 Thread 3 nsolns: 30880
 Thread 2 estimated dimension 4 of 9 : 0.26181636467359815  | time taken : 16.399603605270386
 Thread 7 estimated dimension 7 of 9 : 0.6199511176189744  | time taken : 4.981972694396973
 Thread 2 estimated dimension 5 of 9 : 1  | time taken : 0.7095897197723389
 Thread 2 estimated dimension 6 of 9 : 0.9920660457536603  | time taken : 1.1962051391601562
 Thread 1 estimated dimension 4 of 9 : 0.26530184896169356  | time taken : 15.104002952575684
 Thread 6 estimated dimension 8 of 9 : 0.4953115785853004  | time taken : 6.808481693267822
 Thread 6 nsolns: 31776
 Thread 1 estimated dimension 5 of 9 : 0.9803453230614982  | time taken : 1.56722092628479
 Thread 2 estimated dimension 7 of 9 : 0.9820239399269893  | time taken : 1.5629990100860596
 Thread 5 estimated dimension 4 of 9 : 0.2631917899685681  | time taken : 15.645995616912842
 Thread 5 estimated dimension 5 of 9 : 0.959502285782114  | time taken : 0.5753369331359863
 Thread 1 estimated dimension 6 of 9 : 1  | time taken : 1.0611572265625
 Thread 5 estimated dimension 6 of 9 : 0.9933205825535796  | time taken : 0.6534934043884277
 Thread 1 estimated dimension 7 of 9 : 0.9921087442725307  | time taken : 0.849496603012085
 Thread 7 estimated dimension 8 of 9 : 0.48683117807954945  | time taken : 6.6204752922058105
 Thread 7 nsolns: 30880
 Thread 5 estimated dimension 7 of 9 : 1  | time taken : 1.0698096752166748
 Thread 4 estimated dimension 8 of 9 : 0.49309665546290976  | time taken : 8.833149194717407
 Thread 4 nsolns: 31016
 Thread 6 estimated dimension 0 of 9 : 0.606552686444805  | time taken : 4.852342367172241
 Thread 2 estimated dimension 8 of 9 : 0.49720663753215255  | time taken : 6.116103172302246
 Thread 2 nsolns: 31776
 Thread 3 estimated dimension 0 of 9 : 0.38725986354894637  | time taken : 11.427210807800293
 Thread 3 estimated dimension 1 of 9 : 0.9911375980353093  | time taken : 1.117893934249878
 Thread 1 estimated dimension 8 of 9 : 0.5062614680503389  | time taken : 6.362662315368652
 Thread 4 estimated dimension 0 of 9 : 0.6103554646744663  | time taken : 5.24235200881958
 Thread 1 nsolns: 31628
 Thread 3 estimated dimension 2 of 9 : 0.990715482885238  | time taken : 1.3032727241516113
 Thread 5 estimated dimension 8 of 9 : 0.496189600110695  | time taken : 6.383895397186279
 Thread 5 nsolns: 31628
 Thread 3 estimated dimension 3 of 9 : 1  | time taken : 0.8736364841461182
 Thread 4 estimated dimension 1 of 9 : 0.5869874012209368  | time taken : 5.827081203460693
 Thread 5 estimated dimension 0 of 9 : 0.6058010929600525  | time taken : 5.344791650772095
 Thread 7 estimated dimension 0 of 9 : 0.3926021243970965  | time taken : 14.212177753448486
 Thread 6 estimated dimension 1 of 9 : 0.42100055481502335  | time taken : 13.285851001739502
 Thread 7 estimated dimension 1 of 9 : 1  | time taken : 1.235346794128418
 Thread 6 estimated dimension 2 of 9 : 1  | time taken : 1.2963478565216064
 Thread 2 estimated dimension 0 of 9 : 0.3867730548635772  | time taken : 13.348556995391846
 Thread 7 estimated dimension 2 of 9 : 0.991639573317504  | time taken : 0.7873003482818604
 Thread 6 estimated dimension 3 of 9 : 0.95658165328115  | time taken : 1.1645641326904297
 Thread 2 estimated dimension 1 of 9 : 0.9842167658675445  | time taken : 1.1997013092041016
 Thread 7 estimated dimension 3 of 9 : 0.9891939216802197  | time taken : 1.0834336280822754
 Thread 2 estimated dimension 2 of 9 : 1  | time taken : 0.716327428817749
 Thread 6 estimated dimension 4 of 9 : 1  | time taken : 1.1055715084075928
 Thread 2 estimated dimension 3 of 9 : 0.9764975151529088  | time taken : 0.8167729377746582
 Thread 1 estimated dimension 0 of 9 : 0.3754809707948322  | time taken : 13.721109628677368
 Thread 1 estimated dimension 1 of 9 : 1  | time taken : 0.9311249256134033
 Thread 1 estimated dimension 2 of 9 : 1  | time taken : 0.8773684501647949
 Thread 1 estimated dimension 3 of 9 : 1  | time taken : 0.75628662109375
 Thread 7 estimated dimension 4 of 9 : 0.7735843997404876  | time taken : 4.554425954818726
 Thread 4 estimated dimension 2 of 9 : 0.37975293270948246  | time taken : 11.538447618484497
 Thread 2 estimated dimension 4 of 9 : 0.7403900645584575  | time taken : 4.446864128112793
 Thread 3 estimated dimension 4 of 9 : 0.26488868344929567  | time taken : 17.643889904022217
 Thread 5 estimated dimension 1 of 9 : 0.41305481036207253  | time taken : 13.309623956680298
 Thread 3 estimated dimension 5 of 9 : 0.9901350934956338  | time taken : 1.1187689304351807
 Thread 5 estimated dimension 2 of 9 : 0.9939338521139148  | time taken : 1.0168490409851074
 Thread 3 estimated dimension 6 of 9 : 0.9663859272725914  | time taken : 0.9826195240020752
 Thread 2 estimated dimension 5 of 9 : 0.703205749905372  | time taken : 3.6081788539886475
 Thread 5 estimated dimension 3 of 9 : 0.9899052597685973  | time taken : 1.1469204425811768
 Thread 3 estimated dimension 7 of 9 : 0.9731095965195772  | time taken : 0.9156272411346436
 Thread 5 estimated dimension 4 of 9 : 0.9989973530120979  | time taken : 1.055837869644165
 Thread 4 estimated dimension 3 of 9 : 0.4850026047636196  | time taken : 8.157098054885864
 Thread 4 estimated dimension 4 of 9 : 0.9955146711966475  | time taken : 0.8217957019805908
 Thread 5 estimated dimension 5 of 9 : 0.704430457269132  | time taken : 3.0994489192962646
 Thread 4 estimated dimension 5 of 9 : 0.9983412668003584  | time taken : 0.685837984085083
 Thread 6 estimated dimension 5 of 9 : 0.30118549299499214  | time taken : 14.891948938369751
 Thread 2 estimated dimension 6 of 9 : 0.5074373209625946  | time taken : 5.499757766723633
 Thread 3 estimated dimension 8 of 9 : 0.4890811976365901  | time taken : 5.501061916351318
 Thread 4 estimated dimension 6 of 9 : 0.9668421615774767  | time taken : 1.1945843696594238
 Thread 3 nsolns: 31776
 Thread 6 estimated dimension 6 of 9 : 0.9949269568694686  | time taken : 0.997413158416748
 Thread 7 estimated dimension 5 of 9 : 0.3051803351546339  | time taken : 13.379463911056519
 Thread 6 estimated dimension 7 of 9 : 0.9637580046125682  | time taken : 1.2452843189239502
 Thread 1 estimated dimension 4 of 9 : 0.259531820841503  | time taken : 13.764008522033691
 Thread 7 estimated dimension 6 of 9 : 0.9976395389903462  | time taken : 1.1468102931976318
 Thread 1 estimated dimension 5 of 9 : 0.9815221438808768  | time taken : 1.2071833610534668
 Thread 2 estimated dimension 7 of 9 : 0.6244749045193331  | time taken : 4.547084093093872
 Thread 7 estimated dimension 7 of 9 : 0.9919996575666259  | time taken : 0.9277596473693848
 Thread 1 estimated dimension 6 of 9 : 1  | time taken : 0.8820765018463135
 Thread 1 estimated dimension 7 of 9 : 0.9840541403114914  | time taken : 0.7350592613220215
 Thread 5 estimated dimension 6 of 9 : 0.48692085617449926  | time taken : 6.752078056335449
 Thread 4 estimated dimension 7 of 9 : 0.4861455289736922  | time taken : 6.159410238265991
 Thread 4 estimated dimension 8 of 9 : 0.9817565678604361  | time taken : 0.8463311195373535
 Thread 4 nsolns: 31034
 Thread 6 estimated dimension 8 of 9 : 0.4989038772376252  | time taken : 5.662348985671997
 Thread 6 nsolns: 31507
 Thread 2 estimated dimension 8 of 9 : 0.4887997822630961  | time taken : 5.785645246505737
 Thread 2 nsolns: 30821
 Thread 7 estimated dimension 8 of 9 : 0.49019544053998226  | time taken : 5.809576034545898
 Thread 5 estimated dimension 7 of 9 : 0.6175843922078025  | time taken : 4.328651666641235
 Thread 7 nsolns: 31531
 Thread 3 estimated dimension 0 of 9 : 0.38595756296577294  | time taken : 10.72048020362854
 Thread 3 estimated dimension 1 of 9 : 0.9952650431531497  | time taken : 1.0798933506011963
 Thread 4 estimated dimension 0 of 9 : 0.582651721683102  | time taken : 4.698619842529297
 Thread 6 estimated dimension 0 of 9 : 0.5943438130453833  | time taken : 4.527146577835083
 Thread 1 estimated dimension 8 of 9 : 0.48810700152102965  | time taken : 6.773863315582275
 Thread 1 nsolns: 31776
 Thread 3 estimated dimension 2 of 9 : 0.9862260218039081  | time taken : 1.435920000076294
 Thread 2 estimated dimension 0 of 9 : 0.6176477288778963  | time taken : 4.677854299545288
 Thread 3 estimated dimension 3 of 9 : 1  | time taken : 1.0187156200408936
 Thread 5 estimated dimension 8 of 9 : 0.5092555278265105  | time taken : 5.544367790222168
 Thread 5 nsolns: 30933
 Thread 4 estimated dimension 1 of 9 : 0.5879543873313289  | time taken : 4.571101427078247
 Thread 6 estimated dimension 1 of 9 : 0.6032183553556562  | time taken : 4.615414142608643
 Thread 1 estimated dimension 0 of 9 : 0.5910261415681693  | time taken : 3.939333438873291
 Thread 7 estimated dimension 0 of 9 : 0.3759581614346725  | time taken : 9.821955680847168
 Thread 6 estimated dimension 2 of 9 : 0.6353043802411189  | time taken : 3.285634994506836
 Thread 4 estimated dimension 2 of 9 : 0.6258107602088006  | time taken : 3.3583080768585205
 Thread 1 estimated dimension 1 of 9 : 0.5900195549807424  | time taken : 3.7917592525482178
 Thread 7 estimated dimension 1 of 9 : 1  | time taken : 0.6516578197479248
 Thread 7 estimated dimension 2 of 9 : 1  | time taken : 0.9261374473571777
 Thread 6 estimated dimension 3 of 9 : 0.6827523638765158  | time taken : 1.9501173496246338
 Thread 6 estimated dimension 4 of 9 : 1  | time taken : 0.8748881816864014
 Thread 4 estimated dimension 3 of 9 : 0.675522707568018  | time taken : 2.528334379196167
 Thread 7 estimated dimension 3 of 9 : 1  | time taken : 0.9355590343475342
 Thread 2 estimated dimension 1 of 9 : 0.41712804365060757  | time taken : 8.329977989196777
 Thread 5 estimated dimension 0 of 9 : 0.38915755824270803  | time taken : 7.805632829666138
 Thread 6 estimated dimension 5 of 9 : 0.9822094189550212  | time taken : 1.1998040676116943
 Thread 4 estimated dimension 4 of 9 : 0.9870291740996601  | time taken : 1.2104744911193848
 Thread 2 estimated dimension 2 of 9 : 1  | time taken : 1.3685686588287354
 Thread 1 estimated dimension 2 of 9 : 0.6295149647446003  | time taken : 3.558495044708252
 Thread 5 estimated dimension 1 of 9 : 1  | time taken : 1.2814624309539795
 Thread 4 estimated dimension 5 of 9 : 0.9809727481812404  | time taken : 0.9012582302093506
 Thread 2 estimated dimension 3 of 9 : 1  | time taken : 1.178462266921997
 Thread 5 estimated dimension 2 of 9 : 1  | time taken : 1.4544470310211182
 Thread 3 estimated dimension 4 of 9 : 0.2649607592510598  | time taken : 11.698093175888062
 Thread 2 estimated dimension 4 of 9 : 0.993724309995323  | time taken : 0.9559650421142578
 Thread 3 estimated dimension 5 of 9 : 0.9656018127083897  | time taken : 0.7651417255401611
 Thread 5 estimated dimension 3 of 9 : 1  | time taken : 1.3781683444976807
 Thread 7 estimated dimension 4 of 9 : 0.7245600441254718  | time taken : 5.2418670654296875
 Thread 3 estimated dimension 6 of 9 : 1  | time taken : 1.038254976272583
 Thread 3 estimated dimension 7 of 9 : 0.9880652123500883  | time taken : 1.1010715961456299
 Thread 6 estimated dimension 6 of 9 : 0.49987660511361925  | time taken : 7.242328405380249
 Thread 7 estimated dimension 5 of 9 : 0.7173225896099472  | time taken : 3.7630739212036133
 Thread 4 estimated dimension 6 of 9 : 0.49773879985620967  | time taken : 7.084597826004028
 Thread 5 estimated dimension 4 of 9 : 0.7350764945720335  | time taken : 5.0615246295928955
 Thread 3 estimated dimension 8 of 9 : 0.5088366042576549  | time taken : 4.713395595550537
 Thread 3 nsolns: 31628
 Thread 1 estimated dimension 3 of 9 : 0.3121425491997995  | time taken : 10.465995073318481
 Thread 1 estimated dimension 4 of 9 : 0.9925009587051323  | time taken : 0.856797456741333
 Thread 6 estimated dimension 7 of 9 : 0.6350095517191836  | time taken : 4.464427471160889
 Thread 1 estimated dimension 5 of 9 : 1  | time taken : 0.9141936302185059
 Thread 5 estimated dimension 5 of 9 : 0.6898487805496376  | time taken : 3.6370906829833984
 Thread 7 estimated dimension 6 of 9 : 0.5053351883936921  | time taken : 5.120559453964233
 Thread 4 estimated dimension 7 of 9 : 0.6239210243363351  | time taken : 5.076500654220581
 Thread 3 estimated dimension 0 of 9 : 0.613799434598687  | time taken : 3.4358925819396973
 Thread 2 estimated dimension 5 of 9 : 0.305927105635354  | time taken : 14.322736024856567
 Thread 7 estimated dimension 7 of 9 : 0.61964628749203  | time taken : 4.360672235488892
 Thread 2 estimated dimension 6 of 9 : 0.9703913328443193  | time taken : 0.7204239368438721
 Thread 6 estimated dimension 8 of 9 : 0.5062839992785301  | time taken : 5.716200590133667
 Thread 6 nsolns: 31016
 Thread 5 estimated dimension 6 of 9 : 0.5151002578360148  | time taken : 5.348556041717529
 Thread 2 estimated dimension 7 of 9 : 0.9629351589606125  | time taken : 0.837000846862793
 Thread 1 estimated dimension 6 of 9 : 0.49192140097940734  | time taken : 5.992454290390015
 Thread 3 estimated dimension 1 of 9 : 0.6027286766938008  | time taken : 4.380863189697266
 Thread 4 estimated dimension 8 of 9 : 0.4820914572870234  | time taken : 5.986961126327515
 Thread 4 nsolns: 31016
 Thread 1 estimated dimension 7 of 9 : 1  | time taken : 1.4688067436218262
 Thread 1 estimated dimension 8 of 9 : 0.9752213369476023  | time taken : 0.7001602649688721
 Thread 1 nsolns: 31217
 Thread 6 estimated dimension 0 of 9 : 0.6163306222673282  | time taken : 4.036624908447266
 Thread 5 estimated dimension 7 of 9 : 0.6250930526841503  | time taken : 4.119329452514648
 Thread 7 estimated dimension 8 of 9 : 0.4933546360387734  | time taken : 4.995482921600342
 Thread 7 nsolns: 30821
 Thread 3 estimated dimension 2 of 9 : 0.6209537860172917  | time taken : 4.058662176132202
 Thread 2 estimated dimension 8 of 9 : 0.4885126225241891  | time taken : 5.787186861038208
 Thread 2 nsolns: 31655
 Thread 4 estimated dimension 0 of 9 : 0.6090835547502133  | time taken : 4.980190277099609
 Thread 3 estimated dimension 3 of 9 : 0.67645236122793  | time taken : 2.6827876567840576
 Thread 7 estimated dimension 0 of 9 : 0.63529518929345  | time taken : 3.723501443862915
 Thread 6 estimated dimension 1 of 9 : 0.5838776621106693  | time taken : 4.840001583099365
 Thread 3 estimated dimension 4 of 9 : 0.9999990884658648  | time taken : 0.7159218788146973
 Thread 2 estimated dimension 0 of 9 : 0.598845753593674  | time taken : 3.421128273010254
 Thread 5 estimated dimension 8 of 9 : 0.49825859940901224  | time taken : 5.787394762039185
 Thread 3 estimated dimension 5 of 9 : 0.9885685414755311  | time taken : 1.0692698955535889
 Thread 5 nsolns: 30821
 Thread 7 estimated dimension 1 of 9 : 0.5958575089637971  | time taken : 4.077789783477783
 Thread 1 estimated dimension 0 of 9 : 0.3860351838750068  | time taken : 9.720361232757568
 Thread 1 estimated dimension 1 of 9 : 1  | time taken : 1.0759787559509277
 Thread 2 estimated dimension 1 of 9 : 0.5892392253157122  | time taken : 4.425202131271362
 Thread 5 estimated dimension 0 of 9 : 0.6151283475925277  | time taken : 3.874695062637329
 Thread 3 estimated dimension 6 of 9 : 0.5076524134828546  | time taken : 4.966042518615723
 Thread 4 estimated dimension 1 of 9 : 0.4186515414126318  | time taken : 9.09465479850769
 Thread 1 estimated dimension 2 of 9 : 0.9767646129376247  | time taken : 1.3797235488891602
 Thread 7 estimated dimension 2 of 9 : 0.6443515662449802  | time taken : 3.3324520587921143
 Thread 6 estimated dimension 2 of 9 : 0.36948132628406294  | time taken : 7.826108932495117
 Thread 4 estimated dimension 2 of 9 : 1  | time taken : 1.0962848663330078
 Thread 1 estimated dimension 3 of 9 : 1  | time taken : 1.2228567600250244
 Thread 4 estimated dimension 3 of 9 : 0.9560972663786536  | time taken : 1.241567611694336
 Thread 5 estimated dimension 1 of 9 : 0.5868049159729707  | time taken : 4.56511116027832
 Thread 4 estimated dimension 4 of 9 : 0.9894353791817972  | time taken : 1.2163739204406738
 Thread 7 estimated dimension 3 of 9 : 0.6926515842201485  | time taken : 3.953540802001953
 Thread 7 estimated dimension 4 of 9 : 0.9984443879238676  | time taken : 0.9116291999816895
 Thread 5 estimated dimension 2 of 9 : 0.6208148526988574  | time taken : 2.9379730224609375
 Thread 7 estimated dimension 5 of 9 : 0.9800805409208053  | time taken : 0.925835371017456
 Thread 6 estimated dimension 3 of 9 : 0.5186438619358088  | time taken : 6.569277286529541
 Thread 2 estimated dimension 2 of 9 : 0.3793373864270372  | time taken : 9.753273725509644
 Thread 6 estimated dimension 4 of 9 : 1  | time taken : 0.7569572925567627
 Thread 3 estimated dimension 7 of 9 : 0.38067729434386666  | time taken : 9.386190414428711
 Thread 6 estimated dimension 5 of 9 : 0.9666671204566816  | time taken : 1.0903139114379883
 Thread 3 estimated dimension 8 of 9 : 0.9727997972235504  | time taken : 1.190760612487793
 Thread 3 nsolns: 30860
 Thread 6 estimated dimension 6 of 9 : 0.9625356032245097  | time taken : 0.9314675331115723
 Thread 6 estimated dimension 7 of 9 : 0.973579485503453  | time taken : 1.0440728664398193
 Thread 7 estimated dimension 6 of 9 : 0.48528192780476703  | time taken : 8.353802680969238
 Thread 2 estimated dimension 3 of 9 : 0.521714354946402  | time taken : 7.291918039321899
 Thread 2 estimated dimension 4 of 9 : 1  | time taken : 1.386854648590088
 Thread 5 estimated dimension 3 of 9 : 0.3127376803150471  | time taken : 11.178858041763306
 Thread 1 estimated dimension 4 of 9 : 0.26516901759541295  | time taken : 16.260881900787354
 Thread 4 estimated dimension 5 of 9 : 0.29876943250811305  | time taken : 14.35768461227417
 Thread 6 estimated dimension 8 of 9 : 0.49234435796787523  | time taken : 6.049529552459717
 Thread 5 estimated dimension 4 of 9 : 1  | time taken : 1.0504331588745117
 Thread 6 nsolns: 30878
 Thread 2 estimated dimension 5 of 9 : 0.9430998694212627  | time taken : 1.3780317306518555
 Thread 1 estimated dimension 5 of 9 : 1  | time taken : 1.1954379081726074
 Thread 4 estimated dimension 6 of 9 : 0.9828232840692067  | time taken : 0.6644301414489746
 Thread 5 estimated dimension 5 of 9 : 1  | time taken : 0.8136322498321533
 Thread 2 estimated dimension 6 of 9 : 0.995171713554053  | time taken : 1.201098918914795
 Thread 1 estimated dimension 6 of 9 : 1  | time taken : 1.174774169921875
 Thread 4 estimated dimension 7 of 9 : 1  | time taken : 0.9039907455444336
 Thread 7 estimated dimension 7 of 9 : 0.6178523255068493  | time taken : 5.205895662307739
 Thread 1 estimated dimension 7 of 9 : 0.9777375824824327  | time taken : 1.0668230056762695
 Thread 2 estimated dimension 7 of 9 : 1  | time taken : 1.2375116348266602
 Thread 5 estimated dimension 6 of 9 : 0.49136583859298766  | time taken : 4.149399280548096
 Thread 4 estimated dimension 8 of 9 : 0.504415220534981  | time taken : 4.117810249328613
 Thread 4 nsolns: 31655
 Thread 7 estimated dimension 8 of 9 : 0.5123329237903396  | time taken : 3.791154146194458
 Thread 5 estimated dimension 7 of 9 : 0.9906574060034544  | time taken : 0.7386825084686279
 Thread 7 nsolns: 30868
 Thread 1 estimated dimension 8 of 9 : 0.5081081398936667  | time taken : 3.258514404296875
 Thread 2 estimated dimension 8 of 9 : 0.5175708218319108  | time taken : 2.969111680984497
 Thread 1 nsolns: 31628
 Thread 2 nsolns: 30730
 Thread 5 estimated dimension 8 of 9 : 0.9998593383181118  | time taken : 0.7178561687469482
 Thread 5 nsolns: 31217
 Thread 1 estimated dimension 0 of 9 : 0.38091773001038753  | time taken : 3.5915091037750244
 Thread 1 estimated dimension 1 of 9 : 0.9797516443705704  | time taken : 0.5754828453063965
 Thread 1 estimated dimension 2 of 9 : 0.9923537069792482  | time taken : 0.7201697826385498
 Thread 1 estimated dimension 3 of 9 : 1  | time taken : 0.46659135818481445
 Thread 1 estimated dimension 4 of 9 : 0.7538473308412892  | time taken : 1.2454845905303955
 Thread 1 estimated dimension 5 of 9 : 0.7096735482299201  | time taken : 1.061612844467163
 Thread 1 estimated dimension 6 of 9 : 0.5182364241986188  | time taken : 2.9677436351776123
 Thread 1 estimated dimension 7 of 9 : 0.6366386110029584  | time taken : 1.4862170219421387
 Thread 1 estimated dimension 8 of 9 : 0.49353120357258806  | time taken : 1.966193675994873
 Thread 1 nsolns: 30821
 estimated weights : [0.03396431934827992, 0.0499245743364763, 0.04578034329828693, 0.024175823410711724, 0.03611008082491377, 0.03849248478180354, 0.03342692438124624, 0.022156666870452774, 0.03645276265785007, 0.032610675694528704, 0.031753838507705495, 0.03582169089456331, 0.03783283738855835, 0.02746769170591401, 0.030888184988602737, 0.0306594216969033, 0.033558398725257545, 0.024136180063548868, 0.04803647010037338, 0.028232649022965003, 0.029279947666925384, 0.031700134323315254, 0.02824441912197844, 0.02927953200890923, 0.03393167675101954, 0.031115259552369268, 0.039235700571316035, 0.03279937006969352, 0.031020974018016047, 0.03360090624291634, 0.03186551780158428, 0.02895120115935351, 0.03086726705061105, 0.04798519303926135, 0.037746139912214746, 0.03226411743396757, 0.02734021963907506, 0.027020646635930526, 0.03189221158641698, 0.03589510563927844, 0.025362575339259074, 0.03236723095978764, 0.023931118473834646, 0.046640822487391924, 0.02354560235829205, 0.022774692208040737, 0.04857869605169819, 0.046086917048454745, 0.046010412932766774, 0.04587082670084368, 0.0302628067486732, 0.035195194586021605, 0.029977092430071534, 0.044106909198225575, 0.045942294146722906, 0.026532718801973998, 0.04873021752096716, 0.024547016962859575, 0.020993417010594213, 0.03262586043805516, 0.030186378442206143, 0.03575311225155656, 0.03165943416273582, 0.02888006232503592, 0.030756114723010614, 0.03572883552090137, 0.02539641528012725, 0.04967273202008927, 0.03392271090326579, 0.03410901291661185, 0.03226199570199518]
