numSolutions: 44 k : 10635
17 44 0.048507125007266595 0.00013368983957219254

 Thread 14 estimated dimension 0 of 17 : 0.6300799656712739  | time taken : 109.38400888442993
 Thread 8 estimated dimension 0 of 17 : 0.6312896867944531  | time taken : 127.90129446983337
 Thread 11 estimated dimension 0 of 17 : 0.6316064793980035  | time taken : 131.23832631111145
 Thread 7 estimated dimension 0 of 17 : 0.598252826025217  | time taken : 137.8181231021881
 Thread 1 estimated dimension 0 of 17 : 0.6430292448946493  | time taken : 138.68083453178406
 Thread 9 estimated dimension 0 of 17 : 0.7127294669283435  | time taken : 145.005357503891
 Thread 5 estimated dimension 0 of 17 : 0.3207082628504086  | time taken : 225.33460307121277
 Thread 13 estimated dimension 0 of 17 : 0.4087260144392483  | time taken : 224.61261796951294
 Thread 10 estimated dimension 0 of 17 : 0.6334392736556013  | time taken : 230.46041345596313
 Thread 3 estimated dimension 0 of 17 : 0.3562060948575495  | time taken : 234.2364580631256
 Thread 2 estimated dimension 0 of 17 : 0.3854692413984578  | time taken : 243.6633541584015
 Thread 6 estimated dimension 0 of 17 : 0.39472027700630563  | time taken : 251.57916140556335
 Thread 4 estimated dimension 0 of 17 : 0.4411477262035215  | time taken : 265.009104013443
 Thread 12 estimated dimension 0 of 17 : 0.352809219128768  | time taken : 268.7443799972534
 Thread 9 estimated dimension 1 of 17 : 0.6397029801647307  | time taken : 126.3360915184021
 Thread 11 estimated dimension 1 of 17 : 0.6237946698167915  | time taken : 167.07300281524658
 Thread 9 estimated dimension 2 of 17 : 0.9891852636523019  | time taken : 36.08232855796814
 Thread 1 estimated dimension 1 of 17 : 0.6269595731958364  | time taken : 171.1064329147339
 Thread 11 estimated dimension 2 of 17 : 1  | time taken : 20.706257581710815
 Thread 7 estimated dimension 1 of 17 : 0.6500928125757479  | time taken : 188.26177620887756
 Thread 1 estimated dimension 2 of 17 : 0.9809655674332688  | time taken : 22.779231786727905
 Thread 7 estimated dimension 2 of 17 : 1  | time taken : 19.030579805374146
 Thread 14 estimated dimension 1 of 17 : 0.3500713003257851  | time taken : 240.93539786338806
 Thread 6 estimated dimension 1 of 17 : 0.7350710459214111  | time taken : 124.11409020423889
 Thread 8 estimated dimension 1 of 17 : 0.4069351114922574  | time taken : 253.75799441337585
 Thread 10 estimated dimension 1 of 17 : 0.6694794442568055  | time taken : 186.31425380706787
 Thread 10 estimated dimension 2 of 17 : 0.9820309893988057  | time taken : 29.046918153762817
 Thread 14 estimated dimension 2 of 17 : 0.8498861180624045  | time taken : 97.19461870193481
 Thread 8 estimated dimension 2 of 17 : 0.8739194976667085  | time taken : 81.18468832969666
 Thread 9 estimated dimension 3 of 17 : 0.6625283040467529  | time taken : 167.63391256332397
 Thread 8 estimated dimension 3 of 17 : 0.9997178163431163  | time taken : 29.727030992507935
 Thread 14 estimated dimension 3 of 17 : 0.9791967794058899  | time taken : 48.52482891082764
 Thread 6 estimated dimension 2 of 17 : 0.7430829096588195  | time taken : 129.7160575389862
 Thread 7 estimated dimension 3 of 17 : 0.5861143456426617  | time taken : 195.75677466392517
 Thread 11 estimated dimension 3 of 17 : 0.38083084254898253  | time taken : 247.15275621414185
 Thread 9 estimated dimension 4 of 17 : 0.8597411480899774  | time taken : 90.56997466087341
 Thread 1 estimated dimension 3 of 17 : 0.4463900733861787  | time taken : 237.52349734306335
 Thread 14 estimated dimension 4 of 17 : 0.8393423451338146  | time taken : 86.69655132293701
 Thread 8 estimated dimension 4 of 17 : 0.8577944675040218  | time taken : 100.89924788475037
 Thread 10 estimated dimension 3 of 17 : 0.6039408440475825  | time taken : 158.76216506958008
 Thread 11 estimated dimension 4 of 17 : 1  | time taken : 36.92845892906189
 Thread 1 estimated dimension 4 of 17 : 0.9962524252593816  | time taken : 33.54977893829346
 Thread 3 estimated dimension 1 of 17 : 0.3128384011704261  | time taken : 405.9611530303955
 Thread 2 estimated dimension 1 of 17 : 0.27371824931681193  | time taken : 402.09394431114197
 Thread 7 estimated dimension 4 of 17 : 0.7944797672120264  | time taken : 99.544016122818
 Thread 3 estimated dimension 2 of 17 : 0.9987081712500304  | time taken : 16.856372594833374
 Thread 12 estimated dimension 1 of 17 : 0.28000164658969223  | time taken : 396.2228443622589
 Thread 6 estimated dimension 3 of 17 : 0.4659983302041054  | time taken : 162.59082007408142
 Thread 2 estimated dimension 2 of 17 : 1  | time taken : 28.517419815063477
 Thread 8 estimated dimension 5 of 17 : 0.809173071324634  | time taken : 79.96011805534363
 Thread 9 estimated dimension 5 of 17 : 0.8213409842258197  | time taken : 108.3551275730133
 Thread 3 estimated dimension 3 of 17 : 1  | time taken : 24.203787326812744
 Thread 12 estimated dimension 2 of 17 : 1  | time taken : 19.318836450576782
 Thread 11 estimated dimension 5 of 17 : 0.8367579383968139  | time taken : 78.8469467163086
 Thread 1 estimated dimension 5 of 17 : 0.805224810689488  | time taken : 92.10471391677856
 Thread 10 estimated dimension 4 of 17 : 0.81032505748057  | time taken : 95.618812084198
 Thread 6 estimated dimension 4 of 17 : 0.9928827957874442  | time taken : 32.3137948513031
 Thread 2 estimated dimension 3 of 17 : 0.9940187026830678  | time taken : 35.34166646003723
 Thread 14 estimated dimension 5 of 17 : 0.8423175945302341  | time taken : 120.81704616546631
 Thread 12 estimated dimension 3 of 17 : 1  | time taken : 44.582990646362305
 Thread 3 estimated dimension 4 of 17 : 1  | time taken : 45.18681573867798
 Thread 5 estimated dimension 1 of 17 : 0.24905171600752432  | time taken : 513.0932297706604
 Thread 4 estimated dimension 1 of 17 : 0.2844581936374815  | time taken : 496.9104599952698
 Thread 2 estimated dimension 4 of 17 : 0.9958749346191961  | time taken : 47.65748643875122
 Thread 5 estimated dimension 2 of 17 : 1  | time taken : 27.3508198261261
 Thread 7 estimated dimension 5 of 17 : 0.8280287152672526  | time taken : 121.20306754112244
 Thread 12 estimated dimension 4 of 17 : 0.9991904895004552  | time taken : 39.436821937561035exiting with current heads : 10634 out of 10635 | exp rv: 42340.97574074031

 Thread 13 estimated dimension 1 of 17 : 0.2511515101851564  | time taken : 552.145988702774
 Thread 5 estimated dimension 3 of 17 : 0.9988038612254257  | time taken : 37.67628335952759
 Thread 8 estimated dimension 6 of 17 : 0.6816622631115237  | time taken : 123.04561877250671
 Thread 4 estimated dimension 2 of 17 : 1  | time taken : 56.491913080215454
 Thread 13 estimated dimension 2 of 17 : 0.9921653560235524  | time taken : 46.68415331840515
 Thread 10 estimated dimension 5 of 17 : 0.7778260832227178  | time taken : 119.701815366745
 Thread 3 estimated dimension 5 of 17 : 0.8804034526013631  | time taken : 108.74394130706787
 Thread 4 estimated dimension 3 of 17 : 0.9899283423291635  | time taken : 24.53105092048645
 Thread 6 estimated dimension 5 of 17 : 0.8270280655788349  | time taken : 137.4418807029724
 Thread 13 estimated dimension 3 of 17 : 0.9948042089925881  | time taken : 46.01734781265259
 Thread 5 estimated dimension 4 of 17 : 0.9980604286137154  | time taken : 63.7756552696228
 Thread 4 estimated dimension 4 of 17 : 0.9984499810079045  | time taken : 45.12036848068237
 Thread 12 estimated dimension 5 of 17 : 0.8351080103948605  | time taken : 118.29456686973572
 Thread 9 estimated dimension 6 of 17 : 0.49692674866798336  | time taken : 224.06278324127197
 Thread 13 estimated dimension 4 of 17 : 1  | time taken : 38.61395335197449
 Thread 14 estimated dimension 6 of 17 : 0.5288008685119348  | time taken : 200.4640715122223
 Thread 1 estimated dimension 6 of 17 : 0.6862795131334759  | time taken : 238.44259023666382
 Thread 11 estimated dimension 6 of 17 : 0.4089525525839812  | time taken : 259.3804123401642
 Thread 7 estimated dimension 6 of 17 : 0.5724903117297797  | time taken : 197.257497549057
 Thread 8 estimated dimension 7 of 17 : 0.6504783904425946  | time taken : 190.53401827812195
 Thread 4 estimated dimension 5 of 17 : 0.9209598427301372  | time taken : 103.65315318107605
 Thread 5 estimated dimension 5 of 17 : 0.849077693745467  | time taken : 135.15503811836243
 Thread 11 estimated dimension 7 of 17 : 0.8998408931742874  | time taken : 62.47864127159119
 Thread 13 estimated dimension 5 of 17 : 0.861932927320982  | time taken : 116.24190211296082
 Thread 14 estimated dimension 7 of 17 : 0.6369862909293383  | time taken : 129.59905529022217
 Thread 10 estimated dimension 6 of 17 : 0.4051084881953397  | time taken : 237.18381786346436
 Thread 6 estimated dimension 6 of 17 : 0.48713565888398386  | time taken : 228.29267382621765
 Thread 3 estimated dimension 6 of 17 : 0.4475476125480824  | time taken : 249.39871335029602
 Thread 1 estimated dimension 7 of 17 : 0.6467529587458553  | time taken : 145.66150832176208
 Thread 12 estimated dimension 6 of 17 : 0.42890693566233346  | time taken : 204.20698189735413
 Thread 11 estimated dimension 8 of 17 : 0.8242056297742507  | time taken : 94.66954803466797
 Thread 5 estimated dimension 6 of 17 : 0.7114551959978359  | time taken : 115.14246535301208
 Thread 6 estimated dimension 7 of 17 : 0.8798422255933549  | time taken : 74.43507623672485
 Thread 12 estimated dimension 7 of 17 : 0.9128746491934551  | time taken : 68.27431774139404
 Thread 3 estimated dimension 7 of 17 : 0.8924544526764799  | time taken : 78.10736870765686
 Thread 4 estimated dimension 6 of 17 : 0.5914072568436186  | time taken : 196.12669396400452
 Thread 9 estimated dimension 7 of 17 : 0.3751901722872597  | time taken : 289.31605219841003
 Thread 13 estimated dimension 6 of 17 : 0.5545113370290542  | time taken : 180.65246963500977
 Thread 8 estimated dimension 8 of 17 : 0.5238291605197957  | time taken : 216.32127237319946
 Thread 9 estimated dimension 8 of 17 : 1  | time taken : 31.773319959640503
 Thread 5 estimated dimension 7 of 17 : 0.6357996702568642  | time taken : 129.943097114563
 Thread 9 estimated dimension 9 of 17 : 0.98016500874256  | time taken : 30.909870624542236
 Thread 7 estimated dimension 7 of 17 : 0.3838305377266327  | time taken : 303.08358454704285
 Thread 12 estimated dimension 8 of 17 : 0.671340946663571  | time taken : 105.38399291038513
 Thread 6 estimated dimension 8 of 17 : 0.764005429483137  | time taken : 138.31708765029907
 Thread 7 estimated dimension 8 of 17 : 0.9919965631671614  | time taken : 15.359065771102905
 Thread 13 estimated dimension 7 of 17 : 0.9201966983719106  | time taken : 82.59618735313416
 Thread 9 estimated dimension 10 of 17 : 1  | time taken : 33.4894962310791
 Thread 11 estimated dimension 9 of 17 : 0.5932692976497244  | time taken : 198.95693683624268
 Thread 3 estimated dimension 8 of 17 : 0.83763276117095  | time taken : 140.00383973121643
 Thread 4 estimated dimension 7 of 17 : 0.6533148385159102  | time taken : 149.98961114883423
 Thread 7 estimated dimension 9 of 17 : 0.9873975631016989  | time taken : 51.67284917831421
 Thread 1 estimated dimension 8 of 17 : 0.4548978000018116  | time taken : 258.89172101020813exiting with current heads : 10634 out of 10635 | exp rv: 62699.53877630063

 Thread 2 estimated dimension 5 of 17 : 0.16960252351998917  | time taken : 613.94806599617
 Thread 7 estimated dimension 10 of 17 : 1  | time taken : 36.342543840408325
 Thread 14 estimated dimension 8 of 17 : 0.4336068603701354  | time taken : 344.18890595436096
 Thread 2 estimated dimension 6 of 17 : 0.9941070765860526  | time taken : 14.703243017196655
 Thread 9 estimated dimension 11 of 17 : 0.7622760328858632  | time taken : 110.24071383476257
 Thread 14 estimated dimension 9 of 17 : 0.9923875114054115  | time taken : 29.009735345840454
 Thread 13 estimated dimension 8 of 17 : 0.6598303320834341  | time taken : 123.91219282150269
 Thread 11 estimated dimension 10 of 17 : 0.678274024686789  | time taken : 136.56226873397827
 Thread 5 estimated dimension 8 of 17 : 0.5893441204120468  | time taken : 201.52269172668457
 Thread 6 estimated dimension 9 of 17 : 0.6380125470843415  | time taken : 185.9767062664032
 Thread 12 estimated dimension 9 of 17 : 0.5069276720100132  | time taken : 204.8610701560974
 Thread 1 estimated dimension 9 of 17 : 0.7379774653445703  | time taken : 133.82214760780334
 Thread 2 estimated dimension 7 of 17 : 0.7764768580557602  | time taken : 101.29432392120361
 Thread 7 estimated dimension 11 of 17 : 0.788944137933224  | time taken : 109.4323673248291
 Thread 3 estimated dimension 9 of 17 : 0.542599359017305  | time taken : 187.8638298511505
 Thread 5 estimated dimension 9 of 17 : 0.9860285927703547  | time taken : 43.39745855331421
 Thread 4 estimated dimension 8 of 17 : 0.48194694023294266  | time taken : 177.92483949661255
 Thread 4 estimated dimension 9 of 17 : 0.9991102295985413  | time taken : 31.587839126586914exiting with current heads : 10634 out of 10635 | exp rv: 27005.693553629833

 Thread 10 estimated dimension 7 of 17 : 0.3937688168934541  | time taken : 494.6245069503784
 Thread 13 estimated dimension 9 of 17 : 0.4479712029891696  | time taken : 175.0750424861908
 Thread 10 estimated dimension 8 of 17 : 1  | time taken : 36.508450746536255
 Thread 9 estimated dimension 12 of 17 : 0.47315112558083594  | time taken : 185.0762882232666
 Thread 12 estimated dimension 10 of 17 : 0.7590837073205036  | time taken : 123.57601380348206
 Thread 8 estimated dimension 9 of 17 : 0.2770322715982074  | time taken : 400.8268804550171
 Thread 10 estimated dimension 9 of 17 : 1  | time taken : 15.911299705505371
 Thread 6 estimated dimension 10 of 17 : 0.7014533817668429  | time taken : 136.3675615787506
 Thread 7 estimated dimension 12 of 17 : 0.7145051295476172  | time taken : 123.35705018043518
 Thread 5 estimated dimension 10 of 17 : 0.7625461720002  | time taken : 123.21805214881897
 Thread 2 estimated dimension 8 of 17 : 0.6515475566298133  | time taken : 158.04820775985718
 Thread 10 estimated dimension 10 of 17 : 0.9955282527411659  | time taken : 39.53765273094177
 Thread 4 estimated dimension 10 of 17 : 0.787182993007796  | time taken : 108.651620388031
 Thread 5 estimated dimension 11 of 17 : 1  | time taken : 49.58293008804321
 Thread 4 estimated dimension 11 of 17 : 0.9916733809071572  | time taken : 18.186134338378906
 Thread 3 estimated dimension 10 of 17 : 0.5129024512411994  | time taken : 191.2063844203949
 Thread 12 estimated dimension 11 of 17 : 0.711302843290748  | time taken : 100.82913827896118
 Thread 13 estimated dimension 10 of 17 : 0.7892416540054451  | time taken : 123.01737308502197
 Thread 10 estimated dimension 11 of 17 : 0.822097149638034  | time taken : 99.04357171058655
 Thread 3 estimated dimension 11 of 17 : 0.650506228558214  | time taken : 99.08474493026733
 Thread 1 estimated dimension 10 of 17 : 0.401710448226744  | time taken : 311.57655692100525
 Thread 8 estimated dimension 10 of 17 : 0.5476572332825843  | time taken : 205.85596370697021
 Thread 7 estimated dimension 13 of 17 : 0.5667136854138646  | time taken : 197.9509298801422
 Thread 9 estimated dimension 13 of 17 : 0.6050350217290295  | time taken : 216.31200742721558
 Thread 13 estimated dimension 11 of 17 : 0.7742412986098841  | time taken : 104.3980884552002
 Thread 1 estimated dimension 11 of 17 : 1  | time taken : 28.95434594154358
 Thread 12 estimated dimension 12 of 17 : 0.5544965261605111  | time taken : 135.74217915534973
 Thread 5 estimated dimension 12 of 17 : 0.6232272539751066  | time taken : 167.21589016914368
 Thread 1 estimated dimension 12 of 17 : 0.998633085937157  | time taken : 35.65654158592224
 Thread 8 estimated dimension 11 of 17 : 0.9882704304816092  | time taken : 66.22698497772217
 Thread 11 estimated dimension 11 of 17 : 0.24854816008811723  | time taken : 466.5418243408203
 Thread 8 estimated dimension 12 of 17 : 1  | time taken : 31.28654909133911
 Thread 2 estimated dimension 9 of 17 : 0.45062594686562046  | time taken : 271.7396969795227
 Thread 11 estimated dimension 12 of 17 : 0.9957363061856234  | time taken : 45.88865661621094
 Thread 8 estimated dimension 13 of 17 : 1  | time taken : 49.20324897766113
 Thread 9 estimated dimension 14 of 17 : 0.7655580166089517  | time taken : 166.46815252304077
 Thread 11 estimated dimension 13 of 17 : 0.9971655638568346  | time taken : 45.39343547821045
 Thread 8 estimated dimension 14 of 17 : 1  | time taken : 40.86523103713989
 Thread 14 estimated dimension 10 of 17 : 0.214293865638608  | time taken : 621.4516727924347
 Thread 2 estimated dimension 10 of 17 : 0.7669562529018535  | time taken : 123.79237842559814
 Thread 4 estimated dimension 12 of 17 : 0.3948906183779067  | time taken : 367.7900986671448
 Thread 3 estimated dimension 12 of 17 : 0.5476456402528911  | time taken : 259.6909294128418
 Thread 11 estimated dimension 14 of 17 : 1  | time taken : 46.010926961898804
 Thread 3 estimated dimension 13 of 17 : 1  | time taken : 36.087533712387085
 Thread 4 estimated dimension 13 of 17 : 1  | time taken : 36.39733839035034
 Thread 5 estimated dimension 13 of 17 : 0.4017064550074768  | time taken : 244.8187816143036
 Thread 14 estimated dimension 11 of 17 : 0.9918205095773667  | time taken : 60.67977023124695
 Thread 7 estimated dimension 14 of 17 : 0.49760920223069743  | time taken : 283.2148189544678
 Thread 2 estimated dimension 11 of 17 : 1  | time taken : 62.745744943618774
 Thread 1 estimated dimension 13 of 17 : 0.4959999132444058  | time taken : 268.0815398693085
 Thread 12 estimated dimension 13 of 17 : 0.4778154071646679  | time taken : 292.43362832069397
 Thread 6 estimated dimension 11 of 17 : 0.21799761702607898  | time taken : 534.3528072834015
 Thread 13 estimated dimension 12 of 17 : 0.43223712664539443  | time taken : 337.8677501678467
 Thread 10 estimated dimension 12 of 17 : 0.36994706511209774  | time taken : 413.31946301460266
 Thread 2 estimated dimension 12 of 17 : 0.9692913364960419  | time taken : 56.01447916030884
 Thread 6 estimated dimension 12 of 17 : 0.994017483524905  | time taken : 52.86724138259888
 Thread 1 estimated dimension 14 of 17 : 0.989742871336618  | time taken : 74.85143995285034
 Thread 13 estimated dimension 13 of 17 : 0.9711543165895118  | time taken : 53.65463924407959
 Thread 10 estimated dimension 13 of 17 : 0.9878773769899412  | time taken : 52.83186221122742
 Thread 5 estimated dimension 14 of 17 : 0.7313634544774859  | time taken : 139.5148696899414
 Thread 2 estimated dimension 13 of 17 : 0.9842770907645007  | time taken : 67.98213958740234
 Thread 6 estimated dimension 13 of 17 : 1  | time taken : 50.8394992351532
 Thread 12 estimated dimension 14 of 17 : 0.7478635644447446  | time taken : 132.19185519218445
 Thread 6 estimated dimension 14 of 17 : 0.9955401044845544  | time taken : 54.401058197021484
 Thread 2 estimated dimension 14 of 17 : 0.996636958273919  | time taken : 63.93347644805908
 Thread 14 estimated dimension 12 of 17 : 0.6430284090864734  | time taken : 219.02900171279907
 Thread 8 estimated dimension 15 of 17 : 0.3135375934370883  | time taken : 383.2973506450653
 Thread 7 estimated dimension 15 of 17 : 0.47168805484193416  | time taken : 337.2570595741272
 Thread 9 estimated dimension 15 of 17 : 0.338028196373722  | time taken : 472.59341192245483
 Thread 8 estimated dimension 16 of 17 : 0.9949816558046227  | time taken : 70.83695077896118
 Thread 8 nsolns: 287762
 Thread 1 estimated dimension 15 of 17 : 0.49203877247590666  | time taken : 278.0757586956024
 Thread 7 estimated dimension 16 of 17 : 0.990383506129972  | time taken : 57.985793352127075
 Thread 7 nsolns: 269810
 Thread 9 estimated dimension 16 of 17 : 0.9994487922697495  | time taken : 46.129111766815186
 Thread 9 nsolns: 275751
 Thread 11 estimated dimension 15 of 17 : 0.33590065527925866  | time taken : 488.9248797893524
 Thread 1 estimated dimension 16 of 17 : 1  | time taken : 54.26379895210266
 Thread 1 nsolns: 273712
 Thread 3 estimated dimension 14 of 17 : 0.33149502462996083  | time taken : 474.31146812438965
 Thread 11 estimated dimension 16 of 17 : 1  | time taken : 55.7214834690094
 Thread 11 nsolns: 296299
 Thread 3 estimated dimension 15 of 17 : 1  | time taken : 64.30546259880066
 Thread 9 estimated dimension 0 of 17 : 0.5784897973306496  | time taken : 153.9342885017395
 Thread 5 estimated dimension 15 of 17 : 0.3060873964461892  | time taken : 439.5649220943451
 Thread 14 estimated dimension 13 of 17 : 0.5175236289512577  | time taken : 356.21186542510986
 Thread 4 estimated dimension 14 of 17 : 0.2459275639844963  | time taken : 590.5411715507507
 Thread 3 estimated dimension 16 of 17 : 1  | time taken : 59.13385486602783
 Thread 3 nsolns: 296813
 Thread 8 estimated dimension 0 of 17 : 0.4128009142248224  | time taken : 240.79537272453308
 Thread 2 estimated dimension 15 of 17 : 0.3415562057580781  | time taken : 424.1756627559662
 Thread 12 estimated dimension 15 of 17 : 0.3128339169691589  | time taken : 471.1465001106262
 Thread 14 estimated dimension 14 of 17 : 0.9927893446954094  | time taken : 63.0444450378418
 Thread 4 estimated dimension 15 of 17 : 1  | time taken : 63.902167081832886
 Thread 5 estimated dimension 16 of 17 : 0.9971568599618384  | time taken : 74.44981503486633
 Thread 7 estimated dimension 0 of 17 : 0.6020629843212385  | time taken : 245.3591446876526
 Thread 5 nsolns: 308690
 Thread 1 estimated dimension 0 of 17 : 0.46083611997954793  | time taken : 213.82322120666504
 Thread 10 estimated dimension 14 of 17 : 0.2398939139758044  | time taken : 551.7600886821747
 Thread 11 estimated dimension 0 of 17 : 0.5529349506913862  | time taken : 172.44894528388977
 Thread 2 estimated dimension 16 of 17 : 1  | time taken : 57.09783744812012
 Thread 2 nsolns: 323520
 Thread 12 estimated dimension 16 of 17 : 1  | time taken : 71.24238324165344
 Thread 14 estimated dimension 15 of 17 : 1  | time taken : 68.89006853103638
 Thread 12 nsolns: 315697
 Thread 10 estimated dimension 15 of 17 : 1  | time taken : 38.45908522605896
 Thread 4 estimated dimension 16 of 17 : 1  | time taken : 74.92856907844543
 Thread 6 estimated dimension 15 of 17 : 0.3339322902357335  | time taken : 519.2930355072021
 Thread 4 nsolns: 298190
 Thread 8 estimated dimension 1 of 17 : 0.7591394502323341  | time taken : 126.86867928504944
 Thread 9 estimated dimension 1 of 17 : 0.5359858096250973  | time taken : 186.0022873878479
 Thread 3 estimated dimension 0 of 17 : 0.6132624651659192  | time taken : 159.5951931476593
 Thread 10 estimated dimension 16 of 17 : 0.9974392459765  | time taken : 51.65798544883728
 Thread 10 nsolns: 291227
 Thread 9 estimated dimension 2 of 17 : 1  | time taken : 18.992850303649902
 Thread 7 estimated dimension 1 of 17 : 0.7447711839357766  | time taken : 128.02921056747437
 Thread 13 estimated dimension 14 of 17 : 0.2618456330098869  | time taken : 678.1438539028168
 Thread 6 estimated dimension 16 of 17 : 0.9855925594869271  | time taken : 65.61451625823975
 Thread 1 estimated dimension 1 of 17 : 0.7388724633046609  | time taken : 130.01874780654907
 Thread 6 nsolns: 304533
 Thread 14 estimated dimension 16 of 17 : 1  | time taken : 102.83345150947571
 Thread 14 nsolns: 297408
 Thread 5 estimated dimension 0 of 17 : 0.5397216724386985  | time taken : 184.79079794883728
 Thread 13 estimated dimension 15 of 17 : 1  | time taken : 45.35175848007202
 Thread 3 estimated dimension 1 of 17 : 0.7650399073059743  | time taken : 114.6211485862732
 Thread 2 estimated dimension 0 of 17 : 0.6771893140391831  | time taken : 196.30194234848022
 Thread 8 estimated dimension 2 of 17 : 0.7846288730247033  | time taken : 142.79880833625793
 Thread 4 estimated dimension 0 of 17 : 0.6418152351311653  | time taken : 165.3165144920349
 Thread 7 estimated dimension 2 of 17 : 0.6691866523395519  | time taken : 116.08718776702881
 Thread 13 estimated dimension 16 of 17 : 1  | time taken : 57.9195020198822
 Thread 13 nsolns: 308030
 Thread 10 estimated dimension 0 of 17 : 0.6808569102981772  | time taken : 157.31735014915466
 Thread 12 estimated dimension 0 of 17 : 0.42223438532114094  | time taken : 226.7270815372467
 Thread 11 estimated dimension 1 of 17 : 0.4434992367999872  | time taken : 262.9501132965088
 Thread 9 estimated dimension 3 of 17 : 0.4426490843109787  | time taken : 188.39840817451477
 Thread 1 estimated dimension 2 of 17 : 0.7363114165702156  | time taken : 174.18021941184998
 Thread 3 estimated dimension 2 of 17 : 0.7278841077179654  | time taken : 113.42634725570679
 Thread 6 estimated dimension 0 of 17 : 0.6431581280412875  | time taken : 200.19820833206177
 Thread 5 estimated dimension 1 of 17 : 0.6451998028074629  | time taken : 163.16476702690125
 Thread 5 estimated dimension 2 of 17 : 0.9955499701593101  | time taken : 26.65328574180603
 Thread 11 estimated dimension 2 of 17 : 0.7859318570926563  | time taken : 91.99075508117676
 Thread 11 estimated dimension 3 of 17 : 1  | time taken : 18.65313696861267
 Thread 9 estimated dimension 4 of 17 : 0.8313201724282483  | time taken : 97.00510621070862
 Thread 13 estimated dimension 0 of 17 : 0.6352596613417758  | time taken : 158.43858337402344
 Thread 10 estimated dimension 1 of 17 : 0.6390812994644763  | time taken : 139.13230538368225
 Thread 14 estimated dimension 0 of 17 : 0.5455643549303677  | time taken : 252.4058289527893
 Thread 7 estimated dimension 3 of 17 : 0.5647819863364697  | time taken : 182.48464441299438
 Thread 4 estimated dimension 1 of 17 : 0.6006997861050823  | time taken : 190.2539882659912
 Thread 8 estimated dimension 3 of 17 : 0.4591254590602481  | time taken : 197.43012475967407
 Thread 7 estimated dimension 4 of 17 : 0.997376306179369  | time taken : 18.93906855583191
 Thread 10 estimated dimension 2 of 17 : 0.9930226503516661  | time taken : 33.75675630569458
 Thread 6 estimated dimension 1 of 17 : 0.7457315608441586  | time taken : 110.03126883506775
 Thread 4 estimated dimension 2 of 17 : 0.9964774871519074  | time taken : 20.01950764656067
 Thread 8 estimated dimension 4 of 17 : 0.99250289409297  | time taken : 17.37166976928711
 Thread 1 estimated dimension 3 of 17 : 0.6167248846195935  | time taken : 168.02563548088074
 Thread 9 estimated dimension 5 of 17 : 0.8917455457845748  | time taken : 83.8065676689148
 Thread 11 estimated dimension 4 of 17 : 0.8518780820854477  | time taken : 97.5264093875885
 Thread 3 estimated dimension 3 of 17 : 0.538544464813578  | time taken : 173.45287203788757
 Thread 1 estimated dimension 4 of 17 : 1  | time taken : 33.85742950439453
 Thread 2 estimated dimension 1 of 17 : 0.40302222812395727  | time taken : 284.1599519252777
 Thread 3 estimated dimension 4 of 17 : 1  | time taken : 39.756996870040894
 Thread 7 estimated dimension 5 of 17 : 0.8072397981756101  | time taken : 100.01619148254395
 Thread 8 estimated dimension 5 of 17 : 0.7718420266857807  | time taken : 110.35051727294922
 Thread 6 estimated dimension 2 of 17 : 0.7055017736624604  | time taken : 129.98363399505615
 Thread 11 estimated dimension 5 of 17 : 0.8790254777589208  | time taken : 92.22716641426086
 Thread 2 estimated dimension 2 of 17 : 0.7985868183082373  | time taken : 75.03462672233582
 Thread 1 estimated dimension 5 of 17 : 0.8417431612937964  | time taken : 79.78613114356995
 Thread 10 estimated dimension 3 of 17 : 0.5928246785334195  | time taken : 182.2456614971161
 Thread 3 estimated dimension 5 of 17 : 0.8189963032524875  | time taken : 87.75162386894226
 Thread 2 estimated dimension 3 of 17 : 1  | time taken : 39.22904682159424
 Thread 5 estimated dimension 3 of 17 : 0.5083525454065709  | time taken : 265.58497643470764
 Thread 9 estimated dimension 6 of 17 : 0.7575881898858893  | time taken : 150.53174781799316
 Thread 5 estimated dimension 4 of 17 : 1  | time taken : 20.951135396957397
 Thread 4 estimated dimension 3 of 17 : 0.5561707266204556  | time taken : 217.3724684715271
 Thread 12 estimated dimension 1 of 17 : 0.34285789535528205  | time taken : 394.60614347457886
 Thread 12 estimated dimension 2 of 17 : 0.9990025551627099  | time taken : 36.009835958480835
 Thread 7 estimated dimension 6 of 17 : 0.6082498084211416  | time taken : 169.10339307785034
 Thread 2 estimated dimension 4 of 17 : 0.8436377592040329  | time taken : 100.02318978309631
 Thread 1 estimated dimension 6 of 17 : 0.5227208327441738  | time taken : 140.65984463691711
 Thread 13 estimated dimension 1 of 17 : 0.43142727174284023  | time taken : 338.3206169605255
 Thread 5 estimated dimension 5 of 17 : 0.9086656894796428  | time taken : 78.66318535804749
 Thread 12 estimated dimension 3 of 17 : 0.9723428425876681  | time taken : 32.67005753517151
 Thread 10 estimated dimension 4 of 17 : 0.8680194855994355  | time taken : 137.29106259346008
 Thread 4 estimated dimension 4 of 17 : 0.8191065237753801  | time taken : 102.34384489059448
 Thread 12 estimated dimension 4 of 17 : 1  | time taken : 33.28907608985901
 Thread 6 estimated dimension 3 of 17 : 0.4571447499372489  | time taken : 207.74611020088196
 Thread 9 estimated dimension 7 of 17 : 0.6467517721936329  | time taken : 154.00332307815552
 Thread 6 estimated dimension 4 of 17 : 0.9963448919119754  | time taken : 24.40346622467041
 Thread 11 estimated dimension 6 of 17 : 0.5837807294581361  | time taken : 223.26063203811646
 Thread 8 estimated dimension 6 of 17 : 0.45850868863356925  | time taken : 262.1274747848511
 Thread 14 estimated dimension 1 of 17 : 0.2489499654192843  | time taken : 421.8288428783417
 Thread 3 estimated dimension 6 of 17 : 0.4659427531299936  | time taken : 234.62411904335022
 Thread 14 estimated dimension 2 of 17 : 1  | time taken : 33.42660570144653
 Thread 4 estimated dimension 5 of 17 : 0.8324433427808853  | time taken : 106.85490274429321
 Thread 2 estimated dimension 5 of 17 : 0.7777607520907982  | time taken : 139.31511402130127
 Thread 10 estimated dimension 5 of 17 : 0.8144540707976015  | time taken : 114.88682913780212
 Thread 7 estimated dimension 7 of 17 : 0.6501710584999745  | time taken : 168.73783111572266
 Thread 14 estimated dimension 3 of 17 : 0.9954969492542233  | time taken : 17.823564052581787
 Thread 12 estimated dimension 5 of 17 : 0.8005054609246017  | time taken : 108.53149080276489
 Thread 6 estimated dimension 5 of 17 : 0.8177740701826026  | time taken : 105.3453676700592
 Thread 3 estimated dimension 7 of 17 : 0.9010511102491531  | time taken : 58.03440618515015
 Thread 14 estimated dimension 4 of 17 : 0.9904522774842769  | time taken : 31.227910041809082
 Thread 5 estimated dimension 6 of 17 : 0.5888097836928848  | time taken : 185.6131091117859
 Thread 8 estimated dimension 7 of 17 : 0.9238425987547478  | time taken : 125.68249702453613
 Thread 1 estimated dimension 7 of 17 : 0.5960536975095194  | time taken : 213.08911395072937
 Thread 11 estimated dimension 7 of 17 : 0.5789122250344173  | time taken : 150.35359120368958
 Thread 9 estimated dimension 8 of 17 : 0.5720675360735386  | time taken : 222.32250380516052
 Thread 3 estimated dimension 8 of 17 : 0.7247563998750993  | time taken : 165.74753499031067
 Thread 12 estimated dimension 6 of 17 : 0.5623919881208517  | time taken : 197.40212750434875
 Thread 2 estimated dimension 6 of 17 : 0.39970118926790865  | time taken : 217.91565012931824
 Thread 14 estimated dimension 5 of 17 : 0.7971381750850001  | time taken : 180.87601041793823
 Thread 8 estimated dimension 8 of 17 : 0.6796446183969928  | time taken : 171.2530801296234
 Thread 10 estimated dimension 6 of 17 : 0.5404151731531329  | time taken : 250.39359498023987
 Thread 7 estimated dimension 8 of 17 : 0.45347748702277524  | time taken : 281.3300447463989
 Thread 2 estimated dimension 7 of 17 : 0.900904645253117  | time taken : 70.79201674461365
 Thread 5 estimated dimension 7 of 17 : 0.6204827524015876  | time taken : 248.78620195388794
 Thread 4 estimated dimension 6 of 17 : 0.3502926769001964  | time taken : 307.1648464202881
 Thread 6 estimated dimension 6 of 17 : 0.5014189361100287  | time taken : 277.2121295928955
 Thread 7 estimated dimension 9 of 17 : 1  | time taken : 50.05538034439087
 Thread 11 estimated dimension 8 of 17 : 0.5010501990703815  | time taken : 269.4017925262451
 Thread 1 estimated dimension 8 of 17 : 0.5049183111076966  | time taken : 296.2299060821533
 Thread 4 estimated dimension 7 of 17 : 0.9051364775221429  | time taken : 74.22932744026184
 Thread 2 estimated dimension 8 of 17 : 0.7605715788646464  | time taken : 102.62474226951599
 Thread 8 estimated dimension 9 of 17 : 0.6565330874128367  | time taken : 208.243558883667
 Thread 10 estimated dimension 7 of 17 : 0.5632639143608826  | time taken : 199.78887128829956
 Thread 6 estimated dimension 7 of 17 : 0.650004810051583  | time taken : 182.93367409706116
 Thread 1 estimated dimension 9 of 17 : 0.6128631286249433  | time taken : 144.65032076835632
 Thread 4 estimated dimension 8 of 17 : 0.6323172657617887  | time taken : 152.51360630989075exiting with current heads : 10616 out of 10635 | exp rv: 65859.03983283804

 Thread 13 estimated dimension 2 of 17 : 0.16146606490150758  | time taken : 677.0428364276886
 Thread 3 estimated dimension 9 of 17 : 0.3949987887497603  | time taken : 325.1902599334717
 Thread 11 estimated dimension 9 of 17 : 0.650165148825465  | time taken : 184.5612370967865
 Thread 14 estimated dimension 6 of 17 : 0.4702924677382188  | time taken : 328.6460473537445
 Thread 13 estimated dimension 3 of 17 : 0.9957808386282744  | time taken : 51.512296199798584
 Thread 9 estimated dimension 9 of 17 : 0.31919898355627335  | time taken : 452.5257399082184
 Thread 5 estimated dimension 8 of 17 : 0.5367945078781222  | time taken : 304.63170051574707
 Thread 13 estimated dimension 4 of 17 : 1  | time taken : 18.289271593093872
 Thread 13 estimated dimension 5 of 17 : 1  | time taken : 20.56194567680359
 Thread 5 estimated dimension 9 of 17 : 0.9985450108509345  | time taken : 40.211524963378906
 Thread 8 estimated dimension 10 of 17 : 0.5905419903821606  | time taken : 204.4827585220337
 Thread 14 estimated dimension 7 of 17 : 0.9021033104504388  | time taken : 101.74954509735107
 Thread 13 estimated dimension 6 of 17 : 0.9849721397677996  | time taken : 34.94984579086304
 Thread 10 estimated dimension 8 of 17 : 0.542341749870684  | time taken : 238.42330503463745
 Thread 2 estimated dimension 9 of 17 : 0.3428852017155272  | time taken : 333.9554533958435
 Thread 10 estimated dimension 9 of 17 : 0.9942683699115893  | time taken : 36.969918966293335
 Thread 4 estimated dimension 9 of 17 : 0.6379232999588191  | time taken : 207.28446316719055
 Thread 6 estimated dimension 8 of 17 : 0.4772266615003247  | time taken : 259.425972700119
 Thread 3 estimated dimension 10 of 17 : 0.49574202100137993  | time taken : 228.62850284576416
 Thread 12 estimated dimension 7 of 17 : 0.3798611714198961  | time taken : 582.876761674881
 Thread 9 estimated dimension 10 of 17 : 0.5730823689755726  | time taken : 204.76970434188843
 Thread 14 estimated dimension 8 of 17 : 0.6974859512922388  | time taken : 142.21707034111023
 Thread 8 estimated dimension 11 of 17 : 0.7259377527959222  | time taken : 167.4871346950531
 Thread 9 estimated dimension 11 of 17 : 1  | time taken : 36.904359340667725
 Thread 12 estimated dimension 8 of 17 : 1  | time taken : 37.99386143684387
 Thread 13 estimated dimension 7 of 17 : 0.780639343281353  | time taken : 170.31613183021545
 Thread 12 estimated dimension 9 of 17 : 0.9980942449150421  | time taken : 40.96642518043518
 Thread 9 estimated dimension 12 of 17 : 1  | time taken : 56.04199504852295
 Thread 1 estimated dimension 10 of 17 : 0.43468031353537273  | time taken : 386.2931184768677
 Thread 12 estimated dimension 10 of 17 : 1  | time taken : 18.38104772567749
 Thread 4 estimated dimension 10 of 17 : 0.6924518313156615  | time taken : 183.60971212387085
 Thread 3 estimated dimension 11 of 17 : 0.7323943910382587  | time taken : 164.60542845726013
 Thread 9 estimated dimension 13 of 17 : 0.988493265389722  | time taken : 50.75331377983093
 Thread 2 estimated dimension 10 of 17 : 0.5176453177486047  | time taken : 220.42333126068115
 Thread 1 estimated dimension 11 of 17 : 0.9908610503907065  | time taken : 49.35921549797058
 Thread 11 estimated dimension 10 of 17 : 0.4109111191482974  | time taken : 419.59402227401733
 Thread 9 estimated dimension 14 of 17 : 1  | time taken : 47.76386761665344
 Thread 14 estimated dimension 9 of 17 : 0.6235796828271462  | time taken : 202.4041464328766
 Thread 1 estimated dimension 12 of 17 : 1  | time taken : 53.533793687820435
 Thread 12 estimated dimension 11 of 17 : 0.782074034051069  | time taken : 111.04495096206665
 Thread 11 estimated dimension 11 of 17 : 0.9884494800063479  | time taken : 57.077523708343506
 Thread 13 estimated dimension 8 of 17 : 0.6818850813199128  | time taken : 212.72918176651exiting with current heads : 10634 out of 10635 | exp rv: 54614.643552336194

 Thread 7 estimated dimension 10 of 17 : 0.1947096842225041  | time taken : 730.7543206214905
 Thread 11 estimated dimension 12 of 17 : 1  | time taken : 52.471744775772095
 Thread 2 estimated dimension 11 of 17 : 0.7363044694715016  | time taken : 138.1702845096588
 Thread 7 estimated dimension 11 of 17 : 0.9901867284577044  | time taken : 50.45458650588989
 Thread 8 estimated dimension 12 of 17 : 0.4327949592266362  | time taken : 306.95406770706177
 Thread 8 estimated dimension 13 of 17 : 1  | time taken : 29.959357738494873
 Thread 3 estimated dimension 12 of 17 : 0.5379246500929832  | time taken : 243.05757117271423
 Thread 3 estimated dimension 13 of 17 : 1  | time taken : 35.068201780319214
 Thread 12 estimated dimension 12 of 17 : 0.540177368601321  | time taken : 207.8522481918335
 Thread 14 estimated dimension 10 of 17 : 0.5396499572033365  | time taken : 216.4118025302887
 Thread 1 estimated dimension 13 of 17 : 0.5133670845492867  | time taken : 245.22735476493835
 Thread 1 estimated dimension 14 of 17 : 0.9856208878067688  | time taken : 33.779375076293945
 Thread 7 estimated dimension 12 of 17 : 0.6813598449040432  | time taken : 176.32203221321106
 Thread 6 estimated dimension 9 of 17 : 0.2940132825011699  | time taken : 546.0236687660217
 Thread 5 estimated dimension 10 of 17 : 0.1978987320641947  | time taken : 684.9274234771729
 Thread 2 estimated dimension 12 of 17 : 0.506964040853221  | time taken : 241.17045259475708
 Thread 13 estimated dimension 9 of 17 : 0.3470754347364938  | time taken : 299.61586809158325
 Thread 8 estimated dimension 14 of 17 : 0.6715769478145532  | time taken : 198.62169337272644
 Thread 5 estimated dimension 11 of 17 : 0.993874751988267  | time taken : 52.405967712402344
 Thread 11 estimated dimension 13 of 17 : 0.5198487435999193  | time taken : 306.2300794124603
 Thread 2 estimated dimension 13 of 17 : 0.9963003308721714  | time taken : 54.40638756752014
 Thread 14 estimated dimension 11 of 17 : 0.6706733752364983  | time taken : 196.77771306037903
 Thread 9 estimated dimension 15 of 17 : 0.332518393508661  | time taken : 425.09396839141846
 Thread 11 estimated dimension 14 of 17 : 1  | time taken : 39.08284401893616
 Thread 12 estimated dimension 13 of 17 : 0.5199529249095879  | time taken : 254.64870858192444
 Thread 4 estimated dimension 11 of 17 : 0.26229391289201964  | time taken : 557.4011616706848
 Thread 6 estimated dimension 10 of 17 : 0.6067489305049764  | time taken : 189.27438592910767
 Thread 10 estimated dimension 10 of 17 : 0.19923699344920875  | time taken : 769.3931090831757
 Thread 4 estimated dimension 12 of 17 : 1  | time taken : 33.65636157989502
 Thread 9 estimated dimension 16 of 17 : 1  | time taken : 92.69965934753418
 Thread 9 nsolns: 283265
 Thread 13 estimated dimension 10 of 17 : 0.7372097128562723  | time taken : 173.34110832214355
 Thread 6 estimated dimension 11 of 17 : 0.9742730387569675  | time taken : 54.19425916671753
 Thread 10 estimated dimension 11 of 17 : 0.9864158552574791  | time taken : 56.24450898170471
 Thread 4 estimated dimension 13 of 17 : 0.9928336146669182  | time taken : 38.60783314704895
 Thread 13 estimated dimension 11 of 17 : 1  | time taken : 53.78304648399353
 Thread 6 estimated dimension 12 of 17 : 0.9954042651116672  | time taken : 51.42164373397827
 Thread 4 estimated dimension 14 of 17 : 1  | time taken : 53.29097580909729
 Thread 7 estimated dimension 13 of 17 : 0.49681812691928817  | time taken : 327.5968942642212
 Thread 1 estimated dimension 15 of 17 : 0.44714340140447917  | time taken : 326.0196499824524
 Thread 13 estimated dimension 12 of 17 : 1  | time taken : 48.12342619895935
 Thread 6 estimated dimension 13 of 17 : 1  | time taken : 29.854784727096558
 Thread 8 estimated dimension 15 of 17 : 0.5361898782552323  | time taken : 289.46075677871704
 Thread 3 estimated dimension 14 of 17 : 0.35297127862326044  | time taken : 468.79362201690674
 Thread 13 estimated dimension 13 of 17 : 0.9926943145968452  | time taken : 44.54468083381653
 Thread 6 estimated dimension 14 of 17 : 1  | time taken : 48.58616328239441
 Thread 1 estimated dimension 16 of 17 : 1  | time taken : 85.32993841171265
 Thread 1 nsolns: 280799
 Thread 7 estimated dimension 14 of 17 : 1  | time taken : 92.89840483665466
 Thread 8 estimated dimension 16 of 17 : 0.9908884254500109  | time taken : 82.95754504203796
 Thread 13 estimated dimension 14 of 17 : 1  | time taken : 51.411255836486816
 Thread 8 nsolns: 280870
 Thread 3 estimated dimension 15 of 17 : 0.998190612425127  | time taken : 58.29062581062317
 Thread 14 estimated dimension 12 of 17 : 0.4273728850085067  | time taken : 321.72718834877014
 Thread 12 estimated dimension 14 of 17 : 0.5144028221064463  | time taken : 270.7981917858124
 Thread 11 estimated dimension 15 of 17 : 0.48444432638117674  | time taken : 328.7294099330902
 Thread 7 estimated dimension 15 of 17 : 0.985641795219306  | time taken : 74.33122324943542
 Thread 3 estimated dimension 16 of 17 : 0.9992763730375593  | time taken : 49.80628800392151
 Thread 5 estimated dimension 12 of 17 : 0.37105576815508373  | time taken : 413.85173177719116
 Thread 9 estimated dimension 0 of 17 : 0.31229328347414087  | time taken : 268.5573377609253
 Thread 10 estimated dimension 12 of 17 : 0.6574627058106225  | time taken : 235.30507230758667
 Thread 3 nsolns: 282441
 Thread 14 estimated dimension 13 of 17 : 0.9976050911745404  | time taken : 54.58853554725647
 Thread 11 estimated dimension 16 of 17 : 0.992795552866343  | time taken : 73.3610167503357
 Thread 11 nsolns: 277364
 Thread 5 estimated dimension 13 of 17 : 1  | time taken : 49.083515644073486
 Thread 2 estimated dimension 14 of 17 : 0.32673567453567887  | time taken : 469.9000587463379
 Thread 1 estimated dimension 0 of 17 : 0.6533831487018744  | time taken : 166.1851692199707
 Thread 7 estimated dimension 16 of 17 : 1  | time taken : 95.05697727203369
 Thread 7 nsolns: 292308
 Thread 5 estimated dimension 14 of 17 : 0.9933694544479698  | time taken : 87.11462831497192
 Thread 8 estimated dimension 0 of 17 : 0.5663565775170095  | time taken : 204.28431344032288
 Thread 2 estimated dimension 15 of 17 : 1  | time taken : 86.96394181251526
 Thread 5 estimated dimension 15 of 17 : 0.9928522192313607  | time taken : 52.804537296295166
 Thread 14 estimated dimension 14 of 17 : 0.6837026700749657  | time taken : 205.76462388038635
 Thread 2 estimated dimension 16 of 17 : 1  | time taken : 62.09028124809265
 Thread 2 nsolns: 295949
 Thread 11 estimated dimension 0 of 17 : 0.6166382372915752  | time taken : 213.73523378372192
 Thread 4 estimated dimension 15 of 17 : 0.3396579075306605  | time taken : 435.25340700149536
 Thread 7 estimated dimension 0 of 17 : 0.5849014157803768  | time taken : 172.25117444992065
 Thread 5 estimated dimension 16 of 17 : 1  | time taken : 73.65652418136597
 Thread 5 nsolns: 291484
 Thread 6 estimated dimension 15 of 17 : 0.3609302644720254  | time taken : 388.581237077713
 Thread 3 estimated dimension 0 of 17 : 0.35115537243158135  | time taken : 299.5921652317047
 Thread 4 estimated dimension 16 of 17 : 0.9982454105173194  | time taken : 54.19587445259094
 Thread 4 nsolns: 296016
 Thread 10 estimated dimension 13 of 17 : 0.4634670963715861  | time taken : 330.56002473831177
 Thread 2 estimated dimension 0 of 17 : 0.6890218433269474  | time taken : 118.44957566261292
 Thread 1 estimated dimension 1 of 17 : 0.41208214935395937  | time taken : 267.649160861969
 Thread 6 estimated dimension 16 of 17 : 0.9771669754753527  | time taken : 67.14178085327148
 Thread 6 nsolns: 288270
 Thread 13 estimated dimension 15 of 17 : 0.33560700969120816  | time taken : 429.54786705970764
 Thread 12 estimated dimension 15 of 17 : 0.46066439113413554  | time taken : 418.0599856376648
 Thread 9 estimated dimension 1 of 17 : 0.3466522696291226  | time taken : 378.68417954444885
 Thread 7 estimated dimension 1 of 17 : 0.6633829384238039  | time taken : 113.49930024147034
 Thread 5 estimated dimension 0 of 17 : 0.6231902370111435  | time taken : 117.00866603851318
 Thread 10 estimated dimension 14 of 17 : 1  | time taken : 61.59056091308594
 Thread 7 estimated dimension 2 of 17 : 0.9933568351596486  | time taken : 21.35659384727478
 Thread 1 estimated dimension 2 of 17 : 0.8702832937797119  | time taken : 63.2071852684021
 Thread 9 estimated dimension 2 of 17 : 1  | time taken : 37.534289836883545
 Thread 8 estimated dimension 1 of 17 : 0.3853369046570198  | time taken : 269.78601336479187
 Thread 4 estimated dimension 0 of 17 : 0.5093281352212791  | time taken : 108.08099555969238
 Thread 1 estimated dimension 3 of 17 : 0.999804888853614  | time taken : 20.05392098426819
 Thread 12 estimated dimension 16 of 17 : 1  | time taken : 61.00902080535889
 Thread 12 nsolns: 288941
 Thread 13 estimated dimension 16 of 17 : 1  | time taken : 71.7025203704834
 Thread 11 estimated dimension 1 of 17 : 0.4647945649064164  | time taken : 191.66495656967163
 Thread 13 nsolns: 309555
 Thread 9 estimated dimension 3 of 17 : 1  | time taken : 37.49631643295288
 Thread 10 estimated dimension 15 of 17 : 0.9956732796392181  | time taken : 66.92782759666443
 Thread 2 estimated dimension 1 of 17 : 0.6142400980625412  | time taken : 133.33517408370972
 Thread 9 estimated dimension 4 of 17 : 0.9960375259811686  | time taken : 17.18042016029358
 Thread 6 estimated dimension 0 of 17 : 0.6318709866963161  | time taken : 116.91662740707397
 Thread 10 estimated dimension 16 of 17 : 0.9943982757938363  | time taken : 32.174890995025635
 Thread 10 nsolns: 289468
 Thread 2 estimated dimension 2 of 17 : 1  | time taken : 29.492770433425903
 Thread 1 estimated dimension 4 of 17 : 0.8976533188294569  | time taken : 69.54212284088135
 Thread 11 estimated dimension 2 of 17 : 0.9086483024154062  | time taken : 62.8915433883667
 Thread 8 estimated dimension 2 of 17 : 0.8941397608275092  | time taken : 90.8235535621643
 Thread 14 estimated dimension 15 of 17 : 0.475329645662204  | time taken : 304.85256242752075
 Thread 8 estimated dimension 3 of 17 : 0.9966625742343038  | time taken : 29.740886688232422
 Thread 11 estimated dimension 3 of 17 : 0.9897863895881424  | time taken : 31.667104482650757
 Thread 14 estimated dimension 16 of 17 : 0.9971264147085095  | time taken : 22.138545513153076
 Thread 14 nsolns: 293954
 Thread 13 estimated dimension 0 of 17 : 0.6846207958508881  | time taken : 103.53484582901001
 Thread 4 estimated dimension 1 of 17 : 0.5114757028456917  | time taken : 132.1747658252716
 Thread 9 estimated dimension 5 of 17 : 0.8519616984937132  | time taken : 84.92128682136536
 Thread 1 estimated dimension 5 of 17 : 0.8457752011715788  | time taken : 59.90161681175232
 Thread 4 estimated dimension 2 of 17 : 0.9941092123988629  | time taken : 14.607665061950684
 Thread 6 estimated dimension 1 of 17 : 0.6385024036060343  | time taken : 106.83889722824097
 Thread 11 estimated dimension 4 of 17 : 0.8515055780050108  | time taken : 52.15473771095276
 Thread 8 estimated dimension 4 of 17 : 0.8486109847779888  | time taken : 56.837615728378296
 Thread 3 estimated dimension 1 of 17 : 0.26148794106495876  | time taken : 302.933385848999
 Thread 12 estimated dimension 0 of 17 : 0.4173566439462827  | time taken : 167.45484828948975
 Thread 6 estimated dimension 2 of 17 : 1  | time taken : 23.53003215789795
 Thread 5 estimated dimension 1 of 17 : 0.38418049805129717  | time taken : 233.82912492752075
 Thread 3 estimated dimension 2 of 17 : 0.9880402972374345  | time taken : 24.74022388458252
 Thread 10 estimated dimension 0 of 17 : 0.47876711932530996  | time taken : 140.23202300071716
 Thread 7 estimated dimension 3 of 17 : 0.388864168632258  | time taken : 244.34552145004272
 Thread 2 estimated dimension 3 of 17 : 0.5244405674345117  | time taken : 153.748229265213
 Thread 1 estimated dimension 6 of 17 : 0.6550843047597066  | time taken : 90.18176102638245
 Thread 3 estimated dimension 3 of 17 : 1  | time taken : 26.889060735702515
 Thread 8 estimated dimension 5 of 17 : 0.8163793013489795  | time taken : 58.89664554595947
 Thread 11 estimated dimension 5 of 17 : 0.8433736357906176  | time taken : 63.882229804992676
 Thread 7 estimated dimension 4 of 17 : 0.9890276897443816  | time taken : 9.20377254486084
 Thread 4 estimated dimension 3 of 17 : 0.6755136546494195  | time taken : 88.41013360023499
 Thread 9 estimated dimension 6 of 17 : 0.6614366657727743  | time taken : 114.71358394622803
 Thread 12 estimated dimension 1 of 17 : 0.7527727720100398  | time taken : 71.74568009376526
 Thread 13 estimated dimension 1 of 17 : 0.42523406004445335  | time taken : 133.70811486244202
 Thread 5 estimated dimension 2 of 17 : 0.8807999120419732  | time taken : 64.48734998703003
 Thread 10 estimated dimension 1 of 17 : 0.62003653727411  | time taken : 58.300352573394775
 Thread 3 estimated dimension 4 of 17 : 1  | time taken : 43.18452286720276
 Thread 2 estimated dimension 4 of 17 : 0.9971765002838122  | time taken : 47.4451322555542
 Thread 4 estimated dimension 4 of 17 : 0.8381422759305607  | time taken : 67.3636589050293
 Thread 5 estimated dimension 3 of 17 : 1  | time taken : 44.908912897109985
 Thread 11 estimated dimension 6 of 17 : 0.6115321509692146  | time taken : 80.58018922805786
 Thread 6 estimated dimension 3 of 17 : 0.4312621371509372  | time taken : 132.20021104812622
 Thread 3 estimated dimension 5 of 17 : 0.8062229737345666  | time taken : 47.9172420501709
 Thread 7 estimated dimension 5 of 17 : 0.7019404403111165  | time taken : 93.59960770606995
 Thread 9 estimated dimension 7 of 17 : 0.6696023742419701  | time taken : 82.80952715873718
 Thread 13 estimated dimension 2 of 17 : 0.8367958329243557  | time taken : 77.74722266197205
 Thread 12 estimated dimension 2 of 17 : 0.7481509142283829  | time taken : 82.91295099258423
 Thread 4 estimated dimension 5 of 17 : 0.832378609490828  | time taken : 43.98343276977539
 Thread 10 estimated dimension 2 of 17 : 0.7656366365563559  | time taken : 76.82053279876709
 Thread 8 estimated dimension 6 of 17 : 0.6568195347557734  | time taken : 118.31476306915283
 Thread 2 estimated dimension 5 of 17 : 0.7877301904894813  | time taken : 74.24727702140808
 Thread 6 estimated dimension 4 of 17 : 1  | time taken : 44.403728008270264
 Thread 5 estimated dimension 4 of 17 : 0.7494544329113816  | time taken : 63.583369970321655
 Thread 13 estimated dimension 3 of 17 : 0.9930574256047318  | time taken : 51.76688885688782
 Thread 1 estimated dimension 7 of 17 : 0.33079057309393545  | time taken : 201.02027320861816
 Thread 13 estimated dimension 4 of 17 : 0.8410279027204528  | time taken : 54.17803907394409
 Thread 6 estimated dimension 5 of 17 : 0.8512456619628166  | time taken : 82.22209167480469
 Thread 8 estimated dimension 7 of 17 : 0.5952288547439523  | time taken : 94.52911400794983
 Thread 5 estimated dimension 5 of 17 : 0.8026090970116281  | time taken : 76.52695989608765
 Thread 11 estimated dimension 7 of 17 : 0.6628098680489707  | time taken : 133.82427763938904
 Thread 1 estimated dimension 8 of 17 : 1  | time taken : 17.31031847000122
 Thread 4 estimated dimension 6 of 17 : 0.6705441930530203  | time taken : 113.87266373634338
 Thread 3 estimated dimension 6 of 17 : 0.5083471938752974  | time taken : 135.5910882949829
 Thread 10 estimated dimension 3 of 17 : 0.6406337478648961  | time taken : 112.39301705360413
 Thread 12 estimated dimension 3 of 17 : 0.4774851111574779  | time taken : 131.08675813674927
 Thread 2 estimated dimension 6 of 17 : 0.5352801602883089  | time taken : 134.5286889076233
 Thread 9 estimated dimension 8 of 17 : 0.368387260362355  | time taken : 155.83335614204407
 Thread 12 estimated dimension 4 of 17 : 0.987757164113516  | time taken : 23.8842875957489
 Thread 1 estimated dimension 9 of 17 : 1  | time taken : 40.15426325798035
 Thread 13 estimated dimension 5 of 17 : 0.855163171094945  | time taken : 65.66728448867798
 Thread 7 estimated dimension 6 of 17 : 0.3342226463583965  | time taken : 185.3592038154602
 Thread 10 estimated dimension 4 of 17 : 1  | time taken : 53.15559673309326
 Thread 1 estimated dimension 10 of 17 : 1  | time taken : 49.69292855262756
 Thread 4 estimated dimension 7 of 17 : 0.6311828509874644  | time taken : 112.36104083061218
 Thread 3 estimated dimension 7 of 17 : 0.5921327938918977  | time taken : 113.89193654060364
 Thread 7 estimated dimension 7 of 17 : 0.876824243944775  | time taken : 69.54778122901917
 Thread 11 estimated dimension 8 of 17 : 0.46586335112308264  | time taken : 145.00186419487
 Thread 10 estimated dimension 5 of 17 : 0.8660494235531229  | time taken : 77.2400484085083
 Thread 5 estimated dimension 6 of 17 : 0.4676185273349956  | time taken : 148.03704142570496
 Thread 13 estimated dimension 6 of 17 : 0.6215086502168815  | time taken : 96.66931962966919
 Thread 9 estimated dimension 9 of 17 : 0.5850462710755366  | time taken : 117.94135904312134
 Thread 8 estimated dimension 8 of 17 : 0.4846074247114592  | time taken : 163.04397463798523
 Thread 6 estimated dimension 6 of 17 : 0.37960276123747005  | time taken : 166.34325909614563
 Thread 1 estimated dimension 11 of 17 : 0.7767571314748787  | time taken : 77.0368504524231
 Thread 7 estimated dimension 8 of 17 : 0.7184865036290037  | time taken : 63.13616585731506
 Thread 8 estimated dimension 9 of 17 : 1  | time taken : 48.03254508972168
 Thread 11 estimated dimension 9 of 17 : 1  | time taken : 67.96619439125061
 Thread 2 estimated dimension 7 of 17 : 0.35105406850949356  | time taken : 190.8066599369049
 Thread 5 estimated dimension 7 of 17 : 0.9176667198727  | time taken : 85.23893141746521
 Thread 6 estimated dimension 7 of 17 : 0.9034847440203324  | time taken : 71.06398344039917
 Thread 10 estimated dimension 6 of 17 : 0.7113300660982957  | time taken : 94.1574444770813
 Thread 4 estimated dimension 8 of 17 : 0.45257040379485447  | time taken : 120.75773072242737
 Thread 3 estimated dimension 8 of 17 : 0.49253817941703004  | time taken : 119.42567801475525
 Thread 1 estimated dimension 12 of 17 : 0.7052469160193372  | time taken : 85.4630663394928
 Thread 2 estimated dimension 8 of 17 : 1  | time taken : 51.33330678939819
 Thread 13 estimated dimension 7 of 17 : 0.4017255755757505  | time taken : 152.5755910873413
 Thread 5 estimated dimension 8 of 17 : 0.7006094999989378  | time taken : 81.84341549873352
 Thread 9 estimated dimension 10 of 17 : 0.3531004392672989  | time taken : 158.35368871688843
 Thread 6 estimated dimension 8 of 17 : 0.7246098652168573  | time taken : 87.45983052253723
 Thread 2 estimated dimension 9 of 17 : 1  | time taken : 42.380735635757446
 Thread 11 estimated dimension 10 of 17 : 0.6984084340343966  | time taken : 113.08373403549194
 Thread 10 estimated dimension 7 of 17 : 0.5849901265748437  | time taken : 94.12909841537476
 Thread 7 estimated dimension 9 of 17 : 0.43647765482569756  | time taken : 140.7383394241333
 Thread 13 estimated dimension 8 of 17 : 1  | time taken : 50.54466795921326
 Thread 4 estimated dimension 9 of 17 : 0.5921122250822942  | time taken : 119.84311532974243
 Thread 9 estimated dimension 11 of 17 : 0.9904652233513679  | time taken : 49.806912899017334
 Thread 2 estimated dimension 10 of 17 : 1  | time taken : 50.4217631816864
 Thread 11 estimated dimension 11 of 17 : 0.9986567978041861  | time taken : 49.11219811439514
 Thread 1 estimated dimension 13 of 17 : 0.5028814894740863  | time taken : 133.02608346939087
 Thread 5 estimated dimension 9 of 17 : 0.6520357275839673  | time taken : 77.46096634864807exiting with current heads : 10632 out of 10635 | exp rv: 60121.309777132716

 Thread 12 estimated dimension 5 of 17 : 0.17687572076223573  | time taken : 360.92010855674744
 Thread 13 estimated dimension 9 of 17 : 0.9983571023624668  | time taken : 52.92348909378052
 Thread 9 estimated dimension 12 of 17 : 0.9881002438926669  | time taken : 47.02875852584839
 Thread 7 estimated dimension 10 of 17 : 0.5316047782018893  | time taken : 111.88069319725037
 Thread 12 estimated dimension 6 of 17 : 1  | time taken : 49.808499574661255
 Thread 11 estimated dimension 12 of 17 : 0.7254657572706611  | time taken : 81.96074223518372
 Thread 13 estimated dimension 10 of 17 : 1  | time taken : 49.69202160835266
 Thread 10 estimated dimension 8 of 17 : 0.5517979820392384  | time taken : 130.52216911315918
 Thread 5 estimated dimension 10 of 17 : 0.745700151753545  | time taken : 75.44126868247986
 Thread 2 estimated dimension 11 of 17 : 0.7538409829113888  | time taken : 101.82568979263306
 Thread 3 estimated dimension 9 of 17 : 0.2773823424174592  | time taken : 246.30516481399536
 Thread 4 estimated dimension 10 of 17 : 0.3845067641580177  | time taken : 136.6479570865631
 Thread 1 estimated dimension 14 of 17 : 0.4854402822377302  | time taken : 113.19120001792908
 Thread 6 estimated dimension 9 of 17 : 0.42526032429185345  | time taken : 186.32984375953674
 Thread 10 estimated dimension 9 of 17 : 1  | time taken : 45.30372333526611
 Thread 7 estimated dimension 11 of 17 : 0.6999659600055869  | time taken : 64.78307557106018
 Thread 9 estimated dimension 13 of 17 : 0.5765063635376363  | time taken : 100.24371480941772
 Thread 12 estimated dimension 7 of 17 : 0.775297399877173  | time taken : 66.17874717712402
 Thread 13 estimated dimension 11 of 17 : 0.78477225798691  | time taken : 58.13128328323364
 Thread 5 estimated dimension 11 of 17 : 0.7577636566771984  | time taken : 64.54780435562134
 Thread 8 estimated dimension 10 of 17 : 0.22170575473020626  | time taken : 329.3127176761627
 Thread 4 estimated dimension 11 of 17 : 0.9991705795007939  | time taken : 41.688549757003784
 Thread 9 estimated dimension 14 of 17 : 1  | time taken : 74.31684255599976
 Thread 10 estimated dimension 10 of 17 : 0.753687629352248  | time taken : 80.97416090965271
 Thread 2 estimated dimension 12 of 17 : 0.47437886173716626  | time taken : 115.47510385513306
 Thread 3 estimated dimension 10 of 17 : 0.5832978930276492  | time taken : 110.1089448928833
 Thread 8 estimated dimension 11 of 17 : 0.9965153336472359  | time taken : 69.03574204444885
 Thread 6 estimated dimension 10 of 17 : 0.5405966393134718  | time taken : 103.19350790977478
 Thread 12 estimated dimension 8 of 17 : 0.5860502013444416  | time taken : 101.3367018699646
 Thread 11 estimated dimension 13 of 17 : 0.43374150278139584  | time taken : 170.3682143688202
 Thread 4 estimated dimension 12 of 17 : 0.9972778322906278  | time taken : 89.64458513259888
 Thread 5 estimated dimension 12 of 17 : 0.6104384986735352  | time taken : 104.0416944026947
 Thread 2 estimated dimension 13 of 17 : 1  | time taken : 47.726142168045044
 Thread 7 estimated dimension 12 of 17 : 0.49383118232810364  | time taken : 131.51502776145935
 Thread 10 estimated dimension 11 of 17 : 1  | time taken : 68.24488139152527
 Thread 3 estimated dimension 11 of 17 : 1  | time taken : 69.57157921791077
 Thread 1 estimated dimension 15 of 17 : 0.4584660131417519  | time taken : 184.4316749572754
 Thread 11 estimated dimension 14 of 17 : 0.7788873140073581  | time taken : 62.00295329093933
 Thread 10 estimated dimension 12 of 17 : 0.7416600347761829  | time taken : 51.15176510810852
 Thread 13 estimated dimension 12 of 17 : 0.37372197680245484  | time taken : 194.41505551338196
 Thread 7 estimated dimension 13 of 17 : 1  | time taken : 96.24441933631897
 Thread 9 estimated dimension 15 of 17 : 0.522127759324103  | time taken : 158.73184466362
 Thread 1 estimated dimension 16 of 17 : 1  | time taken : 71.31423330307007
 Thread 1 nsolns: 275104
 Thread 13 estimated dimension 13 of 17 : 1  | time taken : 46.81935501098633
 Thread 5 estimated dimension 13 of 17 : 0.48797203563567493  | time taken : 130.35411620140076
 Thread 3 estimated dimension 12 of 17 : 1  | time taken : 95.10163950920105
 Thread 8 estimated dimension 12 of 17 : 0.39191986560360476  | time taken : 163.4949073791504
 Thread 4 estimated dimension 13 of 17 : 0.46961073184635105  | time taken : 157.34057712554932
 Thread 12 estimated dimension 9 of 17 : 0.4246940427020151  | time taken : 171.63404870033264
 Thread 3 estimated dimension 13 of 17 : 1  | time taken : 45.91623401641846
 Thread 10 estimated dimension 13 of 17 : 0.6266923248070623  | time taken : 114.47758865356445
 Thread 8 estimated dimension 13 of 17 : 0.98390141948724  | time taken : 63.477044105529785
 Thread 4 estimated dimension 14 of 17 : 1  | time taken : 60.482301235198975
 Thread 5 estimated dimension 14 of 17 : 0.7528479234032046  | time taken : 89.029137134552
 Thread 9 estimated dimension 16 of 17 : 0.9998095716625097  | time taken : 108.8327853679657
 Thread 9 nsolns: 299540
 Thread 6 estimated dimension 11 of 17 : 0.2789243306618326  | time taken : 252.65903210639954
 Thread 11 estimated dimension 15 of 17 : 0.32821815415374817  | time taken : 176.54243397712708
 Thread 12 estimated dimension 10 of 17 : 0.7189719804393506  | time taken : 75.64958763122559
 Thread 3 estimated dimension 14 of 17 : 1  | time taken : 58.11996006965637
 Thread 2 estimated dimension 14 of 17 : 0.24524035731634014  | time taken : 251.32998991012573
 Thread 6 estimated dimension 12 of 17 : 1  | time taken : 58.91978979110718
 Thread 8 estimated dimension 14 of 17 : 0.9963037297597664  | time taken : 91.4900324344635
 Thread 11 estimated dimension 16 of 17 : 0.9910015895009248  | time taken : 59.38861632347107
 Thread 12 estimated dimension 11 of 17 : 1  | time taken : 58.9692280292511
 Thread 11 nsolns: 275794
 Thread 10 estimated dimension 14 of 17 : 0.4950464646979597  | time taken : 105.66505098342896
 Thread 6 estimated dimension 13 of 17 : 1  | time taken : 49.70063543319702
 Thread 12 estimated dimension 12 of 17 : 1  | time taken : 47.504971981048584
 Thread 2 estimated dimension 15 of 17 : 0.9945321029036337  | time taken : 84.12708163261414
 Thread 4 estimated dimension 15 of 17 : 0.5065371364625819  | time taken : 130.76224303245544
 Thread 8 estimated dimension 15 of 17 : 0.989303132218409  | time taken : 60.99520826339722
 Thread 7 estimated dimension 14 of 17 : 0.35193325881140164  | time taken : 259.7897262573242
 Thread 12 estimated dimension 13 of 17 : 0.992604890521551  | time taken : 31.616350412368774
 Thread 13 estimated dimension 14 of 17 : 0.26278547337136576  | time taken : 244.0713381767273
 Thread 2 estimated dimension 16 of 17 : 1  | time taken : 30.46814250946045
 Thread 2 nsolns: 281478
 Thread 6 estimated dimension 14 of 17 : 0.9858853305447719  | time taken : 57.47160792350769
 Thread 8 estimated dimension 16 of 17 : 1  | time taken : 45.6325888633728
 Thread 8 nsolns: 289190
 Thread 12 estimated dimension 14 of 17 : 1  | time taken : 27.878535747528076
 Thread 3 estimated dimension 15 of 17 : 0.32427295194119343  | time taken : 164.53110027313232
 Thread 10 estimated dimension 15 of 17 : 0.443667852956913  | time taken : 108.17825555801392
 Thread 7 estimated dimension 15 of 17 : 1  | time taken : 54.75664567947388
 Thread 4 estimated dimension 16 of 17 : 1  | time taken : 81.76721668243408
 Thread 13 estimated dimension 15 of 17 : 1  | time taken : 57.17387771606445
 Thread 4 nsolns: 282140
 Thread 5 estimated dimension 15 of 17 : 0.31725652441963614  | time taken : 211.42001008987427
 Thread 10 estimated dimension 16 of 17 : 0.9903406618428742  | time taken : 50.28653693199158
 Thread 10 nsolns: 267829
 Thread 5 estimated dimension 16 of 17 : 0.99710540993934  | time taken : 25.343451261520386
 Thread 5 nsolns: 286447
 Thread 3 estimated dimension 16 of 17 : 1  | time taken : 55.97183704376221
 Thread 3 nsolns: 318630
 Thread 7 estimated dimension 16 of 17 : 1  | time taken : 42.63733196258545
 Thread 7 nsolns: 300066
 Thread 13 estimated dimension 16 of 17 : 0.9815944553828209  | time taken : 41.97848558425903
 Thread 13 nsolns: 278871
 Thread 6 estimated dimension 15 of 17 : 0.49774196927374  | time taken : 79.90433382987976
 Thread 6 estimated dimension 16 of 17 : 1  | time taken : 13.558902502059937
 Thread 6 nsolns: 293114
 Thread 12 estimated dimension 15 of 17 : 0.3147608783267083  | time taken : 89.26387977600098
 Thread 12 estimated dimension 16 of 17 : 0.9910135508266292  | time taken : 10.374182939529419
 Thread 12 nsolns: 315880
 estimated weights : [0.0016925397008618354, 0.0023968595376980097, 0.0021762241942689157, 0.002044767237622978, 0.0012702362257102828, 0.001077365003033855, 0.000757310648216034, 0.000999978393315929, 0.0003676158299985763, 0.001611103515582765, 0.0018098446715842187, 0.0008584167476546718, 0.0013208632366746402, 0.0008846646445010946, 0.0017147621759283221, 0.0012228012657578397, 0.0010821155505228001, 0.001244877700303, 0.0016135453883515181, 0.0015740466128578946, 0.0008447342059982651, 0.0022572828924461185, 0.001139252847628035, 0.001196149326371321, 0.001249366668013748, 0.001969477179345342, 0.0017624096191377176, 0.0009849588982322795, 0.0023630700390596293, 0.0009119881754577389, 0.0019435169402555995, 0.002857511164426888, 0.0021435607817217677, 0.0012615702218493011, 0.0022062553777412452, 0.0009967824462313493, 0.0005689579881976821, 0.0006184328723567246, 0.003281101738299347, 0.0011582088944778238, 0.0008422998496083751]
