numSolutions: 82 k : 2453
10 82 0.03162277660168379 0.00012195121951219512

 Thread 4 estimated dimension 0 of 10 : 0.5705266987724397  | time taken : 7.0861735343933105
 Thread 6 estimated dimension 0 of 10 : 0.5739453134376703  | time taken : 7.202867746353149
 Thread 2 estimated dimension 0 of 10 : 0.4464045560139534  | time taken : 8.018182039260864
 Thread 3 estimated dimension 0 of 10 : 0.43757820112428547  | time taken : 8.018493175506592
 Thread 5 estimated dimension 0 of 10 : 0.5732855969046676  | time taken : 8.00926423072815
 Thread 1 estimated dimension 0 of 10 : 0.4349006997728657  | time taken : 8.739879846572876
 Thread 7 estimated dimension 0 of 10 : 0.43948383268894625  | time taken : 8.647867202758789
 Thread 2 estimated dimension 1 of 10 : 1  | time taken : 1.5336480140686035
 Thread 3 estimated dimension 1 of 10 : 1  | time taken : 1.8944494724273682
 Thread 7 estimated dimension 1 of 10 : 1  | time taken : 1.5055596828460693
 Thread 1 estimated dimension 1 of 10 : 0.9929140101160581  | time taken : 1.8521864414215088
 Thread 2 estimated dimension 2 of 10 : 1  | time taken : 1.300419569015503
 Thread 4 estimated dimension 1 of 10 : 0.7732488649775245  | time taken : 4.563251495361328
 Thread 3 estimated dimension 2 of 10 : 0.9957032319391038  | time taken : 1.9146673679351807
 Thread 7 estimated dimension 2 of 10 : 0.9988578111573521  | time taken : 1.5526392459869385
 Thread 1 estimated dimension 2 of 10 : 0.9748578682348602  | time taken : 1.6987030506134033
 Thread 4 estimated dimension 2 of 10 : 0.6801252864573161  | time taken : 7.069714069366455
 Thread 3 estimated dimension 3 of 10 : 0.6695071302032574  | time taken : 7.428112030029297
 Thread 2 estimated dimension 3 of 10 : 0.6546836254528087  | time taken : 8.318276405334473
 Thread 4 estimated dimension 3 of 10 : 1  | time taken : 1.091301679611206
 Thread 7 estimated dimension 3 of 10 : 0.6804626807601815  | time taken : 8.070582389831543
 Thread 3 estimated dimension 4 of 10 : 0.6751941842777783  | time taken : 4.540204763412476
 Thread 6 estimated dimension 1 of 10 : 0.2546970631776614  | time taken : 17.734347581863403
 Thread 4 estimated dimension 4 of 10 : 0.6838082158822344  | time taken : 6.25443172454834
 Thread 5 estimated dimension 1 of 10 : 0.2594932009495441  | time taken : 19.672581434249878
 Thread 1 estimated dimension 3 of 10 : 0.31931342398353746  | time taken : 16.421773672103882
 Thread 1 estimated dimension 4 of 10 : 1  | time taken : 0.978834867477417
 Thread 3 estimated dimension 5 of 10 : 0.5714839722011392  | time taken : 6.864449977874756
 Thread 1 estimated dimension 5 of 10 : 1  | time taken : 1.260777473449707
 Thread 6 estimated dimension 2 of 10 : 0.49654437178987876  | time taken : 9.260072469711304
 Thread 6 estimated dimension 3 of 10 : 1  | time taken : 1.309361457824707
 Thread 5 estimated dimension 2 of 10 : 0.5043014257905012  | time taken : 8.865722417831421
 Thread 2 estimated dimension 4 of 10 : 0.3088245514074937  | time taken : 17.118812561035156
 Thread 1 estimated dimension 6 of 10 : 0.7272600027257384  | time taken : 5.028341770172119
 Thread 7 estimated dimension 4 of 10 : 0.3123123007645761  | time taken : 16.91019058227539
 Thread 6 estimated dimension 4 of 10 : 0.9545767131230356  | time taken : 1.0750691890716553
 Thread 3 estimated dimension 6 of 10 : 0.7130421473993771  | time taken : 5.716482162475586
 Thread 5 estimated dimension 3 of 10 : 0.9898177855956463  | time taken : 1.8156747817993164
 Thread 4 estimated dimension 5 of 10 : 0.424925129750204  | time taken : 11.827507734298706
 Thread 5 estimated dimension 4 of 10 : 0.9710626873626675  | time taken : 1.75169038772583
 Thread 4 estimated dimension 6 of 10 : 0.9971750294663625  | time taken : 1.6071395874023438
 Thread 5 estimated dimension 5 of 10 : 0.9742587420523128  | time taken : 0.8926990032196045
 Thread 2 estimated dimension 5 of 10 : 0.617959103618969  | time taken : 9.664279222488403
 Thread 1 estimated dimension 7 of 10 : 0.7118504692991348  | time taken : 10.500808000564575
 Thread 7 estimated dimension 5 of 10 : 0.6414600243896303  | time taken : 10.413942337036133
 Thread 3 estimated dimension 7 of 10 : 0.670262824022189  | time taken : 11.1243155002594
 Thread 6 estimated dimension 5 of 10 : 0.4893402640899746  | time taken : 14.29386568069458
 Thread 6 estimated dimension 6 of 10 : 1  | time taken : 1.2960329055786133
 Thread 6 estimated dimension 7 of 10 : 0.9910558606420037  | time taken : 1.4767720699310303
 Thread 3 estimated dimension 8 of 10 : 0.6355674558155388  | time taken : 6.394768714904785
 Thread 5 estimated dimension 6 of 10 : 0.4788307584419349  | time taken : 13.620474100112915
 Thread 2 estimated dimension 6 of 10 : 0.4748085681096031  | time taken : 9.691754579544067
 Thread 6 estimated dimension 8 of 10 : 1  | time taken : 1.1773130893707275
 Thread 7 estimated dimension 6 of 10 : 0.498889897215138  | time taken : 9.315531969070435
 Thread 5 estimated dimension 7 of 10 : 0.9955466800135159  | time taken : 1.11466383934021
 Thread 2 estimated dimension 7 of 10 : 0.9812702471882276  | time taken : 1.3575785160064697
 Thread 6 estimated dimension 9 of 10 : 1  | time taken : 1.969923973083496
 Thread 5 estimated dimension 8 of 10 : 1  | time taken : 1.0178425312042236
 Thread 6 nsolns: 38482
 Thread 7 estimated dimension 7 of 10 : 0.9830341636661911  | time taken : 1.432631015777588
 Thread 2 estimated dimension 8 of 10 : 1  | time taken : 1.1274807453155518
 Thread 5 estimated dimension 9 of 10 : 0.9690164233201561  | time taken : 1.6216161251068115
 Thread 7 estimated dimension 8 of 10 : 0.9953474398874846  | time taken : 1.7258861064910889
 Thread 5 nsolns: 38299
 Thread 2 estimated dimension 9 of 10 : 1  | time taken : 1.2387754917144775
 Thread 2 nsolns: 38365
 Thread 1 estimated dimension 8 of 10 : 0.3741131938468336  | time taken : 14.58365535736084
 Thread 4 estimated dimension 7 of 10 : 0.3030187221380445  | time taken : 21.134791374206543
 Thread 7 estimated dimension 9 of 10 : 1  | time taken : 1.3438923358917236
 Thread 7 nsolns: 38365
 Thread 1 estimated dimension 9 of 10 : 1  | time taken : 1.0896289348602295
 Thread 1 nsolns: 38802
 Thread 4 estimated dimension 8 of 10 : 1  | time taken : 1.288053035736084
 Thread 3 estimated dimension 9 of 10 : 0.5186998182362302  | time taken : 8.84077000617981
 Thread 3 nsolns: 37620
 Thread 4 estimated dimension 9 of 10 : 0.9539806189235123  | time taken : 1.7545418739318848
 Thread 4 nsolns: 38336
 Thread 6 estimated dimension 0 of 10 : 0.43729965560783146  | time taken : 10.939334154129028
 Thread 5 estimated dimension 0 of 10 : 0.5781371821617997  | time taken : 10.173997402191162
 Thread 6 estimated dimension 1 of 10 : 0.9969312809361136  | time taken : 1.2599577903747559
 Thread 2 estimated dimension 0 of 10 : 0.44716439774958194  | time taken : 11.903221368789673
 Thread 6 estimated dimension 2 of 10 : 0.9910704561244653  | time taken : 1.7022721767425537
 Thread 7 estimated dimension 0 of 10 : 0.4417402071735654  | time taken : 10.822946310043335
 Thread 1 estimated dimension 0 of 10 : 0.43785704916046286  | time taken : 10.944771528244019
 Thread 2 estimated dimension 1 of 10 : 1  | time taken : 1.69364333152771
 Thread 3 estimated dimension 0 of 10 : 0.4381889897962175  | time taken : 11.048156261444092
 Thread 7 estimated dimension 1 of 10 : 1  | time taken : 1.5541775226593018
 Thread 4 estimated dimension 0 of 10 : 0.44581639803916956  | time taken : 10.183732032775879
 Thread 1 estimated dimension 1 of 10 : 0.9739298761192694  | time taken : 1.600341796875
 Thread 3 estimated dimension 1 of 10 : 0.9822047703694129  | time taken : 1.7836382389068604
 Thread 7 estimated dimension 2 of 10 : 1  | time taken : 2.024005889892578
 Thread 2 estimated dimension 2 of 10 : 1  | time taken : 2.1670613288879395
 Thread 4 estimated dimension 1 of 10 : 1  | time taken : 1.2681684494018555
 Thread 1 estimated dimension 2 of 10 : 1  | time taken : 1.4606683254241943
 Thread 3 estimated dimension 2 of 10 : 1  | time taken : 1.585106611251831
 Thread 4 estimated dimension 2 of 10 : 1  | time taken : 1.8435540199279785
 Thread 7 estimated dimension 3 of 10 : 0.6635789554723015  | time taken : 9.59823226928711
 Thread 3 estimated dimension 3 of 10 : 0.7093510964242643  | time taken : 8.115701913833618
 Thread 1 estimated dimension 3 of 10 : 0.6988758831951865  | time taken : 9.704119682312012
 Thread 4 estimated dimension 3 of 10 : 0.675791776045161  | time taken : 8.301971197128296
 Thread 5 estimated dimension 1 of 10 : 0.255407763432067  | time taken : 20.441586017608643
 Thread 6 estimated dimension 3 of 10 : 0.3213661776118276  | time taken : 18.572579383850098
 Thread 6 estimated dimension 4 of 10 : 0.9914453863921485  | time taken : 1.2904584407806396
 Thread 3 estimated dimension 4 of 10 : 0.6987457330056112  | time taken : 6.432204484939575
 Thread 6 estimated dimension 5 of 10 : 0.9778150510935365  | time taken : 1.0207784175872803
 Thread 1 estimated dimension 4 of 10 : 0.7000703616865774  | time taken : 6.200334548950195
 Thread 4 estimated dimension 4 of 10 : 0.6749832506262183  | time taken : 5.996362686157227
 Thread 2 estimated dimension 3 of 10 : 0.320606639419274  | time taken : 17.65416932106018
 Thread 2 estimated dimension 4 of 10 : 1  | time taken : 1.9117131233215332
 Thread 2 estimated dimension 5 of 10 : 0.9840675322811648  | time taken : 0.9391467571258545
 Thread 6 estimated dimension 6 of 10 : 0.7201668714986553  | time taken : 6.480242490768433
 Thread 5 estimated dimension 2 of 10 : 0.4860140970847348  | time taken : 11.767694234848022
 Thread 2 estimated dimension 6 of 10 : 0.7273787759027589  | time taken : 5.029109716415405
 Thread 5 estimated dimension 3 of 10 : 1  | time taken : 1.0681016445159912
 Thread 7 estimated dimension 4 of 10 : 0.3077220986794603  | time taken : 18.31293225288391
 Thread 3 estimated dimension 5 of 10 : 0.4264605129410684  | time taken : 11.593329906463623
 Thread 5 estimated dimension 4 of 10 : 1  | time taken : 1.2322516441345215
 Thread 1 estimated dimension 5 of 10 : 0.42487155786117625  | time taken : 12.348516464233398
 Thread 4 estimated dimension 5 of 10 : 0.4259896918345872  | time taken : 12.229860305786133
 Thread 3 estimated dimension 6 of 10 : 1  | time taken : 0.9782741069793701
 Thread 1 estimated dimension 6 of 10 : 0.9883370389245485  | time taken : 0.4026775360107422
 Thread 4 estimated dimension 6 of 10 : 1  | time taken : 1.2959818840026855
 Thread 3 estimated dimension 7 of 10 : 0.7075375225476345  | time taken : 6.5355610847473145
 Thread 5 estimated dimension 5 of 10 : 0.510563401527445  | time taken : 8.57625126838684
 Thread 1 estimated dimension 7 of 10 : 0.6834301625283805  | time taken : 6.540954113006592
 Thread 4 estimated dimension 7 of 10 : 0.6935691415355297  | time taken : 5.782856464385986
 Thread 5 estimated dimension 6 of 10 : 0.9986415243804803  | time taken : 1.5668919086456299
 Thread 5 estimated dimension 7 of 10 : 0.9800376998508331  | time taken : 1.4666602611541748
 Thread 5 estimated dimension 8 of 10 : 0.9990505441241848  | time taken : 1.0862290859222412
 Thread 6 estimated dimension 7 of 10 : 0.31226823953998534  | time taken : 20.082167863845825
 Thread 7 estimated dimension 5 of 10 : 0.3879026958665074  | time taken : 15.478565692901611
 Thread 5 estimated dimension 9 of 10 : 1  | time taken : 1.2464475631713867
 Thread 5 nsolns: 38259
 Thread 1 estimated dimension 8 of 10 : 0.6299074716124176  | time taken : 6.786936044692993
 Thread 6 estimated dimension 8 of 10 : 1  | time taken : 1.2568743228912354
 Thread 7 estimated dimension 6 of 10 : 0.9806263510735489  | time taken : 1.5911681652069092
 Thread 6 estimated dimension 9 of 10 : 1  | time taken : 1.0497324466705322
 Thread 2 estimated dimension 7 of 10 : 0.3087088411806075  | time taken : 20.35955834388733
 Thread 6 nsolns: 39301
 Thread 7 estimated dimension 7 of 10 : 0.9614636880909749  | time taken : 0.9878337383270264
 Thread 2 estimated dimension 8 of 10 : 0.9932442796735406  | time taken : 1.2515907287597656
 Thread 7 estimated dimension 8 of 10 : 1  | time taken : 1.1742827892303467
 Thread 2 estimated dimension 9 of 10 : 0.9835435117242818  | time taken : 1.5783977508544922
 Thread 2 nsolns: 39301
 Thread 7 estimated dimension 9 of 10 : 1  | time taken : 1.4551143646240234
 Thread 3 estimated dimension 8 of 10 : 0.38432604387660063  | time taken : 14.269928932189941
 Thread 7 nsolns: 38252
 Thread 3 estimated dimension 9 of 10 : 1  | time taken : 1.729691982269287
 Thread 5 estimated dimension 0 of 10 : 0.5618920390807374  | time taken : 9.225428819656372
 Thread 4 estimated dimension 8 of 10 : 0.38842780169055685  | time taken : 15.444566488265991
 Thread 3 nsolns: 38273
 Thread 1 estimated dimension 9 of 10 : 0.47655752847768945  | time taken : 9.371671676635742
 Thread 1 nsolns: 38386
 Thread 4 estimated dimension 9 of 10 : 1  | time taken : 1.9877281188964844
 Thread 4 nsolns: 38273
 Thread 6 estimated dimension 0 of 10 : 0.4354977110553693  | time taken : 10.417299509048462
 Thread 2 estimated dimension 0 of 10 : 0.569636874639616  | time taken : 8.435704231262207
 Thread 5 estimated dimension 1 of 10 : 0.7614975896820363  | time taken : 5.955279588699341
 Thread 6 estimated dimension 1 of 10 : 0.9741633659893528  | time taken : 1.6399247646331787
 Thread 7 estimated dimension 0 of 10 : 0.44290440496819067  | time taken : 10.358384847640991
 Thread 6 estimated dimension 2 of 10 : 1  | time taken : 2.0230722427368164
 Thread 1 estimated dimension 0 of 10 : 0.5709200395911512  | time taken : 8.92655897140503
 Thread 7 estimated dimension 1 of 10 : 0.9927376241985164  | time taken : 1.4266836643218994
 Thread 3 estimated dimension 0 of 10 : 0.4432212981531929  | time taken : 10.622044801712036
 Thread 4 estimated dimension 0 of 10 : 0.5665492739348441  | time taken : 8.62298583984375
 Thread 5 estimated dimension 2 of 10 : 0.661328648589783  | time taken : 6.198155879974365
 Thread 7 estimated dimension 2 of 10 : 0.9818348457702023  | time taken : 2.0894412994384766
 Thread 3 estimated dimension 1 of 10 : 0.9967545284801452  | time taken : 1.6763150691986084
 Thread 3 estimated dimension 2 of 10 : 0.9886448893041087  | time taken : 0.8941752910614014
 Thread 5 estimated dimension 3 of 10 : 1  | time taken : 1.4705841541290283
 Thread 1 estimated dimension 1 of 10 : 0.7368521581588914  | time taken : 5.553930759429932
 Thread 4 estimated dimension 1 of 10 : 0.7542153867567717  | time taken : 5.635251998901367
 Thread 6 estimated dimension 3 of 10 : 0.6741331443259996  | time taken : 10.295354127883911
 Thread 5 estimated dimension 4 of 10 : 0.6807506028613001  | time taken : 6.7569122314453125
 Thread 1 estimated dimension 2 of 10 : 0.677478446558482  | time taken : 6.052179574966431
 Thread 1 estimated dimension 3 of 10 : 1  | time taken : 1.1993210315704346
 Thread 2 estimated dimension 1 of 10 : 0.25633143922281165  | time taken : 21.103048086166382
 Thread 5 estimated dimension 5 of 10 : 0.5861907933018488  | time taken : 7.479382753372192
 Thread 7 estimated dimension 3 of 10 : 0.31846058176707664  | time taken : 17.068047761917114
 Thread 3 estimated dimension 3 of 10 : 0.3247867836285318  | time taken : 16.859291791915894
 Thread 7 estimated dimension 4 of 10 : 0.974861290049328  | time taken : 1.5304360389709473
 Thread 3 estimated dimension 4 of 10 : 1  | time taken : 1.5714657306671143
 Thread 7 estimated dimension 5 of 10 : 1  | time taken : 1.478067398071289
 Thread 3 estimated dimension 5 of 10 : 1  | time taken : 1.8064813613891602
 Thread 4 estimated dimension 2 of 10 : 0.32120282111891635  | time taken : 19.13851022720337
 Thread 2 estimated dimension 2 of 10 : 0.4842225762326253  | time taken : 10.679229021072388
 Thread 4 estimated dimension 3 of 10 : 1  | time taken : 1.1456148624420166
 Thread 6 estimated dimension 4 of 10 : 0.31553565411976664  | time taken : 18.545557737350464
 Thread 2 estimated dimension 3 of 10 : 1  | time taken : 1.5340008735656738
 Thread 7 estimated dimension 6 of 10 : 0.746491540849949  | time taken : 5.2312445640563965
 Thread 3 estimated dimension 6 of 10 : 0.7024613709691793  | time taken : 6.587154388427734
 Thread 2 estimated dimension 4 of 10 : 1  | time taken : 1.1334896087646484
 Thread 1 estimated dimension 4 of 10 : 0.3107535228283904  | time taken : 19.23234248161316
 Thread 4 estimated dimension 4 of 10 : 0.7357935766138307  | time taken : 6.211758375167847
 Thread 6 estimated dimension 5 of 10 : 0.6083561163691771  | time taken : 7.929290533065796
 Thread 4 estimated dimension 5 of 10 : 1  | time taken : 1.5234429836273193
 Thread 7 estimated dimension 7 of 10 : 0.686660288974137  | time taken : 7.144136428833008
 Thread 4 estimated dimension 6 of 10 : 0.9862196007497612  | time taken : 0.6991636753082275
 Thread 1 estimated dimension 5 of 10 : 0.6138495904066129  | time taken : 6.9849958419799805
 Thread 2 estimated dimension 5 of 10 : 0.5191982174676657  | time taken : 9.407435178756714
 Thread 2 estimated dimension 6 of 10 : 0.9862620095441551  | time taken : 1.498436450958252
 Thread 7 estimated dimension 8 of 10 : 0.6280804451835538  | time taken : 5.796249628067017
 Thread 4 estimated dimension 7 of 10 : 0.6725901389823782  | time taken : 5.913304805755615
 Thread 5 estimated dimension 6 of 10 : 0.2669921451476423  | time taken : 25.888697385787964
 Thread 6 estimated dimension 6 of 10 : 0.5088082198302943  | time taken : 7.771498918533325
 Thread 2 estimated dimension 7 of 10 : 1  | time taken : 1.7585325241088867
 Thread 5 estimated dimension 7 of 10 : 1  | time taken : 1.399960994720459
 Thread 2 estimated dimension 8 of 10 : 0.9876660828053822  | time taken : 1.1249918937683105
 Thread 6 estimated dimension 7 of 10 : 0.9919735007902784  | time taken : 1.8324825763702393
 Thread 5 estimated dimension 8 of 10 : 0.9831030854596281  | time taken : 1.3377015590667725
 Thread 2 estimated dimension 9 of 10 : 0.9617076989029618  | time taken : 1.2210688591003418
 Thread 6 estimated dimension 8 of 10 : 1  | time taken : 1.257941722869873
 Thread 2 nsolns: 38259
 Thread 5 estimated dimension 9 of 10 : 0.9602765431407118  | time taken : 1.188185691833496
 Thread 5 nsolns: 37971
 Thread 6 estimated dimension 9 of 10 : 0.9592052832016617  | time taken : 1.2185330390930176
 Thread 6 nsolns: 38142
 Thread 1 estimated dimension 6 of 10 : 0.48296815317488545  | time taken : 9.682810306549072
 Thread 3 estimated dimension 7 of 10 : 0.2999430545847288  | time taken : 20.269179105758667
 Thread 4 estimated dimension 8 of 10 : 0.6121141707422435  | time taken : 7.370089054107666
 Thread 1 estimated dimension 7 of 10 : 0.9961077089565764  | time taken : 1.2173168659210205
 Thread 3 estimated dimension 8 of 10 : 1  | time taken : 1.7598462104797363
 Thread 7 estimated dimension 9 of 10 : 0.49043098087486797  | time taken : 10.927963972091675
 Thread 1 estimated dimension 8 of 10 : 1  | time taken : 1.7084872722625732
 Thread 7 nsolns: 38915
 Thread 3 estimated dimension 9 of 10 : 0.9928905865657042  | time taken : 1.697678565979004
 Thread 1 estimated dimension 9 of 10 : 0.9851661395390678  | time taken : 1.3857319355010986
 Thread 3 nsolns: 39301
 Thread 1 nsolns: 37929
 Thread 2 estimated dimension 0 of 10 : 0.5559806015848444  | time taken : 9.393330812454224
 Thread 5 estimated dimension 0 of 10 : 0.5654419410070116  | time taken : 9.118895292282104
 Thread 4 estimated dimension 9 of 10 : 0.5046488239805008  | time taken : 7.656574964523315
 Thread 4 nsolns: 38295
 Thread 6 estimated dimension 0 of 10 : 0.43932843975495767  | time taken : 10.157724857330322
 Thread 6 estimated dimension 1 of 10 : 0.9795897011463854  | time taken : 0.8998322486877441
 Thread 6 estimated dimension 2 of 10 : 0.9665928709470077  | time taken : 1.352003574371338
 Thread 5 estimated dimension 1 of 10 : 0.7397710239835155  | time taken : 4.551976203918457
 Thread 3 estimated dimension 0 of 10 : 0.5749011592150634  | time taken : 8.310418128967285
 Thread 7 estimated dimension 0 of 10 : 0.4276551758448372  | time taken : 10.326886892318726
 Thread 1 estimated dimension 0 of 10 : 0.5742909558002562  | time taken : 8.41085410118103
 Thread 7 estimated dimension 1 of 10 : 0.9984198283495619  | time taken : 1.461005449295044
 Thread 4 estimated dimension 0 of 10 : 0.5696883765930878  | time taken : 6.910149574279785
 Thread 7 estimated dimension 2 of 10 : 0.9769098228447683  | time taken : 1.4464964866638184
 Thread 1 estimated dimension 1 of 10 : 0.7299362254346418  | time taken : 4.84449577331543
 Thread 6 estimated dimension 3 of 10 : 0.6805670395190214  | time taken : 7.2336955070495605
 Thread 4 estimated dimension 1 of 10 : 0.7443808293649492  | time taken : 4.654695510864258
 Thread 1 estimated dimension 2 of 10 : 0.6792185055694075  | time taken : 5.316314935684204
 Thread 7 estimated dimension 3 of 10 : 0.6736362860782451  | time taken : 7.439944505691528
 Thread 1 estimated dimension 3 of 10 : 1  | time taken : 1.0982084274291992
 Thread 2 estimated dimension 1 of 10 : 0.2614259379614576  | time taken : 18.599716901779175
 Thread 5 estimated dimension 2 of 10 : 0.3249425388246594  | time taken : 16.804795503616333
 Thread 3 estimated dimension 1 of 10 : 0.2623891791989599  | time taken : 16.420524835586548
 Thread 5 estimated dimension 3 of 10 : 1  | time taken : 1.1021041870117188
 Thread 1 estimated dimension 4 of 10 : 0.6891754729308281  | time taken : 5.632446527481079
 Thread 2 estimated dimension 2 of 10 : 0.5087463370683952  | time taken : 8.751461029052734
 Thread 5 estimated dimension 4 of 10 : 0.7344741707573597  | time taken : 4.31067681312561
 Thread 6 estimated dimension 4 of 10 : 0.30798057934069606  | time taken : 16.06763505935669
 Thread 2 estimated dimension 3 of 10 : 1  | time taken : 1.3201572895050049
 Thread 5 estimated dimension 5 of 10 : 1  | time taken : 0.9758853912353516
 Thread 4 estimated dimension 2 of 10 : 0.3243692842869564  | time taken : 16.539493799209595
 Thread 1 estimated dimension 5 of 10 : 0.5706592361835026  | time taken : 6.188856840133667
 Thread 5 estimated dimension 6 of 10 : 1  | time taken : 1.5216572284698486
 Thread 2 estimated dimension 4 of 10 : 0.9762581207195612  | time taken : 1.7483313083648682
 Thread 4 estimated dimension 3 of 10 : 1  | time taken : 0.934638500213623
 Thread 3 estimated dimension 2 of 10 : 0.4802019109265686  | time taken : 9.710488557815552
 Thread 2 estimated dimension 5 of 10 : 1  | time taken : 1.9886362552642822
 Thread 7 estimated dimension 4 of 10 : 0.3121304167317179  | time taken : 16.565712690353394
 Thread 3 estimated dimension 3 of 10 : 0.975453273226895  | time taken : 1.538053035736084
 Thread 3 estimated dimension 4 of 10 : 1  | time taken : 1.476731538772583
 Thread 4 estimated dimension 4 of 10 : 0.7214642581452688  | time taken : 5.012727975845337
 Thread 1 estimated dimension 6 of 10 : 0.7209838008590549  | time taken : 5.8553786277771
 Thread 4 estimated dimension 5 of 10 : 0.9708705337867215  | time taken : 1.2021422386169434
 Thread 4 estimated dimension 6 of 10 : 0.9876637316534228  | time taken : 1.259979009628296
 Thread 6 estimated dimension 5 of 10 : 0.38903092959537733  | time taken : 13.409810304641724
 Thread 2 estimated dimension 6 of 10 : 0.47753988525779956  | time taken : 8.845534801483154
 Thread 6 estimated dimension 6 of 10 : 0.9914580411203403  | time taken : 1.3823137283325195
 Thread 2 estimated dimension 7 of 10 : 1  | time taken : 0.9076197147369385
 Thread 3 estimated dimension 5 of 10 : 0.5184552556494821  | time taken : 8.727596044540405
 Thread 6 estimated dimension 7 of 10 : 1  | time taken : 1.1759662628173828
 Thread 2 estimated dimension 8 of 10 : 1  | time taken : 1.2565639019012451
 Thread 4 estimated dimension 7 of 10 : 0.6948001821097952  | time taken : 6.770563125610352
 Thread 3 estimated dimension 6 of 10 : 1  | time taken : 1.6506710052490234
 Thread 5 estimated dimension 7 of 10 : 0.30359096919675577  | time taken : 15.92283034324646
 Thread 6 estimated dimension 8 of 10 : 0.9706700845457576  | time taken : 1.7662298679351807
 Thread 2 estimated dimension 9 of 10 : 0.9903414990586131  | time taken : 1.2925353050231934
 Thread 7 estimated dimension 5 of 10 : 0.38402718654056345  | time taken : 13.35972785949707
 Thread 2 nsolns: 38299
 Thread 3 estimated dimension 7 of 10 : 1  | time taken : 1.345189094543457
 Thread 5 estimated dimension 8 of 10 : 0.9894539264225567  | time taken : 1.520538091659546
 Thread 6 estimated dimension 9 of 10 : 0.9764890173959397  | time taken : 1.8618712425231934
 Thread 7 estimated dimension 6 of 10 : 0.9935985219211101  | time taken : 1.9234497547149658
 Thread 6 nsolns: 38252
 Thread 3 estimated dimension 8 of 10 : 1  | time taken : 1.141664743423462
 Thread 5 estimated dimension 9 of 10 : 1  | time taken : 1.4612846374511719
 Thread 5 nsolns: 38904
 Thread 3 estimated dimension 9 of 10 : 1  | time taken : 0.7429718971252441
 Thread 3 nsolns: 38259
 Thread 7 estimated dimension 7 of 10 : 0.9655140787187491  | time taken : 1.7594895362854004
 Thread 7 estimated dimension 8 of 10 : 0.9855526925146115  | time taken : 1.368285894393921
 Thread 1 estimated dimension 7 of 10 : 0.3048452622884593  | time taken : 16.535017728805542
 Thread 4 estimated dimension 8 of 10 : 0.6110877698156516  | time taken : 7.228357553482056
 Thread 7 estimated dimension 9 of 10 : 1  | time taken : 0.8887684345245361
 Thread 7 nsolns: 38252
 Thread 1 estimated dimension 8 of 10 : 1  | time taken : 1.4037542343139648
 Thread 2 estimated dimension 0 of 10 : 0.5651472364228969  | time taken : 8.787405729293823
 Thread 1 estimated dimension 9 of 10 : 0.9879267666317131  | time taken : 0.7834115028381348
 Thread 1 nsolns: 37793
 Thread 6 estimated dimension 0 of 10 : 0.5792574782136409  | time taken : 8.848257541656494
 Thread 3 estimated dimension 0 of 10 : 0.5830944761318191  | time taken : 8.632696390151978
 Thread 5 estimated dimension 0 of 10 : 0.5617437809842936  | time taken : 9.487088441848755
 Thread 4 estimated dimension 9 of 10 : 0.4859006616894388  | time taken : 9.263075590133667
 Thread 7 estimated dimension 0 of 10 : 0.5690517663869941  | time taken : 9.036763906478882
 Thread 4 nsolns: 38518
 Thread 3 estimated dimension 1 of 10 : 0.7733802563042189  | time taken : 5.156826019287109
 Thread 5 estimated dimension 1 of 10 : 0.740127345014114  | time taken : 5.718678951263428
 Thread 1 estimated dimension 0 of 10 : 0.5572150512303967  | time taken : 9.845792531967163
 Thread 3 estimated dimension 2 of 10 : 0.6837388227937709  | time taken : 5.7221150398254395
 Thread 4 estimated dimension 0 of 10 : 0.43451513339785  | time taken : 8.143432378768921
 Thread 3 estimated dimension 3 of 10 : 0.9824625968919022  | time taken : 0.9233896732330322
 Thread 4 estimated dimension 1 of 10 : 0.9920857403073685  | time taken : 1.380033254623413
 Thread 4 estimated dimension 2 of 10 : 1  | time taken : 1.2270913124084473
 Thread 6 estimated dimension 1 of 10 : 0.26273317955922315  | time taken : 17.192915678024292
 Thread 2 estimated dimension 1 of 10 : 0.26251528586832523  | time taken : 20.06260061264038
 Thread 3 estimated dimension 4 of 10 : 0.7133835674337677  | time taken : 6.167186260223389
 Thread 7 estimated dimension 1 of 10 : 0.25503560389782803  | time taken : 18.208046436309814
 Thread 4 estimated dimension 3 of 10 : 0.6543389858978127  | time taken : 7.776271343231201
 Thread 5 estimated dimension 2 of 10 : 0.3203417693159351  | time taken : 17.531131267547607
 Thread 1 estimated dimension 1 of 10 : 0.256017265434079  | time taken : 18.337174654006958
 Thread 5 estimated dimension 3 of 10 : 1  | time taken : 1.4980072975158691
 Thread 2 estimated dimension 2 of 10 : 0.48147829346443916  | time taken : 11.024578332901001
 Thread 6 estimated dimension 2 of 10 : 0.48596216864468866  | time taken : 11.32644510269165
 Thread 6 estimated dimension 3 of 10 : 1  | time taken : 0.7367231845855713
 Thread 2 estimated dimension 3 of 10 : 0.9744849492882001  | time taken : 1.555138349533081
 Thread 4 estimated dimension 4 of 10 : 0.7057572562132896  | time taken : 6.425328254699707
 Thread 6 estimated dimension 4 of 10 : 0.9999239313988691  | time taken : 0.9042105674743652
 Thread 3 estimated dimension 5 of 10 : 0.4290927028713724  | time taken : 10.94255256652832
 Thread 2 estimated dimension 4 of 10 : 1  | time taken : 1.0859222412109375
 Thread 5 estimated dimension 4 of 10 : 0.7396055712857089  | time taken : 5.097088098526001
 Thread 3 estimated dimension 6 of 10 : 1  | time taken : 1.4655091762542725
 Thread 5 estimated dimension 5 of 10 : 0.9898993941867796  | time taken : 1.267998218536377
 Thread 7 estimated dimension 2 of 10 : 0.47917064993109454  | time taken : 11.71979570388794
 Thread 5 estimated dimension 6 of 10 : 1  | time taken : 1.2078092098236084
 Thread 1 estimated dimension 2 of 10 : 0.5045840172877449  | time taken : 9.644094944000244
 Thread 7 estimated dimension 3 of 10 : 0.9821389134980915  | time taken : 1.1330695152282715
 Thread 1 estimated dimension 3 of 10 : 1  | time taken : 0.8489413261413574
 Thread 7 estimated dimension 4 of 10 : 0.9780761913122121  | time taken : 0.9947671890258789
 Thread 1 estimated dimension 4 of 10 : 0.9858537121949347  | time taken : 1.052417516708374
 Thread 2 estimated dimension 5 of 10 : 0.5102526876262898  | time taken : 7.048624038696289
 Thread 4 estimated dimension 5 of 10 : 0.5830206328189457  | time taken : 7.494906425476074
 Thread 3 estimated dimension 7 of 10 : 0.7023711661989255  | time taken : 6.03109884262085
 Thread 1 estimated dimension 5 of 10 : 0.9947608881682615  | time taken : 1.6450309753417969
 Thread 2 estimated dimension 6 of 10 : 1  | time taken : 1.9303960800170898
 Thread 6 estimated dimension 5 of 10 : 0.4821711983182262  | time taken : 9.49605393409729
 Thread 5 estimated dimension 7 of 10 : 0.6892511527461707  | time taken : 5.814525127410889
 Thread 2 estimated dimension 7 of 10 : 1  | time taken : 1.274122953414917
 Thread 6 estimated dimension 6 of 10 : 0.9873073634769519  | time taken : 1.5229873657226562
 Thread 2 estimated dimension 8 of 10 : 1  | time taken : 1.344101905822754
 Thread 6 estimated dimension 7 of 10 : 0.9604325514752026  | time taken : 0.947749137878418
 Thread 3 estimated dimension 8 of 10 : 0.6280604718931133  | time taken : 6.122865676879883
 Thread 6 estimated dimension 8 of 10 : 0.9868677210649216  | time taken : 0.9089174270629883
 Thread 4 estimated dimension 6 of 10 : 0.7364504714024588  | time taken : 6.68979811668396
 Thread 2 estimated dimension 9 of 10 : 0.9795287926597195  | time taken : 1.7282030582427979
 Thread 2 nsolns: 38259
 Thread 7 estimated dimension 5 of 10 : 0.5109560125338838  | time taken : 8.585317134857178
 Thread 6 estimated dimension 9 of 10 : 0.9624515286502452  | time taken : 1.4443514347076416
 Thread 6 nsolns: 38482
 Thread 7 estimated dimension 6 of 10 : 0.9965044598103486  | time taken : 1.4786319732666016
 Thread 7 estimated dimension 7 of 10 : 1  | time taken : 1.146266222000122
 Thread 1 estimated dimension 6 of 10 : 0.47812178338129646  | time taken : 9.403810977935791
 Thread 1 estimated dimension 7 of 10 : 0.9931829563883048  | time taken : 1.3546667098999023
 Thread 7 estimated dimension 8 of 10 : 0.9696944789292022  | time taken : 1.482088327407837
 Thread 4 estimated dimension 7 of 10 : 0.7074724823744927  | time taken : 6.139645338058472
 Thread 7 estimated dimension 9 of 10 : 0.9860908501534839  | time taken : 1.0076546669006348
 Thread 1 estimated dimension 8 of 10 : 1  | time taken : 1.0830023288726807
 Thread 7 nsolns: 38259
 Thread 3 estimated dimension 9 of 10 : 0.495560990267195  | time taken : 9.120049476623535
 Thread 3 nsolns: 37950
 Thread 1 estimated dimension 9 of 10 : 0.9862875740515954  | time taken : 1.3792214393615723
 Thread 1 nsolns: 38299
 Thread 5 estimated dimension 8 of 10 : 0.38823734857698494  | time taken : 13.395232915878296
 Thread 6 estimated dimension 0 of 10 : 0.4363166020157292  | time taken : 9.232545375823975
 Thread 2 estimated dimension 0 of 10 : 0.43621643934172083  | time taken : 10.021397590637207
 Thread 5 estimated dimension 9 of 10 : 1  | time taken : 1.2509613037109375
 Thread 5 nsolns: 38405
 Thread 4 estimated dimension 8 of 10 : 0.6211312746315378  | time taken : 5.083143949508667
 Thread 2 estimated dimension 1 of 10 : 1  | time taken : 1.0623130798339844
 Thread 6 estimated dimension 1 of 10 : 0.9651457531791875  | time taken : 1.3388054370880127
 Thread 2 estimated dimension 2 of 10 : 0.978269148407335  | time taken : 0.9728138446807861
 Thread 6 estimated dimension 2 of 10 : 0.9938300728210748  | time taken : 1.736351490020752
 Thread 7 estimated dimension 0 of 10 : 0.43520160294606597  | time taken : 8.676871061325073
 Thread 3 estimated dimension 0 of 10 : 0.4409672518171357  | time taken : 7.830115795135498
 Thread 7 estimated dimension 1 of 10 : 0.9757546298463481  | time taken : 0.8328571319580078
 Thread 3 estimated dimension 1 of 10 : 1  | time taken : 0.974111795425415
 Thread 7 estimated dimension 2 of 10 : 1  | time taken : 0.9169213771820068
 Thread 1 estimated dimension 0 of 10 : 0.4320007806522148  | time taken : 8.781884670257568
 Thread 4 estimated dimension 9 of 10 : 0.500469559078138  | time taken : 6.867703437805176
 Thread 5 estimated dimension 0 of 10 : 0.43936274118891666  | time taken : 7.794247388839722
 Thread 3 estimated dimension 2 of 10 : 1  | time taken : 1.1889090538024902
 Thread 1 estimated dimension 1 of 10 : 0.9824507125612716  | time taken : 1.0641014575958252
 Thread 4 nsolns: 37843
 Thread 2 estimated dimension 3 of 10 : 0.6919558688705145  | time taken : 5.89388632774353
 Thread 5 estimated dimension 1 of 10 : 0.9659348995265745  | time taken : 2.313581943511963
 Thread 6 estimated dimension 3 of 10 : 0.6775573015149211  | time taken : 7.123419523239136
 Thread 1 estimated dimension 2 of 10 : 1  | time taken : 2.394771099090576
 Thread 5 estimated dimension 2 of 10 : 0.9836060070643174  | time taken : 1.695467472076416
 Thread 4 estimated dimension 0 of 10 : 0.5599456145693534  | time taken : 8.18588376045227
 Thread 4 estimated dimension 1 of 10 : 0.7401067770356609  | time taken : 4.4098546504974365
 Thread 5 estimated dimension 3 of 10 : 0.6808882203503527  | time taken : 9.033956289291382
 Thread 7 estimated dimension 3 of 10 : 0.31616801498630337  | time taken : 16.720537424087524
 Thread 7 estimated dimension 4 of 10 : 0.9882038462435635  | time taken : 1.1648077964782715
 Thread 3 estimated dimension 3 of 10 : 0.3210186668483317  | time taken : 16.6190185546875
 Thread 7 estimated dimension 5 of 10 : 1  | time taken : 0.6103904247283936
 Thread 3 estimated dimension 4 of 10 : 1  | time taken : 1.1387007236480713
 Thread 2 estimated dimension 4 of 10 : 0.31109558921718017  | time taken : 17.95502805709839
 Thread 1 estimated dimension 3 of 10 : 0.3222230249951329  | time taken : 15.571536302566528
 Thread 4 estimated dimension 2 of 10 : 0.6706733758064628  | time taken : 6.035941123962402
 Thread 5 estimated dimension 4 of 10 : 0.668460980217163  | time taken : 5.387937784194946
 Thread 1 estimated dimension 4 of 10 : 1  | time taken : 1.431079387664795
 Thread 3 estimated dimension 5 of 10 : 1  | time taken : 1.605811357498169
 Thread 4 estimated dimension 3 of 10 : 1  | time taken : 1.2675588130950928
 Thread 6 estimated dimension 4 of 10 : 0.31127037596788576  | time taken : 18.44943356513977
 Thread 1 estimated dimension 5 of 10 : 1  | time taken : 1.5633485317230225
 Thread 7 estimated dimension 6 of 10 : 0.714951217352511  | time taken : 5.905000925064087
 Thread 3 estimated dimension 6 of 10 : 0.7366988725611004  | time taken : 5.4642417430877686
 Thread 5 estimated dimension 5 of 10 : 0.5728683202880909  | time taken : 7.040664196014404
 Thread 4 estimated dimension 4 of 10 : 0.724254313148065  | time taken : 6.338790655136108
 Thread 1 estimated dimension 6 of 10 : 0.7364314787991417  | time taken : 5.385585308074951
 Thread 6 estimated dimension 5 of 10 : 0.6235632191518776  | time taken : 6.357001781463623
 Thread 7 estimated dimension 7 of 10 : 0.6987103115424966  | time taken : 7.068480014801025
 Thread 2 estimated dimension 5 of 10 : 0.376974343851378  | time taken : 13.405036449432373
 Thread 3 estimated dimension 7 of 10 : 0.6762863822182414  | time taken : 6.746592044830322
 Thread 2 estimated dimension 6 of 10 : 0.9846926727163238  | time taken : 1.0719101428985596
 Thread 5 estimated dimension 6 of 10 : 0.7278006739292879  | time taken : 6.125112771987915
 Thread 4 estimated dimension 5 of 10 : 0.5688575436233307  | time taken : 6.9696338176727295
 Thread 1 estimated dimension 7 of 10 : 0.6796007883248099  | time taken : 6.78535795211792
 Thread 2 estimated dimension 7 of 10 : 0.9662274155582157  | time taken : 1.6554265022277832
 Thread 2 estimated dimension 8 of 10 : 1  | time taken : 0.8620221614837646
 Thread 6 estimated dimension 6 of 10 : 0.5071132944161936  | time taken : 9.468490839004517
 Thread 2 estimated dimension 9 of 10 : 1  | time taken : 1.0120134353637695
 Thread 2 nsolns: 38252
 Thread 3 estimated dimension 8 of 10 : 0.6338901753370099  | time taken : 6.019076585769653
 Thread 6 estimated dimension 7 of 10 : 0.995516343721686  | time taken : 1.397596836090088
 Thread 4 estimated dimension 6 of 10 : 0.7318212909072522  | time taken : 5.1413893699646
 Thread 5 estimated dimension 7 of 10 : 0.6863748504226389  | time taken : 6.108497858047485
 Thread 6 estimated dimension 8 of 10 : 1  | time taken : 0.733393669128418
 Thread 1 estimated dimension 8 of 10 : 0.6299944105380216  | time taken : 6.360033988952637
 Thread 6 estimated dimension 9 of 10 : 1  | time taken : 1.6288020610809326
 Thread 6 nsolns: 38365
 Thread 7 estimated dimension 8 of 10 : 0.38948851336685597  | time taken : 12.835011720657349
 Thread 7 estimated dimension 9 of 10 : 1  | time taken : 0.9834864139556885
 Thread 7 nsolns: 38802
 Thread 5 estimated dimension 8 of 10 : 0.6117855856446521  | time taken : 6.117074012756348
 Thread 3 estimated dimension 9 of 10 : 0.5061986226923859  | time taken : 7.357244968414307
 Thread 4 estimated dimension 7 of 10 : 0.687866360156699  | time taken : 6.484797477722168
 Thread 3 nsolns: 38692
 Thread 2 estimated dimension 0 of 10 : 0.44859351407601766  | time taken : 9.608444690704346
 Thread 2 estimated dimension 1 of 10 : 0.9563177117829441  | time taken : 1.383859395980835
 Thread 6 estimated dimension 0 of 10 : 0.5738646829044954  | time taken : 7.322394847869873
 Thread 1 estimated dimension 9 of 10 : 0.4860460458906823  | time taken : 9.472034931182861
 Thread 2 estimated dimension 2 of 10 : 1  | time taken : 1.0307800769805908
 Thread 1 nsolns: 38915
 Thread 4 estimated dimension 8 of 10 : 0.6180857649495797  | time taken : 6.073544025421143
 Thread 7 estimated dimension 0 of 10 : 0.5871079647346893  | time taken : 8.327999830245972
 Thread 6 estimated dimension 1 of 10 : 0.728194864630243  | time taken : 4.170967102050781
 Thread 5 estimated dimension 9 of 10 : 0.5023933559535164  | time taken : 8.978868007659912
 Thread 5 nsolns: 37843
 Thread 3 estimated dimension 0 of 10 : 0.43740322197139253  | time taken : 8.701554536819458
 Thread 3 estimated dimension 1 of 10 : 1  | time taken : 1.5610003471374512
 Thread 3 estimated dimension 2 of 10 : 0.9734369959218636  | time taken : 0.7979788780212402
 Thread 2 estimated dimension 3 of 10 : 0.6845700471173547  | time taken : 7.800805568695068
 Thread 6 estimated dimension 2 of 10 : 0.7009348268943737  | time taken : 4.597472429275513
 Thread 1 estimated dimension 0 of 10 : 0.4388749867907174  | time taken : 8.094647645950317
 Thread 1 estimated dimension 1 of 10 : 1  | time taken : 1.4323468208312988
 Thread 6 estimated dimension 3 of 10 : 1  | time taken : 1.9210596084594727
 Thread 4 estimated dimension 9 of 10 : 0.48812672595680906  | time taken : 8.514381408691406
 Thread 4 nsolns: 37407
 Thread 1 estimated dimension 2 of 10 : 1  | time taken : 1.3500826358795166
 Thread 2 estimated dimension 4 of 10 : 0.6910208370052018  | time taken : 5.508052825927734
 Thread 5 estimated dimension 0 of 10 : 0.41937845420495595  | time taken : 9.410423994064331
 Thread 5 estimated dimension 1 of 10 : 1  | time taken : 1.144322395324707
 Thread 6 estimated dimension 4 of 10 : 0.6935936488252156  | time taken : 6.026804208755493
 Thread 5 estimated dimension 2 of 10 : 1  | time taken : 1.287839651107788
 Thread 3 estimated dimension 3 of 10 : 0.6760458137189268  | time taken : 9.615105628967285
 Thread 7 estimated dimension 1 of 10 : 0.2620122278114736  | time taken : 15.884304523468018
 Thread 4 estimated dimension 0 of 10 : 0.43306224904454776  | time taken : 10.162694454193115
 Thread 4 estimated dimension 1 of 10 : 1  | time taken : 1.2855660915374756
 Thread 3 estimated dimension 4 of 10 : 0.6717016833475099  | time taken : 5.195983409881592
 Thread 4 estimated dimension 2 of 10 : 0.9913040399844509  | time taken : 1.5226051807403564
 Thread 2 estimated dimension 5 of 10 : 0.43545524087940646  | time taken : 11.337660074234009
 Thread 2 estimated dimension 6 of 10 : 1  | time taken : 0.6470150947570801
 Thread 1 estimated dimension 3 of 10 : 0.3240189923714312  | time taken : 15.751492738723755
 Thread 1 estimated dimension 4 of 10 : 1  | time taken : 0.34913086891174316
 Thread 6 estimated dimension 5 of 10 : 0.42534791873423766  | time taken : 11.69754695892334
 Thread 7 estimated dimension 2 of 10 : 0.5119176578305563  | time taken : 10.198369264602661
 Thread 1 estimated dimension 5 of 10 : 1  | time taken : 1.2603209018707275
 Thread 6 estimated dimension 6 of 10 : 0.9871831966389174  | time taken : 1.201002836227417
 Thread 2 estimated dimension 7 of 10 : 0.682546778487502  | time taken : 4.884155988693237
 Thread 7 estimated dimension 3 of 10 : 1  | time taken : 1.6710643768310547
 Thread 5 estimated dimension 3 of 10 : 0.324384189939701  | time taken : 15.378521919250488
 Thread 7 estimated dimension 4 of 10 : 1  | time taken : 1.0166659355163574
 Thread 5 estimated dimension 4 of 10 : 0.9929595110472927  | time taken : 0.7132861614227295
 Thread 3 estimated dimension 5 of 10 : 0.42413213497874047  | time taken : 11.03294825553894
 Thread 7 estimated dimension 5 of 10 : 0.9934033429106225  | time taken : 0.9635865688323975
 Thread 5 estimated dimension 5 of 10 : 1  | time taken : 0.7975978851318359
 Thread 3 estimated dimension 6 of 10 : 1  | time taken : 1.324242353439331
 Thread 6 estimated dimension 7 of 10 : 0.6817549050412748  | time taken : 5.08100438117981
 Thread 1 estimated dimension 6 of 10 : 0.7281786149018825  | time taken : 5.3037638664245605
 Thread 2 estimated dimension 8 of 10 : 0.626900832831028  | time taken : 5.657088279724121
 Thread 4 estimated dimension 3 of 10 : 0.31897478513729255  | time taken : 14.606274604797363
 Thread 5 estimated dimension 6 of 10 : 0.7309456307029979  | time taken : 5.079706192016602
 Thread 7 estimated dimension 6 of 10 : 0.5126966066101821  | time taken : 6.537793159484863
 Thread 4 estimated dimension 4 of 10 : 1  | time taken : 1.0847711563110352
 Thread 3 estimated dimension 7 of 10 : 0.6823382150513894  | time taken : 5.053374528884888
 Thread 6 estimated dimension 8 of 10 : 0.6232677349827955  | time taken : 4.905634164810181
 Thread 1 estimated dimension 7 of 10 : 0.6797824679324705  | time taken : 5.169782400131226
 Thread 7 estimated dimension 7 of 10 : 0.9786317975770497  | time taken : 1.4442839622497559
 Thread 4 estimated dimension 5 of 10 : 0.9859286013382714  | time taken : 1.658144474029541
 Thread 7 estimated dimension 8 of 10 : 1  | time taken : 1.1825611591339111
 Thread 7 estimated dimension 9 of 10 : 0.9935716104106912  | time taken : 0.8492987155914307
 Thread 2 estimated dimension 9 of 10 : 0.4862154003028932  | time taken : 7.4703733921051025
 Thread 7 nsolns: 38076
 Thread 2 nsolns: 38386
 Thread 5 estimated dimension 7 of 10 : 0.6916589083359734  | time taken : 6.101076364517212
 Thread 1 estimated dimension 8 of 10 : 0.6086801726418128  | time taken : 6.603905200958252
 Thread 3 estimated dimension 8 of 10 : 0.6196260187946047  | time taken : 6.829582691192627
 Thread 4 estimated dimension 6 of 10 : 0.7186772881178375  | time taken : 5.841166734695435
 Thread 6 estimated dimension 9 of 10 : 0.505703015110029  | time taken : 9.277835845947266
 Thread 6 nsolns: 37950
 Thread 7 estimated dimension 0 of 10 : 0.5473682475606493  | time taken : 8.622102737426758
 Thread 2 estimated dimension 0 of 10 : 0.43642456351244496  | time taken : 9.741276502609253
 Thread 4 estimated dimension 7 of 10 : 0.6730662735370168  | time taken : 6.382605791091919
 Thread 3 estimated dimension 9 of 10 : 0.4886368885379859  | time taken : 8.456516027450562
 Thread 2 estimated dimension 1 of 10 : 1  | time taken : 1.0284860134124756
 Thread 3 nsolns: 38386
 Thread 2 estimated dimension 2 of 10 : 1  | time taken : 1.3500308990478516
 Thread 1 estimated dimension 9 of 10 : 0.5000843940397371  | time taken : 10.280652523040771
 Thread 7 estimated dimension 1 of 10 : 0.7548264868353634  | time taken : 4.424553155899048
 Thread 1 nsolns: 38915
 Thread 6 estimated dimension 0 of 10 : 0.5639583868519168  | time taken : 8.82319164276123
 Thread 5 estimated dimension 8 of 10 : 0.39317798920260244  | time taken : 13.601675033569336
 Thread 4 estimated dimension 8 of 10 : 0.6169571701585442  | time taken : 6.16801643371582
 Thread 5 estimated dimension 9 of 10 : 1  | time taken : 1.258026361465454
 Thread 5 nsolns: 38802
 Thread 2 estimated dimension 3 of 10 : 0.6890716945999255  | time taken : 7.950189113616943
 Thread 1 estimated dimension 0 of 10 : 0.5742305420720726  | time taken : 7.074206590652466
 Thread 3 estimated dimension 0 of 10 : 0.4376870164320211  | time taken : 9.176941394805908
 Thread 3 estimated dimension 1 of 10 : 1  | time taken : 1.6374990940093994
 Thread 3 estimated dimension 2 of 10 : 1  | time taken : 0.7731096744537354
 Thread 4 estimated dimension 9 of 10 : 0.4881314218731311  | time taken : 8.805623531341553
 Thread 5 estimated dimension 0 of 10 : 0.5684055135478026  | time taken : 8.74989938735962
 Thread 4 nsolns: 38915
 Thread 7 estimated dimension 2 of 10 : 0.32405966075388093  | time taken : 17.415109634399414
 Thread 6 estimated dimension 1 of 10 : 0.2560075057929731  | time taken : 16.632026195526123
 Thread 3 estimated dimension 3 of 10 : 0.6775945394830528  | time taken : 7.435104846954346
 Thread 7 estimated dimension 3 of 10 : 0.9846293821677837  | time taken : 1.0731801986694336
 Thread 4 estimated dimension 0 of 10 : 0.5755608576640994  | time taken : 8.503108501434326
 Thread 4 estimated dimension 1 of 10 : 0.741072910969174  | time taken : 2.729893445968628
 Thread 2 estimated dimension 4 of 10 : 0.30631391864997637  | time taken : 16.694621086120605
 Thread 6 estimated dimension 2 of 10 : 0.5088149919364039  | time taken : 7.548678159713745
 Thread 5 estimated dimension 1 of 10 : 0.26165999487057706  | time taken : 13.18738341331482
 Thread 3 estimated dimension 4 of 10 : 0.6938838149276302  | time taken : 7.570084095001221
 Thread 6 estimated dimension 3 of 10 : 1  | time taken : 1.3635473251342773
 Thread 7 estimated dimension 4 of 10 : 0.71291055129478  | time taken : 7.731416940689087
 Thread 6 estimated dimension 4 of 10 : 1  | time taken : 1.340810775756836
 Thread 1 estimated dimension 1 of 10 : 0.2586880051136814  | time taken : 20.65106987953186
 Thread 7 estimated dimension 5 of 10 : 1  | time taken : 1.4916601181030273
 Thread 2 estimated dimension 5 of 10 : 0.6092013566420759  | time taken : 4.777368545532227
 Thread 7 estimated dimension 6 of 10 : 0.9747713042684445  | time taken : 1.4254050254821777
 Thread 6 estimated dimension 5 of 10 : 0.999055789022798  | time taken : 1.6696970462799072
 Thread 4 estimated dimension 2 of 10 : 0.6510966592351141  | time taken : 6.883019208908081
 Thread 4 estimated dimension 3 of 10 : 0.9968155615744183  | time taken : 1.0980558395385742
 Thread 5 estimated dimension 2 of 10 : 0.5026586811413931  | time taken : 8.605005979537964
 Thread 7 estimated dimension 7 of 10 : 0.6910351515425176  | time taken : 3.816157817840576
 Thread 5 estimated dimension 3 of 10 : 1  | time taken : 1.6232166290283203
 Thread 3 estimated dimension 5 of 10 : 0.4298802743575004  | time taken : 11.079132080078125
 Thread 5 estimated dimension 4 of 10 : 1  | time taken : 1.4388325214385986
 Thread 2 estimated dimension 6 of 10 : 0.5208226031860503  | time taken : 7.738835573196411
 Thread 1 estimated dimension 2 of 10 : 0.5052916212374085  | time taken : 8.76153016090393
 Thread 3 estimated dimension 6 of 10 : 1  | time taken : 0.9006638526916504
 Thread 2 estimated dimension 7 of 10 : 0.96471763253737  | time taken : 0.8193087577819824
 Thread 1 estimated dimension 3 of 10 : 0.9992189693306414  | time taken : 1.110586404800415
 Thread 5 estimated dimension 5 of 10 : 1  | time taken : 1.2048835754394531
 Thread 6 estimated dimension 6 of 10 : 0.47311090111314796  | time taken : 8.886722803115845
 Thread 2 estimated dimension 8 of 10 : 1  | time taken : 0.9407391548156738
 Thread 4 estimated dimension 4 of 10 : 0.6876360645298054  | time taken : 6.0160582065582275
 Thread 1 estimated dimension 4 of 10 : 1  | time taken : 1.6397900581359863
 Thread 6 estimated dimension 7 of 10 : 0.9877875769155057  | time taken : 1.5996620655059814
 Thread 2 estimated dimension 9 of 10 : 0.9933038839994193  | time taken : 1.7695000171661377
 Thread 2 nsolns: 38142
 Thread 1 estimated dimension 5 of 10 : 0.9944355652799698  | time taken : 1.386911153793335
 Thread 6 estimated dimension 8 of 10 : 0.984339852170112  | time taken : 1.313948154449463
 Thread 3 estimated dimension 7 of 10 : 0.6806621680592474  | time taken : 5.501467704772949
 Thread 6 estimated dimension 9 of 10 : 0.9824045171020547  | time taken : 1.4920427799224854
 Thread 6 nsolns: 38299
 Thread 4 estimated dimension 5 of 10 : 0.5730295265995632  | time taken : 7.19023060798645
 Thread 5 estimated dimension 6 of 10 : 0.5091076564340735  | time taken : 8.391334056854248
 Thread 7 estimated dimension 8 of 10 : 0.37659632770473817  | time taken : 13.60689401626587
 Thread 5 estimated dimension 7 of 10 : 1  | time taken : 0.7233233451843262
 Thread 7 estimated dimension 9 of 10 : 0.9857706726656669  | time taken : 0.9331541061401367
 Thread 7 nsolns: 38405
 Thread 5 estimated dimension 8 of 10 : 0.9953598184607593  | time taken : 1.1859595775604248
 Thread 1 estimated dimension 6 of 10 : 0.49628493176537336  | time taken : 7.452683448791504
 Thread 3 estimated dimension 8 of 10 : 0.613164147445653  | time taken : 5.774762153625488
 Thread 2 estimated dimension 0 of 10 : 0.4292383018695246  | time taken : 8.75245976448059
 Thread 1 estimated dimension 7 of 10 : 0.9851265459009388  | time taken : 0.7626156806945801
 Thread 5 estimated dimension 9 of 10 : 0.9878816384846918  | time taken : 1.4107284545898438
 Thread 5 nsolns: 38076
 Thread 4 estimated dimension 6 of 10 : 0.7246272767070205  | time taken : 4.97026252746582
 Thread 2 estimated dimension 1 of 10 : 0.9657367101219972  | time taken : 1.3235716819763184
 Thread 1 estimated dimension 8 of 10 : 1  | time taken : 1.404409646987915
 Thread 6 estimated dimension 0 of 10 : 0.4419421214476246  | time taken : 8.435362100601196
 Thread 2 estimated dimension 2 of 10 : 1  | time taken : 1.2948811054229736
 Thread 1 estimated dimension 9 of 10 : 0.9652482940162184  | time taken : 1.5422558784484863
 Thread 6 estimated dimension 1 of 10 : 1  | time taken : 1.1013565063476562
 Thread 1 nsolns: 38076
 Thread 6 estimated dimension 2 of 10 : 1  | time taken : 1.8225610256195068
 Thread 7 estimated dimension 0 of 10 : 0.4345310874890111  | time taken : 8.397539138793945
 Thread 3 estimated dimension 9 of 10 : 0.5054482157620585  | time taken : 8.21694040298462
 Thread 3 nsolns: 38163
 Thread 7 estimated dimension 1 of 10 : 1  | time taken : 1.12064528465271
 Thread 4 estimated dimension 7 of 10 : 0.6905784628957071  | time taken : 7.063421726226807
 Thread 7 estimated dimension 2 of 10 : 1  | time taken : 1.5193431377410889
 Thread 5 estimated dimension 0 of 10 : 0.5710063997803658  | time taken : 8.986344337463379
 Thread 2 estimated dimension 3 of 10 : 0.6781375796079231  | time taken : 9.039201259613037
 Thread 1 estimated dimension 0 of 10 : 0.4403376092732449  | time taken : 9.470000982284546
 Thread 4 estimated dimension 8 of 10 : 0.6240660729007705  | time taken : 5.350836515426636
 Thread 6 estimated dimension 3 of 10 : 0.6763077978513446  | time taken : 7.873149156570435
 Thread 1 estimated dimension 1 of 10 : 1  | time taken : 1.3474032878875732
 Thread 1 estimated dimension 2 of 10 : 1  | time taken : 1.1684246063232422
 Thread 3 estimated dimension 0 of 10 : 0.5749238627467977  | time taken : 9.126549243927002
 Thread 6 estimated dimension 4 of 10 : 0.6943285276725261  | time taken : 5.889085292816162
 Thread 3 estimated dimension 1 of 10 : 0.7366210938627491  | time taken : 4.0094897747039795
 Thread 4 estimated dimension 9 of 10 : 0.4855329673455613  | time taken : 9.661701679229736
 Thread 4 nsolns: 37407
 Thread 7 estimated dimension 3 of 10 : 0.3241004851406495  | time taken : 15.509505987167358
 Thread 7 estimated dimension 4 of 10 : 0.9990474540687081  | time taken : 1.3992528915405273
 Thread 6 estimated dimension 5 of 10 : 0.576753505742929  | time taken : 7.367690324783325
 Thread 7 estimated dimension 5 of 10 : 0.9940941303242941  | time taken : 1.0458698272705078
 Thread 5 estimated dimension 1 of 10 : 0.2639742922373989  | time taken : 19.448275804519653
 Thread 2 estimated dimension 4 of 10 : 0.3109219281206291  | time taken : 17.55736804008484
 Thread 1 estimated dimension 3 of 10 : 0.3226717362971887  | time taken : 14.466548681259155
 Thread 1 estimated dimension 4 of 10 : 0.9705945000375409  | time taken : 1.1014885902404785
 Thread 4 estimated dimension 0 of 10 : 0.4313521565054145  | time taken : 8.706342458724976
 Thread 7 estimated dimension 6 of 10 : 0.7388652525952304  | time taken : 4.97062349319458
 Thread 6 estimated dimension 6 of 10 : 0.7303856909322117  | time taken : 5.220344066619873
 Thread 1 estimated dimension 5 of 10 : 1  | time taken : 1.1295487880706787
 Thread 4 estimated dimension 1 of 10 : 0.9929422470579857  | time taken : 1.380523920059204
 Thread 2 estimated dimension 5 of 10 : 0.6326093244768649  | time taken : 6.3564770221710205
 Thread 4 estimated dimension 2 of 10 : 0.9643978274642637  | time taken : 1.0755329132080078
 Thread 3 estimated dimension 2 of 10 : 0.32066091734669194  | time taken : 16.686222076416016
 Thread 7 estimated dimension 7 of 10 : 0.6845908662975362  | time taken : 5.607336759567261
 Thread 5 estimated dimension 2 of 10 : 0.500987425504542  | time taken : 9.582197427749634
 Thread 3 estimated dimension 3 of 10 : 1  | time taken : 0.6870012283325195
 Thread 6 estimated dimension 7 of 10 : 0.6838730474665615  | time taken : 5.9241414070129395
 Thread 5 estimated dimension 3 of 10 : 1  | time taken : 1.6789252758026123
 Thread 5 estimated dimension 4 of 10 : 1  | time taken : 1.0267918109893799
 Thread 2 estimated dimension 6 of 10 : 0.5031729684714764  | time taken : 7.297563791275024
 Thread 5 estimated dimension 5 of 10 : 0.9768431201232975  | time taken : 1.0826225280761719
 Thread 7 estimated dimension 8 of 10 : 0.6277265326433735  | time taken : 5.709991931915283
 Thread 3 estimated dimension 4 of 10 : 0.7134161666560578  | time taken : 4.958294868469238
 Thread 2 estimated dimension 7 of 10 : 0.9917737218794069  | time taken : 1.0125877857208252
 Thread 6 estimated dimension 8 of 10 : 0.6216095221683855  | time taken : 6.164750576019287
 Thread 2 estimated dimension 8 of 10 : 1  | time taken : 1.3334143161773682
 Thread 3 estimated dimension 5 of 10 : 0.9919246397341751  | time taken : 1.5593628883361816
 Thread 3 estimated dimension 6 of 10 : 1  | time taken : 1.1225404739379883
 Thread 2 estimated dimension 9 of 10 : 0.9887883880875737  | time taken : 1.4368712902069092
 Thread 2 nsolns: 38142
 Thread 4 estimated dimension 3 of 10 : 0.3232784310692073  | time taken : 12.749951124191284
 Thread 4 estimated dimension 4 of 10 : 1  | time taken : 1.2022416591644287
 Thread 4 estimated dimension 5 of 10 : 1  | time taken : 1.4008746147155762
 Thread 5 estimated dimension 6 of 10 : 0.5128319376392061  | time taken : 8.000837326049805
 Thread 7 estimated dimension 9 of 10 : 0.49628456520209824  | time taken : 8.70857048034668
 Thread 7 nsolns: 38915
 Thread 5 estimated dimension 7 of 10 : 0.9817476545837734  | time taken : 1.3220062255859375
 Thread 1 estimated dimension 6 of 10 : 0.2653411186155128  | time taken : 19.95273470878601
 Thread 3 estimated dimension 7 of 10 : 0.6911071495575738  | time taken : 6.853548049926758
 Thread 5 estimated dimension 8 of 10 : 1  | time taken : 0.9942357540130615
 Thread 1 estimated dimension 7 of 10 : 0.9837731659793483  | time taken : 1.1542284488677979
 Thread 6 estimated dimension 9 of 10 : 0.4860640529160752  | time taken : 9.764965772628784
 Thread 6 nsolns: 37843
 Thread 5 estimated dimension 9 of 10 : 1  | time taken : 1.1083509922027588
 Thread 5 nsolns: 38076
 Thread 1 estimated dimension 8 of 10 : 1  | time taken : 1.1460750102996826
 Thread 2 estimated dimension 0 of 10 : 0.563597789197125  | time taken : 8.589364528656006
 Thread 4 estimated dimension 6 of 10 : 0.7392124730091058  | time taken : 5.269821643829346
 Thread 1 estimated dimension 9 of 10 : 1  | time taken : 1.4794063568115234
 Thread 1 nsolns: 39479
 Thread 7 estimated dimension 0 of 10 : 0.5625438398569155  | time taken : 6.8438637256622314
 Thread 3 estimated dimension 8 of 10 : 0.6129802643761926  | time taken : 5.563640356063843
 Thread 6 estimated dimension 0 of 10 : 0.5708619267529047  | time taken : 6.273420333862305
 Thread 7 estimated dimension 1 of 10 : 0.7503745728418129  | time taken : 3.5844101905822754
 Thread 5 estimated dimension 0 of 10 : 0.43074882519780244  | time taken : 8.49324655532837
 Thread 5 estimated dimension 1 of 10 : 0.9875062129654737  | time taken : 0.9533238410949707
 Thread 6 estimated dimension 1 of 10 : 0.7240284622918173  | time taken : 3.7104225158691406
 Thread 1 estimated dimension 0 of 10 : 0.42650380276594624  | time taken : 7.390881299972534
 Thread 3 estimated dimension 9 of 10 : 0.4912852518450788  | time taken : 6.2480738162994385
 Thread 3 nsolns: 38518
 Thread 5 estimated dimension 2 of 10 : 0.9981756727056867  | time taken : 1.5058770179748535
 Thread 7 estimated dimension 2 of 10 : 0.672343246207852  | time taken : 4.574862003326416
 Thread 1 estimated dimension 1 of 10 : 1  | time taken : 1.3537828922271729
 Thread 7 estimated dimension 3 of 10 : 0.9791262246251182  | time taken : 1.7070999145507812
 Thread 1 estimated dimension 2 of 10 : 0.9846384317272893  | time taken : 1.7497570514678955
 Thread 4 estimated dimension 7 of 10 : 0.31126993555341576  | time taken : 13.60263705253601
 Thread 4 estimated dimension 8 of 10 : 0.9889399633680203  | time taken : 0.9452862739562988
 Thread 2 estimated dimension 1 of 10 : 0.26031427815427616  | time taken : 15.92847490310669
 Thread 4 estimated dimension 9 of 10 : 0.9708293168018253  | time taken : 1.1132664680480957
 Thread 4 nsolns: 39301
 Thread 7 estimated dimension 4 of 10 : 0.7004419807847989  | time taken : 3.9736456871032715
 Thread 3 estimated dimension 0 of 10 : 0.5532424851214798  | time taken : 7.124358177185059
 Thread 3 estimated dimension 1 of 10 : 0.7487330888017625  | time taken : 3.838726043701172
 Thread 7 estimated dimension 5 of 10 : 0.567260108063744  | time taken : 5.3853232860565186
 Thread 2 estimated dimension 2 of 10 : 0.5250720499517673  | time taken : 7.434937477111816
 Thread 4 estimated dimension 0 of 10 : 0.5694326049462657  | time taken : 6.401909112930298
 Thread 5 estimated dimension 3 of 10 : 0.3207592847161551  | time taken : 12.270528316497803
 Thread 2 estimated dimension 3 of 10 : 0.997633527023132  | time taken : 1.1947031021118164
 Thread 1 estimated dimension 3 of 10 : 0.32483703688727894  | time taken : 11.400383234024048
 Thread 6 estimated dimension 2 of 10 : 0.3241741424888416  | time taken : 15.453429460525513
 Thread 5 estimated dimension 4 of 10 : 1  | time taken : 1.3472192287445068
 Thread 2 estimated dimension 4 of 10 : 0.9844015167930052  | time taken : 0.8897602558135986
 Thread 1 estimated dimension 4 of 10 : 1  | time taken : 1.3306899070739746
 Thread 6 estimated dimension 3 of 10 : 1  | time taken : 1.4263899326324463
 Thread 5 estimated dimension 5 of 10 : 1  | time taken : 1.3470003604888916
 Thread 2 estimated dimension 5 of 10 : 0.9805024895384572  | time taken : 1.4062447547912598
 Thread 7 estimated dimension 6 of 10 : 0.7428415141050443  | time taken : 4.7584099769592285
 Thread 1 estimated dimension 5 of 10 : 1  | time taken : 1.595762014389038
 Thread 4 estimated dimension 1 of 10 : 0.7601699574540136  | time taken : 4.825825214385986
 Thread 6 estimated dimension 4 of 10 : 0.7158742976910941  | time taken : 4.42352032661438
 Thread 5 estimated dimension 6 of 10 : 0.7204129489973851  | time taken : 5.200361013412476
 Thread 6 estimated dimension 5 of 10 : 1  | time taken : 1.1310253143310547
 Thread 7 estimated dimension 7 of 10 : 0.6858979904447617  | time taken : 5.189391136169434
 Thread 2 estimated dimension 6 of 10 : 0.5216981745439268  | time taken : 5.641029357910156
 Thread 1 estimated dimension 6 of 10 : 0.7069030266559035  | time taken : 5.070625305175781
 Thread 4 estimated dimension 2 of 10 : 0.6602853820282117  | time taken : 5.127847671508789
 Thread 6 estimated dimension 6 of 10 : 0.9745952790912306  | time taken : 0.9113719463348389
 Thread 2 estimated dimension 7 of 10 : 1  | time taken : 1.118769645690918
 Thread 4 estimated dimension 3 of 10 : 1  | time taken : 1.3014657497406006
 Thread 3 estimated dimension 2 of 10 : 0.3213986990893244  | time taken : 13.920704364776611
 Thread 2 estimated dimension 8 of 10 : 1  | time taken : 1.299821376800537
 Thread 3 estimated dimension 3 of 10 : 1  | time taken : 1.0172016620635986
 Thread 2 estimated dimension 9 of 10 : 1  | time taken : 0.6759047508239746
 Thread 2 nsolns: 38076
 Thread 7 estimated dimension 8 of 10 : 0.6039611976203718  | time taken : 4.293718576431274
 Thread 1 estimated dimension 7 of 10 : 0.6769759264898738  | time taken : 4.5193986892700195
 Thread 6 estimated dimension 7 of 10 : 0.6794606608857152  | time taken : 4.5594141483306885
 Thread 4 estimated dimension 4 of 10 : 0.6712264448692377  | time taken : 3.2430965900421143
 Thread 3 estimated dimension 4 of 10 : 0.7340871722659621  | time taken : 3.006765365600586
 Thread 3 estimated dimension 5 of 10 : 0.9687929449255418  | time taken : 1.1307454109191895
 Thread 3 estimated dimension 6 of 10 : 0.9603196439348991  | time taken : 0.7378065586090088
 Thread 6 estimated dimension 8 of 10 : 0.6245314606737677  | time taken : 4.45143985748291
 Thread 7 estimated dimension 9 of 10 : 0.5043252797794351  | time taken : 5.825183153152466
 Thread 7 nsolns: 37184
 Thread 5 estimated dimension 7 of 10 : 0.30691858841285763  | time taken : 12.80355715751648
 Thread 4 estimated dimension 5 of 10 : 0.4198663330973591  | time taken : 6.560842275619507
 Thread 3 estimated dimension 7 of 10 : 0.6774669434829047  | time taken : 3.17936372756958
 Thread 5 estimated dimension 8 of 10 : 0.9694986013177649  | time taken : 0.851508617401123
 Thread 1 estimated dimension 8 of 10 : 0.39147287324727953  | time taken : 7.613878488540649
 Thread 4 estimated dimension 6 of 10 : 0.981389918382403  | time taken : 1.3246855735778809
 Thread 1 estimated dimension 9 of 10 : 0.9870071213560588  | time taken : 1.1679801940917969
 Thread 5 estimated dimension 9 of 10 : 1  | time taken : 1.225738525390625
 Thread 1 nsolns: 38802
 Thread 5 nsolns: 39301
 Thread 6 estimated dimension 9 of 10 : 0.49658757381864727  | time taken : 4.967412948608398
 Thread 6 nsolns: 38518
 Thread 3 estimated dimension 8 of 10 : 0.6328825250599688  | time taken : 3.6004786491394043
 Thread 4 estimated dimension 7 of 10 : 0.6910024311488261  | time taken : 2.9196114540100098
 Thread 1 estimated dimension 0 of 10 : 0.43704932589555107  | time taken : 3.556476354598999
 Thread 1 estimated dimension 1 of 10 : 0.9769626849454962  | time taken : 0.858736515045166
 Thread 3 estimated dimension 9 of 10 : 0.5067907224879008  | time taken : 3.0892601013183594
 Thread 3 nsolns: 38295
 Thread 1 estimated dimension 2 of 10 : 1  | time taken : 0.6623692512512207
 Thread 4 estimated dimension 8 of 10 : 0.38464917481578825  | time taken : 5.036537408828735
 Thread 4 estimated dimension 9 of 10 : 0.9982077181186247  | time taken : 0.8280308246612549
 Thread 4 nsolns: 37837
 Thread 1 estimated dimension 3 of 10 : 0.32546454138518993  | time taken : 3.850555181503296
 Thread 1 estimated dimension 4 of 10 : 0.9850498843785104  | time taken : 0.3293275833129883
 Thread 1 estimated dimension 5 of 10 : 1  | time taken : 0.3473663330078125
 Thread 1 estimated dimension 6 of 10 : 0.7428209210977031  | time taken : 1.0390431880950928
 Thread 1 estimated dimension 7 of 10 : 0.6848097386243104  | time taken : 0.9960341453552246
 Thread 1 estimated dimension 8 of 10 : 0.6261088630289424  | time taken : 0.6838936805725098
 Thread 1 estimated dimension 9 of 10 : 0.5119798357243477  | time taken : 1.3254151344299316
 Thread 1 nsolns: 38692
 estimated weights : [0.033602565520721425, 0.032451804270738537, 0.025985963804994766, 0.029211751383336544, 0.02603404953374778, 0.017734201139949654, 0.025131089957565942, 0.035826419389473806, 0.030271610312171272, 0.030947386315863246, 0.032989631515312895, 0.024738424082996455, 0.01797424872213082, 0.02333786355583549, 0.03438933161756573, 0.028461621620767853, 0.026578803144736755, 0.021161255187022242, 0.02967632803994236, 0.025766974836855944, 0.02069256096623924, 0.03414042298732115, 0.03187636848323657, 0.02998836974626608, 0.03663369632514588, 0.031844492973266435, 0.0243143563341674, 0.019632179410040647, 0.03479129231155361, 0.032115472621717864, 0.0325239299443248, 0.020271120319972163, 0.03306192310947785, 0.026093019511578965, 0.018797943843036218, 0.03294765371599094, 0.027785900578785886, 0.025814504667833475, 0.02263040115280062, 0.02095811421814347, 0.016711517448783443, 0.017391472177302192, 0.038998167351660895, 0.018385173218532745, 0.01833075624866601, 0.01694178475592276, 0.021426519655854178, 0.026851192636020413, 0.019667200823881452, 0.02800743674063859, 0.03316739260764023, 0.02350251769003253, 0.037425140935591815, 0.03519687849250826, 0.018661771605528746, 0.016539604359397955, 0.02728319443028115, 0.022040008532483182, 0.01806358511908561, 0.037138913461391455, 0.03599847143708114, 0.020000817477002955, 0.02949906070900695, 0.0386988000974215, 0.017135394027487438, 0.025224365857338643, 0.029194567459271566, 0.01969883979073298, 0.01975699767793565, 0.0209735391948041, 0.02232169132781195]
