numSolutions: 82 k : 1212
5 82 0.044721359549995794 0.00024390243902439024

 Thread 1 estimated dimension 0 of 5 : 0.7289153635652315  | time taken : 1.6202960014343262
 Thread 3 estimated dimension 0 of 5 : 0.7407782887078931  | time taken : 1.8295328617095947
 Thread 5 estimated dimension 0 of 5 : 0.7403772012008014  | time taken : 1.3847475051879883
 Thread 4 estimated dimension 0 of 5 : 0.7219325512548725  | time taken : 1.5072336196899414
 Thread 6 estimated dimension 0 of 5 : 0.7162782074804532  | time taken : 2.300849676132202
 Thread 7 estimated dimension 0 of 5 : 0.7552168682412674  | time taken : 2.3019185066223145
 Thread 5 estimated dimension 1 of 5 : 0.5046450220049183  | time taken : 4.649240493774414
 Thread 1 estimated dimension 1 of 5 : 0.49353984809626644  | time taken : 5.133379220962524
 Thread 3 estimated dimension 1 of 5 : 0.4976148494198459  | time taken : 5.040474891662598
 Thread 4 estimated dimension 1 of 5 : 0.5057150770805423  | time taken : 5.324972629547119
 Thread 6 estimated dimension 1 of 5 : 0.5034278314547034  | time taken : 5.264244079589844
 Thread 7 estimated dimension 1 of 5 : 0.5018243000643278  | time taken : 6.173367500305176
 Thread 1 estimated dimension 2 of 5 : 0.6963534018885862  | time taken : 4.244683504104614
 Thread 7 estimated dimension 2 of 5 : 0.6836781510039027  | time taken : 2.8598039150238037
 Thread 2 estimated dimension 0 of 5 : 0.2587523845466677  | time taken : 12.910124778747559
 Thread 3 estimated dimension 2 of 5 : 0.4859132559105884  | time taken : 5.948275566101074
 Thread 5 estimated dimension 2 of 5 : 0.4959603247596651  | time taken : 6.8082640171051025
 Thread 6 estimated dimension 2 of 5 : 0.5046440398409971  | time taken : 5.489412069320679
 Thread 4 estimated dimension 2 of 5 : 0.4875988666187877  | time taken : 6.336432456970215
 Thread 3 estimated dimension 3 of 5 : 1  | time taken : 1.2621536254882812
 Thread 6 estimated dimension 3 of 5 : 0.9487146136884513  | time taken : 1.040649652481079
 Thread 4 estimated dimension 3 of 5 : 1  | time taken : 1.1013271808624268
 Thread 1 estimated dimension 3 of 5 : 0.6161446523738949  | time taken : 4.44983696937561
 Thread 7 estimated dimension 3 of 5 : 0.5897405993990135  | time taken : 5.179933786392212
 Thread 5 estimated dimension 3 of 5 : 0.5140212671192737  | time taken : 6.62623405456543
 Thread 3 estimated dimension 4 of 5 : 0.5136101602222606  | time taken : 6.934626817703247
 Thread 3 nsolns: 10050
 Thread 2 estimated dimension 1 of 5 : 0.4692872621299099  | time taken : 8.814024925231934
 Thread 5 estimated dimension 4 of 5 : 1  | time taken : 1.2624292373657227
 Thread 5 nsolns: 9994
 Thread 6 estimated dimension 4 of 5 : 0.5187027262731202  | time taken : 6.991196632385254
 Thread 6 nsolns: 10050
 Thread 1 estimated dimension 4 of 5 : 0.5231288934763582  | time taken : 7.214845418930054
 Thread 4 estimated dimension 4 of 5 : 0.5262502474360631  | time taken : 7.629902601242065
 Thread 1 nsolns: 10120
 Thread 2 estimated dimension 2 of 5 : 0.9798252382160499  | time taken : 1.196530818939209
 Thread 4 nsolns: 10050
 Thread 7 estimated dimension 4 of 5 : 0.5056820060114621  | time taken : 5.999680280685425
 Thread 7 nsolns: 10120
 Thread 2 estimated dimension 3 of 5 : 1  | time taken : 1.0135648250579834
 Thread 2 estimated dimension 4 of 5 : 1  | time taken : 0.9415798187255859
 Thread 2 nsolns: 10859
 Thread 3 estimated dimension 0 of 5 : 0.7217618851821618  | time taken : 4.618251323699951
 Thread 5 estimated dimension 0 of 5 : 0.7230926769148308  | time taken : 4.6650285720825195
 Thread 6 estimated dimension 0 of 5 : 0.7638130073865351  | time taken : 4.207887172698975
 Thread 1 estimated dimension 0 of 5 : 0.7256825519329605  | time taken : 4.6975085735321045
 Thread 7 estimated dimension 0 of 5 : 0.7369308770683436  | time taken : 4.332890272140503
 Thread 2 estimated dimension 0 of 5 : 0.7810680650582342  | time taken : 4.309290885925293
 Thread 3 estimated dimension 1 of 5 : 0.49976370660112485  | time taken : 7.372375726699829
 Thread 5 estimated dimension 1 of 5 : 0.5072252174168513  | time taken : 7.399031162261963
 Thread 6 estimated dimension 1 of 5 : 0.5114057558525049  | time taken : 7.980348110198975
 Thread 7 estimated dimension 1 of 5 : 0.4872150606357225  | time taken : 7.338156461715698
 Thread 1 estimated dimension 1 of 5 : 0.5347519119331193  | time taken : 8.723602056503296
 Thread 2 estimated dimension 1 of 5 : 0.5043110218448064  | time taken : 7.56043553352356
 Thread 6 estimated dimension 2 of 5 : 0.7302201259684439  | time taken : 4.104655504226685
 Thread 4 estimated dimension 0 of 5 : 0.25640941961241914  | time taken : 17.467037439346313
 Thread 3 estimated dimension 2 of 5 : 0.5034903682238137  | time taken : 6.690871715545654
 Thread 3 estimated dimension 3 of 5 : 1  | time taken : 0.8344628810882568
 Thread 1 estimated dimension 2 of 5 : 0.6988949007053542  | time taken : 5.344229221343994
 Thread 5 estimated dimension 2 of 5 : 0.5163824196695445  | time taken : 8.058969259262085
 Thread 7 estimated dimension 2 of 5 : 0.5317009694852092  | time taken : 11.136663913726807
 Thread 6 estimated dimension 3 of 5 : 0.6253052431108691  | time taken : 8.588531255722046
 Thread 2 estimated dimension 2 of 5 : 0.5003697427359506  | time taken : 12.581913948059082
 Thread 1 estimated dimension 3 of 5 : 0.5947497810691025  | time taken : 8.741472005844116
 Thread 3 estimated dimension 4 of 5 : 0.513364298566709  | time taken : 11.148532390594482
 Thread 4 estimated dimension 1 of 5 : 0.5067832354274265  | time taken : 12.552206993103027
 Thread 3 nsolns: 10050
 Thread 5 estimated dimension 3 of 5 : 0.5090824185759245  | time taken : 7.946109294891357
 Thread 4 estimated dimension 2 of 5 : 0.9961942333592568  | time taken : 1.0271859169006348
 Thread 5 estimated dimension 4 of 5 : 1  | time taken : 1.432676076889038
 Thread 4 estimated dimension 3 of 5 : 1  | time taken : 1.1607263088226318
 Thread 5 nsolns: 9994
 Thread 6 estimated dimension 4 of 5 : 0.5149179249336502  | time taken : 8.18630337715149
 Thread 7 estimated dimension 3 of 5 : 0.4630108852034479  | time taken : 9.607974290847778
 Thread 6 nsolns: 10120
 Thread 4 estimated dimension 4 of 5 : 0.9863143383096137  | time taken : 1.0601212978363037
 Thread 4 nsolns: 10859
 Thread 7 estimated dimension 4 of 5 : 1  | time taken : 0.5187814235687256
 Thread 7 nsolns: 10150
 Thread 2 estimated dimension 3 of 5 : 0.5285956134605329  | time taken : 6.8165833950042725
 Thread 2 estimated dimension 4 of 5 : 0.99287913739139  | time taken : 0.9313266277313232
 Thread 2 nsolns: 9994
 Thread 1 estimated dimension 4 of 5 : 0.4798566636074581  | time taken : 8.72224235534668
 Thread 1 nsolns: 10276
 Thread 6 estimated dimension 0 of 5 : 0.7861451775626223  | time taken : 3.955981492996216
 Thread 4 estimated dimension 0 of 5 : 0.7377799020913446  | time taken : 4.688711643218994
 Thread 7 estimated dimension 0 of 5 : 0.7452804255852208  | time taken : 4.491069793701172
 Thread 2 estimated dimension 0 of 5 : 0.763217142520638  | time taken : 5.115568399429321
 Thread 1 estimated dimension 0 of 5 : 0.7493846577967286  | time taken : 4.8874475955963135
 Thread 6 estimated dimension 1 of 5 : 0.49668177636239325  | time taken : 9.666757106781006
 Thread 4 estimated dimension 1 of 5 : 0.4899403301403205  | time taken : 9.306988716125488
 Thread 7 estimated dimension 1 of 5 : 0.4915122903831093  | time taken : 9.684604406356812
 Thread 2 estimated dimension 1 of 5 : 0.4803498389019697  | time taken : 8.817554473876953
 Thread 3 estimated dimension 0 of 5 : 0.2595667957216722  | time taken : 21.716318607330322
 Thread 5 estimated dimension 0 of 5 : 0.2631748955027567  | time taken : 20.06936025619507
 Thread 1 estimated dimension 1 of 5 : 0.4906661122223695  | time taken : 9.918567657470703
 Thread 7 estimated dimension 2 of 5 : 0.48238683999027093  | time taken : 7.720496892929077
 Thread 4 estimated dimension 2 of 5 : 0.5009289255871644  | time taken : 8.21795105934143
 Thread 6 estimated dimension 2 of 5 : 0.5103505148107598  | time taken : 9.651418685913086
 Thread 1 estimated dimension 2 of 5 : 0.6940948924245995  | time taken : 5.136492013931274
 Thread 2 estimated dimension 2 of 5 : 0.493961519417146  | time taken : 8.07670783996582
 Thread 2 estimated dimension 3 of 5 : 0.9968342728136369  | time taken : 1.189086675643921
 Thread 5 estimated dimension 1 of 5 : 0.5115893978742999  | time taken : 7.679063081741333
 Thread 3 estimated dimension 1 of 5 : 0.4779900248693407  | time taken : 9.280783414840698
 Thread 3 estimated dimension 2 of 5 : 1  | time taken : 0.4956984519958496
 Thread 5 estimated dimension 2 of 5 : 0.9791209097567306  | time taken : 1.0574934482574463
 Thread 1 estimated dimension 3 of 5 : 0.6243964771150435  | time taken : 4.627952814102173
 Thread 3 estimated dimension 3 of 5 : 1  | time taken : 1.4567670822143555
 Thread 5 estimated dimension 3 of 5 : 1  | time taken : 1.329406976699829
 Thread 3 estimated dimension 4 of 5 : 0.9898901347675153  | time taken : 1.3027617931365967
 Thread 5 estimated dimension 4 of 5 : 1  | time taken : 0.5571613311767578
 Thread 3 nsolns: 10859
 Thread 6 estimated dimension 3 of 5 : 0.49252579001072816  | time taken : 7.411228179931641
 Thread 5 nsolns: 10703
 Thread 4 estimated dimension 3 of 5 : 0.5038835706587106  | time taken : 8.192612648010254
 Thread 4 estimated dimension 4 of 5 : 0.9750863881669702  | time taken : 0.45968151092529297
 Thread 7 estimated dimension 3 of 5 : 0.479892040179553  | time taken : 9.359379529953003
 Thread 4 nsolns: 9994
 Thread 6 estimated dimension 4 of 5 : 1  | time taken : 1.1236228942871094
 Thread 6 nsolns: 9994
 Thread 7 estimated dimension 4 of 5 : 1  | time taken : 1.8296844959259033
 Thread 7 nsolns: 10150
 Thread 2 estimated dimension 4 of 5 : 0.5155420340545053  | time taken : 7.998504638671875
 Thread 2 nsolns: 10050
 Thread 5 estimated dimension 0 of 5 : 0.7488121063751018  | time taken : 5.339501857757568
 Thread 3 estimated dimension 0 of 5 : 0.7178930015027623  | time taken : 5.377176761627197
 Thread 1 estimated dimension 4 of 5 : 0.5130803464795731  | time taken : 8.699843883514404
 Thread 1 nsolns: 10120
 Thread 4 estimated dimension 0 of 5 : 0.7587768979973822  | time taken : 5.9380505084991455
 Thread 2 estimated dimension 0 of 5 : 0.7457984288362223  | time taken : 4.535374879837036
 Thread 1 estimated dimension 0 of 5 : 0.761038175296708  | time taken : 4.400364398956299
 Thread 5 estimated dimension 1 of 5 : 0.4833243831272306  | time taken : 8.419909000396729
 Thread 3 estimated dimension 1 of 5 : 0.5066572934424681  | time taken : 9.348860263824463
 Thread 4 estimated dimension 1 of 5 : 0.4831224463220981  | time taken : 8.535531282424927
 Thread 2 estimated dimension 1 of 5 : 0.4958976198620311  | time taken : 9.13507628440857
 Thread 6 estimated dimension 0 of 5 : 0.2573055854422897  | time taken : 18.722981691360474
 Thread 3 estimated dimension 2 of 5 : 0.6798045509992116  | time taken : 5.470377445220947
 Thread 1 estimated dimension 1 of 5 : 0.49209126183380486  | time taken : 9.159068822860718
 Thread 7 estimated dimension 0 of 5 : 0.2598452319376335  | time taken : 18.428174018859863
 Thread 5 estimated dimension 2 of 5 : 0.47246698681426713  | time taken : 7.1846911907196045
 Thread 2 estimated dimension 2 of 5 : 0.7088536930876402  | time taken : 4.180135250091553
 Thread 5 estimated dimension 3 of 5 : 1  | time taken : 1.058793544769287
 Thread 4 estimated dimension 2 of 5 : 0.4818047305833351  | time taken : 7.451195001602173
 Thread 1 estimated dimension 2 of 5 : 0.6903653783349506  | time taken : 4.0647735595703125
 Thread 4 estimated dimension 3 of 5 : 1  | time taken : 1.2313461303710938
 Thread 3 estimated dimension 3 of 5 : 0.6290370481822576  | time taken : 5.42862606048584
 Thread 6 estimated dimension 1 of 5 : 0.5191308316503271  | time taken : 7.201892852783203
 Thread 2 estimated dimension 3 of 5 : 0.6075833622382445  | time taken : 5.677700042724609
 Thread 7 estimated dimension 1 of 5 : 0.5071572605101891  | time taken : 7.064291000366211
 Thread 6 estimated dimension 2 of 5 : 0.9777616249466038  | time taken : 0.7129011154174805
 Thread 1 estimated dimension 3 of 5 : 0.609339600575223  | time taken : 4.65544319152832
 Thread 7 estimated dimension 2 of 5 : 1  | time taken : 1.1900334358215332
 Thread 6 estimated dimension 3 of 5 : 0.9923578901839032  | time taken : 1.4226782321929932
 Thread 7 estimated dimension 3 of 5 : 0.9845478824664886  | time taken : 1.072389841079712
 Thread 5 estimated dimension 4 of 5 : 0.47866228815328765  | time taken : 8.853105545043945
 Thread 6 estimated dimension 4 of 5 : 1  | time taken : 1.461292028427124
 Thread 5 nsolns: 10206
 Thread 6 nsolns: 10703
 Thread 7 estimated dimension 4 of 5 : 1  | time taken : 1.4184057712554932
 Thread 3 estimated dimension 4 of 5 : 0.5037056271292918  | time taken : 7.378915309906006
 Thread 3 nsolns: 10120
 Thread 7 nsolns: 10703
 Thread 4 estimated dimension 4 of 5 : 0.47697427865078235  | time taken : 8.297800779342651
 Thread 4 nsolns: 10206
 Thread 2 estimated dimension 4 of 5 : 0.4892901928075936  | time taken : 8.81736707687378
 Thread 5 estimated dimension 0 of 5 : 0.7108494907909312  | time taken : 4.452544927597046
 Thread 6 estimated dimension 0 of 5 : 0.7461380300252333  | time taken : 4.033023834228516
 Thread 2 nsolns: 10276
 Thread 3 estimated dimension 0 of 5 : 0.7325761850890928  | time taken : 4.728623867034912
 Thread 1 estimated dimension 4 of 5 : 0.5245808869078346  | time taken : 9.022684335708618
 Thread 7 estimated dimension 0 of 5 : 0.7724499744864922  | time taken : 5.1130499839782715
 Thread 1 nsolns: 10120
 Thread 4 estimated dimension 0 of 5 : 0.738186446796223  | time taken : 4.834626913070679
 Thread 1 estimated dimension 0 of 5 : 0.7396869166970018  | time taken : 4.191314458847046
 Thread 5 estimated dimension 1 of 5 : 0.48969442113548267  | time taken : 7.497217416763306
 Thread 6 estimated dimension 1 of 5 : 0.4980192976642929  | time taken : 8.65727686882019
 Thread 3 estimated dimension 1 of 5 : 0.5107287058474816  | time taken : 9.14696216583252
 Thread 7 estimated dimension 1 of 5 : 0.5048478734948025  | time taken : 8.668334484100342
 Thread 4 estimated dimension 1 of 5 : 0.491998112611165  | time taken : 10.7314932346344
 Thread 7 estimated dimension 2 of 5 : 0.698725072181584  | time taken : 3.9848735332489014
 Thread 5 estimated dimension 2 of 5 : 0.49676678767949606  | time taken : 7.855459213256836
 Thread 1 estimated dimension 1 of 5 : 0.5039746623292406  | time taken : 9.12141728401184
 Thread 3 estimated dimension 2 of 5 : 0.6864208243367264  | time taken : 5.542325258255005
 Thread 5 estimated dimension 3 of 5 : 1  | time taken : 1.21677565574646
 Thread 6 estimated dimension 2 of 5 : 0.5068099797167805  | time taken : 9.222755670547485
 Thread 2 estimated dimension 0 of 5 : 0.2554337547007891  | time taken : 19.28015899658203
 Thread 4 estimated dimension 2 of 5 : 0.6782782688286004  | time taken : 5.6421802043914795
 Thread 3 estimated dimension 3 of 5 : 0.6065674551211919  | time taken : 5.347756385803223
 Thread 5 estimated dimension 4 of 5 : 0.5126723427383317  | time taken : 7.323408126831055
 Thread 1 estimated dimension 2 of 5 : 0.5009297592592035  | time taken : 8.805960416793823
 Thread 5 nsolns: 10050
 Thread 4 estimated dimension 3 of 5 : 0.5904586632944208  | time taken : 5.782066583633423
 Thread 1 estimated dimension 3 of 5 : 0.9319535188933477  | time taken : 1.529770851135254
 Thread 2 estimated dimension 1 of 5 : 0.5048747778585188  | time taken : 7.676267385482788
 Thread 7 estimated dimension 3 of 5 : 0.3824564182922857  | time taken : 12.100408792495728
 Thread 6 estimated dimension 3 of 5 : 0.483603876397878  | time taken : 9.621097564697266
 Thread 2 estimated dimension 2 of 5 : 1  | time taken : 0.5205333232879639
 Thread 7 estimated dimension 4 of 5 : 0.9807201028915419  | time taken : 1.0855553150177002
 Thread 7 nsolns: 10174
 Thread 3 estimated dimension 4 of 5 : 0.47130216637242295  | time taken : 7.1356425285339355
 Thread 2 estimated dimension 3 of 5 : 0.9677517649868801  | time taken : 1.1578969955444336
 Thread 3 nsolns: 10276
 Thread 6 estimated dimension 4 of 5 : 0.9783325959882889  | time taken : 1.4656803607940674
 Thread 6 nsolns: 10150
 Thread 5 estimated dimension 0 of 5 : 0.7153115113446811  | time taken : 5.066960573196411
 Thread 2 estimated dimension 4 of 5 : 1  | time taken : 1.2544171810150146
 Thread 2 nsolns: 10703
 Thread 7 estimated dimension 0 of 5 : 0.7866569250321793  | time taken : 4.925579071044922
 Thread 6 estimated dimension 0 of 5 : 0.7866113725774064  | time taken : 3.842902898788452
 Thread 3 estimated dimension 0 of 5 : 0.7528194807157101  | time taken : 4.714403390884399
 Thread 1 estimated dimension 4 of 5 : 0.5292050698858018  | time taken : 8.025240421295166
 Thread 4 estimated dimension 4 of 5 : 0.49023950265163924  | time taken : 8.83744502067566
 Thread 1 nsolns: 10050
 Thread 4 nsolns: 10276
 Thread 2 estimated dimension 0 of 5 : 0.7399584158057081  | time taken : 4.6689441204071045
 Thread 1 estimated dimension 0 of 5 : 0.7789396961141665  | time taken : 5.029614448547363
 Thread 4 estimated dimension 0 of 5 : 0.7427248689585858  | time taken : 5.408416986465454
 Thread 5 estimated dimension 1 of 5 : 0.5063502166136649  | time taken : 10.169414520263672
 Thread 7 estimated dimension 1 of 5 : 0.5105988437370728  | time taken : 8.371903419494629
 Thread 6 estimated dimension 1 of 5 : 0.5038173287729902  | time taken : 9.176838874816895
 Thread 3 estimated dimension 1 of 5 : 0.5043302895028798  | time taken : 9.182750940322876
 Thread 2 estimated dimension 1 of 5 : 0.5219788717332373  | time taken : 8.021220207214355
 Thread 1 estimated dimension 1 of 5 : 0.49717294398351064  | time taken : 8.166478633880615
 Thread 4 estimated dimension 1 of 5 : 0.4746700548050414  | time taken : 9.214842796325684
 Thread 2 estimated dimension 2 of 5 : 0.48854686605799064  | time taken : 7.196497678756714
 Thread 6 estimated dimension 2 of 5 : 0.5029095529182466  | time taken : 9.20225977897644
 Thread 5 estimated dimension 2 of 5 : 0.3141546273690003  | time taken : 13.329487323760986
 Thread 5 estimated dimension 3 of 5 : 0.9708650640595333  | time taken : 1.1734442710876465
 Thread 1 estimated dimension 2 of 5 : 0.4852598895653541  | time taken : 7.343848466873169
 Thread 7 estimated dimension 2 of 5 : 0.31591715019020833  | time taken : 14.694548845291138
 Thread 4 estimated dimension 2 of 5 : 0.5027012716765784  | time taken : 6.102292537689209
 Thread 5 estimated dimension 4 of 5 : 0.9611539397003469  | time taken : 1.2686753273010254
 Thread 7 estimated dimension 3 of 5 : 1  | time taken : 1.0176727771759033
 Thread 5 nsolns: 10351
 Thread 4 estimated dimension 3 of 5 : 1  | time taken : 1.302856206893921
 Thread 1 estimated dimension 3 of 5 : 1  | time taken : 1.1754934787750244
 Thread 7 estimated dimension 4 of 5 : 1  | time taken : 1.0821168422698975
 Thread 7 nsolns: 10351
 Thread 3 estimated dimension 2 of 5 : 0.3138749990236546  | time taken : 15.471409797668457
 Thread 6 estimated dimension 3 of 5 : 0.5051467110308214  | time taken : 8.277691125869751
 Thread 2 estimated dimension 3 of 5 : 0.4752202601665566  | time taken : 8.990641355514526
 Thread 3 estimated dimension 3 of 5 : 0.9986611650857411  | time taken : 1.4981775283813477
 Thread 5 estimated dimension 0 of 5 : 0.7680437261038954  | time taken : 5.007057428359985
 Thread 2 estimated dimension 4 of 5 : 1  | time taken : 1.0423808097839355
 Thread 6 estimated dimension 4 of 5 : 1  | time taken : 1.4081900119781494
 Thread 2 nsolns: 10150
 Thread 3 estimated dimension 4 of 5 : 1  | time taken : 1.2893805503845215
 Thread 6 nsolns: 9994
 Thread 3 nsolns: 10351
 Thread 1 estimated dimension 4 of 5 : 0.5297650343074094  | time taken : 8.074443817138672
 Thread 1 nsolns: 10050
 Thread 4 estimated dimension 4 of 5 : 0.4806444588102275  | time taken : 9.841429233551025
 Thread 2 estimated dimension 0 of 5 : 0.7563337633377815  | time taken : 4.156508207321167
 Thread 6 estimated dimension 0 of 5 : 0.7631214315291254  | time taken : 4.172094821929932
 Thread 4 nsolns: 10206
 Thread 1 estimated dimension 0 of 5 : 0.7546444689926193  | time taken : 4.886160373687744
 Thread 5 estimated dimension 1 of 5 : 0.501532581597799  | time taken : 8.97804069519043
 Thread 4 estimated dimension 0 of 5 : 0.7334422402419882  | time taken : 4.930961608886719
 Thread 2 estimated dimension 1 of 5 : 0.5093078324071965  | time taken : 8.030822277069092
 Thread 5 estimated dimension 2 of 5 : 0.6768417646973256  | time taken : 4.883916616439819
 Thread 6 estimated dimension 1 of 5 : 0.4984241682061826  | time taken : 10.258610010147095
 Thread 7 estimated dimension 0 of 5 : 0.25941076644583416  | time taken : 20.821890830993652
 Thread 1 estimated dimension 1 of 5 : 0.5033807369972646  | time taken : 10.367173194885254
 Thread 3 estimated dimension 0 of 5 : 0.2562832686009163  | time taken : 19.04119038581848
 Thread 4 estimated dimension 1 of 5 : 0.492945318979503  | time taken : 8.92718243598938
 Thread 6 estimated dimension 2 of 5 : 0.6858732931683318  | time taken : 4.124624729156494
 Thread 5 estimated dimension 3 of 5 : 0.6255356995973336  | time taken : 5.06867527961731
 Thread 2 estimated dimension 2 of 5 : 0.4746566160329642  | time taken : 7.040906190872192
 Thread 1 estimated dimension 2 of 5 : 0.6750219281099469  | time taken : 4.095853090286255
 Thread 7 estimated dimension 1 of 5 : 0.5335778872953136  | time taken : 5.774493455886841
 Thread 6 estimated dimension 3 of 5 : 0.6278984505008495  | time taken : 4.399609565734863
 Thread 7 estimated dimension 2 of 5 : 0.9598356521793264  | time taken : 1.0064969062805176
 Thread 3 estimated dimension 1 of 5 : 0.5073443509901822  | time taken : 5.579952001571655
 Thread 5 estimated dimension 4 of 5 : 0.5264318005136592  | time taken : 5.78577733039856
 Thread 5 nsolns: 10120
 Thread 2 estimated dimension 3 of 5 : 0.49730878216484675  | time taken : 5.294917821884155
 Thread 7 estimated dimension 3 of 5 : 0.9929692532660399  | time taken : 1.2909705638885498
 Thread 3 estimated dimension 2 of 5 : 0.9873072715697688  | time taken : 1.4433972835540771
 Thread 2 estimated dimension 4 of 5 : 0.9740631109781555  | time taken : 1.3091120719909668
 Thread 7 estimated dimension 4 of 5 : 0.9780656989972473  | time taken : 1.36722993850708
 Thread 3 estimated dimension 3 of 5 : 1  | time taken : 0.7254078388214111
 Thread 2 nsolns: 9994
 Thread 7 nsolns: 10703
 Thread 3 estimated dimension 4 of 5 : 0.9720297679019942  | time taken : 1.1123149394989014
 Thread 5 estimated dimension 0 of 5 : 0.7267697749799772  | time taken : 3.8747878074645996
 Thread 3 nsolns: 10703
 Thread 6 estimated dimension 4 of 5 : 0.523184146351716  | time taken : 7.238274574279785
 Thread 6 nsolns: 10120
 Thread 2 estimated dimension 0 of 5 : 0.7589771007524783  | time taken : 4.462777853012085
 Thread 4 estimated dimension 2 of 5 : 0.3112671211518666  | time taken : 13.148579597473145
 Thread 1 estimated dimension 3 of 5 : 0.38519376631915725  | time taken : 9.949407815933228
 Thread 4 estimated dimension 3 of 5 : 1  | time taken : 0.7953059673309326
 Thread 4 estimated dimension 4 of 5 : 1  | time taken : 0.9312503337860107
 Thread 3 estimated dimension 0 of 5 : 0.7575855415136518  | time taken : 3.7762489318847656
 Thread 1 estimated dimension 4 of 5 : 0.9787793266212802  | time taken : 0.9315333366394043
 Thread 4 nsolns: 10351
 Thread 1 nsolns: 10174
 Thread 6 estimated dimension 0 of 5 : 0.742353915845747  | time taken : 4.161735534667969
 Thread 5 estimated dimension 1 of 5 : 0.49809947340589666  | time taken : 7.323148250579834
 Thread 4 estimated dimension 0 of 5 : 0.742304148719285  | time taken : 3.9362950325012207
 Thread 1 estimated dimension 0 of 5 : 0.7636865957042791  | time taken : 4.5836193561553955
 Thread 2 estimated dimension 1 of 5 : 0.48995050897111786  | time taken : 8.504000902175903
 Thread 3 estimated dimension 1 of 5 : 0.4993847915156934  | time taken : 8.237602233886719
 Thread 7 estimated dimension 0 of 5 : 0.2529694925912864  | time taken : 17.217918872833252
 Thread 2 estimated dimension 2 of 5 : 0.70399826915054  | time taken : 3.7236063480377197
 Thread 5 estimated dimension 2 of 5 : 0.5079932129862395  | time taken : 8.13312816619873
 Thread 6 estimated dimension 1 of 5 : 0.4835006255328052  | time taken : 9.363625526428223
 Thread 4 estimated dimension 1 of 5 : 0.5059706172680786  | time taken : 6.999187231063843
 Thread 3 estimated dimension 2 of 5 : 0.7214851737383824  | time taken : 4.722109794616699
 Thread 1 estimated dimension 1 of 5 : 0.48702864847793187  | time taken : 8.764543771743774
 Thread 6 estimated dimension 2 of 5 : 0.6726831404523994  | time taken : 3.936998128890991
 Thread 2 estimated dimension 3 of 5 : 0.6315455969252187  | time taken : 5.045338153839111
 Thread 7 estimated dimension 1 of 5 : 0.507663311806557  | time taken : 7.515025615692139
 Thread 3 estimated dimension 3 of 5 : 0.6282079847513584  | time taken : 4.672433614730835
 Thread 4 estimated dimension 2 of 5 : 0.5031971730053478  | time taken : 6.32767128944397
 Thread 5 estimated dimension 3 of 5 : 0.5021196238728547  | time taken : 7.135334730148315
 Thread 1 estimated dimension 2 of 5 : 0.7182462987030405  | time taken : 4.693532705307007
 Thread 7 estimated dimension 2 of 5 : 1  | time taken : 1.5271997451782227
 Thread 4 estimated dimension 3 of 5 : 1  | time taken : 1.5276625156402588
 Thread 6 estimated dimension 3 of 5 : 0.6232129991431701  | time taken : 4.548681020736694
 Thread 5 estimated dimension 4 of 5 : 1  | time taken : 1.440394401550293
 Thread 5 nsolns: 9994
 Thread 7 estimated dimension 3 of 5 : 1  | time taken : 0.8200209140777588
 Thread 7 estimated dimension 4 of 5 : 0.9941034600790964  | time taken : 1.3565146923065186
 Thread 7 nsolns: 10703
 Thread 2 estimated dimension 4 of 5 : 0.48700247771899086  | time taken : 9.373495817184448
 Thread 3 estimated dimension 4 of 5 : 0.507858321493179  | time taken : 7.372705698013306
 Thread 2 nsolns: 10276
 Thread 3 nsolns: 10120
 Thread 7 estimated dimension 0 of 5 : 0.7606856966385762  | time taken : 3.9360973834991455
 Thread 6 estimated dimension 4 of 5 : 0.4702983912591014  | time taken : 8.136461734771729
 Thread 1 estimated dimension 3 of 5 : 0.38438842081080166  | time taken : 9.59122633934021
 Thread 6 nsolns: 10276
 Thread 4 estimated dimension 4 of 5 : 0.48292570619520686  | time taken : 9.49323582649231
 Thread 1 estimated dimension 4 of 5 : 0.9399165303106495  | time taken : 1.0812039375305176
 Thread 4 nsolns: 10206
 Thread 1 nsolns: 10174
 Thread 3 estimated dimension 0 of 5 : 0.7461058124865605  | time taken : 4.159799098968506
 Thread 6 estimated dimension 0 of 5 : 0.7545218717460314  | time taken : 4.188809633255005
 Thread 7 estimated dimension 1 of 5 : 0.48813344598687053  | time taken : 6.737321853637695
 Thread 1 estimated dimension 0 of 5 : 0.7470080396121298  | time taken : 4.510275363922119
 Thread 3 estimated dimension 1 of 5 : 0.5178056547434868  | time taken : 8.397338151931763
 Thread 5 estimated dimension 0 of 5 : 0.2521998945291767  | time taken : 19.111567497253418
 Thread 7 estimated dimension 2 of 5 : 0.49185303465408103  | time taken : 6.728407621383667
 Thread 6 estimated dimension 1 of 5 : 0.4951923113246917  | time taken : 8.913767337799072
 Thread 7 estimated dimension 3 of 5 : 0.9875019487098674  | time taken : 1.2759323120117188
 Thread 1 estimated dimension 1 of 5 : 0.5086524193823643  | time taken : 8.232604742050171
 Thread 2 estimated dimension 0 of 5 : 0.2506130324600485  | time taken : 18.44351291656494
 Thread 3 estimated dimension 2 of 5 : 0.4951091513335353  | time taken : 7.497927665710449
 Thread 6 estimated dimension 2 of 5 : 0.6932730923029479  | time taken : 4.267631530761719
 Thread 3 estimated dimension 3 of 5 : 1  | time taken : 1.2688188552856445
 Thread 5 estimated dimension 1 of 5 : 0.48426035560224684  | time taken : 8.022764682769775
 Thread 4 estimated dimension 0 of 5 : 0.2593000831049635  | time taken : 18.17357325553894
 Thread 5 estimated dimension 2 of 5 : 0.9786402612160757  | time taken : 0.5332348346710205
 Thread 7 estimated dimension 4 of 5 : 0.5248165857299366  | time taken : 6.642718315124512
 Thread 5 estimated dimension 3 of 5 : 1  | time taken : 1.2413556575775146
 Thread 7 nsolns: 10050
 Thread 5 estimated dimension 4 of 5 : 0.952503676108428  | time taken : 1.0936987400054932
 Thread 5 nsolns: 10859
 Thread 1 estimated dimension 2 of 5 : 0.5054165204907192  | time taken : 8.664767503738403
 Thread 2 estimated dimension 1 of 5 : 0.48884463785469034  | time taken : 7.681330442428589
 Thread 2 estimated dimension 2 of 5 : 0.9746021640873385  | time taken : 0.961475133895874
 Thread 2 estimated dimension 3 of 5 : 0.9804872393594981  | time taken : 0.6966028213500977
 Thread 7 estimated dimension 0 of 5 : 0.7188434602796941  | time taken : 4.393279790878296
 Thread 6 estimated dimension 3 of 5 : 0.38396332838688546  | time taken : 9.237008810043335
 Thread 5 estimated dimension 0 of 5 : 0.7556988302076374  | time taken : 3.9546396732330322
 Thread 2 estimated dimension 4 of 5 : 1  | time taken : 1.1658620834350586
 Thread 3 estimated dimension 4 of 5 : 0.5356457123273654  | time taken : 8.361846923828125
 Thread 3 nsolns: 10050
 Thread 4 estimated dimension 1 of 5 : 0.48554491076023704  | time taken : 8.059957265853882
 Thread 2 nsolns: 10859
 Thread 6 estimated dimension 4 of 5 : 0.9849852579443763  | time taken : 1.3380801677703857
 Thread 4 estimated dimension 2 of 5 : 0.9766695700802251  | time taken : 0.9463667869567871
 Thread 6 nsolns: 10174
 Thread 1 estimated dimension 3 of 5 : 0.5040890353541936  | time taken : 6.29662561416626
 Thread 4 estimated dimension 3 of 5 : 1  | time taken : 1.4016051292419434
 Thread 1 estimated dimension 4 of 5 : 1  | time taken : 0.9974417686462402
 Thread 1 nsolns: 9994
 Thread 4 estimated dimension 4 of 5 : 0.9870628771503082  | time taken : 1.3622074127197266
 Thread 2 estimated dimension 0 of 5 : 0.7942514064782572  | time taken : 4.451022386550903
 Thread 3 estimated dimension 0 of 5 : 0.7775259046085795  | time taken : 4.857638597488403
 Thread 4 nsolns: 10859
 Thread 7 estimated dimension 1 of 5 : 0.4951401356365235  | time taken : 8.19014596939087
 Thread 6 estimated dimension 0 of 5 : 0.7730406659484862  | time taken : 5.903468132019043
 Thread 5 estimated dimension 1 of 5 : 0.5010808824959437  | time taken : 9.665277004241943
 Thread 1 estimated dimension 0 of 5 : 0.7387791879414325  | time taken : 5.521077632904053
 Thread 4 estimated dimension 0 of 5 : 0.7645160140377664  | time taken : 4.770867824554443
 Thread 3 estimated dimension 1 of 5 : 0.4896517442538439  | time taken : 8.032009840011597
 Thread 2 estimated dimension 1 of 5 : 0.5111786921572089  | time taken : 9.120038747787476
 Thread 5 estimated dimension 2 of 5 : 0.6678836376434311  | time taken : 4.850877285003662
 Thread 7 estimated dimension 2 of 5 : 0.5215783248590736  | time taken : 7.959205389022827
 Thread 6 estimated dimension 1 of 5 : 0.495347926618612  | time taken : 7.755217790603638
 Thread 1 estimated dimension 1 of 5 : 0.5033780608519345  | time taken : 7.67430853843689
 Thread 4 estimated dimension 1 of 5 : 0.5044212771393416  | time taken : 8.805221319198608
 Thread 5 estimated dimension 3 of 5 : 0.6104418344856773  | time taken : 4.160050868988037
 Thread 3 estimated dimension 2 of 5 : 0.5203919707839462  | time taken : 6.739699840545654
 Thread 3 estimated dimension 3 of 5 : 0.9872664277538062  | time taken : 0.8061954975128174
 Thread 6 estimated dimension 2 of 5 : 0.5029156784969023  | time taken : 5.75890326499939
 Thread 6 estimated dimension 3 of 5 : 1  | time taken : 0.48943090438842773
 Thread 2 estimated dimension 2 of 5 : 0.48852536146536996  | time taken : 7.825362682342529
 Thread 7 estimated dimension 3 of 5 : 0.5157722010198046  | time taken : 6.607048988342285
 Thread 7 estimated dimension 4 of 5 : 0.9878869644423104  | time taken : 1.289680004119873
 Thread 4 estimated dimension 2 of 5 : 0.6965751799964416  | time taken : 4.652369022369385
 Thread 7 nsolns: 9994
 Thread 1 estimated dimension 2 of 5 : 0.4851344836333543  | time taken : 6.700927257537842
 Thread 1 estimated dimension 3 of 5 : 1  | time taken : 0.5913145542144775
 Thread 5 estimated dimension 4 of 5 : 0.5194053046480078  | time taken : 7.264737129211426
 Thread 5 nsolns: 10120
 Thread 3 estimated dimension 4 of 5 : 0.5166202443157865  | time taken : 6.455469131469727
 Thread 3 nsolns: 10050
 Thread 2 estimated dimension 3 of 5 : 0.5071941914384459  | time taken : 7.715177059173584
 Thread 6 estimated dimension 4 of 5 : 0.4845678431571108  | time taken : 8.93217420578003
 Thread 6 nsolns: 10206
 Thread 2 estimated dimension 4 of 5 : 1  | time taken : 1.2312054634094238
 Thread 2 nsolns: 9994
 Thread 1 estimated dimension 4 of 5 : 0.5257605607559335  | time taken : 5.618539571762085
 Thread 1 nsolns: 10050
 Thread 4 estimated dimension 3 of 5 : 0.374475292237654  | time taken : 8.906544923782349
 Thread 4 estimated dimension 4 of 5 : 0.9786429464902336  | time taken : 0.9518337249755859
 Thread 4 nsolns: 10174
 Thread 1 estimated dimension 0 of 5 : 0.7326820887858254  | time taken : 4.275585174560547
 Thread 1 estimated dimension 1 of 5 : 0.5034173166753017  | time taken : 6.352998971939087
 Thread 1 estimated dimension 2 of 5 : 0.5147951463147934  | time taken : 5.203584671020508
 Thread 1 estimated dimension 3 of 5 : 0.47988495712547574  | time taken : 7.977561712265015
 Thread 1 estimated dimension 4 of 5 : 1  | time taken : 0.900174617767334
 Thread 1 nsolns: 10150
 estimated weights : [0.09199705612091595, 0.09525045391985279, 0.08954848211896936, 0.0807458889098689, 0.09368229605737345, 0.07727047769258139, 0.11897939296793554, 0.09323425132711438, 0.09641716268955662, 0.09184098667599797, 0.127677857244546, 0.08839060605475366, 0.10344233650313886, 0.07740280865726241, 0.12281600473418028, 0.13182637809876194, 0.08896504715877158, 0.09814733549257992, 0.08479946153866993, 0.09306490228785229, 0.08176275828826765, 0.0818487861555764, 0.12960666980975136, 0.07834496904803705, 0.12974607891449952, 0.08424368102513236, 0.07793678347998137, 0.082642408529286, 0.08865337110376062, 0.10220314327567337, 0.07341960709801001, 0.0891018666957051, 0.12480326133824385, 0.09209832280551405, 0.07130749974682483, 0.10617970130206618, 0.12689321480184618, 0.08967294185784869, 0.1006794274011241, 0.11900926887806053, 0.09955635983834746, 0.08518315552690592, 0.08585517208570255, 0.08856999228544826, 0.12902876091450655, 0.12478287402886735, 0.08569996063309046, 0.11253766865997443, 0.09667649678667244, 0.09233748572396241, 0.12766607710046773, 0.08051714364787314, 0.08708441236709062, 0.07076664127524344, 0.09126950626321113, 0.09651674282935395, 0.09465088609046055, 0.1138448938096407, 0.10245798222541093, 0.11706951646900664, 0.09796468560847159, 0.09680617820300647, 0.12137368502048394, 0.09459042532495189, 0.08018775540993502, 0.10105051929496822, 0.09331736247127446, 0.10059864266881513, 0.09485475059418515, 0.09844539791947532, 0.09112033447807802]
