numSolutions: 82 k : 2706
11 82 0.030151134457776365 0.00011086474501108647

 Thread 1 estimated dimension 0 of 11 : 0.6324049334770286  | time taken : 15.598072052001953
 Thread 2 estimated dimension 0 of 11 : 0.6387481662618419  | time taken : 15.673715591430664
 Thread 4 estimated dimension 0 of 11 : 0.6362574155326685  | time taken : 15.746784687042236
 Thread 7 estimated dimension 0 of 11 : 0.6393672467906871  | time taken : 15.906214237213135
 Thread 3 estimated dimension 0 of 11 : 0.6257106246480557  | time taken : 15.975928544998169
 Thread 6 estimated dimension 0 of 11 : 0.6437929063539978  | time taken : 15.934133529663086
 Thread 5 estimated dimension 0 of 11 : 0.3693447426071916  | time taken : 27.599679470062256
 Thread 2 estimated dimension 1 of 11 : 0.36609616224272784  | time taken : 26.063835859298706
 Thread 5 estimated dimension 1 of 11 : 0.6497532363010815  | time taken : 14.966338634490967
 Thread 1 estimated dimension 1 of 11 : 0.36447713836815604  | time taken : 27.308483600616455
 Thread 6 estimated dimension 1 of 11 : 0.3680372677425788  | time taken : 27.334556341171265
 Thread 4 estimated dimension 1 of 11 : 0.36153445560595776  | time taken : 27.648677825927734
 Thread 3 estimated dimension 1 of 11 : 0.36501067658018516  | time taken : 27.636070489883423
 Thread 7 estimated dimension 1 of 11 : 0.3636261368172192  | time taken : 29.064736366271973
 Thread 5 estimated dimension 2 of 11 : 1  | time taken : 9.260394096374512
 Thread 2 estimated dimension 2 of 11 : 0.5187092835103014  | time taken : 17.563547611236572
 Thread 1 estimated dimension 2 of 11 : 0.514087438056125  | time taken : 18.05405354499817
 Thread 3 estimated dimension 2 of 11 : 0.5133316445474602  | time taken : 17.811906576156616
 Thread 4 estimated dimension 2 of 11 : 0.5094299986456339  | time taken : 18.243969678878784
 Thread 6 estimated dimension 2 of 11 : 0.5058214786005579  | time taken : 18.42281150817871
 Thread 7 estimated dimension 2 of 11 : 0.5197557395158303  | time taken : 18.69830822944641
 Thread 2 estimated dimension 3 of 11 : 0.8178826524061513  | time taken : 11.738468408584595
 Thread 1 estimated dimension 3 of 11 : 0.8009476598182916  | time taken : 11.524147272109985
 Thread 3 estimated dimension 3 of 11 : 0.8215739936829892  | time taken : 11.69718885421753
 Thread 6 estimated dimension 3 of 11 : 0.8109211082227372  | time taken : 11.444244146347046
 Thread 7 estimated dimension 3 of 11 : 0.8168514029321816  | time taken : 11.385936975479126
 Thread 2 estimated dimension 4 of 11 : 0.5407350103739901  | time taken : 18.004143953323364
 Thread 1 estimated dimension 4 of 11 : 0.5273668547738734  | time taken : 17.30034899711609
 Thread 6 estimated dimension 4 of 11 : 0.5312006835122972  | time taken : 17.283502340316772
 Thread 3 estimated dimension 4 of 11 : 0.543149892553065  | time taken : 17.41106939315796
 Thread 7 estimated dimension 4 of 11 : 0.4726029300959161  | time taken : 20.516337394714355
 Thread 2 estimated dimension 5 of 11 : 0.7548902553750377  | time taken : 11.683484077453613
 Thread 1 estimated dimension 5 of 11 : 0.7124347162854751  | time taken : 12.341551065444946
 Thread 6 estimated dimension 5 of 11 : 0.7335892591960348  | time taken : 12.017715215682983
 Thread 3 estimated dimension 5 of 11 : 0.7456753906772496  | time taken : 12.167407274246216
 Thread 5 estimated dimension 3 of 11 : 0.19094575234937536  | time taken : 52.04445838928223
 Thread 7 estimated dimension 5 of 11 : 1  | time taken : 8.479077339172363
 Thread 4 estimated dimension 3 of 11 : 0.18904758256163953  | time taken : 51.90018558502197
 Thread 2 estimated dimension 6 of 11 : 0.6550550281484926  | time taken : 14.078106880187988
 Thread 6 estimated dimension 6 of 11 : 0.6447398900234863  | time taken : 13.526464700698853
 Thread 1 estimated dimension 6 of 11 : 0.6681490663037049  | time taken : 14.241179466247559
 Thread 3 estimated dimension 6 of 11 : 0.668880892266941  | time taken : 13.994714260101318
 Thread 7 estimated dimension 6 of 11 : 0.6520825669974887  | time taken : 14.156968832015991
 Thread 5 estimated dimension 4 of 11 : 0.4793917553823069  | time taken : 18.68021845817566
 Thread 4 estimated dimension 4 of 11 : 0.5216759238963642  | time taken : 16.60195541381836
 Thread 5 estimated dimension 5 of 11 : 0.9711906631614738  | time taken : 8.335777044296265
 Thread 4 estimated dimension 5 of 11 : 0.994790427118364  | time taken : 6.711770057678223
 Thread 5 estimated dimension 6 of 11 : 1  | time taken : 7.457745790481567
 Thread 6 estimated dimension 7 of 11 : 0.3721558829656206  | time taken : 24.89872407913208
 Thread 7 estimated dimension 7 of 11 : 0.36173292530415024  | time taken : 25.007464170455933
 Thread 1 estimated dimension 7 of 11 : 0.3672658570566536  | time taken : 27.448456048965454
 Thread 2 estimated dimension 7 of 11 : 0.37476769246321645  | time taken : 29.14063572883606
 Thread 4 estimated dimension 6 of 11 : 1  | time taken : 7.320185661315918
 Thread 3 estimated dimension 7 of 11 : 0.36624476894511565  | time taken : 27.919936895370483
 Thread 5 estimated dimension 7 of 11 : 1  | time taken : 8.169949531555176
 Thread 6 estimated dimension 8 of 11 : 0.9991881977836242  | time taken : 8.23450756072998
 Thread 7 estimated dimension 8 of 11 : 0.9703862598591405  | time taken : 8.368271589279175
 Thread 1 estimated dimension 8 of 11 : 0.9761440259464573  | time taken : 8.24979281425476
 Thread 4 estimated dimension 7 of 11 : 1  | time taken : 8.13772702217102
 Thread 2 estimated dimension 8 of 11 : 0.9944699136400473  | time taken : 8.425204992294312
 Thread 3 estimated dimension 8 of 11 : 1  | time taken : 8.299357891082764
 Thread 6 estimated dimension 9 of 11 : 1  | time taken : 8.666659355163574
 Thread 7 estimated dimension 9 of 11 : 0.9919717245091838  | time taken : 8.252833604812622
 Thread 1 estimated dimension 9 of 11 : 0.989404526571395  | time taken : 8.349955320358276
 Thread 4 estimated dimension 8 of 11 : 0.9888272839968281  | time taken : 8.246721029281616
 Thread 2 estimated dimension 9 of 11 : 0.9932696479410217  | time taken : 8.392800331115723
 Thread 3 estimated dimension 9 of 11 : 1  | time taken : 8.126116275787354
 Thread 5 estimated dimension 8 of 11 : 0.5273718278891204  | time taken : 17.982608556747437
 Thread 6 estimated dimension 10 of 11 : 0.9746272481881795  | time taken : 7.736545085906982
 Thread 6 nsolns: 48458
 Thread 7 estimated dimension 10 of 11 : 1  | time taken : 8.328883409500122
 Thread 7 nsolns: 48454
 Thread 4 estimated dimension 9 of 11 : 0.9589182188048644  | time taken : 8.090219736099243
 Thread 2 estimated dimension 10 of 11 : 1  | time taken : 7.975321054458618
 Thread 2 nsolns: 48489
 Thread 3 estimated dimension 10 of 11 : 0.9927719200648127  | time taken : 8.255274057388306
 Thread 3 nsolns: 48704
 Thread 1 estimated dimension 10 of 11 : 1  | time taken : 8.908416509628296
 Thread 1 nsolns: 48638
 Thread 5 estimated dimension 9 of 11 : 1  | time taken : 8.342132329940796
 Thread 4 estimated dimension 10 of 11 : 0.9900661027390102  | time taken : 8.337092161178589
 Thread 4 nsolns: 52834
 Thread 5 estimated dimension 10 of 11 : 1  | time taken : 7.96513295173645
 Thread 5 nsolns: 52592
 Thread 6 estimated dimension 0 of 11 : 0.6405754278543763  | time taken : 15.734303951263428
 Thread 7 estimated dimension 0 of 11 : 0.6307157551311275  | time taken : 15.818019390106201
 Thread 2 estimated dimension 0 of 11 : 0.6269106614954333  | time taken : 15.875382661819458
 Thread 3 estimated dimension 0 of 11 : 0.6276276603716563  | time taken : 16.28118634223938
 Thread 1 estimated dimension 0 of 11 : 0.6354620334709076  | time taken : 16.30689764022827
 Thread 4 estimated dimension 0 of 11 : 0.6285127709742231  | time taken : 15.90666937828064
 Thread 5 estimated dimension 0 of 11 : 0.6281080665696055  | time taken : 16.044476985931396
 Thread 1 estimated dimension 1 of 11 : 0.6359327621764411  | time taken : 15.873628377914429
 Thread 6 estimated dimension 1 of 11 : 0.3694728667290211  | time taken : 27.299282789230347
 Thread 7 estimated dimension 1 of 11 : 0.3636967089403025  | time taken : 27.104918956756592
 Thread 5 estimated dimension 1 of 11 : 0.6379258099722863  | time taken : 15.258783102035522
 Thread 2 estimated dimension 1 of 11 : 0.3608370456457109  | time taken : 27.625839233398438
 Thread 3 estimated dimension 1 of 11 : 0.3571903687355643  | time taken : 27.14081311225891
 Thread 1 estimated dimension 2 of 11 : 0.7184066186862796  | time taken : 13.92640471458435
 Thread 4 estimated dimension 1 of 11 : 0.36602547541151903  | time taken : 26.106065273284912
 Thread 5 estimated dimension 2 of 11 : 0.7156372443826542  | time taken : 14.327876806259155
 Thread 6 estimated dimension 2 of 11 : 0.5263758879873959  | time taken : 18.19937777519226
 Thread 1 estimated dimension 3 of 11 : 0.7706663446471943  | time taken : 11.645911455154419
 Thread 7 estimated dimension 2 of 11 : 0.5213559460393723  | time taken : 18.62315320968628
 Thread 2 estimated dimension 2 of 11 : 0.5245983584838259  | time taken : 18.306445837020874
 Thread 3 estimated dimension 2 of 11 : 0.5176578069548532  | time taken : 18.38240647315979
 Thread 4 estimated dimension 2 of 11 : 0.5136270995088336  | time taken : 18.180732250213623
 Thread 5 estimated dimension 3 of 11 : 0.7843002613763999  | time taken : 11.85206937789917
 Thread 6 estimated dimension 3 of 11 : 0.8106739511136538  | time taken : 11.775340795516968
 Thread 7 estimated dimension 3 of 11 : 0.7846731642823366  | time taken : 11.769518613815308
 Thread 2 estimated dimension 3 of 11 : 0.7726208632071551  | time taken : 11.400764226913452
 Thread 3 estimated dimension 3 of 11 : 0.7899199272868143  | time taken : 11.859369277954102
 Thread 1 estimated dimension 4 of 11 : 0.4551967200501549  | time taken : 20.846612215042114
 Thread 4 estimated dimension 3 of 11 : 0.8036836217519406  | time taken : 11.876591444015503
 Thread 1 estimated dimension 5 of 11 : 0.9912788897837363  | time taken : 9.047090291976929
 Thread 7 estimated dimension 4 of 11 : 0.5245935281070024  | time taken : 16.988276958465576
 Thread 6 estimated dimension 4 of 11 : 0.4620093059835146  | time taken : 20.382781505584717
 Thread 5 estimated dimension 4 of 11 : 0.4470422348468907  | time taken : 21.18486714363098
 Thread 2 estimated dimension 4 of 11 : 0.4638881246324437  | time taken : 19.522566080093384
 Thread 3 estimated dimension 4 of 11 : 0.46241445690052224  | time taken : 20.78008508682251
 Thread 6 estimated dimension 5 of 11 : 0.9892162475316685  | time taken : 8.734914779663086
 Thread 5 estimated dimension 5 of 11 : 0.9808182735041614  | time taken : 8.3025062084198
 Thread 4 estimated dimension 4 of 11 : 0.4706936681886017  | time taken : 20.13839030265808
 Thread 2 estimated dimension 5 of 11 : 0.96753611662332  | time taken : 8.266032695770264
 Thread 7 estimated dimension 5 of 11 : 0.7735264866022631  | time taken : 11.988986253738403
 Thread 3 estimated dimension 5 of 11 : 1  | time taken : 8.691928386688232
 Thread 4 estimated dimension 5 of 11 : 1  | time taken : 8.652770042419434
 Thread 6 estimated dimension 6 of 11 : 0.6465287778597263  | time taken : 14.492070198059082
 Thread 2 estimated dimension 6 of 11 : 0.6431470076855201  | time taken : 14.0362708568573
 Thread 7 estimated dimension 6 of 11 : 0.6544750266288255  | time taken : 14.229060649871826
 Thread 3 estimated dimension 6 of 11 : 0.6472075101290342  | time taken : 13.496991157531738
 Thread 1 estimated dimension 6 of 11 : 0.3125104697384197  | time taken : 32.96427774429321
 Thread 4 estimated dimension 6 of 11 : 0.6620618118816829  | time taken : 14.106282234191895
 Thread 1 estimated dimension 7 of 11 : 0.9827247603016367  | time taken : 8.663992404937744
 Thread 5 estimated dimension 6 of 11 : 0.3206655630271751  | time taken : 32.91240620613098
 Thread 5 estimated dimension 7 of 11 : 1  | time taken : 8.575930833816528
 Thread 7 estimated dimension 7 of 11 : 0.358756162842355  | time taken : 25.065516471862793
 Thread 2 estimated dimension 7 of 11 : 0.3628013344700029  | time taken : 26.79477095603943
 Thread 6 estimated dimension 7 of 11 : 0.35708363163625917  | time taken : 28.572377681732178
 Thread 3 estimated dimension 7 of 11 : 0.3649476111359445  | time taken : 26.669551372528076
 Thread 1 estimated dimension 8 of 11 : 0.46056163446248727  | time taken : 18.92544412612915
 Thread 7 estimated dimension 8 of 11 : 0.9710420104021745  | time taken : 8.329058647155762
 Thread 4 estimated dimension 7 of 11 : 0.36774076899631586  | time taken : 26.28545594215393
 Thread 6 estimated dimension 8 of 11 : 1  | time taken : 7.924171209335327
 Thread 2 estimated dimension 8 of 11 : 1  | time taken : 8.348659753799438
 Thread 3 estimated dimension 8 of 11 : 0.9604015588372816  | time taken : 8.36418867111206
 Thread 1 estimated dimension 9 of 11 : 1  | time taken : 8.258852243423462
 Thread 7 estimated dimension 9 of 11 : 0.9785006435356413  | time taken : 8.230720520019531
 Thread 4 estimated dimension 8 of 11 : 1  | time taken : 8.351807594299316
 Thread 2 estimated dimension 9 of 11 : 0.9777759738351128  | time taken : 8.31743049621582
 Thread 6 estimated dimension 9 of 11 : 1  | time taken : 8.425988912582397
 Thread 5 estimated dimension 8 of 11 : 0.4510282809246345  | time taken : 19.953596591949463
 Thread 3 estimated dimension 9 of 11 : 1  | time taken : 8.46581745147705
 Thread 1 estimated dimension 10 of 11 : 1  | time taken : 8.59212589263916
 Thread 7 estimated dimension 10 of 11 : 0.9701590373267674  | time taken : 8.322956323623657
 Thread 1 nsolns: 47246
 Thread 7 nsolns: 48662
 Thread 4 estimated dimension 9 of 11 : 1  | time taken : 8.414593696594238
 Thread 6 estimated dimension 10 of 11 : 0.9757275805167623  | time taken : 8.29151725769043
 Thread 2 estimated dimension 10 of 11 : 0.998631283106036  | time taken : 8.328773975372314
 Thread 6 nsolns: 48499
 Thread 2 nsolns: 48492
 Thread 5 estimated dimension 9 of 11 : 0.971658265815211  | time taken : 7.838050127029419
 Thread 3 estimated dimension 10 of 11 : 0.9901615909037075  | time taken : 8.180403470993042
 Thread 3 nsolns: 48391
 Thread 4 estimated dimension 10 of 11 : 0.9963961119564392  | time taken : 8.374244213104248
 Thread 4 nsolns: 48539
 Thread 5 estimated dimension 10 of 11 : 0.9789215289427087  | time taken : 7.947460889816284
 Thread 5 nsolns: 47181
 Thread 1 estimated dimension 0 of 11 : 0.6229105776971738  | time taken : 16.303977012634277
 Thread 6 estimated dimension 0 of 11 : 0.6365440905841891  | time taken : 15.643744707107544
 Thread 3 estimated dimension 0 of 11 : 0.6223935292098052  | time taken : 15.858060598373413
 Thread 4 estimated dimension 0 of 11 : 0.6313688035623871  | time taken : 15.794211149215698
 Thread 5 estimated dimension 0 of 11 : 0.6327232469977414  | time taken : 15.786529302597046
 Thread 7 estimated dimension 0 of 11 : 0.36929194050778286  | time taken : 27.350428581237793
 Thread 2 estimated dimension 0 of 11 : 0.37786835935230645  | time taken : 28.460971355438232
 Thread 3 estimated dimension 1 of 11 : 0.6436777968556782  | time taken : 15.49537992477417
 Thread 7 estimated dimension 1 of 11 : 0.6338862828316911  | time taken : 14.460405826568604
 Thread 5 estimated dimension 1 of 11 : 0.6452623022835496  | time taken : 15.977110147476196
 Thread 1 estimated dimension 1 of 11 : 0.3644005386109283  | time taken : 28.07267141342163
 Thread 2 estimated dimension 1 of 11 : 0.638121099407656  | time taken : 15.081403970718384
 Thread 6 estimated dimension 1 of 11 : 0.36653574917580994  | time taken : 27.97829532623291
 Thread 3 estimated dimension 2 of 11 : 0.7087742369588714  | time taken : 13.103664875030518
 Thread 7 estimated dimension 2 of 11 : 1  | time taken : 7.566032648086548
 Thread 4 estimated dimension 1 of 11 : 0.3683958431618044  | time taken : 28.10774278640747
 Thread 2 estimated dimension 2 of 11 : 0.9965737536184586  | time taken : 9.058837175369263
 Thread 5 estimated dimension 2 of 11 : 0.7071123113223148  | time taken : 13.894129991531372
 Thread 3 estimated dimension 3 of 11 : 0.7560343788547926  | time taken : 12.131526231765747
 Thread 1 estimated dimension 2 of 11 : 0.5189804092156513  | time taken : 18.26802158355713
 Thread 6 estimated dimension 2 of 11 : 0.5206604419140932  | time taken : 18.166454315185547
 Thread 5 estimated dimension 3 of 11 : 0.7713651559360106  | time taken : 12.09397840499878
 Thread 4 estimated dimension 2 of 11 : 0.5266440912451686  | time taken : 17.615405797958374
 Thread 1 estimated dimension 3 of 11 : 0.793593594495183  | time taken : 11.522110939025879
 Thread 6 estimated dimension 3 of 11 : 0.8046624549959334  | time taken : 11.456924438476562
 Thread 3 estimated dimension 4 of 11 : 0.4432065021404171  | time taken : 21.555089473724365
 Thread 4 estimated dimension 3 of 11 : 0.8081612109353383  | time taken : 12.043149948120117
 Thread 5 estimated dimension 4 of 11 : 0.45052629076842743  | time taken : 21.24495577812195
 Thread 3 estimated dimension 5 of 11 : 0.9944898433872942  | time taken : 8.682756900787354
 Thread 6 estimated dimension 4 of 11 : 0.4729901014740705  | time taken : 19.597344160079956
 Thread 1 estimated dimension 4 of 11 : 0.48240803028694557  | time taken : 20.805843114852905
 Thread 5 estimated dimension 5 of 11 : 0.9965209215651918  | time taken : 8.446060419082642
 Thread 4 estimated dimension 4 of 11 : 0.47348948419008885  | time taken : 19.608306169509888
 Thread 6 estimated dimension 5 of 11 : 0.9981726433959166  | time taken : 8.963196277618408
 Thread 1 estimated dimension 5 of 11 : 1  | time taken : 8.375048398971558exiting with current heads : 2705 out of 2706 | exp rv: 14654.17392127705

 Thread 7 estimated dimension 3 of 11 : 0.18458904708865845  | time taken : 54.12837338447571exiting with current heads : 2706 out of 2706 | exp rv: 14465.292554455717

 Thread 2 estimated dimension 3 of 11 : 0.18699932889824505  | time taken : 53.69418120384216
 Thread 4 estimated dimension 5 of 11 : 0.9824256280288236  | time taken : 8.452254295349121
 Thread 6 estimated dimension 6 of 11 : 0.6451998756087441  | time taken : 13.892866849899292
 Thread 1 estimated dimension 6 of 11 : 0.6560477401614409  | time taken : 14.032225131988525
 Thread 7 estimated dimension 4 of 11 : 0.4687594808973364  | time taken : 18.795475721359253
 Thread 3 estimated dimension 6 of 11 : 0.3096486513304027  | time taken : 32.62622594833374
 Thread 4 estimated dimension 6 of 11 : 0.6473140588647708  | time taken : 13.883368253707886
 Thread 2 estimated dimension 4 of 11 : 0.4764920649432814  | time taken : 18.4899160861969
 Thread 5 estimated dimension 6 of 11 : 0.3155961108901424  | time taken : 30.560651540756226
 Thread 3 estimated dimension 7 of 11 : 1  | time taken : 7.764829874038696
 Thread 7 estimated dimension 5 of 11 : 1  | time taken : 8.306936025619507
 Thread 2 estimated dimension 5 of 11 : 1  | time taken : 8.746387958526611
 Thread 5 estimated dimension 7 of 11 : 1  | time taken : 8.48941683769226
 Thread 7 estimated dimension 6 of 11 : 1  | time taken : 8.47786545753479
 Thread 2 estimated dimension 6 of 11 : 0.9731992610474047  | time taken : 8.57230806350708
 Thread 6 estimated dimension 7 of 11 : 0.3684711848916381  | time taken : 27.0678391456604
 Thread 1 estimated dimension 7 of 11 : 0.3599179925452941  | time taken : 27.3707275390625
 Thread 7 estimated dimension 7 of 11 : 0.979589773620234  | time taken : 8.481937408447266
 Thread 3 estimated dimension 8 of 11 : 0.4622940047354219  | time taken : 18.510417938232422
 Thread 4 estimated dimension 7 of 11 : 0.36207058325820146  | time taken : 25.622187852859497
 Thread 2 estimated dimension 7 of 11 : 0.9618277483961383  | time taken : 7.731049299240112
 Thread 6 estimated dimension 8 of 11 : 1  | time taken : 8.795000076293945
 Thread 1 estimated dimension 8 of 11 : 0.9917689391689125  | time taken : 8.196712970733643
 Thread 5 estimated dimension 8 of 11 : 0.45273992337029195  | time taken : 19.27832317352295
 Thread 3 estimated dimension 9 of 11 : 1  | time taken : 8.140630006790161
 Thread 4 estimated dimension 8 of 11 : 0.9613516985326765  | time taken : 8.64360499382019
 Thread 6 estimated dimension 9 of 11 : 0.9661641625234031  | time taken : 8.292587757110596
 Thread 1 estimated dimension 9 of 11 : 1  | time taken : 8.654175281524658
 Thread 5 estimated dimension 9 of 11 : 0.9984182647398252  | time taken : 8.310290098190308
 Thread 3 estimated dimension 10 of 11 : 0.9487185928931674  | time taken : 7.942209005355835
 Thread 3 nsolns: 47303
 Thread 7 estimated dimension 8 of 11 : 0.5439779296626754  | time taken : 17.839131355285645
 Thread 4 estimated dimension 9 of 11 : 1  | time taken : 8.572604894638062
 Thread 2 estimated dimension 8 of 11 : 0.5299294400503046  | time taken : 17.297407865524292
 Thread 6 estimated dimension 10 of 11 : 0.9904438814431934  | time taken : 8.348997592926025
 Thread 6 nsolns: 48408
 Thread 1 estimated dimension 10 of 11 : 1  | time taken : 8.09598970413208
 Thread 1 nsolns: 48583
 Thread 5 estimated dimension 10 of 11 : 0.9925057146068701  | time taken : 8.228590488433838
 Thread 5 nsolns: 47139
 Thread 7 estimated dimension 9 of 11 : 0.9843654677706126  | time taken : 8.252698421478271
 Thread 4 estimated dimension 10 of 11 : 0.9967030422658109  | time taken : 8.457266807556152
 Thread 4 nsolns: 48472
 Thread 2 estimated dimension 9 of 11 : 0.9696363422638614  | time taken : 8.391409873962402
 Thread 7 estimated dimension 10 of 11 : 0.9604152485466925  | time taken : 7.901202440261841
 Thread 7 nsolns: 53054
 Thread 2 estimated dimension 10 of 11 : 0.9994454826210014  | time taken : 8.34456205368042
 Thread 2 nsolns: 52836
 Thread 1 estimated dimension 0 of 11 : 0.6216541840082366  | time taken : 15.50966501235962
 Thread 5 estimated dimension 0 of 11 : 0.6434296459374713  | time taken : 15.999151229858398
 Thread 3 estimated dimension 0 of 11 : 0.3760537010193547  | time taken : 26.775585412979126
 Thread 4 estimated dimension 0 of 11 : 0.6189678958540973  | time taken : 15.860259771347046
 Thread 6 estimated dimension 0 of 11 : 0.3696458909069644  | time taken : 28.148308277130127
 Thread 7 estimated dimension 0 of 11 : 0.6186633251070124  | time taken : 16.087716341018677
 Thread 2 estimated dimension 0 of 11 : 0.6389246572932233  | time taken : 15.64050579071045
 Thread 5 estimated dimension 1 of 11 : 0.6250685121973445  | time taken : 15.72946286201477
 Thread 3 estimated dimension 1 of 11 : 0.6606425253987619  | time taken : 15.009009599685669
 Thread 6 estimated dimension 1 of 11 : 0.6573703065314508  | time taken : 15.588695049285889
 Thread 1 estimated dimension 1 of 11 : 0.36297719136034456  | time taken : 27.738701581954956
 Thread 7 estimated dimension 1 of 11 : 0.6317229487798102  | time taken : 15.590736865997314
 Thread 3 estimated dimension 2 of 11 : 1  | time taken : 8.629598617553711
 Thread 2 estimated dimension 1 of 11 : 0.6271349607693382  | time taken : 15.627693891525269
 Thread 5 estimated dimension 2 of 11 : 0.7122831448977932  | time taken : 13.371798515319824
 Thread 4 estimated dimension 1 of 11 : 0.3718430114444028  | time taken : 26.45605707168579
 Thread 6 estimated dimension 2 of 11 : 1  | time taken : 8.691213607788086
 Thread 7 estimated dimension 2 of 11 : 0.7340756112144473  | time taken : 13.53579568862915
 Thread 2 estimated dimension 2 of 11 : 0.7289847090901347  | time taken : 13.487658500671387
 Thread 5 estimated dimension 3 of 11 : 0.7976306232602197  | time taken : 12.172895431518555
 Thread 1 estimated dimension 2 of 11 : 0.5108317150576154  | time taken : 18.819921493530273
 Thread 4 estimated dimension 2 of 11 : 0.5140619383809545  | time taken : 18.126625061035156
 Thread 7 estimated dimension 3 of 11 : 0.7712707161006171  | time taken : 12.265126466751099
 Thread 2 estimated dimension 3 of 11 : 0.7892621915623235  | time taken : 12.056995630264282
 Thread 1 estimated dimension 3 of 11 : 0.8080806447819469  | time taken : 11.64695119857788
 Thread 4 estimated dimension 3 of 11 : 0.7866347452514633  | time taken : 11.276940107345581
 Thread 5 estimated dimension 4 of 11 : 0.43995240317688916  | time taken : 21.05134916305542
 Thread 5 estimated dimension 5 of 11 : 0.96810821666989  | time taken : 8.618300437927246
 Thread 7 estimated dimension 4 of 11 : 0.46065633603608247  | time taken : 21.363333702087402
 Thread 1 estimated dimension 4 of 11 : 0.5380683820771025  | time taken : 17.57013702392578
 Thread 2 estimated dimension 4 of 11 : 0.45039874902560667  | time taken : 20.54713273048401
 Thread 4 estimated dimension 4 of 11 : 0.5370232646654428  | time taken : 18.66541838645935
 Thread 7 estimated dimension 5 of 11 : 1  | time taken : 8.228101968765259exiting with current heads : 2706 out of 2706 | exp rv: 14474.612675072154

 Thread 3 estimated dimension 3 of 11 : 0.18687892109600204  | time taken : 55.053184509277344
 Thread 2 estimated dimension 5 of 11 : 0.9868177808723894  | time taken : 7.95181131362915
 Thread 6 estimated dimension 3 of 11 : 0.18691635470344656  | time taken : 50.574331760406494
 Thread 1 estimated dimension 5 of 11 : 0.7397391417329772  | time taken : 11.845293283462524
 Thread 4 estimated dimension 5 of 11 : 0.7318309946299425  | time taken : 11.742768287658691
 Thread 1 estimated dimension 6 of 11 : 0.6516506094023538  | time taken : 13.99358320236206
 Thread 3 estimated dimension 4 of 11 : 0.4748360603382846  | time taken : 18.94199252128601
 Thread 6 estimated dimension 4 of 11 : 0.470714248825496  | time taken : 18.079299926757812
 Thread 5 estimated dimension 6 of 11 : 0.3113820385352731  | time taken : 30.687591075897217
 Thread 4 estimated dimension 6 of 11 : 0.6386364336326062  | time taken : 14.688502073287964
 Thread 3 estimated dimension 5 of 11 : 1  | time taken : 8.64889907836914
 Thread 6 estimated dimension 5 of 11 : 1  | time taken : 8.00833010673523
 Thread 5 estimated dimension 7 of 11 : 1  | time taken : 8.528051853179932
 Thread 7 estimated dimension 6 of 11 : 0.32430367248340225  | time taken : 32.59859085083008
 Thread 2 estimated dimension 6 of 11 : 0.31519753348398405  | time taken : 31.31633162498474
 Thread 3 estimated dimension 6 of 11 : 1  | time taken : 8.198189973831177
 Thread 6 estimated dimension 6 of 11 : 1  | time taken : 8.220404148101807
 Thread 7 estimated dimension 7 of 11 : 1  | time taken : 8.468084573745728
 Thread 2 estimated dimension 7 of 11 : 1  | time taken : 8.619364738464355
 Thread 1 estimated dimension 7 of 11 : 0.3632716158374876  | time taken : 27.010392427444458
 Thread 3 estimated dimension 7 of 11 : 1  | time taken : 8.243103504180908
 Thread 6 estimated dimension 7 of 11 : 0.9796819547072358  | time taken : 8.60930061340332
 Thread 5 estimated dimension 8 of 11 : 0.4558972628857813  | time taken : 19.245516777038574
 Thread 4 estimated dimension 7 of 11 : 0.3690079075002864  | time taken : 26.14853572845459
 Thread 1 estimated dimension 8 of 11 : 0.9939718156028265  | time taken : 8.022552013397217
 Thread 5 estimated dimension 9 of 11 : 0.9929923035586905  | time taken : 8.443560361862183
 Thread 4 estimated dimension 8 of 11 : 0.99429599560277  | time taken : 8.452828407287598
 Thread 7 estimated dimension 8 of 11 : 0.4541839600811705  | time taken : 19.58518099784851
 Thread 1 estimated dimension 9 of 11 : 1  | time taken : 7.874456882476807
 Thread 2 estimated dimension 8 of 11 : 0.4459873367182664  | time taken : 19.526914358139038
 Thread 3 estimated dimension 8 of 11 : 0.5341392404017763  | time taken : 17.766335010528564
 Thread 6 estimated dimension 8 of 11 : 0.5327019276056896  | time taken : 18.02185606956482
 Thread 5 estimated dimension 10 of 11 : 1  | time taken : 8.84668231010437
 Thread 5 nsolns: 47222
 Thread 4 estimated dimension 9 of 11 : 0.9651244397165257  | time taken : 8.68504524230957
 Thread 2 estimated dimension 9 of 11 : 0.9913571765478365  | time taken : 7.651201963424683
 Thread 7 estimated dimension 9 of 11 : 1  | time taken : 8.279299974441528
 Thread 1 estimated dimension 10 of 11 : 1  | time taken : 8.154983282089233
 Thread 1 nsolns: 48703
 Thread 3 estimated dimension 9 of 11 : 0.9976937158345762  | time taken : 8.014979600906372
 Thread 6 estimated dimension 9 of 11 : 1  | time taken : 8.391098976135254
 Thread 4 estimated dimension 10 of 11 : 0.9987600447065589  | time taken : 8.116603136062622
 Thread 4 nsolns: 48548
 Thread 7 estimated dimension 10 of 11 : 1  | time taken : 8.209919929504395
 Thread 7 nsolns: 47214
 Thread 2 estimated dimension 10 of 11 : 1  | time taken : 8.576671361923218
 Thread 2 nsolns: 47245
 Thread 3 estimated dimension 10 of 11 : 0.9813246176324502  | time taken : 8.285223245620728
 Thread 3 nsolns: 52992
 Thread 6 estimated dimension 10 of 11 : 0.9916825262885912  | time taken : 8.169103384017944
 Thread 6 nsolns: 52709
 Thread 5 estimated dimension 0 of 11 : 0.6382185283451368  | time taken : 15.59270429611206
 Thread 1 estimated dimension 0 of 11 : 0.6401147308841046  | time taken : 16.1004638671875
 Thread 4 estimated dimension 0 of 11 : 0.6352504384383463  | time taken : 15.853682518005371
 Thread 2 estimated dimension 0 of 11 : 0.6136473579502464  | time taken : 15.632367849349976
 Thread 3 estimated dimension 0 of 11 : 0.612943209018773  | time taken : 15.991469144821167
 Thread 7 estimated dimension 0 of 11 : 0.37608504463547965  | time taken : 28.246167421340942
 Thread 6 estimated dimension 0 of 11 : 0.35999490980771787  | time taken : 27.847170114517212
 Thread 5 estimated dimension 1 of 11 : 0.36828994275690374  | time taken : 27.294384002685547
 Thread 1 estimated dimension 1 of 11 : 0.3625599416107787  | time taken : 27.985048532485962
 Thread 4 estimated dimension 1 of 11 : 0.3670145431815983  | time taken : 27.387173652648926
 Thread 2 estimated dimension 1 of 11 : 0.3715589895439417  | time taken : 26.627140522003174
 Thread 7 estimated dimension 1 of 11 : 0.6467001747485082  | time taken : 14.82962703704834
 Thread 3 estimated dimension 1 of 11 : 0.36872994737697284  | time taken : 26.255687713623047
 Thread 5 estimated dimension 2 of 11 : 0.5208810630669011  | time taken : 18.23998498916626
 Thread 7 estimated dimension 2 of 11 : 1  | time taken : 8.85034704208374
 Thread 1 estimated dimension 2 of 11 : 0.5109051160354656  | time taken : 18.52243447303772
 Thread 6 estimated dimension 1 of 11 : 0.3580002449005655  | time taken : 27.386842012405396
 Thread 4 estimated dimension 2 of 11 : 0.5252130035378835  | time taken : 17.766449689865112
 Thread 2 estimated dimension 2 of 11 : 0.5080580458872425  | time taken : 18.38292646408081
 Thread 5 estimated dimension 3 of 11 : 0.7902538094092438  | time taken : 11.387545347213745
 Thread 3 estimated dimension 2 of 11 : 0.5188898765504693  | time taken : 17.87648868560791
 Thread 1 estimated dimension 3 of 11 : 0.7947549044966815  | time taken : 11.640601634979248
 Thread 6 estimated dimension 2 of 11 : 1  | time taken : 8.708194971084595
 Thread 4 estimated dimension 3 of 11 : 0.79721768705462  | time taken : 12.110117673873901
 Thread 2 estimated dimension 3 of 11 : 0.7858067623913081  | time taken : 11.971089839935303
 Thread 3 estimated dimension 3 of 11 : 0.7846811229237106  | time taken : 11.44912052154541
 Thread 6 estimated dimension 3 of 11 : 0.7073953764167549  | time taken : 12.851714134216309
 Thread 5 estimated dimension 4 of 11 : 0.538378121147935  | time taken : 19.63908553123474
 Thread 1 estimated dimension 4 of 11 : 0.5314120872147847  | time taken : 17.954190254211426
 Thread 4 estimated dimension 4 of 11 : 0.470273477270462  | time taken : 19.66173028945923
 Thread 2 estimated dimension 4 of 11 : 0.4651774833908985  | time taken : 19.289241075515747
 Thread 5 estimated dimension 5 of 11 : 0.7480830130076266  | time taken : 11.6243314743042
 Thread 3 estimated dimension 4 of 11 : 0.46423431071493493  | time taken : 19.762089252471924
 Thread 1 estimated dimension 5 of 11 : 0.7353014104139286  | time taken : 11.811328887939453
 Thread 4 estimated dimension 5 of 11 : 0.9746783764410059  | time taken : 8.510314464569092
 Thread 6 estimated dimension 4 of 11 : 0.474526088869305  | time taken : 20.072386264801025
 Thread 2 estimated dimension 5 of 11 : 0.9818165139932293  | time taken : 8.736336469650269
 Thread 3 estimated dimension 5 of 11 : 1  | time taken : 8.518294334411621exiting with current heads : 2705 out of 2706 | exp rv: 14578.63780161324

 Thread 7 estimated dimension 3 of 11 : 0.18554545608511316  | time taken : 55.38309359550476
 Thread 5 estimated dimension 6 of 11 : 0.6652604690422437  | time taken : 13.813906192779541
 Thread 6 estimated dimension 5 of 11 : 0.9717545112446911  | time taken : 8.535873413085938
 Thread 1 estimated dimension 6 of 11 : 0.6551548459579538  | time taken : 14.030467987060547
 Thread 4 estimated dimension 6 of 11 : 0.652399698088938  | time taken : 14.056418180465698
 Thread 2 estimated dimension 6 of 11 : 0.6793296760925004  | time taken : 14.291085243225098
 Thread 3 estimated dimension 6 of 11 : 0.6658849228791545  | time taken : 13.489298820495605
 Thread 6 estimated dimension 6 of 11 : 0.6596543977870097  | time taken : 13.769808530807495
 Thread 7 estimated dimension 4 of 11 : 0.4731961369665293  | time taken : 18.766076803207397
 Thread 5 estimated dimension 7 of 11 : 0.3542449361272386  | time taken : 25.070110082626343
 Thread 7 estimated dimension 5 of 11 : 0.9954529150397695  | time taken : 8.313373565673828
 Thread 6 estimated dimension 7 of 11 : 0.6539568716864091  | time taken : 12.988868236541748
 Thread 4 estimated dimension 7 of 11 : 0.36605541170481903  | time taken : 25.336670398712158
 Thread 1 estimated dimension 7 of 11 : 0.3700632056815652  | time taken : 29.21492028236389
 Thread 5 estimated dimension 8 of 11 : 0.9729794066111149  | time taken : 7.834349632263184
 Thread 2 estimated dimension 7 of 11 : 0.36069892574130236  | time taken : 25.176005601882935
 Thread 3 estimated dimension 7 of 11 : 0.35765712943085504  | time taken : 25.63144302368164
 Thread 7 estimated dimension 6 of 11 : 0.9908503299375476  | time taken : 8.748810529708862
 Thread 6 estimated dimension 8 of 11 : 1  | time taken : 7.940154314041138
 Thread 4 estimated dimension 8 of 11 : 0.980154920869433  | time taken : 8.520644903182983
 Thread 1 estimated dimension 8 of 11 : 0.9960547564371269  | time taken : 8.495139598846436
 Thread 5 estimated dimension 9 of 11 : 0.9869897532380024  | time taken : 8.113372087478638
 Thread 2 estimated dimension 8 of 11 : 1  | time taken : 8.347770929336548
 Thread 3 estimated dimension 8 of 11 : 0.9979531062154273  | time taken : 8.323221445083618
 Thread 7 estimated dimension 7 of 11 : 1  | time taken : 8.658457040786743
 Thread 4 estimated dimension 9 of 11 : 1  | time taken : 8.383826494216919
 Thread 1 estimated dimension 9 of 11 : 0.9970701148628248  | time taken : 8.498785257339478
 Thread 5 estimated dimension 10 of 11 : 0.9842379900104368  | time taken : 8.377227306365967
 Thread 5 nsolns: 48631
 Thread 2 estimated dimension 9 of 11 : 0.9807074694418743  | time taken : 8.227735757827759
 Thread 3 estimated dimension 9 of 11 : 0.9753324258368046  | time taken : 8.373937606811523
 Thread 6 estimated dimension 9 of 11 : 0.4926690167366784  | time taken : 18.794374465942383
 Thread 4 estimated dimension 10 of 11 : 0.9889314048119097  | time taken : 8.118988752365112
 Thread 4 nsolns: 48398
 Thread 1 estimated dimension 10 of 11 : 1  | time taken : 8.232495784759521
 Thread 1 nsolns: 48777
 Thread 2 estimated dimension 10 of 11 : 0.9790224720584628  | time taken : 8.038189888000488
 Thread 2 nsolns: 48454
 Thread 3 estimated dimension 10 of 11 : 0.9897054868695966  | time taken : 8.675898313522339
 Thread 3 nsolns: 48486
 Thread 7 estimated dimension 8 of 11 : 0.5315677327571334  | time taken : 17.913539171218872
 Thread 6 estimated dimension 10 of 11 : 0.9532716477822908  | time taken : 8.278058528900146
 Thread 6 nsolns: 48924
 Thread 5 estimated dimension 0 of 11 : 0.6369780348882914  | time taken : 15.947454690933228
 Thread 7 estimated dimension 9 of 11 : 1  | time taken : 8.285077095031738
 Thread 4 estimated dimension 0 of 11 : 0.6203939846143717  | time taken : 15.233698606491089
 Thread 1 estimated dimension 0 of 11 : 0.6292868857187168  | time taken : 15.42228364944458
 Thread 2 estimated dimension 0 of 11 : 0.6370899305638028  | time taken : 16.091309070587158
 Thread 3 estimated dimension 0 of 11 : 0.6171118209426659  | time taken : 15.58157205581665
 Thread 7 estimated dimension 10 of 11 : 0.9852050415483178  | time taken : 8.457270622253418
 Thread 7 nsolns: 52915
 Thread 6 estimated dimension 0 of 11 : 0.6464141179947865  | time taken : 16.134573936462402
 Thread 5 estimated dimension 1 of 11 : 0.6507877466920312  | time taken : 15.479097604751587
 Thread 3 estimated dimension 1 of 11 : 0.6289162389453106  | time taken : 18.141332864761353
 Thread 5 estimated dimension 2 of 11 : 0.7185237788178593  | time taken : 14.46423864364624
 Thread 7 estimated dimension 0 of 11 : 0.6190159933453564  | time taken : 17.359870195388794
 Thread 6 estimated dimension 1 of 11 : 0.6370470406536923  | time taken : 16.480160236358643
 Thread 4 estimated dimension 1 of 11 : 0.3570241771757525  | time taken : 26.8229877948761
 Thread 2 estimated dimension 1 of 11 : 0.3648078102827218  | time taken : 28.749161958694458
 Thread 1 estimated dimension 1 of 11 : 0.3705647623662423  | time taken : 30.167502403259277
 Thread 5 estimated dimension 3 of 11 : 0.7783325618919995  | time taken : 11.844121932983398
 Thread 3 estimated dimension 2 of 11 : 0.7200122920728168  | time taken : 13.848812103271484
 Thread 6 estimated dimension 2 of 11 : 0.7145808279302385  | time taken : 13.700194120407104
 Thread 4 estimated dimension 2 of 11 : 0.5216937608619421  | time taken : 17.49833369255066
 Thread 1 estimated dimension 2 of 11 : 0.5286528743233453  | time taken : 18.063196659088135
 Thread 2 estimated dimension 2 of 11 : 0.5158947959821272  | time taken : 18.636818647384644
 Thread 6 estimated dimension 3 of 11 : 0.785269049093966  | time taken : 12.00044560432434
 Thread 7 estimated dimension 1 of 11 : 0.3730009824746293  | time taken : 28.651490449905396
 Thread 5 estimated dimension 4 of 11 : 0.45029290770924324  | time taken : 20.551769733428955
 Thread 4 estimated dimension 3 of 11 : 0.8073282284188952  | time taken : 11.633845329284668
 Thread 1 estimated dimension 3 of 11 : 0.790497551232288  | time taken : 11.171313047409058
 Thread 2 estimated dimension 3 of 11 : 0.8032323850296104  | time taken : 11.552346229553223
 Thread 5 estimated dimension 5 of 11 : 0.988885682109919  | time taken : 9.128358840942383
 Thread 7 estimated dimension 2 of 11 : 0.5210392802962599  | time taken : 17.837000846862793
 Thread 6 estimated dimension 4 of 11 : 0.4456670065531305  | time taken : 21.60932230949402
 Thread 4 estimated dimension 4 of 11 : 0.5295982250854134  | time taken : 20.26002836227417
 Thread 6 estimated dimension 5 of 11 : 0.9932541199809534  | time taken : 7.741439580917358
 Thread 1 estimated dimension 4 of 11 : 0.46373004072371715  | time taken : 19.526906728744507
 Thread 2 estimated dimension 4 of 11 : 0.4726540248770362  | time taken : 19.61532974243164
 Thread 3 estimated dimension 3 of 11 : 0.22290257453549825  | time taken : 46.16161298751831
 Thread 7 estimated dimension 3 of 11 : 0.8145434878811064  | time taken : 11.034563064575195
 Thread 4 estimated dimension 5 of 11 : 0.7579637156085894  | time taken : 11.904754161834717
 Thread 1 estimated dimension 5 of 11 : 0.9921696683282241  | time taken : 8.895888328552246
 Thread 2 estimated dimension 5 of 11 : 0.9738253507925048  | time taken : 8.374520063400269
 Thread 5 estimated dimension 6 of 11 : 0.3152126107585797  | time taken : 32.677814245224
 Thread 7 estimated dimension 4 of 11 : 0.47334852975783687  | time taken : 20.262114763259888
 Thread 1 estimated dimension 6 of 11 : 0.6439754120022246  | time taken : 13.984525203704834
 Thread 2 estimated dimension 6 of 11 : 0.643300259931181  | time taken : 14.07746434211731
 Thread 4 estimated dimension 6 of 11 : 0.6743831604820997  | time taken : 14.618935823440552
 Thread 3 estimated dimension 4 of 11 : 0.4125390233597048  | time taken : 21.583715200424194
 Thread 5 estimated dimension 7 of 11 : 1  | time taken : 7.599606513977051
 Thread 6 estimated dimension 6 of 11 : 0.3178734298955814  | time taken : 30.673434019088745
 Thread 7 estimated dimension 5 of 11 : 0.9801025462583888  | time taken : 8.799316644668579
 Thread 3 estimated dimension 5 of 11 : 0.9376081331211906  | time taken : 8.351662635803223
 Thread 6 estimated dimension 7 of 11 : 0.9763835981448579  | time taken : 8.588460683822632
 Thread 3 estimated dimension 6 of 11 : 1  | time taken : 8.8097403049469
 Thread 5 estimated dimension 8 of 11 : 0.453706879889365  | time taken : 19.54898452758789
 Thread 7 estimated dimension 6 of 11 : 0.6520391532132624  | time taken : 14.206594944000244
 Thread 3 estimated dimension 7 of 11 : 0.9734123238299378  | time taken : 8.138306379318237
 Thread 1 estimated dimension 7 of 11 : 0.36258111118651815  | time taken : 26.778095722198486
 Thread 2 estimated dimension 7 of 11 : 0.3649920635506768  | time taken : 27.259552240371704
 Thread 4 estimated dimension 7 of 11 : 0.3652939602903835  | time taken : 27.54345154762268
 Thread 5 estimated dimension 9 of 11 : 0.9779265058160042  | time taken : 8.242814540863037
 Thread 6 estimated dimension 8 of 11 : 0.45726729397960403  | time taken : 18.197210550308228
 Thread 1 estimated dimension 8 of 11 : 0.9816205204215438  | time taken : 8.474801540374756
 Thread 2 estimated dimension 8 of 11 : 1  | time taken : 8.241010189056396
 Thread 4 estimated dimension 8 of 11 : 0.9621952520550804  | time taken : 8.385268211364746
 Thread 5 estimated dimension 10 of 11 : 0.9828029923402741  | time taken : 8.455917358398438
 Thread 5 nsolns: 47225
 Thread 3 estimated dimension 8 of 11 : 0.6629054964114487  | time taken : 13.431832075119019
 Thread 6 estimated dimension 9 of 11 : 0.9956968759627862  | time taken : 8.324453830718994
 Thread 1 estimated dimension 9 of 11 : 1  | time taken : 8.169146537780762
 Thread 2 estimated dimension 9 of 11 : 0.9690889249608072  | time taken : 8.431866645812988
 Thread 4 estimated dimension 9 of 11 : 1  | time taken : 8.32947850227356
 Thread 3 estimated dimension 9 of 11 : 1  | time taken : 8.541291236877441
 Thread 7 estimated dimension 7 of 11 : 0.3684498454887371  | time taken : 26.075455904006958
 Thread 6 estimated dimension 10 of 11 : 0.9962153234279685  | time taken : 8.299013376235962
 Thread 6 nsolns: 47136
 Thread 1 estimated dimension 10 of 11 : 1  | time taken : 8.152769804000854
 Thread 1 nsolns: 48465
 Thread 2 estimated dimension 10 of 11 : 1  | time taken : 8.16153883934021
 Thread 2 nsolns: 48426
 Thread 4 estimated dimension 10 of 11 : 0.9968815737815087  | time taken : 8.118348836898804
 Thread 4 nsolns: 48755
 Thread 5 estimated dimension 0 of 11 : 0.6451699353806896  | time taken : 15.95232367515564
 Thread 7 estimated dimension 8 of 11 : 1  | time taken : 8.386327743530273
 Thread 7 estimated dimension 9 of 11 : 1  | time taken : 8.58293080329895
 Thread 6 estimated dimension 0 of 11 : 0.6229522718861341  | time taken : 15.311238527297974
 Thread 3 estimated dimension 10 of 11 : 0.5048835305248903  | time taken : 19.690704584121704
 Thread 3 nsolns: 51216
 Thread 1 estimated dimension 0 of 11 : 0.6306081443096943  | time taken : 16.068389892578125
 Thread 2 estimated dimension 0 of 11 : 0.6244445752132687  | time taken : 15.655623197555542
 Thread 4 estimated dimension 0 of 11 : 0.6101350571314779  | time taken : 16.223401308059692
 Thread 7 estimated dimension 10 of 11 : 1  | time taken : 8.601696252822876
 Thread 7 nsolns: 48518
 Thread 5 estimated dimension 1 of 11 : 0.37294016204454616  | time taken : 26.768184423446655
 Thread 3 estimated dimension 0 of 11 : 0.623947504453695  | time taken : 16.031741619110107
 Thread 1 estimated dimension 1 of 11 : 0.6336205505282446  | time taken : 16.375349521636963
 Thread 7 estimated dimension 0 of 11 : 0.6228363740405126  | time taken : 15.647107362747192
 Thread 6 estimated dimension 1 of 11 : 0.3484195369901375  | time taken : 27.777410984039307
 Thread 2 estimated dimension 1 of 11 : 0.3713858891069288  | time taken : 27.049718379974365
 Thread 4 estimated dimension 1 of 11 : 0.36242614452499106  | time taken : 26.882291316986084
 Thread 1 estimated dimension 2 of 11 : 0.736001252684876  | time taken : 13.03474473953247
 Thread 5 estimated dimension 2 of 11 : 0.5130527835696723  | time taken : 18.03528141975403
 Thread 1 estimated dimension 3 of 11 : 0.7870403716280502  | time taken : 12.35774540901184
 Thread 3 estimated dimension 1 of 11 : 0.3663903613434389  | time taken : 27.06999969482422
 Thread 5 estimated dimension 3 of 11 : 0.8242352926027574  | time taken : 11.254913091659546
 Thread 6 estimated dimension 2 of 11 : 0.5252371929419226  | time taken : 17.904727697372437
 Thread 2 estimated dimension 2 of 11 : 0.5128680258277388  | time taken : 18.272075653076172
 Thread 4 estimated dimension 2 of 11 : 0.5127381034355281  | time taken : 18.218158960342407
 Thread 7 estimated dimension 1 of 11 : 0.35984567446719085  | time taken : 27.64239478111267
 Thread 6 estimated dimension 3 of 11 : 0.8061748500703941  | time taken : 11.47006893157959
 Thread 4 estimated dimension 3 of 11 : 0.799970576001614  | time taken : 11.621509075164795
 Thread 3 estimated dimension 2 of 11 : 0.5216807421749481  | time taken : 17.64038896560669
 Thread 5 estimated dimension 4 of 11 : 0.5249973272868721  | time taken : 17.55824375152588
 Thread 1 estimated dimension 4 of 11 : 0.45135538182594687  | time taken : 21.50232458114624
 Thread 7 estimated dimension 2 of 11 : 0.5112253316114701  | time taken : 18.98211407661438
 Thread 3 estimated dimension 3 of 11 : 0.792704212184792  | time taken : 11.51060700416565
 Thread 1 estimated dimension 5 of 11 : 0.9751426707177913  | time taken : 8.944416046142578
 Thread 5 estimated dimension 5 of 11 : 0.7320059150343913  | time taken : 11.95333743095398
 Thread 6 estimated dimension 4 of 11 : 0.47384478207493197  | time taken : 20.252137660980225
 Thread 4 estimated dimension 4 of 11 : 0.481113384561397  | time taken : 19.441567420959473
 Thread 7 estimated dimension 3 of 11 : 0.7957302106071041  | time taken : 11.200856924057007
 Thread 6 estimated dimension 5 of 11 : 0.9838356399912319  | time taken : 8.721474170684814
 Thread 4 estimated dimension 5 of 11 : 0.9920690623733454  | time taken : 8.984285354614258
 Thread 5 estimated dimension 6 of 11 : 0.6505950847021953  | time taken : 13.703357696533203
 Thread 3 estimated dimension 4 of 11 : 0.46432967435400113  | time taken : 20.500179529190063
 Thread 2 estimated dimension 3 of 11 : 0.18715935968001027  | time taken : 52.390530824661255
 Thread 7 estimated dimension 4 of 11 : 0.5343608742518636  | time taken : 18.471750259399414
 Thread 6 estimated dimension 6 of 11 : 0.6466127599107807  | time taken : 13.944267988204956
 Thread 4 estimated dimension 6 of 11 : 0.6385875181540553  | time taken : 13.834369421005249
 Thread 3 estimated dimension 5 of 11 : 1  | time taken : 8.263975858688354
 Thread 1 estimated dimension 6 of 11 : 0.31521283269846867  | time taken : 31.418612241744995
 Thread 7 estimated dimension 5 of 11 : 0.7509105765455143  | time taken : 11.85549807548523
 Thread 1 estimated dimension 7 of 11 : 1  | time taken : 8.212209939956665
 Thread 5 estimated dimension 7 of 11 : 0.36610293831467094  | time taken : 26.368812084197998
 Thread 2 estimated dimension 4 of 11 : 0.5163297473304812  | time taken : 17.21137022972107
 Thread 3 estimated dimension 6 of 11 : 0.6367395786226833  | time taken : 14.424771070480347
 Thread 5 estimated dimension 8 of 11 : 0.9880075994034826  | time taken : 8.149820804595947
 Thread 2 estimated dimension 5 of 11 : 0.9729531891383614  | time taken : 8.521042346954346
 Thread 7 estimated dimension 6 of 11 : 0.6384645338004952  | time taken : 14.154179811477661
 Thread 6 estimated dimension 7 of 11 : 0.36939076542944915  | time taken : 26.173235416412354
 Thread 4 estimated dimension 7 of 11 : 0.3687803923329447  | time taken : 25.80131220817566
 Thread 5 estimated dimension 9 of 11 : 1  | time taken : 8.020034551620483
 Thread 1 estimated dimension 8 of 11 : 0.4493295785507706  | time taken : 19.461299180984497
 Thread 2 estimated dimension 6 of 11 : 0.9904564432742125  | time taken : 8.189515113830566
 Thread 6 estimated dimension 8 of 11 : 0.9977067410075312  | time taken : 7.9597814083099365
 Thread 4 estimated dimension 8 of 11 : 1  | time taken : 8.04570746421814
 Thread 5 estimated dimension 10 of 11 : 1  | time taken : 8.389587163925171
 Thread 5 nsolns: 48725
 Thread 1 estimated dimension 9 of 11 : 0.9893579424103486  | time taken : 8.517340898513794
 Thread 2 estimated dimension 7 of 11 : 1  | time taken : 8.295547008514404
 Thread 3 estimated dimension 7 of 11 : 0.3618948083151609  | time taken : 25.886714935302734
 Thread 6 estimated dimension 9 of 11 : 0.9867206128257316  | time taken : 8.260671377182007
 Thread 4 estimated dimension 9 of 11 : 1  | time taken : 8.17581582069397
 Thread 2 estimated dimension 8 of 11 : 1  | time taken : 8.150043249130249
 Thread 1 estimated dimension 10 of 11 : 1  | time taken : 8.378248453140259
 Thread 1 nsolns: 47125
 Thread 3 estimated dimension 8 of 11 : 0.9931040594375324  | time taken : 8.387139081954956
 Thread 6 estimated dimension 10 of 11 : 1  | time taken : 8.120997905731201
 Thread 6 nsolns: 48529
 Thread 7 estimated dimension 7 of 11 : 0.3574066720448476  | time taken : 26.238582372665405
 Thread 4 estimated dimension 10 of 11 : 0.9877704916287313  | time taken : 8.695967674255371
 Thread 4 nsolns: 48282
 Thread 5 estimated dimension 0 of 11 : 0.6307940928929473  | time taken : 15.687049388885498
 Thread 2 estimated dimension 9 of 11 : 1  | time taken : 7.883750915527344
 Thread 3 estimated dimension 9 of 11 : 0.9874689589594636  | time taken : 8.413800477981567
 Thread 7 estimated dimension 8 of 11 : 0.9873344301109872  | time taken : 8.530567407608032
 Thread 2 estimated dimension 10 of 11 : 0.9943348146467976  | time taken : 8.357032060623169
 Thread 2 nsolns: 52871
 Thread 1 estimated dimension 0 of 11 : 0.6326055742414988  | time taken : 15.992380619049072
 Thread 6 estimated dimension 0 of 11 : 0.6464058426142663  | time taken : 15.282270193099976
 Thread 3 estimated dimension 10 of 11 : 1  | time taken : 8.281926155090332
 Thread 3 nsolns: 48455
 Thread 7 estimated dimension 9 of 11 : 0.9842488731555481  | time taken : 8.095415830612183
 Thread 7 estimated dimension 10 of 11 : 0.9913406833517849  | time taken : 8.5324227809906
 Thread 7 nsolns: 48759
 Thread 4 estimated dimension 0 of 11 : 0.35624382809093946  | time taken : 28.073853731155396
 Thread 2 estimated dimension 0 of 11 : 0.6226419338414748  | time taken : 15.3435800075531
 Thread 5 estimated dimension 1 of 11 : 0.36834198056169853  | time taken : 27.427873849868774
 Thread 3 estimated dimension 0 of 11 : 0.6359997913602734  | time taken : 15.5814847946167
 Thread 1 estimated dimension 1 of 11 : 0.36168838034318873  | time taken : 27.589420080184937
 Thread 7 estimated dimension 0 of 11 : 0.6349571172662104  | time taken : 16.109378337860107
 Thread 6 estimated dimension 1 of 11 : 0.36361241930241206  | time taken : 27.848750114440918
 Thread 4 estimated dimension 1 of 11 : 0.6412283378588729  | time taken : 15.08437180519104
 Thread 3 estimated dimension 1 of 11 : 0.6416943225393412  | time taken : 15.984001398086548
 Thread 5 estimated dimension 2 of 11 : 0.5177005826855011  | time taken : 18.112526416778564
 Thread 4 estimated dimension 2 of 11 : 0.9973776605746089  | time taken : 8.774858236312866
 Thread 2 estimated dimension 1 of 11 : 0.36498283122451664  | time taken : 27.299671173095703
 Thread 7 estimated dimension 1 of 11 : 0.6460122541559526  | time taken : 15.864857912063599
 Thread 5 estimated dimension 3 of 11 : 0.7839204188640992  | time taken : 11.62610936164856
 Thread 1 estimated dimension 2 of 11 : 0.5110505283810411  | time taken : 18.51504373550415
 Thread 6 estimated dimension 2 of 11 : 0.5086386223648992  | time taken : 18.050278186798096
 Thread 3 estimated dimension 2 of 11 : 0.7068840380810089  | time taken : 13.130765914916992
 Thread 7 estimated dimension 2 of 11 : 0.7207771793538874  | time taken : 13.698093891143799
 Thread 6 estimated dimension 3 of 11 : 0.8067455103814478  | time taken : 11.290298700332642
 Thread 1 estimated dimension 3 of 11 : 0.7972837844353337  | time taken : 11.86583662033081
 Thread 3 estimated dimension 3 of 11 : 0.7952670684906998  | time taken : 12.094863176345825
 Thread 2 estimated dimension 2 of 11 : 0.5132214089214692  | time taken : 17.89136505126953
 Thread 5 estimated dimension 4 of 11 : 0.46835385995515927  | time taken : 20.672444581985474
 Thread 7 estimated dimension 3 of 11 : 0.7992626144160966  | time taken : 11.969080448150635
 Thread 2 estimated dimension 3 of 11 : 0.7756926498189587  | time taken : 11.517094373703003
 Thread 5 estimated dimension 5 of 11 : 1  | time taken : 8.441351413726807
 Thread 6 estimated dimension 4 of 11 : 0.46733151111603116  | time taken : 20.391620635986328
 Thread 1 estimated dimension 4 of 11 : 0.47300860507232495  | time taken : 20.208360195159912
 Thread 3 estimated dimension 4 of 11 : 0.44415147609141375  | time taken : 20.834330081939697
 Thread 6 estimated dimension 5 of 11 : 1  | time taken : 8.491972923278809
 Thread 1 estimated dimension 5 of 11 : 1  | time taken : 8.665403842926025
 Thread 5 estimated dimension 6 of 11 : 0.6497584899423049  | time taken : 13.308942079544067
 Thread 3 estimated dimension 5 of 11 : 0.983091191272932  | time taken : 8.769151210784912
 Thread 2 estimated dimension 4 of 11 : 0.5547892390027087  | time taken : 17.750627279281616
 Thread 7 estimated dimension 4 of 11 : 0.4597532263720988  | time taken : 21.25926446914673exiting with current heads : 2704 out of 2706 | exp rv: 14435.107323032906

 Thread 4 estimated dimension 3 of 11 : 0.18739036291637787  | time taken : 54.28212356567383
 Thread 7 estimated dimension 5 of 11 : 1  | time taken : 9.025087594985962
 Thread 6 estimated dimension 6 of 11 : 0.6675595941503587  | time taken : 13.978948593139648
 Thread 1 estimated dimension 6 of 11 : 0.6444562965785836  | time taken : 14.418454885482788
 Thread 2 estimated dimension 5 of 11 : 0.7371145706463776  | time taken : 12.501220464706421
 Thread 4 estimated dimension 4 of 11 : 0.4696697808144082  | time taken : 18.511722087860107
 Thread 5 estimated dimension 7 of 11 : 0.36602331928964305  | time taken : 26.26345944404602
 Thread 2 estimated dimension 6 of 11 : 0.6395508991238806  | time taken : 14.06484603881836
 Thread 4 estimated dimension 5 of 11 : 1  | time taken : 8.10049033164978
 Thread 3 estimated dimension 6 of 11 : 0.3136523724690615  | time taken : 31.378182649612427
 Thread 5 estimated dimension 8 of 11 : 1  | time taken : 8.28005313873291
 Thread 3 estimated dimension 7 of 11 : 0.9933994884936997  | time taken : 7.743184328079224
 Thread 6 estimated dimension 7 of 11 : 0.36354990500931  | time taken : 27.03699040412903
 Thread 4 estimated dimension 6 of 11 : 0.9976450924868019  | time taken : 8.230889558792114
 Thread 1 estimated dimension 7 of 11 : 0.3589746425790356  | time taken : 26.198793649673462
 Thread 5 estimated dimension 9 of 11 : 0.9942223845777618  | time taken : 7.584827423095703
 Thread 7 estimated dimension 6 of 11 : 0.3135668597574945  | time taken : 31.895352602005005
 Thread 6 estimated dimension 8 of 11 : 0.9862084846608513  | time taken : 8.260387182235718
 Thread 1 estimated dimension 8 of 11 : 0.9872002591212636  | time taken : 8.345515727996826
 Thread 4 estimated dimension 7 of 11 : 0.9708025447601265  | time taken : 8.412087678909302
 Thread 5 estimated dimension 10 of 11 : 1  | time taken : 8.411631345748901
 Thread 5 nsolns: 48460
 Thread 7 estimated dimension 7 of 11 : 0.9915806290010075  | time taken : 8.580400943756104
 Thread 2 estimated dimension 7 of 11 : 0.36124170394875227  | time taken : 25.899587869644165
 Thread 6 estimated dimension 9 of 11 : 0.9949788409638304  | time taken : 8.067873477935791
 Thread 1 estimated dimension 9 of 11 : 1  | time taken : 8.17627501487732
 Thread 3 estimated dimension 8 of 11 : 0.4566891881005537  | time taken : 19.35181999206543
 Thread 2 estimated dimension 8 of 11 : 0.9786790158901923  | time taken : 8.579467535018921
 Thread 6 estimated dimension 10 of 11 : 0.996871280582064  | time taken : 8.152826070785522
 Thread 6 nsolns: 48415
 Thread 1 estimated dimension 10 of 11 : 0.9819648932044287  | time taken : 8.375201940536499
 Thread 1 nsolns: 48414
 Thread 4 estimated dimension 8 of 11 : 0.5325268042961654  | time taken : 18.081258535385132
 Thread 5 estimated dimension 0 of 11 : 0.6200010473335781  | time taken : 15.361863374710083
 Thread 3 estimated dimension 9 of 11 : 1  | time taken : 8.196205139160156
 Thread 7 estimated dimension 8 of 11 : 0.46522159013898745  | time taken : 19.357930898666382
 Thread 2 estimated dimension 9 of 11 : 0.9810789312858283  | time taken : 8.338727474212646
 Thread 4 estimated dimension 9 of 11 : 1  | time taken : 8.232097148895264
 Thread 3 estimated dimension 10 of 11 : 1  | time taken : 8.351778030395508
 Thread 3 nsolns: 47261
 Thread 7 estimated dimension 9 of 11 : 1  | time taken : 8.28466010093689
 Thread 2 estimated dimension 10 of 11 : 1  | time taken : 8.30177640914917
 Thread 2 nsolns: 48640
 Thread 6 estimated dimension 0 of 11 : 0.6147936872290936  | time taken : 15.951358079910278
 Thread 1 estimated dimension 0 of 11 : 0.6317105779328578  | time taken : 15.728310346603394
 Thread 5 estimated dimension 1 of 11 : 0.6468896850203203  | time taken : 15.504252910614014
 Thread 4 estimated dimension 10 of 11 : 0.9722865974956586  | time taken : 8.201896667480469
 Thread 4 nsolns: 53034
 Thread 7 estimated dimension 10 of 11 : 1  | time taken : 8.226984977722168
 Thread 7 nsolns: 47125
 Thread 3 estimated dimension 0 of 11 : 0.6343847581148748  | time taken : 15.894506931304932
 Thread 5 estimated dimension 2 of 11 : 0.7380824661106438  | time taken : 13.674700021743774
 Thread 2 estimated dimension 0 of 11 : 0.6253308909366526  | time taken : 16.107517957687378
 Thread 6 estimated dimension 1 of 11 : 0.6654944456237725  | time taken : 16.04290795326233
 Thread 4 estimated dimension 0 of 11 : 0.6463513367809498  | time taken : 15.666137456893921
 Thread 7 estimated dimension 0 of 11 : 0.631194815594725  | time taken : 15.603089809417725
 Thread 3 estimated dimension 1 of 11 : 0.6449976771215192  | time taken : 15.936378240585327
 Thread 1 estimated dimension 1 of 11 : 0.36566879849326783  | time taken : 26.990711450576782
 Thread 5 estimated dimension 3 of 11 : 0.7897218677528549  | time taken : 12.470814228057861
 Thread 6 estimated dimension 2 of 11 : 0.7099397062490647  | time taken : 13.138290882110596
 Thread 3 estimated dimension 2 of 11 : 0.7174302486640306  | time taken : 13.088853597640991
 Thread 6 estimated dimension 3 of 11 : 0.7550843411473602  | time taken : 12.34127140045166
 Thread 2 estimated dimension 1 of 11 : 0.3636101836874349  | time taken : 27.27363157272339
 Thread 4 estimated dimension 1 of 11 : 0.3656214363647286  | time taken : 26.81940221786499
 Thread 1 estimated dimension 2 of 11 : 0.513590532587408  | time taken : 18.292514324188232
 Thread 5 estimated dimension 4 of 11 : 0.447738590051916  | time taken : 20.72222089767456
 Thread 7 estimated dimension 1 of 11 : 0.35995645501523355  | time taken : 27.939009428024292
 Thread 1 estimated dimension 3 of 11 : 0.8131345592602859  | time taken : 11.545166492462158
 Thread 5 estimated dimension 5 of 11 : 0.9744179549689889  | time taken : 8.604980945587158
 Thread 2 estimated dimension 2 of 11 : 0.5190349562201652  | time taken : 17.87355065345764
 Thread 6 estimated dimension 4 of 11 : 0.4361913632762171  | time taken : 21.416075229644775
 Thread 4 estimated dimension 2 of 11 : 0.5188160648829624  | time taken : 18.13427186012268
 Thread 7 estimated dimension 2 of 11 : 0.5312419137115879  | time taken : 18.546555042266846
 Thread 6 estimated dimension 5 of 11 : 1  | time taken : 8.567307949066162
 Thread 2 estimated dimension 3 of 11 : 0.7925296060929293  | time taken : 11.693551063537598
 Thread 4 estimated dimension 3 of 11 : 0.8136985742751145  | time taken : 11.523348093032837
 Thread 1 estimated dimension 4 of 11 : 0.5371151522582085  | time taken : 18.225921869277954
 Thread 7 estimated dimension 3 of 11 : 0.8355696210044943  | time taken : 11.614723920822144
 Thread 3 estimated dimension 3 of 11 : 0.2241986495957964  | time taken : 46.54374885559082
 Thread 1 estimated dimension 5 of 11 : 0.7311420424698162  | time taken : 11.981935739517212
 Thread 5 estimated dimension 6 of 11 : 0.3124334197807419  | time taken : 31.539390802383423
 Thread 2 estimated dimension 4 of 11 : 0.46869593041359264  | time taken : 20.242132663726807
 Thread 4 estimated dimension 4 of 11 : 0.4793889764962322  | time taken : 19.883907556533813
 Thread 5 estimated dimension 7 of 11 : 0.9962011764936745  | time taken : 8.33043098449707
 Thread 1 estimated dimension 6 of 11 : 0.6454910440077947  | time taken : 14.019464254379272
 Thread 2 estimated dimension 5 of 11 : 1  | time taken : 8.604976654052734
 Thread 7 estimated dimension 4 of 11 : 0.4709379259840267  | time taken : 20.186091899871826
 Thread 6 estimated dimension 6 of 11 : 0.3166673134318062  | time taken : 30.69989037513733
 Thread 4 estimated dimension 5 of 11 : 1  | time taken : 8.63403058052063
 Thread 3 estimated dimension 4 of 11 : 0.4216368232124741  | time taken : 21.99313473701477
 Thread 7 estimated dimension 5 of 11 : 0.9910377267637968  | time taken : 8.539948463439941
 Thread 6 estimated dimension 7 of 11 : 0.9695983594298506  | time taken : 8.444982528686523
 Thread 2 estimated dimension 6 of 11 : 0.6467208676248103  | time taken : 14.097344636917114
 Thread 5 estimated dimension 8 of 11 : 0.4560251545742251  | time taken : 18.944257736206055
 Thread 3 estimated dimension 5 of 11 : 0.9767704501899497  | time taken : 8.476414442062378
 Thread 4 estimated dimension 6 of 11 : 0.6470785583591946  | time taken : 14.208356857299805
 Thread 5 estimated dimension 9 of 11 : 0.9916288870120832  | time taken : 8.345412492752075
 Thread 7 estimated dimension 6 of 11 : 0.6529388099729725  | time taken : 13.855650186538696
 Thread 3 estimated dimension 6 of 11 : 1  | time taken : 8.528421640396118
 Thread 1 estimated dimension 7 of 11 : 0.36520432439601563  | time taken : 26.793245315551758
 Thread 6 estimated dimension 8 of 11 : 0.4579123624880997  | time taken : 19.83723258972168
 Thread 5 estimated dimension 10 of 11 : 0.9806146107198284  | time taken : 8.5860435962677
 Thread 5 nsolns: 47255
 Thread 3 estimated dimension 7 of 11 : 1  | time taken : 8.213746070861816
 Thread 1 estimated dimension 8 of 11 : 1  | time taken : 8.358206033706665
 Thread 6 estimated dimension 9 of 11 : 1  | time taken : 8.461660861968994
 Thread 2 estimated dimension 7 of 11 : 0.36495695686552027  | time taken : 27.021620273590088
 Thread 4 estimated dimension 7 of 11 : 0.36099755048844656  | time taken : 26.731875896453857
 Thread 1 estimated dimension 9 of 11 : 1  | time taken : 8.13662338256836
 Thread 6 estimated dimension 10 of 11 : 0.9890873885530339  | time taken : 8.135154485702515
 Thread 6 nsolns: 47266
 Thread 3 estimated dimension 8 of 11 : 0.6679690700373454  | time taken : 14.187688827514648
 Thread 5 estimated dimension 0 of 11 : 0.631374774085375  | time taken : 15.37492823600769
 Thread 2 estimated dimension 8 of 11 : 0.9947387367544166  | time taken : 8.391099214553833
 Thread 7 estimated dimension 7 of 11 : 0.3761050585209748  | time taken : 26.723135232925415
 Thread 4 estimated dimension 8 of 11 : 0.9785009340699793  | time taken : 8.059763431549072
 Thread 1 estimated dimension 10 of 11 : 0.9925905192032399  | time taken : 7.9703428745269775
 Thread 1 nsolns: 48787
 Thread 3 estimated dimension 9 of 11 : 0.998173022498484  | time taken : 8.556879043579102
 Thread 2 estimated dimension 9 of 11 : 0.9982705906342642  | time taken : 8.390293598175049
 Thread 7 estimated dimension 8 of 11 : 1  | time taken : 8.354365348815918
 Thread 4 estimated dimension 9 of 11 : 1  | time taken : 8.453940868377686
 Thread 6 estimated dimension 0 of 11 : 0.612627368775087  | time taken : 15.6478853225708
 Thread 5 estimated dimension 1 of 11 : 0.6339102999401522  | time taken : 15.848681926727295
 Thread 7 estimated dimension 9 of 11 : 0.9823255006816507  | time taken : 8.06703805923462
 Thread 2 estimated dimension 10 of 11 : 0.9903186027105056  | time taken : 8.48385739326477
 Thread 2 nsolns: 48402
 Thread 1 estimated dimension 0 of 11 : 0.6167185641733962  | time taken : 16.023028135299683
 Thread 4 estimated dimension 10 of 11 : 0.9966312603201047  | time taken : 8.299465656280518
 Thread 4 nsolns: 48429
 Thread 3 estimated dimension 10 of 11 : 0.49569713865480836  | time taken : 19.33857297897339
 Thread 7 estimated dimension 10 of 11 : 1  | time taken : 8.357101678848267
 Thread 3 nsolns: 51382
 Thread 7 nsolns: 48460
 Thread 5 estimated dimension 2 of 11 : 0.7286031216234031  | time taken : 13.442416191101074
 Thread 2 estimated dimension 0 of 11 : 0.6390126755198446  | time taken : 15.843550443649292
 Thread 4 estimated dimension 0 of 11 : 0.6274231339086549  | time taken : 15.346097946166992
 Thread 6 estimated dimension 1 of 11 : 0.36286873661417146  | time taken : 27.163150548934937
 Thread 3 estimated dimension 0 of 11 : 0.6185260298205932  | time taken : 15.57630467414856
 Thread 7 estimated dimension 0 of 11 : 0.632201118352092  | time taken : 16.297319889068604
 Thread 1 estimated dimension 1 of 11 : 0.36975482706070645  | time taken : 27.73135805130005
 Thread 6 estimated dimension 2 of 11 : 0.5140538038740422  | time taken : 18.05241107940674
 Thread 4 estimated dimension 1 of 11 : 0.36492219350152283  | time taken : 27.267698764801025
 Thread 2 estimated dimension 1 of 11 : 0.3720143573261099  | time taken : 28.410310983657837
 Thread 1 estimated dimension 2 of 11 : 0.5251308770898092  | time taken : 18.521792888641357
 Thread 3 estimated dimension 1 of 11 : 0.36213995654828024  | time taken : 27.206382989883423
 Thread 6 estimated dimension 3 of 11 : 0.8302280541757793  | time taken : 11.147719860076904
 Thread 7 estimated dimension 1 of 11 : 0.36356977763698156  | time taken : 27.163582801818848
 Thread 5 estimated dimension 3 of 11 : 0.22248105657564501  | time taken : 45.77910780906677
 Thread 1 estimated dimension 3 of 11 : 0.8031789916300078  | time taken : 11.516234159469604
 Thread 2 estimated dimension 2 of 11 : 0.5331578391877488  | time taken : 17.157480716705322
 Thread 4 estimated dimension 2 of 11 : 0.5163564415695535  | time taken : 18.257285356521606
 Thread 3 estimated dimension 2 of 11 : 0.5181964319695189  | time taken : 18.075904607772827
 Thread 7 estimated dimension 2 of 11 : 0.5143593382263124  | time taken : 18.3676495552063
 Thread 6 estimated dimension 4 of 11 : 0.466614543485469  | time taken : 20.368155241012573
 Thread 2 estimated dimension 3 of 11 : 0.8063295563251716  | time taken : 11.914054870605469
 Thread 4 estimated dimension 3 of 11 : 0.7965238666311635  | time taken : 11.814998626708984
 Thread 5 estimated dimension 4 of 11 : 0.42096740284483825  | time taken : 22.45004391670227
 Thread 1 estimated dimension 4 of 11 : 0.4660204370409679  | time taken : 20.006471633911133
 Thread 6 estimated dimension 5 of 11 : 0.9775181842509043  | time taken : 8.398485660552979
 Thread 3 estimated dimension 3 of 11 : 0.8081884065596898  | time taken : 11.290280103683472
 Thread 7 estimated dimension 3 of 11 : 0.8100733851306111  | time taken : 10.844850540161133
 Thread 5 estimated dimension 5 of 11 : 0.9938388795662247  | time taken : 8.425570964813232
 Thread 1 estimated dimension 5 of 11 : 0.9827544288933084  | time taken : 8.591228485107422
 Thread 2 estimated dimension 4 of 11 : 0.5349301928729369  | time taken : 17.651113986968994
 Thread 4 estimated dimension 4 of 11 : 0.5437763437701417  | time taken : 18.03968119621277
 Thread 6 estimated dimension 6 of 11 : 0.6364883520831817  | time taken : 14.393519163131714
 Thread 5 estimated dimension 6 of 11 : 0.9873028335367502  | time taken : 8.262088537216187
 Thread 7 estimated dimension 4 of 11 : 0.5376266321334499  | time taken : 17.422637939453125
 Thread 3 estimated dimension 4 of 11 : 0.4749001981469235  | time taken : 19.867555141448975
 Thread 1 estimated dimension 6 of 11 : 0.6457075837468826  | time taken : 14.379443168640137
 Thread 2 estimated dimension 5 of 11 : 0.7543652158684513  | time taken : 11.669515609741211
 Thread 5 estimated dimension 7 of 11 : 0.9827365622282488  | time taken : 8.419523000717163
 Thread 4 estimated dimension 5 of 11 : 0.7387271662709131  | time taken : 11.701696872711182
 Thread 3 estimated dimension 5 of 11 : 0.9776571702926934  | time taken : 8.756726741790771
 Thread 7 estimated dimension 5 of 11 : 0.7348280488900578  | time taken : 12.133325099945068
 Thread 2 estimated dimension 6 of 11 : 0.6284346047976429  | time taken : 14.20190167427063
 Thread 5 estimated dimension 8 of 11 : 0.6656317872537011  | time taken : 13.843054056167603
 Thread 4 estimated dimension 6 of 11 : 0.6705081338698512  | time taken : 14.595430135726929
 Thread 6 estimated dimension 7 of 11 : 0.35791785038504287  | time taken : 25.3403480052948
 Thread 3 estimated dimension 6 of 11 : 0.6615533701612919  | time taken : 13.993708372116089
 Thread 7 estimated dimension 6 of 11 : 0.649359511921307  | time taken : 13.509130001068115
 Thread 5 estimated dimension 9 of 11 : 0.9956068129436955  | time taken : 8.486575841903687
 Thread 1 estimated dimension 7 of 11 : 0.3656524259209142  | time taken : 26.4223153591156
 Thread 6 estimated dimension 8 of 11 : 1  | time taken : 8.165426254272461
 Thread 1 estimated dimension 8 of 11 : 1  | time taken : 8.603506326675415
 Thread 6 estimated dimension 9 of 11 : 0.971525209234933  | time taken : 8.442473888397217
 Thread 2 estimated dimension 7 of 11 : 0.36127141615682185  | time taken : 26.51822566986084
 Thread 5 estimated dimension 10 of 11 : 0.5072969947089996  | time taken : 17.866093158721924
 Thread 5 nsolns: 51187
 Thread 4 estimated dimension 7 of 11 : 0.3665815583250871  | time taken : 25.852147102355957
 Thread 1 estimated dimension 9 of 11 : 1  | time taken : 7.992717742919922
 Thread 6 estimated dimension 10 of 11 : 1  | time taken : 8.229671478271484
 Thread 6 nsolns: 48443
 Thread 7 estimated dimension 7 of 11 : 0.36623574915367885  | time taken : 23.677611827850342
 Thread 3 estimated dimension 7 of 11 : 0.3641749327839031  | time taken : 24.873777151107788
 Thread 2 estimated dimension 8 of 11 : 1  | time taken : 6.171853542327881
 Thread 4 estimated dimension 8 of 11 : 0.9704037842142771  | time taken : 5.737008571624756
 Thread 1 estimated dimension 10 of 11 : 0.9947504197935758  | time taken : 5.586174011230469
 Thread 1 nsolns: 48485
 Thread 7 estimated dimension 8 of 11 : 1  | time taken : 6.323426961898804
 Thread 3 estimated dimension 8 of 11 : 1  | time taken : 6.272202014923096
 Thread 2 estimated dimension 9 of 11 : 1  | time taken : 5.5479278564453125
 Thread 4 estimated dimension 9 of 11 : 1  | time taken : 5.41699743270874
 Thread 3 estimated dimension 9 of 11 : 1  | time taken : 5.723258972167969
 Thread 7 estimated dimension 9 of 11 : 1  | time taken : 6.135378122329712
 Thread 2 estimated dimension 10 of 11 : 0.994192189574346  | time taken : 5.917904853820801
 Thread 2 nsolns: 48640
 Thread 4 estimated dimension 10 of 11 : 1  | time taken : 5.825160980224609
 Thread 1 estimated dimension 0 of 11 : 0.6192960534652293  | time taken : 11.07734751701355
 Thread 4 nsolns: 48761
 Thread 3 estimated dimension 10 of 11 : 0.9729253215684797  | time taken : 4.047495126724243
 Thread 3 nsolns: 48529
 Thread 7 estimated dimension 10 of 11 : 0.9880220693740901  | time taken : 3.5917530059814453
 Thread 7 nsolns: 48775
 Thread 1 estimated dimension 1 of 11 : 0.35506914257899186  | time taken : 6.768515348434448
 Thread 1 estimated dimension 2 of 11 : 0.5138192183994209  | time taken : 3.647355794906616
 Thread 1 estimated dimension 3 of 11 : 0.8135579089502681  | time taken : 2.230865478515625
 Thread 1 estimated dimension 4 of 11 : 0.5300489043428179  | time taken : 3.3988893032073975
 Thread 1 estimated dimension 5 of 11 : 0.7546827287837271  | time taken : 2.3539834022521973
 Thread 1 estimated dimension 6 of 11 : 0.6464302173247206  | time taken : 2.75723934173584
 Thread 1 estimated dimension 7 of 11 : 0.3619964119555984  | time taken : 5.079869508743286
 Thread 1 estimated dimension 8 of 11 : 1  | time taken : 1.6502861976623535
 Thread 1 estimated dimension 9 of 11 : 0.9897025663391786  | time taken : 1.636434555053711
 Thread 1 estimated dimension 10 of 11 : 1  | time taken : 1.6506268978118896
 Thread 1 nsolns: 48806
 estimated weights : [0.008849540481257906, 0.010592020229052567, 0.009819896517148477, 0.009487745607429075, 0.00845096476125639, 0.010792866081241054, 0.011251291070225313, 0.014279622804089287, 0.008241928027483022, 0.010397367154594436, 0.009375927282026872, 0.009521208203017632, 0.010843492066497103, 0.013565458265977243, 0.012850333722122097, 0.01049903706904855, 0.010561311857793226, 0.014155689562939076, 0.010341402516312955, 0.010204180099818265, 0.010292808967461289, 0.013718897177513864, 0.008723628596124574, 0.008261706244157589, 0.015013756615693694, 0.014279730566135488, 0.011528818951045985, 0.011064776636698121, 0.008679873879075128, 0.010357953005712822, 0.008866183448024102, 0.009780979169372773, 0.00980097159323561, 0.008517184552151624, 0.011030484094966285, 0.014189366323939018, 0.014399527445258695, 0.010276688522745223, 0.010086777493809082, 0.00884874969056059, 0.007849423041883888, 0.010921975306850273, 0.009201793679934742, 0.014274914724574077, 0.010074605661694824, 0.01007044694045492, 0.011013455227684363, 0.009919662829745187, 0.008042348902712567, 0.010442580355631486, 0.010700170060463678, 0.009889443434994124, 0.014254910586526285, 0.008207019956727384, 0.010055468529722672, 0.01571514949565786, 0.01407707317511288, 0.013303930571183977, 0.008864431732786681, 0.010175130130340028, 0.010894876947218237, 0.008958456825493616, 0.011354794901243618, 0.00885391302406086, 0.009577737675164235, 0.010345446022474253, 0.009308514048092522, 0.009022787361344787, 0.010209038529157957, 0.00889023237472167, 0.008515713137234699]
