numSolutions: 82 k : 2453
10 82 0.03162277660168379 0.00012195121951219512

 Thread 4 estimated dimension 0 of 10 : 0.5013875883480529  | time taken : 6.207656621932983
 Thread 1 estimated dimension 0 of 10 : 0.49893414750522225  | time taken : 6.705320596694946
 Thread 6 estimated dimension 0 of 10 : 0.5057578418280372  | time taken : 7.027160882949829
 Thread 7 estimated dimension 0 of 10 : 0.4978078336798663  | time taken : 7.202919006347656
 Thread 2 estimated dimension 0 of 10 : 0.48246578041767646  | time taken : 7.615312576293945
 Thread 3 estimated dimension 0 of 10 : 0.5028584002513325  | time taken : 7.655706882476807
 Thread 5 estimated dimension 0 of 10 : 0.4980283230668928  | time taken : 9.313586711883545
 Thread 2 estimated dimension 1 of 10 : 0.7304148623315166  | time taken : 4.784686803817749
 Thread 7 estimated dimension 1 of 10 : 0.5486992159600085  | time taken : 8.653921127319336
 Thread 7 estimated dimension 2 of 10 : 1  | time taken : 1.3767969608306885
 Thread 4 estimated dimension 1 of 10 : 0.4358131463558665  | time taken : 14.721766948699951
 Thread 5 estimated dimension 1 of 10 : 0.43433667730213477  | time taken : 13.191416501998901
 Thread 6 estimated dimension 1 of 10 : 0.4432686015237794  | time taken : 15.644360780715942
 Thread 1 estimated dimension 1 of 10 : 0.4310816003227307  | time taken : 16.37415337562561
 Thread 3 estimated dimension 1 of 10 : 0.4505523136772313  | time taken : 16.285858392715454
 Thread 5 estimated dimension 2 of 10 : 0.4823630101060441  | time taken : 8.192056655883789
 Thread 2 estimated dimension 2 of 10 : 0.30601907652472404  | time taken : 20.74402403831482
 Thread 6 estimated dimension 2 of 10 : 0.5118367482234046  | time taken : 10.74799394607544
 Thread 1 estimated dimension 2 of 10 : 0.49456175500334254  | time taken : 11.027832984924316
 Thread 5 estimated dimension 3 of 10 : 0.7266477712255376  | time taken : 5.587644577026367
 Thread 4 estimated dimension 2 of 10 : 0.5098707418524405  | time taken : 15.8457670211792
 Thread 6 estimated dimension 3 of 10 : 0.7560086302863657  | time taken : 4.885934114456177
 Thread 2 estimated dimension 3 of 10 : 0.7345425125769391  | time taken : 5.520750284194946
 Thread 3 estimated dimension 2 of 10 : 0.5002909986485308  | time taken : 16.050445795059204
 Thread 1 estimated dimension 3 of 10 : 0.7491569171127077  | time taken : 5.591364860534668
 Thread 7 estimated dimension 3 of 10 : 0.2681753968031664  | time taken : 28.227553606033325
 Thread 7 estimated dimension 4 of 10 : 1  | time taken : 1.2577674388885498
 Thread 5 estimated dimension 4 of 10 : 0.5898936695858567  | time taken : 11.353973150253296
 Thread 3 estimated dimension 3 of 10 : 0.7507869132848364  | time taken : 5.449985027313232
 Thread 6 estimated dimension 4 of 10 : 0.6037215778776233  | time taken : 11.657304286956787
 Thread 2 estimated dimension 4 of 10 : 0.5935345247588135  | time taken : 11.565686464309692
 Thread 1 estimated dimension 4 of 10 : 0.5947653706676805  | time taken : 8.85484766960144
 Thread 5 estimated dimension 5 of 10 : 0.6803348201630983  | time taken : 6.198914051055908
 Thread 5 estimated dimension 6 of 10 : 0.9691276202728892  | time taken : 1.2105712890625
 Thread 7 estimated dimension 5 of 10 : 0.515650584216259  | time taken : 7.880712270736694
 Thread 2 estimated dimension 5 of 10 : 0.6914742524531307  | time taken : 5.208633899688721
 Thread 6 estimated dimension 5 of 10 : 0.7070259726059068  | time taken : 5.244362831115723
 Thread 5 estimated dimension 7 of 10 : 1  | time taken : 1.1224405765533447
 Thread 1 estimated dimension 5 of 10 : 0.7064101703315775  | time taken : 5.895736217498779
 Thread 2 estimated dimension 6 of 10 : 1  | time taken : 2.0377538204193115
 Thread 6 estimated dimension 6 of 10 : 0.9930228121597526  | time taken : 2.188504934310913
 Thread 1 estimated dimension 6 of 10 : 1  | time taken : 1.3951146602630615
 Thread 2 estimated dimension 7 of 10 : 1  | time taken : 1.3025522232055664
 Thread 6 estimated dimension 7 of 10 : 0.9794689692092343  | time taken : 1.3521807193756104
 Thread 1 estimated dimension 7 of 10 : 1  | time taken : 1.6988153457641602
 Thread 4 estimated dimension 3 of 10 : 0.270072915871075  | time taken : 26.37712264060974
 Thread 3 estimated dimension 4 of 10 : 0.40856262709785485  | time taken : 15.288906574249268
 Thread 4 estimated dimension 4 of 10 : 0.9631743571864354  | time taken : 1.2262392044067383
 Thread 7 estimated dimension 6 of 10 : 0.5998700098760993  | time taken : 9.646605491638184
 Thread 5 estimated dimension 8 of 10 : 0.6058159642710126  | time taken : 9.3914053440094
 Thread 2 estimated dimension 8 of 10 : 0.6315119665226098  | time taken : 8.152843236923218
 Thread 6 estimated dimension 8 of 10 : 0.6127627760807076  | time taken : 8.914577007293701
 Thread 1 estimated dimension 8 of 10 : 0.6004273205544101  | time taken : 9.551636219024658
 Thread 4 estimated dimension 5 of 10 : 0.5062985241906782  | time taken : 9.28072738647461
 Thread 7 estimated dimension 7 of 10 : 0.501292941257598  | time taken : 9.726600408554077
 Thread 5 estimated dimension 9 of 10 : 0.5105389896338811  | time taken : 8.920893669128418
 Thread 5 nsolns: 40143
 Thread 4 estimated dimension 6 of 10 : 0.9949124220293271  | time taken : 1.2246370315551758
 Thread 7 estimated dimension 8 of 10 : 0.9984142941202804  | time taken : 1.2175614833831787
 Thread 4 estimated dimension 7 of 10 : 1  | time taken : 1.3801655769348145
 Thread 2 estimated dimension 9 of 10 : 0.5030574488782189  | time taken : 8.486263751983643
 Thread 6 estimated dimension 9 of 10 : 0.5070646860572969  | time taken : 7.563008069992065
 Thread 2 nsolns: 40892
 Thread 6 nsolns: 40143
 Thread 1 estimated dimension 9 of 10 : 0.508459855642665  | time taken : 6.334527969360352
 Thread 7 estimated dimension 9 of 10 : 1  | time taken : 1.3817002773284912
 Thread 1 nsolns: 40143
 Thread 4 estimated dimension 8 of 10 : 0.9792088453834189  | time taken : 1.3727471828460693
 Thread 7 nsolns: 41954
 Thread 3 estimated dimension 5 of 10 : 0.38060180119662523  | time taken : 15.29641056060791
 Thread 4 estimated dimension 9 of 10 : 1  | time taken : 1.688338279724121
 Thread 4 nsolns: 41561
 Thread 3 estimated dimension 6 of 10 : 1  | time taken : 2.207563638687134
 Thread 3 estimated dimension 7 of 10 : 0.9979677092038035  | time taken : 1.2192468643188477
 Thread 3 estimated dimension 8 of 10 : 0.9794702683289443  | time taken : 1.3207054138183594
 Thread 3 estimated dimension 9 of 10 : 1  | time taken : 1.1472907066345215
 Thread 3 nsolns: 40788
 Thread 5 estimated dimension 0 of 10 : 0.4892200456290812  | time taken : 10.616020679473877
 Thread 6 estimated dimension 0 of 10 : 0.503943363798232  | time taken : 9.132503271102905
 Thread 2 estimated dimension 0 of 10 : 0.5040312318070389  | time taken : 9.689999103546143
 Thread 1 estimated dimension 0 of 10 : 0.49422442906976766  | time taken : 11.416816234588623
 Thread 7 estimated dimension 0 of 10 : 0.4872241883354633  | time taken : 11.390423059463501
 Thread 4 estimated dimension 0 of 10 : 0.5034193295528083  | time taken : 10.007434129714966
 Thread 5 estimated dimension 1 of 10 : 0.7101920775920676  | time taken : 5.31300163269043
 Thread 2 estimated dimension 1 of 10 : 0.7371319078674029  | time taken : 5.562229871749878
 Thread 1 estimated dimension 1 of 10 : 0.7459104511510658  | time taken : 5.502646207809448
 Thread 7 estimated dimension 1 of 10 : 0.747425244434172  | time taken : 5.215731382369995
 Thread 4 estimated dimension 1 of 10 : 0.7320305241202638  | time taken : 4.530707836151123
 Thread 3 estimated dimension 0 of 10 : 0.4880996335310491  | time taken : 9.913926362991333
 Thread 5 estimated dimension 2 of 10 : 0.7001376562325422  | time taken : 4.979686737060547
 Thread 2 estimated dimension 2 of 10 : 0.6957790392384865  | time taken : 5.787464380264282
 Thread 6 estimated dimension 1 of 10 : 0.43399224605867637  | time taken : 17.04931092262268
 Thread 7 estimated dimension 2 of 10 : 0.6934032435661747  | time taken : 11.4160897731781
 Thread 2 estimated dimension 3 of 10 : 0.7301759884765631  | time taken : 10.313917875289917
 Thread 7 estimated dimension 3 of 10 : 0.7490994688162598  | time taken : 5.75810980796814
 Thread 6 estimated dimension 2 of 10 : 0.49875290550554774  | time taken : 10.653259754180908
 Thread 2 estimated dimension 4 of 10 : 0.5791203007920953  | time taken : 8.385217189788818
 Thread 7 estimated dimension 4 of 10 : 0.6019408130009924  | time taken : 8.927055358886719
 Thread 1 estimated dimension 2 of 10 : 0.311302614136695  | time taken : 27.664371967315674
 Thread 3 estimated dimension 1 of 10 : 0.2637147848244106  | time taken : 27.37251615524292
 Thread 2 estimated dimension 5 of 10 : 0.6947912644560452  | time taken : 6.395814895629883
 Thread 3 estimated dimension 2 of 10 : 1  | time taken : 1.3453192710876465
 Thread 4 estimated dimension 2 of 10 : 0.31262268734478993  | time taken : 30.097145318984985
 Thread 5 estimated dimension 3 of 10 : 0.26863459603896045  | time taken : 28.860045909881592
 Thread 5 estimated dimension 4 of 10 : 1  | time taken : 1.6136174201965332
 Thread 7 estimated dimension 5 of 10 : 0.6993344030523886  | time taken : 5.754993677139282
 Thread 1 estimated dimension 3 of 10 : 0.7626518294976005  | time taken : 5.768878936767578
 Thread 4 estimated dimension 3 of 10 : 0.7484159646690095  | time taken : 4.895922660827637
 Thread 3 estimated dimension 3 of 10 : 0.7566709279948568  | time taken : 5.746096849441528
 Thread 2 estimated dimension 6 of 10 : 0.6198498223552222  | time taken : 7.9603431224823
 Thread 6 estimated dimension 3 of 10 : 0.26902019428002194  | time taken : 22.51851511001587
 Thread 5 estimated dimension 5 of 10 : 0.5202556344310004  | time taken : 8.792277336120605
 Thread 1 estimated dimension 4 of 10 : 0.5861149576174347  | time taken : 8.754703760147095
 Thread 6 estimated dimension 4 of 10 : 1  | time taken : 1.7432329654693604
 Thread 4 estimated dimension 4 of 10 : 0.5833369830603116  | time taken : 8.616170167922974
 Thread 2 estimated dimension 7 of 10 : 0.4981010489423508  | time taken : 9.453241348266602
 Thread 1 estimated dimension 5 of 10 : 0.6885688244365402  | time taken : 6.401686668395996
 Thread 5 estimated dimension 6 of 10 : 0.6139542485394273  | time taken : 8.199592590332031
 Thread 1 estimated dimension 6 of 10 : 0.9889809694813327  | time taken : 1.1381638050079346
 Thread 7 estimated dimension 6 of 10 : 0.3732046799190607  | time taken : 17.3062424659729
 Thread 3 estimated dimension 4 of 10 : 0.414665728641745  | time taken : 15.272160053253174
 Thread 1 estimated dimension 7 of 10 : 1  | time taken : 1.230755090713501
 Thread 6 estimated dimension 5 of 10 : 0.5124176569717223  | time taken : 8.567798614501953
 Thread 7 estimated dimension 7 of 10 : 0.9881752882110418  | time taken : 1.5728132724761963
 Thread 6 estimated dimension 6 of 10 : 1  | time taken : 1.741029977798462
 Thread 2 estimated dimension 8 of 10 : 0.6290952462701563  | time taken : 8.511627197265625
 Thread 6 estimated dimension 7 of 10 : 0.9735034208811103  | time taken : 1.3514459133148193
 Thread 6 estimated dimension 8 of 10 : 1  | time taken : 1.770857810974121
 Thread 5 estimated dimension 7 of 10 : 0.5111223539941064  | time taken : 9.124174118041992
 Thread 6 estimated dimension 9 of 10 : 0.9994364427493985  | time taken : 0.8094387054443359
 Thread 6 nsolns: 41633
 Thread 4 estimated dimension 5 of 10 : 0.31778367773263  | time taken : 15.33057188987732
 Thread 3 estimated dimension 5 of 10 : 0.6131145001195896  | time taken : 8.684139728546143
 Thread 1 estimated dimension 8 of 10 : 0.609022620862479  | time taken : 8.477283954620361
 Thread 5 estimated dimension 8 of 10 : 1  | time taken : 1.293503999710083
 Thread 4 estimated dimension 6 of 10 : 1  | time taken : 1.7948360443115234
 Thread 7 estimated dimension 8 of 10 : 0.6163336296264305  | time taken : 9.694725275039673
 Thread 3 estimated dimension 6 of 10 : 1  | time taken : 2.398606061935425
 Thread 5 estimated dimension 9 of 10 : 1  | time taken : 1.6904692649841309
 Thread 5 nsolns: 41831
 Thread 4 estimated dimension 7 of 10 : 1  | time taken : 1.1783480644226074
 Thread 3 estimated dimension 7 of 10 : 0.9984906726383573  | time taken : 1.5991551876068115
 Thread 2 estimated dimension 9 of 10 : 0.4941416129667101  | time taken : 9.717627048492432
 Thread 4 estimated dimension 8 of 10 : 0.9751706061768266  | time taken : 1.6901440620422363
 Thread 2 nsolns: 40586
 Thread 4 estimated dimension 9 of 10 : 0.9875012894459346  | time taken : 1.4388220310211182
 Thread 4 nsolns: 41171
 Thread 6 estimated dimension 0 of 10 : 0.5117594060892591  | time taken : 9.208145380020142
 Thread 1 estimated dimension 9 of 10 : 0.5261531696342328  | time taken : 8.423273801803589
 Thread 1 nsolns: 40892
 Thread 7 estimated dimension 9 of 10 : 0.5051918542594083  | time taken : 9.529507160186768
 Thread 7 nsolns: 40665
 Thread 5 estimated dimension 0 of 10 : 0.49765444219567573  | time taken : 10.478105306625366
 Thread 3 estimated dimension 8 of 10 : 0.5018946703531331  | time taken : 9.391103267669678
 Thread 2 estimated dimension 0 of 10 : 0.495111860606059  | time taken : 10.18588638305664
 Thread 3 estimated dimension 9 of 10 : 0.9734170620436725  | time taken : 1.5605716705322266
 Thread 3 nsolns: 42316
 Thread 4 estimated dimension 0 of 10 : 0.49590918021009817  | time taken : 10.50218391418457
 Thread 5 estimated dimension 1 of 10 : 0.7429921565883304  | time taken : 4.87213134765625
 Thread 6 estimated dimension 1 of 10 : 0.5632991074714678  | time taken : 10.356461524963379
 Thread 7 estimated dimension 0 of 10 : 0.5093444747188173  | time taken : 8.164860248565674
 Thread 1 estimated dimension 0 of 10 : 0.4976475434866102  | time taken : 11.766319513320923
 Thread 6 estimated dimension 2 of 10 : 1  | time taken : 2.3676867485046387
 Thread 4 estimated dimension 1 of 10 : 0.7116757398221194  | time taken : 6.425551176071167
 Thread 5 estimated dimension 2 of 10 : 0.6985960167126949  | time taken : 8.533746242523193
 Thread 3 estimated dimension 0 of 10 : 0.49834547715967337  | time taken : 10.686527252197266
 Thread 4 estimated dimension 2 of 10 : 0.7256638477842164  | time taken : 5.842840909957886
 Thread 2 estimated dimension 1 of 10 : 0.42691438295904216  | time taken : 17.893535375595093
 Thread 4 estimated dimension 3 of 10 : 0.7060619739427162  | time taken : 4.422792911529541
 Thread 3 estimated dimension 1 of 10 : 0.5413092320370558  | time taken : 9.135976076126099
 Thread 7 estimated dimension 1 of 10 : 0.45191446293088144  | time taken : 17.165830612182617
 Thread 3 estimated dimension 2 of 10 : 0.9946103697282583  | time taken : 1.2023603916168213
 Thread 1 estimated dimension 1 of 10 : 0.26650769710795175  | time taken : 22.880425214767456
 Thread 4 estimated dimension 4 of 10 : 0.5805879047335073  | time taken : 7.647517681121826
 Thread 3 estimated dimension 3 of 10 : 0.7155243426614044  | time taken : 5.005232572555542
 Thread 6 estimated dimension 3 of 10 : 0.270600872993245  | time taken : 21.726521253585815
 Thread 7 estimated dimension 2 of 10 : 0.48478149184853253  | time taken : 6.617026329040527
 Thread 1 estimated dimension 2 of 10 : 0.9984951177310945  | time taken : 2.352383852005005
 Thread 6 estimated dimension 4 of 10 : 1  | time taken : 2.3952243328094482
 Thread 2 estimated dimension 2 of 10 : 0.5151080201475619  | time taken : 13.728018522262573
 Thread 5 estimated dimension 3 of 10 : 0.2742218309839035  | time taken : 20.743319511413574
 Thread 7 estimated dimension 3 of 10 : 0.7470988527648946  | time taken : 5.731545686721802
 Thread 5 estimated dimension 4 of 10 : 0.9894854282014482  | time taken : 1.8363378047943115
 Thread 4 estimated dimension 5 of 10 : 0.698783536284899  | time taken : 7.075592041015625
 Thread 6 estimated dimension 5 of 10 : 0.5110779014673318  | time taken : 10.893349885940552
 Thread 7 estimated dimension 4 of 10 : 0.5895259193586292  | time taken : 7.637627124786377
 Thread 5 estimated dimension 5 of 10 : 0.5198075215535763  | time taken : 7.576792478561401
 Thread 3 estimated dimension 4 of 10 : 0.4095814989642406  | time taken : 14.12492823600769
 Thread 4 estimated dimension 6 of 10 : 0.6413786550735293  | time taken : 6.885275363922119
 Thread 3 estimated dimension 5 of 10 : 0.6193460651845247  | time taken : 8.107756853103638
 Thread 1 estimated dimension 3 of 10 : 0.2720624361871954  | time taken : 21.251128435134888
 Thread 4 estimated dimension 7 of 10 : 0.5116916949190177  | time taken : 9.91831922531128
 Thread 2 estimated dimension 3 of 10 : 0.2688889328835217  | time taken : 21.22911548614502
 Thread 1 estimated dimension 4 of 10 : 1  | time taken : 1.567225456237793
 Thread 2 estimated dimension 4 of 10 : 0.9965098789624258  | time taken : 1.5462009906768799
 Thread 6 estimated dimension 6 of 10 : 0.39471530091650414  | time taken : 15.243876218795776
 Thread 7 estimated dimension 5 of 10 : 0.30979637501307433  | time taken : 14.820394515991211
 Thread 3 estimated dimension 6 of 10 : 0.6277086116481021  | time taken : 6.642196178436279
 Thread 5 estimated dimension 6 of 10 : 0.387417494719399  | time taken : 14.74813985824585
 Thread 5 estimated dimension 7 of 10 : 0.9827717094732202  | time taken : 0.8495874404907227
 Thread 7 estimated dimension 6 of 10 : 1  | time taken : 1.9041473865509033
 Thread 6 estimated dimension 7 of 10 : 0.9963579382557449  | time taken : 1.951794147491455
 Thread 5 estimated dimension 8 of 10 : 1  | time taken : 0.9959752559661865
 Thread 4 estimated dimension 8 of 10 : 0.6276146989584135  | time taken : 8.093806743621826
 Thread 6 estimated dimension 8 of 10 : 1  | time taken : 1.2385292053222656
 Thread 7 estimated dimension 7 of 10 : 0.9997483459972115  | time taken : 1.3435053825378418
 Thread 5 estimated dimension 9 of 10 : 0.9932722214985266  | time taken : 1.2563931941986084
 Thread 5 nsolns: 41738
 Thread 7 estimated dimension 8 of 10 : 0.9875469604397799  | time taken : 1.2250654697418213
 Thread 6 estimated dimension 9 of 10 : 0.9664197779449992  | time taken : 1.261002540588379
 Thread 6 nsolns: 41896
 Thread 1 estimated dimension 5 of 10 : 0.47590962068407167  | time taken : 8.910551309585571
 Thread 7 estimated dimension 9 of 10 : 1  | time taken : 1.423497200012207
 Thread 7 nsolns: 40422
 Thread 1 estimated dimension 6 of 10 : 0.987773188607459  | time taken : 1.4297893047332764
 Thread 2 estimated dimension 5 of 10 : 0.47322779038955987  | time taken : 8.968585968017578
 Thread 1 estimated dimension 7 of 10 : 1  | time taken : 1.4737930297851562
 Thread 2 estimated dimension 6 of 10 : 1  | time taken : 1.418064832687378
 Thread 3 estimated dimension 7 of 10 : 0.4965216805649476  | time taken : 9.361731767654419
 Thread 4 estimated dimension 9 of 10 : 0.5147499697099008  | time taken : 7.1172966957092285
 Thread 4 nsolns: 40399
 Thread 1 estimated dimension 8 of 10 : 0.9936730009395951  | time taken : 1.5908479690551758
 Thread 2 estimated dimension 7 of 10 : 1  | time taken : 1.477118968963623
 Thread 1 estimated dimension 9 of 10 : 1  | time taken : 1.0808055400848389
 Thread 1 nsolns: 42996
 Thread 2 estimated dimension 8 of 10 : 0.997464216930506  | time taken : 1.287794828414917
 Thread 6 estimated dimension 0 of 10 : 0.49846288019978696  | time taken : 8.032331943511963
 Thread 5 estimated dimension 0 of 10 : 0.4889471644133119  | time taken : 8.932291269302368
 Thread 2 estimated dimension 9 of 10 : 0.9812481847931478  | time taken : 2.043999433517456
 Thread 2 nsolns: 41748
 Thread 7 estimated dimension 0 of 10 : 0.4903835763084002  | time taken : 8.668914794921875
 Thread 3 estimated dimension 8 of 10 : 0.5052378474641191  | time taken : 7.363263845443726
 Thread 5 estimated dimension 1 of 10 : 0.7397534612189399  | time taken : 4.504084587097168
 Thread 4 estimated dimension 0 of 10 : 0.49459790832263245  | time taken : 7.952220678329468
 Thread 3 estimated dimension 9 of 10 : 1  | time taken : 1.4560065269470215
 Thread 3 nsolns: 41156
 Thread 1 estimated dimension 0 of 10 : 0.4986415508887753  | time taken : 10.049164056777954
 Thread 5 estimated dimension 2 of 10 : 0.6989746133876926  | time taken : 5.203945636749268
 Thread 2 estimated dimension 0 of 10 : 0.48369984317913545  | time taken : 10.51590347290039
 Thread 3 estimated dimension 0 of 10 : 0.5035477370446718  | time taken : 8.969156980514526
 Thread 2 estimated dimension 1 of 10 : 0.7332646035424785  | time taken : 4.188663005828857
 Thread 6 estimated dimension 1 of 10 : 0.26236799280293627  | time taken : 18.729072093963623
 Thread 6 estimated dimension 2 of 10 : 1  | time taken : 1.4409399032592773
 Thread 4 estimated dimension 1 of 10 : 0.44131425702449184  | time taken : 15.686470746994019
 Thread 7 estimated dimension 1 of 10 : 0.26064912757781317  | time taken : 20.27262258529663
 Thread 7 estimated dimension 2 of 10 : 0.9865540139756006  | time taken : 1.1036410331726074
 Thread 6 estimated dimension 3 of 10 : 0.7390598754639061  | time taken : 4.314764976501465
 Thread 1 estimated dimension 1 of 10 : 0.2634990099070532  | time taken : 18.501068353652954
 Thread 3 estimated dimension 1 of 10 : 0.43764862866040116  | time taken : 13.366108655929565
 Thread 1 estimated dimension 2 of 10 : 1  | time taken : 0.6250221729278564
 Thread 5 estimated dimension 3 of 10 : 0.2693022350555533  | time taken : 17.887264251708984
 Thread 5 estimated dimension 4 of 10 : 0.9873008212286044  | time taken : 1.7136576175689697
 Thread 4 estimated dimension 2 of 10 : 0.5031089424284105  | time taken : 11.686686515808105
 Thread 6 estimated dimension 4 of 10 : 0.6016548552403271  | time taken : 7.634348154067993
 Thread 1 estimated dimension 3 of 10 : 0.7281564863232248  | time taken : 4.210539817810059
 Thread 2 estimated dimension 2 of 10 : 0.30992954036499903  | time taken : 17.266288995742798
 Thread 3 estimated dimension 2 of 10 : 0.4952278533847149  | time taken : 7.728353500366211
 Thread 4 estimated dimension 3 of 10 : 0.7512845284708775  | time taken : 4.89814019203186
 Thread 5 estimated dimension 5 of 10 : 0.508211279815351  | time taken : 7.392143249511719
 Thread 6 estimated dimension 5 of 10 : 0.6844394437397181  | time taken : 5.097967863082886
 Thread 6 estimated dimension 6 of 10 : 1  | time taken : 1.104175090789795
 Thread 3 estimated dimension 3 of 10 : 0.7368969109829999  | time taken : 3.919792890548706
 Thread 6 estimated dimension 7 of 10 : 1  | time taken : 1.3867311477661133
 Thread 7 estimated dimension 3 of 10 : 0.2716901192071715  | time taken : 19.532763719558716
 Thread 7 estimated dimension 4 of 10 : 1  | time taken : 0.9978828430175781
 Thread 1 estimated dimension 4 of 10 : 0.40883045602744666  | time taken : 13.519849300384521
 Thread 3 estimated dimension 4 of 10 : 0.5853307160065858  | time taken : 7.256034851074219
 Thread 4 estimated dimension 4 of 10 : 0.4065898952144179  | time taken : 13.146478176116943
 Thread 5 estimated dimension 6 of 10 : 0.3921923084883219  | time taken : 13.041217803955078
 Thread 6 estimated dimension 8 of 10 : 0.3781279550085619  | time taken : 10.311952114105225
 Thread 2 estimated dimension 3 of 10 : 0.2737855482872442  | time taken : 18.567455053329468
 Thread 7 estimated dimension 5 of 10 : 0.4872784649489056  | time taken : 7.313983917236328
 Thread 5 estimated dimension 7 of 10 : 1  | time taken : 1.4199748039245605
 Thread 3 estimated dimension 5 of 10 : 0.6987752826517255  | time taken : 5.589623928070068
 Thread 1 estimated dimension 5 of 10 : 0.5994968755425778  | time taken : 6.451457500457764
 Thread 2 estimated dimension 4 of 10 : 1  | time taken : 1.2157635688781738
 Thread 6 estimated dimension 9 of 10 : 1  | time taken : 1.5414817333221436
 Thread 3 estimated dimension 6 of 10 : 1  | time taken : 0.7506189346313477
 Thread 6 nsolns: 41406
 Thread 7 estimated dimension 6 of 10 : 1  | time taken : 2.174358367919922
 Thread 5 estimated dimension 8 of 10 : 0.9765359661266286  | time taken : 2.247419595718384
 Thread 1 estimated dimension 6 of 10 : 0.9831898340773328  | time taken : 2.325059175491333
 Thread 3 estimated dimension 7 of 10 : 1  | time taken : 1.3834455013275146
 Thread 7 estimated dimension 7 of 10 : 0.9610557137647926  | time taken : 1.4032847881317139
 Thread 1 estimated dimension 7 of 10 : 1  | time taken : 1.5218806266784668
 Thread 5 estimated dimension 9 of 10 : 0.9860111368853283  | time taken : 2.093564987182617
 Thread 5 nsolns: 41738
 Thread 7 estimated dimension 8 of 10 : 1  | time taken : 1.5655460357666016
 Thread 4 estimated dimension 5 of 10 : 0.606603544807175  | time taken : 8.499181985855103
 Thread 7 estimated dimension 9 of 10 : 1  | time taken : 1.3308968544006348
 Thread 7 nsolns: 42996
 Thread 4 estimated dimension 6 of 10 : 1  | time taken : 1.6856436729431152
 Thread 4 estimated dimension 7 of 10 : 0.9991013031531469  | time taken : 1.5366623401641846
 Thread 2 estimated dimension 5 of 10 : 0.522102248654149  | time taken : 9.7073974609375
 Thread 2 estimated dimension 6 of 10 : 1  | time taken : 1.2055978775024414
 Thread 6 estimated dimension 0 of 10 : 0.5016259510122878  | time taken : 10.780620813369751
 Thread 1 estimated dimension 8 of 10 : 0.5202261698098042  | time taken : 8.41188645362854
 Thread 5 estimated dimension 0 of 10 : 0.502693736309064  | time taken : 7.8925135135650635
 Thread 2 estimated dimension 7 of 10 : 1  | time taken : 1.2298369407653809
 Thread 3 estimated dimension 8 of 10 : 0.3779178408103645  | time taken : 12.352010011672974
 Thread 2 estimated dimension 8 of 10 : 0.9904749351970711  | time taken : 1.490171194076538
 Thread 1 estimated dimension 9 of 10 : 1  | time taken : 2.02740216255188
 Thread 1 nsolns: 42129
 Thread 7 estimated dimension 0 of 10 : 0.5098916017962012  | time taken : 8.273173809051514
 Thread 2 estimated dimension 9 of 10 : 1  | time taken : 1.4958326816558838
 Thread 2 nsolns: 42382
 Thread 3 estimated dimension 9 of 10 : 1  | time taken : 2.216658115386963
 Thread 6 estimated dimension 1 of 10 : 0.7215732685452926  | time taken : 5.297564506530762
 Thread 3 nsolns: 40230
 Thread 4 estimated dimension 8 of 10 : 0.4864806080697779  | time taken : 8.58816909790039
 Thread 4 estimated dimension 9 of 10 : 0.9707116367964655  | time taken : 1.4105288982391357
 Thread 4 nsolns: 41068
 Thread 6 estimated dimension 2 of 10 : 0.67769396013088  | time taken : 5.438202619552612
 Thread 7 estimated dimension 1 of 10 : 0.5638695497972906  | time taken : 7.215071201324463
 Thread 1 estimated dimension 0 of 10 : 0.4953844136353015  | time taken : 9.276315450668335
 Thread 7 estimated dimension 2 of 10 : 1  | time taken : 1.1036109924316406
 Thread 3 estimated dimension 0 of 10 : 0.5082273196782517  | time taken : 7.830097198486328
 Thread 2 estimated dimension 0 of 10 : 0.49431283723115654  | time taken : 9.50405478477478
 Thread 4 estimated dimension 0 of 10 : 0.5066834418753575  | time taken : 7.614930868148804
 Thread 5 estimated dimension 1 of 10 : 0.4431651670826579  | time taken : 15.742696285247803
 Thread 6 estimated dimension 3 of 10 : 0.7124373086862326  | time taken : 5.840636491775513
 Thread 2 estimated dimension 1 of 10 : 0.7582471263456497  | time taken : 5.757555961608887
 Thread 3 estimated dimension 1 of 10 : 0.5623914023595573  | time taken : 11.345182418823242
 Thread 5 estimated dimension 2 of 10 : 0.4984441825328683  | time taken : 7.918437242507935
 Thread 1 estimated dimension 1 of 10 : 0.5410155489484608  | time taken : 12.38108205795288
 Thread 4 estimated dimension 1 of 10 : 0.5507722232535647  | time taken : 9.495716094970703
 Thread 1 estimated dimension 2 of 10 : 1  | time taken : 0.7671723365783691
 Thread 6 estimated dimension 4 of 10 : 0.5913229554347719  | time taken : 8.367507457733154
 Thread 2 estimated dimension 2 of 10 : 0.7079006185051633  | time taken : 5.748690605163574
 Thread 3 estimated dimension 2 of 10 : 0.9984000084881227  | time taken : 1.548724889755249
 Thread 4 estimated dimension 2 of 10 : 1  | time taken : 1.3664906024932861
 Thread 5 estimated dimension 3 of 10 : 0.7455161519652649  | time taken : 4.785897254943848
 Thread 3 estimated dimension 3 of 10 : 0.7319168489463247  | time taken : 4.6073691844940186
 Thread 2 estimated dimension 3 of 10 : 0.7233793773544848  | time taken : 5.357436895370483
 Thread 6 estimated dimension 5 of 10 : 0.6913395673853416  | time taken : 5.4787256717681885
 Thread 7 estimated dimension 3 of 10 : 0.27218480311540205  | time taken : 22.00990056991577
 Thread 7 estimated dimension 4 of 10 : 0.9991479908144535  | time taken : 1.2172536849975586
 Thread 5 estimated dimension 4 of 10 : 0.5780242055884154  | time taken : 7.7810304164886475
 Thread 6 estimated dimension 6 of 10 : 0.6260784053211215  | time taken : 7.0501391887664795
 Thread 5 estimated dimension 5 of 10 : 0.6786634523703096  | time taken : 4.451453685760498
 Thread 1 estimated dimension 3 of 10 : 0.2721109083987991  | time taken : 17.631909608840942
 Thread 5 estimated dimension 6 of 10 : 1  | time taken : 1.1974551677703857
 Thread 3 estimated dimension 4 of 10 : 0.40335472005012657  | time taken : 12.332142114639282
 Thread 7 estimated dimension 5 of 10 : 0.5152948110313269  | time taken : 6.856971025466919
 Thread 4 estimated dimension 3 of 10 : 0.2720359254920649  | time taken : 17.482746839523315
 Thread 1 estimated dimension 4 of 10 : 0.9572987703463341  | time taken : 1.3337395191192627
 Thread 2 estimated dimension 4 of 10 : 0.4110641577139072  | time taken : 13.412353038787842
 Thread 5 estimated dimension 7 of 10 : 0.9850162411065546  | time taken : 1.7905452251434326
 Thread 4 estimated dimension 4 of 10 : 0.9835048530465282  | time taken : 2.2567996978759766
 Thread 6 estimated dimension 7 of 10 : 0.5058513111231638  | time taken : 9.002063035964966
 Thread 3 estimated dimension 5 of 10 : 0.6185122273463297  | time taken : 7.255863189697266
 Thread 2 estimated dimension 5 of 10 : 0.6146421867984098  | time taken : 6.801928758621216
 Thread 5 estimated dimension 8 of 10 : 0.6267212475583069  | time taken : 8.462109327316284
 Thread 6 estimated dimension 8 of 10 : 0.6173105718270999  | time taken : 7.771213531494141
 Thread 1 estimated dimension 5 of 10 : 0.48214453212842184  | time taken : 11.559982776641846
 Thread 7 estimated dimension 6 of 10 : 0.38365977588790867  | time taken : 13.897263288497925
 Thread 4 estimated dimension 5 of 10 : 0.4893217603705689  | time taken : 10.891381740570068
 Thread 3 estimated dimension 6 of 10 : 0.62263733018191  | time taken : 6.680323600769043
 Thread 7 estimated dimension 7 of 10 : 0.9774024589161359  | time taken : 1.8761074542999268
 Thread 7 estimated dimension 8 of 10 : 0.9803006217069505  | time taken : 1.4313900470733643
 Thread 5 estimated dimension 9 of 10 : 0.49597987226888873  | time taken : 8.113261461257935
 Thread 5 nsolns: 40330
 Thread 7 estimated dimension 9 of 10 : 1  | time taken : 1.0302739143371582
 Thread 7 nsolns: 41674
 Thread 6 estimated dimension 9 of 10 : 0.4982130089596925  | time taken : 7.536127090454102
 Thread 6 nsolns: 40612
 Thread 4 estimated dimension 6 of 10 : 0.6074480909691379  | time taken : 6.179572582244873
 Thread 2 estimated dimension 6 of 10 : 0.38541888992830287  | time taken : 12.83912706375122
 Thread 3 estimated dimension 7 of 10 : 0.5170094383260997  | time taken : 7.491864204406738
 Thread 2 estimated dimension 7 of 10 : 0.986646551496387  | time taken : 1.103649616241455
 Thread 1 estimated dimension 6 of 10 : 0.3887553391300497  | time taken : 12.157958984375
 Thread 1 estimated dimension 7 of 10 : 0.9919041529310206  | time taken : 1.1989328861236572
 Thread 5 estimated dimension 0 of 10 : 0.5152870587171146  | time taken : 7.952211856842041
 Thread 4 estimated dimension 7 of 10 : 0.5001688379734563  | time taken : 6.61946964263916
 Thread 7 estimated dimension 0 of 10 : 0.4881119992342888  | time taken : 8.570643901824951
 Thread 1 estimated dimension 8 of 10 : 1  | time taken : 1.2260079383850098
 Thread 3 estimated dimension 8 of 10 : 0.5052949252511881  | time taken : 6.267727375030518
 Thread 4 estimated dimension 8 of 10 : 0.9900166540755129  | time taken : 1.2676258087158203
 Thread 6 estimated dimension 0 of 10 : 0.4976433295538056  | time taken : 8.590068817138672
 Thread 1 estimated dimension 9 of 10 : 1  | time taken : 1.6383724212646484
 Thread 2 estimated dimension 8 of 10 : 0.5065039545212253  | time taken : 7.475200891494751
 Thread 3 estimated dimension 9 of 10 : 0.9901794306969117  | time taken : 1.6327462196350098
 Thread 3 nsolns: 41081
 Thread 1 nsolns: 41896
 Thread 4 estimated dimension 9 of 10 : 0.9985960350191202  | time taken : 1.850830316543579
 Thread 4 nsolns: 41989
 Thread 2 estimated dimension 9 of 10 : 1  | time taken : 1.032059907913208
 Thread 2 nsolns: 41243
 Thread 7 estimated dimension 1 of 10 : 0.7563288702546228  | time taken : 5.654040575027466
 Thread 6 estimated dimension 1 of 10 : 0.5652855232720949  | time taken : 9.131603956222534
 Thread 3 estimated dimension 0 of 10 : 0.5015542119722685  | time taken : 8.306165933609009
 Thread 1 estimated dimension 0 of 10 : 0.5005607431957746  | time taken : 8.237975120544434
 Thread 7 estimated dimension 2 of 10 : 0.703121576180037  | time taken : 4.8672778606414795
 Thread 2 estimated dimension 0 of 10 : 0.5096903019638107  | time taken : 7.548112392425537
 Thread 6 estimated dimension 2 of 10 : 1  | time taken : 1.0504150390625
 Thread 4 estimated dimension 0 of 10 : 0.4850004119256403  | time taken : 8.495894432067871
 Thread 5 estimated dimension 1 of 10 : 0.44611282739789426  | time taken : 15.178372144699097
 Thread 7 estimated dimension 3 of 10 : 0.7059511000311508  | time taken : 3.599130630493164
 Thread 3 estimated dimension 1 of 10 : 0.7354546756469749  | time taken : 5.395440578460693
 Thread 6 estimated dimension 3 of 10 : 0.7400159542078384  | time taken : 5.738229036331177
 Thread 4 estimated dimension 1 of 10 : 0.7496387521429612  | time taken : 5.424011707305908
 Thread 1 estimated dimension 1 of 10 : 0.5474785616475042  | time taken : 9.644220352172852
 Thread 2 estimated dimension 1 of 10 : 0.5659813202023993  | time taken : 9.440544843673706
 Thread 7 estimated dimension 4 of 10 : 0.5716501941987401  | time taken : 6.578286647796631
 Thread 3 estimated dimension 2 of 10 : 0.7041506204744392  | time taken : 5.0471861362457275
 Thread 5 estimated dimension 2 of 10 : 0.49209414631320253  | time taken : 8.461543083190918
 Thread 2 estimated dimension 2 of 10 : 0.9842730358770827  | time taken : 1.6878912448883057
 Thread 1 estimated dimension 2 of 10 : 0.9993082408908007  | time taken : 1.8989315032958984
 Thread 4 estimated dimension 2 of 10 : 0.6775223352794059  | time taken : 5.5749757289886475
 Thread 7 estimated dimension 5 of 10 : 0.7109261605840956  | time taken : 6.4481236934661865
 Thread 5 estimated dimension 3 of 10 : 0.7317398303209489  | time taken : 5.679809808731079
 Thread 2 estimated dimension 3 of 10 : 0.7312217517991764  | time taken : 5.598422288894653
 Thread 1 estimated dimension 3 of 10 : 0.7139015837427366  | time taken : 5.5948100090026855
 Thread 4 estimated dimension 3 of 10 : 0.7434014675371785  | time taken : 4.996429681777954
 Thread 6 estimated dimension 4 of 10 : 0.4181782437647632  | time taken : 12.200733423233032
 Thread 5 estimated dimension 4 of 10 : 0.5893889465506235  | time taken : 7.922518730163574
 Thread 1 estimated dimension 4 of 10 : 0.5972341110654251  | time taken : 8.740888118743896
 Thread 4 estimated dimension 4 of 10 : 0.5816342104232967  | time taken : 8.623058795928955
 Thread 3 estimated dimension 3 of 10 : 0.27251542361584963  | time taken : 19.4155330657959
 Thread 5 estimated dimension 5 of 10 : 0.6990631841943532  | time taken : 4.739859104156494
 Thread 3 estimated dimension 4 of 10 : 0.9938530879495535  | time taken : 1.077932357788086
 Thread 2 estimated dimension 4 of 10 : 0.4092863065056068  | time taken : 13.596579551696777
 Thread 1 estimated dimension 5 of 10 : 0.7248036512174029  | time taken : 4.8475141525268555
 Thread 5 estimated dimension 6 of 10 : 1  | time taken : 1.3209679126739502
 Thread 4 estimated dimension 5 of 10 : 0.7176462171518485  | time taken : 5.630892992019653
 Thread 7 estimated dimension 6 of 10 : 0.36393370341790626  | time taken : 16.53975796699524
 Thread 5 estimated dimension 7 of 10 : 0.9970399065226458  | time taken : 1.870380163192749
 Thread 6 estimated dimension 5 of 10 : 0.37407018535348363  | time taken : 15.335745573043823
 Thread 7 estimated dimension 7 of 10 : 0.9979049702354068  | time taken : 1.3404691219329834
 Thread 2 estimated dimension 5 of 10 : 0.6139160583232827  | time taken : 7.279216289520264
 Thread 1 estimated dimension 6 of 10 : 0.6167336295796643  | time taken : 7.343507766723633
 Thread 6 estimated dimension 6 of 10 : 0.6140608375113462  | time taken : 6.427941083908081
 Thread 5 estimated dimension 8 of 10 : 0.6302699572991433  | time taken : 7.090518236160278
 Thread 3 estimated dimension 5 of 10 : 0.47740260495080145  | time taken : 10.88991641998291
 Thread 7 estimated dimension 8 of 10 : 0.38615599819909485  | time taken : 11.225767612457275
 Thread 1 estimated dimension 7 of 10 : 0.503360827045095  | time taken : 8.273250818252563
 Thread 4 estimated dimension 6 of 10 : 0.3710459648215992  | time taken : 14.536994218826294
 Thread 7 estimated dimension 9 of 10 : 0.9642815963603251  | time taken : 1.0868606567382812
 Thread 7 nsolns: 40752
 Thread 5 estimated dimension 9 of 10 : 0.5066615231117158  | time taken : 6.833646774291992
 Thread 5 nsolns: 40143
 Thread 6 estimated dimension 7 of 10 : 0.5141939605574029  | time taken : 7.889565706253052
 Thread 4 estimated dimension 7 of 10 : 0.9683915404938265  | time taken : 1.2270498275756836
 Thread 6 estimated dimension 8 of 10 : 1  | time taken : 1.397519588470459
 Thread 3 estimated dimension 6 of 10 : 0.6167150671998165  | time taken : 8.209630489349365
 Thread 6 estimated dimension 9 of 10 : 0.9666580426590695  | time taken : 1.640686273574829
 Thread 6 nsolns: 41360
 Thread 2 estimated dimension 6 of 10 : 0.36961221491829294  | time taken : 14.976541519165039
 Thread 1 estimated dimension 8 of 10 : 0.6183113317792286  | time taken : 7.353972911834717
 Thread 2 estimated dimension 7 of 10 : 1  | time taken : 0.6963834762573242
 Thread 5 estimated dimension 0 of 10 : 0.49945043022848035  | time taken : 8.313716173171997
 Thread 4 estimated dimension 8 of 10 : 0.6204183584246471  | time taken : 7.973907232284546
 Thread 7 estimated dimension 0 of 10 : 0.494991551158516  | time taken : 9.569523572921753
 Thread 3 estimated dimension 7 of 10 : 0.5152010521540356  | time taken : 7.899274587631226
 Thread 3 estimated dimension 8 of 10 : 1  | time taken : 1.4673233032226562
 Thread 1 estimated dimension 9 of 10 : 0.5070833179507432  | time taken : 6.2561750411987305
 Thread 1 nsolns: 40335
 Thread 6 estimated dimension 0 of 10 : 0.4936769356472696  | time taken : 8.793922185897827
 Thread 2 estimated dimension 8 of 10 : 0.5200715057556852  | time taken : 7.1848485469818115
 Thread 3 estimated dimension 9 of 10 : 0.9953257976201925  | time taken : 1.720757246017456
 Thread 3 nsolns: 42053
 Thread 2 estimated dimension 9 of 10 : 0.9911880767412204  | time taken : 1.597032070159912
 Thread 2 nsolns: 41179
 Thread 4 estimated dimension 9 of 10 : 0.5099211643392368  | time taken : 8.545769214630127
 Thread 4 nsolns: 40665
 Thread 6 estimated dimension 1 of 10 : 0.7439058491064754  | time taken : 4.86293888092041
 Thread 1 estimated dimension 0 of 10 : 0.5024525787694025  | time taken : 8.017582654953003
 Thread 2 estimated dimension 0 of 10 : 0.5174968439648163  | time taken : 5.987828969955444
 Thread 6 estimated dimension 2 of 10 : 0.7049916856075044  | time taken : 4.465348958969116
 Thread 5 estimated dimension 1 of 10 : 0.4396613287665254  | time taken : 15.023422718048096
 Thread 3 estimated dimension 0 of 10 : 0.4975648225312713  | time taken : 9.111385822296143
 Thread 4 estimated dimension 0 of 10 : 0.48744527245025815  | time taken : 7.197922945022583
 Thread 6 estimated dimension 3 of 10 : 0.7403048761913397  | time taken : 4.757055282592773
 Thread 7 estimated dimension 1 of 10 : 0.2660309530460835  | time taken : 19.06073307991028
 Thread 3 estimated dimension 1 of 10 : 0.7298104047226416  | time taken : 5.0397279262542725
 Thread 7 estimated dimension 2 of 10 : 0.9704252384129045  | time taken : 0.9205148220062256
 Thread 1 estimated dimension 1 of 10 : 0.5558381389208229  | time taken : 8.581178188323975
 Thread 2 estimated dimension 1 of 10 : 0.5572707294770669  | time taken : 8.93110203742981
 Thread 1 estimated dimension 2 of 10 : 1  | time taken : 1.3038089275360107
 Thread 2 estimated dimension 2 of 10 : 0.9918301508340073  | time taken : 0.8408486843109131
 Thread 7 estimated dimension 3 of 10 : 0.7611898761558403  | time taken : 3.6218767166137695
 Thread 5 estimated dimension 2 of 10 : 0.49007288368047114  | time taken : 10.601670026779175
 Thread 6 estimated dimension 4 of 10 : 0.605692791101549  | time taken : 6.4518444538116455
 Thread 2 estimated dimension 3 of 10 : 0.7488003806695466  | time taken : 2.529393196105957
 Thread 1 estimated dimension 3 of 10 : 0.7305279661963944  | time taken : 3.1116535663604736
 Thread 5 estimated dimension 3 of 10 : 0.7478150524652295  | time taken : 4.117993593215942
 Thread 7 estimated dimension 4 of 10 : 0.5844659717682559  | time taken : 5.6740500926971436
 Thread 4 estimated dimension 1 of 10 : 0.44022858650642394  | time taken : 13.961023807525635
 Thread 6 estimated dimension 5 of 10 : 0.6958521361383442  | time taken : 4.877364873886108
 Thread 2 estimated dimension 4 of 10 : 0.5930369624657503  | time taken : 6.796147108078003
 Thread 1 estimated dimension 4 of 10 : 0.6048341792794911  | time taken : 7.179689407348633
 Thread 7 estimated dimension 5 of 10 : 0.7021926679734066  | time taken : 5.1360251903533936
 Thread 7 estimated dimension 6 of 10 : 1  | time taken : 0.9004852771759033
 Thread 2 estimated dimension 5 of 10 : 0.6953963972976128  | time taken : 3.9965627193450928
 Thread 6 estimated dimension 6 of 10 : 0.6370485278740454  | time taken : 5.964078664779663
 Thread 4 estimated dimension 2 of 10 : 0.49989839029620364  | time taken : 6.3560991287231445
 Thread 5 estimated dimension 4 of 10 : 0.6072226387909989  | time taken : 7.445858955383301
 Thread 3 estimated dimension 2 of 10 : 0.312844728496437  | time taken : 17.109047889709473
 Thread 7 estimated dimension 7 of 10 : 0.9867600821596362  | time taken : 1.222374439239502
 Thread 1 estimated dimension 5 of 10 : 0.6906780470473348  | time taken : 4.860478162765503
 Thread 4 estimated dimension 3 of 10 : 0.7232790796383098  | time taken : 4.832764148712158
 Thread 3 estimated dimension 3 of 10 : 0.7349901419489258  | time taken : 4.632235765457153
 Thread 5 estimated dimension 5 of 10 : 0.685102304080539  | time taken : 6.63144850730896
 Thread 2 estimated dimension 6 of 10 : 0.6390355198863206  | time taken : 7.114621877670288
 Thread 5 estimated dimension 6 of 10 : 0.9916311251374479  | time taken : 1.074887990951538
 Thread 7 estimated dimension 8 of 10 : 0.6256805209395099  | time taken : 7.825949192047119
 Thread 1 estimated dimension 6 of 10 : 0.612932961991188  | time taken : 6.742436408996582
 Thread 5 estimated dimension 7 of 10 : 0.9715837691641352  | time taken : 1.5980939865112305
 Thread 6 estimated dimension 7 of 10 : 0.4952283662751068  | time taken : 10.604267597198486
 Thread 3 estimated dimension 4 of 10 : 0.5910689935767747  | time taken : 8.391118288040161
 Thread 5 estimated dimension 8 of 10 : 0.6362217613526552  | time taken : 7.037159204483032
 Thread 2 estimated dimension 7 of 10 : 0.49225218697696344  | time taken : 10.12654709815979
 Thread 4 estimated dimension 4 of 10 : 0.40950647071108043  | time taken : 12.699555158615112
 Thread 7 estimated dimension 9 of 10 : 0.48195602647215585  | time taken : 9.26503586769104
 Thread 6 estimated dimension 8 of 10 : 0.6148837757921107  | time taken : 7.178563833236694
 Thread 1 estimated dimension 7 of 10 : 0.4963958431206739  | time taken : 9.333282947540283
 Thread 7 nsolns: 41506
 Thread 3 estimated dimension 5 of 10 : 0.6802205420749565  | time taken : 4.438391923904419
 Thread 3 estimated dimension 6 of 10 : 1  | time taken : 2.432391881942749
 Thread 3 estimated dimension 7 of 10 : 1  | time taken : 1.0842959880828857
 Thread 5 estimated dimension 9 of 10 : 0.5147702314197475  | time taken : 7.049590587615967
 Thread 2 estimated dimension 8 of 10 : 0.6195710453522838  | time taken : 6.905857801437378
 Thread 5 nsolns: 40071
 Thread 6 estimated dimension 9 of 10 : 0.5005321848736151  | time taken : 6.889686107635498
 Thread 6 nsolns: 40425
 Thread 1 estimated dimension 8 of 10 : 0.6262321496371057  | time taken : 7.268514156341553
 Thread 7 estimated dimension 0 of 10 : 0.5031853589536721  | time taken : 9.4717698097229
 Thread 3 estimated dimension 8 of 10 : 0.6231616591984364  | time taken : 6.9010279178619385
 Thread 4 estimated dimension 5 of 10 : 0.39665977975713884  | time taken : 12.239755153656006
 Thread 2 estimated dimension 9 of 10 : 0.5146382103264179  | time taken : 6.763673543930054
 Thread 2 nsolns: 40361
 Thread 4 estimated dimension 6 of 10 : 0.9646355052051593  | time taken : 1.1068530082702637
 Thread 7 estimated dimension 1 of 10 : 0.7410172615699144  | time taken : 4.406132936477661
 Thread 4 estimated dimension 7 of 10 : 0.9923998302319889  | time taken : 1.4551713466644287
 Thread 1 estimated dimension 9 of 10 : 0.49578620755081193  | time taken : 7.918156147003174
 Thread 1 nsolns: 40361
 Thread 5 estimated dimension 0 of 10 : 0.4983271215970206  | time taken : 9.899161577224731
 Thread 4 estimated dimension 8 of 10 : 0.997527488914101  | time taken : 1.0478336811065674
 Thread 6 estimated dimension 0 of 10 : 0.4905941944986504  | time taken : 9.461561918258667
 Thread 4 estimated dimension 9 of 10 : 0.9799919569489085  | time taken : 1.6015141010284424
 Thread 4 nsolns: 40860
 Thread 3 estimated dimension 9 of 10 : 0.4867271829326955  | time taken : 8.362261056900024
 Thread 7 estimated dimension 2 of 10 : 0.6873510771200224  | time taken : 5.51166558265686
 Thread 3 nsolns: 41079
 Thread 5 estimated dimension 1 of 10 : 0.747358160509313  | time taken : 4.188987731933594
 Thread 2 estimated dimension 0 of 10 : 0.5198575234346693  | time taken : 7.9068193435668945
 Thread 6 estimated dimension 1 of 10 : 0.7330848166002327  | time taken : 4.060033559799194
 Thread 1 estimated dimension 0 of 10 : 0.49807513217672833  | time taken : 7.453883171081543
 Thread 7 estimated dimension 3 of 10 : 0.7086686014374907  | time taken : 4.417891025543213
 Thread 5 estimated dimension 2 of 10 : 0.6867984312368717  | time taken : 6.243746519088745
 Thread 4 estimated dimension 0 of 10 : 0.49213416087215306  | time taken : 8.378695964813232
 Thread 6 estimated dimension 2 of 10 : 0.7173125233689698  | time taken : 6.228665590286255
 Thread 3 estimated dimension 0 of 10 : 0.505507478265624  | time taken : 8.152339696884155
 Thread 4 estimated dimension 1 of 10 : 0.738932264198887  | time taken : 4.476009368896484
 Thread 5 estimated dimension 3 of 10 : 0.7370951114709848  | time taken : 4.436413049697876
 Thread 6 estimated dimension 3 of 10 : 0.7157959587811779  | time taken : 4.557827949523926
 Thread 3 estimated dimension 1 of 10 : 0.7365172879875422  | time taken : 4.5698463916778564
 Thread 7 estimated dimension 4 of 10 : 0.41051784476989556  | time taken : 10.341679096221924
 Thread 2 estimated dimension 1 of 10 : 0.4329174981951057  | time taken : 14.026007175445557
 Thread 1 estimated dimension 1 of 10 : 0.435530255716378  | time taken : 13.7988600730896
 Thread 4 estimated dimension 2 of 10 : 0.7109911007813008  | time taken : 5.52431058883667
 Thread 6 estimated dimension 4 of 10 : 0.5831597016603695  | time taken : 7.028052568435669
 Thread 4 estimated dimension 3 of 10 : 0.7467582757280327  | time taken : 5.145805358886719
 Thread 5 estimated dimension 4 of 10 : 0.4128598845876365  | time taken : 11.642820596694946
 Thread 6 estimated dimension 5 of 10 : 0.7069493896713205  | time taken : 4.366391658782959
 Thread 2 estimated dimension 2 of 10 : 0.5042749812239531  | time taken : 12.554651498794556
 Thread 7 estimated dimension 5 of 10 : 0.36753871895750595  | time taken : 13.068362712860107
 Thread 1 estimated dimension 2 of 10 : 0.5003118409329256  | time taken : 11.863404273986816
 Thread 5 estimated dimension 5 of 10 : 0.6184966654572667  | time taken : 5.310441255569458
 Thread 6 estimated dimension 6 of 10 : 0.6402481155863498  | time taken : 5.341861724853516
 Thread 3 estimated dimension 2 of 10 : 0.30479565273756903  | time taken : 19.42886972427368
 Thread 1 estimated dimension 3 of 10 : 0.775762997104439  | time taken : 4.834765195846558
 Thread 4 estimated dimension 4 of 10 : 0.4111549308394743  | time taken : 11.32483172416687
 Thread 6 estimated dimension 7 of 10 : 0.4945865885579168  | time taken : 11.366589546203613
 Thread 7 estimated dimension 6 of 10 : 0.39832617092699274  | time taken : 14.136230230331421
 Thread 1 estimated dimension 4 of 10 : 0.5894111601066854  | time taken : 8.79636001586914
 Thread 7 estimated dimension 7 of 10 : 0.9877408285128298  | time taken : 1.3525238037109375
 Thread 5 estimated dimension 6 of 10 : 0.3806234657989192  | time taken : 14.957297563552856
 Thread 7 estimated dimension 8 of 10 : 1  | time taken : 0.8236534595489502
 Thread 5 estimated dimension 7 of 10 : 1  | time taken : 1.602691888809204
 Thread 7 estimated dimension 9 of 10 : 0.9697144266145484  | time taken : 0.9782302379608154
 Thread 7 nsolns: 41331
 Thread 1 estimated dimension 5 of 10 : 0.7111770697804708  | time taken : 5.232852935791016
 Thread 2 estimated dimension 3 of 10 : 0.27209799614229335  | time taken : 21.040011882781982
 Thread 4 estimated dimension 5 of 10 : 0.36999688039188866  | time taken : 14.664941549301147
 Thread 2 estimated dimension 4 of 10 : 0.9824595577804163  | time taken : 0.7184278964996338
 Thread 6 estimated dimension 8 of 10 : 0.609904415603815  | time taken : 7.796204328536987
 Thread 1 estimated dimension 6 of 10 : 0.9921712030222216  | time taken : 1.4272551536560059
 Thread 3 estimated dimension 3 of 10 : 0.26725916834763486  | time taken : 18.60429859161377
 Thread 1 estimated dimension 7 of 10 : 0.9880885300278763  | time taken : 1.177537202835083
 Thread 3 estimated dimension 4 of 10 : 1  | time taken : 1.2612950801849365
 Thread 5 estimated dimension 8 of 10 : 0.5093078436325752  | time taken : 8.053479194641113
 Thread 7 estimated dimension 0 of 10 : 0.5071703362466017  | time taken : 8.042126417160034
 Thread 5 estimated dimension 9 of 10 : 0.9762545920188244  | time taken : 1.231701135635376
 Thread 5 nsolns: 41243
 Thread 6 estimated dimension 9 of 10 : 0.5010296895862109  | time taken : 7.741325855255127
 Thread 6 nsolns: 40425
 Thread 2 estimated dimension 5 of 10 : 0.4972207914428958  | time taken : 9.42901873588562
 Thread 2 estimated dimension 6 of 10 : 0.9773217144697124  | time taken : 1.3214030265808105
 Thread 3 estimated dimension 5 of 10 : 0.49039541748199733  | time taken : 8.320159673690796
 Thread 4 estimated dimension 6 of 10 : 0.3916886619402028  | time taken : 12.881713628768921
 Thread 2 estimated dimension 7 of 10 : 1  | time taken : 1.340134859085083
 Thread 3 estimated dimension 6 of 10 : 0.9594024341110571  | time taken : 1.0216445922851562
 Thread 2 estimated dimension 8 of 10 : 0.9816481800875536  | time taken : 0.6411807537078857
 Thread 7 estimated dimension 1 of 10 : 0.5583494982658441  | time taken : 7.900357961654663
 Thread 4 estimated dimension 7 of 10 : 0.987003954597416  | time taken : 1.0295193195343018
 Thread 1 estimated dimension 8 of 10 : 0.3886680200554534  | time taken : 11.832273244857788
 Thread 5 estimated dimension 0 of 10 : 0.4942488826118067  | time taken : 7.596462726593018
 Thread 3 estimated dimension 7 of 10 : 0.9998906438389397  | time taken : 1.2171387672424316
 Thread 2 estimated dimension 9 of 10 : 1  | time taken : 1.2744026184082031
 Thread 7 estimated dimension 2 of 10 : 0.9922231144293114  | time taken : 1.6456298828125
 Thread 2 nsolns: 41748
 Thread 4 estimated dimension 8 of 10 : 1  | time taken : 1.5716969966888428
 Thread 6 estimated dimension 0 of 10 : 0.5010344259531817  | time taken : 7.476353406906128
 Thread 1 estimated dimension 9 of 10 : 1  | time taken : 1.9245798587799072
 Thread 1 nsolns: 40158
 Thread 3 estimated dimension 8 of 10 : 1  | time taken : 1.6599748134613037
 Thread 4 estimated dimension 9 of 10 : 0.9936893880388137  | time taken : 2.0886764526367188
 Thread 4 nsolns: 41331
 Thread 3 estimated dimension 9 of 10 : 1  | time taken : 2.1925790309906006
 Thread 3 nsolns: 42569
 Thread 5 estimated dimension 1 of 10 : 0.7440806142088994  | time taken : 5.06733512878418
 Thread 1 estimated dimension 0 of 10 : 0.49148675716992163  | time taken : 8.117018461227417
 Thread 2 estimated dimension 0 of 10 : 0.5014443076463556  | time taken : 9.40829062461853
 Thread 6 estimated dimension 1 of 10 : 0.5660419792405631  | time taken : 8.957163095474243
 Thread 4 estimated dimension 0 of 10 : 0.4939704127463751  | time taken : 7.662917852401733
 Thread 6 estimated dimension 2 of 10 : 1  | time taken : 1.5913503170013428
 Thread 3 estimated dimension 0 of 10 : 0.500818903141124  | time taken : 9.040970802307129
 Thread 1 estimated dimension 1 of 10 : 0.7516615916655495  | time taken : 3.7921814918518066
 Thread 6 estimated dimension 3 of 10 : 0.7446943567524007  | time taken : 5.070481777191162
 Thread 3 estimated dimension 1 of 10 : 0.7280804697852091  | time taken : 4.542092800140381
 Thread 4 estimated dimension 1 of 10 : 0.5525585446562928  | time taken : 9.239449501037598
 Thread 1 estimated dimension 2 of 10 : 0.7008269002304233  | time taken : 6.605983257293701
 Thread 7 estimated dimension 3 of 10 : 0.26322459482726535  | time taken : 20.215776920318604
 Thread 4 estimated dimension 2 of 10 : 0.9792621601753649  | time taken : 1.6871657371520996
 Thread 5 estimated dimension 2 of 10 : 0.3103981854627429  | time taken : 17.915727615356445
 Thread 7 estimated dimension 4 of 10 : 0.9908829014300568  | time taken : 1.636883020401001
 Thread 6 estimated dimension 4 of 10 : 0.5892434511376294  | time taken : 6.501811742782593
 Thread 5 estimated dimension 3 of 10 : 0.7574819910408563  | time taken : 5.8654465675354
 Thread 4 estimated dimension 3 of 10 : 0.7144325216616473  | time taken : 6.2139058113098145
 Thread 2 estimated dimension 1 of 10 : 0.26321934222504434  | time taken : 19.28293251991272
 Thread 6 estimated dimension 5 of 10 : 0.7135902385705497  | time taken : 4.714540719985962
 Thread 2 estimated dimension 2 of 10 : 1  | time taken : 1.4956965446472168
 Thread 7 estimated dimension 5 of 10 : 0.47946324902190945  | time taken : 12.260196447372437
 Thread 4 estimated dimension 4 of 10 : 0.600471286396773  | time taken : 8.107677459716797
 Thread 3 estimated dimension 2 of 10 : 0.3094047407263309  | time taken : 19.937344789505005
 Thread 6 estimated dimension 6 of 10 : 0.6251935820198153  | time taken : 8.11522364616394
 Thread 1 estimated dimension 3 of 10 : 0.2725337027939675  | time taken : 19.81541895866394
 Thread 1 estimated dimension 4 of 10 : 0.9792665965811265  | time taken : 1.2262897491455078
 Thread 5 estimated dimension 4 of 10 : 0.4100248985778269  | time taken : 13.684816837310791
 Thread 4 estimated dimension 5 of 10 : 0.7060600595518698  | time taken : 5.336330890655518
 Thread 3 estimated dimension 3 of 10 : 0.7422188487038291  | time taken : 4.9890501499176025
 Thread 6 estimated dimension 7 of 10 : 0.4961109668895115  | time taken : 8.49062728881836
 Thread 7 estimated dimension 6 of 10 : 0.38548757268519357  | time taken : 11.52713680267334
 Thread 7 estimated dimension 7 of 10 : 0.993743302718713  | time taken : 1.5471291542053223
 Thread 7 estimated dimension 8 of 10 : 0.9971429458843094  | time taken : 0.6470382213592529
 Thread 1 estimated dimension 5 of 10 : 0.5175512004968742  | time taken : 8.046040296554565
 Thread 4 estimated dimension 6 of 10 : 0.6203595315627665  | time taken : 7.369516372680664
 Thread 2 estimated dimension 3 of 10 : 0.27000168723714946  | time taken : 19.29195547103882
 Thread 5 estimated dimension 5 of 10 : 0.6082283439647084  | time taken : 7.740474700927734
 Thread 7 estimated dimension 9 of 10 : 1  | time taken : 1.259291648864746
 Thread 7 nsolns: 41896
 Thread 5 estimated dimension 6 of 10 : 1  | time taken : 2.041348457336426
 Thread 2 estimated dimension 4 of 10 : 0.9965696893875603  | time taken : 1.894963026046753
 Thread 5 estimated dimension 7 of 10 : 0.9676639931077529  | time taken : 0.9997174739837646
 Thread 3 estimated dimension 4 of 10 : 0.41097859794908176  | time taken : 13.469247579574585
 Thread 6 estimated dimension 8 of 10 : 0.38288294229578984  | time taken : 10.70163631439209
 Thread 1 estimated dimension 6 of 10 : 0.6124662149507166  | time taken : 7.468568325042725
 Thread 6 estimated dimension 9 of 10 : 1  | time taken : 1.2165255546569824
 Thread 6 nsolns: 40422
 Thread 4 estimated dimension 7 of 10 : 0.500005960570372  | time taken : 9.026150465011597
 Thread 7 estimated dimension 0 of 10 : 0.5046004673271863  | time taken : 7.91432523727417
 Thread 2 estimated dimension 5 of 10 : 0.5117595578301749  | time taken : 7.47965931892395
 Thread 5 estimated dimension 8 of 10 : 0.5170086104596092  | time taken : 7.757422685623169
 Thread 2 estimated dimension 6 of 10 : 1  | time taken : 1.6240062713623047
 Thread 5 estimated dimension 9 of 10 : 1  | time taken : 1.018664836883545
 Thread 5 nsolns: 41702
 Thread 2 estimated dimension 7 of 10 : 1  | time taken : 1.2775723934173584
 Thread 2 estimated dimension 8 of 10 : 1  | time taken : 0.8527412414550781
 Thread 1 estimated dimension 7 of 10 : 0.49861586475719105  | time taken : 7.503230810165405
 Thread 2 estimated dimension 9 of 10 : 0.9838726540404878  | time taken : 1.167222261428833
 Thread 2 nsolns: 42809
 Thread 1 estimated dimension 8 of 10 : 1  | time taken : 1.1563472747802734
 Thread 7 estimated dimension 1 of 10 : 0.5650939287160928  | time taken : 7.812658309936523
 Thread 3 estimated dimension 5 of 10 : 0.39636442712977127  | time taken : 11.616480588912964
 Thread 6 estimated dimension 0 of 10 : 0.4883248176025758  | time taken : 8.751997947692871
 Thread 1 estimated dimension 9 of 10 : 0.9851879505143921  | time taken : 1.0366225242614746
 Thread 1 nsolns: 41831
 Thread 7 estimated dimension 2 of 10 : 1  | time taken : 1.7720506191253662
 Thread 3 estimated dimension 6 of 10 : 1  | time taken : 1.7864904403686523
 Thread 4 estimated dimension 8 of 10 : 0.38373624203494483  | time taken : 10.676332473754883
 Thread 3 estimated dimension 7 of 10 : 0.9924792252016379  | time taken : 1.8834667205810547
 Thread 4 estimated dimension 9 of 10 : 1  | time taken : 1.7802257537841797
 Thread 5 estimated dimension 0 of 10 : 0.49165695394234676  | time taken : 8.299341917037964
 Thread 4 nsolns: 40422
 Thread 6 estimated dimension 1 of 10 : 0.7397556408791603  | time taken : 3.916994333267212
 Thread 3 estimated dimension 8 of 10 : 1  | time taken : 1.7480883598327637
 Thread 2 estimated dimension 0 of 10 : 0.5045229242765741  | time taken : 7.330976247787476
 Thread 7 estimated dimension 3 of 10 : 0.7338893469517093  | time taken : 4.338159799575806
 Thread 3 estimated dimension 9 of 10 : 0.998645813348202  | time taken : 2.0896847248077393
 Thread 3 nsolns: 41609
 Thread 5 estimated dimension 1 of 10 : 0.7380561589235654  | time taken : 4.58247971534729
 Thread 1 estimated dimension 0 of 10 : 0.5056782664770527  | time taken : 10.16006851196289
 Thread 4 estimated dimension 0 of 10 : 0.4795069174518231  | time taken : 8.98399043083191
 Thread 5 estimated dimension 2 of 10 : 0.6795854381647495  | time taken : 6.8845555782318115
 Thread 3 estimated dimension 0 of 10 : 0.49342850566361673  | time taken : 7.728811025619507
 Thread 7 estimated dimension 4 of 10 : 0.4159158917915719  | time taken : 10.642813444137573
 Thread 4 estimated dimension 1 of 10 : 0.7279632456116243  | time taken : 4.0157153606414795
 Thread 2 estimated dimension 1 of 10 : 0.42954606440473886  | time taken : 14.548646211624146
 Thread 6 estimated dimension 2 of 10 : 0.3010250092217177  | time taken : 17.296498775482178
 Thread 4 estimated dimension 2 of 10 : 0.6941295471729623  | time taken : 6.636403322219849
 Thread 7 estimated dimension 5 of 10 : 0.6300750385426664  | time taken : 6.683157205581665
 Thread 6 estimated dimension 3 of 10 : 0.7389041770714029  | time taken : 3.035457134246826
 Thread 4 estimated dimension 3 of 10 : 0.7367876234911692  | time taken : 3.8104710578918457
 Thread 1 estimated dimension 1 of 10 : 0.26389945828604505  | time taken : 17.52683424949646
 Thread 1 estimated dimension 2 of 10 : 1  | time taken : 1.7932085990905762
 Thread 7 estimated dimension 6 of 10 : 0.6208629283214163  | time taken : 6.701979160308838
 Thread 3 estimated dimension 1 of 10 : 0.43356788313496086  | time taken : 14.608342170715332
 Thread 5 estimated dimension 3 of 10 : 0.2714431968675884  | time taken : 16.02725052833557
 Thread 2 estimated dimension 2 of 10 : 0.5197183399085723  | time taken : 11.157633781433105
 Thread 6 estimated dimension 4 of 10 : 0.5812817551547583  | time taken : 7.217698335647583
 Thread 5 estimated dimension 4 of 10 : 0.9870698066994621  | time taken : 2.1384212970733643
 Thread 1 estimated dimension 3 of 10 : 0.7327199198366108  | time taken : 4.211049556732178
 Thread 4 estimated dimension 4 of 10 : 0.5901014695120858  | time taken : 6.939682245254517
 Thread 2 estimated dimension 3 of 10 : 0.73817772610153  | time taken : 4.576547861099243
 Thread 3 estimated dimension 2 of 10 : 0.4989206986672617  | time taken : 6.925084352493286
 Thread 4 estimated dimension 5 of 10 : 0.683944606770067  | time taken : 4.528794288635254
 Thread 7 estimated dimension 7 of 10 : 0.4984433637794377  | time taken : 8.76097297668457
 Thread 5 estimated dimension 5 of 10 : 0.5145056567682604  | time taken : 6.298492908477783
 Thread 3 estimated dimension 3 of 10 : 0.7312798170321677  | time taken : 3.7159321308135986
 Thread 1 estimated dimension 4 of 10 : 0.5836209672096981  | time taken : 6.610156297683716
 Thread 4 estimated dimension 6 of 10 : 0.6272807344720372  | time taken : 5.000863313674927
 Thread 6 estimated dimension 5 of 10 : 0.3195448172424561  | time taken : 11.898786306381226
 Thread 7 estimated dimension 8 of 10 : 0.517258712667778  | time taken : 5.351117134094238
 Thread 6 estimated dimension 6 of 10 : 1  | time taken : 0.6313846111297607
 Thread 1 estimated dimension 5 of 10 : 0.7038704954035041  | time taken : 3.8426761627197266
 Thread 2 estimated dimension 4 of 10 : 0.4088379167101388  | time taken : 9.78734827041626
 Thread 7 estimated dimension 9 of 10 : 1  | time taken : 1.600541114807129
 Thread 6 estimated dimension 7 of 10 : 1  | time taken : 1.7580845355987549
 Thread 7 nsolns: 41156
 Thread 1 estimated dimension 6 of 10 : 1  | time taken : 1.529902696609497
 Thread 6 estimated dimension 8 of 10 : 0.9969881357185779  | time taken : 1.042081356048584
 Thread 1 estimated dimension 7 of 10 : 0.9949660262738835  | time taken : 1.2846972942352295
 Thread 6 estimated dimension 9 of 10 : 0.9964249984306192  | time taken : 1.0481069087982178
 Thread 6 nsolns: 41171
 Thread 5 estimated dimension 6 of 10 : 0.3876823995103339  | time taken : 10.114658117294312
 Thread 5 estimated dimension 7 of 10 : 0.9845971011420024  | time taken : 1.0527026653289795
 Thread 2 estimated dimension 5 of 10 : 0.6147190702503179  | time taken : 6.386840581893921
 Thread 3 estimated dimension 4 of 10 : 0.4092016017584695  | time taken : 11.564774990081787
 Thread 5 estimated dimension 8 of 10 : 1  | time taken : 1.1562550067901611
 Thread 4 estimated dimension 7 of 10 : 0.5001458393951913  | time taken : 9.438802480697632
 Thread 2 estimated dimension 6 of 10 : 0.978935907967065  | time taken : 1.137437105178833
 Thread 5 estimated dimension 9 of 10 : 1  | time taken : 1.7474377155303955
 Thread 5 nsolns: 41738
 Thread 2 estimated dimension 7 of 10 : 0.9754688500715518  | time taken : 1.4820623397827148
 Thread 1 estimated dimension 8 of 10 : 0.37914164280538865  | time taken : 9.77402639389038
 Thread 4 estimated dimension 8 of 10 : 0.6271003189887168  | time taken : 4.839620351791382
 Thread 1 estimated dimension 9 of 10 : 1  | time taken : 1.0926074981689453
 Thread 1 nsolns: 41406
 Thread 2 estimated dimension 8 of 10 : 0.49501837693258605  | time taken : 6.609922409057617
 Thread 3 estimated dimension 5 of 10 : 0.38765077292199596  | time taken : 11.22889256477356
 Thread 2 estimated dimension 9 of 10 : 0.9891020087488408  | time taken : 1.2353339195251465
 Thread 2 nsolns: 41068
 Thread 3 estimated dimension 6 of 10 : 1  | time taken : 0.6212801933288574
 Thread 4 estimated dimension 9 of 10 : 0.5018124079709925  | time taken : 6.5885655879974365
 Thread 4 nsolns: 40425
 Thread 3 estimated dimension 7 of 10 : 0.999050567341691  | time taken : 1.1698875427246094
 Thread 3 estimated dimension 8 of 10 : 0.9760283525331218  | time taken : 0.8009178638458252
 Thread 1 estimated dimension 0 of 10 : 0.4978194480463369  | time taken : 8.31644868850708
 Thread 3 estimated dimension 9 of 10 : 1  | time taken : 1.4107029438018799
 Thread 3 nsolns: 40860
 Thread 1 estimated dimension 1 of 10 : 0.7293874983381144  | time taken : 3.2201013565063477
 Thread 1 estimated dimension 2 of 10 : 0.6873071955990693  | time taken : 3.2558791637420654
 Thread 1 estimated dimension 3 of 10 : 0.2705214894646439  | time taken : 11.476914644241333
 Thread 1 estimated dimension 4 of 10 : 1  | time taken : 0.49617815017700195
 Thread 1 estimated dimension 5 of 10 : 0.4883897209938848  | time taken : 6.582913637161255
 Thread 1 estimated dimension 6 of 10 : 0.3903589571504428  | time taken : 5.910839080810547
 Thread 1 estimated dimension 7 of 10 : 1  | time taken : 1.880082368850708
 Thread 1 estimated dimension 8 of 10 : 0.990195757762166  | time taken : 0.9196364879608154
 Thread 1 estimated dimension 9 of 10 : 1  | time taken : 1.038085699081421
 Thread 1 nsolns: 41960
 estimated weights : [0.009120644389540782, 0.010328154402449441, 0.011190397812848743, 0.01022152676761965, 0.011340443568328197, 0.014295086405019182, 0.012935032973256787, 0.014630217108086593, 0.010668494130440928, 0.0072894784288225845, 0.015391891176506441, 0.011193958557613357, 0.009143530535224289, 0.01207939795950932, 0.013778196437874958, 0.015152571762802462, 0.015032098993875356, 0.007778315850976014, 0.016829505580342116, 0.013512739252575068, 0.007668655792582685, 0.015050278665096554, 0.012900698691233014, 0.01604400127747999, 0.01199366502194168, 0.015563569651244294, 0.01243123463314798, 0.009600492991353772, 0.009943173781924204, 0.014811018949683789, 0.006958685936659638, 0.008392491248461862, 0.012979825669967459, 0.010973980381332068, 0.009340292834581385, 0.01007089768302775, 0.010858612378726462, 0.009939233725714074, 0.008237402171045141, 0.010620965188524324, 0.009939735098428071, 0.008688961804621611, 0.01187878950495359, 0.010563826582491827, 0.007843824306537923, 0.008859256874651803, 0.008051247176905208, 0.011794186414214201, 0.010182263274059076, 0.010455359516955021, 0.009111191901276933, 0.007366581488476947, 0.014472368606137938, 0.013447464761379452, 0.01128356827732137, 0.014267623320105192, 0.013421945052922652, 0.0105462313258954, 0.010788384433731925, 0.01788214077574247, 0.01075936750731221, 0.00963662089292376, 0.013519661694800364, 0.008778413305430043, 0.014826575612742985, 0.012976192509172773, 0.01515249578930492, 0.009769617282003278, 0.007113311630618748, 0.012073253849978436, 0.01274484506343544]
