numSolutions: 44 k : 14713
23 44 0.04170288281141496 9.881422924901187e-05

 Thread 1 estimated dimension 0 of 23 : 0.6307637263661611  | time taken : 243.34163308143616
 Thread 6 estimated dimension 0 of 23 : 0.5792066610407545  | time taken : 246.9874815940857
 Thread 13 estimated dimension 0 of 23 : 0.6085231908012739  | time taken : 251.93205499649048
 Thread 14 estimated dimension 0 of 23 : 0.6186092901036051  | time taken : 254.89938759803772
 Thread 5 estimated dimension 0 of 23 : 0.5647224425068975  | time taken : 261.3351969718933
 Thread 8 estimated dimension 0 of 23 : 0.6125771461031977  | time taken : 269.15065360069275
 Thread 10 estimated dimension 0 of 23 : 0.5799036959661646  | time taken : 270.94598388671875
 Thread 9 estimated dimension 0 of 23 : 0.5767381130647329  | time taken : 273.7436158657074
 Thread 2 estimated dimension 0 of 23 : 0.6324269257858897  | time taken : 274.1482720375061
 Thread 11 estimated dimension 0 of 23 : 0.5231710195318282  | time taken : 283.46271872520447
 Thread 4 estimated dimension 0 of 23 : 0.43928727110440713  | time taken : 299.15493631362915
 Thread 1 estimated dimension 1 of 23 : 0.8138509591718761  | time taken : 83.22994470596313
 Thread 7 estimated dimension 0 of 23 : 0.38116930631719337  | time taken : 341.78052854537964
 Thread 3 estimated dimension 0 of 23 : 0.4400228054676839  | time taken : 355.47827792167664
 Thread 6 estimated dimension 1 of 23 : 0.7764197610122825  | time taken : 124.47879433631897
 Thread 5 estimated dimension 1 of 23 : 0.8075594521518491  | time taken : 123.92796730995178
 Thread 10 estimated dimension 1 of 23 : 0.7387724717733042  | time taken : 116.06335115432739
 Thread 8 estimated dimension 1 of 23 : 0.7301922178715194  | time taken : 125.73105669021606
 Thread 9 estimated dimension 1 of 23 : 0.8410576942351928  | time taken : 123.49735951423645
 Thread 14 estimated dimension 1 of 23 : 0.7696407061182096  | time taken : 142.111004114151
 Thread 11 estimated dimension 1 of 23 : 0.8182198977325273  | time taken : 127.98511862754822
 Thread 12 estimated dimension 0 of 23 : 0.43684056750933903  | time taken : 428.103328704834
 Thread 1 estimated dimension 2 of 23 : 0.7937020783566183  | time taken : 101.10809755325317
 Thread 5 estimated dimension 2 of 23 : 0.68452498492505  | time taken : 152.08121037483215
 Thread 8 estimated dimension 2 of 23 : 0.7491191993395947  | time taken : 143.36665439605713
 Thread 14 estimated dimension 2 of 23 : 0.7705448858267224  | time taken : 157.15341591835022
 Thread 9 estimated dimension 2 of 23 : 0.7829338486363037  | time taken : 176.13202595710754
 Thread 11 estimated dimension 2 of 23 : 0.7149696591704755  | time taken : 164.31634640693665
 Thread 3 estimated dimension 1 of 23 : 0.5633564759612514  | time taken : 234.66011810302734
 Thread 3 estimated dimension 2 of 23 : 0.998764997760161  | time taken : 27.462000370025635
 Thread 4 estimated dimension 1 of 23 : 0.3814190164705058  | time taken : 353.6167004108429
 Thread 7 estimated dimension 1 of 23 : 0.3738467721141249  | time taken : 320.2417163848877
 Thread 5 estimated dimension 3 of 23 : 0.6565391767727585  | time taken : 143.3481752872467
 Thread 14 estimated dimension 3 of 23 : 0.7523648140454687  | time taken : 173.1768352985382
 Thread 12 estimated dimension 1 of 23 : 0.3531192905407277  | time taken : 306.5984880924225
 Thread 9 estimated dimension 3 of 23 : 0.7111618309427379  | time taken : 187.62147665023804
 Thread 13 estimated dimension 1 of 23 : 0.23714486716367347  | time taken : 576.8330726623535
 Thread 1 estimated dimension 3 of 23 : 0.3366989052296018  | time taken : 408.2782425880432
 Thread 5 estimated dimension 4 of 23 : 0.7958762159094717  | time taken : 155.53140664100647
 Thread 13 estimated dimension 2 of 23 : 0.9955693416637882  | time taken : 17.029207229614258
 Thread 6 estimated dimension 2 of 23 : 0.29136504022394877  | time taken : 482.8448829650879
 Thread 5 estimated dimension 5 of 23 : 0.9969513349514834  | time taken : 15.014637231826782
 Thread 13 estimated dimension 3 of 23 : 0.9891096515946738  | time taken : 32.982192039489746
 Thread 7 estimated dimension 2 of 23 : 0.4214736910263023  | time taken : 221.06405544281006
 Thread 9 estimated dimension 4 of 23 : 0.7428148117765929  | time taken : 120.31474447250366
 Thread 4 estimated dimension 2 of 23 : 0.4329975920926869  | time taken : 237.869530916214
 Thread 6 estimated dimension 3 of 23 : 0.9973060760190768  | time taken : 34.95690202713013
 Thread 8 estimated dimension 3 of 23 : 0.2958660586679602  | time taken : 367.4450476169586
 Thread 11 estimated dimension 3 of 23 : 0.27023505894872774  | time taken : 338.77328753471375
 Thread 7 estimated dimension 3 of 23 : 1  | time taken : 33.90455865859985
 Thread 2 estimated dimension 1 of 23 : 0.21410383384401516  | time taken : 650.3440988063812
 Thread 9 estimated dimension 5 of 23 : 1  | time taken : 49.13559865951538
 Thread 4 estimated dimension 3 of 23 : 1  | time taken : 49.91982078552246
 Thread 2 estimated dimension 2 of 23 : 1  | time taken : 27.329508543014526
 Thread 3 estimated dimension 3 of 23 : 0.28658633932967487  | time taken : 331.9173364639282
 Thread 10 estimated dimension 2 of 23 : 0.21708126957290858  | time taken : 574.9374814033508
 Thread 12 estimated dimension 2 of 23 : 0.5660450648999834  | time taken : 231.87652897834778
 Thread 10 estimated dimension 3 of 23 : 0.9997374788995581  | time taken : 33.83181118965149
 Thread 12 estimated dimension 3 of 23 : 0.986525786668033  | time taken : 35.3797082901001
 Thread 2 estimated dimension 3 of 23 : 0.9955594545033932  | time taken : 58.24089765548706
 Thread 13 estimated dimension 4 of 23 : 0.7642112474833225  | time taken : 133.49808955192566
 Thread 1 estimated dimension 4 of 23 : 0.5249240304276254  | time taken : 183.44050931930542
 Thread 13 estimated dimension 5 of 23 : 1  | time taken : 28.64087462425232
 Thread 6 estimated dimension 4 of 23 : 0.7073177018121777  | time taken : 162.87015509605408
 Thread 5 estimated dimension 6 of 23 : 0.4819640780141598  | time taken : 203.22587251663208
 Thread 1 estimated dimension 5 of 23 : 0.9946294628246002  | time taken : 47.98670935630798
 Thread 14 estimated dimension 4 of 23 : 0.32732685235111325  | time taken : 353.079607963562
 Thread 11 estimated dimension 4 of 23 : 0.555338547314284  | time taken : 188.99704837799072
 Thread 6 estimated dimension 5 of 23 : 0.9954234282918812  | time taken : 52.354198694229126
 Thread 4 estimated dimension 4 of 23 : 0.6947719648363538  | time taken : 177.49219727516174
 Thread 9 estimated dimension 6 of 23 : 0.5737698363530593  | time taken : 182.2720947265625
 Thread 8 estimated dimension 4 of 23 : 0.47068925303085973  | time taken : 217.42739415168762
 Thread 5 estimated dimension 7 of 23 : 0.8911521614932211  | time taken : 88.55237627029419
 Thread 11 estimated dimension 5 of 23 : 0.9960683297940485  | time taken : 44.51798462867737
 Thread 8 estimated dimension 5 of 23 : 0.9930812653897162  | time taken : 26.384718656539917
 Thread 4 estimated dimension 5 of 23 : 1  | time taken : 51.763381481170654
 Thread 2 estimated dimension 4 of 23 : 0.6483843212048096  | time taken : 166.17629218101501
 Thread 14 estimated dimension 5 of 23 : 0.9053631178562351  | time taken : 90.69215512275696
 Thread 13 estimated dimension 6 of 23 : 0.7408208009168372  | time taken : 151.96708512306213
 Thread 2 estimated dimension 5 of 23 : 0.9926424317721768  | time taken : 23.63576579093933
 Thread 1 estimated dimension 6 of 23 : 0.4851831201560524  | time taken : 129.63610529899597
 Thread 3 estimated dimension 4 of 23 : 0.44231277908225297  | time taken : 252.65398383140564
 Thread 9 estimated dimension 7 of 23 : 0.8883171820394132  | time taken : 93.87588262557983
 Thread 7 estimated dimension 4 of 23 : 0.2982380812571146  | time taken : 305.2515480518341
 Thread 1 estimated dimension 7 of 23 : 1  | time taken : 33.1912362575531
 Thread 13 estimated dimension 7 of 23 : 0.9893539989452279  | time taken : 51.35641598701477
 Thread 10 estimated dimension 4 of 23 : 0.31906219030040045  | time taken : 260.02465629577637
 Thread 12 estimated dimension 4 of 23 : 0.36681400077315673  | time taken : 288.0899181365967
 Thread 4 estimated dimension 6 of 23 : 0.6731339531289162  | time taken : 124.95080327987671
 Thread 3 estimated dimension 5 of 23 : 0.6334957879025082  | time taken : 109.74844908714294
 Thread 8 estimated dimension 6 of 23 : 0.508668648364662  | time taken : 166.6398479938507
 Thread 4 estimated dimension 7 of 23 : 0.9997693852998771  | time taken : 20.49327540397644
 Thread 6 estimated dimension 6 of 23 : 0.4382946409328877  | time taken : 212.34804487228394
 Thread 14 estimated dimension 6 of 23 : 0.6506890329285713  | time taken : 158.66163539886475
 Thread 9 estimated dimension 8 of 23 : 0.7404753607436453  | time taken : 135.940331697464
 Thread 11 estimated dimension 6 of 23 : 0.4001970665601866  | time taken : 218.7060375213623
 Thread 6 estimated dimension 7 of 23 : 0.9869563216489902  | time taken : 53.04176616668701
 Thread 12 estimated dimension 5 of 23 : 0.820473470088834  | time taken : 96.60092258453369
 Thread 11 estimated dimension 7 of 23 : 0.9992033367899231  | time taken : 25.042750597000122
 Thread 8 estimated dimension 7 of 23 : 1  | time taken : 82.85499358177185
 Thread 1 estimated dimension 8 of 23 : 0.4797918097367437  | time taken : 181.28974103927612
 Thread 9 estimated dimension 9 of 23 : 0.8673987159098844  | time taken : 82.96319890022278
 Thread 2 estimated dimension 6 of 23 : 0.43439867375130026  | time taken : 236.90336799621582
 Thread 13 estimated dimension 8 of 23 : 0.5391720795172792  | time taken : 195.81502962112427
 Thread 5 estimated dimension 8 of 23 : 0.38458563185774436  | time taken : 329.777042388916
 Thread 2 estimated dimension 7 of 23 : 1  | time taken : 59.752032995224
 Thread 14 estimated dimension 7 of 23 : 0.5253425809236089  | time taken : 209.98155426979065
 Thread 6 estimated dimension 8 of 23 : 0.5908044011930395  | time taken : 185.31113028526306
 Thread 14 estimated dimension 8 of 23 : 0.9934778297843881  | time taken : 25.793388605117798
 Thread 1 estimated dimension 9 of 23 : 0.6980594356141032  | time taken : 161.18154335021973
 Thread 14 estimated dimension 9 of 23 : 0.9968757043415645  | time taken : 10.007203817367554
 Thread 2 estimated dimension 8 of 23 : 0.7555172933547134  | time taken : 87.83312582969666
 Thread 5 estimated dimension 9 of 23 : 0.6952401158818327  | time taken : 109.77801012992859
 Thread 4 estimated dimension 8 of 23 : 0.46982661833998024  | time taken : 271.0224504470825
 Thread 12 estimated dimension 6 of 23 : 0.6532432733020546  | time taken : 208.44394826889038
 Thread 3 estimated dimension 6 of 23 : 0.2980803350714801  | time taken : 302.4163627624512
 Thread 1 estimated dimension 10 of 23 : 1  | time taken : 38.893807888031006
 Thread 8 estimated dimension 8 of 23 : 0.4787256074444115  | time taken : 218.26347613334656
 Thread 12 estimated dimension 7 of 23 : 1  | time taken : 57.57590341567993
 Thread 3 estimated dimension 7 of 23 : 0.9954927696625402  | time taken : 44.32982683181763
 Thread 1 estimated dimension 11 of 23 : 0.9946216251167309  | time taken : 45.37535309791565
 Thread 14 estimated dimension 10 of 23 : 0.8348472375780116  | time taken : 88.88676977157593
 Thread 2 estimated dimension 9 of 23 : 0.7926857497804803  | time taken : 104.61710119247437
 Thread 13 estimated dimension 9 of 23 : 0.39975207634272375  | time taken : 250.78115010261536
 Thread 9 estimated dimension 10 of 23 : 0.3062079940833175  | time taken : 269.0841567516327
 Thread 10 estimated dimension 5 of 23 : 0.1955173962802779  | time taken : 456.28261375427246
 Thread 14 estimated dimension 11 of 23 : 1  | time taken : 39.454724073410034
 Thread 8 estimated dimension 9 of 23 : 0.7635442859621029  | time taken : 100.61840724945068
 Thread 1 estimated dimension 12 of 23 : 0.9996011358144004  | time taken : 59.1128716468811
 Thread 4 estimated dimension 9 of 23 : 0.5938628405406041  | time taken : 163.47058606147766
 Thread 3 estimated dimension 8 of 23 : 0.7373564779283598  | time taken : 104.63495707511902exiting with current heads : 14713 out of 14713 | exp rv: 74913.7833631105

 Thread 7 estimated dimension 5 of 23 : 0.19638575625916888  | time taken : 564.1591050624847
 Thread 3 estimated dimension 9 of 23 : 0.9971416283716484  | time taken : 21.268227577209473
 Thread 12 estimated dimension 8 of 23 : 0.5324153951708586  | time taken : 147.05008125305176
 Thread 5 estimated dimension 10 of 23 : 0.47631894276197484  | time taken : 219.36177039146423
 Thread 11 estimated dimension 8 of 23 : 0.2642294146881375  | time taken : 423.66954588890076
 Thread 12 estimated dimension 9 of 23 : 0.9707713675139348  | time taken : 38.60041093826294
 Thread 5 estimated dimension 11 of 23 : 0.9969731465183246  | time taken : 35.41396188735962
 Thread 8 estimated dimension 10 of 23 : 0.6726343971340704  | time taken : 122.52447772026062
 Thread 10 estimated dimension 6 of 23 : 0.5173382287451413  | time taken : 137.5652346611023
 Thread 14 estimated dimension 12 of 23 : 0.7335710624284875  | time taken : 130.2605276107788
 Thread 6 estimated dimension 9 of 23 : 0.32900737266591923  | time taken : 286.01906418800354
 Thread 2 estimated dimension 10 of 23 : 0.5443723670133844  | time taken : 156.44199895858765
 Thread 4 estimated dimension 10 of 23 : 0.629951597916125  | time taken : 101.41668152809143
 Thread 9 estimated dimension 11 of 23 : 0.5468797252759118  | time taken : 165.225679397583
 Thread 7 estimated dimension 6 of 23 : 0.6518501936000806  | time taken : 103.63089323043823
 Thread 3 estimated dimension 10 of 23 : 0.5172917305418113  | time taken : 100.43891954421997
 Thread 1 estimated dimension 13 of 23 : 0.4034602465260105  | time taken : 172.91844153404236
 Thread 7 estimated dimension 7 of 23 : 1  | time taken : 38.58504366874695
 Thread 12 estimated dimension 10 of 23 : 0.8171745019752267  | time taken : 89.50774264335632
 Thread 11 estimated dimension 9 of 23 : 0.5832719840696325  | time taken : 124.18393993377686
 Thread 8 estimated dimension 11 of 23 : 0.710088285847607  | time taken : 111.84654903411865
 Thread 10 estimated dimension 7 of 23 : 0.9971023391424826  | time taken : 112.63580679893494
 Thread 2 estimated dimension 11 of 23 : 0.7503717325536196  | time taken : 120.86837673187256
 Thread 9 estimated dimension 12 of 23 : 0.7176141712265421  | time taken : 113.24090361595154
 Thread 6 estimated dimension 10 of 23 : 0.8143400380452458  | time taken : 133.9752447605133
 Thread 4 estimated dimension 11 of 23 : 0.67057197259382  | time taken : 133.05970168113708
 Thread 14 estimated dimension 13 of 23 : 0.6235797653965945  | time taken : 158.95873951911926
 Thread 8 estimated dimension 12 of 23 : 1  | time taken : 60.96580719947815
 Thread 4 estimated dimension 12 of 23 : 1  | time taken : 36.69904041290283
 Thread 12 estimated dimension 11 of 23 : 1  | time taken : 107.2606406211853
 Thread 2 estimated dimension 12 of 23 : 1  | time taken : 68.98357510566711
 Thread 13 estimated dimension 10 of 23 : 0.21549920251402635  | time taken : 350.90912222862244
 Thread 3 estimated dimension 11 of 23 : 0.5772046235103422  | time taken : 161.75468754768372
 Thread 5 estimated dimension 12 of 23 : 0.4313996804282383  | time taken : 221.61580681800842
 Thread 14 estimated dimension 14 of 23 : 1  | time taken : 68.43488383293152
 Thread 6 estimated dimension 11 of 23 : 0.9923781693673769  | time taken : 102.50496196746826
 Thread 3 estimated dimension 12 of 23 : 0.9917745017649395  | time taken : 33.899742126464844
 Thread 4 estimated dimension 13 of 23 : 1  | time taken : 64.70101475715637
 Thread 8 estimated dimension 13 of 23 : 0.9989918471654139  | time taken : 93.15185213088989
 Thread 12 estimated dimension 12 of 23 : 1  | time taken : 75.10747003555298
 Thread 13 estimated dimension 11 of 23 : 1  | time taken : 76.70315623283386
 Thread 11 estimated dimension 10 of 23 : 0.6225052763010265  | time taken : 183.91392588615417
 Thread 1 estimated dimension 14 of 23 : 0.3936174247927156  | time taken : 236.52780556678772
 Thread 6 estimated dimension 12 of 23 : 0.9953032925329018  | time taken : 72.11499238014221
 Thread 5 estimated dimension 13 of 23 : 1  | time taken : 99.0028293132782
 Thread 14 estimated dimension 15 of 23 : 0.6135187048707006  | time taken : 99.25489044189453
 Thread 8 estimated dimension 14 of 23 : 0.9912358272517443  | time taken : 61.53083944320679
 Thread 7 estimated dimension 8 of 23 : 0.4964771279192786  | time taken : 255.32652521133423
 Thread 2 estimated dimension 13 of 23 : 0.7082453734567122  | time taken : 142.82124042510986
 Thread 4 estimated dimension 14 of 23 : 1  | time taken : 94.41390776634216
 Thread 10 estimated dimension 8 of 23 : 0.4833302943086577  | time taken : 230.73726296424866
 Thread 11 estimated dimension 11 of 23 : 1  | time taken : 66.27890753746033
 Thread 9 estimated dimension 13 of 23 : 0.4328833522444886  | time taken : 229.82623767852783
 Thread 7 estimated dimension 9 of 23 : 1  | time taken : 39.67267370223999
 Thread 13 estimated dimension 12 of 23 : 1  | time taken : 102.02686381340027
 Thread 3 estimated dimension 13 of 23 : 0.55176828511742  | time taken : 155.0258433818817
 Thread 11 estimated dimension 12 of 23 : 0.9991926165936852  | time taken : 65.03885078430176
 Thread 8 estimated dimension 15 of 23 : 0.721573713082154  | time taken : 85.08577513694763
 Thread 2 estimated dimension 14 of 23 : 0.8320921906169393  | time taken : 80.43220233917236
 Thread 5 estimated dimension 14 of 23 : 0.8338775916821736  | time taken : 100.32277488708496
 Thread 1 estimated dimension 15 of 23 : 0.7479883487745759  | time taken : 144.43845891952515
 Thread 12 estimated dimension 13 of 23 : 0.4002102846369332  | time taken : 191.0333080291748
 Thread 9 estimated dimension 14 of 23 : 0.7557606385214913  | time taken : 98.09512042999268
 Thread 10 estimated dimension 9 of 23 : 1  | time taken : 134.07877278327942
 Thread 7 estimated dimension 10 of 23 : 0.9899145401375902  | time taken : 106.30721759796143
 Thread 4 estimated dimension 15 of 23 : 0.568879035356597  | time taken : 153.09969353675842
 Thread 11 estimated dimension 13 of 23 : 1  | time taken : 92.18613386154175
 Thread 3 estimated dimension 14 of 23 : 0.9905077604971024  | time taken : 123.37768888473511
 Thread 1 estimated dimension 16 of 23 : 1  | time taken : 90.06021189689636
 Thread 9 estimated dimension 15 of 23 : 1  | time taken : 62.85312747955322
 Thread 14 estimated dimension 16 of 23 : 0.39973729187416823  | time taken : 197.3729100227356
 Thread 8 estimated dimension 16 of 23 : 0.7123101472564037  | time taken : 115.60841703414917
 Thread 10 estimated dimension 10 of 23 : 1  | time taken : 67.56127429008484
 Thread 12 estimated dimension 14 of 23 : 1  | time taken : 108.28193163871765
 Thread 7 estimated dimension 11 of 23 : 1  | time taken : 96.92874121665955
 Thread 5 estimated dimension 15 of 23 : 0.5795726512668277  | time taken : 161.40516114234924
 Thread 2 estimated dimension 15 of 23 : 0.49748744002937595  | time taken : 165.148202419281
 Thread 3 estimated dimension 15 of 23 : 0.9999145941477033  | time taken : 60.94382977485657
 Thread 9 estimated dimension 16 of 23 : 0.9975706684818967  | time taken : 67.01243615150452
 Thread 6 estimated dimension 13 of 23 : 0.38235405155616775  | time taken : 296.9142167568207
 Thread 8 estimated dimension 17 of 23 : 0.9922984975034859  | time taken : 88.65886092185974
 Thread 4 estimated dimension 16 of 23 : 0.6753531560097489  | time taken : 143.70794939994812
 Thread 3 estimated dimension 16 of 23 : 1  | time taken : 62.883381605148315
 Thread 1 estimated dimension 17 of 23 : 1  | time taken : 123.79884505271912
 Thread 14 estimated dimension 17 of 23 : 0.9893162247527297  | time taken : 131.27237701416016
 Thread 5 estimated dimension 16 of 23 : 1  | time taken : 93.00996923446655
 Thread 11 estimated dimension 14 of 23 : 0.5223700856589019  | time taken : 174.23363256454468
 Thread 6 estimated dimension 14 of 23 : 1  | time taken : 93.02013874053955
 Thread 12 estimated dimension 15 of 23 : 0.7141552409071276  | time taken : 142.34701418876648
 Thread 13 estimated dimension 13 of 23 : 0.37325886838670175  | time taken : 343.152930021286
 Thread 4 estimated dimension 17 of 23 : 0.9956388060288123  | time taken : 98.17385816574097
 Thread 8 estimated dimension 18 of 23 : 1  | time taken : 123.62109279632568
 Thread 7 estimated dimension 12 of 23 : 0.9923981533892029  | time taken : 163.69375228881836
 Thread 9 estimated dimension 17 of 23 : 0.6442752024695084  | time taken : 155.3951370716095
 Thread 10 estimated dimension 11 of 23 : 0.681929714295556  | time taken : 216.88643550872803
 Thread 1 estimated dimension 18 of 23 : 1  | time taken : 124.145427942276
 Thread 11 estimated dimension 15 of 23 : 1  | time taken : 96.10018968582153
 Thread 12 estimated dimension 16 of 23 : 1  | time taken : 68.00620675086975
 Thread 14 estimated dimension 18 of 23 : 0.6800980376350082  | time taken : 129.5717282295227
 Thread 9 estimated dimension 18 of 23 : 1  | time taken : 65.02841472625732
 Thread 13 estimated dimension 14 of 23 : 0.9925076877295305  | time taken : 106.41667652130127
 Thread 11 estimated dimension 16 of 23 : 0.9927451198468832  | time taken : 61.9247670173645
 Thread 4 estimated dimension 18 of 23 : 1  | time taken : 105.0078616142273
 Thread 12 estimated dimension 17 of 23 : 0.9860839104880815  | time taken : 70.31858086585999
 Thread 6 estimated dimension 15 of 23 : 0.7139485154390581  | time taken : 149.76369071006775
 Thread 3 estimated dimension 17 of 23 : 0.4988872599677785  | time taken : 209.37713742256165
 Thread 10 estimated dimension 12 of 23 : 1  | time taken : 98.36712145805359
 Thread 1 estimated dimension 19 of 23 : 0.9994383767284917  | time taken : 92.66386532783508
 Thread 14 estimated dimension 19 of 23 : 1  | time taken : 99.69399452209473
 Thread 2 estimated dimension 16 of 23 : 0.3226052773318849  | time taken : 306.81186294555664
 Thread 8 estimated dimension 19 of 23 : 0.48072682007713813  | time taken : 201.38850927352905
 Thread 12 estimated dimension 18 of 23 : 0.9915516284720952  | time taken : 103.74062061309814
 Thread 2 estimated dimension 17 of 23 : 0.992911330027469  | time taken : 66.18623542785645
 Thread 11 estimated dimension 17 of 23 : 1  | time taken : 117.03445792198181
 Thread 3 estimated dimension 18 of 23 : 1  | time taken : 100.38619613647461
 Thread 6 estimated dimension 16 of 23 : 0.9948293766930538  | time taken : 107.56098747253418
 Thread 10 estimated dimension 13 of 23 : 0.9949705580560722  | time taken : 97.54794812202454
 Thread 13 estimated dimension 15 of 23 : 0.9909860991617649  | time taken : 158.83087587356567
 Thread 7 estimated dimension 13 of 23 : 0.3695019806137329  | time taken : 261.3091473579407
 Thread 6 estimated dimension 17 of 23 : 1  | time taken : 67.56760787963867
 Thread 9 estimated dimension 19 of 23 : 0.466626630698177  | time taken : 213.4623875617981
 Thread 5 estimated dimension 17 of 23 : 0.32562991200555386  | time taken : 355.3288195133209
 Thread 1 estimated dimension 20 of 23 : 0.6924813169570304  | time taken : 166.06565618515015
 Thread 11 estimated dimension 18 of 23 : 1  | time taken : 98.47097778320312
 Thread 10 estimated dimension 14 of 23 : 1  | time taken : 93.70015788078308
 Thread 12 estimated dimension 19 of 23 : 0.9921167803194731  | time taken : 104.28594017028809
 Thread 4 estimated dimension 19 of 23 : 0.45425617119913564  | time taken : 224.20513224601746
 Thread 8 estimated dimension 20 of 23 : 0.9827653031721822  | time taken : 125.81367707252502
 Thread 3 estimated dimension 19 of 23 : 1  | time taken : 121.53845405578613
 Thread 8 estimated dimension 21 of 23 : 0.999154931171487  | time taken : 31.642954111099243
 Thread 11 estimated dimension 19 of 23 : 1  | time taken : 61.07669973373413
 Thread 14 estimated dimension 20 of 23 : 0.5270855227411342  | time taken : 229.27541208267212
 Thread 13 estimated dimension 16 of 23 : 0.9861765270979492  | time taken : 132.12361764907837
 Thread 2 estimated dimension 18 of 23 : 1  | time taken : 168.38776445388794
 Thread 6 estimated dimension 18 of 23 : 0.996600986336198  | time taken : 101.27279806137085
 Thread 5 estimated dimension 18 of 23 : 1  | time taken : 98.533686876297
 Thread 7 estimated dimension 14 of 23 : 0.9962561305954335  | time taken : 138.03191256523132
 Thread 9 estimated dimension 20 of 23 : 0.9952942488070332  | time taken : 129.70257782936096
 Thread 10 estimated dimension 15 of 23 : 1  | time taken : 104.37562489509583
 Thread 4 estimated dimension 20 of 23 : 0.9882542182555373  | time taken : 101.55761575698853
 Thread 3 estimated dimension 20 of 23 : 1  | time taken : 100.34848046302795
 Thread 1 estimated dimension 21 of 23 : 1  | time taken : 153.97353672981262
 Thread 11 estimated dimension 20 of 23 : 0.6815280388174633  | time taken : 93.84599828720093
 Thread 12 estimated dimension 20 of 23 : 0.6707525002135866  | time taken : 158.08043313026428
 Thread 6 estimated dimension 19 of 23 : 1  | time taken : 103.88986778259277
 Thread 3 estimated dimension 21 of 23 : 1  | time taken : 67.25831770896912
 Thread 9 estimated dimension 21 of 23 : 0.9938842462391833  | time taken : 91.95353746414185
 Thread 5 estimated dimension 19 of 23 : 0.9913421203812466  | time taken : 123.7014172077179
 Thread 13 estimated dimension 17 of 23 : 1  | time taken : 134.73077630996704
 Thread 4 estimated dimension 21 of 23 : 1  | time taken : 96.58095026016235
 Thread 14 estimated dimension 21 of 23 : 1  | time taken : 171.49690532684326
 Thread 2 estimated dimension 19 of 23 : 0.6521195111185154  | time taken : 164.81788730621338
 Thread 11 estimated dimension 21 of 23 : 0.9942117764241993  | time taken : 94.92331624031067
 Thread 12 estimated dimension 21 of 23 : 1  | time taken : 106.72976660728455
 Thread 7 estimated dimension 15 of 23 : 1  | time taken : 203.94593977928162
 Thread 5 estimated dimension 20 of 23 : 0.9996565037112378  | time taken : 97.55363392829895
 Thread 8 estimated dimension 22 of 23 : 0.456143762110832  | time taken : 256.8221433162689
 Thread 8 nsolns: 501501
 Thread 6 estimated dimension 20 of 23 : 0.6259609437772524  | time taken : 148.76587581634521
 Thread 14 estimated dimension 22 of 23 : 0.9942781556039015  | time taken : 95.71277022361755
 Thread 14 nsolns: 483094
 Thread 13 estimated dimension 18 of 23 : 1  | time taken : 132.6429319381714
 Thread 9 estimated dimension 22 of 23 : 0.5693393081001695  | time taken : 150.54804015159607
 Thread 9 nsolns: 497752
 Thread 10 estimated dimension 16 of 23 : 0.5015737532047759  | time taken : 253.53533840179443
 Thread 3 estimated dimension 22 of 23 : 0.5516338838673274  | time taken : 176.08612036705017
 Thread 3 nsolns: 536070
 Thread 1 estimated dimension 22 of 23 : 0.5166326347249722  | time taken : 243.40300631523132
 Thread 1 nsolns: 504410
 Thread 6 estimated dimension 21 of 23 : 0.9929141050698702  | time taken : 91.45004081726074
 Thread 7 estimated dimension 16 of 23 : 1  | time taken : 130.21989488601685
 Thread 5 estimated dimension 21 of 23 : 0.9942060931567275  | time taken : 145.21997141838074
 Thread 4 estimated dimension 22 of 23 : 0.48764507312641275  | time taken : 245.72040724754333
 Thread 4 nsolns: 507929
 Thread 10 estimated dimension 17 of 23 : 0.9793056307367376  | time taken : 103.45944404602051
 Thread 8 estimated dimension 0 of 23 : 0.6953686362771412  | time taken : 180.76211524009705
 Thread 12 estimated dimension 22 of 23 : 0.4725999665541899  | time taken : 220.01725268363953
 Thread 12 nsolns: 500545
 Thread 14 estimated dimension 0 of 23 : 0.4631383163175353  | time taken : 170.30833554267883
 Thread 11 estimated dimension 22 of 23 : 0.47380557670290663  | time taken : 265.2370960712433
 Thread 11 nsolns: 531576
 Thread 9 estimated dimension 0 of 23 : 0.5922145095562504  | time taken : 176.51004242897034
 Thread 2 estimated dimension 20 of 23 : 0.5163332040386209  | time taken : 286.8238151073456
 Thread 13 estimated dimension 19 of 23 : 1  | time taken : 189.9344847202301
 Thread 1 estimated dimension 0 of 23 : 0.3907719874574208  | time taken : 220.6853597164154
 Thread 3 estimated dimension 0 of 23 : 0.4155979491203987  | time taken : 235.71411681175232
 Thread 10 estimated dimension 18 of 23 : 1  | time taken : 159.8336317539215
 Thread 7 estimated dimension 17 of 23 : 0.9947084834746451  | time taken : 198.52285861968994
 Thread 9 estimated dimension 1 of 23 : 0.8216008812915431  | time taken : 124.1877031326294
 Thread 5 estimated dimension 22 of 23 : 1  | time taken : 207.32125163078308
 Thread 5 nsolns: 499373
 Thread 13 estimated dimension 20 of 23 : 0.9951632811315088  | time taken : 129.72073030471802
 Thread 6 estimated dimension 22 of 23 : 0.5204929589972633  | time taken : 246.76108860969543
 Thread 6 nsolns: 509452
 Thread 12 estimated dimension 0 of 23 : 0.5721575544629585  | time taken : 199.72199296951294
 Thread 4 estimated dimension 0 of 23 : 0.46692592099021646  | time taken : 249.05330872535706
 Thread 2 estimated dimension 21 of 23 : 1  | time taken : 200.0834255218506
 Thread 11 estimated dimension 0 of 23 : 0.490060310089384  | time taken : 224.34373235702515
 Thread 10 estimated dimension 19 of 23 : 1  | time taken : 122.33830237388611
 Thread 3 estimated dimension 1 of 23 : 0.5568761751354231  | time taken : 142.11662435531616
 Thread 13 estimated dimension 21 of 23 : 1  | time taken : 95.64788889884949
 Thread 7 estimated dimension 18 of 23 : 1  | time taken : 137.44766879081726
 Thread 1 estimated dimension 1 of 23 : 0.6069687650817909  | time taken : 197.28381276130676
 Thread 5 estimated dimension 0 of 23 : 0.527375570045818  | time taken : 158.19567108154297
 Thread 3 estimated dimension 2 of 23 : 1  | time taken : 80.35201263427734
 Thread 1 estimated dimension 2 of 23 : 0.992842812332817  | time taken : 48.360729694366455
 Thread 13 estimated dimension 22 of 23 : 0.9846628543519477  | time taken : 103.3002405166626
 Thread 2 estimated dimension 22 of 23 : 0.9955150511535978  | time taken : 130.26183414459229
 Thread 13 nsolns: 517915
 Thread 2 nsolns: 530421
 Thread 4 estimated dimension 1 of 23 : 0.6321178829128223  | time taken : 154.96961545944214
 Thread 10 estimated dimension 20 of 23 : 1  | time taken : 139.16946649551392
 Thread 11 estimated dimension 1 of 23 : 0.684109495200929  | time taken : 149.30965638160706
 Thread 7 estimated dimension 19 of 23 : 1  | time taken : 130.4619860649109
 Thread 6 estimated dimension 0 of 23 : 0.4276173395726854  | time taken : 236.26130723953247
 Thread 4 estimated dimension 2 of 23 : 0.9836418091980669  | time taken : 48.742138624191284
 Thread 10 estimated dimension 21 of 23 : 1  | time taken : 96.3578507900238
 Thread 11 estimated dimension 2 of 23 : 1  | time taken : 92.88786005973816exiting with current heads : 14712 out of 14713 | exp rv: 72794.10931839712

 Thread 8 estimated dimension 1 of 23 : 0.20210426554778743  | time taken : 523.5615577697754
 Thread 9 estimated dimension 2 of 23 : 0.2491397616021047  | time taken : 369.53480672836304
 Thread 7 estimated dimension 20 of 23 : 1  | time taken : 126.4291422367096exiting with current heads : 14712 out of 14713 | exp rv: 68085.8551033312

 Thread 14 estimated dimension 1 of 23 : 0.21608012380357391  | time taken : 522.9853942394257
 Thread 8 estimated dimension 2 of 23 : 0.992778131107643  | time taken : 49.72306180000305
 Thread 10 estimated dimension 22 of 23 : 0.9992091541983285  | time taken : 87.97151184082031
 Thread 10 nsolns: 550210
 Thread 8 estimated dimension 3 of 23 : 0.9916984245737046  | time taken : 27.089752435684204
 Thread 9 estimated dimension 3 of 23 : 1  | time taken : 72.94206047058105
 Thread 4 estimated dimension 3 of 23 : 0.5951637981362141  | time taken : 181.51527190208435
 Thread 14 estimated dimension 2 of 23 : 1  | time taken : 67.00805044174194
 Thread 6 estimated dimension 1 of 23 : 0.6507589896708746  | time taken : 190.5492172241211
 Thread 5 estimated dimension 1 of 23 : 0.4108865827789606  | time taken : 289.22398686408997
 Thread 1 estimated dimension 3 of 23 : 0.3785608832537377  | time taken : 259.67370104789734
 Thread 3 estimated dimension 3 of 23 : 0.30228194803147446  | time taken : 286.44794845581055
 Thread 2 estimated dimension 0 of 23 : 0.35372813297096506  | time taken : 266.36974930763245
 Thread 7 estimated dimension 21 of 23 : 0.9920055084466443  | time taken : 108.45382165908813
 Thread 14 estimated dimension 3 of 23 : 1  | time taken : 35.24283218383789
 Thread 13 estimated dimension 0 of 23 : 0.39128301097187385  | time taken : 289.12435698509216
 Thread 6 estimated dimension 2 of 23 : 1  | time taken : 78.38222289085388exiting with current heads : 14712 out of 14713 | exp rv: 72174.74642209722

 Thread 12 estimated dimension 1 of 23 : 0.2038386101692729  | time taken : 496.90350461006165
 Thread 10 estimated dimension 0 of 23 : 0.5009350955918354  | time taken : 159.81176209449768
 Thread 4 estimated dimension 4 of 23 : 0.7275754091391179  | time taken : 162.16858339309692
 Thread 11 estimated dimension 3 of 23 : 0.3534422242917563  | time taken : 278.86342096328735
 Thread 12 estimated dimension 2 of 23 : 1  | time taken : 80.80061960220337
 Thread 7 estimated dimension 22 of 23 : 1  | time taken : 156.7296884059906
 Thread 7 nsolns: 548472
 Thread 5 estimated dimension 2 of 23 : 0.5046244724435618  | time taken : 196.2409656047821
 Thread 2 estimated dimension 1 of 23 : 0.6459739519937371  | time taken : 188.26150226593018
 Thread 6 estimated dimension 3 of 23 : 0.6438022666460114  | time taken : 138.35614728927612
 Thread 4 estimated dimension 5 of 23 : 0.9946538879329372  | time taken : 70.46793460845947
 Thread 1 estimated dimension 4 of 23 : 0.4500029755785928  | time taken : 222.9749252796173
 Thread 5 estimated dimension 3 of 23 : 1  | time taken : 40.84329891204834
 Thread 12 estimated dimension 3 of 23 : 0.9902490130267761  | time taken : 69.82886815071106
 Thread 3 estimated dimension 4 of 23 : 0.48066666382800916  | time taken : 227.15638422966003
 Thread 2 estimated dimension 2 of 23 : 1  | time taken : 34.91868019104004
 Thread 10 estimated dimension 1 of 23 : 0.6393914535055997  | time taken : 123.80474543571472
 Thread 8 estimated dimension 4 of 23 : 0.32706622160249205  | time taken : 268.1473653316498
 Thread 13 estimated dimension 1 of 23 : 0.40053911236450734  | time taken : 216.77802681922913
 Thread 9 estimated dimension 4 of 23 : 0.2792096531437194  | time taken : 276.3432369232178
 Thread 7 estimated dimension 0 of 23 : 0.6157417058568273  | time taken : 110.0759437084198
 Thread 11 estimated dimension 4 of 23 : 0.48244263297984846  | time taken : 132.64666438102722
 Thread 10 estimated dimension 2 of 23 : 0.9971640848894673  | time taken : 79.38103985786438
 Thread 14 estimated dimension 4 of 23 : 0.33023897304773836  | time taken : 310.5380401611328
 Thread 9 estimated dimension 5 of 23 : 0.8385740328546643  | time taken : 84.76592636108398
 Thread 6 estimated dimension 4 of 23 : 0.8247637152081275  | time taken : 144.54695510864258
 Thread 4 estimated dimension 6 of 23 : 0.5893536367107309  | time taken : 133.86239171028137
 Thread 3 estimated dimension 5 of 23 : 0.8177552217456692  | time taken : 118.57016563415527
 Thread 11 estimated dimension 5 of 23 : 0.6625291138231795  | time taken : 72.6180739402771
 Thread 12 estimated dimension 4 of 23 : 0.6950495251700917  | time taken : 141.59163880348206
 Thread 5 estimated dimension 4 of 23 : 0.689491361113322  | time taken : 167.16524147987366
 Thread 14 estimated dimension 5 of 23 : 0.8209601736802915  | time taken : 104.84693646430969
 Thread 13 estimated dimension 2 of 23 : 0.400993307778949  | time taken : 189.38922119140625
 Thread 12 estimated dimension 5 of 23 : 1  | time taken : 84.69040369987488
 Thread 6 estimated dimension 5 of 23 : 0.995597116492325  | time taken : 118.23986721038818
 Thread 5 estimated dimension 5 of 23 : 0.9971153822430396  | time taken : 73.8676815032959
 Thread 10 estimated dimension 3 of 23 : 0.7255153488857219  | time taken : 150.0634059906006
 Thread 2 estimated dimension 3 of 23 : 0.3549041612882397  | time taken : 250.14376401901245
 Thread 4 estimated dimension 7 of 23 : 0.6947815267514819  | time taken : 138.28553748130798
 Thread 1 estimated dimension 5 of 23 : 0.3075298826177411  | time taken : 273.11411333084106
 Thread 9 estimated dimension 6 of 23 : 0.6322624732563775  | time taken : 151.52702569961548
 Thread 13 estimated dimension 3 of 23 : 0.9988982857683588  | time taken : 62.64236116409302
 Thread 11 estimated dimension 6 of 23 : 0.4091835249829467  | time taken : 145.01845049858093
 Thread 9 estimated dimension 7 of 23 : 0.9997326813282152  | time taken : 42.65081548690796
 Thread 3 estimated dimension 6 of 23 : 0.3550918674770805  | time taken : 187.7723515033722
 Thread 11 estimated dimension 7 of 23 : 0.9977937662148593  | time taken : 44.27302145957947
 Thread 3 estimated dimension 7 of 23 : 0.9993565171756748  | time taken : 39.128899574279785
 Thread 12 estimated dimension 6 of 23 : 0.6485470151529839  | time taken : 134.29508662223816
 Thread 9 estimated dimension 8 of 23 : 0.8444863616881334  | time taken : 66.48353171348572
 Thread 12 estimated dimension 7 of 23 : 1  | time taken : 24.654718160629272
 Thread 4 estimated dimension 8 of 23 : 0.6258440177819401  | time taken : 139.1018717288971
 Thread 14 estimated dimension 6 of 23 : 0.4617056193905137  | time taken : 195.99948859214783
 Thread 5 estimated dimension 6 of 23 : 0.6117961063228903  | time taken : 164.0650794506073
 Thread 10 estimated dimension 4 of 23 : 0.7706407016673898  | time taken : 165.85176253318787
 Thread 9 estimated dimension 9 of 23 : 1  | time taken : 40.7598090171814
 Thread 1 estimated dimension 6 of 23 : 0.6179760265424783  | time taken : 161.26891136169434
 Thread 3 estimated dimension 8 of 23 : 0.7743720693832186  | time taken : 73.95088052749634
 Thread 2 estimated dimension 4 of 23 : 0.581649279263218  | time taken : 174.57114815711975
 Thread 6 estimated dimension 6 of 23 : 0.5858113568660939  | time taken : 202.60601568222046
 Thread 10 estimated dimension 5 of 23 : 0.9923259740364354  | time taken : 28.52119469642639
 Thread 14 estimated dimension 7 of 23 : 1  | time taken : 61.64141058921814
 Thread 5 estimated dimension 7 of 23 : 0.9965123920436343  | time taken : 62.496806383132935exiting with current heads : 14713 out of 14713 | exp rv: 75454.38745321894

 Thread 8 estimated dimension 5 of 23 : 0.19497872153718446  | time taken : 454.616557598114
 Thread 11 estimated dimension 8 of 23 : 0.431004712625449  | time taken : 155.54827690124512
 Thread 1 estimated dimension 7 of 23 : 0.9923606409529039  | time taken : 67.47238349914551
 Thread 3 estimated dimension 9 of 23 : 1  | time taken : 71.08506202697754
 Thread 2 estimated dimension 5 of 23 : 1  | time taken : 69.92550039291382
 Thread 13 estimated dimension 4 of 23 : 0.26855010705297166  | time taken : 231.89974737167358
 Thread 12 estimated dimension 8 of 23 : 0.6699866794987757  | time taken : 118.68390154838562
 Thread 11 estimated dimension 9 of 23 : 0.9882460275942454  | time taken : 30.792707204818726
 Thread 9 estimated dimension 10 of 23 : 0.6057469918516607  | time taken : 121.41714000701904exiting with current heads : 14712 out of 14713 | exp rv: 73002.71994989317

 Thread 7 estimated dimension 1 of 23 : 0.2015267377722072  | time taken : 483.1178505420685
 Thread 14 estimated dimension 8 of 23 : 0.813859415350053  | time taken : 90.47372698783875
 Thread 4 estimated dimension 9 of 23 : 0.5248849293553499  | time taken : 160.2930724620819
 Thread 13 estimated dimension 5 of 23 : 0.860408323689659  | time taken : 72.59091186523438
 Thread 14 estimated dimension 9 of 23 : 0.9885225345742833  | time taken : 35.407957315444946
 Thread 10 estimated dimension 6 of 23 : 0.4437054336009341  | time taken : 157.37996530532837
 Thread 12 estimated dimension 9 of 23 : 0.6605791395090321  | time taken : 101.25604963302612
 Thread 3 estimated dimension 10 of 23 : 0.7144450275044323  | time taken : 117.70553779602051
 Thread 7 estimated dimension 2 of 23 : 0.9917225660292813  | time taken : 76.43671607971191
 Thread 4 estimated dimension 10 of 23 : 1  | time taken : 62.38240337371826
 Thread 11 estimated dimension 10 of 23 : 0.6148625271217717  | time taken : 114.94362783432007
 Thread 6 estimated dimension 7 of 23 : 0.5341700790322175  | time taken : 186.07226610183716
 Thread 1 estimated dimension 8 of 23 : 0.4923860035792737  | time taken : 145.372211933136
 Thread 12 estimated dimension 10 of 23 : 1  | time taken : 31.485384702682495
 Thread 7 estimated dimension 3 of 23 : 1  | time taken : 40.1613655090332
 Thread 5 estimated dimension 8 of 23 : 0.44745073736426383  | time taken : 196.2214059829712
 Thread 1 estimated dimension 9 of 23 : 1  | time taken : 33.65434265136719
 Thread 4 estimated dimension 11 of 23 : 1  | time taken : 65.0724458694458
 Thread 9 estimated dimension 11 of 23 : 0.6271376756631276  | time taken : 152.540030002594
 Thread 3 estimated dimension 11 of 23 : 0.7017918930949475  | time taken : 84.93115830421448
 Thread 12 estimated dimension 11 of 23 : 0.9985034436152617  | time taken : 65.053067445755
 Thread 11 estimated dimension 11 of 23 : 0.6428421376006939  | time taken : 86.77759671211243
 Thread 2 estimated dimension 6 of 23 : 0.3036729781037156  | time taken : 207.84549808502197
 Thread 10 estimated dimension 7 of 23 : 0.7739986583852292  | time taken : 109.98777627944946
 Thread 9 estimated dimension 12 of 23 : 0.9940919698968954  | time taken : 38.20287561416626
 Thread 6 estimated dimension 8 of 23 : 1  | time taken : 114.8310477733612
 Thread 8 estimated dimension 6 of 23 : 0.39177180538987516  | time taken : 279.6134192943573
 Thread 4 estimated dimension 12 of 23 : 1  | time taken : 68.28154182434082
 Thread 3 estimated dimension 12 of 23 : 1  | time taken : 71.81503653526306
 Thread 11 estimated dimension 12 of 23 : 0.9938802105523403  | time taken : 64.58686113357544
 Thread 1 estimated dimension 10 of 23 : 0.9895579470279487  | time taken : 106.61505317687988
 Thread 12 estimated dimension 12 of 23 : 0.9977205527001733  | time taken : 71.54909586906433
 Thread 7 estimated dimension 4 of 23 : 0.577025624807483  | time taken : 122.59903407096863
 Thread 2 estimated dimension 7 of 23 : 0.9746739469368729  | time taken : 72.87215900421143
 Thread 5 estimated dimension 9 of 23 : 0.6179093561828207  | time taken : 133.21944856643677
 Thread 11 estimated dimension 13 of 23 : 1  | time taken : 61.20285129547119
 Thread 14 estimated dimension 10 of 23 : 0.36964603938970514  | time taken : 253.7132911682129
 Thread 13 estimated dimension 6 of 23 : 0.4013711920938161  | time taken : 269.2208254337311
 Thread 9 estimated dimension 13 of 23 : 0.598904999544587  | time taken : 132.56118154525757
 Thread 7 estimated dimension 5 of 23 : 0.993699730866259  | time taken : 81.15239000320435
 Thread 8 estimated dimension 7 of 23 : 1  | time taken : 110.91628694534302
 Thread 13 estimated dimension 7 of 23 : 1  | time taken : 41.898356676101685
 Thread 1 estimated dimension 11 of 23 : 0.6718690116887301  | time taken : 116.58132648468018
 Thread 3 estimated dimension 13 of 23 : 0.7141778328515231  | time taken : 122.20692467689514
 Thread 11 estimated dimension 14 of 23 : 1  | time taken : 63.060874462127686
 Thread 2 estimated dimension 8 of 23 : 0.7842552470931232  | time taken : 131.90462279319763
 Thread 12 estimated dimension 13 of 23 : 0.4902255964968573  | time taken : 143.0377378463745
 Thread 9 estimated dimension 14 of 23 : 1  | time taken : 69.46507000923157
 Thread 3 estimated dimension 14 of 23 : 1  | time taken : 38.5216543674469
 Thread 4 estimated dimension 13 of 23 : 0.4087577387726381  | time taken : 236.18450617790222
 Thread 1 estimated dimension 12 of 23 : 0.9947138906733842  | time taken : 102.4492597579956
 Thread 2 estimated dimension 9 of 23 : 0.8606341504456528  | time taken : 98.36379027366638
 Thread 5 estimated dimension 10 of 23 : 0.35616569128825554  | time taken : 217.8427357673645
 Thread 13 estimated dimension 8 of 23 : 0.8344598973145616  | time taken : 143.0098102092743
 Thread 12 estimated dimension 14 of 23 : 0.675515386518611  | time taken : 117.90115737915039
 Thread 11 estimated dimension 15 of 23 : 0.5182994449105383  | time taken : 149.90812993049622
 Thread 6 estimated dimension 9 of 23 : 0.294920737193253  | time taken : 315.7001256942749
 Thread 3 estimated dimension 15 of 23 : 0.6250391583469949  | time taken : 138.89551448822021
 Thread 1 estimated dimension 13 of 23 : 0.9874171129298356  | time taken : 77.45478320121765
 Thread 14 estimated dimension 11 of 23 : 0.5448313456904766  | time taken : 230.49699592590332
 Thread 10 estimated dimension 8 of 23 : 0.2635584616195657  | time taken : 368.8531880378723
 Thread 8 estimated dimension 8 of 23 : 0.4628072510965642  | time taken : 216.78803730010986
 Thread 7 estimated dimension 6 of 23 : 0.43115203163747107  | time taken : 236.9460892677307
 Thread 9 estimated dimension 15 of 23 : 0.5481111968581411  | time taken : 184.14220881462097
 Thread 11 estimated dimension 16 of 23 : 0.7106510922849468  | time taken : 68.16121649742126
 Thread 13 estimated dimension 9 of 23 : 0.9969322216331954  | time taken : 87.96486902236938
 Thread 1 estimated dimension 14 of 23 : 0.987734504986089  | time taken : 61.7336585521698
 Thread 14 estimated dimension 12 of 23 : 0.991879366051202  | time taken : 69.11696314811707
 Thread 6 estimated dimension 10 of 23 : 0.8175802039750663  | time taken : 121.60129737854004
 Thread 7 estimated dimension 7 of 23 : 1  | time taken : 80.14356350898743
 Thread 8 estimated dimension 9 of 23 : 0.9923112215656977  | time taken : 106.79643630981445
 Thread 4 estimated dimension 14 of 23 : 0.4217720850255935  | time taken : 198.3649935722351
 Thread 12 estimated dimension 15 of 23 : 0.5319074036201181  | time taken : 152.94013833999634
 Thread 1 estimated dimension 15 of 23 : 0.9982275488410122  | time taken : 66.44999718666077
 Thread 10 estimated dimension 9 of 23 : 0.6449611831213199  | time taken : 126.88686442375183
 Thread 6 estimated dimension 11 of 23 : 0.9996397199642005  | time taken : 35.532564878463745
 Thread 5 estimated dimension 11 of 23 : 0.47219754717253626  | time taken : 205.66611337661743
 Thread 2 estimated dimension 10 of 23 : 0.3688084659673702  | time taken : 225.4710087776184
 Thread 13 estimated dimension 10 of 23 : 0.6570891092240231  | time taken : 136.87706089019775
 Thread 8 estimated dimension 10 of 23 : 0.9976435750849  | time taken : 71.45790982246399
 Thread 7 estimated dimension 8 of 23 : 0.9174982249807314  | time taken : 106.58217167854309
 Thread 10 estimated dimension 10 of 23 : 0.5419815040766072  | time taken : 101.63760805130005
 Thread 14 estimated dimension 13 of 23 : 0.5632162596130864  | time taken : 163.3352358341217
 Thread 3 estimated dimension 16 of 23 : 0.4192494371986279  | time taken : 241.44187879562378
 Thread 11 estimated dimension 17 of 23 : 0.521239769242575  | time taken : 200.6440989971161
 Thread 6 estimated dimension 12 of 23 : 0.7341454291113616  | time taken : 120.17342114448547
 Thread 9 estimated dimension 16 of 23 : 0.450694263743641  | time taken : 224.86716413497925
 Thread 7 estimated dimension 9 of 23 : 0.8594872380630145  | time taken : 56.98307967185974
 Thread 5 estimated dimension 12 of 23 : 0.9909145267411739  | time taken : 123.46889877319336
 Thread 10 estimated dimension 11 of 23 : 1  | time taken : 69.70566368103027
 Thread 13 estimated dimension 11 of 23 : 0.6048912949737161  | time taken : 142.15776872634888
 Thread 1 estimated dimension 16 of 23 : 0.4911769321469747  | time taken : 201.39814066886902
 Thread 2 estimated dimension 11 of 23 : 0.4648290331066522  | time taken : 168.73591017723083
 Thread 11 estimated dimension 18 of 23 : 1  | time taken : 92.94350361824036
 Thread 5 estimated dimension 13 of 23 : 0.9955233395172901  | time taken : 70.40201926231384
 Thread 8 estimated dimension 11 of 23 : 0.6972210017978463  | time taken : 156.42804646492004
 Thread 12 estimated dimension 16 of 23 : 0.327920363011679  | time taken : 243.4938621520996
 Thread 13 estimated dimension 12 of 23 : 0.9964063059871273  | time taken : 38.78460764884949
 Thread 14 estimated dimension 14 of 23 : 0.9874902920768268  | time taken : 133.15791416168213
 Thread 6 estimated dimension 13 of 23 : 0.5289387028165595  | time taken : 123.35340404510498
 Thread 9 estimated dimension 17 of 23 : 1  | time taken : 129.4843225479126
 Thread 2 estimated dimension 12 of 23 : 1  | time taken : 65.8840913772583
 Thread 3 estimated dimension 17 of 23 : 0.48313358986543276  | time taken : 185.37555074691772
 Thread 5 estimated dimension 14 of 23 : 0.9857081087596058  | time taken : 99.67764353752136
 Thread 7 estimated dimension 10 of 23 : 0.4492966718674303  | time taken : 176.15247702598572
 Thread 11 estimated dimension 19 of 23 : 1  | time taken : 120.13790535926819
 Thread 12 estimated dimension 17 of 23 : 0.9991972093929042  | time taken : 97.88953518867493
 Thread 9 estimated dimension 18 of 23 : 1  | time taken : 62.57703375816345
 Thread 4 estimated dimension 15 of 23 : 0.27077528001968265  | time taken : 348.20392990112305
 Thread 8 estimated dimension 12 of 23 : 1  | time taken : 125.22895574569702
 Thread 14 estimated dimension 15 of 23 : 1  | time taken : 103.81611227989197
 Thread 6 estimated dimension 14 of 23 : 0.9994274254734818  | time taken : 101.87586736679077
 Thread 10 estimated dimension 12 of 23 : 0.35934499739470177  | time taken : 193.92452144622803
 Thread 5 estimated dimension 15 of 23 : 1  | time taken : 67.62723970413208
 Thread 11 estimated dimension 20 of 23 : 0.9917795602512994  | time taken : 64.8265814781189
 Thread 12 estimated dimension 18 of 23 : 1  | time taken : 73.64592456817627
 Thread 2 estimated dimension 13 of 23 : 0.4587229058807628  | time taken : 147.6100835800171
 Thread 13 estimated dimension 13 of 23 : 0.5767749867702251  | time taken : 182.54506468772888
 Thread 3 estimated dimension 18 of 23 : 1  | time taken : 124.86655569076538
 Thread 9 estimated dimension 19 of 23 : 0.9962008394405697  | time taken : 92.6891279220581
 Thread 10 estimated dimension 13 of 23 : 0.992532940989464  | time taken : 61.170456409454346
 Thread 6 estimated dimension 15 of 23 : 0.5827467508331875  | time taken : 80.7063398361206
 Thread 8 estimated dimension 13 of 23 : 1  | time taken : 103.91924953460693
 Thread 4 estimated dimension 16 of 23 : 0.9914527436042142  | time taken : 127.587717294693
 Thread 14 estimated dimension 16 of 23 : 1  | time taken : 127.69007873535156
 Thread 7 estimated dimension 11 of 23 : 0.47798861807864584  | time taken : 167.1274802684784
 Thread 11 estimated dimension 21 of 23 : 1  | time taken : 98.53225469589233
 Thread 13 estimated dimension 14 of 23 : 0.9969675292567564  | time taken : 75.8004195690155
 Thread 7 estimated dimension 12 of 23 : 0.9921099407400653  | time taken : 37.01756477355957
 Thread 12 estimated dimension 19 of 23 : 0.5794114891785825  | time taken : 122.48710227012634
 Thread 5 estimated dimension 16 of 23 : 0.4972900530792565  | time taken : 154.58741807937622
 Thread 2 estimated dimension 14 of 23 : 0.6486424478949513  | time taken : 125.26314067840576
 Thread 3 estimated dimension 19 of 23 : 0.9937952181601282  | time taken : 124.84999585151672
 Thread 1 estimated dimension 17 of 23 : 0.35154222637456956  | time taken : 351.8036012649536
 Thread 14 estimated dimension 17 of 23 : 0.9997065459441389  | time taken : 98.15479397773743
 Thread 10 estimated dimension 14 of 23 : 0.6410890829342596  | time taken : 141.2817406654358
 Thread 4 estimated dimension 17 of 23 : 1  | time taken : 120.46485900878906
 Thread 9 estimated dimension 20 of 23 : 0.5532303140000924  | time taken : 165.49809193611145
 Thread 10 estimated dimension 15 of 23 : 1  | time taken : 34.33481740951538
 Thread 8 estimated dimension 14 of 23 : 0.9915579229012371  | time taken : 171.84121751785278
 Thread 1 estimated dimension 18 of 23 : 1  | time taken : 63.124322175979614
 Thread 2 estimated dimension 15 of 23 : 1  | time taken : 91.78297352790833
 Thread 6 estimated dimension 16 of 23 : 0.41458734293179356  | time taken : 216.7629692554474
 Thread 11 estimated dimension 22 of 23 : 0.5669578763656646  | time taken : 167.87564420700073
 Thread 11 nsolns: 512502
 Thread 5 estimated dimension 17 of 23 : 1  | time taken : 127.06488919258118
 Thread 2 estimated dimension 16 of 23 : 0.9957828308801843  | time taken : 63.87667202949524
 Thread 10 estimated dimension 16 of 23 : 0.9909215747445278  | time taken : 93.64812707901001
 Thread 14 estimated dimension 18 of 23 : 1  | time taken : 136.3039402961731
 Thread 13 estimated dimension 15 of 23 : 0.6217774348741044  | time taken : 219.0831642150879
 Thread 5 estimated dimension 18 of 23 : 1  | time taken : 67.350501537323
 Thread 4 estimated dimension 18 of 23 : 1  | time taken : 160.92881155014038
 Thread 8 estimated dimension 15 of 23 : 1  | time taken : 132.31999707221985
 Thread 7 estimated dimension 13 of 23 : 0.4226177838007074  | time taken : 229.84409713745117
 Thread 6 estimated dimension 17 of 23 : 0.9940561640896655  | time taken : 99.2439284324646
 Thread 1 estimated dimension 19 of 23 : 0.9974599767130556  | time taken : 153.2206654548645
 Thread 9 estimated dimension 21 of 23 : 1  | time taken : 182.75066614151
 Thread 12 estimated dimension 20 of 23 : 0.45263443396601594  | time taken : 253.70216059684753
 Thread 2 estimated dimension 17 of 23 : 0.9924591222590048  | time taken : 94.00896143913269
 Thread 3 estimated dimension 20 of 23 : 0.5476101709050901  | time taken : 249.81107783317566
 Thread 5 estimated dimension 19 of 23 : 0.6868123235496161  | time taken : 83.17512321472168
 Thread 11 estimated dimension 0 of 23 : 0.5346879166593119  | time taken : 171.42708659172058
 Thread 14 estimated dimension 19 of 23 : 0.9989726065346606  | time taken : 136.04462003707886
 Thread 6 estimated dimension 18 of 23 : 0.6582342399548029  | time taken : 122.53243350982666
 Thread 10 estimated dimension 17 of 23 : 0.49017543232131355  | time taken : 183.83708000183105
 Thread 2 estimated dimension 18 of 23 : 1  | time taken : 94.56757974624634
 Thread 9 estimated dimension 22 of 23 : 0.9976715929311801  | time taken : 124.8373498916626
 Thread 9 nsolns: 517256
 Thread 4 estimated dimension 19 of 23 : 0.9890005009258881  | time taken : 153.77084469795227
 Thread 7 estimated dimension 14 of 23 : 0.6359139711696633  | time taken : 165.64280200004578
 Thread 1 estimated dimension 20 of 23 : 1  | time taken : 149.35990476608276
 Thread 3 estimated dimension 21 of 23 : 1  | time taken : 123.41440320014954
 Thread 13 estimated dimension 16 of 23 : 0.3584982947407801  | time taken : 235.47406387329102
 Thread 12 estimated dimension 21 of 23 : 1  | time taken : 187.51753616333008
 Thread 14 estimated dimension 20 of 23 : 0.9917785871971555  | time taken : 133.8099184036255
 Thread 6 estimated dimension 19 of 23 : 1  | time taken : 99.99203109741211
 Thread 8 estimated dimension 16 of 23 : 0.4652599965102401  | time taken : 232.74781918525696
 Thread 10 estimated dimension 18 of 23 : 0.9991773855106623  | time taken : 102.01816534996033
 Thread 7 estimated dimension 15 of 23 : 1  | time taken : 100.73297953605652
 Thread 3 estimated dimension 22 of 23 : 0.9950063644821495  | time taken : 120.75061202049255
 Thread 3 nsolns: 530866
 Thread 14 estimated dimension 21 of 23 : 1  | time taken : 70.16091823577881
 Thread 10 estimated dimension 19 of 23 : 1  | time taken : 62.093590259552
 Thread 4 estimated dimension 20 of 23 : 0.9930016495502487  | time taken : 152.43971705436707
 Thread 1 estimated dimension 21 of 23 : 1  | time taken : 135.12989258766174
 Thread 12 estimated dimension 22 of 23 : 0.9983678097982037  | time taken : 93.5081536769867
 Thread 12 nsolns: 529400
 Thread 9 estimated dimension 0 of 23 : 0.6059389926996491  | time taken : 167.36088490486145
 Thread 2 estimated dimension 19 of 23 : 0.5256235104570124  | time taken : 189.3101978302002
 Thread 13 estimated dimension 17 of 23 : 0.9999579263892656  | time taken : 130.22999739646912
 Thread 11 estimated dimension 1 of 23 : 0.3539966176571098  | time taken : 254.86681723594666
 Thread 7 estimated dimension 16 of 23 : 0.9986814812705292  | time taken : 70.49069452285767
 Thread 8 estimated dimension 17 of 23 : 0.9927883399049517  | time taken : 109.7051293849945
 Thread 5 estimated dimension 20 of 23 : 0.47192075222235286  | time taken : 300.3599729537964
 Thread 1 estimated dimension 22 of 23 : 0.9961537006752765  | time taken : 123.79887509346008
 Thread 1 nsolns: 519427
 Thread 13 estimated dimension 18 of 23 : 0.9954775758257484  | time taken : 103.33618974685669
 Thread 7 estimated dimension 17 of 23 : 1  | time taken : 102.14446425437927
 Thread 2 estimated dimension 20 of 23 : 0.9989147729658399  | time taken : 122.82251787185669
 Thread 10 estimated dimension 20 of 23 : 0.6734510367465817  | time taken : 154.69733786582947
 Thread 4 estimated dimension 21 of 23 : 0.9976496198377861  | time taken : 157.8997666835785
 Thread 6 estimated dimension 20 of 23 : 0.46680827757638765  | time taken : 240.36953234672546
 Thread 9 estimated dimension 1 of 23 : 0.8160788423975807  | time taken : 172.73125529289246
 Thread 11 estimated dimension 2 of 23 : 0.5857622943206816  | time taken : 151.20626544952393
 Thread 5 estimated dimension 21 of 23 : 1  | time taken : 127.84725618362427
 Thread 7 estimated dimension 18 of 23 : 0.9863963771111438  | time taken : 66.156014919281
 Thread 12 estimated dimension 0 of 23 : 0.5275891220968462  | time taken : 200.3950092792511
 Thread 8 estimated dimension 18 of 23 : 0.9985413908837538  | time taken : 176.63875889778137
 Thread 14 estimated dimension 22 of 23 : 0.4672843823881636  | time taken : 244.73837685585022
 Thread 14 nsolns: 526181
 Thread 3 estimated dimension 0 of 23 : 0.4627510102329076  | time taken : 253.0517246723175
 Thread 2 estimated dimension 21 of 23 : 1  | time taken : 120.14486193656921
 Thread 11 estimated dimension 3 of 23 : 1  | time taken : 86.74912786483765
 Thread 10 estimated dimension 21 of 23 : 1  | time taken : 121.90774703025818
 Thread 6 estimated dimension 21 of 23 : 0.997381854515695  | time taken : 117.5502233505249
 Thread 13 estimated dimension 19 of 23 : 1  | time taken : 157.17861104011536
 Thread 4 estimated dimension 22 of 23 : 1  | time taken : 145.41872024536133
 Thread 4 nsolns: 499587
 Thread 5 estimated dimension 22 of 23 : 0.9958372159329227  | time taken : 119.9569034576416
 Thread 5 nsolns: 511155
 Thread 1 estimated dimension 0 of 23 : 0.3841238879817877  | time taken : 220.61602592468262
 Thread 8 estimated dimension 19 of 23 : 0.9983510587128525  | time taken : 160.43028235435486
 Thread 6 estimated dimension 22 of 23 : 0.9981832152624758  | time taken : 117.03593826293945
 Thread 6 nsolns: 512634
 Thread 7 estimated dimension 19 of 23 : 0.45588762774983127  | time taken : 220.59937953948975
 Thread 4 estimated dimension 0 of 23 : 0.625725669207332  | time taken : 125.20283913612366
 Thread 11 estimated dimension 4 of 23 : 0.6448261672990591  | time taken : 192.70969772338867
 Thread 1 estimated dimension 1 of 23 : 0.6259399628336149  | time taken : 118.72691774368286
 Thread 8 estimated dimension 20 of 23 : 1  | time taken : 96.48593831062317
 Thread 7 estimated dimension 20 of 23 : 1  | time taken : 59.476696252822876
 Thread 10 estimated dimension 22 of 23 : 0.46294914619478245  | time taken : 217.60584163665771
 Thread 10 nsolns: 529657
 Thread 2 estimated dimension 22 of 23 : 0.48632088575767846  | time taken : 223.47958898544312
 Thread 2 nsolns: 546580
 Thread 1 estimated dimension 2 of 23 : 1  | time taken : 36.570428133010864
 Thread 13 estimated dimension 20 of 23 : 0.4880649357692823  | time taken : 215.9621353149414
 Thread 5 estimated dimension 0 of 23 : 0.46833546849314417  | time taken : 220.1640625
 Thread 11 estimated dimension 5 of 23 : 1  | time taken : 69.96999311447144
 Thread 6 estimated dimension 0 of 23 : 0.5222427083575438  | time taken : 137.14835047721863
 Thread 3 estimated dimension 1 of 23 : 0.34951319843789436  | time taken : 308.5828311443329
 Thread 7 estimated dimension 21 of 23 : 0.9929446287569352  | time taken : 87.133624792099
 Thread 9 estimated dimension 2 of 23 : 0.2384559470965966  | time taken : 388.68180298805237
 Thread 8 estimated dimension 21 of 23 : 0.9998724745554801  | time taken : 117.63685989379883
 Thread 10 estimated dimension 0 of 23 : 0.5889935156787566  | time taken : 108.60438776016235
 Thread 6 estimated dimension 1 of 23 : 0.8543145183880784  | time taken : 68.58495688438416exiting with current heads : 14711 out of 14713 | exp rv: 79456.80883825918

 Thread 12 estimated dimension 1 of 23 : 0.18515719691118576  | time taken : 410.589159488678
 Thread 5 estimated dimension 1 of 23 : 0.6908638994642419  | time taken : 107.5353901386261
 Thread 2 estimated dimension 0 of 23 : 0.5134963160769652  | time taken : 143.35569620132446
 Thread 9 estimated dimension 3 of 23 : 1  | time taken : 74.41623568534851
 Thread 13 estimated dimension 21 of 23 : 0.9964058649077844  | time taken : 148.67571592330933
 Thread 11 estimated dimension 6 of 23 : 0.4746130151816867  | time taken : 162.26071214675903
 Thread 12 estimated dimension 2 of 23 : 0.9897071959661188  | time taken : 77.94026064872742
 Thread 8 estimated dimension 22 of 23 : 1  | time taken : 113.08632516860962
 Thread 8 nsolns: 557759
 Thread 1 estimated dimension 3 of 23 : 0.38580532840024967  | time taken : 207.08506417274475
 Thread 5 estimated dimension 2 of 23 : 0.9952242357626722  | time taken : 77.43281483650208
 Thread 10 estimated dimension 1 of 23 : 0.8097119074737896  | time taken : 112.82395505905151
 Thread 6 estimated dimension 2 of 23 : 0.8218485454646033  | time taken : 119.45982646942139
 Thread 3 estimated dimension 2 of 23 : 0.4212634613497682  | time taken : 204.81893968582153
 Thread 7 estimated dimension 22 of 23 : 0.4896403404855562  | time taken : 186.56264805793762
 Thread 7 nsolns: 536643
 Thread 11 estimated dimension 7 of 23 : 1  | time taken : 65.4920859336853
 Thread 9 estimated dimension 4 of 23 : 0.5770490593983674  | time taken : 115.59956669807434
 Thread 12 estimated dimension 3 of 23 : 1  | time taken : 80.56294822692871
 Thread 2 estimated dimension 1 of 23 : 0.649145042498967  | time taken : 159.39571833610535
 Thread 3 estimated dimension 3 of 23 : 1  | time taken : 42.62872099876404
 Thread 13 estimated dimension 22 of 23 : 0.9986952414939264  | time taken : 145.9049437046051
 Thread 13 nsolns: 552481
 Thread 9 estimated dimension 5 of 23 : 0.9912787509283827  | time taken : 78.20791697502136
 Thread 1 estimated dimension 4 of 23 : 0.6088517369569005  | time taken : 148.9651050567627
 Thread 5 estimated dimension 3 of 23 : 0.6159037732133492  | time taken : 163.84809041023254
 Thread 2 estimated dimension 2 of 23 : 1  | time taken : 82.09694314002991
 Thread 6 estimated dimension 3 of 23 : 0.608007447411129  | time taken : 162.20091438293457
 Thread 8 estimated dimension 0 of 23 : 0.4148690541075776  | time taken : 192.5755672454834
 Thread 7 estimated dimension 0 of 23 : 0.6034677103138116  | time taken : 146.37384295463562
 Thread 1 estimated dimension 5 of 23 : 0.9965167957904273  | time taken : 74.10680913925171
 Thread 13 estimated dimension 0 of 23 : 0.5332698677141839  | time taken : 163.93386602401733
 Thread 9 estimated dimension 6 of 23 : 0.6532109449547274  | time taken : 129.78708219528198
 Thread 5 estimated dimension 4 of 23 : 0.8223184804456132  | time taken : 117.58462691307068exiting with current heads : 14711 out of 14713 | exp rv: 80552.9478302686

 Thread 4 estimated dimension 1 of 23 : 0.1826376364400635  | time taken : 570.907176733017
 Thread 6 estimated dimension 4 of 23 : 0.6825273208162326  | time taken : 134.8540003299713
 Thread 5 estimated dimension 5 of 23 : 1  | time taken : 36.36465001106262
 Thread 1 estimated dimension 6 of 23 : 0.5545176929913512  | time taken : 100.23694133758545
 Thread 9 estimated dimension 7 of 23 : 0.9902126249272003  | time taken : 62.8737998008728
 Thread 11 estimated dimension 8 of 23 : 0.34623654006788646  | time taken : 272.0959231853485
 Thread 13 estimated dimension 1 of 23 : 0.8040131069108355  | time taken : 74.02801203727722
 Thread 4 estimated dimension 2 of 23 : 0.9950763975388351  | time taken : 42.31911754608154
 Thread 2 estimated dimension 3 of 23 : 0.37331251685479333  | time taken : 183.31774187088013
 Thread 8 estimated dimension 1 of 23 : 0.6557182906903835  | time taken : 169.80471515655518
 Thread 12 estimated dimension 4 of 23 : 0.30940039064117153  | time taken : 292.2344071865082
 Thread 6 estimated dimension 5 of 23 : 1  | time taken : 75.38444924354553
 Thread 1 estimated dimension 7 of 23 : 1  | time taken : 65.08757019042969
 Thread 3 estimated dimension 4 of 23 : 0.3058947300566421  | time taken : 301.4150538444519
 Thread 8 estimated dimension 2 of 23 : 1  | time taken : 45.275081157684326
 Thread 4 estimated dimension 3 of 23 : 0.997305707823204  | time taken : 81.97438526153564
 Thread 10 estimated dimension 2 of 23 : 0.2036492360942991  | time taken : 414.58126735687256
 Thread 13 estimated dimension 2 of 23 : 0.7667063036276295  | time taken : 117.40063238143921
 Thread 12 estimated dimension 5 of 23 : 0.8636172904575444  | time taken : 97.85084247589111
 Thread 11 estimated dimension 9 of 23 : 0.6070441867120852  | time taken : 137.85943126678467
 Thread 5 estimated dimension 6 of 23 : 0.5980194921102793  | time taken : 153.8631672859192
 Thread 9 estimated dimension 8 of 23 : 0.5507511071462743  | time taken : 153.55289149284363
 Thread 10 estimated dimension 3 of 23 : 0.9994559855257478  | time taken : 74.40845203399658
 Thread 4 estimated dimension 4 of 23 : 0.55420300627809  | time taken : 102.43222332000732
 Thread 2 estimated dimension 4 of 23 : 0.53464607276143  | time taken : 172.93992924690247
 Thread 13 estimated dimension 3 of 23 : 0.7065519030719202  | time taken : 86.20445656776428
 Thread 4 estimated dimension 5 of 23 : 0.994071894226907  | time taken : 36.03362798690796
 Thread 6 estimated dimension 6 of 23 : 0.613653308606874  | time taken : 177.20197558403015
 Thread 1 estimated dimension 8 of 23 : 0.39427933840661994  | time taken : 196.09717750549316
 Thread 9 estimated dimension 9 of 23 : 0.5542082768284946  | time taken : 113.87797403335571
 Thread 12 estimated dimension 6 of 23 : 0.5988295245104208  | time taken : 138.8984444141388
 Thread 9 estimated dimension 10 of 23 : 0.9924129702155862  | time taken : 37.59096336364746
 Thread 2 estimated dimension 5 of 23 : 0.9986345647934985  | time taken : 106.91921997070312
 Thread 10 estimated dimension 4 of 23 : 0.7634567571298225  | time taken : 149.9187672138214
 Thread 5 estimated dimension 7 of 23 : 0.6263181544627293  | time taken : 171.83897280693054
 Thread 8 estimated dimension 3 of 23 : 0.3735686756826318  | time taken : 271.39976167678833
 Thread 13 estimated dimension 4 of 23 : 0.6550826450532995  | time taken : 148.28294014930725
 Thread 9 estimated dimension 11 of 23 : 0.9942122271772079  | time taken : 71.0597870349884
 Thread 12 estimated dimension 7 of 23 : 0.999868570022744  | time taken : 104.39360022544861
 Thread 1 estimated dimension 9 of 23 : 0.6822869665175475  | time taken : 120.44460129737854
 Thread 4 estimated dimension 6 of 23 : 0.5237768617933195  | time taken : 165.2110390663147
 Thread 10 estimated dimension 5 of 23 : 0.9976617183032637  | time taken : 76.50603365898132
 Thread 7 estimated dimension 1 of 23 : 0.18231561342601796  | time taken : 528.4920604228973
 Thread 6 estimated dimension 7 of 23 : 0.5497261746956573  | time taken : 160.7720582485199
 Thread 13 estimated dimension 5 of 23 : 1  | time taken : 77.04495167732239
 Thread 11 estimated dimension 10 of 23 : 0.34114039223993453  | time taken : 308.31766724586487
 Thread 9 estimated dimension 12 of 23 : 0.9947586888995006  | time taken : 70.39555478096008
 Thread 5 estimated dimension 8 of 23 : 0.5011312606786045  | time taken : 132.13545989990234
 Thread 2 estimated dimension 6 of 23 : 0.507582751160961  | time taken : 152.5833559036255
 Thread 4 estimated dimension 7 of 23 : 1  | time taken : 70.88175559043884
 Thread 7 estimated dimension 2 of 23 : 0.9955732455840063  | time taken : 76.52614259719849
 Thread 8 estimated dimension 4 of 23 : 0.396750783897235  | time taken : 142.3354241847992
 Thread 3 estimated dimension 5 of 23 : 0.1834806641764669  | time taken : 430.1162838935852
 Thread 1 estimated dimension 10 of 23 : 0.4080151471990144  | time taken : 144.57794189453125
 Thread 2 estimated dimension 7 of 23 : 1  | time taken : 72.07624197006226
 Thread 7 estimated dimension 3 of 23 : 0.9946694730168075  | time taken : 79.64825510978699
 Thread 6 estimated dimension 8 of 23 : 0.46211069359866186  | time taken : 170.03612804412842
 Thread 13 estimated dimension 6 of 23 : 0.6157651518441681  | time taken : 150.12733793258667
 Thread 9 estimated dimension 13 of 23 : 0.5775054773242033  | time taken : 137.3419008255005
 Thread 12 estimated dimension 8 of 23 : 0.41278460660428695  | time taken : 207.12919926643372
 Thread 8 estimated dimension 5 of 23 : 0.6807549780716677  | time taken : 107.70213317871094
 Thread 11 estimated dimension 11 of 23 : 1  | time taken : 162.63653802871704
 Thread 3 estimated dimension 6 of 23 : 0.5291177644402638  | time taken : 135.21124005317688
 Thread 5 estimated dimension 9 of 23 : 0.4823157031996875  | time taken : 177.68306350708008
 Thread 2 estimated dimension 8 of 23 : 0.596921589680035  | time taken : 107.23293852806091
 Thread 1 estimated dimension 11 of 23 : 0.48375898603194983  | time taken : 143.4825096130371
 Thread 6 estimated dimension 9 of 23 : 0.7813498036376849  | time taken : 97.94901084899902
 Thread 10 estimated dimension 6 of 23 : 0.300139070872067  | time taken : 283.04164838790894
 Thread 12 estimated dimension 9 of 23 : 1  | time taken : 103.83728075027466
 Thread 5 estimated dimension 10 of 23 : 0.9951171343769954  | time taken : 62.50492548942566
 Thread 3 estimated dimension 7 of 23 : 0.9875622180793046  | time taken : 70.14597153663635
 Thread 9 estimated dimension 14 of 23 : 0.7065277160819953  | time taken : 126.4296395778656
 Thread 11 estimated dimension 12 of 23 : 1  | time taken : 131.23799443244934
 Thread 8 estimated dimension 6 of 23 : 0.6490473082856357  | time taken : 154.4260914325714
 Thread 2 estimated dimension 9 of 23 : 0.609801237541261  | time taken : 115.06023740768433
 Thread 10 estimated dimension 7 of 23 : 1  | time taken : 77.10872220993042
 Thread 1 estimated dimension 12 of 23 : 0.9994338508182274  | time taken : 88.78645968437195
 Thread 4 estimated dimension 8 of 23 : 0.2393445832675819  | time taken : 296.1572775840759
 Thread 5 estimated dimension 11 of 23 : 0.9906357274974945  | time taken : 71.00225734710693
 Thread 6 estimated dimension 10 of 23 : 0.5133596142860835  | time taken : 119.58311128616333
 Thread 7 estimated dimension 4 of 23 : 0.3063938356278343  | time taken : 241.77598667144775
 Thread 13 estimated dimension 7 of 23 : 0.46756440232549906  | time taken : 228.80978536605835
 Thread 2 estimated dimension 10 of 23 : 1  | time taken : 59.10015892982483
 Thread 1 estimated dimension 13 of 23 : 0.9972879825263924  | time taken : 59.87551188468933
 Thread 8 estimated dimension 7 of 23 : 1  | time taken : 69.57764601707458
 Thread 5 estimated dimension 12 of 23 : 1  | time taken : 66.46613359451294
 Thread 10 estimated dimension 8 of 23 : 0.8721385539129456  | time taken : 88.39918327331543
 Thread 2 estimated dimension 11 of 23 : 1  | time taken : 33.925278186798096
 Thread 13 estimated dimension 8 of 23 : 1  | time taken : 44.79678702354431
 Thread 11 estimated dimension 13 of 23 : 1  | time taken : 122.98933243751526
 Thread 12 estimated dimension 10 of 23 : 0.4812611974617373  | time taken : 178.6464340686798
 Thread 4 estimated dimension 9 of 23 : 0.588919672334947  | time taken : 110.14879727363586
 Thread 1 estimated dimension 14 of 23 : 1  | time taken : 56.88598299026489
 Thread 2 estimated dimension 12 of 23 : 1  | time taken : 33.42396545410156
 Thread 9 estimated dimension 15 of 23 : 0.5121377168298975  | time taken : 173.0963909626007
 Thread 7 estimated dimension 5 of 23 : 0.8404982508424103  | time taken : 106.62400436401367
 Thread 8 estimated dimension 8 of 23 : 0.57556770726392  | time taken : 87.78520822525024
 Thread 6 estimated dimension 11 of 23 : 0.5153990167802472  | time taken : 129.5030369758606
 Thread 3 estimated dimension 8 of 23 : 0.49396075045745375  | time taken : 232.2704198360443
 Thread 10 estimated dimension 9 of 23 : 0.7863353800932691  | time taken : 91.68451189994812
 Thread 1 estimated dimension 15 of 23 : 1  | time taken : 61.576926469802856
 Thread 5 estimated dimension 13 of 23 : 0.64398207503309  | time taken : 126.3376076221466
 Thread 8 estimated dimension 9 of 23 : 0.9800292715965058  | time taken : 65.81896805763245
 Thread 13 estimated dimension 9 of 23 : 0.6245542998296377  | time taken : 120.67501926422119
 Thread 6 estimated dimension 12 of 23 : 1  | time taken : 61.55977177619934
 Thread 4 estimated dimension 10 of 23 : 0.6501182999718949  | time taken : 135.50790214538574
 Thread 12 estimated dimension 11 of 23 : 0.5831734383554028  | time taken : 138.92998385429382
 Thread 11 estimated dimension 14 of 23 : 0.6760113846826329  | time taken : 144.0537497997284
 Thread 13 estimated dimension 10 of 23 : 0.9986344071564033  | time taken : 33.91100239753723
 Thread 9 estimated dimension 16 of 23 : 0.48618551949965527  | time taken : 126.83409214019775
 Thread 7 estimated dimension 6 of 23 : 0.5525227272389113  | time taken : 111.68049430847168
 Thread 10 estimated dimension 10 of 23 : 0.5220141870198443  | time taken : 95.54479217529297
 Thread 6 estimated dimension 13 of 23 : 0.9886262732397745  | time taken : 57.07294678688049
 Thread 5 estimated dimension 14 of 23 : 0.7785828481588796  | time taken : 94.00225615501404
 Thread 3 estimated dimension 9 of 23 : 0.9888728271002328  | time taken : 131.13019347190857
 Thread 12 estimated dimension 12 of 23 : 1  | time taken : 63.692949295043945
 Thread 13 estimated dimension 11 of 23 : 0.9925574140759875  | time taken : 70.6697154045105
 Thread 2 estimated dimension 13 of 23 : 0.4270991954897992  | time taken : 202.6774821281433
 Thread 7 estimated dimension 7 of 23 : 1  | time taken : 80.10400485992432
 Thread 9 estimated dimension 17 of 23 : 1  | time taken : 85.57123565673828
 Thread 1 estimated dimension 16 of 23 : 0.5554382288005859  | time taken : 162.6513156890869
 Thread 4 estimated dimension 11 of 23 : 0.9799952954450855  | time taken : 95.89021015167236
 Thread 6 estimated dimension 14 of 23 : 1  | time taken : 66.81913900375366
 Thread 10 estimated dimension 11 of 23 : 0.7745406684451343  | time taken : 96.99068975448608
 Thread 6 estimated dimension 15 of 23 : 1  | time taken : 36.33358860015869
 Thread 4 estimated dimension 12 of 23 : 0.9857770816117131  | time taken : 65.70758628845215
 Thread 3 estimated dimension 10 of 23 : 0.9999403471827555  | time taken : 105.11713743209839
 Thread 10 estimated dimension 12 of 23 : 1  | time taken : 65.66297698020935
 Thread 9 estimated dimension 18 of 23 : 0.9902712607252094  | time taken : 99.35200953483582
 Thread 12 estimated dimension 13 of 23 : 0.9947782760939934  | time taken : 126.99391651153564
 Thread 13 estimated dimension 12 of 23 : 0.5354646812579699  | time taken : 126.97262787818909
 Thread 1 estimated dimension 17 of 23 : 1  | time taken : 117.42670631408691
 Thread 5 estimated dimension 15 of 23 : 0.5627070429042659  | time taken : 171.48742413520813
 Thread 4 estimated dimension 13 of 23 : 1  | time taken : 63.9509961605072
 Thread 7 estimated dimension 8 of 23 : 0.5359474191967466  | time taken : 158.4406111240387
 Thread 8 estimated dimension 10 of 23 : 0.25496259308570396  | time taken : 294.5665280818939
 Thread 11 estimated dimension 15 of 23 : 0.45244830158315014  | time taken : 272.57195520401
 Thread 2 estimated dimension 14 of 23 : 0.3925130860063593  | time taken : 205.13221740722656
 Thread 12 estimated dimension 14 of 23 : 0.9992168966403009  | time taken : 91.08145952224731
 Thread 3 estimated dimension 11 of 23 : 0.6054151747918888  | time taken : 125.9935290813446
 Thread 6 estimated dimension 16 of 23 : 0.4944198571415973  | time taken : 160.63317728042603
 Thread 7 estimated dimension 9 of 23 : 0.9953773327249095  | time taken : 65.37692832946777
 Thread 1 estimated dimension 18 of 23 : 0.9931994212690732  | time taken : 108.90936732292175
 Thread 8 estimated dimension 11 of 23 : 0.9878092190489526  | time taken : 60.659308433532715
 Thread 10 estimated dimension 13 of 23 : 0.4956055523941876  | time taken : 146.55702424049377
 Thread 4 estimated dimension 14 of 23 : 0.5461271953275111  | time taken : 148.0435597896576
 Thread 9 estimated dimension 19 of 23 : 0.4336740941294862  | time taken : 183.95323491096497
 Thread 12 estimated dimension 15 of 23 : 0.9905178808647012  | time taken : 92.22050714492798
 Thread 3 estimated dimension 12 of 23 : 1  | time taken : 95.69122743606567
 Thread 8 estimated dimension 12 of 23 : 0.9914827574970302  | time taken : 87.25199317932129
 Thread 13 estimated dimension 13 of 23 : 0.40064682835056614  | time taken : 211.01082158088684
 Thread 10 estimated dimension 14 of 23 : 0.7802044838265338  | time taken : 89.61967635154724
 Thread 11 estimated dimension 16 of 23 : 1  | time taken : 156.09830904006958
 Thread 5 estimated dimension 16 of 23 : 0.3286154110436903  | time taken : 221.9430079460144
 Thread 6 estimated dimension 17 of 23 : 0.4863025815607038  | time taken : 155.22107124328613
 Thread 1 estimated dimension 19 of 23 : 0.6819070616706111  | time taken : 152.30195331573486
 Thread 9 estimated dimension 20 of 23 : 1  | time taken : 112.48431277275085
 Thread 4 estimated dimension 15 of 23 : 1  | time taken : 125.42244815826416
 Thread 6 estimated dimension 18 of 23 : 1  | time taken : 61.44615054130554
 Thread 12 estimated dimension 16 of 23 : 0.5799217140631976  | time taken : 144.50214004516602
 Thread 5 estimated dimension 17 of 23 : 0.9878988658819013  | time taken : 89.76695156097412
 Thread 11 estimated dimension 17 of 23 : 0.9930596178899186  | time taken : 117.6702013015747
 Thread 3 estimated dimension 13 of 23 : 0.9977464224352744  | time taken : 162.55607748031616
 Thread 13 estimated dimension 14 of 23 : 0.5666925673269557  | time taken : 165.72710466384888
 Thread 9 estimated dimension 21 of 23 : 0.9970899522877865  | time taken : 95.9087405204773
 Thread 4 estimated dimension 16 of 23 : 0.9989634062427537  | time taken : 93.68027544021606
 Thread 12 estimated dimension 17 of 23 : 0.9909343720825516  | time taken : 95.53623557090759
 Thread 5 estimated dimension 18 of 23 : 1  | time taken : 90.42786383628845
 Thread 10 estimated dimension 15 of 23 : 0.4754808203507814  | time taken : 203.2340338230133
 Thread 3 estimated dimension 14 of 23 : 1  | time taken : 95.15401124954224
 Thread 6 estimated dimension 19 of 23 : 0.6649811619298093  | time taken : 138.9881944656372
 Thread 8 estimated dimension 13 of 23 : 0.341581505751078  | time taken : 241.25300693511963
 Thread 11 estimated dimension 18 of 23 : 0.9986042203642338  | time taken : 121.67498803138733exiting with current heads : 14712 out of 14713 | exp rv: 60078.138162201474

 Thread 2 estimated dimension 15 of 23 : 0.24488109069358852  | time taken : 389.28459072113037
 Thread 13 estimated dimension 15 of 23 : 0.6701552007798063  | time taken : 106.55027890205383
 Thread 1 estimated dimension 20 of 23 : 0.5030220035753418  | time taken : 232.89782214164734
 Thread 4 estimated dimension 17 of 23 : 1  | time taken : 121.5572898387909
 Thread 9 estimated dimension 22 of 23 : 0.49523039616998377  | time taken : 153.48828220367432
 Thread 9 nsolns: 521870
 Thread 8 estimated dimension 14 of 23 : 1  | time taken : 85.85270810127258
 Thread 13 estimated dimension 16 of 23 : 0.9913296400754825  | time taken : 58.83638525009155
 Thread 7 estimated dimension 10 of 23 : 0.20241982792795976  | time taken : 431.98001432418823
 Thread 12 estimated dimension 18 of 23 : 0.994465943682889  | time taken : 146.92054557800293
 Thread 3 estimated dimension 15 of 23 : 0.9925113525069901  | time taken : 121.95909309387207
 Thread 5 estimated dimension 19 of 23 : 0.6155936160457871  | time taken : 153.20444798469543
 Thread 1 estimated dimension 21 of 23 : 0.9928642087245818  | time taken : 83.87188529968262
 Thread 2 estimated dimension 16 of 23 : 0.9868431617954398  | time taken : 137.0766303539276
 Thread 4 estimated dimension 18 of 23 : 0.9944972573383055  | time taken : 94.23227667808533
 Thread 11 estimated dimension 19 of 23 : 1  | time taken : 142.2822711467743
 Thread 8 estimated dimension 15 of 23 : 1  | time taken : 80.26323628425598
 Thread 12 estimated dimension 19 of 23 : 0.9991082073971274  | time taken : 61.540563344955444
 Thread 7 estimated dimension 11 of 23 : 1  | time taken : 88.27728700637817
 Thread 6 estimated dimension 20 of 23 : 0.5501098569935085  | time taken : 185.504239320755
 Thread 7 estimated dimension 12 of 23 : 0.9960183372992022  | time taken : 30.124152898788452
 Thread 10 estimated dimension 16 of 23 : 0.3339203817169783  | time taken : 252.91106176376343
 Thread 13 estimated dimension 17 of 23 : 0.4951315282322912  | time taken : 144.8791389465332
 Thread 4 estimated dimension 19 of 23 : 1  | time taken : 86.81774234771729
 Thread 1 estimated dimension 22 of 23 : 0.9956519151786783  | time taken : 130.06993675231934
 Thread 1 nsolns: 516444
 Thread 8 estimated dimension 16 of 23 : 0.983397291149095  | time taken : 110.16499495506287
 Thread 2 estimated dimension 17 of 23 : 0.9908025355408374  | time taken : 134.6648621559143
 Thread 11 estimated dimension 20 of 23 : 0.9920175662810102  | time taken : 144.69166922569275
 Thread 3 estimated dimension 16 of 23 : 0.4719593518349311  | time taken : 198.73488187789917
 Thread 10 estimated dimension 17 of 23 : 1  | time taken : 101.34703230857849
 Thread 6 estimated dimension 21 of 23 : 0.981648000122837  | time taken : 154.82897067070007
 Thread 5 estimated dimension 20 of 23 : 0.48546337136049134  | time taken : 226.78789353370667
 Thread 12 estimated dimension 20 of 23 : 0.4470254835228467  | time taken : 189.99904370307922
 Thread 13 estimated dimension 18 of 23 : 1  | time taken : 125.72106146812439
 Thread 2 estimated dimension 18 of 23 : 1  | time taken : 74.19065308570862
 Thread 4 estimated dimension 20 of 23 : 0.6674970673095018  | time taken : 132.0052993297577
 Thread 3 estimated dimension 17 of 23 : 0.9890806769388079  | time taken : 79.00035524368286
 Thread 10 estimated dimension 18 of 23 : 1  | time taken : 78.80598020553589
 Thread 13 estimated dimension 19 of 23 : 1  | time taken : 74.37235999107361
 Thread 7 estimated dimension 13 of 23 : 0.37359896665487025  | time taken : 235.40424704551697
 Thread 8 estimated dimension 17 of 23 : 0.48340668384018737  | time taken : 174.39403915405273
 Thread 11 estimated dimension 21 of 23 : 0.9985654644600642  | time taken : 149.18634247779846
 Thread 6 estimated dimension 22 of 23 : 0.9985479797063116  | time taken : 121.02570176124573
 Thread 6 nsolns: 494900
 Thread 2 estimated dimension 19 of 23 : 0.986265763600514  | time taken : 99.18939256668091
 Thread 12 estimated dimension 21 of 23 : 1  | time taken : 123.35947561264038
 Thread 5 estimated dimension 21 of 23 : 0.9925506207797689  | time taken : 136.86348223686218
 Thread 4 estimated dimension 21 of 23 : 0.9958054074819346  | time taken : 127.61502647399902
 Thread 3 estimated dimension 18 of 23 : 1  | time taken : 127.95104503631592
 Thread 2 estimated dimension 20 of 23 : 0.9953713994687722  | time taken : 66.60743260383606
 Thread 8 estimated dimension 18 of 23 : 0.9949502260715604  | time taken : 91.489675283432
 Thread 7 estimated dimension 14 of 23 : 0.9976181892456378  | time taken : 98.60610437393188
 Thread 10 estimated dimension 19 of 23 : 0.6270822448486824  | time taken : 145.687397480011
 Thread 13 estimated dimension 20 of 23 : 0.7080891055598182  | time taken : 116.98060512542725
 Thread 11 estimated dimension 22 of 23 : 0.9962859719750061  | time taken : 116.95859122276306
 Thread 11 nsolns: 503560
 Thread 5 estimated dimension 22 of 23 : 1  | time taken : 86.80354261398315
 Thread 5 nsolns: 502263
 Thread 7 estimated dimension 15 of 23 : 1  | time taken : 59.29034209251404
 Thread 12 estimated dimension 22 of 23 : 0.9959004214685153  | time taken : 124.90786623954773
 Thread 12 nsolns: 536934
 Thread 13 estimated dimension 21 of 23 : 1  | time taken : 59.18875813484192
 Thread 3 estimated dimension 19 of 23 : 0.9893687217595912  | time taken : 111.37785959243774
 Thread 2 estimated dimension 21 of 23 : 0.9965306851452267  | time taken : 105.63289952278137
 Thread 8 estimated dimension 19 of 23 : 1  | time taken : 104.7976233959198
 Thread 4 estimated dimension 22 of 23 : 0.5060436239551768  | time taken : 160.08504033088684
 Thread 4 nsolns: 536276
 Thread 8 estimated dimension 20 of 23 : 0.998551011182344  | time taken : 27.873287677764893
 Thread 7 estimated dimension 16 of 23 : 0.9926896243028289  | time taken : 81.27353191375732
 Thread 2 estimated dimension 22 of 23 : 0.9878309188371331  | time taken : 57.33084177970886
 Thread 2 nsolns: 518952
 Thread 10 estimated dimension 20 of 23 : 0.5041947293096692  | time taken : 145.40627789497375
 Thread 3 estimated dimension 20 of 23 : 0.9889683249863281  | time taken : 72.06597566604614
 Thread 13 estimated dimension 22 of 23 : 0.42836622707591493  | time taken : 95.93022012710571
 Thread 13 nsolns: 502424
 Thread 8 estimated dimension 21 of 23 : 1  | time taken : 57.81064558029175
 Thread 3 estimated dimension 21 of 23 : 0.9909436913216034  | time taken : 39.270973443984985
 Thread 7 estimated dimension 17 of 23 : 0.9918767831353965  | time taken : 67.65788125991821
 Thread 10 estimated dimension 21 of 23 : 0.9858600475403053  | time taken : 61.94109058380127
 Thread 8 estimated dimension 22 of 23 : 0.9870302558310864  | time taken : 27.010741472244263
 Thread 8 nsolns: 527343
 Thread 3 estimated dimension 22 of 23 : 0.9991277275153043  | time taken : 26.35591173171997
 Thread 3 nsolns: 556038
 Thread 7 estimated dimension 18 of 23 : 0.9863978808093898  | time taken : 20.46385669708252
 Thread 10 estimated dimension 22 of 23 : 1  | time taken : 21.791454315185547
 Thread 10 nsolns: 560036
 Thread 7 estimated dimension 19 of 23 : 1  | time taken : 16.712806463241577
 Thread 7 estimated dimension 20 of 23 : 0.9998233367644825  | time taken : 11.294750452041626
 Thread 7 estimated dimension 21 of 23 : 1  | time taken : 13.716131687164307
 Thread 7 estimated dimension 22 of 23 : 0.9981374771708267  | time taken : 10.27881407737732
 Thread 7 nsolns: 557234
 estimated weights : [0.0004475321757032291, 0.0009145131056609435, 0.0004361252710122707, 0.00019318145160286362, 0.0004914959644343555, 0.0003347976799316952, 0.0006286377811260094, 0.0002919719552617418, 0.0005932254702710375, 0.0005448118897254837, 0.0013115868389012842, 0.0002902405920735599, 0.00048156318815889646, 0.00040624075280771665, 0.000279323397796926, 0.00046543453548844143, 0.00018550139333883256, 0.0003468688926889189, 0.00041151655153776664, 0.0005182200356756927, 0.0007627344448149985, 0.00033262967571234055, 0.0003163690296439764, 0.0001939748529424413, 0.00012129746654921108, 0.0005041234025328, 0.00029994525879360143, 0.00011886368108143633, 0.00028158574320158555, 0.00030897023862595514, 0.0004179798350415903, 0.0007282846401116497, 0.0003954298515616114, 0.0004484838678575818, 0.0005287197056601586, 0.00047617089218767616, 0.000328946705041551, 0.0003995692177823525, 0.0002646102468386206, 0.00011774872867410406, 0.0006023295944202747]
