numSolutions: 44 k : 10635
17 44 0.048507125007266595 0.00013368983957219254

 Thread 2 estimated dimension 0 of 17 : 0.6713753107549947  | time taken : 86.35617280006409
 Thread 1 estimated dimension 0 of 17 : 0.6597638354681115  | time taken : 106.91395711898804
 Thread 5 estimated dimension 0 of 17 : 0.6114690080738806  | time taken : 120.49898529052734
 Thread 13 estimated dimension 0 of 17 : 0.6572421985292211  | time taken : 174.92175197601318
 Thread 4 estimated dimension 0 of 17 : 0.6247658049414077  | time taken : 188.3953800201416
 Thread 3 estimated dimension 0 of 17 : 0.5882498128167081  | time taken : 193.4782199859619
 Thread 2 estimated dimension 1 of 17 : 0.544701171518676  | time taken : 153.88102746009827
 Thread 6 estimated dimension 0 of 17 : 0.3695706609643916  | time taken : 287.2357642650604
 Thread 10 estimated dimension 0 of 17 : 0.4388323395782034  | time taken : 295.1366126537323
 Thread 5 estimated dimension 1 of 17 : 0.4941827839559815  | time taken : 175.98658657073975
 Thread 8 estimated dimension 0 of 17 : 0.44121578272074796  | time taken : 302.26352548599243
 Thread 12 estimated dimension 0 of 17 : 0.2926508483217764  | time taken : 307.3068301677704
 Thread 10 estimated dimension 1 of 17 : 0.9976741778517908  | time taken : 29.816420793533325
 Thread 7 estimated dimension 0 of 17 : 0.4407575760346559  | time taken : 328.94239115715027
 Thread 13 estimated dimension 1 of 17 : 0.5060918353612563  | time taken : 152.6417157649994
 Thread 6 estimated dimension 1 of 17 : 0.9928970498023669  | time taken : 43.305272340774536
 Thread 9 estimated dimension 0 of 17 : 0.4415368447689487  | time taken : 332.8420526981354
 Thread 8 estimated dimension 1 of 17 : 1  | time taken : 34.39297342300415
 Thread 12 estimated dimension 1 of 17 : 0.9917564220321756  | time taken : 29.699036359786987
 Thread 14 estimated dimension 0 of 17 : 0.3137720553381161  | time taken : 350.2500319480896
 Thread 4 estimated dimension 1 of 17 : 0.5127689639119606  | time taken : 162.79343843460083
 Thread 9 estimated dimension 1 of 17 : 0.9976003208779228  | time taken : 21.355472564697266
 Thread 1 estimated dimension 1 of 17 : 0.4712133691861877  | time taken : 252.22258162498474
 Thread 12 estimated dimension 2 of 17 : 1  | time taken : 17.054656744003296
 Thread 8 estimated dimension 2 of 17 : 1  | time taken : 18.142517566680908
 Thread 14 estimated dimension 1 of 17 : 0.990415104699332  | time taken : 14.939440488815308
 Thread 7 estimated dimension 1 of 17 : 0.989114371148117  | time taken : 37.33687353134155
 Thread 6 estimated dimension 2 of 17 : 1  | time taken : 35.31726384162903
 Thread 10 estimated dimension 2 of 17 : 0.9927184929878126  | time taken : 40.586644887924194
 Thread 9 estimated dimension 2 of 17 : 1  | time taken : 19.48219656944275
 Thread 3 estimated dimension 1 of 17 : 0.6458557615348873  | time taken : 183.69510412216187
 Thread 1 estimated dimension 2 of 17 : 1  | time taken : 20.122867584228516
 Thread 7 estimated dimension 2 of 17 : 0.9966339168854388  | time taken : 23.530987977981567
 Thread 2 estimated dimension 2 of 17 : 0.5656541632558041  | time taken : 158.00811290740967
 Thread 14 estimated dimension 2 of 17 : 0.9946313837382015  | time taken : 42.107091665267944
 Thread 3 estimated dimension 2 of 17 : 0.9984558367321648  | time taken : 39.377461433410645
 Thread 11 estimated dimension 0 of 17 : 0.3662663477278195  | time taken : 432.46872758865356
 Thread 13 estimated dimension 2 of 17 : 0.8237464251660124  | time taken : 111.13879466056824
 Thread 11 estimated dimension 1 of 17 : 0.9926311320277473  | time taken : 15.267743825912476
 Thread 11 estimated dimension 2 of 17 : 0.9978746901544459  | time taken : 14.07904839515686
 Thread 5 estimated dimension 2 of 17 : 0.6591121792271024  | time taken : 185.92593693733215
 Thread 4 estimated dimension 2 of 17 : 0.7920231086516536  | time taken : 138.79184770584106
 Thread 2 estimated dimension 3 of 17 : 0.7611409387031179  | time taken : 99.59755635261536
 Thread 1 estimated dimension 3 of 17 : 0.5697505855280577  | time taken : 142.49840593338013
 Thread 7 estimated dimension 3 of 17 : 0.6996338023551967  | time taken : 141.0520887374878
 Thread 10 estimated dimension 3 of 17 : 0.6076299563044358  | time taken : 173.06933522224426
 Thread 13 estimated dimension 3 of 17 : 0.7365473376762088  | time taken : 109.66111016273499
 Thread 3 estimated dimension 3 of 17 : 0.5651688575503452  | time taken : 148.43681955337524
 Thread 7 estimated dimension 4 of 17 : 1  | time taken : 33.201515674591064
 Thread 12 estimated dimension 3 of 17 : 0.6073145219741801  | time taken : 214.49235248565674
 Thread 9 estimated dimension 3 of 17 : 0.6366471165412517  | time taken : 198.52821159362793
 Thread 10 estimated dimension 4 of 17 : 1  | time taken : 33.42287755012512
 Thread 5 estimated dimension 3 of 17 : 0.7404043606868682  | time taken : 95.31927275657654
 Thread 14 estimated dimension 3 of 17 : 0.6589774562161114  | time taken : 179.63123774528503
 Thread 4 estimated dimension 3 of 17 : 0.7767672351344393  | time taken : 94.91127705574036
 Thread 8 estimated dimension 3 of 17 : 0.6615580630938769  | time taken : 234.0117700099945
 Thread 12 estimated dimension 4 of 17 : 1  | time taken : 36.61453914642334
 Thread 14 estimated dimension 4 of 17 : 0.9925777400675494  | time taken : 25.357208490371704
 Thread 8 estimated dimension 4 of 17 : 0.9937838238212479  | time taken : 26.083765745162964
 Thread 9 estimated dimension 4 of 17 : 1  | time taken : 44.29559397697449
 Thread 6 estimated dimension 3 of 17 : 0.3710662522185958  | time taken : 281.64156103134155
 Thread 2 estimated dimension 4 of 17 : 0.4739654121029566  | time taken : 194.51742815971375
 Thread 1 estimated dimension 4 of 17 : 0.5544232990609144  | time taken : 185.83615732192993
 Thread 3 estimated dimension 4 of 17 : 0.6304935754385155  | time taken : 151.97827172279358
 Thread 7 estimated dimension 5 of 17 : 0.5794129585054676  | time taken : 173.75850820541382
 Thread 10 estimated dimension 5 of 17 : 0.5840170537281298  | time taken : 170.3054552078247
 Thread 4 estimated dimension 4 of 17 : 0.5109655835560942  | time taken : 169.98335003852844
 Thread 13 estimated dimension 4 of 17 : 0.4442949307612521  | time taken : 203.14243459701538
 Thread 8 estimated dimension 5 of 17 : 0.5292249198829057  | time taken : 147.97003960609436
 Thread 5 estimated dimension 4 of 17 : 0.5341295975487519  | time taken : 193.84622192382812
 Thread 7 estimated dimension 6 of 17 : 0.994859535204008  | time taken : 34.067930936813354
 Thread 11 estimated dimension 3 of 17 : 0.3519786587022125  | time taken : 328.3300778865814
 Thread 8 estimated dimension 6 of 17 : 0.9921045202897083  | time taken : 19.990347623825073
 Thread 10 estimated dimension 6 of 17 : 0.9993508000186124  | time taken : 51.05425834655762
 Thread 14 estimated dimension 5 of 17 : 0.5955608286923418  | time taken : 190.19049096107483
 Thread 8 estimated dimension 7 of 17 : 1  | time taken : 33.308643102645874
 Thread 7 estimated dimension 7 of 17 : 0.9997552227596375  | time taken : 47.63066506385803
 Thread 10 estimated dimension 7 of 17 : 0.997759679567362  | time taken : 30.25378656387329
 Thread 14 estimated dimension 6 of 17 : 0.976406834754829  | time taken : 29.511301279067993
 Thread 12 estimated dimension 5 of 17 : 0.39821171996468746  | time taken : 231.54252886772156
 Thread 14 estimated dimension 7 of 17 : 0.9863898060467936  | time taken : 32.22342038154602
 Thread 9 estimated dimension 5 of 17 : 0.406748969218959  | time taken : 266.45919919013977
 Thread 4 estimated dimension 5 of 17 : 0.68072566281923  | time taken : 149.20913982391357
 Thread 1 estimated dimension 5 of 17 : 0.44497286375489  | time taken : 212.94751715660095
 Thread 3 estimated dimension 5 of 17 : 0.47034833487079736  | time taken : 200.6117103099823
 Thread 11 estimated dimension 4 of 17 : 0.7357516639000546  | time taken : 144.31717681884766
 Thread 4 estimated dimension 6 of 17 : 0.9968016909451837  | time taken : 44.5314462184906
 Thread 1 estimated dimension 6 of 17 : 0.9847174198360639  | time taken : 29.74529004096985
 Thread 11 estimated dimension 5 of 17 : 1  | time taken : 15.050426244735718
 Thread 3 estimated dimension 6 of 17 : 0.9970832980096348  | time taken : 33.4176070690155
 Thread 4 estimated dimension 7 of 17 : 1  | time taken : 19.972378969192505
 Thread 3 estimated dimension 7 of 17 : 1  | time taken : 17.188275575637817
 Thread 2 estimated dimension 5 of 17 : 0.36723237880821064  | time taken : 285.10023021698
 Thread 1 estimated dimension 7 of 17 : 0.9929367111227999  | time taken : 32.15004754066467
 Thread 5 estimated dimension 5 of 17 : 0.5456624772724541  | time taken : 234.94176197052002
 Thread 3 estimated dimension 8 of 17 : 0.9962308533406877  | time taken : 32.26388931274414
 Thread 1 estimated dimension 8 of 17 : 0.987107631903119  | time taken : 31.423262119293213
 Thread 2 estimated dimension 6 of 17 : 0.9927692276974872  | time taken : 46.065308570861816
 Thread 7 estimated dimension 8 of 17 : 0.44155343263653113  | time taken : 219.80856251716614
 Thread 10 estimated dimension 8 of 17 : 0.4827703706362925  | time taken : 221.9113073348999
 Thread 2 estimated dimension 7 of 17 : 0.9987749078536311  | time taken : 28.00879454612732
 Thread 8 estimated dimension 8 of 17 : 0.49427719063702946  | time taken : 234.4768705368042
 Thread 2 estimated dimension 8 of 17 : 0.9916787234981388  | time taken : 26.977850914001465
 Thread 14 estimated dimension 8 of 17 : 0.46103977289296194  | time taken : 225.77305483818054
 Thread 14 estimated dimension 9 of 17 : 0.9812603355860855  | time taken : 15.38572359085083
 Thread 2 estimated dimension 9 of 17 : 0.9995539179142621  | time taken : 26.780097246170044
 Thread 2 estimated dimension 10 of 17 : 0.9993323755466177  | time taken : 14.64034366607666
 Thread 13 estimated dimension 5 of 17 : 0.32543288548607513  | time taken : 385.0097289085388
 Thread 14 estimated dimension 10 of 17 : 1  | time taken : 27.57394313812256
 Thread 6 estimated dimension 4 of 17 : 0.2546366338817012  | time taken : 500.17558217048645
 Thread 2 estimated dimension 11 of 17 : 0.9997149624502686  | time taken : 11.307703971862793
 Thread 3 estimated dimension 9 of 17 : 0.6316861659477406  | time taken : 147.53763818740845
 Thread 8 estimated dimension 9 of 17 : 0.647439848071432  | time taken : 122.10462713241577
 Thread 13 estimated dimension 6 of 17 : 0.9991598955252069  | time taken : 46.24700736999512
 Thread 4 estimated dimension 8 of 17 : 0.42848452079175775  | time taken : 213.80122876167297
 Thread 6 estimated dimension 5 of 17 : 1  | time taken : 43.58786225318909
 Thread 12 estimated dimension 6 of 17 : 0.3203204755269091  | time taken : 356.29334449768066
 Thread 10 estimated dimension 9 of 17 : 0.6053409029676466  | time taken : 145.21000456809998
 Thread 3 estimated dimension 10 of 17 : 1  | time taken : 48.9248902797699
 Thread 4 estimated dimension 9 of 17 : 0.9862046847919008  | time taken : 23.518264055252075
 Thread 6 estimated dimension 6 of 17 : 0.9952886923869733  | time taken : 35.6854043006897
 Thread 13 estimated dimension 7 of 17 : 0.9934529645913152  | time taken : 38.62902855873108
 Thread 10 estimated dimension 10 of 17 : 1  | time taken : 33.81520938873291
 Thread 8 estimated dimension 10 of 17 : 0.996464173649194  | time taken : 53.83556270599365
 Thread 3 estimated dimension 11 of 17 : 0.996115157874478  | time taken : 36.66723036766052
 Thread 9 estimated dimension 6 of 17 : 0.36688113400244554  | time taken : 370.1848931312561
 Thread 10 estimated dimension 11 of 17 : 1  | time taken : 27.28379487991333
 Thread 4 estimated dimension 10 of 17 : 0.9999682844676441  | time taken : 51.87069249153137
 Thread 13 estimated dimension 8 of 17 : 1  | time taken : 39.74678421020508
 Thread 8 estimated dimension 11 of 17 : 0.9942852454690967  | time taken : 31.056776762008667
 Thread 4 estimated dimension 11 of 17 : 0.9778544457617525  | time taken : 17.473196983337402
 Thread 11 estimated dimension 6 of 17 : 0.3314512049073866  | time taken : 339.11989879608154
 Thread 12 estimated dimension 7 of 17 : 0.8046530085187779  | time taken : 102.2360098361969
 Thread 14 estimated dimension 11 of 17 : 0.6287343226314638  | time taken : 171.46183848381042
 Thread 13 estimated dimension 9 of 17 : 1  | time taken : 47.97469520568848
 Thread 7 estimated dimension 9 of 17 : 0.4050068141057554  | time taken : 277.42061400413513
 Thread 1 estimated dimension 9 of 17 : 0.40486381842004954  | time taken : 316.5937957763672
 Thread 12 estimated dimension 8 of 17 : 0.992085566399585  | time taken : 32.35818791389465
 Thread 5 estimated dimension 6 of 17 : 0.33001076828115194  | time taken : 332.30491852760315
 Thread 13 estimated dimension 10 of 17 : 0.9826494655061027  | time taken : 29.17467212677002
 Thread 9 estimated dimension 7 of 17 : 0.8214624998301807  | time taken : 95.31313943862915
 Thread 6 estimated dimension 7 of 17 : 0.7573017412284276  | time taken : 147.2957661151886
 Thread 9 estimated dimension 8 of 17 : 0.9870416688029885  | time taken : 29.283562183380127
 Thread 13 estimated dimension 11 of 17 : 0.9960958871426663  | time taken : 35.87123394012451
 Thread 12 estimated dimension 9 of 17 : 0.9935187104381676  | time taken : 55.92385673522949
 Thread 5 estimated dimension 7 of 17 : 0.9828230887608672  | time taken : 58.67140793800354
 Thread 2 estimated dimension 12 of 17 : 0.4911609790052697  | time taken : 260.978707075119
 Thread 9 estimated dimension 9 of 17 : 0.9992784559206531  | time taken : 32.52793765068054
 Thread 6 estimated dimension 8 of 17 : 0.9823244789662723  | time taken : 45.808093786239624
 Thread 5 estimated dimension 8 of 17 : 1  | time taken : 43.39150857925415
 Thread 1 estimated dimension 10 of 17 : 0.7574193251848756  | time taken : 124.68896913528442
 Thread 10 estimated dimension 12 of 17 : 0.5363742952306803  | time taken : 198.8856019973755
 Thread 6 estimated dimension 9 of 17 : 1  | time taken : 49.1593017578125
 Thread 3 estimated dimension 12 of 17 : 0.4892823615717584  | time taken : 226.9032130241394
 Thread 5 estimated dimension 9 of 17 : 0.9869861175214988  | time taken : 46.33934950828552
 Thread 10 estimated dimension 13 of 17 : 1  | time taken : 26.819120407104492
 Thread 9 estimated dimension 10 of 17 : 0.7603423462084534  | time taken : 82.64236211776733
 Thread 4 estimated dimension 12 of 17 : 0.5025779665146886  | time taken : 213.43918752670288
 Thread 1 estimated dimension 11 of 17 : 1  | time taken : 42.8584623336792
 Thread 5 estimated dimension 10 of 17 : 0.9762929471098697  | time taken : 16.81952142715454
 Thread 12 estimated dimension 10 of 17 : 0.7446890457967236  | time taken : 124.51134896278381
 Thread 3 estimated dimension 13 of 17 : 1  | time taken : 43.26531958580017
 Thread 10 estimated dimension 14 of 17 : 0.9993177132425525  | time taken : 30.950809717178345
 Thread 1 estimated dimension 12 of 17 : 0.9857396618050023  | time taken : 32.13451600074768
 Thread 4 estimated dimension 13 of 17 : 0.9707179272296332  | time taken : 43.399075746536255
 Thread 12 estimated dimension 11 of 17 : 0.9944487128345902  | time taken : 34.04134130477905
 Thread 9 estimated dimension 11 of 17 : 1  | time taken : 56.46591067314148
 Thread 8 estimated dimension 12 of 17 : 0.46237762885445016  | time taken : 286.0306763648987
 Thread 5 estimated dimension 11 of 17 : 1  | time taken : 49.47647523880005
 Thread 3 estimated dimension 14 of 17 : 1  | time taken : 46.48351979255676
 Thread 4 estimated dimension 14 of 17 : 0.9962360528604743  | time taken : 43.803603410720825
 Thread 2 estimated dimension 13 of 17 : 0.6726066509013855  | time taken : 187.73570370674133
 Thread 12 estimated dimension 12 of 17 : 0.9951220649133908  | time taken : 39.18936848640442
 Thread 9 estimated dimension 12 of 17 : 1  | time taken : 39.06366562843323
 Thread 5 estimated dimension 12 of 17 : 1  | time taken : 34.937220096588135
 Thread 13 estimated dimension 12 of 17 : 0.4989642319717781  | time taken : 232.18927693367004
 Thread 6 estimated dimension 10 of 17 : 0.7647701920971075  | time taken : 150.0124866962433
 Thread 14 estimated dimension 12 of 17 : 0.48702156214781894  | time taken : 342.47620677948
 Thread 2 estimated dimension 14 of 17 : 1  | time taken : 55.611401081085205
 Thread 6 estimated dimension 11 of 17 : 1  | time taken : 50.01000189781189
 Thread 13 estimated dimension 13 of 17 : 1  | time taken : 69.1145601272583
 Thread 2 estimated dimension 15 of 17 : 0.9876266004292962  | time taken : 51.10685467720032
 Thread 6 estimated dimension 12 of 17 : 0.9960380387683438  | time taken : 37.83546018600464
 Thread 1 estimated dimension 13 of 17 : 0.6977145264348293  | time taken : 180.63623452186584
 Thread 8 estimated dimension 13 of 17 : 0.6726273533706609  | time taken : 175.56448006629944
 Thread 13 estimated dimension 14 of 17 : 1  | time taken : 57.397910833358765
 Thread 1 estimated dimension 14 of 17 : 0.9866048048594733  | time taken : 32.49507522583008
 Thread 12 estimated dimension 13 of 17 : 0.7007416800898923  | time taken : 175.2591531276703
 Thread 8 estimated dimension 14 of 17 : 1  | time taken : 55.14769959449768
 Thread 12 estimated dimension 14 of 17 : 0.9981575180487444  | time taken : 33.24796533584595
 Thread 1 estimated dimension 15 of 17 : 1  | time taken : 60.15541481971741
 Thread 8 estimated dimension 15 of 17 : 1  | time taken : 43.469600677490234
 Thread 12 estimated dimension 15 of 17 : 1  | time taken : 38.14852333068848
 Thread 7 estimated dimension 10 of 17 : 0.25516553472722076  | time taken : 548.9795346260071
 Thread 6 estimated dimension 13 of 17 : 0.6123658624651024  | time taken : 179.6603126525879
 Thread 7 estimated dimension 11 of 17 : 1  | time taken : 74.85737657546997
 Thread 10 estimated dimension 15 of 17 : 0.33094815730961735  | time taken : 424.28818464279175
 Thread 6 estimated dimension 14 of 17 : 1  | time taken : 57.41927218437195
 Thread 9 estimated dimension 13 of 17 : 0.33959756910450756  | time taken : 405.31237292289734
 Thread 7 estimated dimension 12 of 17 : 1  | time taken : 57.92121958732605
 Thread 10 estimated dimension 16 of 17 : 1  | time taken : 58.05500054359436
 Thread 10 nsolns: 257560
 Thread 6 estimated dimension 15 of 17 : 0.9783358321717517  | time taken : 58.425485610961914
 Thread 3 estimated dimension 15 of 17 : 0.3276353393519713  | time taken : 450.9660530090332
 Thread 4 estimated dimension 15 of 17 : 0.32556628543429633  | time taken : 447.66847372055054exiting with current heads : 10634 out of 10635 | exp rv: 55323.50740173533

 Thread 11 estimated dimension 7 of 17 : 0.19221485584383688  | time taken : 761.3423271179199
 Thread 9 estimated dimension 14 of 17 : 0.992960005090796  | time taken : 57.315491914749146
 Thread 5 estimated dimension 13 of 17 : 0.3302410366904644  | time taken : 460.79457092285156
 Thread 2 estimated dimension 16 of 17 : 0.44403435483038345  | time taken : 357.3010582923889
 Thread 2 nsolns: 265655
 Thread 4 estimated dimension 16 of 17 : 1  | time taken : 30.850438594818115
 Thread 4 nsolns: 265252
 Thread 7 estimated dimension 13 of 17 : 0.9927537191412038  | time taken : 79.42889833450317
 Thread 3 estimated dimension 16 of 17 : 0.9999669747003606  | time taken : 67.83327722549438
 Thread 3 nsolns: 258948
 Thread 12 estimated dimension 16 of 17 : 0.5036271127517841  | time taken : 271.55849719047546
 Thread 12 nsolns: 273487
 Thread 11 estimated dimension 8 of 17 : 1  | time taken : 85.74560928344727
 Thread 8 estimated dimension 16 of 17 : 0.5201904935978843  | time taken : 296.46718192100525
 Thread 8 nsolns: 252800
 Thread 10 estimated dimension 0 of 17 : 0.662986706934057  | time taken : 133.18709540367126
 Thread 5 estimated dimension 14 of 17 : 0.994657864805565  | time taken : 90.66268253326416
 Thread 14 estimated dimension 13 of 17 : 0.32887051943827883  | time taken : 514.6961734294891
 Thread 1 estimated dimension 16 of 17 : 0.5025420254960761  | time taken : 346.36129117012024
 Thread 9 estimated dimension 15 of 17 : 1  | time taken : 106.42780995368958
 Thread 1 nsolns: 262300
 Thread 7 estimated dimension 14 of 17 : 0.9941955596399871  | time taken : 76.51258444786072
 Thread 2 estimated dimension 0 of 17 : 0.7850361444381802  | time taken : 123.50472664833069
 Thread 11 estimated dimension 9 of 17 : 1  | time taken : 82.20938229560852
 Thread 14 estimated dimension 14 of 17 : 1  | time taken : 68.7092649936676
 Thread 5 estimated dimension 15 of 17 : 0.9944949212130221  | time taken : 79.30574703216553
 Thread 7 estimated dimension 15 of 17 : 1  | time taken : 70.29960417747498
 Thread 13 estimated dimension 15 of 17 : 0.3498598993167067  | time taken : 496.1633212566376
 Thread 3 estimated dimension 0 of 17 : 0.6584725262741243  | time taken : 166.74824905395508
 Thread 4 estimated dimension 0 of 17 : 0.5894298013731087  | time taken : 190.5447027683258
 Thread 12 estimated dimension 0 of 17 : 0.6420370757588405  | time taken : 141.83593797683716
 Thread 9 estimated dimension 16 of 17 : 1  | time taken : 100.36257648468018
 Thread 9 nsolns: 260914
 Thread 13 estimated dimension 16 of 17 : 1  | time taken : 52.44530129432678
 Thread 11 estimated dimension 10 of 17 : 1  | time taken : 80.99742603302002
 Thread 13 nsolns: 268526
 Thread 5 estimated dimension 16 of 17 : 1  | time taken : 68.29826617240906
 Thread 5 nsolns: 269192
 Thread 7 estimated dimension 16 of 17 : 1  | time taken : 70.4757730960846
 Thread 7 nsolns: 266368
 Thread 14 estimated dimension 15 of 17 : 0.9917607429389814  | time taken : 87.94758224487305
 Thread 8 estimated dimension 0 of 17 : 0.5734609562201944  | time taken : 191.15321350097656
 Thread 6 estimated dimension 16 of 17 : 0.4833994335778049  | time taken : 321.52027702331543
 Thread 6 nsolns: 272434
 Thread 10 estimated dimension 1 of 17 : 0.4618487135212258  | time taken : 215.2329294681549
 Thread 11 estimated dimension 11 of 17 : 0.9832123407565645  | time taken : 63.8954656124115
 Thread 14 estimated dimension 16 of 17 : 0.9975368052397041  | time taken : 80.08499431610107
 Thread 10 estimated dimension 2 of 17 : 0.9867439106200157  | time taken : 40.5258903503418
 Thread 14 nsolns: 268150
 Thread 11 estimated dimension 12 of 17 : 0.9863816849176593  | time taken : 66.11274790763855
 Thread 2 estimated dimension 1 of 17 : 0.5252985580007133  | time taken : 243.87365794181824
 Thread 2 estimated dimension 2 of 17 : 1  | time taken : 30.873830795288086
 Thread 3 estimated dimension 1 of 17 : 0.5431252453122916  | time taken : 230.3349187374115
 Thread 11 estimated dimension 13 of 17 : 1  | time taken : 57.41101264953613
 Thread 8 estimated dimension 1 of 17 : 0.5304123862066705  | time taken : 177.91395378112793
 Thread 3 estimated dimension 2 of 17 : 0.9907738911321547  | time taken : 33.071927309036255
 Thread 1 estimated dimension 0 of 17 : 0.42237875068423364  | time taken : 380.5711016654968
 Thread 1 estimated dimension 1 of 17 : 1  | time taken : 12.79332184791565
 Thread 11 estimated dimension 14 of 17 : 1  | time taken : 63.856497049331665
 Thread 10 estimated dimension 3 of 17 : 0.6163471898677646  | time taken : 162.9164960384369
 Thread 12 estimated dimension 1 of 17 : 0.5430108800670386  | time taken : 305.5954086780548
 Thread 1 estimated dimension 2 of 17 : 0.9904284367869155  | time taken : 19.010632276535034
 Thread 12 estimated dimension 2 of 17 : 0.9999756140430182  | time taken : 31.66432023048401
 Thread 11 estimated dimension 15 of 17 : 1  | time taken : 46.5599570274353
 Thread 2 estimated dimension 3 of 17 : 0.5681483479180924  | time taken : 144.69258213043213
 Thread 4 estimated dimension 1 of 17 : 0.4949538391058977  | time taken : 361.6193437576294
 Thread 6 estimated dimension 0 of 17 : 0.36798707560881017  | time taken : 297.99247097969055
 Thread 6 estimated dimension 1 of 17 : 0.9918851215805553  | time taken : 21.955442190170288
 Thread 4 estimated dimension 2 of 17 : 0.985438926148972  | time taken : 36.957176208496094
 Thread 7 estimated dimension 0 of 17 : 0.29086311861880726  | time taken : 350.6997699737549
 Thread 11 estimated dimension 16 of 17 : 1  | time taken : 70.25721716880798
 Thread 11 nsolns: 288983
 Thread 6 estimated dimension 2 of 17 : 1  | time taken : 20.506649255752563
 Thread 9 estimated dimension 0 of 17 : 0.2993366817165345  | time taken : 420.1765732765198
 Thread 7 estimated dimension 1 of 17 : 1  | time taken : 21.86465358734131
 Thread 8 estimated dimension 2 of 17 : 0.5164813386804376  | time taken : 196.4069845676422
 Thread 7 estimated dimension 2 of 17 : 1  | time taken : 17.035605669021606
 Thread 9 estimated dimension 1 of 17 : 0.9848829104910064  | time taken : 23.09586763381958
 Thread 5 estimated dimension 0 of 17 : 0.3681114100509744  | time taken : 419.2459988594055
 Thread 13 estimated dimension 0 of 17 : 0.38654667084622324  | time taken : 438.355877161026
 Thread 9 estimated dimension 2 of 17 : 0.9921166616741302  | time taken : 19.52044939994812
 Thread 13 estimated dimension 1 of 17 : 1  | time taken : 22.272506952285767
 Thread 5 estimated dimension 1 of 17 : 1  | time taken : 38.05974507331848
 Thread 10 estimated dimension 4 of 17 : 0.5881507640382095  | time taken : 194.55837082862854
 Thread 5 estimated dimension 2 of 17 : 1  | time taken : 18.424542665481567
 Thread 13 estimated dimension 2 of 17 : 1  | time taken : 27.591716289520264
 Thread 14 estimated dimension 0 of 17 : 0.4519683402957328  | time taken : 408.28591799736023
 Thread 8 estimated dimension 3 of 17 : 0.759922380677284  | time taken : 114.23907685279846
 Thread 2 estimated dimension 4 of 17 : 0.6561390285667367  | time taken : 211.44784951210022
 Thread 14 estimated dimension 1 of 17 : 0.9926752337003808  | time taken : 14.899377584457397
 Thread 3 estimated dimension 3 of 17 : 0.42004291324486964  | time taken : 311.36287117004395
 Thread 11 estimated dimension 0 of 17 : 0.6838391785050945  | time taken : 165.39499425888062
 Thread 6 estimated dimension 3 of 17 : 0.5983877351252308  | time taken : 169.85795950889587
 Thread 14 estimated dimension 2 of 17 : 1  | time taken : 27.610613346099854
 Thread 3 estimated dimension 4 of 17 : 0.99233401346718  | time taken : 27.03534984588623
 Thread 6 estimated dimension 4 of 17 : 0.9981062387882466  | time taken : 17.81342601776123
 Thread 7 estimated dimension 3 of 17 : 0.5806412046652898  | time taken : 163.44149208068848
 Thread 12 estimated dimension 3 of 17 : 0.4059950255542542  | time taken : 294.3691346645355
 Thread 3 estimated dimension 5 of 17 : 1  | time taken : 33.879860401153564
 Thread 7 estimated dimension 4 of 17 : 1  | time taken : 31.970505714416504
 Thread 1 estimated dimension 3 of 17 : 0.34493869151015716  | time taken : 339.99518489837646
 Thread 12 estimated dimension 4 of 17 : 0.9950348313755615  | time taken : 37.439706563949585
 Thread 3 estimated dimension 6 of 17 : 0.9852528855112941  | time taken : 49.50592041015625
 Thread 13 estimated dimension 3 of 17 : 0.6303701734506638  | time taken : 167.26597833633423
 Thread 3 estimated dimension 7 of 17 : 0.9936560442613533  | time taken : 28.08688449859619
 Thread 12 estimated dimension 5 of 17 : 0.9892866633999844  | time taken : 45.70096278190613
 Thread 10 estimated dimension 5 of 17 : 0.526997514898149  | time taken : 230.9335231781006
 Thread 13 estimated dimension 4 of 17 : 0.9974096584113185  | time taken : 32.903043031692505
 Thread 11 estimated dimension 1 of 17 : 0.7458190559618244  | time taken : 143.33982276916504
 Thread 4 estimated dimension 3 of 17 : 0.3995574989831145  | time taken : 338.705605506897
 Thread 14 estimated dimension 3 of 17 : 0.605568082661397  | time taken : 151.18507146835327
 Thread 1 estimated dimension 4 of 17 : 0.7673431160644012  | time taken : 94.16327548027039
 Thread 12 estimated dimension 6 of 17 : 0.9936260624387977  | time taken : 31.661304712295532
 Thread 10 estimated dimension 6 of 17 : 0.9997769844100409  | time taken : 30.84941530227661
 Thread 8 estimated dimension 4 of 17 : 0.5100381449994609  | time taken : 218.24330639839172
 Thread 4 estimated dimension 4 of 17 : 1  | time taken : 35.94367265701294
 Thread 2 estimated dimension 5 of 17 : 0.5166493752593467  | time taken : 215.10268807411194
 Thread 14 estimated dimension 4 of 17 : 0.9994269684055633  | time taken : 32.923532485961914
 Thread 12 estimated dimension 7 of 17 : 0.9946770613690339  | time taken : 28.063162565231323
 Thread 1 estimated dimension 5 of 17 : 0.9767077417111047  | time taken : 45.69694519042969
 Thread 4 estimated dimension 5 of 17 : 1  | time taken : 33.26279139518738
 Thread 5 estimated dimension 3 of 17 : 0.33976472969453714  | time taken : 293.6006419658661
 Thread 9 estimated dimension 3 of 17 : 0.3482991107925212  | time taken : 336.87188720703125
 Thread 2 estimated dimension 6 of 17 : 1  | time taken : 34.78616762161255
 Thread 10 estimated dimension 7 of 17 : 0.9992906521835292  | time taken : 54.509629249572754
 Thread 6 estimated dimension 5 of 17 : 0.556565444387136  | time taken : 207.64813113212585
 Thread 6 estimated dimension 6 of 17 : 1  | time taken : 26.110680103302002
 Thread 2 estimated dimension 7 of 17 : 1  | time taken : 34.65720987319946
 Thread 4 estimated dimension 6 of 17 : 1  | time taken : 39.21992516517639
 Thread 10 estimated dimension 8 of 17 : 1  | time taken : 39.58673405647278
 Thread 6 estimated dimension 7 of 17 : 1  | time taken : 30.97660231590271
 Thread 2 estimated dimension 8 of 17 : 0.9892347850827675  | time taken : 40.143630266189575
 Thread 4 estimated dimension 7 of 17 : 1  | time taken : 49.0989830493927
 Thread 7 estimated dimension 5 of 17 : 0.5671993496000457  | time taken : 285.4696042537689
 Thread 3 estimated dimension 8 of 17 : 0.46019515262574506  | time taken : 218.44303512573242
 Thread 1 estimated dimension 6 of 17 : 0.6749723729106852  | time taken : 140.62503242492676
 Thread 7 estimated dimension 6 of 17 : 1  | time taken : 18.300008058547974
 Thread 1 estimated dimension 7 of 17 : 1  | time taken : 30.59976315498352
 Thread 5 estimated dimension 4 of 17 : 0.7718253965586773  | time taken : 163.2573618888855
 Thread 7 estimated dimension 7 of 17 : 1  | time taken : 47.515971660614014
 Thread 11 estimated dimension 2 of 17 : 0.348774517497496  | time taken : 276.95030879974365
 Thread 5 estimated dimension 5 of 17 : 1  | time taken : 30.942967176437378
 Thread 13 estimated dimension 5 of 17 : 0.39281278559497257  | time taken : 288.4062645435333
 Thread 12 estimated dimension 8 of 17 : 0.5323295378119649  | time taken : 229.24707984924316
 Thread 1 estimated dimension 8 of 17 : 1  | time taken : 43.47273325920105
 Thread 14 estimated dimension 5 of 17 : 0.42369398838032174  | time taken : 258.45771503448486
 Thread 12 estimated dimension 9 of 17 : 0.9868741733312585  | time taken : 40.41578531265259
 Thread 11 estimated dimension 3 of 17 : 0.8698887476847265  | time taken : 67.4352638721466
 Thread 6 estimated dimension 8 of 17 : 0.49069641485861726  | time taken : 211.69342923164368
 Thread 2 estimated dimension 9 of 17 : 0.622713998946614  | time taken : 199.61678838729858
 Thread 12 estimated dimension 10 of 17 : 1  | time taken : 30.63682460784912
 Thread 2 estimated dimension 10 of 17 : 0.9909630265292652  | time taken : 47.59982752799988
 Thread 3 estimated dimension 9 of 17 : 0.5970664464557753  | time taken : 207.20175623893738
 Thread 8 estimated dimension 5 of 17 : 0.3176615282580172  | time taken : 383.93548488616943
 Thread 4 estimated dimension 8 of 17 : 0.4765991198612973  | time taken : 273.08921217918396
 Thread 3 estimated dimension 10 of 17 : 0.9930466284457402  | time taken : 31.643932819366455
 Thread 2 estimated dimension 11 of 17 : 1  | time taken : 33.95386719703674
 Thread 13 estimated dimension 6 of 17 : 0.683146389868751  | time taken : 163.33799600601196
 Thread 10 estimated dimension 9 of 17 : 0.38427177331603396  | time taken : 324.361026763916
 Thread 8 estimated dimension 6 of 17 : 1  | time taken : 34.214038372039795
 Thread 1 estimated dimension 9 of 17 : 0.5716379043590848  | time taken : 182.90103459358215
 Thread 14 estimated dimension 6 of 17 : 0.6766687225522641  | time taken : 162.00602769851685
 Thread 8 estimated dimension 7 of 17 : 0.9983285958296358  | time taken : 38.81679391860962
 Thread 3 estimated dimension 11 of 17 : 1  | time taken : 53.34893989562988
 Thread 13 estimated dimension 7 of 17 : 0.9775900764407679  | time taken : 52.19959568977356
 Thread 7 estimated dimension 8 of 17 : 0.5231142277123517  | time taken : 241.69479155540466
 Thread 1 estimated dimension 10 of 17 : 0.991739975961277  | time taken : 43.264116525650024
 Thread 14 estimated dimension 7 of 17 : 1  | time taken : 56.17949962615967
 Thread 8 estimated dimension 8 of 17 : 0.9887403832953081  | time taken : 38.555179595947266
 Thread 13 estimated dimension 8 of 17 : 0.9942054464384054  | time taken : 40.107972621917725
 Thread 9 estimated dimension 4 of 17 : 0.248163069861122  | time taken : 476.9757616519928
 Thread 7 estimated dimension 9 of 17 : 1  | time taken : 52.01270294189453
 Thread 12 estimated dimension 11 of 17 : 0.5532589490624267  | time taken : 210.21496677398682
 Thread 14 estimated dimension 8 of 17 : 0.9956065308161748  | time taken : 50.28207564353943
 Thread 1 estimated dimension 11 of 17 : 1  | time taken : 65.79731273651123
 Thread 8 estimated dimension 9 of 17 : 0.994966880885952  | time taken : 52.10445594787598
 Thread 9 estimated dimension 5 of 17 : 1  | time taken : 52.72296690940857
 Thread 7 estimated dimension 10 of 17 : 0.9964775598083049  | time taken : 60.29028272628784
 Thread 9 estimated dimension 6 of 17 : 1  | time taken : 34.055731773376465
 Thread 5 estimated dimension 6 of 17 : 0.3158660749477307  | time taken : 372.6948952674866
 Thread 8 estimated dimension 10 of 17 : 1  | time taken : 51.012062549591064
 Thread 6 estimated dimension 9 of 17 : 0.4106010773878434  | time taken : 305.06844997406006
 Thread 8 estimated dimension 11 of 17 : 1  | time taken : 59.930835247039795
 Thread 11 estimated dimension 4 of 17 : 0.3526969157949624  | time taken : 382.10621881484985
 Thread 2 estimated dimension 12 of 17 : 0.4837488478859794  | time taken : 287.6868085861206
 Thread 4 estimated dimension 9 of 17 : 0.37940281381487484  | time taken : 297.9888470172882
 Thread 13 estimated dimension 9 of 17 : 0.6308782893796554  | time taken : 263.73135805130005
 Thread 5 estimated dimension 7 of 17 : 0.7953304018279282  | time taken : 167.2229039669037
 Thread 11 estimated dimension 5 of 17 : 0.760268883308343  | time taken : 103.6139075756073
 Thread 6 estimated dimension 10 of 17 : 0.759883381633489  | time taken : 173.90235328674316
 Thread 7 estimated dimension 11 of 17 : 0.570395599146145  | time taken : 215.26380944252014
 Thread 13 estimated dimension 10 of 17 : 1  | time taken : 35.18493127822876
 Thread 12 estimated dimension 12 of 17 : 0.5409503139787087  | time taken : 275.1002902984619
 Thread 3 estimated dimension 12 of 17 : 0.47720379609672053  | time taken : 349.42322540283203
 Thread 5 estimated dimension 8 of 17 : 1  | time taken : 35.87662172317505
 Thread 11 estimated dimension 6 of 17 : 1  | time taken : 34.49374771118164
 Thread 13 estimated dimension 11 of 17 : 1  | time taken : 32.85528302192688
 Thread 6 estimated dimension 11 of 17 : 1  | time taken : 38.497795820236206
 Thread 1 estimated dimension 12 of 17 : 0.5239312804345015  | time taken : 310.9546627998352
 Thread 12 estimated dimension 13 of 17 : 1  | time taken : 48.60186767578125
 Thread 5 estimated dimension 9 of 17 : 1  | time taken : 43.44113612174988
 Thread 14 estimated dimension 9 of 17 : 0.37310760649585256  | time taken : 317.50993037223816
 Thread 3 estimated dimension 13 of 17 : 0.9897841788053303  | time taken : 62.99598741531372
 Thread 11 estimated dimension 7 of 17 : 1  | time taken : 52.50361180305481
 Thread 2 estimated dimension 13 of 17 : 0.6940912612335524  | time taken : 188.42008137702942
 Thread 12 estimated dimension 14 of 17 : 0.9779839450256254  | time taken : 38.63745641708374
 Thread 1 estimated dimension 13 of 17 : 1  | time taken : 43.54727339744568
 Thread 6 estimated dimension 12 of 17 : 1  | time taken : 75.68414354324341
 Thread 2 estimated dimension 14 of 17 : 1  | time taken : 35.77150869369507
 Thread 3 estimated dimension 14 of 17 : 0.9899590740526094  | time taken : 55.281670331954956
 Thread 1 estimated dimension 14 of 17 : 1  | time taken : 33.499951124191284
 Thread 8 estimated dimension 12 of 17 : 0.47646095677255806  | time taken : 280.04937291145325
 Thread 2 estimated dimension 15 of 17 : 0.9946841575398154  | time taken : 33.38998031616211
 Thread 5 estimated dimension 10 of 17 : 0.7716993603928477  | time taken : 161.30040287971497
 Thread 14 estimated dimension 10 of 17 : 0.7601755445877227  | time taken : 164.33283805847168
 Thread 11 estimated dimension 8 of 17 : 0.6796305791937106  | time taken : 178.8815188407898
 Thread 7 estimated dimension 12 of 17 : 0.4848352761023601  | time taken : 264.80034852027893
 Thread 14 estimated dimension 11 of 17 : 1  | time taken : 48.19547176361084
 Thread 5 estimated dimension 11 of 17 : 0.9993491381340118  | time taken : 72.43728733062744
 Thread 14 estimated dimension 12 of 17 : 1  | time taken : 27.766462564468384
 Thread 11 estimated dimension 9 of 17 : 1  | time taken : 53.56877017021179
 Thread 10 estimated dimension 10 of 17 : 0.2467102205884763  | time taken : 710.8004024028778
 Thread 7 estimated dimension 13 of 17 : 1  | time taken : 52.43321681022644
 Thread 13 estimated dimension 12 of 17 : 0.5071809427738079  | time taken : 290.5832886695862
 Thread 11 estimated dimension 10 of 17 : 1  | time taken : 42.15205001831055
 Thread 7 estimated dimension 14 of 17 : 0.9992198740712251  | time taken : 39.2213180065155
 Thread 5 estimated dimension 12 of 17 : 0.9846475348706933  | time taken : 68.16987895965576
 Thread 10 estimated dimension 11 of 17 : 0.9908467726074005  | time taken : 105.74449133872986
 Thread 10 estimated dimension 12 of 17 : 1  | time taken : 65.4777843952179
 Thread 13 estimated dimension 13 of 17 : 0.6813945766832055  | time taken : 172.70291686058044
 Thread 4 estimated dimension 10 of 17 : 0.2519811419779527  | time taken : 610.7668387889862
 Thread 1 estimated dimension 15 of 17 : 0.4012674956256629  | time taken : 384.2133877277374
 Thread 2 estimated dimension 16 of 17 : 0.5123310358809435  | time taken : 371.5510697364807
 Thread 2 nsolns: 248915
 Thread 10 estimated dimension 13 of 17 : 0.9926750791866988  | time taken : 48.44166350364685
 Thread 13 estimated dimension 14 of 17 : 0.9995782234902998  | time taken : 52.566471099853516
 Thread 11 estimated dimension 11 of 17 : 0.5496209848403905  | time taken : 221.1869556903839
 Thread 1 estimated dimension 16 of 17 : 0.9922438859010687  | time taken : 61.246838092803955
 Thread 1 nsolns: 256878
 Thread 4 estimated dimension 11 of 17 : 0.9914834861561439  | time taken : 83.00554919242859exiting with current heads : 10635 out of 10635 | exp rv: 54540.9649817426

 Thread 9 estimated dimension 7 of 17 : 0.19497271461111285  | time taken : 793.8625597953796
 Thread 10 estimated dimension 14 of 17 : 0.9901324032036065  | time taken : 49.63021993637085
 Thread 8 estimated dimension 13 of 17 : 0.3145213314909475  | time taken : 473.96691489219666
 Thread 13 estimated dimension 15 of 17 : 1  | time taken : 65.77778363227844
 Thread 12 estimated dimension 15 of 17 : 0.34718109423664173  | time taken : 532.8714420795441
 Thread 11 estimated dimension 12 of 17 : 0.9981297182345829  | time taken : 53.36128234863281
 Thread 4 estimated dimension 12 of 17 : 1  | time taken : 52.08073329925537
 Thread 3 estimated dimension 15 of 17 : 0.33197948303090247  | time taken : 526.8895196914673
 Thread 10 estimated dimension 15 of 17 : 1  | time taken : 64.73817348480225
 Thread 9 estimated dimension 8 of 17 : 1  | time taken : 82.65132451057434
 Thread 8 estimated dimension 14 of 17 : 1  | time taken : 54.3070182800293
 Thread 4 estimated dimension 13 of 17 : 1  | time taken : 60.357449769973755
 Thread 2 estimated dimension 0 of 17 : 0.7575416137281743  | time taken : 175.33986139297485
 Thread 11 estimated dimension 13 of 17 : 1  | time taken : 74.66726899147034
 Thread 6 estimated dimension 13 of 17 : 0.30760684970351765  | time taken : 621.2000091075897
 Thread 8 estimated dimension 15 of 17 : 0.9996143489453894  | time taken : 56.154327392578125
 Thread 9 estimated dimension 9 of 17 : 0.9920036733437739  | time taken : 61.93868899345398
 Thread 3 estimated dimension 16 of 17 : 0.9977800460801795  | time taken : 89.34113383293152
 Thread 3 nsolns: 262596
 Thread 1 estimated dimension 0 of 17 : 0.5204570765439779  | time taken : 162.97185063362122
 Thread 14 estimated dimension 13 of 17 : 0.33636071402659834  | time taken : 454.9878931045532
 Thread 12 estimated dimension 16 of 17 : 1  | time taken : 132.74109172821045
 Thread 12 nsolns: 257847
 Thread 11 estimated dimension 14 of 17 : 1  | time taken : 54.28219389915466
 Thread 4 estimated dimension 14 of 17 : 1  | time taken : 91.71195650100708
 Thread 8 estimated dimension 16 of 17 : 1  | time taken : 65.25109887123108
 Thread 10 estimated dimension 16 of 17 : 1  | time taken : 142.98443698883057
 Thread 8 nsolns: 279020
 Thread 10 nsolns: 271363
 Thread 9 estimated dimension 10 of 17 : 0.9959540738570201  | time taken : 76.93308424949646
 Thread 6 estimated dimension 14 of 17 : 0.9975281245848724  | time taken : 88.32047176361084
 Thread 5 estimated dimension 13 of 17 : 0.31166127948726274  | time taken : 491.08972430229187
 Thread 4 estimated dimension 15 of 17 : 0.9835472818631967  | time taken : 55.88304328918457
 Thread 14 estimated dimension 14 of 17 : 0.9882162066868584  | time taken : 98.12096166610718
 Thread 7 estimated dimension 15 of 17 : 0.3470897281098159  | time taken : 501.43225145339966
 Thread 6 estimated dimension 15 of 17 : 1  | time taken : 79.50925469398499
 Thread 9 estimated dimension 11 of 17 : 1  | time taken : 84.23542404174805
 Thread 14 estimated dimension 15 of 17 : 0.9969628436314718  | time taken : 55.926172733306885
 Thread 4 estimated dimension 16 of 17 : 0.9925288908197158  | time taken : 59.98449230194092
 Thread 4 nsolns: 276038
 Thread 13 estimated dimension 16 of 17 : 0.4961297407432027  | time taken : 313.0980598926544
 Thread 13 nsolns: 258266
 Thread 7 estimated dimension 16 of 17 : 1  | time taken : 80.32445907592773
 Thread 7 nsolns: 271170
 Thread 5 estimated dimension 14 of 17 : 0.9956843711505575  | time taken : 89.32707071304321
 Thread 6 estimated dimension 16 of 17 : 0.9893608116878743  | time taken : 69.25605058670044
 Thread 14 estimated dimension 16 of 17 : 1  | time taken : 58.23498749732971
 Thread 9 estimated dimension 12 of 17 : 0.9928090140552549  | time taken : 69.41010737419128
 Thread 6 nsolns: 268014
 Thread 14 nsolns: 262182
 Thread 2 estimated dimension 1 of 17 : 0.41571656687533853  | time taken : 274.4359254837036
 Thread 1 estimated dimension 1 of 17 : 0.5496957175794265  | time taken : 234.47609186172485
 Thread 8 estimated dimension 0 of 17 : 0.7481335845792114  | time taken : 183.74672889709473
 Thread 1 estimated dimension 2 of 17 : 0.9884867925287929  | time taken : 21.691163778305054
 Thread 2 estimated dimension 2 of 17 : 1  | time taken : 22.265658617019653
 Thread 5 estimated dimension 15 of 17 : 0.9862995506872803  | time taken : 68.93251013755798
 Thread 9 estimated dimension 13 of 17 : 1  | time taken : 76.69557547569275
 Thread 4 estimated dimension 0 of 17 : 0.7488071801932689  | time taken : 145.27247095108032
 Thread 5 estimated dimension 16 of 17 : 1  | time taken : 80.11149382591248
 Thread 5 nsolns: 276068
 Thread 3 estimated dimension 0 of 17 : 0.3596297376030958  | time taken : 363.4584286212921
 Thread 7 estimated dimension 0 of 17 : 0.6203814217394539  | time taken : 178.53345108032227
 Thread 9 estimated dimension 14 of 17 : 1  | time taken : 65.26964449882507
 Thread 3 estimated dimension 1 of 17 : 1  | time taken : 37.7441782951355
 Thread 3 estimated dimension 2 of 17 : 0.9827735402993188  | time taken : 33.04517364501953
 Thread 12 estimated dimension 0 of 17 : 0.5082432956481635  | time taken : 429.4647710323334
 Thread 10 estimated dimension 0 of 17 : 0.3046876615007231  | time taken : 391.47749185562134
 Thread 9 estimated dimension 15 of 17 : 0.9925504445666253  | time taken : 79.78919053077698
 Thread 2 estimated dimension 3 of 17 : 0.6284218257011789  | time taken : 199.31745553016663
 Thread 12 estimated dimension 1 of 17 : 0.998505601961251  | time taken : 17.820960521697998
 Thread 8 estimated dimension 1 of 17 : 0.5143747310135476  | time taken : 243.35211992263794
 Thread 12 estimated dimension 2 of 17 : 0.9917425761180045  | time taken : 18.392544984817505
 Thread 10 estimated dimension 1 of 17 : 0.9955661649411869  | time taken : 39.44400501251221
 Thread 5 estimated dimension 0 of 17 : 0.6434285432184869  | time taken : 156.17760467529297
 Thread 4 estimated dimension 1 of 17 : 0.513593178490909  | time taken : 190.2971158027649
 Thread 10 estimated dimension 2 of 17 : 0.9961135395295608  | time taken : 32.467490911483765
 Thread 9 estimated dimension 16 of 17 : 0.9890530235413537  | time taken : 71.77628326416016
 Thread 9 nsolns: 301204
 Thread 11 estimated dimension 15 of 17 : 0.3510796093870939  | time taken : 548.3168077468872
 Thread 1 estimated dimension 3 of 17 : 0.39236973915845813  | time taken : 306.9072208404541
 Thread 7 estimated dimension 1 of 17 : 0.41664221465259965  | time taken : 208.13018226623535
 Thread 13 estimated dimension 0 of 17 : 0.36733098646570594  | time taken : 404.0291419029236
 Thread 1 estimated dimension 4 of 17 : 1  | time taken : 32.52195739746094
 Thread 1 estimated dimension 5 of 17 : 0.998206741151955  | time taken : 21.59578275680542
 Thread 11 estimated dimension 16 of 17 : 0.9835806160788949  | time taken : 62.644213914871216
 Thread 13 estimated dimension 1 of 17 : 0.9947478398556687  | time taken : 38.12716555595398
 Thread 11 nsolns: 266938
 Thread 8 estimated dimension 2 of 17 : 0.5567331548637069  | time taken : 152.59612679481506
 Thread 2 estimated dimension 4 of 17 : 0.645226517219005  | time taken : 175.40706062316895
 Thread 1 estimated dimension 6 of 17 : 1  | time taken : 16.061320304870605
 Thread 13 estimated dimension 2 of 17 : 0.9985593542955439  | time taken : 30.32375931739807
 Thread 5 estimated dimension 1 of 17 : 0.6628570904810284  | time taken : 151.28345799446106
 Thread 4 estimated dimension 2 of 17 : 0.6173307909606487  | time taken : 148.28633093833923
 Thread 1 estimated dimension 7 of 17 : 1  | time taken : 32.25568866729736
 Thread 10 estimated dimension 3 of 17 : 0.6806260302140571  | time taken : 163.54826283454895
 Thread 6 estimated dimension 0 of 17 : 0.38225848566449316  | time taken : 467.4505274295807
 Thread 9 estimated dimension 0 of 17 : 0.5885392592491552  | time taken : 163.9493339061737
 Thread 10 estimated dimension 4 of 17 : 1  | time taken : 31.287336587905884
 Thread 6 estimated dimension 1 of 17 : 1  | time taken : 29.976825714111328
 Thread 3 estimated dimension 3 of 17 : 0.33519199461860755  | time taken : 313.65342473983765
 Thread 7 estimated dimension 2 of 17 : 0.572251667321336  | time taken : 170.47557711601257
 Thread 6 estimated dimension 2 of 17 : 0.9947586392266322  | time taken : 26.621412754058838
 Thread 8 estimated dimension 3 of 17 : 0.7416741104934356  | time taken : 128.36993551254272
 Thread 4 estimated dimension 3 of 17 : 0.7762422196643275  | time taken : 121.97218489646912
 Thread 2 estimated dimension 5 of 17 : 0.4731708928054402  | time taken : 199.0127215385437
 Thread 12 estimated dimension 3 of 17 : 0.32474480750755697  | time taken : 352.51275396347046
 Thread 7 estimated dimension 3 of 17 : 0.7530208018745965  | time taken : 106.80311417579651
 Thread 2 estimated dimension 6 of 17 : 0.9922392327840432  | time taken : 27.239197492599487
 Thread 5 estimated dimension 2 of 17 : 0.6768284548248852  | time taken : 209.87200689315796
 Thread 13 estimated dimension 3 of 17 : 0.5851063045578707  | time taken : 211.2458221912384
 Thread 1 estimated dimension 8 of 17 : 0.48568894693946657  | time taken : 200.279682636261
 Thread 6 estimated dimension 3 of 17 : 0.6479954488911297  | time taken : 125.01615452766418
 Thread 6 estimated dimension 4 of 17 : 0.9983504827609249  | time taken : 20.08416199684143
 Thread 13 estimated dimension 4 of 17 : 0.9900409514412198  | time taken : 35.938679218292236
 Thread 2 estimated dimension 7 of 17 : 0.9954309165730068  | time taken : 44.10420513153076
 Thread 10 estimated dimension 5 of 17 : 0.5904486144203895  | time taken : 206.2810571193695
 Thread 2 estimated dimension 8 of 17 : 1  | time taken : 15.98687219619751
 Thread 12 estimated dimension 4 of 17 : 0.7814055715507207  | time taken : 100.65860271453857
 Thread 11 estimated dimension 0 of 17 : 0.35622430568399865  | time taken : 310.7183165550232
 Thread 10 estimated dimension 6 of 17 : 1  | time taken : 32.90052795410156
 Thread 11 estimated dimension 1 of 17 : 0.9922463450610971  | time taken : 21.015947580337524
 Thread 4 estimated dimension 4 of 17 : 0.5480614995535026  | time taken : 184.87180066108704
 Thread 12 estimated dimension 5 of 17 : 0.9941424065028875  | time taken : 31.597304105758667
 Thread 9 estimated dimension 1 of 17 : 0.469657221109366  | time taken : 272.16611313819885
 Thread 8 estimated dimension 4 of 17 : 0.5421907186970003  | time taken : 211.14173364639282
 Thread 5 estimated dimension 3 of 17 : 0.7465725831543842  | time taken : 103.0869677066803
 Thread 11 estimated dimension 2 of 17 : 1  | time taken : 15.855905055999756
 Thread 9 estimated dimension 2 of 17 : 1  | time taken : 37.45858454704285
 Thread 10 estimated dimension 7 of 17 : 1  | time taken : 51.10153675079346
 Thread 1 estimated dimension 9 of 17 : 0.6121158270565669  | time taken : 161.25973916053772
 Thread 1 estimated dimension 10 of 17 : 0.9989079804529825  | time taken : 14.626164197921753
 Thread 7 estimated dimension 4 of 17 : 0.47342572148300527  | time taken : 219.81380033493042
 Thread 1 estimated dimension 11 of 17 : 0.9873132542565055  | time taken : 24.551377058029175
 Thread 13 estimated dimension 5 of 17 : 0.5245111866636791  | time taken : 200.40137386322021
 Thread 6 estimated dimension 5 of 17 : 0.4833673996100023  | time taken : 214.9851038455963
 Thread 2 estimated dimension 9 of 17 : 0.6349679226263194  | time taken : 194.7492344379425
 Thread 12 estimated dimension 6 of 17 : 0.6809376964916986  | time taken : 158.0901575088501
 Thread 13 estimated dimension 6 of 17 : 0.9999832444039092  | time taken : 17.023709535598755
 Thread 4 estimated dimension 5 of 17 : 0.6832216619460857  | time taken : 164.09569334983826
 Thread 2 estimated dimension 10 of 17 : 0.9814376799928709  | time taken : 15.15980577468872
 Thread 13 estimated dimension 7 of 17 : 1  | time taken : 19.678504705429077
 Thread 11 estimated dimension 3 of 17 : 0.6190377401100412  | time taken : 172.98459005355835
 Thread 4 estimated dimension 6 of 17 : 1  | time taken : 29.415682315826416
 Thread 12 estimated dimension 7 of 17 : 1  | time taken : 31.504448175430298
 Thread 9 estimated dimension 3 of 17 : 0.5704952660750475  | time taken : 169.1996111869812
 Thread 8 estimated dimension 5 of 17 : 0.5452068982049613  | time taken : 207.07037568092346
 Thread 10 estimated dimension 8 of 17 : 0.48198239715671964  | time taken : 166.8988447189331
 Thread 2 estimated dimension 11 of 17 : 1  | time taken : 42.75926494598389
 Thread 7 estimated dimension 5 of 17 : 0.7266822841820147  | time taken : 112.10414505004883
 Thread 4 estimated dimension 7 of 17 : 1  | time taken : 30.46459174156189
 Thread 12 estimated dimension 8 of 17 : 1  | time taken : 34.15024924278259
 Thread 11 estimated dimension 4 of 17 : 1  | time taken : 47.64921283721924
 Thread 3 estimated dimension 4 of 17 : 0.2417523096810012  | time taken : 474.0322742462158
 Thread 10 estimated dimension 9 of 17 : 1  | time taken : 41.404712438583374
 Thread 7 estimated dimension 6 of 17 : 0.9856044146100408  | time taken : 42.28309178352356
 Thread 5 estimated dimension 4 of 17 : 0.4751586727247715  | time taken : 266.6478626728058
 Thread 6 estimated dimension 6 of 17 : 0.6889783051807906  | time taken : 135.44458484649658
 Thread 3 estimated dimension 5 of 17 : 0.9988222343891076  | time taken : 35.204895973205566
 Thread 10 estimated dimension 10 of 17 : 0.9978666312983613  | time taken : 27.239215850830078
 Thread 7 estimated dimension 7 of 17 : 0.9895544183839201  | time taken : 39.37525486946106
 Thread 6 estimated dimension 7 of 17 : 1  | time taken : 26.17771315574646
 Thread 3 estimated dimension 6 of 17 : 1  | time taken : 28.621878147125244
 Thread 1 estimated dimension 12 of 17 : 0.5119698171058247  | time taken : 199.918523311615
 Thread 6 estimated dimension 8 of 17 : 1  | time taken : 26.02857232093811
 Thread 9 estimated dimension 4 of 17 : 0.6289528461429885  | time taken : 141.25446939468384
 Thread 13 estimated dimension 8 of 17 : 0.4637437721816358  | time taken : 174.85679531097412
 Thread 5 estimated dimension 5 of 17 : 0.6682805393655785  | time taken : 97.34062957763672
 Thread 4 estimated dimension 8 of 17 : 0.5505169949463219  | time taken : 157.081871509552
 Thread 2 estimated dimension 12 of 17 : 0.517966994508156  | time taken : 168.93148612976074
 Thread 3 estimated dimension 7 of 17 : 0.8149266161935832  | time taken : 78.0417628288269
 Thread 10 estimated dimension 11 of 17 : 0.6267994253704241  | time taken : 112.86135053634644
 Thread 5 estimated dimension 6 of 17 : 0.9947934508692623  | time taken : 29.271838903427124
 Thread 4 estimated dimension 9 of 17 : 0.9866174355022809  | time taken : 29.094409227371216
 Thread 11 estimated dimension 5 of 17 : 0.40292622002695616  | time taken : 181.75952458381653
 Thread 3 estimated dimension 8 of 17 : 0.9856509865707507  | time taken : 25.11007261276245
 Thread 5 estimated dimension 7 of 17 : 0.997589009196937  | time taken : 27.98153781890869
 Thread 4 estimated dimension 10 of 17 : 0.9945359558571037  | time taken : 26.29949641227722
 Thread 3 estimated dimension 9 of 17 : 0.9819133527866617  | time taken : 27.329086542129517
 Thread 8 estimated dimension 6 of 17 : 0.37666732909053086  | time taken : 259.1883008480072
 Thread 4 estimated dimension 11 of 17 : 1  | time taken : 32.0214741230011
 Thread 13 estimated dimension 9 of 17 : 0.6119915009327848  | time taken : 120.3331048488617
 Thread 11 estimated dimension 6 of 17 : 0.6998432384036066  | time taken : 70.25635480880737
 Thread 7 estimated dimension 8 of 17 : 0.4697822974808008  | time taken : 180.6149127483368
 Thread 9 estimated dimension 5 of 17 : 0.43870484642726304  | time taken : 138.52775883674622
 Thread 12 estimated dimension 9 of 17 : 0.3830698769086645  | time taken : 262.06747817993164
 Thread 13 estimated dimension 10 of 17 : 1  | time taken : 15.75516939163208
 Thread 8 estimated dimension 7 of 17 : 0.996031615627092  | time taken : 25.41574501991272
 Thread 11 estimated dimension 7 of 17 : 0.9917595349614342  | time taken : 31.15398931503296
 Thread 6 estimated dimension 9 of 17 : 0.4195728704539087  | time taken : 184.17050290107727
 Thread 7 estimated dimension 9 of 17 : 0.9787236102788063  | time taken : 32.421894550323486
 Thread 9 estimated dimension 6 of 17 : 1  | time taken : 28.3185613155365
 Thread 13 estimated dimension 11 of 17 : 0.9876480908827018  | time taken : 35.69397521018982
 Thread 5 estimated dimension 8 of 17 : 0.5529068204301858  | time taken : 102.65741348266602
 Thread 8 estimated dimension 8 of 17 : 0.9925409220917809  | time taken : 49.681577920913696
 Thread 10 estimated dimension 12 of 17 : 0.4904585652672137  | time taken : 151.1692988872528
 Thread 11 estimated dimension 8 of 17 : 1  | time taken : 34.83672070503235
 Thread 7 estimated dimension 10 of 17 : 0.9933035489296195  | time taken : 34.81966280937195
 Thread 5 estimated dimension 9 of 17 : 1  | time taken : 34.77954459190369
 Thread 9 estimated dimension 7 of 17 : 0.9985425068282606  | time taken : 50.05229377746582
 Thread 12 estimated dimension 10 of 17 : 0.7463615443652727  | time taken : 82.64370369911194
 Thread 1 estimated dimension 13 of 17 : 0.3279897394733248  | time taken : 282.8431499004364
 Thread 8 estimated dimension 9 of 17 : 0.9830320861792379  | time taken : 50.473241567611694
 Thread 2 estimated dimension 13 of 17 : 0.30652172835422115  | time taken : 215.2030861377716
 Thread 5 estimated dimension 10 of 17 : 1  | time taken : 33.10800385475159
 Thread 7 estimated dimension 11 of 17 : 0.9793802223501884  | time taken : 50.552937030792236
 Thread 4 estimated dimension 12 of 17 : 0.4486452717437332  | time taken : 134.49093890190125
 Thread 9 estimated dimension 8 of 17 : 0.9898937654291572  | time taken : 36.38497066497803
 Thread 12 estimated dimension 11 of 17 : 1  | time taken : 50.43892812728882
 Thread 6 estimated dimension 10 of 17 : 0.7496491835594004  | time taken : 107.87118649482727
 Thread 11 estimated dimension 9 of 17 : 0.6249177287251148  | time taken : 79.72066235542297
 Thread 10 estimated dimension 13 of 17 : 0.6910326161808723  | time taken : 92.38541626930237
 Thread 5 estimated dimension 11 of 17 : 0.9976039544719699  | time taken : 56.318605184555054
 Thread 13 estimated dimension 12 of 17 : 0.47402356930464346  | time taken : 127.62331748008728
 Thread 10 estimated dimension 14 of 17 : 1  | time taken : 20.35361337661743
 Thread 2 estimated dimension 14 of 17 : 1  | time taken : 73.25721502304077
 Thread 8 estimated dimension 10 of 17 : 1  | time taken : 77.1827507019043
 Thread 11 estimated dimension 10 of 17 : 1  | time taken : 44.92172408103943
 Thread 6 estimated dimension 11 of 17 : 0.9898789846514822  | time taken : 63.32055330276489
 Thread 12 estimated dimension 12 of 17 : 0.9983077884412872  | time taken : 64.9116780757904
 Thread 1 estimated dimension 14 of 17 : 0.9972415599597534  | time taken : 99.19853401184082
 Thread 10 estimated dimension 15 of 17 : 1  | time taken : 36.35696721076965
 Thread 8 estimated dimension 11 of 17 : 0.9986992091025216  | time taken : 56.594284534454346
 Thread 11 estimated dimension 11 of 17 : 1  | time taken : 53.475884199142456
 Thread 2 estimated dimension 15 of 17 : 0.9873364380706716  | time taken : 61.71348786354065
 Thread 6 estimated dimension 12 of 17 : 1  | time taken : 50.860905170440674
 Thread 3 estimated dimension 10 of 17 : 0.240431240142585  | time taken : 304.4829783439636
 Thread 4 estimated dimension 13 of 17 : 0.6555677342694657  | time taken : 147.6787600517273
 Thread 1 estimated dimension 15 of 17 : 0.9923041775271075  | time taken : 65.01542282104492
 Thread 8 estimated dimension 12 of 17 : 0.9967403803694042  | time taken : 33.33481311798096
 Thread 7 estimated dimension 12 of 17 : 0.4786460317174621  | time taken : 172.50107645988464
 Thread 4 estimated dimension 14 of 17 : 0.9858810969962829  | time taken : 32.61615014076233
 Thread 5 estimated dimension 12 of 17 : 0.4647382488081921  | time taken : 140.5500786304474
 Thread 9 estimated dimension 9 of 17 : 0.4011255090802086  | time taken : 190.2359275817871
 Thread 3 estimated dimension 11 of 17 : 0.9921222575014844  | time taken : 70.07194018363953
 Thread 2 estimated dimension 16 of 17 : 1  | time taken : 89.3479015827179
 Thread 2 nsolns: 263193
 Thread 1 estimated dimension 16 of 17 : 0.9892159544230641  | time taken : 78.2167022228241
 Thread 1 nsolns: 265946
 Thread 6 estimated dimension 13 of 17 : 0.6754047996558444  | time taken : 96.27909898757935
 Thread 4 estimated dimension 15 of 17 : 0.995973534982585  | time taken : 57.39904737472534
 Thread 10 estimated dimension 16 of 17 : 0.48561938678578453  | time taken : 156.46613883972168
 Thread 10 nsolns: 262650
 Thread 11 estimated dimension 12 of 17 : 0.4915529928288626  | time taken : 122.87815952301025
 Thread 3 estimated dimension 12 of 17 : 1  | time taken : 42.44338512420654
 Thread 8 estimated dimension 13 of 17 : 0.6922749761273805  | time taken : 100.82485628128052
 Thread 12 estimated dimension 13 of 17 : 0.3375523189058795  | time taken : 177.40594363212585
 Thread 9 estimated dimension 10 of 17 : 0.7197503049675328  | time taken : 74.83833456039429
 Thread 6 estimated dimension 14 of 17 : 1  | time taken : 36.786890268325806
 Thread 5 estimated dimension 13 of 17 : 0.6707371318361866  | time taken : 86.01022052764893
 Thread 11 estimated dimension 13 of 17 : 1  | time taken : 28.63512420654297
 Thread 8 estimated dimension 14 of 17 : 0.9998250609613691  | time taken : 40.22618842124939
 Thread 9 estimated dimension 11 of 17 : 0.9997657633648696  | time taken : 44.10590648651123
 Thread 11 estimated dimension 14 of 17 : 1  | time taken : 33.75938057899475
 Thread 6 estimated dimension 15 of 17 : 1  | time taken : 45.82318878173828
 Thread 13 estimated dimension 13 of 17 : 0.3235000604078926  | time taken : 267.764102935791
 Thread 3 estimated dimension 13 of 17 : 1  | time taken : 74.4567379951477
 Thread 12 estimated dimension 14 of 17 : 0.9865060122119773  | time taken : 72.4911561012268
 Thread 7 estimated dimension 13 of 17 : 0.358951624761243  | time taken : 162.2968385219574
 Thread 5 estimated dimension 14 of 17 : 0.9982530152491548  | time taken : 75.28622007369995
 Thread 4 estimated dimension 16 of 17 : 0.5088279252800075  | time taken : 116.45610308647156
 Thread 4 nsolns: 255503
 Thread 8 estimated dimension 15 of 17 : 0.9918887298125991  | time taken : 60.67646813392639
 Thread 9 estimated dimension 12 of 17 : 0.9997055615962647  | time taken : 64.52350306510925
 Thread 13 estimated dimension 14 of 17 : 0.9851731855843228  | time taken : 73.02531933784485
 Thread 12 estimated dimension 15 of 17 : 1  | time taken : 62.175615549087524
 Thread 7 estimated dimension 14 of 17 : 1  | time taken : 61.65245342254639
 Thread 5 estimated dimension 15 of 17 : 1  | time taken : 48.796632289886475
 Thread 3 estimated dimension 14 of 17 : 0.9974292928265222  | time taken : 87.62047481536865
 Thread 12 estimated dimension 16 of 17 : 1  | time taken : 47.45620584487915
 Thread 12 nsolns: 261995
 Thread 13 estimated dimension 15 of 17 : 0.999043012151216  | time taken : 56.4130425453186
 Thread 7 estimated dimension 15 of 17 : 1  | time taken : 55.11389183998108
 Thread 3 estimated dimension 15 of 17 : 0.9780349795605554  | time taken : 38.240476846694946
 Thread 6 estimated dimension 16 of 17 : 0.5114038530694168  | time taken : 142.68792009353638
 Thread 6 nsolns: 253128
 Thread 8 estimated dimension 16 of 17 : 0.5044761383474912  | time taken : 121.25855827331543
 Thread 8 nsolns: 257153
 Thread 3 estimated dimension 16 of 17 : 1  | time taken : 24.121905088424683
 Thread 3 nsolns: 290369
 Thread 5 estimated dimension 16 of 17 : 0.5167165561161013  | time taken : 84.01107048988342
 Thread 5 nsolns: 253086
 Thread 13 estimated dimension 16 of 17 : 0.9903715935559122  | time taken : 39.5702223777771
 Thread 13 nsolns: 269411
 Thread 11 estimated dimension 15 of 17 : 0.333997603140985  | time taken : 179.339919090271
 Thread 7 estimated dimension 16 of 17 : 0.9976436723236961  | time taken : 40.583901166915894
 Thread 7 nsolns: 271787
 Thread 11 estimated dimension 16 of 17 : 0.9921435104810972  | time taken : 10.853260278701782
 Thread 11 nsolns: 265739
 Thread 9 estimated dimension 13 of 17 : 0.31051740704123776  | time taken : 130.95814323425293
 Thread 9 estimated dimension 14 of 17 : 0.9897310350890446  | time taken : 6.375469923019409
 Thread 9 estimated dimension 15 of 17 : 1  | time taken : 9.95654296875
 Thread 9 estimated dimension 16 of 17 : 0.9805042123453007  | time taken : 13.727836847305298
 Thread 9 nsolns: 271652
 estimated weights : [0.00797249447631161, 0.003898531316162855, 0.004467875732240554, 0.006370052264842145, 0.0046291460193867585, 0.007812410802447914, 0.004410263566641804, 0.008693394913327603, 0.004949113654002313, 0.004387964323301843, 0.007890006263179466, 0.005663162032030757, 0.005226766010049752, 0.005805068851944125, 0.008295971192666144, 0.00863282389547918, 0.006110680544308825, 0.007351233913252292, 0.0028456597674149263, 0.0053242586428616095, 0.005065840301031915, 0.006853662384496923, 0.00478927185092455, 0.005639302681648503, 0.007285000585011554, 0.005636204734115832, 0.0047463647447130485, 0.005341996057639607, 0.005829829681625515, 0.005338353674326016, 0.006024952873287393, 0.005477713524130543, 0.00821728531987734, 0.008810254614848276, 0.005927923482056659, 0.005250116585297339, 0.006023054688326972, 0.004644883495941326, 0.0028653040103196457, 0.006228793097796877, 0.0037397215176773408]
