numSolutions: 44 k : 5383
9 44 0.06666666666666667 0.0002525252525252526

 Thread 12 estimated dimension 0 of 9 : 0.8488013284869563  | time taken : 37.95422625541687
 Thread 9 estimated dimension 0 of 9 : 0.8741333976082801  | time taken : 49.94595766067505
 Thread 5 estimated dimension 0 of 9 : 0.8883639420912107  | time taken : 57.46956396102905
 Thread 6 estimated dimension 0 of 9 : 0.8369199204566575  | time taken : 64.96144890785217
 Thread 8 estimated dimension 0 of 9 : 0.8275684380101688  | time taken : 79.2938768863678
 Thread 10 estimated dimension 0 of 9 : 0.8515263692627353  | time taken : 80.12274241447449
 Thread 1 estimated dimension 0 of 9 : 0.8287408937785448  | time taken : 91.25675463676453
 Thread 4 estimated dimension 0 of 9 : 0.8011179345708548  | time taken : 93.05703258514404
 Thread 9 estimated dimension 1 of 9 : 0.9273781421009165  | time taken : 46.14374351501465
 Thread 7 estimated dimension 0 of 9 : 0.7970855982048364  | time taken : 100.13325309753418
 Thread 5 estimated dimension 1 of 9 : 0.9088555595415355  | time taken : 43.99526810646057
 Thread 12 estimated dimension 1 of 9 : 0.8987029950659586  | time taken : 61.85706448554993
 Thread 2 estimated dimension 0 of 9 : 0.8229647202636455  | time taken : 103.58020973205566
 Thread 11 estimated dimension 0 of 9 : 0.8261156689720321  | time taken : 103.79001641273499
 Thread 6 estimated dimension 1 of 9 : 0.9191734139978688  | time taken : 48.925431966781616
 Thread 8 estimated dimension 1 of 9 : 0.9054352625068987  | time taken : 50.10107493400574
 Thread 10 estimated dimension 1 of 9 : 0.9272965578770472  | time taken : 53.62356996536255
 Thread 4 estimated dimension 1 of 9 : 0.9174951685563002  | time taken : 45.2144136428833
 Thread 1 estimated dimension 1 of 9 : 0.9300835007718514  | time taken : 48.12564826011658
 Thread 11 estimated dimension 1 of 9 : 0.9339460213004697  | time taken : 52.5273334980011
 Thread 2 estimated dimension 1 of 9 : 0.9325680892942738  | time taken : 56.79101347923279
 Thread 7 estimated dimension 1 of 9 : 0.9078101258282898  | time taken : 59.81523323059082
 Thread 9 estimated dimension 2 of 9 : 0.788143546574624  | time taken : 77.65734052658081
 Thread 6 estimated dimension 2 of 9 : 0.8614268839373458  | time taken : 66.25230169296265
 Thread 5 estimated dimension 2 of 9 : 0.841801670872111  | time taken : 84.11315751075745
 Thread 12 estimated dimension 2 of 9 : 0.7998136382803973  | time taken : 83.95630645751953
 Thread 8 estimated dimension 2 of 9 : 0.7990866927511348  | time taken : 65.12039160728455
 Thread 10 estimated dimension 2 of 9 : 0.805614861469916  | time taken : 78.94079756736755
 Thread 4 estimated dimension 2 of 9 : 0.852064083536124  | time taken : 79.65600275993347
 Thread 2 estimated dimension 2 of 9 : 0.7819197412333606  | time taken : 58.94274139404297
 Thread 7 estimated dimension 2 of 9 : 0.8072668324974668  | time taken : 61.20077466964722
 Thread 11 estimated dimension 2 of 9 : 0.7985771530235689  | time taken : 74.23440217971802
 Thread 9 estimated dimension 3 of 9 : 0.7802106054750586  | time taken : 70.18380069732666
 Thread 6 estimated dimension 3 of 9 : 0.7717407142830374  | time taken : 81.39355540275574
 Thread 5 estimated dimension 3 of 9 : 0.8027811942311832  | time taken : 79.06252074241638
 Thread 8 estimated dimension 3 of 9 : 0.798813681422288  | time taken : 76.02083706855774
 Thread 11 estimated dimension 3 of 9 : 0.8178469615231624  | time taken : 81.57510828971863
 Thread 10 estimated dimension 3 of 9 : 0.8066714416852409  | time taken : 101.3585946559906
 Thread 7 estimated dimension 3 of 9 : 0.8196000517654833  | time taken : 106.55483675003052
 Thread 2 estimated dimension 3 of 9 : 0.8242102762622042  | time taken : 122.42901992797852
 Thread 5 estimated dimension 4 of 9 : 0.7663108946681921  | time taken : 87.55265736579895
 Thread 9 estimated dimension 4 of 9 : 0.7039967530999935  | time taken : 112.46044540405273
 Thread 11 estimated dimension 4 of 9 : 0.7352388280898011  | time taken : 97.80181455612183
 Thread 10 estimated dimension 4 of 9 : 0.7165840849209995  | time taken : 98.40710616111755
 Thread 7 estimated dimension 4 of 9 : 0.7804508843612826  | time taken : 97.76131343841553
 Thread 2 estimated dimension 4 of 9 : 0.7445271823623806  | time taken : 91.45916438102722
 Thread 3 estimated dimension 0 of 9 : 0.1904424915357425  | time taken : 469.36815428733826
 Thread 5 estimated dimension 5 of 9 : 0.6067566242118063  | time taken : 116.20572066307068
 Thread 13 estimated dimension 0 of 9 : 0.18842321281622915  | time taken : 485.9643864631653
 Thread 9 estimated dimension 5 of 9 : 0.6810212947314038  | time taken : 146.94744491577148exiting with current heads : 5381 out of 5383 | exp rv: 27087.018061788858

 Thread 14 estimated dimension 0 of 9 : 0.19869296752130441  | time taken : 544.5874674320221
 Thread 11 estimated dimension 5 of 9 : 0.6990086379184998  | time taken : 135.46780490875244
 Thread 3 estimated dimension 1 of 9 : 0.6230090279753452  | time taken : 112.25317859649658
 Thread 3 estimated dimension 2 of 9 : 1  | time taken : 24.46498417854309
 Thread 6 estimated dimension 4 of 9 : 0.2825904281318377  | time taken : 370.4824697971344
 Thread 13 estimated dimension 1 of 9 : 0.6766372215845766  | time taken : 160.19547772407532
 Thread 3 estimated dimension 3 of 9 : 1  | time taken : 37.708831548690796
 Thread 6 estimated dimension 5 of 9 : 0.9940456546132868  | time taken : 12.265598773956299exiting with current heads : 5379 out of 5383 | exp rv: 30484.727285324243

 Thread 1 estimated dimension 2 of 9 : 0.17654742158677494  | time taken : 512.4208986759186
 Thread 12 estimated dimension 3 of 9 : 0.19970990124390836  | time taken : 478.3333730697632
 Thread 5 estimated dimension 6 of 9 : 0.4316714662170282  | time taken : 189.39804697036743
 Thread 13 estimated dimension 2 of 9 : 1  | time taken : 24.99227809906006
 Thread 6 estimated dimension 6 of 9 : 1  | time taken : 24.31120276451111
 Thread 1 estimated dimension 3 of 9 : 1  | time taken : 26.110410928726196
 Thread 14 estimated dimension 1 of 9 : 0.6811376318624597  | time taken : 140.3590006828308
 Thread 8 estimated dimension 4 of 9 : 0.25689339407641143  | time taken : 413.6740107536316
 Thread 3 estimated dimension 4 of 9 : 0.9927466562171615  | time taken : 47.605716705322266
 Thread 13 estimated dimension 3 of 9 : 0.997154006267774  | time taken : 25.377224445343018
 Thread 4 estimated dimension 3 of 9 : 0.22234876960592584  | time taken : 481.28521370887756
 Thread 9 estimated dimension 6 of 9 : 0.4769454433593983  | time taken : 185.75363302230835
 Thread 12 estimated dimension 4 of 9 : 0.9854224737276011  | time taken : 40.73227310180664
 Thread 1 estimated dimension 4 of 9 : 1  | time taken : 25.08703112602234
 Thread 14 estimated dimension 2 of 9 : 0.9770088553708022  | time taken : 35.28139281272888
 Thread 7 estimated dimension 5 of 9 : 0.3595936523325464  | time taken : 290.89498353004456
 Thread 10 estimated dimension 5 of 9 : 0.3078946221688291  | time taken : 304.2025408744812
 Thread 13 estimated dimension 4 of 9 : 1  | time taken : 29.6224365234375
 Thread 3 estimated dimension 5 of 9 : 0.9899093424767433  | time taken : 31.274750471115112
 Thread 4 estimated dimension 4 of 9 : 0.9808926142379306  | time taken : 27.738718032836914
 Thread 8 estimated dimension 5 of 9 : 1  | time taken : 40.64589810371399
 Thread 11 estimated dimension 6 of 9 : 0.43112061664797086  | time taken : 177.70576310157776
 Thread 12 estimated dimension 5 of 9 : 1  | time taken : 23.927136421203613
 Thread 14 estimated dimension 3 of 9 : 1  | time taken : 15.672010898590088
 Thread 1 estimated dimension 5 of 9 : 0.9976257652400181  | time taken : 36.72891402244568
 Thread 4 estimated dimension 5 of 9 : 0.9962184971018141  | time taken : 16.238171577453613
 Thread 8 estimated dimension 6 of 9 : 0.9655935347619036  | time taken : 20.05328893661499
 Thread 13 estimated dimension 5 of 9 : 0.9812692537254046  | time taken : 21.366650819778442
 Thread 3 estimated dimension 6 of 9 : 0.9828954669847096  | time taken : 21.932889223098755
 Thread 1 estimated dimension 6 of 9 : 0.994534439440234  | time taken : 14.558573007583618
 Thread 10 estimated dimension 6 of 9 : 1  | time taken : 40.79391551017761
 Thread 12 estimated dimension 6 of 9 : 0.9625969703880554  | time taken : 34.75108337402344
 Thread 7 estimated dimension 6 of 9 : 0.9997121708508404  | time taken : 51.21079087257385
 Thread 13 estimated dimension 6 of 9 : 1  | time taken : 18.317158460617065
 Thread 14 estimated dimension 4 of 9 : 0.9986110717353746  | time taken : 42.2639434337616
 Thread 2 estimated dimension 5 of 9 : 0.30277718695003797  | time taken : 340.30966901779175
 Thread 4 estimated dimension 6 of 9 : 1  | time taken : 37.09981894493103
 Thread 14 estimated dimension 5 of 9 : 1  | time taken : 29.782171487808228
 Thread 2 estimated dimension 6 of 9 : 1  | time taken : 31.66659450531006
 Thread 5 estimated dimension 7 of 9 : 0.5227648791624466  | time taken : 169.61279797554016
 Thread 14 estimated dimension 6 of 9 : 0.9950184143412135  | time taken : 39.552410364151
 Thread 6 estimated dimension 7 of 9 : 0.4773760557450367  | time taken : 197.9965260028839
 Thread 11 estimated dimension 7 of 9 : 0.5292228425727692  | time taken : 180.69206285476685
 Thread 9 estimated dimension 7 of 9 : 0.5100819961392964  | time taken : 216.6060905456543
 Thread 3 estimated dimension 7 of 9 : 0.4661274739737214  | time taken : 177.07814192771912
 Thread 8 estimated dimension 7 of 9 : 0.45498383243554263  | time taken : 191.32559061050415
 Thread 13 estimated dimension 7 of 9 : 0.5286309546377421  | time taken : 190.96555089950562
 Thread 1 estimated dimension 7 of 9 : 0.537729154812223  | time taken : 205.86981463432312
 Thread 4 estimated dimension 7 of 9 : 0.4760485576626566  | time taken : 184.94945883750916
 Thread 2 estimated dimension 7 of 9 : 0.5213858156931944  | time taken : 157.26425862312317
 Thread 10 estimated dimension 7 of 9 : 0.5072323859008149  | time taken : 212.6660017967224
 Thread 7 estimated dimension 7 of 9 : 0.46893068093043266  | time taken : 234.90888690948486
 Thread 12 estimated dimension 7 of 9 : 0.5349954594340488  | time taken : 251.63527631759644
 Thread 14 estimated dimension 7 of 9 : 0.5019290094905622  | time taken : 186.23387551307678
 Thread 5 estimated dimension 8 of 9 : 0.48549185944811657  | time taken : 237.15940380096436
 Thread 5 nsolns: 75006
 Thread 3 estimated dimension 8 of 9 : 0.5637590848124323  | time taken : 157.01489901542664
 Thread 3 nsolns: 84686
 Thread 9 estimated dimension 8 of 9 : 0.5258086853733299  | time taken : 179.87434124946594
 Thread 9 nsolns: 73414
 Thread 11 estimated dimension 8 of 9 : 0.5296039676198688  | time taken : 190.97191381454468
 Thread 11 nsolns: 73375
 Thread 6 estimated dimension 8 of 9 : 0.49769848308147313  | time taken : 260.16829776763916
 Thread 6 nsolns: 77110
 Thread 2 estimated dimension 8 of 9 : 0.5281068441904468  | time taken : 225.105815410614
 Thread 2 nsolns: 76860
 Thread 3 estimated dimension 0 of 9 : 0.7873979061363118  | time taken : 108.75593996047974
 Thread 8 estimated dimension 8 of 9 : 0.5080810277186807  | time taken : 263.6972887516022
 Thread 13 estimated dimension 8 of 9 : 0.4436055458831586  | time taken : 243.30069589614868
 Thread 8 nsolns: 79815
 Thread 13 nsolns: 85565
 Thread 7 estimated dimension 8 of 9 : 0.5220849840758007  | time taken : 204.18690514564514
 Thread 7 nsolns: 74784
 Thread 10 estimated dimension 8 of 9 : 0.5170578138398295  | time taken : 254.7039897441864
 Thread 11 estimated dimension 0 of 9 : 0.7402481677010845  | time taken : 127.75039172172546
 Thread 10 nsolns: 76532
 Thread 9 estimated dimension 0 of 9 : 0.7937860289000204  | time taken : 146.73855757713318
 Thread 1 estimated dimension 8 of 9 : 0.46446901388454453  | time taken : 287.6628646850586
 Thread 4 estimated dimension 8 of 9 : 0.49545792006471195  | time taken : 281.1847574710846
 Thread 6 estimated dimension 0 of 9 : 0.8000257241976926  | time taken : 116.59930372238159
 Thread 1 nsolns: 86429
 Thread 4 nsolns: 81275
 Thread 12 estimated dimension 8 of 9 : 0.4955660445560215  | time taken : 240.7027359008789
 Thread 12 nsolns: 82980
 Thread 3 estimated dimension 1 of 9 : 0.9034985633358235  | time taken : 69.00213623046875
 Thread 7 estimated dimension 0 of 9 : 0.8023047030714434  | time taken : 60.27832746505737
 Thread 2 estimated dimension 0 of 9 : 0.7696258374446668  | time taken : 79.08573246002197
 Thread 11 estimated dimension 1 of 9 : 0.9078881792849661  | time taken : 55.834614276885986
 Thread 9 estimated dimension 1 of 9 : 0.9135600277202908  | time taken : 58.49300837516785
 Thread 13 estimated dimension 0 of 9 : 0.808032185356345  | time taken : 93.15637540817261
 Thread 8 estimated dimension 0 of 9 : 0.7936542580864787  | time taken : 95.51020789146423
 Thread 6 estimated dimension 1 of 9 : 0.8840009276874888  | time taken : 57.42690825462341
 Thread 14 estimated dimension 8 of 9 : 0.447119595496731  | time taken : 281.1082966327667
 Thread 14 nsolns: 84326
 Thread 1 estimated dimension 0 of 9 : 0.7971523391234454  | time taken : 71.24506521224976
 Thread 7 estimated dimension 1 of 9 : 0.9263695687382103  | time taken : 60.59895443916321
 Thread 2 estimated dimension 1 of 9 : 0.9069608020629748  | time taken : 57.05060148239136
 Thread 10 estimated dimension 0 of 9 : 0.7328156716562384  | time taken : 107.12702441215515
 Thread 12 estimated dimension 0 of 9 : 0.7928248748614387  | time taken : 79.6304726600647
 Thread 3 estimated dimension 2 of 9 : 0.8434462121599828  | time taken : 72.02462553977966
 Thread 13 estimated dimension 1 of 9 : 0.9299250562359098  | time taken : 49.9279580116272
 Thread 8 estimated dimension 1 of 9 : 0.9276140748777898  | time taken : 54.58860111236572
 Thread 1 estimated dimension 1 of 9 : 0.9105239261268613  | time taken : 39.09508681297302
 Thread 14 estimated dimension 0 of 9 : 0.8832764639705912  | time taken : 52.24052309989929
 Thread 9 estimated dimension 2 of 9 : 0.8290203148162251  | time taken : 79.85560369491577
 Thread 11 estimated dimension 2 of 9 : 0.8224201799118431  | time taken : 92.52160048484802
 Thread 7 estimated dimension 2 of 9 : 0.7919548792694162  | time taken : 55.04954814910889
 Thread 2 estimated dimension 2 of 9 : 0.8361467292983357  | time taken : 56.05195116996765
 Thread 10 estimated dimension 1 of 9 : 0.9163304034768281  | time taken : 67.9820237159729
 Thread 3 estimated dimension 3 of 9 : 0.7939943850261755  | time taken : 63.041362285614014
 Thread 12 estimated dimension 1 of 9 : 0.9387279383128386  | time taken : 70.62040972709656
 Thread 13 estimated dimension 2 of 9 : 0.8485799092257073  | time taken : 59.99338126182556
 Thread 1 estimated dimension 2 of 9 : 0.7992706447492024  | time taken : 56.99782657623291
 Thread 14 estimated dimension 1 of 9 : 0.9270337591654984  | time taken : 59.394022941589355
 Thread 8 estimated dimension 2 of 9 : 0.8355747282785109  | time taken : 74.76185202598572
 Thread 5 estimated dimension 0 of 9 : 0.20376107148869368  | time taken : 384.79762506484985
 Thread 11 estimated dimension 3 of 9 : 0.7432541794105514  | time taken : 85.08879613876343
 Thread 10 estimated dimension 2 of 9 : 0.8193537178820591  | time taken : 61.967928647994995
 Thread 2 estimated dimension 3 of 9 : 0.7332398298531493  | time taken : 78.91340708732605
 Thread 13 estimated dimension 3 of 9 : 0.8188527793441591  | time taken : 69.79797005653381
 Thread 1 estimated dimension 3 of 9 : 0.7922720606787754  | time taken : 70.05028748512268
 Thread 3 estimated dimension 4 of 9 : 0.7645434186260495  | time taken : 90.55517911911011
 Thread 12 estimated dimension 2 of 9 : 0.8314831203173898  | time taken : 95.39628720283508
 Thread 8 estimated dimension 3 of 9 : 0.8249651491499216  | time taken : 76.56773948669434
 Thread 5 estimated dimension 1 of 9 : 0.6158664152384834  | time taken : 99.10384368896484
 Thread 11 estimated dimension 4 of 9 : 0.7250255854390368  | time taken : 79.90558648109436
 Thread 2 estimated dimension 4 of 9 : 0.7012973843427094  | time taken : 91.97704458236694
 Thread 13 estimated dimension 4 of 9 : 0.7666577516717167  | time taken : 81.19077944755554
 Thread 10 estimated dimension 3 of 9 : 0.7954799754875582  | time taken : 95.89784646034241
 Thread 5 estimated dimension 2 of 9 : 0.9849770155592549  | time taken : 34.31608819961548
 Thread 1 estimated dimension 4 of 9 : 0.7545317516648473  | time taken : 86.38127732276917
 Thread 8 estimated dimension 4 of 9 : 0.7871168728124522  | time taken : 80.90664100646973
 Thread 5 estimated dimension 3 of 9 : 0.988653966089272  | time taken : 21.57994842529297
 Thread 3 estimated dimension 5 of 9 : 0.661638742311066  | time taken : 124.14388418197632
 Thread 5 estimated dimension 4 of 9 : 1  | time taken : 24.32155680656433
 Thread 11 estimated dimension 5 of 9 : 0.6934586808221864  | time taken : 95.82381939888
 Thread 4 estimated dimension 0 of 9 : 0.186788168902015  | time taken : 400.29714608192444
 Thread 5 estimated dimension 5 of 9 : 0.9899369269940715  | time taken : 20.017178535461426
 Thread 10 estimated dimension 4 of 9 : 0.7043620927633129  | time taken : 86.2015872001648
 Thread 13 estimated dimension 5 of 9 : 0.6122881827877872  | time taken : 104.7107982635498
 Thread 5 estimated dimension 6 of 9 : 0.9948086226182817  | time taken : 34.425116300582886
 Thread 8 estimated dimension 5 of 9 : 0.6710474486482804  | time taken : 120.40196561813354
 Thread 4 estimated dimension 1 of 9 : 0.6890587401796315  | time taken : 104.5208785533905
 Thread 10 estimated dimension 5 of 9 : 0.6284393903116923  | time taken : 105.12253928184509
 Thread 9 estimated dimension 3 of 9 : 0.21567005283463592  | time taken : 401.1619362831116exiting with current heads : 5379 out of 5383 | exp rv: 32495.202621852335

 Thread 6 estimated dimension 2 of 9 : 0.16562444809563118  | time taken : 478.0504403114319
 Thread 4 estimated dimension 2 of 9 : 0.9820617892844609  | time taken : 29.609695196151733
 Thread 6 estimated dimension 3 of 9 : 1  | time taken : 11.332700967788696
 Thread 7 estimated dimension 3 of 9 : 0.21332317257186031  | time taken : 415.6849217414856
 Thread 1 estimated dimension 5 of 9 : 0.3536175907644739  | time taken : 218.66392064094543
 Thread 9 estimated dimension 4 of 9 : 0.9946974033135273  | time taken : 18.613597631454468
 Thread 4 estimated dimension 3 of 9 : 1  | time taken : 16.168790102005005
 Thread 6 estimated dimension 4 of 9 : 1  | time taken : 11.08435320854187
 Thread 3 estimated dimension 6 of 9 : 0.48467560307533225  | time taken : 186.0462567806244
 Thread 2 estimated dimension 5 of 9 : 0.34461882807852623  | time taken : 250.4689519405365
 Thread 5 estimated dimension 7 of 9 : 0.5255243317387881  | time taken : 134.14907050132751
 Thread 9 estimated dimension 5 of 9 : 1  | time taken : 25.357324838638306
 Thread 4 estimated dimension 4 of 9 : 1  | time taken : 23.936529397964478
 Thread 13 estimated dimension 6 of 9 : 0.538288487918734  | time taken : 156.67006754875183
 Thread 11 estimated dimension 6 of 9 : 0.4689041626665199  | time taken : 185.79428839683533
 Thread 2 estimated dimension 6 of 9 : 0.9921960280794888  | time taken : 26.10058856010437
 Thread 1 estimated dimension 6 of 9 : 0.985324744678306  | time taken : 41.934186697006226
 Thread 6 estimated dimension 5 of 9 : 1  | time taken : 33.014357566833496
 Thread 7 estimated dimension 4 of 9 : 0.9849220244002044  | time taken : 42.51132130622864
 Thread 9 estimated dimension 6 of 9 : 1  | time taken : 24.601418495178223
 Thread 8 estimated dimension 6 of 9 : 0.5691248240842682  | time taken : 139.15241479873657
 Thread 4 estimated dimension 5 of 9 : 1  | time taken : 28.0211660861969exiting with current heads : 5381 out of 5383 | exp rv: 30433.112558175224

 Thread 14 estimated dimension 2 of 9 : 0.1768468469898337  | time taken : 438.358074426651
 Thread 7 estimated dimension 5 of 9 : 1  | time taken : 26.590046882629395
 Thread 4 estimated dimension 6 of 9 : 1  | time taken : 10.439090490341187
 Thread 6 estimated dimension 6 of 9 : 1  | time taken : 29.619364500045776
 Thread 7 estimated dimension 6 of 9 : 0.9852297545074661  | time taken : 16.32158398628235
 Thread 14 estimated dimension 3 of 9 : 0.9956550046892692  | time taken : 25.927257537841797
 Thread 14 estimated dimension 4 of 9 : 1  | time taken : 24.67132329940796
 Thread 12 estimated dimension 3 of 9 : 0.21328988979134741  | time taken : 423.3608253002167
 Thread 10 estimated dimension 6 of 9 : 0.46822322263617266  | time taken : 169.04136729240417
 Thread 14 estimated dimension 5 of 9 : 1  | time taken : 17.819942951202393
 Thread 12 estimated dimension 4 of 9 : 0.9928409971011294  | time taken : 16.31816577911377
 Thread 14 estimated dimension 6 of 9 : 1  | time taken : 18.466015577316284
 Thread 12 estimated dimension 5 of 9 : 1  | time taken : 27.802958250045776
 Thread 3 estimated dimension 7 of 9 : 0.48752045554705675  | time taken : 163.95735263824463
 Thread 2 estimated dimension 7 of 9 : 0.4542480351300857  | time taken : 137.06950449943542
 Thread 13 estimated dimension 7 of 9 : 0.5102256824107224  | time taken : 155.7540500164032
 Thread 12 estimated dimension 6 of 9 : 1  | time taken : 24.10214138031006
 Thread 9 estimated dimension 7 of 9 : 0.5286878866977988  | time taken : 150.7698359489441
 Thread 11 estimated dimension 7 of 9 : 0.45493924936389185  | time taken : 174.6400694847107
 Thread 5 estimated dimension 8 of 9 : 0.5252469409427829  | time taken : 185.53625893592834
 Thread 5 nsolns: 82646
 Thread 4 estimated dimension 7 of 9 : 0.4580039174643213  | time taken : 140.47639179229736
 Thread 1 estimated dimension 7 of 9 : 0.5287246441439623  | time taken : 175.5732536315918
 Thread 6 estimated dimension 7 of 9 : 0.4416556959497849  | time taken : 156.53560733795166
 Thread 7 estimated dimension 7 of 9 : 0.5353570197247319  | time taken : 140.01517605781555
 Thread 8 estimated dimension 7 of 9 : 0.48921637783174426  | time taken : 184.58400106430054
 Thread 10 estimated dimension 7 of 9 : 0.4766452741542106  | time taken : 129.50782942771912
 Thread 14 estimated dimension 7 of 9 : 0.5021271531630134  | time taken : 110.89276242256165
 Thread 5 estimated dimension 0 of 9 : 0.7330204409621532  | time taken : 80.41781115531921
 Thread 12 estimated dimension 7 of 9 : 0.4307613373837047  | time taken : 121.27207612991333
 Thread 13 estimated dimension 8 of 9 : 0.534902145114516  | time taken : 134.52648162841797
 Thread 13 nsolns: 72374
 Thread 11 estimated dimension 8 of 9 : 0.47733441990490283  | time taken : 119.28491401672363
 Thread 11 nsolns: 76982
 Thread 1 estimated dimension 8 of 9 : 0.5741253966302288  | time taken : 107.60852646827698
 Thread 1 nsolns: 73721
 Thread 2 estimated dimension 8 of 9 : 0.47943077359805586  | time taken : 153.40643787384033
 Thread 3 estimated dimension 8 of 9 : 0.4541584851629051  | time taken : 158.55584836006165
 Thread 2 nsolns: 78842
 Thread 3 nsolns: 75178
 Thread 9 estimated dimension 8 of 9 : 0.4554126421252815  | time taken : 138.92886567115784
 Thread 9 nsolns: 81886
 Thread 4 estimated dimension 8 of 9 : 0.4901323830208872  | time taken : 141.21911191940308
 Thread 4 nsolns: 86106
 Thread 3 estimated dimension 0 of 9 : 0.8578717479597182  | time taken : 44.73703098297119
 Thread 2 estimated dimension 0 of 9 : 0.7759838961244427  | time taken : 48.59607696533203
 Thread 6 estimated dimension 8 of 9 : 0.4505676071168103  | time taken : 156.58817267417908
 Thread 1 estimated dimension 0 of 9 : 0.7852364948946573  | time taken : 59.56401085853577
 Thread 6 nsolns: 90736
 Thread 8 estimated dimension 8 of 9 : 0.4857355984061679  | time taken : 151.21871781349182
 Thread 13 estimated dimension 0 of 9 : 0.73476392362503  | time taken : 67.67227697372437
 Thread 8 nsolns: 72185
 Thread 10 estimated dimension 8 of 9 : 0.4621069576322923  | time taken : 131.89894008636475
 Thread 7 estimated dimension 8 of 9 : 0.4713190079755674  | time taken : 163.37024116516113
 Thread 10 nsolns: 76788
 Thread 7 nsolns: 82310
 Thread 11 estimated dimension 0 of 9 : 0.7717984251509598  | time taken : 76.55021595954895
 Thread 4 estimated dimension 0 of 9 : 0.7858362517525252  | time taken : 46.560651540756226
 Thread 3 estimated dimension 1 of 9 : 0.8847511861580517  | time taken : 29.802805185317993
 Thread 13 estimated dimension 1 of 9 : 0.9161276657511157  | time taken : 35.10490083694458
 Thread 2 estimated dimension 1 of 9 : 0.8979381464767504  | time taken : 46.958972454071045
 Thread 1 estimated dimension 1 of 9 : 0.9464682284539625  | time taken : 41.2823121547699
 Thread 14 estimated dimension 8 of 9 : 0.49091546269527625  | time taken : 161.94350910186768
 Thread 6 estimated dimension 0 of 9 : 0.7034307414531538  | time taken : 44.71673917770386
 Thread 14 nsolns: 85588
 Thread 8 estimated dimension 0 of 9 : 0.8119302354610166  | time taken : 51.917871713638306
 Thread 11 estimated dimension 1 of 9 : 0.9030185334348093  | time taken : 41.956151723861694
 Thread 4 estimated dimension 1 of 9 : 0.9188368127459178  | time taken : 42.21208572387695
 Thread 12 estimated dimension 8 of 9 : 0.523377105245773  | time taken : 139.35512781143188
 Thread 12 nsolns: 83503
 Thread 3 estimated dimension 2 of 9 : 0.8474777648771812  | time taken : 47.12290692329407
 Thread 2 estimated dimension 2 of 9 : 0.8081381019135971  | time taken : 39.97304391860962
 Thread 7 estimated dimension 0 of 9 : 0.7712156992550878  | time taken : 77.79554867744446
 Thread 8 estimated dimension 1 of 9 : 0.9015426962233494  | time taken : 38.98637914657593
 Thread 1 estimated dimension 2 of 9 : 0.8275766594514014  | time taken : 55.3450870513916
 Thread 6 estimated dimension 1 of 9 : 0.9334784382416125  | time taken : 54.432278633117676
 Thread 11 estimated dimension 2 of 9 : 0.8406757429509322  | time taken : 55.909335136413574
 Thread 4 estimated dimension 2 of 9 : 0.8412413441560247  | time taken : 54.84665060043335
 Thread 7 estimated dimension 1 of 9 : 0.9011471985878947  | time taken : 44.366267919540405
 Thread 3 estimated dimension 3 of 9 : 0.8249692779173066  | time taken : 68.25561499595642
 Thread 12 estimated dimension 0 of 9 : 0.7372870514137159  | time taken : 78.05259776115417
 Thread 2 estimated dimension 3 of 9 : 0.7653611994618085  | time taken : 68.36295199394226
 Thread 1 estimated dimension 3 of 9 : 0.7819445288166884  | time taken : 62.02600288391113
 Thread 6 estimated dimension 2 of 9 : 0.8295770104792363  | time taken : 68.14212203025818
 Thread 11 estimated dimension 3 of 9 : 0.7444892362310183  | time taken : 58.0207462310791
 Thread 4 estimated dimension 3 of 9 : 0.8001443897934836  | time taken : 62.1042697429657
 Thread 7 estimated dimension 2 of 9 : 0.8415977428176986  | time taken : 64.58879661560059
 Thread 12 estimated dimension 1 of 9 : 0.9187720850758516  | time taken : 50.77925705909729
 Thread 6 estimated dimension 3 of 9 : 0.8360706219653693  | time taken : 44.4939820766449
 Thread 3 estimated dimension 4 of 9 : 0.721626453122805  | time taken : 75.93159461021423
 Thread 11 estimated dimension 4 of 9 : 0.7734396458720283  | time taken : 55.186296701431274
 Thread 1 estimated dimension 4 of 9 : 0.7024210143709047  | time taken : 67.99842405319214
 Thread 7 estimated dimension 3 of 9 : 0.7475891174530491  | time taken : 48.30399012565613
 Thread 12 estimated dimension 2 of 9 : 0.7991274615186512  | time taken : 51.64854049682617
 Thread 6 estimated dimension 4 of 9 : 0.7665139228547925  | time taken : 58.88144302368164
 Thread 11 estimated dimension 5 of 9 : 0.7020411860370365  | time taken : 54.68969178199768
 Thread 9 estimated dimension 0 of 9 : 0.20430857540690228  | time taken : 334.9869050979614
 Thread 12 estimated dimension 3 of 9 : 0.7969536169119213  | time taken : 40.617380142211914exiting with current heads : 5234 out of 5383 | exp rv: 60807.137731795236

 Thread 5 estimated dimension 1 of 9 : 0.08850934611884921  | time taken : 399.4399161338806
 Thread 7 estimated dimension 4 of 9 : 0.7259704694454413  | time taken : 62.676345109939575
 Thread 3 estimated dimension 5 of 9 : 0.6203166906957511  | time taken : 97.23265290260315
 Thread 5 estimated dimension 2 of 9 : 1  | time taken : 11.620391607284546
 Thread 5 estimated dimension 3 of 9 : 1  | time taken : 24.334870100021362
 Thread 6 estimated dimension 5 of 9 : 0.687874276183775  | time taken : 71.05404043197632exiting with current heads : 5381 out of 5383 | exp rv: 24840.33026244496

 Thread 10 estimated dimension 0 of 9 : 0.21666378599389305  | time taken : 357.3470530509949
 Thread 12 estimated dimension 4 of 9 : 0.708569622094482  | time taken : 66.87438988685608
 Thread 7 estimated dimension 5 of 9 : 0.6801798538074671  | time taken : 54.60639262199402
 Thread 5 estimated dimension 4 of 9 : 1  | time taken : 35.79280424118042
 Thread 9 estimated dimension 1 of 9 : 0.6558512752205347  | time taken : 94.145667552948
 Thread 11 estimated dimension 6 of 9 : 0.5262537103347826  | time taken : 100.12516021728516exiting with current heads : 5378 out of 5383 | exp rv: 31285.844348376093

 Thread 13 estimated dimension 2 of 9 : 0.17202668210165648  | time taken : 355.21286034584045
 Thread 9 estimated dimension 2 of 9 : 1  | time taken : 8.16947889328003
 Thread 5 estimated dimension 5 of 9 : 1  | time taken : 15.09623098373413
 Thread 13 estimated dimension 3 of 9 : 1  | time taken : 8.384861707687378
 Thread 1 estimated dimension 5 of 9 : 0.31802309769866194  | time taken : 178.13683938980103
 Thread 2 estimated dimension 4 of 9 : 0.2658380102941413  | time taken : 260.99201130867004exiting with current heads : 5380 out of 5383 | exp rv: 31075.838064701184

 Thread 8 estimated dimension 2 of 9 : 0.1731892150034523  | time taken : 319.55705213546753
 Thread 3 estimated dimension 6 of 9 : 0.5344002713958403  | time taken : 100.8389573097229
 Thread 13 estimated dimension 4 of 9 : 1  | time taken : 18.35364079475403
 Thread 9 estimated dimension 3 of 9 : 0.9806627757518873  | time taken : 27.843005180358887
 Thread 10 estimated dimension 1 of 9 : 0.6763799436139044  | time taken : 63.99788498878479
 Thread 6 estimated dimension 6 of 9 : 0.49891102732348974  | time taken : 81.16634321212769
 Thread 5 estimated dimension 6 of 9 : 1  | time taken : 37.956393241882324
 Thread 4 estimated dimension 4 of 9 : 0.27373865708046335  | time taken : 257.8252878189087
 Thread 2 estimated dimension 5 of 9 : 0.989841543913211  | time taken : 21.642844200134277
 Thread 8 estimated dimension 3 of 9 : 1  | time taken : 22.089341402053833
 Thread 9 estimated dimension 4 of 9 : 1  | time taken : 14.674654245376587
 Thread 1 estimated dimension 6 of 9 : 0.9926484889571714  | time taken : 30.6626877784729
 Thread 4 estimated dimension 5 of 9 : 0.9768772635078276  | time taken : 12.70327639579773
 Thread 7 estimated dimension 6 of 9 : 0.5114796172112267  | time taken : 83.61501216888428
 Thread 9 estimated dimension 5 of 9 : 1  | time taken : 14.458588123321533
 Thread 13 estimated dimension 5 of 9 : 1  | time taken : 35.275794506073
 Thread 2 estimated dimension 6 of 9 : 0.9905297212224338  | time taken : 19.999326705932617
 Thread 10 estimated dimension 2 of 9 : 1  | time taken : 30.667314052581787
 Thread 8 estimated dimension 4 of 9 : 0.9990510291460529  | time taken : 21.692625999450684
 Thread 4 estimated dimension 6 of 9 : 1  | time taken : 12.380300760269165
 Thread 5 estimated dimension 7 of 9 : 1  | time taken : 33.698514223098755
 Thread 13 estimated dimension 6 of 9 : 1  | time taken : 22.704668283462524
 Thread 10 estimated dimension 3 of 9 : 0.9881354086190854  | time taken : 23.735378980636597
 Thread 9 estimated dimension 6 of 9 : 1  | time taken : 28.061037063598633
 Thread 11 estimated dimension 7 of 9 : 0.46231133300048993  | time taken : 98.50208520889282
 Thread 8 estimated dimension 5 of 9 : 0.9800988288019712  | time taken : 32.407686710357666
 Thread 12 estimated dimension 5 of 9 : 0.3544508025390096  | time taken : 139.6738932132721
 Thread 10 estimated dimension 4 of 9 : 0.9951099570623175  | time taken : 24.98176860809326
 Thread 8 estimated dimension 6 of 9 : 0.9904820763363383  | time taken : 18.67268180847168
 Thread 10 estimated dimension 5 of 9 : 1  | time taken : 9.360764503479004
 Thread 12 estimated dimension 6 of 9 : 0.9857726487080217  | time taken : 16.84035038948059
 Thread 10 estimated dimension 6 of 9 : 1  | time taken : 14.441798210144043
 Thread 6 estimated dimension 7 of 9 : 0.5064542770920476  | time taken : 110.66218876838684
 Thread 1 estimated dimension 7 of 9 : 0.5070258733126399  | time taken : 99.81267976760864
 Thread 3 estimated dimension 7 of 9 : 0.4595272962434928  | time taken : 125.3752613067627
 Thread 2 estimated dimension 7 of 9 : 0.5154218590383819  | time taken : 99.58208584785461
 Thread 7 estimated dimension 7 of 9 : 0.5528102236778891  | time taken : 110.60639500617981
 Thread 4 estimated dimension 7 of 9 : 0.546698554096676  | time taken : 102.02385258674622
 Thread 5 estimated dimension 8 of 9 : 0.5022445312174587  | time taken : 103.19810914993286
 Thread 5 nsolns: 111040
 Thread 13 estimated dimension 7 of 9 : 0.49632797127656264  | time taken : 93.88458251953125
 Thread 9 estimated dimension 7 of 9 : 0.4795023825878019  | time taken : 98.03563523292542
 Thread 11 estimated dimension 8 of 9 : 0.5172882529612368  | time taken : 97.15684223175049
 Thread 11 nsolns: 72932
 Thread 8 estimated dimension 7 of 9 : 0.5656331506996485  | time taken : 78.72509288787842
 Thread 1 estimated dimension 8 of 9 : 0.5672924528081262  | time taken : 75.8302092552185
 Thread 1 nsolns: 76114
 Thread 12 estimated dimension 7 of 9 : 0.4890956529211656  | time taken : 95.09352016448975
 Thread 10 estimated dimension 7 of 9 : 0.499870406632691  | time taken : 91.61652612686157
 Thread 6 estimated dimension 8 of 9 : 0.46984346534568616  | time taken : 96.41634178161621
 Thread 6 nsolns: 74157
 Thread 3 estimated dimension 8 of 9 : 0.4978931762135576  | time taken : 98.25403594970703
 Thread 3 nsolns: 73742
 Thread 2 estimated dimension 8 of 9 : 0.49200645483035815  | time taken : 85.75469470024109
 Thread 2 nsolns: 78765
 Thread 4 estimated dimension 8 of 9 : 0.5257605152552485  | time taken : 80.33451557159424
 Thread 4 nsolns: 76526
 Thread 7 estimated dimension 8 of 9 : 0.541139109330342  | time taken : 86.47707343101501
 Thread 7 nsolns: 72114
 Thread 9 estimated dimension 8 of 9 : 0.5027042782374085  | time taken : 74.05912756919861
 Thread 9 nsolns: 83678
 Thread 13 estimated dimension 8 of 9 : 0.5169601237386798  | time taken : 83.25247430801392
 Thread 13 nsolns: 87297
 Thread 8 estimated dimension 8 of 9 : 0.5105787677375188  | time taken : 74.50085854530334
 Thread 8 nsolns: 85256
 Thread 12 estimated dimension 8 of 9 : 0.48652200205547436  | time taken : 55.540568590164185
 Thread 12 nsolns: 76581
 Thread 10 estimated dimension 8 of 9 : 0.5128330217009652  | time taken : 50.06950092315674
 Thread 10 nsolns: 81254
 estimated weights : [0.027794187838842143, 0.030116024215114008, 0.030571696879449505, 0.031293283962452664, 0.0341320144675577, 0.030700587565626807, 0.02742691400873388, 0.029254338082454645, 0.03288527633842519, 0.029693147960444376, 0.03372173434069313, 0.03209529150603884, 0.030642855465181053, 0.02948555907141048, 0.033218618928326664, 0.03600678435074662, 0.021031729590982477, 0.036679885672453484, 0.022348808233325003, 0.025862533222233187, 0.031052100561171227, 0.02837442137837404, 0.023309068484028694, 0.0362510408188433, 0.019980099546259626, 0.03074396774150354, 0.03554011501716568, 0.029544174357358066, 0.03258520326046123, 0.02980841193473748, 0.030674639493296418, 0.028508276375512297, 0.02904354852476096, 0.028486235145433705, 0.03735695300429679, 0.03303658678383692, 0.031674881893039894, 0.029711558427142973, 0.0355081156545095, 0.025415873766322518, 0.036940093560113185]
