numSolutions: 82 k : 2706
11 82 0.030151134457776365 0.00011086474501108647

 Thread 2 estimated dimension 0 of 11 : 0.44770076522382146  | time taken : 5.722775936126709
 Thread 4 estimated dimension 0 of 11 : 0.5477946709094762  | time taken : 5.736108064651489
 Thread 1 estimated dimension 0 of 11 : 0.5588531142548692  | time taken : 5.918689727783203
 Thread 7 estimated dimension 0 of 11 : 0.5382174643139922  | time taken : 5.9555628299713135
 Thread 3 estimated dimension 0 of 11 : 0.46199366238256295  | time taken : 6.341145277023315
 Thread 6 estimated dimension 0 of 11 : 0.5519640576995658  | time taken : 6.576112508773804
 Thread 5 estimated dimension 0 of 11 : 0.459508850654259  | time taken : 6.82177209854126
 Thread 2 estimated dimension 1 of 11 : 0.6879823835250257  | time taken : 5.6137614250183105
 Thread 2 estimated dimension 2 of 11 : 0.9858812833770628  | time taken : 0.6947956085205078
 Thread 3 estimated dimension 1 of 11 : 0.6783536769984226  | time taken : 5.858382225036621
 Thread 4 estimated dimension 1 of 11 : 0.6764234175279616  | time taken : 6.95954155921936
 Thread 2 estimated dimension 3 of 11 : 1  | time taken : 1.212183952331543
 Thread 3 estimated dimension 2 of 11 : 1  | time taken : 1.203751564025879
 Thread 6 estimated dimension 1 of 11 : 0.6493196170365814  | time taken : 7.391151666641235
 Thread 7 estimated dimension 1 of 11 : 0.6705828016165676  | time taken : 8.748352527618408
 Thread 3 estimated dimension 3 of 11 : 0.9973102161082358  | time taken : 2.0352258682250977
 Thread 1 estimated dimension 1 of 11 : 0.33573362254087513  | time taken : 14.629786014556885
 Thread 1 estimated dimension 2 of 11 : 1  | time taken : 1.3979456424713135
 Thread 7 estimated dimension 2 of 11 : 0.4625436570860242  | time taken : 7.91937780380249
 Thread 3 estimated dimension 4 of 11 : 0.7172679317266502  | time taken : 6.561739683151245
 Thread 4 estimated dimension 2 of 11 : 0.5283013522604989  | time taken : 10.205095291137695
 Thread 5 estimated dimension 1 of 11 : 0.3238353434056094  | time taken : 16.459765195846558
 Thread 1 estimated dimension 3 of 11 : 0.9953258790051255  | time taken : 1.1751880645751953
 Thread 7 estimated dimension 3 of 11 : 1  | time taken : 1.345249891281128
 Thread 5 estimated dimension 2 of 11 : 0.9706221750712808  | time taken : 1.3068323135375977
 Thread 1 estimated dimension 4 of 11 : 1  | time taken : 1.3807833194732666
 Thread 6 estimated dimension 2 of 11 : 0.5345131412675075  | time taken : 11.272061586380005
 Thread 7 estimated dimension 4 of 11 : 1  | time taken : 1.5004096031188965
 Thread 5 estimated dimension 3 of 11 : 0.9899678172070695  | time taken : 1.4742786884307861
 Thread 7 estimated dimension 5 of 11 : 1  | time taken : 1.7958338260650635
 Thread 3 estimated dimension 5 of 11 : 0.7963900055953619  | time taken : 5.390768527984619
 Thread 2 estimated dimension 4 of 11 : 0.2724200503946415  | time taken : 16.374953985214233
 Thread 1 estimated dimension 5 of 11 : 0.745909474200115  | time taken : 7.015823841094971
 Thread 7 estimated dimension 6 of 11 : 0.7259454724485155  | time taken : 6.1444456577301025
 Thread 4 estimated dimension 3 of 11 : 0.4096015734915377  | time taken : 11.688562631607056
 Thread 3 estimated dimension 6 of 11 : 0.7692284831636154  | time taken : 6.654226779937744
 Thread 4 estimated dimension 4 of 11 : 0.9955358230170305  | time taken : 1.2560913562774658
 Thread 4 estimated dimension 5 of 11 : 1  | time taken : 1.3952882289886475
 Thread 1 estimated dimension 6 of 11 : 0.7390430079348949  | time taken : 6.145161867141724
 Thread 6 estimated dimension 3 of 11 : 0.3973533720424291  | time taken : 13.27686071395874
 Thread 4 estimated dimension 6 of 11 : 1  | time taken : 1.1350247859954834
 Thread 7 estimated dimension 7 of 11 : 0.6739431876830655  | time taken : 6.304830312728882
 Thread 6 estimated dimension 4 of 11 : 1  | time taken : 1.9001667499542236
 Thread 4 estimated dimension 7 of 11 : 0.9989817053004539  | time taken : 1.5975244045257568
 Thread 2 estimated dimension 5 of 11 : 0.388663277713204  | time taken : 15.576638460159302
 Thread 3 estimated dimension 7 of 11 : 0.6999115645461509  | time taken : 9.394061088562012
 Thread 6 estimated dimension 5 of 11 : 1  | time taken : 4.177637577056885
 Thread 2 estimated dimension 6 of 11 : 0.9979961576725919  | time taken : 1.5643198490142822
 Thread 6 estimated dimension 6 of 11 : 1  | time taken : 1.767862319946289
 Thread 2 estimated dimension 7 of 11 : 1  | time taken : 0.932152271270752
 Thread 6 estimated dimension 7 of 11 : 0.9987651383132  | time taken : 1.2421112060546875
 Thread 1 estimated dimension 7 of 11 : 0.6944062370116252  | time taken : 9.829345464706421
 Thread 2 estimated dimension 8 of 11 : 1  | time taken : 0.9732828140258789
 Thread 5 estimated dimension 4 of 11 : 0.24610063401454568  | time taken : 23.85598111152649
 Thread 7 estimated dimension 8 of 11 : 0.6328930561474797  | time taken : 10.638273239135742
 Thread 2 estimated dimension 9 of 11 : 1  | time taken : 1.4095587730407715
 Thread 4 estimated dimension 8 of 11 : 0.6028257369077432  | time taken : 10.60542345046997
 Thread 5 estimated dimension 5 of 11 : 0.978685654485608  | time taken : 1.561333417892456
 Thread 3 estimated dimension 8 of 11 : 0.6181917287803675  | time taken : 7.611508131027222
 Thread 2 estimated dimension 10 of 11 : 0.9733752493489007  | time taken : 1.6034862995147705
 Thread 2 nsolns: 45935
 Thread 5 estimated dimension 6 of 11 : 1  | time taken : 1.3303020000457764
 Thread 5 estimated dimension 7 of 11 : 1  | time taken : 1.4721667766571045
 Thread 6 estimated dimension 8 of 11 : 0.6321968751669779  | time taken : 7.417242765426636
 Thread 1 estimated dimension 8 of 11 : 0.6361395112801519  | time taken : 7.803051710128784
 Thread 5 estimated dimension 8 of 11 : 1  | time taken : 1.0235040187835693
 Thread 5 estimated dimension 9 of 11 : 1  | time taken : 1.481945276260376
 Thread 5 estimated dimension 10 of 11 : 0.990741392948539  | time taken : 1.106654405593872
 Thread 5 nsolns: 47080
 Thread 7 estimated dimension 9 of 11 : 0.5010025880233687  | time taken : 9.17122483253479
 Thread 4 estimated dimension 9 of 11 : 0.49647222452216594  | time taken : 10.021206140518188
 Thread 3 estimated dimension 9 of 11 : 0.5049032013704139  | time taken : 10.755179166793823
 Thread 2 estimated dimension 0 of 11 : 0.44895056087334273  | time taken : 10.459117889404297
 Thread 6 estimated dimension 9 of 11 : 0.5113800315720344  | time taken : 9.79990029335022
 Thread 1 estimated dimension 9 of 11 : 0.4845863106050826  | time taken : 11.470216512680054
 Thread 7 estimated dimension 10 of 11 : 0.5025148609414494  | time taken : 8.657936811447144
 Thread 1 estimated dimension 10 of 11 : 0.9856826993416451  | time taken : 1.105468988418579
 Thread 7 nsolns: 45488
 Thread 1 nsolns: 44864
 Thread 2 estimated dimension 1 of 11 : 0.6849340914127365  | time taken : 7.32384181022644
 Thread 5 estimated dimension 0 of 11 : 0.4649402101071449  | time taken : 11.073217391967773
 Thread 4 estimated dimension 10 of 11 : 0.4828878209528178  | time taken : 9.87378978729248
 Thread 4 nsolns: 46964
 Thread 3 estimated dimension 10 of 11 : 0.4858856724693564  | time taken : 9.639675617218018
 Thread 2 estimated dimension 2 of 11 : 0.9942056619953477  | time taken : 1.539306402206421
 Thread 3 nsolns: 45457
 Thread 6 estimated dimension 10 of 11 : 0.5115039913996514  | time taken : 7.5440638065338135
 Thread 6 nsolns: 46670
 Thread 2 estimated dimension 3 of 11 : 0.9940227765513276  | time taken : 1.4998891353607178
 Thread 5 estimated dimension 1 of 11 : 0.6763974578354905  | time taken : 6.58871865272522
 Thread 5 estimated dimension 2 of 11 : 1  | time taken : 0.6479032039642334
 Thread 7 estimated dimension 0 of 11 : 0.5317296230717447  | time taken : 10.046694993972778
 Thread 1 estimated dimension 0 of 11 : 0.45614594458267005  | time taken : 10.374381303787231
 Thread 5 estimated dimension 3 of 11 : 0.9887640154648395  | time taken : 1.3103208541870117
 Thread 4 estimated dimension 0 of 11 : 0.45506607176449915  | time taken : 9.359046936035156
 Thread 2 estimated dimension 4 of 11 : 0.7327581733977475  | time taken : 7.0892767906188965
 Thread 3 estimated dimension 0 of 11 : 0.5417378990014792  | time taken : 9.892911911010742
 Thread 6 estimated dimension 0 of 11 : 0.5525591360228688  | time taken : 10.63465142250061
 Thread 1 estimated dimension 1 of 11 : 0.6565121542574405  | time taken : 6.799108028411865
 Thread 7 estimated dimension 1 of 11 : 0.6602329679971021  | time taken : 8.813427448272705
 Thread 1 estimated dimension 2 of 11 : 1  | time taken : 1.0753142833709717
 Thread 2 estimated dimension 5 of 11 : 0.8270094213710882  | time taken : 5.866930961608887
 Thread 4 estimated dimension 1 of 11 : 0.6593596589536007  | time taken : 6.4539055824279785
 Thread 4 estimated dimension 2 of 11 : 0.980660394147609  | time taken : 2.0610392093658447
 Thread 1 estimated dimension 3 of 11 : 1  | time taken : 2.067009210586548
 Thread 4 estimated dimension 3 of 11 : 1  | time taken : 1.2053642272949219
 Thread 2 estimated dimension 6 of 11 : 0.7457579133943488  | time taken : 7.2445361614227295
 Thread 5 estimated dimension 4 of 11 : 0.27284009318556635  | time taken : 17.564452409744263
 Thread 1 estimated dimension 4 of 11 : 0.7285757680722856  | time taken : 7.818671703338623
 Thread 4 estimated dimension 4 of 11 : 0.7193355130993606  | time taken : 7.448379039764404
 Thread 3 estimated dimension 1 of 11 : 0.33743708160205  | time taken : 16.865152835845947
 Thread 7 estimated dimension 2 of 11 : 0.5412899604495259  | time taken : 11.879512071609497
 Thread 3 estimated dimension 2 of 11 : 1  | time taken : 1.5352811813354492
 Thread 2 estimated dimension 7 of 11 : 0.6874700100992512  | time taken : 6.21387791633606
 Thread 6 estimated dimension 1 of 11 : 0.3406066604755709  | time taken : 17.70846915245056
 Thread 3 estimated dimension 3 of 11 : 0.9991331791188026  | time taken : 1.9410455226898193
 Thread 6 estimated dimension 2 of 11 : 0.9872441783660909  | time taken : 1.6124513149261475
 Thread 1 estimated dimension 5 of 11 : 0.8097676429012035  | time taken : 6.398207187652588
 Thread 3 estimated dimension 4 of 11 : 0.9963938320560966  | time taken : 1.4819011688232422
 Thread 6 estimated dimension 3 of 11 : 0.974599210116019  | time taken : 1.1833901405334473
 Thread 4 estimated dimension 5 of 11 : 0.8097004376890471  | time taken : 6.470585107803345
 Thread 5 estimated dimension 5 of 11 : 0.6282056016672503  | time taken : 8.851137161254883
 Thread 6 estimated dimension 4 of 11 : 0.9856942245904424  | time taken : 1.4569213390350342
 Thread 5 estimated dimension 6 of 11 : 1  | time taken : 1.6101219654083252
 Thread 2 estimated dimension 8 of 11 : 0.616173487503463  | time taken : 7.073498249053955
 Thread 5 estimated dimension 7 of 11 : 1  | time taken : 1.4295072555541992
 Thread 7 estimated dimension 3 of 11 : 0.40881480907176937  | time taken : 11.983527421951294
 Thread 5 estimated dimension 8 of 11 : 1  | time taken : 0.7879302501678467
 Thread 4 estimated dimension 6 of 11 : 0.7585975729953315  | time taken : 5.870732545852661
 Thread 5 estimated dimension 9 of 11 : 0.9978487923237179  | time taken : 0.8139472007751465
 Thread 6 estimated dimension 5 of 11 : 0.7592231095913597  | time taken : 5.204568386077881
 Thread 7 estimated dimension 4 of 11 : 0.9950239535789821  | time taken : 1.257005214691162
 Thread 7 estimated dimension 5 of 11 : 1  | time taken : 0.9772531986236572
 Thread 7 estimated dimension 6 of 11 : 0.9821118493625648  | time taken : 0.9733576774597168
 Thread 7 estimated dimension 7 of 11 : 1  | time taken : 0.9875996112823486
 Thread 6 estimated dimension 6 of 11 : 0.7558539923205718  | time taken : 5.317358493804932
 Thread 2 estimated dimension 9 of 11 : 0.5019070103052604  | time taken : 9.58307671546936
 Thread 4 estimated dimension 7 of 11 : 0.6833352954465953  | time taken : 6.411120176315308
 Thread 5 estimated dimension 10 of 11 : 0.4979223114922593  | time taken : 7.024742126464844
 Thread 5 nsolns: 45795
 Thread 1 estimated dimension 6 of 11 : 0.27500457861414723  | time taken : 16.562641859054565
 Thread 1 estimated dimension 7 of 11 : 1  | time taken : 1.3433361053466797
 Thread 1 estimated dimension 8 of 11 : 1  | time taken : 1.2925078868865967
 Thread 3 estimated dimension 5 of 11 : 0.2435349646164086  | time taken : 19.416783571243286
 Thread 6 estimated dimension 7 of 11 : 0.6801943947220686  | time taken : 6.670851469039917
 Thread 1 estimated dimension 9 of 11 : 0.9795928847872706  | time taken : 1.1194899082183838
 Thread 3 estimated dimension 6 of 11 : 0.9919115760211792  | time taken : 1.6355316638946533
 Thread 4 estimated dimension 8 of 11 : 0.6234953387927473  | time taken : 8.008198022842407
 Thread 3 estimated dimension 7 of 11 : 0.9964891966765417  | time taken : 2.1217103004455566
 Thread 2 estimated dimension 10 of 11 : 0.4897526536632054  | time taken : 11.36131238937378
 Thread 5 estimated dimension 0 of 11 : 0.5446499681098431  | time taken : 10.291642904281616
 Thread 2 nsolns: 45457
 Thread 3 estimated dimension 8 of 11 : 1  | time taken : 1.3269116878509521
 Thread 3 estimated dimension 9 of 11 : 1  | time taken : 1.30899977684021
 Thread 6 estimated dimension 8 of 11 : 0.6388020855152525  | time taken : 8.425245761871338
 Thread 3 estimated dimension 10 of 11 : 0.980201889332124  | time taken : 1.173147439956665
 Thread 3 nsolns: 45706
 Thread 7 estimated dimension 8 of 11 : 0.3748216592259119  | time taken : 19.457613945007324
 Thread 1 estimated dimension 10 of 11 : 0.48471843803354575  | time taken : 11.172502994537354
 Thread 1 nsolns: 46098
 Thread 7 estimated dimension 9 of 11 : 1  | time taken : 1.3662326335906982
 Thread 4 estimated dimension 9 of 11 : 0.4983108485153595  | time taken : 10.963012218475342
 Thread 2 estimated dimension 0 of 11 : 0.4510709104170752  | time taken : 8.320892810821533
 Thread 5 estimated dimension 1 of 11 : 0.6512561931234581  | time taken : 9.372504234313965
 Thread 3 estimated dimension 0 of 11 : 0.5539678280853846  | time taken : 11.031588792800903
 Thread 6 estimated dimension 9 of 11 : 0.4896061529093278  | time taken : 12.018583536148071
 Thread 2 estimated dimension 1 of 11 : 0.6496684220232107  | time taken : 6.520702123641968
 Thread 7 estimated dimension 10 of 11 : 0.5033098775012529  | time taken : 8.681640386581421
 Thread 7 nsolns: 46755
 Thread 6 estimated dimension 10 of 11 : 1  | time taken : 1.2617125511169434
 Thread 6 nsolns: 44864
 Thread 2 estimated dimension 2 of 11 : 0.9984632592841682  | time taken : 1.6890170574188232
 Thread 4 estimated dimension 10 of 11 : 0.49450463839334113  | time taken : 10.852517366409302
 Thread 4 nsolns: 45449
 Thread 2 estimated dimension 3 of 11 : 1  | time taken : 1.7346694469451904
 Thread 1 estimated dimension 0 of 11 : 0.5412115074872298  | time taken : 12.479239702224731
 Thread 5 estimated dimension 2 of 11 : 0.5379261726553989  | time taken : 12.545569896697998
 Thread 7 estimated dimension 0 of 11 : 0.4464561545480187  | time taken : 9.709197044372559
 Thread 2 estimated dimension 4 of 11 : 0.7212974209992129  | time taken : 7.8749775886535645
 Thread 6 estimated dimension 0 of 11 : 0.4623823211987691  | time taken : 10.720810413360596
 Thread 1 estimated dimension 1 of 11 : 0.6622302254354057  | time taken : 10.033722400665283
 Thread 4 estimated dimension 0 of 11 : 0.452938915498397  | time taken : 10.788771629333496
 Thread 5 estimated dimension 3 of 11 : 0.5891884463225756  | time taken : 8.6500403881073
 Thread 3 estimated dimension 1 of 11 : 0.3346322777105525  | time taken : 16.099793910980225
 Thread 7 estimated dimension 1 of 11 : 0.6694634607977205  | time taken : 6.879992961883545
 Thread 2 estimated dimension 5 of 11 : 0.7924947945363694  | time taken : 5.231918096542358
 Thread 3 estimated dimension 2 of 11 : 0.989548508869683  | time taken : 1.6709423065185547
 Thread 5 estimated dimension 4 of 11 : 0.9910166263216228  | time taken : 1.818918228149414
 Thread 5 estimated dimension 5 of 11 : 0.9891774510446453  | time taken : 1.7523601055145264
 Thread 6 estimated dimension 1 of 11 : 0.6606163946726991  | time taken : 6.7851948738098145
 Thread 7 estimated dimension 2 of 11 : 1  | time taken : 2.1733195781707764
 Thread 3 estimated dimension 3 of 11 : 0.9977964178156221  | time taken : 1.882537603378296
 Thread 6 estimated dimension 2 of 11 : 1  | time taken : 0.7474102973937988
 Thread 5 estimated dimension 6 of 11 : 1  | time taken : 1.4592256546020508
 Thread 7 estimated dimension 3 of 11 : 0.9929178090197983  | time taken : 2.049128293991089
 Thread 3 estimated dimension 4 of 11 : 0.9906653891647105  | time taken : 1.6193864345550537
 Thread 6 estimated dimension 3 of 11 : 0.9854586549771283  | time taken : 1.294193983078003
 Thread 1 estimated dimension 2 of 11 : 0.532730737349902  | time taken : 13.684075117111206
 Thread 3 estimated dimension 5 of 11 : 0.7527439551018068  | time taken : 7.0038793087005615
 Thread 4 estimated dimension 1 of 11 : 0.32620142412511727  | time taken : 18.96613574028015
 Thread 4 estimated dimension 2 of 11 : 0.9760413966450094  | time taken : 0.6287920475006104
 Thread 3 estimated dimension 6 of 11 : 0.7270309037696601  | time taken : 5.174665212631226
 Thread 4 estimated dimension 3 of 11 : 1  | time taken : 1.174736738204956
 Thread 1 estimated dimension 3 of 11 : 0.408493840599292  | time taken : 10.620697498321533
 Thread 7 estimated dimension 4 of 11 : 0.2709057281498121  | time taken : 16.920340299606323
 Thread 2 estimated dimension 6 of 11 : 0.276902187701  | time taken : 22.03431534767151
 Thread 6 estimated dimension 4 of 11 : 0.2701500662644318  | time taken : 17.439252138137817
 Thread 2 estimated dimension 7 of 11 : 0.9714229571939388  | time taken : 0.8655390739440918
 Thread 1 estimated dimension 4 of 11 : 0.9974146464576713  | time taken : 2.0423076152801514
 Thread 5 estimated dimension 7 of 11 : 0.3247371891134822  | time taken : 19.665007829666138
 Thread 3 estimated dimension 7 of 11 : 0.6968605833633643  | time taken : 6.776331424713135
 Thread 4 estimated dimension 4 of 11 : 0.726158939551181  | time taken : 5.668670892715454
 Thread 2 estimated dimension 8 of 11 : 0.964508790756739  | time taken : 1.7764766216278076
 Thread 1 estimated dimension 5 of 11 : 1  | time taken : 1.5151474475860596
 Thread 5 estimated dimension 8 of 11 : 0.9965466276034363  | time taken : 1.846949815750122
 Thread 4 estimated dimension 5 of 11 : 0.9798322319584273  | time taken : 1.8678457736968994
 Thread 2 estimated dimension 9 of 11 : 0.9857026213105392  | time taken : 0.9724788665771484
 Thread 5 estimated dimension 9 of 11 : 0.9772971485706826  | time taken : 1.1635398864746094
 Thread 1 estimated dimension 6 of 11 : 0.9936599822000116  | time taken : 1.7749383449554443
 Thread 1 estimated dimension 7 of 11 : 1  | time taken : 1.4398775100708008
 Thread 7 estimated dimension 5 of 11 : 0.6287599153844485  | time taken : 9.70067811012268
 Thread 6 estimated dimension 5 of 11 : 0.6205630812491819  | time taken : 9.095680475234985
 Thread 7 estimated dimension 6 of 11 : 1  | time taken : 0.8404872417449951
 Thread 4 estimated dimension 6 of 11 : 0.7100605745802164  | time taken : 6.048114776611328
 Thread 6 estimated dimension 6 of 11 : 0.9778654370579798  | time taken : 1.5990538597106934
 Thread 7 estimated dimension 7 of 11 : 1  | time taken : 1.7501757144927979
 Thread 6 estimated dimension 7 of 11 : 1  | time taken : 1.3804380893707275
 Thread 7 estimated dimension 8 of 11 : 1  | time taken : 1.2027816772460938
 Thread 2 estimated dimension 10 of 11 : 0.49319252814295167  | time taken : 10.228386878967285
 Thread 2 nsolns: 46098
 Thread 6 estimated dimension 8 of 11 : 0.9860525344544118  | time taken : 1.0835752487182617
 Thread 7 estimated dimension 9 of 11 : 0.9953310368574996  | time taken : 1.4436099529266357
 Thread 6 estimated dimension 9 of 11 : 1  | time taken : 0.6813085079193115
 Thread 5 estimated dimension 10 of 11 : 0.4878263977761039  | time taken : 11.205304145812988
 Thread 5 nsolns: 46259
 Thread 4 estimated dimension 7 of 11 : 0.6919491588473494  | time taken : 6.491343259811401
 Thread 3 estimated dimension 8 of 11 : 0.3794105095605917  | time taken : 15.291391134262085
 Thread 3 estimated dimension 9 of 11 : 1  | time taken : 1.1523714065551758
 Thread 3 estimated dimension 10 of 11 : 0.9952880449460899  | time taken : 1.136735200881958
 Thread 3 nsolns: 44781
 Thread 4 estimated dimension 8 of 11 : 0.6153088697524175  | time taken : 8.034799337387085
 Thread 6 estimated dimension 10 of 11 : 0.5178366595404303  | time taken : 9.225465059280396
 Thread 6 nsolns: 45795
 Thread 7 estimated dimension 10 of 11 : 0.48682018375847264  | time taken : 10.399850368499756
 Thread 7 nsolns: 46089
 Thread 1 estimated dimension 8 of 11 : 0.3735615110000972  | time taken : 19.17733359336853
 Thread 2 estimated dimension 0 of 11 : 0.5604444166247767  | time taken : 11.712499380111694
 Thread 5 estimated dimension 0 of 11 : 0.5555972527786208  | time taken : 11.069661140441895
 Thread 1 estimated dimension 9 of 11 : 1  | time taken : 1.7453467845916748
 Thread 3 estimated dimension 0 of 11 : 0.45445842445949397  | time taken : 10.82064938545227
 Thread 2 estimated dimension 1 of 11 : 0.6702661796437227  | time taken : 7.896359205245972
 Thread 4 estimated dimension 9 of 11 : 0.4822279556449954  | time taken : 10.418943643569946
 Thread 5 estimated dimension 1 of 11 : 0.6757041324498583  | time taken : 7.762540102005005
 Thread 6 estimated dimension 0 of 11 : 0.5406122962817786  | time taken : 11.457748651504517
 Thread 1 estimated dimension 10 of 11 : 0.4903584217398503  | time taken : 8.643170595169067
 Thread 7 estimated dimension 0 of 11 : 0.4526362579893822  | time taken : 10.717989683151245
 Thread 4 estimated dimension 10 of 11 : 1  | time taken : 1.5930836200714111
 Thread 1 nsolns: 47049
 Thread 4 nsolns: 46238
 Thread 3 estimated dimension 1 of 11 : 0.6712835415666687  | time taken : 6.730709791183472
 Thread 3 estimated dimension 2 of 11 : 0.9868665049178932  | time taken : 1.1209261417388916
 Thread 3 estimated dimension 3 of 11 : 0.9996765540914644  | time taken : 1.316765546798706
 Thread 7 estimated dimension 1 of 11 : 0.656462924718852  | time taken : 6.634567022323608
 Thread 6 estimated dimension 1 of 11 : 0.6608961298984621  | time taken : 7.75288200378418
 Thread 7 estimated dimension 2 of 11 : 1  | time taken : 1.2330849170684814
 Thread 2 estimated dimension 2 of 11 : 0.5326152933113517  | time taken : 12.269513845443726
 Thread 7 estimated dimension 3 of 11 : 1  | time taken : 1.4200317859649658
 Thread 5 estimated dimension 2 of 11 : 0.5179105313324256  | time taken : 11.903252840042114
 Thread 1 estimated dimension 0 of 11 : 0.4489491607339051  | time taken : 10.686255693435669
 Thread 4 estimated dimension 0 of 11 : 0.5487258418308233  | time taken : 10.370256423950195
 Thread 7 estimated dimension 4 of 11 : 0.731675326341703  | time taken : 7.0660858154296875
 Thread 6 estimated dimension 2 of 11 : 0.5157307014613065  | time taken : 10.102010488510132
 Thread 5 estimated dimension 3 of 11 : 0.5840254770740696  | time taken : 8.296920537948608
 Thread 4 estimated dimension 1 of 11 : 0.6618744356572832  | time taken : 8.580901145935059
 Thread 2 estimated dimension 3 of 11 : 0.4123451827099743  | time taken : 10.514089107513428
 Thread 5 estimated dimension 4 of 11 : 1  | time taken : 1.2387280464172363
 Thread 3 estimated dimension 4 of 11 : 0.27226455654504933  | time taken : 15.779961585998535
 Thread 5 estimated dimension 5 of 11 : 0.9909686653965439  | time taken : 1.7769794464111328
 Thread 2 estimated dimension 4 of 11 : 0.9797425929741985  | time taken : 2.2714149951934814
 Thread 7 estimated dimension 5 of 11 : 0.8141338089295944  | time taken : 6.409322738647461
 Thread 5 estimated dimension 6 of 11 : 0.9932652171476585  | time taken : 1.5871200561523438
 Thread 2 estimated dimension 5 of 11 : 1  | time taken : 1.3730669021606445
 Thread 2 estimated dimension 6 of 11 : 1  | time taken : 1.435586929321289
 Thread 2 estimated dimension 7 of 11 : 1  | time taken : 1.148132085800171
 Thread 1 estimated dimension 1 of 11 : 0.32959067132696085  | time taken : 16.915578365325928
 Thread 3 estimated dimension 5 of 11 : 0.610873854833156  | time taken : 8.027515172958374
 Thread 1 estimated dimension 2 of 11 : 0.9930737278187635  | time taken : 1.5752766132354736
 Thread 7 estimated dimension 6 of 11 : 0.7610080969659092  | time taken : 5.756981134414673
 Thread 6 estimated dimension 3 of 11 : 0.40803549832165303  | time taken : 12.391996383666992
 Thread 3 estimated dimension 6 of 11 : 1  | time taken : 0.9102029800415039
 Thread 3 estimated dimension 7 of 11 : 1  | time taken : 1.0995683670043945
 Thread 1 estimated dimension 3 of 11 : 0.9981509493439793  | time taken : 1.5267999172210693
 Thread 6 estimated dimension 4 of 11 : 1  | time taken : 1.6457300186157227
 Thread 4 estimated dimension 2 of 11 : 0.5379249694648595  | time taken : 12.103713989257812
 Thread 3 estimated dimension 8 of 11 : 0.9896696692304264  | time taken : 0.9890987873077393
 Thread 6 estimated dimension 5 of 11 : 1  | time taken : 1.6289715766906738
 Thread 3 estimated dimension 9 of 11 : 0.9924576222957703  | time taken : 1.5921125411987305
 Thread 6 estimated dimension 6 of 11 : 1  | time taken : 1.1535396575927734
 Thread 2 estimated dimension 8 of 11 : 0.6010096757244398  | time taken : 8.117525100708008
 Thread 6 estimated dimension 7 of 11 : 1  | time taken : 1.3696959018707275
 Thread 7 estimated dimension 7 of 11 : 0.6831495466129113  | time taken : 7.4987359046936035
 Thread 1 estimated dimension 4 of 11 : 0.7716870112019718  | time taken : 5.757851600646973
 Thread 1 estimated dimension 5 of 11 : 1  | time taken : 1.7227122783660889
 Thread 5 estimated dimension 7 of 11 : 0.3207398732989673  | time taken : 18.521243810653687
 Thread 4 estimated dimension 3 of 11 : 0.41308791281915425  | time taken : 11.11616849899292
 Thread 2 estimated dimension 9 of 11 : 0.5091215733801558  | time taken : 7.317523002624512
 Thread 6 estimated dimension 8 of 11 : 0.6265665011445133  | time taken : 6.463895559310913
 Thread 4 estimated dimension 4 of 11 : 0.9962351553673465  | time taken : 0.9413487911224365
 Thread 3 estimated dimension 10 of 11 : 0.4812892111577993  | time taken : 10.177119016647339
 Thread 3 nsolns: 46089
 Thread 5 estimated dimension 8 of 11 : 1  | time taken : 1.8647563457489014
 Thread 1 estimated dimension 6 of 11 : 0.723977215085121  | time taken : 5.567145586013794
 Thread 4 estimated dimension 5 of 11 : 0.9819790113883151  | time taken : 1.3184022903442383
 Thread 5 estimated dimension 9 of 11 : 0.955832219764977  | time taken : 1.8719558715820312
 Thread 4 estimated dimension 6 of 11 : 0.9879155989826333  | time taken : 1.722076416015625
 Thread 4 estimated dimension 7 of 11 : 1  | time taken : 1.379619836807251
 Thread 1 estimated dimension 7 of 11 : 0.6821117742653632  | time taken : 5.927916765213013
 Thread 2 estimated dimension 10 of 11 : 0.5183314192947941  | time taken : 8.727251052856445
 Thread 2 nsolns: 46670
 Thread 6 estimated dimension 9 of 11 : 0.4801754252379007  | time taken : 9.353116750717163
 Thread 3 estimated dimension 0 of 11 : 0.5541505246007803  | time taken : 10.200758457183838
 Thread 5 estimated dimension 10 of 11 : 0.5238294307894682  | time taken : 7.926709413528442
 Thread 5 nsolns: 45965
 Thread 7 estimated dimension 8 of 11 : 0.37430893140716637  | time taken : 18.562159538269043
 Thread 4 estimated dimension 8 of 11 : 0.6121341671512076  | time taken : 6.762278318405151
 Thread 7 estimated dimension 9 of 11 : 1  | time taken : 1.232659101486206
 Thread 1 estimated dimension 8 of 11 : 0.6097210165807082  | time taken : 6.47283935546875
 Thread 3 estimated dimension 1 of 11 : 0.6497782811845351  | time taken : 5.880431413650513
 Thread 2 estimated dimension 0 of 11 : 0.4667332426494832  | time taken : 8.92786192893982
 Thread 6 estimated dimension 10 of 11 : 0.4898831741523326  | time taken : 8.524104118347168
 Thread 6 nsolns: 46964
 Thread 7 estimated dimension 10 of 11 : 0.5176782793542752  | time taken : 6.314461946487427
 Thread 7 nsolns: 45240
 Thread 5 estimated dimension 0 of 11 : 0.5491406212669003  | time taken : 8.67832899093628
 Thread 1 estimated dimension 9 of 11 : 0.5133659166614067  | time taken : 7.068772554397583
 Thread 4 estimated dimension 9 of 11 : 0.5000665104920324  | time taken : 8.914005279541016
 Thread 2 estimated dimension 1 of 11 : 0.6638483020179294  | time taken : 4.575261116027832
 Thread 2 estimated dimension 2 of 11 : 0.9642726650259239  | time taken : 0.74991774559021
 Thread 1 estimated dimension 10 of 11 : 1  | time taken : 1.8094334602355957
 Thread 1 nsolns: 45944
 Thread 2 estimated dimension 3 of 11 : 0.970315346425815  | time taken : 1.7546038627624512
 Thread 3 estimated dimension 2 of 11 : 0.4675268732324866  | time taken : 9.207683086395264
 Thread 3 estimated dimension 3 of 11 : 0.9579155190923064  | time taken : 1.6472411155700684
 Thread 6 estimated dimension 0 of 11 : 0.5418614556666059  | time taken : 10.736622095108032
 Thread 3 estimated dimension 4 of 11 : 0.9642924656689154  | time taken : 1.1415770053863525
 Thread 7 estimated dimension 0 of 11 : 0.5507995464091897  | time taken : 10.188467025756836
 Thread 4 estimated dimension 10 of 11 : 0.5135980752384143  | time taken : 8.914123296737671
 Thread 3 estimated dimension 5 of 11 : 0.9853657996552824  | time taken : 1.1301558017730713
 Thread 4 nsolns: 46678
 Thread 1 estimated dimension 0 of 11 : 0.5441722044789232  | time taken : 9.786530494689941
 Thread 5 estimated dimension 1 of 11 : 0.33932699592531473  | time taken : 16.279876947402954
 Thread 6 estimated dimension 1 of 11 : 0.680097973480867  | time taken : 7.949183464050293
 Thread 7 estimated dimension 1 of 11 : 0.6617023248623435  | time taken : 7.5418736934661865
 Thread 5 estimated dimension 2 of 11 : 1  | time taken : 1.14387845993042
 Thread 5 estimated dimension 3 of 11 : 1  | time taken : 1.506727933883667
 Thread 1 estimated dimension 1 of 11 : 0.6805947727452792  | time taken : 7.112964153289795
 Thread 5 estimated dimension 4 of 11 : 1  | time taken : 1.0145554542541504
 Thread 4 estimated dimension 0 of 11 : 0.5475119535973302  | time taken : 10.103038787841797
 Thread 2 estimated dimension 4 of 11 : 0.27534543745927054  | time taken : 16.284464836120605
 Thread 6 estimated dimension 2 of 11 : 0.5230228526247294  | time taken : 9.886845827102661
 Thread 7 estimated dimension 2 of 11 : 0.46331105983542664  | time taken : 8.943587303161621
 Thread 3 estimated dimension 6 of 11 : 0.2718408618410851  | time taken : 16.92309021949768
 Thread 2 estimated dimension 5 of 11 : 0.6212208580128143  | time taken : 7.08081579208374
 Thread 7 estimated dimension 3 of 11 : 1  | time taken : 1.246938705444336
 Thread 1 estimated dimension 2 of 11 : 0.5423255206450096  | time taken : 7.991113901138306
 Thread 3 estimated dimension 7 of 11 : 0.9699739429403967  | time taken : 1.5895421504974365
 Thread 4 estimated dimension 1 of 11 : 0.6839451148333813  | time taken : 8.596890211105347
 Thread 7 estimated dimension 4 of 11 : 0.9948305909413212  | time taken : 1.2497613430023193
 Thread 2 estimated dimension 6 of 11 : 1  | time taken : 2.0387253761291504
 Thread 3 estimated dimension 8 of 11 : 1  | time taken : 1.5924270153045654
 Thread 7 estimated dimension 5 of 11 : 1  | time taken : 1.1766407489776611
 Thread 2 estimated dimension 7 of 11 : 1  | time taken : 1.616624355316162
 Thread 3 estimated dimension 9 of 11 : 1  | time taken : 1.470308542251587
 Thread 2 estimated dimension 8 of 11 : 0.9984878277185156  | time taken : 1.0588557720184326
 Thread 2 estimated dimension 9 of 11 : 1  | time taken : 0.8572230339050293
 Thread 5 estimated dimension 5 of 11 : 0.2413255847241946  | time taken : 17.322553396224976
 Thread 6 estimated dimension 3 of 11 : 0.4102563099109667  | time taken : 12.285284042358398
 Thread 5 estimated dimension 6 of 11 : 0.9962414666182166  | time taken : 1.070775032043457
 Thread 1 estimated dimension 3 of 11 : 0.40434503274246514  | time taken : 10.926865816116333
 Thread 6 estimated dimension 4 of 11 : 1  | time taken : 1.0519053936004639
 Thread 3 estimated dimension 10 of 11 : 0.5203304244421791  | time taken : 6.9215874671936035
 Thread 3 nsolns: 46137
 Thread 5 estimated dimension 7 of 11 : 0.9939209979277908  | time taken : 1.2946264743804932
 Thread 4 estimated dimension 2 of 11 : 0.5238067807763923  | time taken : 11.013886213302612
 Thread 1 estimated dimension 4 of 11 : 1  | time taken : 1.3683688640594482
 Thread 6 estimated dimension 5 of 11 : 1  | time taken : 0.9921753406524658
 Thread 6 estimated dimension 6 of 11 : 1  | time taken : 1.092437744140625
 Thread 5 estimated dimension 8 of 11 : 1  | time taken : 2.400897264480591
 Thread 2 estimated dimension 10 of 11 : 0.5167489713014097  | time taken : 8.264444351196289
 Thread 1 estimated dimension 5 of 11 : 0.9942981685236418  | time taken : 2.025430202484131
 Thread 2 nsolns: 45795
 Thread 6 estimated dimension 7 of 11 : 1  | time taken : 1.4391076564788818
 Thread 5 estimated dimension 9 of 11 : 1  | time taken : 2.1794843673706055
 Thread 1 estimated dimension 6 of 11 : 1  | time taken : 2.114685297012329
 Thread 5 estimated dimension 10 of 11 : 0.9732392224164672  | time taken : 1.209998369216919
 Thread 1 estimated dimension 7 of 11 : 0.9964323531431274  | time taken : 1.4563469886779785
 Thread 5 nsolns: 45706
 Thread 7 estimated dimension 6 of 11 : 0.2700061198828643  | time taken : 19.175878047943115
 Thread 3 estimated dimension 0 of 11 : 0.5524796148865188  | time taken : 11.188322305679321
 Thread 7 estimated dimension 7 of 11 : 1  | time taken : 1.0715274810791016
 Thread 7 estimated dimension 8 of 11 : 0.9984120012330988  | time taken : 1.5006651878356934
 Thread 2 estimated dimension 0 of 11 : 0.4464230904036199  | time taken : 10.558403968811035
 Thread 4 estimated dimension 3 of 11 : 0.4059015564659077  | time taken : 13.553666353225708
 Thread 4 estimated dimension 4 of 11 : 1  | time taken : 0.8289217948913574
 Thread 7 estimated dimension 9 of 11 : 1  | time taken : 1.7991390228271484
 Thread 4 estimated dimension 5 of 11 : 0.9980795139456845  | time taken : 1.229738712310791
 Thread 3 estimated dimension 1 of 11 : 0.6622712523884595  | time taken : 6.662777423858643
 Thread 4 estimated dimension 6 of 11 : 1  | time taken : 1.1518638134002686
 Thread 5 estimated dimension 0 of 11 : 0.5381577735827132  | time taken : 10.789593935012817
 Thread 4 estimated dimension 7 of 11 : 1  | time taken : 1.6154565811157227
 Thread 6 estimated dimension 8 of 11 : 0.378340609929055  | time taken : 16.97490429878235
 Thread 1 estimated dimension 8 of 11 : 0.37470584832009224  | time taken : 14.701058149337769
 Thread 6 estimated dimension 9 of 11 : 1  | time taken : 1.52793550491333
 Thread 1 estimated dimension 9 of 11 : 1  | time taken : 1.3619120121002197
 Thread 7 estimated dimension 10 of 11 : 0.5202602429787659  | time taken : 8.405908823013306
 Thread 7 nsolns: 46137
 Thread 5 estimated dimension 1 of 11 : 0.6862539695868068  | time taken : 8.48247241973877
 Thread 3 estimated dimension 2 of 11 : 0.5229824802143801  | time taken : 11.441900491714478
 Thread 1 estimated dimension 10 of 11 : 0.5149024657759552  | time taken : 6.250674247741699
 Thread 1 nsolns: 46755
 Thread 6 estimated dimension 10 of 11 : 0.5067592502259547  | time taken : 7.735034704208374
 Thread 6 nsolns: 46755
 Thread 2 estimated dimension 1 of 11 : 0.32033479458684483  | time taken : 18.950218677520752
 Thread 2 estimated dimension 2 of 11 : 0.9681731060053372  | time taken : 1.6341190338134766
 Thread 7 estimated dimension 0 of 11 : 0.5527185907556335  | time taken : 10.524159908294678
 Thread 2 estimated dimension 3 of 11 : 0.9635968743022579  | time taken : 1.0720601081848145
 Thread 4 estimated dimension 8 of 11 : 0.38693310501404404  | time taken : 16.696577072143555
 Thread 4 estimated dimension 9 of 11 : 0.9929607384848697  | time taken : 1.827195167541504
 Thread 5 estimated dimension 2 of 11 : 0.5212326007615464  | time taken : 13.021965026855469
 Thread 1 estimated dimension 0 of 11 : 0.43269532137514816  | time taken : 11.5453622341156
 Thread 3 estimated dimension 3 of 11 : 0.40761125203357973  | time taken : 13.572681427001953
 Thread 7 estimated dimension 1 of 11 : 0.6515221559987134  | time taken : 7.826086044311523
 Thread 6 estimated dimension 0 of 11 : 0.46003746473753576  | time taken : 12.16565203666687
 Thread 3 estimated dimension 4 of 11 : 1  | time taken : 1.4007580280303955
 Thread 3 estimated dimension 5 of 11 : 1  | time taken : 1.898545742034912
 Thread 3 estimated dimension 6 of 11 : 0.987770657275067  | time taken : 1.3013451099395752
 Thread 4 estimated dimension 10 of 11 : 0.49802651727312214  | time taken : 11.329744815826416
 Thread 3 estimated dimension 7 of 11 : 0.9709933320393225  | time taken : 1.5350697040557861
 Thread 4 nsolns: 47049
 Thread 6 estimated dimension 1 of 11 : 0.6586669548188449  | time taken : 6.845321416854858
 Thread 6 estimated dimension 2 of 11 : 1  | time taken : 1.018730640411377
 Thread 5 estimated dimension 3 of 11 : 0.4161308611978908  | time taken : 12.549712657928467
 Thread 6 estimated dimension 3 of 11 : 0.9998079059814943  | time taken : 1.2270772457122803
 Thread 7 estimated dimension 2 of 11 : 0.5403627864780391  | time taken : 10.760084390640259
 Thread 5 estimated dimension 4 of 11 : 0.9847810077385548  | time taken : 1.2640380859375
 Thread 2 estimated dimension 4 of 11 : 0.24089787645352936  | time taken : 18.907022953033447
 Thread 5 estimated dimension 5 of 11 : 1  | time taken : 1.077000379562378
 Thread 2 estimated dimension 5 of 11 : 1  | time taken : 1.451310396194458
 Thread 5 estimated dimension 6 of 11 : 0.9824270308978963  | time taken : 1.319322109222412
 Thread 2 estimated dimension 6 of 11 : 1  | time taken : 1.2454776763916016
 Thread 5 estimated dimension 7 of 11 : 1  | time taken : 1.3108983039855957
 Thread 2 estimated dimension 7 of 11 : 0.9582251947579055  | time taken : 1.1596174240112305
 Thread 4 estimated dimension 0 of 11 : 0.46389733639296743  | time taken : 9.093194961547852
 Thread 1 estimated dimension 1 of 11 : 0.3226205193950772  | time taken : 18.553716897964478
 Thread 2 estimated dimension 8 of 11 : 0.9930118889574214  | time taken : 1.413395881652832
 Thread 6 estimated dimension 4 of 11 : 0.7291913688559477  | time taken : 7.990427255630493
 Thread 1 estimated dimension 2 of 11 : 1  | time taken : 1.42570161819458
 Thread 2 estimated dimension 9 of 11 : 0.9822015187068683  | time taken : 1.234018325805664
 Thread 1 estimated dimension 3 of 11 : 1  | time taken : 1.160550594329834
 Thread 2 estimated dimension 10 of 11 : 1  | time taken : 1.4958600997924805
 Thread 2 nsolns: 47080
 Thread 7 estimated dimension 3 of 11 : 0.40622640279251493  | time taken : 11.612305641174316
 Thread 4 estimated dimension 1 of 11 : 0.6768339570613776  | time taken : 6.104623794555664
 Thread 6 estimated dimension 5 of 11 : 0.8123802660985252  | time taken : 4.207916975021362
 Thread 5 estimated dimension 8 of 11 : 0.6095893699636018  | time taken : 7.415272951126099
 Thread 7 estimated dimension 4 of 11 : 0.9913103513221575  | time taken : 1.4218215942382812
 Thread 4 estimated dimension 2 of 11 : 0.9898618293923299  | time taken : 1.5114195346832275
 Thread 3 estimated dimension 8 of 11 : 0.37636966159600826  | time taken : 17.79507350921631
 Thread 7 estimated dimension 5 of 11 : 0.9590206992803955  | time taken : 1.5192279815673828
 Thread 4 estimated dimension 3 of 11 : 0.9926069615731834  | time taken : 1.7724370956420898
 Thread 3 estimated dimension 9 of 11 : 0.9819908078609989  | time taken : 1.6886756420135498
 Thread 7 estimated dimension 6 of 11 : 1  | time taken : 1.1921207904815674
 Thread 7 estimated dimension 7 of 11 : 0.965517786585166  | time taken : 1.1329305171966553
 Thread 6 estimated dimension 6 of 11 : 0.710235140655179  | time taken : 6.6020495891571045
 Thread 2 estimated dimension 0 of 11 : 0.5579502816510082  | time taken : 9.916190147399902
 Thread 5 estimated dimension 9 of 11 : 0.4993191965041137  | time taken : 10.44129467010498
 Thread 3 estimated dimension 10 of 11 : 0.501073471983104  | time taken : 8.01716160774231
 Thread 3 nsolns: 46755
 Thread 6 estimated dimension 7 of 11 : 0.6921207039983003  | time taken : 6.193304538726807
 Thread 2 estimated dimension 1 of 11 : 0.656489637825173  | time taken : 8.451397895812988
 Thread 1 estimated dimension 4 of 11 : 0.2417155440213681  | time taken : 20.328892946243286
 Thread 5 estimated dimension 10 of 11 : 0.5099465846951662  | time taken : 7.656361818313599
 Thread 1 estimated dimension 5 of 11 : 1  | time taken : 1.1633286476135254
 Thread 6 estimated dimension 8 of 11 : 0.6173481760331306  | time taken : 6.516573190689087
 Thread 5 nsolns: 46678
 Thread 4 estimated dimension 4 of 11 : 0.2712399431057293  | time taken : 16.156007766723633
 Thread 1 estimated dimension 6 of 11 : 0.9763145097791596  | time taken : 1.3783955574035645
 Thread 3 estimated dimension 0 of 11 : 0.45131050949677004  | time taken : 9.679282426834106
 Thread 7 estimated dimension 8 of 11 : 0.37983681412393056  | time taken : 16.23878574371338
 Thread 1 estimated dimension 7 of 11 : 1  | time taken : 1.342498540878296
 Thread 7 estimated dimension 9 of 11 : 1  | time taken : 1.8781423568725586
 Thread 1 estimated dimension 8 of 11 : 0.980680615954608  | time taken : 1.6762628555297852
 Thread 2 estimated dimension 2 of 11 : 0.5344578354554298  | time taken : 9.802367925643921
 Thread 1 estimated dimension 9 of 11 : 0.9956837381700339  | time taken : 1.5388903617858887
 Thread 1 estimated dimension 10 of 11 : 0.9901950519670607  | time taken : 0.9944643974304199
 Thread 1 nsolns: 47080
 Thread 4 estimated dimension 5 of 11 : 0.6282128728222592  | time taken : 8.639298915863037
 Thread 5 estimated dimension 0 of 11 : 0.452312385114306  | time taken : 9.499491214752197
 Thread 3 estimated dimension 1 of 11 : 0.6744629836856888  | time taken : 7.011815071105957
 Thread 3 estimated dimension 2 of 11 : 1  | time taken : 1.1719388961791992
 Thread 6 estimated dimension 9 of 11 : 0.48847181562324077  | time taken : 11.319353580474854
 Thread 4 estimated dimension 6 of 11 : 0.9942923489860143  | time taken : 1.8627629280090332
 Thread 3 estimated dimension 3 of 11 : 1  | time taken : 1.4130616188049316
 Thread 4 estimated dimension 7 of 11 : 1  | time taken : 1.4896526336669922
 Thread 2 estimated dimension 3 of 11 : 0.6036050563355817  | time taken : 7.010923862457275
 Thread 4 estimated dimension 8 of 11 : 1  | time taken : 1.3242733478546143
 Thread 7 estimated dimension 10 of 11 : 0.48918414405767835  | time taken : 9.773677110671997
 Thread 2 estimated dimension 4 of 11 : 0.9789328617438809  | time taken : 0.92020583152771
 Thread 7 nsolns: 47049
 Thread 5 estimated dimension 1 of 11 : 0.6721531973618883  | time taken : 6.96372652053833
 Thread 4 estimated dimension 9 of 11 : 1  | time taken : 1.1462328433990479
 Thread 2 estimated dimension 5 of 11 : 1  | time taken : 1.6974141597747803
 Thread 5 estimated dimension 2 of 11 : 1  | time taken : 1.3050551414489746
 Thread 2 estimated dimension 6 of 11 : 0.9864286610115033  | time taken : 1.2284433841705322
 Thread 1 estimated dimension 0 of 11 : 0.5444530526920549  | time taken : 11.071747303009033
 Thread 5 estimated dimension 3 of 11 : 0.9870758347088208  | time taken : 1.1638548374176025
 Thread 6 estimated dimension 10 of 11 : 0.5245326143259237  | time taken : 9.173001527786255
 Thread 3 estimated dimension 4 of 11 : 0.7265389181443501  | time taken : 7.951813220977783
 Thread 6 nsolns: 45163
 Thread 2 estimated dimension 7 of 11 : 0.6733819483889373  | time taken : 6.777879953384399
 Thread 4 estimated dimension 10 of 11 : 0.47950854077230887  | time taken : 10.13035535812378
 Thread 3 estimated dimension 5 of 11 : 0.7813439802847791  | time taken : 5.95526385307312
 Thread 4 nsolns: 46089
 Thread 7 estimated dimension 0 of 11 : 0.5325123761527273  | time taken : 11.950899124145508
 Thread 1 estimated dimension 1 of 11 : 0.6653618200295537  | time taken : 8.315589666366577
 Thread 2 estimated dimension 8 of 11 : 0.6095677911251735  | time taken : 5.619478940963745
 Thread 6 estimated dimension 0 of 11 : 0.5529010479701906  | time taken : 11.2228262424469
 Thread 3 estimated dimension 6 of 11 : 0.7493851543577966  | time taken : 6.223653793334961
 Thread 7 estimated dimension 1 of 11 : 0.6737402122353002  | time taken : 6.818762302398682
 Thread 5 estimated dimension 4 of 11 : 0.2770802998225708  | time taken : 17.028458833694458
 Thread 4 estimated dimension 0 of 11 : 0.5499986401170325  | time taken : 10.957854509353638
 Thread 1 estimated dimension 2 of 11 : 0.5232086591123014  | time taken : 10.951640844345093
 Thread 3 estimated dimension 7 of 11 : 0.6834753156460726  | time taken : 5.814110994338989
 Thread 2 estimated dimension 9 of 11 : 0.4994693397849149  | time taken : 9.960909128189087
 Thread 5 estimated dimension 5 of 11 : 0.6132378023979127  | time taken : 6.5220160484313965
 Thread 7 estimated dimension 2 of 11 : 0.5337705054816226  | time taken : 10.288612842559814
 Thread 5 estimated dimension 6 of 11 : 0.9869849263340904  | time taken : 1.3361144065856934
 Thread 4 estimated dimension 1 of 11 : 0.6608134360827508  | time taken : 7.751447916030884
 Thread 6 estimated dimension 1 of 11 : 0.33860787837063067  | time taken : 14.463191986083984
 Thread 5 estimated dimension 7 of 11 : 0.986010186621454  | time taken : 1.5892114639282227
 Thread 6 estimated dimension 2 of 11 : 1  | time taken : 0.764040470123291
 Thread 1 estimated dimension 3 of 11 : 0.577761738085951  | time taken : 8.820425033569336
 Thread 5 estimated dimension 8 of 11 : 1  | time taken : 1.2135207653045654
 Thread 6 estimated dimension 3 of 11 : 1  | time taken : 1.2217016220092773
 Thread 1 estimated dimension 4 of 11 : 0.9929460278659797  | time taken : 1.12424635887146
 Thread 2 estimated dimension 10 of 11 : 0.48574926684524433  | time taken : 8.33992600440979
 Thread 2 nsolns: 46136
 Thread 5 estimated dimension 9 of 11 : 0.9822866785260461  | time taken : 1.421058177947998
 Thread 6 estimated dimension 4 of 11 : 0.9847309641060173  | time taken : 0.8097226619720459
 Thread 1 estimated dimension 5 of 11 : 1  | time taken : 0.9467103481292725
 Thread 1 estimated dimension 6 of 11 : 1  | time taken : 1.3614633083343506
 Thread 3 estimated dimension 8 of 11 : 0.38251633376368316  | time taken : 15.52943730354309
 Thread 3 estimated dimension 9 of 11 : 1  | time taken : 1.3178253173828125
 Thread 4 estimated dimension 2 of 11 : 0.5302249793499269  | time taken : 10.641401052474976
 Thread 6 estimated dimension 5 of 11 : 0.7620436055441944  | time taken : 6.036357164382935
 Thread 7 estimated dimension 3 of 11 : 0.3987087422911079  | time taken : 11.782994031906128
 Thread 7 estimated dimension 4 of 11 : 0.9856908090244075  | time taken : 1.8692295551300049
 Thread 2 estimated dimension 0 of 11 : 0.4616252598001662  | time taken : 9.54805850982666
 Thread 7 estimated dimension 5 of 11 : 1  | time taken : 1.6215150356292725
 Thread 5 estimated dimension 10 of 11 : 0.48053528904550247  | time taken : 11.870590448379517
 Thread 5 nsolns: 46089
 Thread 7 estimated dimension 6 of 11 : 0.9732926565794958  | time taken : 1.0966556072235107
 Thread 7 estimated dimension 7 of 11 : 0.9619107196008463  | time taken : 1.4330930709838867
 Thread 2 estimated dimension 1 of 11 : 0.6845956742196029  | time taken : 6.653074741363525
 Thread 3 estimated dimension 10 of 11 : 0.492076884487503  | time taken : 11.648222208023071
 Thread 3 nsolns: 45534
 Thread 2 estimated dimension 2 of 11 : 1  | time taken : 1.250175952911377
 Thread 2 estimated dimension 3 of 11 : 1  | time taken : 1.4434618949890137
 Thread 4 estimated dimension 3 of 11 : 0.4102052747907144  | time taken : 13.025847673416138
 Thread 1 estimated dimension 7 of 11 : 0.3187402022024071  | time taken : 18.82140564918518
 Thread 4 estimated dimension 4 of 11 : 0.984676737360618  | time taken : 1.1313388347625732
 Thread 5 estimated dimension 0 of 11 : 0.45799726798001655  | time taken : 10.194912910461426
 Thread 7 estimated dimension 8 of 11 : 0.6103811696227526  | time taken : 8.086482524871826
 Thread 4 estimated dimension 5 of 11 : 1  | time taken : 1.1196115016937256
 Thread 1 estimated dimension 8 of 11 : 0.9976952351349939  | time taken : 1.6534264087677002
 Thread 4 estimated dimension 6 of 11 : 0.9968003936708757  | time taken : 2.041325569152832
 Thread 1 estimated dimension 9 of 11 : 1  | time taken : 1.9100286960601807
 Thread 2 estimated dimension 4 of 11 : 0.7263141585839454  | time taken : 7.235434055328369
 Thread 4 estimated dimension 7 of 11 : 0.9965315469488757  | time taken : 1.9597253799438477
 Thread 3 estimated dimension 0 of 11 : 0.44771285622807105  | time taken : 11.72060513496399
 Thread 5 estimated dimension 1 of 11 : 0.6550490295356587  | time taken : 7.062788486480713
 Thread 6 estimated dimension 6 of 11 : 0.2714953282114021  | time taken : 24.316518545150757
 Thread 5 estimated dimension 2 of 11 : 0.9767164522601933  | time taken : 0.9698681831359863
 Thread 2 estimated dimension 5 of 11 : 0.8066588054885446  | time taken : 4.958026170730591
 Thread 6 estimated dimension 7 of 11 : 0.9925079381489562  | time taken : 1.5050458908081055
 Thread 5 estimated dimension 3 of 11 : 0.9988638142652406  | time taken : 1.1655359268188477
 Thread 7 estimated dimension 9 of 11 : 0.5034483392879695  | time taken : 9.950491428375244
 Thread 4 estimated dimension 8 of 11 : 0.6271837228388355  | time taken : 6.551425218582153
 Thread 6 estimated dimension 8 of 11 : 0.9876984034946211  | time taken : 1.2918412685394287
 Thread 6 estimated dimension 9 of 11 : 0.9926704759133265  | time taken : 1.0064575672149658
 Thread 1 estimated dimension 10 of 11 : 0.48895232341629896  | time taken : 10.722563743591309
 Thread 1 nsolns: 46259
 Thread 6 estimated dimension 10 of 11 : 0.9746686886355649  | time taken : 0.8677172660827637
 Thread 6 nsolns: 45507
 Thread 7 estimated dimension 10 of 11 : 0.49175400101003486  | time taken : 10.465047836303711
 Thread 7 nsolns: 46964
 Thread 4 estimated dimension 9 of 11 : 0.5042941080431308  | time taken : 10.559586524963379
 Thread 3 estimated dimension 1 of 11 : 0.3151346425861198  | time taken : 15.919882535934448
 Thread 3 estimated dimension 2 of 11 : 1  | time taken : 1.4247360229492188
 Thread 6 estimated dimension 0 of 11 : 0.561597982479063  | time taken : 10.664855718612671
 Thread 1 estimated dimension 0 of 11 : 0.5511457408442048  | time taken : 11.310945510864258
 Thread 3 estimated dimension 3 of 11 : 0.9997450029222499  | time taken : 1.266474962234497
 Thread 5 estimated dimension 4 of 11 : 0.2689937926161254  | time taken : 18.303027391433716
 Thread 2 estimated dimension 6 of 11 : 0.2683523735560445  | time taken : 19.60783076286316
 Thread 2 estimated dimension 7 of 11 : 0.988744332527624  | time taken : 1.2480058670043945
 Thread 4 estimated dimension 10 of 11 : 0.5151145876600371  | time taken : 8.54287075996399
 Thread 4 nsolns: 46678
 Thread 3 estimated dimension 4 of 11 : 0.7472985711776549  | time taken : 5.009735345840454
 Thread 2 estimated dimension 8 of 11 : 1  | time taken : 1.3085899353027344
 Thread 3 estimated dimension 5 of 11 : 0.9912893372415564  | time taken : 0.927764892578125
 Thread 7 estimated dimension 0 of 11 : 0.5510376411860582  | time taken : 10.944685459136963
 Thread 2 estimated dimension 9 of 11 : 1  | time taken : 0.6896247863769531
 Thread 1 estimated dimension 1 of 11 : 0.6736649554026579  | time taken : 8.963425874710083
 Thread 6 estimated dimension 1 of 11 : 0.6500845123411703  | time taken : 9.544236898422241
 Thread 5 estimated dimension 5 of 11 : 0.6226382730263605  | time taken : 8.675496339797974
 Thread 5 estimated dimension 6 of 11 : 0.9968749648374807  | time taken : 1.4223747253417969
 Thread 3 estimated dimension 6 of 11 : 0.7214001789564832  | time taken : 6.48242712020874
 Thread 5 estimated dimension 7 of 11 : 1  | time taken : 1.613861083984375
 Thread 7 estimated dimension 1 of 11 : 0.6770135383724808  | time taken : 8.868782758712769
 Thread 2 estimated dimension 10 of 11 : 0.5100799172634317  | time taken : 9.074960231781006
 Thread 4 estimated dimension 0 of 11 : 0.5500891899288458  | time taken : 11.236400127410889
 Thread 2 nsolns: 45804
 Thread 5 estimated dimension 8 of 11 : 0.98495752947588  | time taken : 1.607954502105713
 Thread 5 estimated dimension 9 of 11 : 1  | time taken : 1.642829418182373
 Thread 3 estimated dimension 7 of 11 : 0.6961077581196999  | time taken : 6.618370294570923
 Thread 6 estimated dimension 2 of 11 : 0.528309839338001  | time taken : 12.44553828239441
 Thread 1 estimated dimension 2 of 11 : 0.5324802842873961  | time taken : 12.561708211898804
 Thread 5 estimated dimension 10 of 11 : 0.5063555676889044  | time taken : 7.399878978729248
 Thread 5 nsolns: 45795
 Thread 3 estimated dimension 8 of 11 : 0.6185349773568513  | time taken : 6.848130702972412
 Thread 7 estimated dimension 2 of 11 : 0.5387495702583595  | time taken : 11.766610383987427
 Thread 2 estimated dimension 0 of 11 : 0.5453235396964092  | time taken : 11.922945737838745
 Thread 6 estimated dimension 3 of 11 : 0.5845909810611342  | time taken : 7.9764745235443115
 Thread 6 estimated dimension 4 of 11 : 1  | time taken : 1.5271577835083008
 Thread 6 estimated dimension 5 of 11 : 0.9767857694425216  | time taken : 1.3435509204864502
 Thread 4 estimated dimension 1 of 11 : 0.3378765036042314  | time taken : 16.77404022216797
 Thread 1 estimated dimension 3 of 11 : 0.41095224293419846  | time taken : 11.749626398086548
 Thread 6 estimated dimension 6 of 11 : 0.984423511922728  | time taken : 1.197620153427124
 Thread 4 estimated dimension 2 of 11 : 1  | time taken : 1.4025533199310303
 Thread 1 estimated dimension 4 of 11 : 0.9885405963274542  | time taken : 1.0417163372039795
 Thread 3 estimated dimension 9 of 11 : 0.4951850054328825  | time taken : 8.871570348739624
 Thread 1 estimated dimension 5 of 11 : 0.9984957973548834  | time taken : 1.2337532043457031
 Thread 4 estimated dimension 3 of 11 : 0.9702787125071591  | time taken : 1.4908666610717773
 Thread 2 estimated dimension 1 of 11 : 0.6674754337925483  | time taken : 8.338663339614868
 Thread 3 estimated dimension 10 of 11 : 1  | time taken : 1.2878150939941406
 Thread 3 nsolns: 46238
 Thread 1 estimated dimension 6 of 11 : 1  | time taken : 1.2209503650665283
 Thread 4 estimated dimension 4 of 11 : 0.9972389390858495  | time taken : 1.2743890285491943
 Thread 7 estimated dimension 3 of 11 : 0.40038677786902893  | time taken : 11.541528701782227
 Thread 5 estimated dimension 0 of 11 : 0.5435454036850295  | time taken : 11.68393087387085
 Thread 1 estimated dimension 7 of 11 : 1  | time taken : 1.333739995956421
 Thread 7 estimated dimension 4 of 11 : 0.9886009608313234  | time taken : 1.8547430038452148
 Thread 7 estimated dimension 5 of 11 : 1  | time taken : 1.2606074810028076
 Thread 7 estimated dimension 6 of 11 : 1  | time taken : 1.3740215301513672
 Thread 4 estimated dimension 5 of 11 : 0.7573823199851188  | time taken : 6.515369653701782
 Thread 7 estimated dimension 7 of 11 : 0.9936115964928431  | time taken : 1.5098352432250977
 Thread 1 estimated dimension 8 of 11 : 0.6139705720465035  | time taken : 7.605146884918213
 Thread 2 estimated dimension 2 of 11 : 0.5355909641738159  | time taken : 11.300761461257935
 Thread 3 estimated dimension 0 of 11 : 0.542358648800278  | time taken : 12.127163887023926
 Thread 4 estimated dimension 6 of 11 : 0.7219929677066481  | time taken : 6.40410590171814
 Thread 6 estimated dimension 7 of 11 : 0.3263544502396475  | time taken : 18.292685508728027
 Thread 7 estimated dimension 8 of 11 : 0.6336097217779992  | time taken : 7.221792221069336
 Thread 6 estimated dimension 8 of 11 : 0.9988059226167587  | time taken : 1.3254563808441162
 Thread 5 estimated dimension 1 of 11 : 0.34607817759647963  | time taken : 16.319334983825684
 Thread 6 estimated dimension 9 of 11 : 0.9946272716262687  | time taken : 1.4949545860290527
 Thread 5 estimated dimension 2 of 11 : 1  | time taken : 1.1616575717926025
 Thread 1 estimated dimension 9 of 11 : 0.5012454933441703  | time taken : 10.332908153533936
 Thread 2 estimated dimension 3 of 11 : 0.582695274423723  | time taken : 9.30592942237854
 Thread 4 estimated dimension 7 of 11 : 0.6915288351367946  | time taken : 6.76144003868103
 Thread 5 estimated dimension 3 of 11 : 1  | time taken : 1.3290886878967285
 Thread 3 estimated dimension 1 of 11 : 0.6659472458566978  | time taken : 8.976774454116821
 Thread 2 estimated dimension 4 of 11 : 1  | time taken : 1.7200887203216553
 Thread 5 estimated dimension 4 of 11 : 1  | time taken : 1.8780717849731445
 Thread 2 estimated dimension 5 of 11 : 0.9860908759067004  | time taken : 1.6579139232635498
 Thread 2 estimated dimension 6 of 11 : 1  | time taken : 0.9615585803985596
 Thread 7 estimated dimension 9 of 11 : 0.5023757045588051  | time taken : 12.942875623703003
 Thread 6 estimated dimension 10 of 11 : 0.5137857801881401  | time taken : 9.763319969177246
 Thread 6 nsolns: 45965
 Thread 4 estimated dimension 8 of 11 : 0.6202051410526807  | time taken : 8.082679510116577
 Thread 1 estimated dimension 10 of 11 : 0.5065546579771247  | time taken : 8.754080057144165
 Thread 1 nsolns: 46670
 Thread 2 estimated dimension 7 of 11 : 0.6866683248784168  | time taken : 6.0081140995025635
 Thread 3 estimated dimension 2 of 11 : 0.5222215079128076  | time taken : 11.432274341583252
 Thread 4 estimated dimension 9 of 11 : 0.5081722660839267  | time taken : 7.255759000778198
 Thread 4 estimated dimension 10 of 11 : 0.9920387175559132  | time taken : 1.3177905082702637
 Thread 6 estimated dimension 0 of 11 : 0.5641670843345192  | time taken : 9.032668590545654
 Thread 4 nsolns: 44570
 Thread 7 estimated dimension 10 of 11 : 0.49024686704612896  | time taken : 10.326583623886108
 Thread 2 estimated dimension 8 of 11 : 0.6101283297708725  | time taken : 6.497020244598389
 Thread 7 nsolns: 46972
 Thread 1 estimated dimension 0 of 11 : 0.5616664455775333  | time taken : 10.428316116333008
 Thread 3 estimated dimension 3 of 11 : 0.5729224413220181  | time taken : 8.060842990875244
 Thread 5 estimated dimension 5 of 11 : 0.24507906981839922  | time taken : 19.921390056610107
 Thread 3 estimated dimension 4 of 11 : 0.9801210227046772  | time taken : 1.60740327835083
 Thread 5 estimated dimension 6 of 11 : 0.9776763208648394  | time taken : 1.0663220882415771
 Thread 3 estimated dimension 5 of 11 : 0.9969451679100367  | time taken : 0.953909158706665
 Thread 5 estimated dimension 7 of 11 : 0.998546953338597  | time taken : 0.9591653347015381
 Thread 3 estimated dimension 6 of 11 : 1  | time taken : 0.9717056751251221
 Thread 6 estimated dimension 1 of 11 : 0.6746097744521747  | time taken : 8.194602966308594
 Thread 5 estimated dimension 8 of 11 : 0.9751067781239706  | time taken : 1.3439204692840576
 Thread 2 estimated dimension 9 of 11 : 0.4966516220494076  | time taken : 8.296196937561035
 Thread 4 estimated dimension 0 of 11 : 0.5475346592588594  | time taken : 9.82498025894165
 Thread 1 estimated dimension 1 of 11 : 0.6731851293378929  | time taken : 7.100712060928345
 Thread 5 estimated dimension 9 of 11 : 1  | time taken : 0.7906231880187988
 Thread 7 estimated dimension 0 of 11 : 0.5364377364219969  | time taken : 9.219805717468262
 Thread 5 estimated dimension 10 of 11 : 0.988383766500832  | time taken : 1.6396067142486572
 Thread 5 nsolns: 45706
 Thread 3 estimated dimension 7 of 11 : 0.6819255233792241  | time taken : 5.293581962585449
 Thread 7 estimated dimension 1 of 11 : 0.6592636726610269  | time taken : 7.875049114227295
 Thread 4 estimated dimension 1 of 11 : 0.6668029386981924  | time taken : 8.858921766281128
 Thread 6 estimated dimension 2 of 11 : 0.5189362486603961  | time taken : 11.170498371124268
 Thread 2 estimated dimension 10 of 11 : 0.4818188882431338  | time taken : 10.05922269821167
 Thread 1 estimated dimension 2 of 11 : 0.4739297399157949  | time taken : 9.560808658599854
 Thread 2 nsolns: 46128
 Thread 3 estimated dimension 8 of 11 : 0.6155803456230788  | time taken : 7.138611078262329
 Thread 1 estimated dimension 3 of 11 : 1  | time taken : 1.7499053478240967
 Thread 5 estimated dimension 0 of 11 : 0.5460561441601389  | time taken : 10.15541672706604
 Thread 1 estimated dimension 4 of 11 : 0.9770843357382003  | time taken : 1.2247507572174072
 Thread 1 estimated dimension 5 of 11 : 1  | time taken : 1.4205007553100586
 Thread 3 estimated dimension 9 of 11 : 0.5011891361001762  | time taken : 8.63453197479248
 Thread 5 estimated dimension 1 of 11 : 0.6761296043854946  | time taken : 7.320560693740845
 Thread 7 estimated dimension 2 of 11 : 0.5236002763141774  | time taken : 11.768180847167969
 Thread 2 estimated dimension 0 of 11 : 0.45268708170984673  | time taken : 10.66736888885498
 Thread 4 estimated dimension 2 of 11 : 0.5332194281946364  | time taken : 11.516983985900879
 Thread 6 estimated dimension 3 of 11 : 0.40076339131408634  | time taken : 12.160907745361328
 Thread 6 estimated dimension 4 of 11 : 0.9929720853805742  | time taken : 1.3510401248931885
 Thread 6 estimated dimension 5 of 11 : 1  | time taken : 1.4715569019317627
 Thread 6 estimated dimension 6 of 11 : 1  | time taken : 1.497765064239502
 Thread 2 estimated dimension 1 of 11 : 0.6689847891754029  | time taken : 6.143823146820068
 Thread 6 estimated dimension 7 of 11 : 1  | time taken : 0.6458926200866699
 Thread 3 estimated dimension 10 of 11 : 0.5089925935105145  | time taken : 8.13459849357605
 Thread 2 estimated dimension 2 of 11 : 0.9504868297118017  | time taken : 1.2659127712249756
 Thread 3 nsolns: 45834
 Thread 2 estimated dimension 3 of 11 : 0.9855643541436618  | time taken : 1.001418113708496
 Thread 7 estimated dimension 3 of 11 : 0.4034160798205135  | time taken : 11.253658294677734
 Thread 5 estimated dimension 2 of 11 : 0.5190741127556843  | time taken : 12.44075322151184
 Thread 7 estimated dimension 4 of 11 : 0.9721092550976173  | time taken : 0.7769498825073242
 Thread 1 estimated dimension 6 of 11 : 0.2707536096542394  | time taken : 17.855777502059937
 Thread 4 estimated dimension 3 of 11 : 0.41475315381617833  | time taken : 11.940479755401611
 Thread 6 estimated dimension 8 of 11 : 0.6160964796987448  | time taken : 6.850958824157715
 Thread 1 estimated dimension 7 of 11 : 0.9845236379909512  | time taken : 2.035489082336426
 Thread 4 estimated dimension 4 of 11 : 0.9997761155290794  | time taken : 2.4833381175994873
 Thread 7 estimated dimension 5 of 11 : 1  | time taken : 2.647149085998535
 Thread 1 estimated dimension 8 of 11 : 1  | time taken : 2.0583150386810303
 Thread 7 estimated dimension 6 of 11 : 1  | time taken : 1.5772292613983154
 Thread 4 estimated dimension 5 of 11 : 0.9925470248814562  | time taken : 1.8024320602416992
 Thread 3 estimated dimension 0 of 11 : 0.4500830277081282  | time taken : 10.05993914604187
 Thread 7 estimated dimension 7 of 11 : 1  | time taken : 0.919400691986084
 Thread 1 estimated dimension 9 of 11 : 0.9304941510872305  | time taken : 1.546309232711792
 Thread 4 estimated dimension 6 of 11 : 0.9909745792740909  | time taken : 1.4339351654052734
 Thread 4 estimated dimension 7 of 11 : 0.9974149167035221  | time taken : 1.4595751762390137
 Thread 5 estimated dimension 3 of 11 : 0.5778453352682741  | time taken : 9.768694877624512
 Thread 5 estimated dimension 4 of 11 : 1  | time taken : 0.8945739269256592
 Thread 3 estimated dimension 1 of 11 : 0.6746581617285986  | time taken : 5.9101951122283936
 Thread 5 estimated dimension 5 of 11 : 0.9971439595954433  | time taken : 1.0336580276489258
 Thread 2 estimated dimension 4 of 11 : 0.2711709235085862  | time taken : 15.771524667739868
 Thread 7 estimated dimension 8 of 11 : 0.619375546828321  | time taken : 6.731953859329224
 Thread 1 estimated dimension 10 of 11 : 0.5119091804666526  | time taken : 6.92351770401001
 Thread 5 estimated dimension 6 of 11 : 0.9815934596659635  | time taken : 1.424818992614746
 Thread 3 estimated dimension 2 of 11 : 1  | time taken : 1.788151741027832
 Thread 1 nsolns: 46137
 Thread 6 estimated dimension 9 of 11 : 0.49579779569359  | time taken : 11.816205501556396
 Thread 4 estimated dimension 8 of 11 : 0.6196080103241304  | time taken : 6.622799396514893
 Thread 3 estimated dimension 3 of 11 : 1  | time taken : 1.932128667831421
 Thread 5 estimated dimension 7 of 11 : 0.6795409636331706  | time taken : 6.963413953781128
 Thread 2 estimated dimension 5 of 11 : 0.603976478568987  | time taken : 8.31357717514038
 Thread 2 estimated dimension 6 of 11 : 1  | time taken : 0.8445074558258057
 Thread 3 estimated dimension 4 of 11 : 0.7158021088146054  | time taken : 6.385318756103516
 Thread 7 estimated dimension 9 of 11 : 0.5049350321935503  | time taken : 10.062347888946533
 Thread 6 estimated dimension 10 of 11 : 0.5084508236686178  | time taken : 8.680087566375732
 Thread 6 nsolns: 46678
 Thread 2 estimated dimension 7 of 11 : 0.9932433826903586  | time taken : 1.373389720916748
 Thread 1 estimated dimension 0 of 11 : 0.549812738764573  | time taken : 11.166621446609497
 Thread 2 estimated dimension 8 of 11 : 1  | time taken : 1.030299186706543
 Thread 4 estimated dimension 9 of 11 : 0.49761500403692555  | time taken : 10.251098871231079
 Thread 2 estimated dimension 9 of 11 : 0.9960349255328913  | time taken : 1.2163140773773193
 Thread 3 estimated dimension 5 of 11 : 0.786440404422637  | time taken : 5.306331634521484
 Thread 5 estimated dimension 8 of 11 : 0.6200740067904411  | time taken : 6.986797332763672
 Thread 3 estimated dimension 6 of 11 : 0.7515512968135305  | time taken : 4.058597087860107
 Thread 6 estimated dimension 0 of 11 : 0.5541652847815077  | time taken : 9.425957441329956
 Thread 1 estimated dimension 1 of 11 : 0.673139807533943  | time taken : 8.247000455856323
 Thread 7 estimated dimension 10 of 11 : 0.48809122240674724  | time taken : 11.329576253890991
 Thread 2 estimated dimension 10 of 11 : 0.509861962679671  | time taken : 8.029998302459717
 Thread 7 nsolns: 46972
 Thread 2 nsolns: 45795
 Thread 4 estimated dimension 10 of 11 : 0.48191126424298836  | time taken : 8.976300954818726
 Thread 4 nsolns: 46972
 Thread 3 estimated dimension 7 of 11 : 0.6880443580448822  | time taken : 5.45849347114563
 Thread 5 estimated dimension 9 of 11 : 0.4972992988522154  | time taken : 9.971075057983398
 Thread 1 estimated dimension 2 of 11 : 0.4690906000390218  | time taken : 9.061363220214844
 Thread 7 estimated dimension 0 of 11 : 0.4459076507763846  | time taken : 9.302456855773926
 Thread 1 estimated dimension 3 of 11 : 1  | time taken : 1.158104419708252
 Thread 1 estimated dimension 4 of 11 : 0.9908317887877877  | time taken : 1.1587848663330078
 Thread 4 estimated dimension 0 of 11 : 0.4528430050257954  | time taken : 10.168548822402954
 Thread 5 estimated dimension 10 of 11 : 0.5082609730190779  | time taken : 7.123949766159058
 Thread 5 nsolns: 45842
 Thread 1 estimated dimension 5 of 11 : 1  | time taken : 1.4181311130523682
 Thread 6 estimated dimension 1 of 11 : 0.33939265491254783  | time taken : 14.511560678482056
 Thread 6 estimated dimension 2 of 11 : 1  | time taken : 1.6939332485198975
 Thread 6 estimated dimension 3 of 11 : 1  | time taken : 1.102186918258667
 Thread 6 estimated dimension 4 of 11 : 0.9902964671747072  | time taken : 1.154627799987793
 Thread 3 estimated dimension 8 of 11 : 0.3774330487395708  | time taken : 16.159196853637695
 Thread 3 estimated dimension 9 of 11 : 1  | time taken : 1.3286373615264893
 Thread 7 estimated dimension 1 of 11 : 0.3239316009586407  | time taken : 15.891700029373169
 Thread 4 estimated dimension 1 of 11 : 0.3247044362181724  | time taken : 15.078654050827026
 Thread 7 estimated dimension 2 of 11 : 1  | time taken : 0.9988806247711182
 Thread 4 estimated dimension 2 of 11 : 0.9838253934155959  | time taken : 1.6395738124847412
 Thread 3 estimated dimension 10 of 11 : 0.5068662594343468  | time taken : 7.150854110717773
 Thread 7 estimated dimension 3 of 11 : 1  | time taken : 1.3216164112091064
 Thread 3 nsolns: 45240
 Thread 1 estimated dimension 6 of 11 : 0.272423374488505  | time taken : 16.76933455467224
 Thread 4 estimated dimension 3 of 11 : 0.9989609756931447  | time taken : 0.9392085075378418
 Thread 1 estimated dimension 7 of 11 : 1  | time taken : 1.5821185111999512
 Thread 1 estimated dimension 8 of 11 : 1  | time taken : 1.0703213214874268
 Thread 7 estimated dimension 4 of 11 : 0.7583099775726284  | time taken : 4.808641672134399
 Thread 1 estimated dimension 9 of 11 : 0.9633880000648477  | time taken : 1.1096038818359375
 Thread 4 estimated dimension 4 of 11 : 0.7430231870256722  | time taken : 4.955928564071655
 Thread 6 estimated dimension 5 of 11 : 0.24009453408172965  | time taken : 17.216670036315918
 Thread 7 estimated dimension 5 of 11 : 0.9988842024886558  | time taken : 1.4671516418457031
 Thread 4 estimated dimension 5 of 11 : 0.9634491250664918  | time taken : 0.9465205669403076
 Thread 6 estimated dimension 6 of 11 : 1  | time taken : 1.2610585689544678
 Thread 6 estimated dimension 7 of 11 : 1  | time taken : 1.5182197093963623
 Thread 6 estimated dimension 8 of 11 : 1  | time taken : 0.6961891651153564
 Thread 7 estimated dimension 6 of 11 : 0.7324383483864864  | time taken : 4.583069801330566
 Thread 6 estimated dimension 9 of 11 : 0.9891723455094882  | time taken : 1.4431045055389404
 Thread 1 estimated dimension 10 of 11 : 0.5246682074461082  | time taken : 7.022075414657593
 Thread 4 estimated dimension 6 of 11 : 0.731765773130346  | time taken : 4.804096460342407
 Thread 1 nsolns: 46137
 Thread 6 estimated dimension 10 of 11 : 0.9763615676621833  | time taken : 1.3506364822387695
 Thread 6 nsolns: 45706
 Thread 7 estimated dimension 7 of 11 : 0.676739311458039  | time taken : 6.180470943450928
 Thread 4 estimated dimension 7 of 11 : 0.6826820999022395  | time taken : 6.122457504272461
 Thread 1 estimated dimension 0 of 11 : 0.45071937252635336  | time taken : 7.801708459854126
 Thread 7 estimated dimension 8 of 11 : 0.612863507836849  | time taken : 5.02061128616333
 Thread 4 estimated dimension 8 of 11 : 0.6218264531082138  | time taken : 5.3038928508758545
 Thread 4 estimated dimension 9 of 11 : 0.5095527695273379  | time taken : 6.656711101531982
 Thread 7 estimated dimension 9 of 11 : 0.5207599340577692  | time taken : 7.999412298202515
 Thread 4 estimated dimension 10 of 11 : 0.9937362072641275  | time taken : 1.02669095993042
 Thread 4 nsolns: 45944
 Thread 7 estimated dimension 10 of 11 : 1  | time taken : 1.3628308773040771
 Thread 7 nsolns: 45944
 Thread 1 estimated dimension 1 of 11 : 0.33186040289625435  | time taken : 15.838684558868408
 Thread 1 estimated dimension 2 of 11 : 1  | time taken : 1.1800909042358398
 Thread 1 estimated dimension 3 of 11 : 0.9667479802622001  | time taken : 1.6308910846710205
 Thread 1 estimated dimension 4 of 11 : 0.7560327253100705  | time taken : 4.1285741329193115
 Thread 1 estimated dimension 5 of 11 : 1  | time taken : 0.6723644733428955
 Thread 1 estimated dimension 6 of 11 : 0.711930078108856  | time taken : 4.084190130233765
 Thread 1 estimated dimension 7 of 11 : 0.7075918610988745  | time taken : 5.15198540687561
 Thread 1 estimated dimension 8 of 11 : 0.3833492448829225  | time taken : 9.806558847427368
 Thread 1 estimated dimension 9 of 11 : 0.9945885316765878  | time taken : 0.8104944229125977
 Thread 1 estimated dimension 10 of 11 : 1  | time taken : 1.0030279159545898
 Thread 1 nsolns: 46155
 estimated weights : [0.03123284330161029, 0.03411973703484517, 0.013013958729395515, 0.02172140448770882, 0.011524635472230248, 0.014577854746146441, 0.012572253371831653, 0.026480613571863938, 0.014300317927616876, 0.04293968439039838, 0.023070489921284226, 0.014321855021371795, 0.02179105815918965, 0.01364962016656338, 0.02109515905747882, 0.017002898988174097, 0.02611334972740143, 0.02519717962493827, 0.024493911834837113, 0.014159848015695312, 0.014958645862589135, 0.023662960462340957, 0.012819671554321767, 0.017949521000863448, 0.011081528974301851, 0.017830722396816122, 0.017495631523607308, 0.012262440203278992, 0.021022628343836884, 0.025585661395669878, 0.04333526268077933, 0.02356036820056024, 0.015524478527719663, 0.015160737182761109, 0.015205204456943528, 0.030036876409367176, 0.013854194382696992, 0.012029187300488126, 0.03185211431760413, 0.013481995205443516, 0.013954127985701791, 0.02506264098634365, 0.011363516662575701, 0.0234232577978785, 0.016658871884849002, 0.016907091889941384, 0.036176346972568794, 0.010647689190520252, 0.01259729666472996, 0.02505911781227504, 0.024372682617336074, 0.016071781163639973, 0.0180605329389152, 0.01250173816153331, 0.02126278760460968, 0.012335258382520866, 0.043376812277206515, 0.011230138021800848, 0.011307400244589491, 0.0222313571339724, 0.012206797452508583, 0.011085037645855483, 0.023436429166310783, 0.01176723895944394, 0.011544138522374235, 0.016909998944594242, 0.02368683765043509, 0.04318887589674131, 0.016272477200337473, 0.01730828198986879, 0.020997798270848862]
