numSolutions: 82 k : 1951
8 82 0.035355339059327376 0.0001524390243902439

 Thread 2 estimated dimension 0 of 8 : 0.8072606943065461  | time taken : 6.902146339416504
 Thread 4 estimated dimension 0 of 8 : 0.8235673748918505  | time taken : 7.106749773025513
 Thread 3 estimated dimension 0 of 8 : 0.7900794497350944  | time taken : 9.361996412277222
 Thread 2 estimated dimension 1 of 8 : 0.8559172674558624  | time taken : 6.796756267547607
 Thread 4 estimated dimension 1 of 8 : 0.8424575491449117  | time taken : 8.493046522140503
 Thread 3 estimated dimension 1 of 8 : 0.8620030732562953  | time taken : 6.935208320617676
 Thread 6 estimated dimension 0 of 8 : 0.2152348899447918  | time taken : 28.623968601226807
 Thread 1 estimated dimension 0 of 8 : 0.20694393383901305  | time taken : 30.45922303199768
 Thread 7 estimated dimension 0 of 8 : 0.2088449081205667  | time taken : 30.823664903640747
 Thread 5 estimated dimension 0 of 8 : 0.20879698107411623  | time taken : 33.20665168762207
 Thread 6 estimated dimension 1 of 8 : 0.9884562749543393  | time taken : 6.183843612670898
 Thread 4 estimated dimension 2 of 8 : 0.311439515504743  | time taken : 19.883155345916748
 Thread 1 estimated dimension 1 of 8 : 0.9661212559206218  | time taken : 5.577535390853882
 Thread 7 estimated dimension 1 of 8 : 1  | time taken : 5.252086877822876
 Thread 2 estimated dimension 2 of 8 : 0.30724204078905026  | time taken : 22.672593355178833
 Thread 3 estimated dimension 2 of 8 : 0.30429269884896576  | time taken : 20.838996648788452
 Thread 5 estimated dimension 1 of 8 : 1  | time taken : 4.631002187728882
 Thread 6 estimated dimension 2 of 8 : 1  | time taken : 5.31062912940979
 Thread 4 estimated dimension 3 of 8 : 1  | time taken : 4.752309799194336
 Thread 2 estimated dimension 3 of 8 : 0.9890989451412513  | time taken : 5.347192764282227
 Thread 1 estimated dimension 2 of 8 : 0.9569383780286485  | time taken : 5.892659425735474
 Thread 7 estimated dimension 2 of 8 : 0.9776582925456191  | time taken : 6.032052278518677
 Thread 3 estimated dimension 3 of 8 : 1  | time taken : 6.317435026168823
 Thread 5 estimated dimension 2 of 8 : 0.9819329639438865  | time taken : 6.254294395446777
 Thread 6 estimated dimension 3 of 8 : 1  | time taken : 6.240251064300537
 Thread 1 estimated dimension 3 of 8 : 0.9817485800364735  | time taken : 5.237750291824341
 Thread 7 estimated dimension 3 of 8 : 0.9928287677070027  | time taken : 5.449723482131958
 Thread 4 estimated dimension 4 of 8 : 0.6647998819379974  | time taken : 7.941456079483032
 Thread 5 estimated dimension 3 of 8 : 1  | time taken : 5.613037347793579
 Thread 2 estimated dimension 4 of 8 : 0.6873851093459016  | time taken : 8.685031414031982
 Thread 3 estimated dimension 4 of 8 : 0.701962635486692  | time taken : 8.88058352470398
 Thread 6 estimated dimension 4 of 8 : 0.6578234296620058  | time taken : 9.133355617523193
 Thread 4 estimated dimension 5 of 8 : 0.70512285032265  | time taken : 7.328616619110107
 Thread 1 estimated dimension 4 of 8 : 0.7114785246634829  | time taken : 8.772796154022217
 Thread 7 estimated dimension 4 of 8 : 0.7055943484484726  | time taken : 8.790969133377075
 Thread 2 estimated dimension 5 of 8 : 0.720091783451036  | time taken : 7.6562416553497314
 Thread 5 estimated dimension 4 of 8 : 0.6981890293540185  | time taken : 9.04112696647644
 Thread 3 estimated dimension 5 of 8 : 0.7138903428376586  | time taken : 8.283833503723145
 Thread 4 estimated dimension 6 of 8 : 0.48967415300327805  | time taken : 13.4401535987854
 Thread 1 estimated dimension 5 of 8 : 0.3379048443818078  | time taken : 15.317124605178833
 Thread 6 estimated dimension 5 of 8 : 0.33459048336895675  | time taken : 16.247982501983643
 Thread 2 estimated dimension 6 of 8 : 0.4966464231645038  | time taken : 14.204848766326904
 Thread 7 estimated dimension 5 of 8 : 0.338635862965866  | time taken : 17.98201060295105
 Thread 3 estimated dimension 6 of 8 : 0.4965239823337696  | time taken : 14.001503229141235
 Thread 4 estimated dimension 7 of 8 : 0.9922048870388548  | time taken : 5.691943645477295
 Thread 4 nsolns: 24429
 Thread 5 estimated dimension 5 of 8 : 0.3314680781296548  | time taken : 17.100380420684814
 Thread 1 estimated dimension 6 of 8 : 1  | time taken : 5.8499672412872314
 Thread 6 estimated dimension 6 of 8 : 1  | time taken : 5.464933156967163
 Thread 2 estimated dimension 7 of 8 : 0.9751454468913321  | time taken : 4.9536778926849365
 Thread 2 nsolns: 24517
 Thread 7 estimated dimension 6 of 8 : 1  | time taken : 5.673205137252808
 Thread 3 estimated dimension 7 of 8 : 1  | time taken : 6.230504989624023
 Thread 3 nsolns: 24436
 Thread 5 estimated dimension 6 of 8 : 0.9718085099988214  | time taken : 5.704878568649292
 Thread 6 estimated dimension 7 of 8 : 0.9869768189831271  | time taken : 4.924468278884888
 Thread 6 nsolns: 27516
 Thread 1 estimated dimension 7 of 8 : 0.9784444304224524  | time taken : 5.233234643936157
 Thread 1 nsolns: 27693
 Thread 2 estimated dimension 0 of 8 : 0.7978311723031369  | time taken : 7.524524927139282
 Thread 7 estimated dimension 7 of 8 : 1  | time taken : 5.783378601074219
 Thread 7 nsolns: 27661
 Thread 5 estimated dimension 7 of 8 : 1  | time taken : 5.670146465301514
 Thread 5 nsolns: 27744
 Thread 1 estimated dimension 0 of 8 : 0.7798369241327572  | time taken : 7.101153135299683
 Thread 3 estimated dimension 0 of 8 : 0.8223347994156504  | time taken : 8.74512243270874
 Thread 6 estimated dimension 0 of 8 : 0.7945224712286822  | time taken : 8.097075462341309
 Thread 2 estimated dimension 1 of 8 : 0.9037951673216581  | time taken : 7.235284805297852
 Thread 5 estimated dimension 0 of 8 : 0.7912057939109781  | time taken : 7.040399551391602
 Thread 3 estimated dimension 1 of 8 : 0.8391339892507089  | time taken : 6.986662149429321
 Thread 1 estimated dimension 1 of 8 : 0.85604118869814  | time taken : 7.170969486236572
 Thread 6 estimated dimension 1 of 8 : 0.8743360777342939  | time taken : 7.415265321731567
 Thread 5 estimated dimension 1 of 8 : 0.8873084103031272  | time taken : 7.320957899093628
 Thread 4 estimated dimension 0 of 8 : 0.20727207902297815  | time taken : 30.265073776245117
 Thread 5 estimated dimension 2 of 8 : 0.6893050509319599  | time taken : 9.32326889038086
 Thread 4 estimated dimension 1 of 8 : 0.9655850041350414  | time taken : 6.960775852203369
 Thread 2 estimated dimension 2 of 8 : 0.3125675216661128  | time taken : 20.71044373512268
 Thread 7 estimated dimension 0 of 8 : 0.20234683110469254  | time taken : 27.23922896385193
 Thread 2 estimated dimension 3 of 8 : 1  | time taken : 4.752653121948242
 Thread 4 estimated dimension 2 of 8 : 0.9821867971115145  | time taken : 5.685420036315918
 Thread 7 estimated dimension 1 of 8 : 1  | time taken : 6.075818300247192
 Thread 3 estimated dimension 2 of 8 : 0.3137037435150236  | time taken : 22.627174854278564
 Thread 1 estimated dimension 2 of 8 : 0.3010283875720581  | time taken : 23.759018421173096
 Thread 6 estimated dimension 2 of 8 : 0.29673751956161304  | time taken : 23.109282732009888
 Thread 4 estimated dimension 3 of 8 : 1  | time taken : 5.477689027786255
 Thread 7 estimated dimension 2 of 8 : 1  | time taken : 5.808842897415161
 Thread 1 estimated dimension 3 of 8 : 1  | time taken : 4.863279104232788
 Thread 3 estimated dimension 3 of 8 : 1  | time taken : 6.4485023021698
 Thread 2 estimated dimension 4 of 8 : 0.6945524691832793  | time taken : 8.335052013397217
 Thread 6 estimated dimension 3 of 8 : 0.9876640076647333  | time taken : 5.121843099594116
 Thread 4 estimated dimension 4 of 8 : 0.7044278919912074  | time taken : 7.724737644195557
 Thread 7 estimated dimension 3 of 8 : 0.9939820512858103  | time taken : 6.236942768096924
 Thread 5 estimated dimension 3 of 8 : 0.3301137474130721  | time taken : 20.510396003723145
 Thread 1 estimated dimension 4 of 8 : 0.707506893591889  | time taken : 7.391947507858276
 Thread 2 estimated dimension 5 of 8 : 0.6989895813929012  | time taken : 8.451321601867676
 Thread 6 estimated dimension 4 of 8 : 0.6733001070204871  | time taken : 8.479128360748291
 Thread 3 estimated dimension 4 of 8 : 0.6969147452726564  | time taken : 8.897129535675049
 Thread 7 estimated dimension 4 of 8 : 0.706188657707313  | time taken : 8.660273313522339
 Thread 5 estimated dimension 4 of 8 : 0.6411001959810908  | time taken : 9.042227983474731
 Thread 1 estimated dimension 5 of 8 : 0.7048951167053932  | time taken : 8.748594284057617
 Thread 6 estimated dimension 5 of 8 : 0.7198178019436745  | time taken : 8.2181236743927
 Thread 3 estimated dimension 5 of 8 : 0.7216931063325679  | time taken : 8.394149780273438
 Thread 5 estimated dimension 5 of 8 : 0.9676186250497094  | time taken : 5.186802864074707
 Thread 4 estimated dimension 5 of 8 : 0.3412710212991447  | time taken : 15.940173149108887
 Thread 2 estimated dimension 6 of 8 : 0.4862773346176977  | time taken : 13.27955961227417
 Thread 5 estimated dimension 6 of 8 : 1  | time taken : 6.168337106704712
 Thread 4 estimated dimension 6 of 8 : 0.9889043207743862  | time taken : 6.084370374679565
 Thread 1 estimated dimension 6 of 8 : 0.5113011442654728  | time taken : 12.281458377838135
 Thread 2 estimated dimension 7 of 8 : 0.997136178367342  | time taken : 6.601162672042847
 Thread 2 nsolns: 24499
 Thread 3 estimated dimension 6 of 8 : 0.49208641008095566  | time taken : 12.80001974105835
 Thread 6 estimated dimension 6 of 8 : 0.48928489199822744  | time taken : 13.998961925506592
 Thread 4 estimated dimension 7 of 8 : 1  | time taken : 5.133366346359253
 Thread 4 nsolns: 27784
 Thread 7 estimated dimension 5 of 8 : 0.33326170732950694  | time taken : 19.03347682952881
 Thread 1 estimated dimension 7 of 8 : 0.9704543974073656  | time taken : 5.367218255996704
 Thread 1 nsolns: 24676
 Thread 6 estimated dimension 7 of 8 : 0.9443526678230264  | time taken : 5.206017971038818
 Thread 3 estimated dimension 7 of 8 : 0.987819138332044  | time taken : 6.109225034713745
 Thread 6 nsolns: 24659
 Thread 3 nsolns: 24511
 Thread 5 estimated dimension 7 of 8 : 0.44843948582754306  | time taken : 12.119581460952759
 Thread 5 nsolns: 24729
 Thread 7 estimated dimension 6 of 8 : 0.9845458724532022  | time taken : 5.414233922958374
 Thread 4 estimated dimension 0 of 8 : 0.8128579155768586  | time taken : 7.461315870285034
 Thread 1 estimated dimension 0 of 8 : 0.8076113700112533  | time taken : 7.041655778884888
 Thread 6 estimated dimension 0 of 8 : 0.7793419934964062  | time taken : 7.709452152252197
 Thread 7 estimated dimension 7 of 8 : 0.9790630767983525  | time taken : 5.538883447647095
 Thread 7 nsolns: 27875
 Thread 4 estimated dimension 1 of 8 : 0.8744481395887868  | time taken : 5.532008171081543
 Thread 5 estimated dimension 0 of 8 : 0.8405582292540245  | time taken : 8.372033834457397
 Thread 1 estimated dimension 1 of 8 : 0.8711794350454403  | time taken : 7.214975357055664
 Thread 6 estimated dimension 1 of 8 : 0.860784439961878  | time taken : 6.66009521484375
 Thread 5 estimated dimension 1 of 8 : 0.8673013281533313  | time taken : 6.290382623672485
 Thread 2 estimated dimension 0 of 8 : 0.20571976059039052  | time taken : 34.29171872138977
 Thread 3 estimated dimension 0 of 8 : 0.2147295244542162  | time taken : 29.47060537338257
 Thread 4 estimated dimension 2 of 8 : 0.290951039074631  | time taken : 22.03228998184204
 Thread 2 estimated dimension 1 of 8 : 1  | time taken : 4.994363307952881
 Thread 1 estimated dimension 2 of 8 : 0.29645623317159886  | time taken : 22.272812366485596
 Thread 3 estimated dimension 1 of 8 : 1  | time taken : 5.242610931396484
 Thread 6 estimated dimension 2 of 8 : 0.30519490372567926  | time taken : 21.982640266418457
 Thread 4 estimated dimension 3 of 8 : 1  | time taken : 5.7127299308776855
 Thread 5 estimated dimension 2 of 8 : 0.3071607478910512  | time taken : 20.25213360786438
 Thread 2 estimated dimension 2 of 8 : 0.9851568140056062  | time taken : 5.780986547470093
 Thread 7 estimated dimension 0 of 8 : 0.21266501850251243  | time taken : 31.19497513771057
 Thread 1 estimated dimension 3 of 8 : 1  | time taken : 6.403815984725952
 Thread 3 estimated dimension 2 of 8 : 1  | time taken : 6.411296606063843
 Thread 5 estimated dimension 3 of 8 : 0.9645213848349308  | time taken : 3.9903182983398438
 Thread 6 estimated dimension 3 of 8 : 0.9906283804873436  | time taken : 5.1232709884643555
 Thread 2 estimated dimension 3 of 8 : 0.9624021641063757  | time taken : 6.217977523803711
 Thread 7 estimated dimension 1 of 8 : 0.9894313687031727  | time taken : 5.132082223892212
 Thread 4 estimated dimension 4 of 8 : 0.7065111261779486  | time taken : 8.357978343963623
 Thread 3 estimated dimension 3 of 8 : 1  | time taken : 5.9008355140686035
 Thread 1 estimated dimension 4 of 8 : 0.6815501784776431  | time taken : 8.818046569824219
 Thread 6 estimated dimension 4 of 8 : 0.6770799388694176  | time taken : 8.205333232879639
 Thread 5 estimated dimension 4 of 8 : 0.6991128998773045  | time taken : 8.748860836029053
 Thread 7 estimated dimension 2 of 8 : 1  | time taken : 6.2637341022491455
 Thread 2 estimated dimension 4 of 8 : 0.6859526924480217  | time taken : 7.211151838302612
 Thread 4 estimated dimension 5 of 8 : 0.6725210527197933  | time taken : 7.908267498016357
 Thread 7 estimated dimension 3 of 8 : 0.9732726927584232  | time taken : 5.1303956508636475
 Thread 3 estimated dimension 4 of 8 : 0.6866462439276809  | time taken : 9.217268228530884
 Thread 1 estimated dimension 5 of 8 : 0.67700406883881  | time taken : 7.906457424163818
 Thread 6 estimated dimension 5 of 8 : 0.7092692783150315  | time taken : 7.817079067230225
 Thread 5 estimated dimension 5 of 8 : 0.7031845574965758  | time taken : 9.078260898590088
 Thread 7 estimated dimension 4 of 8 : 0.7143555195559591  | time taken : 7.76880407333374
 Thread 4 estimated dimension 6 of 8 : 0.48620991758727106  | time taken : 12.782276153564453
 Thread 2 estimated dimension 5 of 8 : 0.340966218777896  | time taken : 18.800400018692017
 Thread 1 estimated dimension 6 of 8 : 0.4921087221343723  | time taken : 13.135238647460938
 Thread 6 estimated dimension 6 of 8 : 0.49963903594152825  | time taken : 13.525667190551758
 Thread 4 estimated dimension 7 of 8 : 0.9761848452526458  | time taken : 6.002087116241455
 Thread 4 nsolns: 24748
 Thread 5 estimated dimension 6 of 8 : 0.4897618827682296  | time taken : 13.620213508605957
 Thread 3 estimated dimension 5 of 8 : 0.3359958940352541  | time taken : 18.14187264442444
 Thread 6 estimated dimension 7 of 8 : 1  | time taken : 4.450796604156494
 Thread 2 estimated dimension 6 of 8 : 0.9888242312974712  | time taken : 5.8920347690582275
 Thread 6 nsolns: 24402
 Thread 1 estimated dimension 7 of 8 : 1  | time taken : 6.494563817977905
 Thread 1 nsolns: 24610
 Thread 5 estimated dimension 7 of 8 : 1  | time taken : 5.074594497680664
 Thread 5 nsolns: 24425
 Thread 4 estimated dimension 0 of 8 : 0.7931497485156218  | time taken : 7.291338205337524
 Thread 3 estimated dimension 6 of 8 : 1  | time taken : 6.052606105804443
 Thread 7 estimated dimension 5 of 8 : 0.3370193780982776  | time taken : 16.968284368515015
 Thread 2 estimated dimension 7 of 8 : 1  | time taken : 5.7442872524261475
 Thread 2 nsolns: 27951
 Thread 3 estimated dimension 7 of 8 : 0.9997912840645014  | time taken : 5.151225566864014
 Thread 3 nsolns: 27469
 Thread 5 estimated dimension 0 of 8 : 0.8266999238673103  | time taken : 8.180967807769775
 Thread 7 estimated dimension 6 of 8 : 1  | time taken : 5.762909412384033
 Thread 4 estimated dimension 1 of 8 : 0.8363189728645183  | time taken : 7.493974208831787
 Thread 7 estimated dimension 7 of 8 : 0.9802525919452151  | time taken : 4.082406759262085
 Thread 7 nsolns: 27554
 Thread 5 estimated dimension 1 of 8 : 0.8859428901889032  | time taken : 6.533301115036011
 Thread 3 estimated dimension 0 of 8 : 0.7982459499192265  | time taken : 7.99632453918457
 Thread 4 estimated dimension 2 of 8 : 0.6713172656351528  | time taken : 10.809099912643433
 Thread 3 estimated dimension 1 of 8 : 0.8610944248429114  | time taken : 5.273004531860352
 Thread 6 estimated dimension 0 of 8 : 0.20673021836493785  | time taken : 30.698365926742554
 Thread 4 estimated dimension 3 of 8 : 0.7140123565123363  | time taken : 9.323498010635376
 Thread 1 estimated dimension 0 of 8 : 0.21081260301864607  | time taken : 31.46160912513733
 Thread 6 estimated dimension 1 of 8 : 1  | time taken : 4.349266052246094
 Thread 2 estimated dimension 0 of 8 : 0.205560057052972  | time taken : 29.62204599380493
 Thread 5 estimated dimension 2 of 8 : 0.300981896246137  | time taken : 21.140977144241333
 Thread 4 estimated dimension 4 of 8 : 0.873972116270407  | time taken : 7.91289496421814
 Thread 1 estimated dimension 1 of 8 : 0.9250318785776969  | time taken : 7.017394304275513
 Thread 2 estimated dimension 1 of 8 : 0.9909389722486164  | time taken : 4.898788213729858
 Thread 6 estimated dimension 2 of 8 : 1  | time taken : 5.9970924854278564
 Thread 5 estimated dimension 3 of 8 : 0.9500162926152219  | time taken : 5.775561809539795
 Thread 7 estimated dimension 0 of 8 : 0.21016816746012093  | time taken : 30.060978412628174
 Thread 3 estimated dimension 2 of 8 : 0.30800143377668593  | time taken : 22.250011920928955
 Thread 1 estimated dimension 2 of 8 : 1  | time taken : 5.9162633419036865
 Thread 2 estimated dimension 2 of 8 : 1  | time taken : 5.498104810714722
 Thread 6 estimated dimension 3 of 8 : 0.9611823756714689  | time taken : 4.968624114990234
 Thread 4 estimated dimension 5 of 8 : 0.7520164954061344  | time taken : 7.2333104610443115
 Thread 7 estimated dimension 1 of 8 : 0.918602738791681  | time taken : 5.835731744766235
 Thread 1 estimated dimension 3 of 8 : 0.9563328530712042  | time taken : 5.334336280822754
 Thread 3 estimated dimension 3 of 8 : 0.9729196066069726  | time taken : 6.237395524978638
 Thread 2 estimated dimension 3 of 8 : 0.9653915710417731  | time taken : 5.969565153121948
 Thread 5 estimated dimension 4 of 8 : 0.6793574084628188  | time taken : 8.154507160186768
 Thread 6 estimated dimension 4 of 8 : 0.7017972888308823  | time taken : 8.82878828048706
 Thread 7 estimated dimension 2 of 8 : 0.9746619711142339  | time taken : 5.88140869140625
 Thread 1 estimated dimension 4 of 8 : 0.6635510908810973  | time taken : 7.335331201553345
 Thread 4 estimated dimension 6 of 8 : 0.5493765656719656  | time taken : 12.081671953201294
 Thread 5 estimated dimension 5 of 8 : 0.7182290246094645  | time taken : 7.198949098587036
 Thread 3 estimated dimension 4 of 8 : 0.7018348712508105  | time taken : 8.409374475479126
 Thread 2 estimated dimension 4 of 8 : 0.6864816279162502  | time taken : 8.729660749435425
 Thread 7 estimated dimension 3 of 8 : 0.9823109171335096  | time taken : 6.284724473953247
 Thread 3 estimated dimension 5 of 8 : 0.6945647319078263  | time taken : 8.335458993911743
 Thread 4 estimated dimension 7 of 8 : 0.542690422268411  | time taken : 10.857636451721191
 Thread 4 nsolns: 22216
 Thread 5 estimated dimension 6 of 8 : 0.5121399478922318  | time taken : 11.286785364151001
 Thread 6 estimated dimension 5 of 8 : 0.33519289334766605  | time taken : 16.50306797027588
 Thread 7 estimated dimension 4 of 8 : 0.6937484542167834  | time taken : 8.833901166915894
 Thread 5 estimated dimension 7 of 8 : 1  | time taken : 5.887708902359009
 Thread 6 estimated dimension 6 of 8 : 1  | time taken : 5.034125089645386
 Thread 5 nsolns: 24400
 Thread 1 estimated dimension 5 of 8 : 0.32876396092395155  | time taken : 19.54119324684143
 Thread 2 estimated dimension 5 of 8 : 0.3292613094986893  | time taken : 19.13102436065674
 Thread 3 estimated dimension 6 of 8 : 0.4876550360697788  | time taken : 11.95836877822876
 Thread 6 estimated dimension 7 of 8 : 1  | time taken : 6.13669490814209
 Thread 6 nsolns: 27726
 Thread 1 estimated dimension 6 of 8 : 0.9810241477557129  | time taken : 5.093257188796997
 Thread 5 estimated dimension 0 of 8 : 0.8005124372449645  | time taken : 6.712174654006958
 Thread 2 estimated dimension 6 of 8 : 0.9824279557049145  | time taken : 6.0817694664001465
 Thread 3 estimated dimension 7 of 8 : 1  | time taken : 5.3805201053619385
 Thread 3 nsolns: 24473
 Thread 1 estimated dimension 7 of 8 : 1  | time taken : 5.245873689651489
 Thread 1 nsolns: 27685
 Thread 7 estimated dimension 5 of 8 : 0.34198726913632904  | time taken : 18.106045484542847
 Thread 5 estimated dimension 1 of 8 : 0.8638934337341521  | time taken : 7.061918020248413
 Thread 2 estimated dimension 7 of 8 : 1  | time taken : 6.050286769866943
 Thread 2 nsolns: 27837
 Thread 7 estimated dimension 6 of 8 : 0.9854580130892671  | time taken : 5.037479400634766
 Thread 1 estimated dimension 0 of 8 : 0.7957327738556204  | time taken : 6.977428436279297
 Thread 2 estimated dimension 0 of 8 : 0.8288279855326854  | time taken : 7.225234270095825
 Thread 7 estimated dimension 7 of 8 : 0.9871441043042346  | time taken : 5.794143438339233
 Thread 7 nsolns: 27441
 Thread 4 estimated dimension 0 of 8 : 0.2112521179587883  | time taken : 32.65706968307495
 Thread 1 estimated dimension 1 of 8 : 0.8419853610590589  | time taken : 8.04128623008728
 Thread 2 estimated dimension 1 of 8 : 0.8510854425096257  | time taken : 7.072115182876587
 Thread 4 estimated dimension 1 of 8 : 0.9844702424671197  | time taken : 5.258443593978882
 Thread 5 estimated dimension 2 of 8 : 0.2965978855500126  | time taken : 21.772250413894653
 Thread 4 estimated dimension 2 of 8 : 0.9901088653745947  | time taken : 5.444004058837891
 Thread 1 estimated dimension 2 of 8 : 0.6940533566690371  | time taken : 10.026169538497925
 Thread 6 estimated dimension 0 of 8 : 0.2061871559010668  | time taken : 30.814656972885132
 Thread 3 estimated dimension 0 of 8 : 0.2113374399222338  | time taken : 29.482421398162842
 Thread 5 estimated dimension 3 of 8 : 1  | time taken : 5.62888765335083
 Thread 6 estimated dimension 1 of 8 : 1  | time taken : 5.075162887573242
 Thread 4 estimated dimension 3 of 8 : 0.9972105950952194  | time taken : 5.855854272842407
 Thread 3 estimated dimension 1 of 8 : 1  | time taken : 6.078857898712158
 Thread 6 estimated dimension 2 of 8 : 0.9956313580076379  | time taken : 5.360315322875977
 Thread 4 estimated dimension 4 of 8 : 0.6759828743726698  | time taken : 7.4339845180511475
 Thread 5 estimated dimension 4 of 8 : 0.6929152475798078  | time taken : 8.437567949295044
 Thread 3 estimated dimension 2 of 8 : 1  | time taken : 6.179111003875732
 Thread 2 estimated dimension 2 of 8 : 0.3078022638133205  | time taken : 21.090160369873047
 Thread 6 estimated dimension 3 of 8 : 1  | time taken : 6.107732772827148
 Thread 3 estimated dimension 3 of 8 : 1  | time taken : 5.3466291427612305
 Thread 2 estimated dimension 3 of 8 : 0.9838160026726098  | time taken : 5.809629917144775
 Thread 7 estimated dimension 0 of 8 : 0.20944140720381912  | time taken : 33.32879829406738
 Thread 1 estimated dimension 3 of 8 : 0.330884988731774  | time taken : 21.05227518081665
 Thread 5 estimated dimension 5 of 8 : 0.7008919662370974  | time taken : 8.353753566741943
 Thread 6 estimated dimension 4 of 8 : 0.6479033735253278  | time taken : 8.438877820968628
 Thread 7 estimated dimension 1 of 8 : 0.9736522612598392  | time taken : 4.933136463165283
 Thread 3 estimated dimension 4 of 8 : 0.6940593428541934  | time taken : 7.529112339019775
 Thread 2 estimated dimension 4 of 8 : 0.6901980744799899  | time taken : 8.220653772354126
 Thread 4 estimated dimension 5 of 8 : 0.3354608110317956  | time taken : 16.638871908187866
 Thread 1 estimated dimension 4 of 8 : 0.6336895144432481  | time taken : 9.000346660614014
 Thread 7 estimated dimension 2 of 8 : 1  | time taken : 6.03310227394104
 Thread 4 estimated dimension 6 of 8 : 1  | time taken : 5.488469123840332
 Thread 5 estimated dimension 6 of 8 : 0.4892446164325335  | time taken : 13.581194400787354
 Thread 1 estimated dimension 5 of 8 : 0.979565505190491  | time taken : 5.406469821929932
 Thread 2 estimated dimension 5 of 8 : 0.7439791956667062  | time taken : 8.210914134979248
 Thread 7 estimated dimension 3 of 8 : 1  | time taken : 5.179198265075684
 Thread 1 estimated dimension 6 of 8 : 0.9953092663003277  | time taken : 4.728291273117065
 Thread 5 estimated dimension 7 of 8 : 0.9897731283686149  | time taken : 5.333488941192627
 Thread 5 nsolns: 24748
 Thread 4 estimated dimension 7 of 8 : 1  | time taken : 5.665229797363281
 Thread 4 nsolns: 27727
 Thread 6 estimated dimension 5 of 8 : 0.3356535148596089  | time taken : 17.57958483695984
 Thread 3 estimated dimension 5 of 8 : 0.33155670185026864  | time taken : 18.520108461380005
 Thread 7 estimated dimension 4 of 8 : 0.6852295009694468  | time taken : 9.05466103553772
 Thread 5 estimated dimension 0 of 8 : 0.7953088462955872  | time taken : 7.396481275558472
 Thread 2 estimated dimension 6 of 8 : 0.5030592886997111  | time taken : 12.324429988861084
 Thread 6 estimated dimension 6 of 8 : 0.9790130610458546  | time taken : 5.911000967025757
 Thread 4 estimated dimension 0 of 8 : 0.807008762340455  | time taken : 8.151334047317505
 Thread 3 estimated dimension 6 of 8 : 0.9684635072531711  | time taken : 6.225078344345093
 Thread 1 estimated dimension 7 of 8 : 0.44367722736474413  | time taken : 12.757176876068115
 Thread 1 nsolns: 24694
 Thread 5 estimated dimension 1 of 8 : 0.8711755062788117  | time taken : 6.16457200050354
 Thread 2 estimated dimension 7 of 8 : 0.9827703113032759  | time taken : 5.6152427196502686
 Thread 2 nsolns: 24426
 Thread 6 estimated dimension 7 of 8 : 1  | time taken : 6.246939182281494
 Thread 6 nsolns: 27665
 Thread 4 estimated dimension 1 of 8 : 0.8803033162346022  | time taken : 6.458242177963257
 Thread 3 estimated dimension 7 of 8 : 0.9984915987894771  | time taken : 4.78879714012146
 Thread 3 nsolns: 27788
 Thread 1 estimated dimension 0 of 8 : 0.7822571491119262  | time taken : 7.585333824157715
 Thread 3 estimated dimension 0 of 8 : 0.806917374004698  | time taken : 7.415585279464722
 Thread 7 estimated dimension 5 of 8 : 0.33633521129805266  | time taken : 20.700411796569824
 Thread 1 estimated dimension 1 of 8 : 0.89771945610477  | time taken : 7.699100971221924
 Thread 3 estimated dimension 1 of 8 : 0.8923934816733853  | time taken : 4.76015567779541
 Thread 7 estimated dimension 6 of 8 : 0.9680474406975665  | time taken : 5.39214015007019
 Thread 5 estimated dimension 2 of 8 : 0.30140273765810416  | time taken : 20.90908718109131
 Thread 3 estimated dimension 2 of 8 : 0.6939704358573242  | time taken : 7.7783544063568115
 Thread 1 estimated dimension 2 of 8 : 0.6905950914094547  | time taken : 9.264851093292236
 Thread 7 estimated dimension 7 of 8 : 1  | time taken : 6.277072906494141
 Thread 7 nsolns: 27587
 Thread 4 estimated dimension 2 of 8 : 0.3006632139596197  | time taken : 24.13416814804077
 Thread 5 estimated dimension 3 of 8 : 1  | time taken : 5.443237066268921
 Thread 4 estimated dimension 3 of 8 : 0.9855566676925864  | time taken : 5.139710903167725
 Thread 7 estimated dimension 0 of 8 : 0.8185329637035158  | time taken : 7.241266489028931
 Thread 6 estimated dimension 0 of 8 : 0.21328245018412959  | time taken : 30.92630386352539
 Thread 2 estimated dimension 0 of 8 : 0.20988661269893522  | time taken : 33.122942209243774
 Thread 5 estimated dimension 4 of 8 : 0.7025538363109255  | time taken : 8.348165512084961
 Thread 6 estimated dimension 1 of 8 : 0.9687249453281771  | time taken : 4.8479835987091064
 Thread 7 estimated dimension 1 of 8 : 0.8932695077777854  | time taken : 6.895811319351196
 Thread 2 estimated dimension 1 of 8 : 1  | time taken : 5.349092483520508
 Thread 4 estimated dimension 4 of 8 : 0.6756893605179746  | time taken : 8.790605545043945
 Thread 3 estimated dimension 3 of 8 : 0.3292503651863763  | time taken : 20.20387363433838
 Thread 6 estimated dimension 2 of 8 : 1  | time taken : 6.170379161834717
 Thread 5 estimated dimension 5 of 8 : 0.7227483656609996  | time taken : 8.433162689208984
 Thread 1 estimated dimension 3 of 8 : 0.32547133418196067  | time taken : 20.153828144073486
 Thread 2 estimated dimension 2 of 8 : 1  | time taken : 5.6878132820129395
 Thread 6 estimated dimension 3 of 8 : 1  | time taken : 4.294324159622192
 Thread 7 estimated dimension 2 of 8 : 0.6828940330983797  | time taken : 9.011933326721191
 Thread 4 estimated dimension 5 of 8 : 0.7099282026052106  | time taken : 8.821096420288086
 Thread 2 estimated dimension 3 of 8 : 0.977702694857082  | time taken : 4.871946811676025
 Thread 1 estimated dimension 4 of 8 : 0.6173949760048142  | time taken : 8.48720908164978
 Thread 3 estimated dimension 4 of 8 : 0.6102437213293814  | time taken : 10.004654169082642
 Thread 6 estimated dimension 4 of 8 : 0.7072825496745242  | time taken : 8.682903289794922
 Thread 2 estimated dimension 4 of 8 : 0.6974739802633574  | time taken : 7.752772569656372
 Thread 5 estimated dimension 6 of 8 : 0.4892425388616619  | time taken : 14.504015922546387
 Thread 1 estimated dimension 5 of 8 : 1  | time taken : 6.257256984710693
 Thread 3 estimated dimension 5 of 8 : 1  | time taken : 5.7510271072387695
 Thread 4 estimated dimension 6 of 8 : 0.48649040066639987  | time taken : 13.489130973815918
 Thread 5 estimated dimension 7 of 8 : 0.9962510577131641  | time taken : 4.917320728302002
 Thread 5 nsolns: 24539
 Thread 3 estimated dimension 6 of 8 : 0.9966706835692797  | time taken : 4.845128536224365
 Thread 1 estimated dimension 6 of 8 : 0.9775833639863508  | time taken : 5.787461519241333
 Thread 4 estimated dimension 7 of 8 : 0.9759326745662791  | time taken : 5.588019847869873
 Thread 4 nsolns: 24635
 Thread 5 estimated dimension 0 of 8 : 0.8045148141115421  | time taken : 7.192443132400513
 Thread 7 estimated dimension 3 of 8 : 0.3345837924951176  | time taken : 22.853503227233887
 Thread 4 estimated dimension 0 of 8 : 0.8015008055685245  | time taken : 7.1412193775177
 Thread 6 estimated dimension 5 of 8 : 0.34531704325290286  | time taken : 18.485915422439575
 Thread 2 estimated dimension 5 of 8 : 0.3369953326718833  | time taken : 17.618530750274658
 Thread 5 estimated dimension 1 of 8 : 0.8510539881991857  | time taken : 6.326082229614258
 Thread 1 estimated dimension 7 of 8 : 0.44899513161284466  | time taken : 13.20547866821289
 Thread 1 nsolns: 24783
 Thread 3 estimated dimension 7 of 8 : 0.4495312888606768  | time taken : 14.012311935424805
 Thread 3 nsolns: 24732
 Thread 7 estimated dimension 4 of 8 : 0.637467479199467  | time taken : 7.973876476287842
 Thread 6 estimated dimension 6 of 8 : 0.9804647873561257  | time taken : 5.912320375442505
 Thread 2 estimated dimension 6 of 8 : 1  | time taken : 5.6636974811553955
 Thread 4 estimated dimension 1 of 8 : 0.8568663289800125  | time taken : 7.502171754837036
 Thread 7 estimated dimension 5 of 8 : 0.9969140507788136  | time taken : 5.657195329666138
 Thread 5 estimated dimension 2 of 8 : 0.6801330721150487  | time taken : 9.574479818344116
 Thread 6 estimated dimension 7 of 8 : 1  | time taken : 5.5159759521484375
 Thread 6 nsolns: 27422
 Thread 2 estimated dimension 7 of 8 : 0.9937919462472992  | time taken : 6.143558740615845
 Thread 2 nsolns: 27762
 Thread 7 estimated dimension 6 of 8 : 0.9910863871475832  | time taken : 4.820765495300293
 Thread 4 estimated dimension 2 of 8 : 0.6870129380082184  | time taken : 9.670665502548218
 Thread 7 estimated dimension 7 of 8 : 0.4465234517554689  | time taken : 14.417827129364014
 Thread 7 nsolns: 24794
 Thread 5 estimated dimension 3 of 8 : 0.3248758627388134  | time taken : 19.4341037273407
 Thread 1 estimated dimension 0 of 8 : 0.2115836568937356  | time taken : 30.324525117874146
 Thread 3 estimated dimension 0 of 8 : 0.20238736985634334  | time taken : 31.119662523269653
 Thread 4 estimated dimension 3 of 8 : 0.32952299005941943  | time taken : 21.693620920181274
 Thread 1 estimated dimension 1 of 8 : 0.9857825482908369  | time taken : 5.543446779251099
 Thread 5 estimated dimension 4 of 8 : 0.639768441633004  | time taken : 9.032683849334717
 Thread 3 estimated dimension 1 of 8 : 0.9944620135527567  | time taken : 6.115504264831543
 Thread 6 estimated dimension 0 of 8 : 0.2160657887293569  | time taken : 29.156417846679688
 Thread 2 estimated dimension 0 of 8 : 0.20499860302459783  | time taken : 31.338008880615234
 Thread 1 estimated dimension 2 of 8 : 0.9920227096965095  | time taken : 4.757105112075806
 Thread 5 estimated dimension 5 of 8 : 1  | time taken : 5.287459850311279
 Thread 3 estimated dimension 2 of 8 : 1  | time taken : 5.638470649719238
 Thread 6 estimated dimension 1 of 8 : 0.993318927367595  | time taken : 5.8648810386657715
 Thread 4 estimated dimension 4 of 8 : 0.6519539841600583  | time taken : 9.421787977218628
 Thread 1 estimated dimension 3 of 8 : 0.9594528435923931  | time taken : 5.7846972942352295
 Thread 5 estimated dimension 6 of 8 : 0.9886055538755871  | time taken : 4.7147722244262695
 Thread 2 estimated dimension 1 of 8 : 1  | time taken : 6.356728792190552
 Thread 3 estimated dimension 3 of 8 : 0.9988353520234086  | time taken : 5.446784019470215
 Thread 6 estimated dimension 2 of 8 : 0.9752593860342295  | time taken : 5.382099866867065
 Thread 4 estimated dimension 5 of 8 : 0.980335460740247  | time taken : 6.467934846878052
 Thread 2 estimated dimension 2 of 8 : 1  | time taken : 5.827591419219971
 Thread 6 estimated dimension 3 of 8 : 0.9873519093237423  | time taken : 4.898986339569092
 Thread 1 estimated dimension 4 of 8 : 0.6927004089811043  | time taken : 8.358380317687988
 Thread 4 estimated dimension 6 of 8 : 0.9529934080423289  | time taken : 5.573611259460449
 Thread 7 estimated dimension 0 of 8 : 0.2045656078963305  | time taken : 31.500885248184204
 Thread 3 estimated dimension 4 of 8 : 0.7103473972403638  | time taken : 9.025264739990234
 Thread 2 estimated dimension 3 of 8 : 1  | time taken : 5.927843809127808
 Thread 5 estimated dimension 7 of 8 : 0.4402545359199118  | time taken : 13.221270084381104
 Thread 5 nsolns: 24865
 Thread 6 estimated dimension 4 of 8 : 0.7153278749755643  | time taken : 8.542429208755493
 Thread 7 estimated dimension 1 of 8 : 1  | time taken : 5.523824214935303
 Thread 5 estimated dimension 0 of 8 : 0.8095448973157436  | time taken : 6.272993087768555
 Thread 2 estimated dimension 4 of 8 : 0.7097616172102535  | time taken : 9.103497505187988
 Thread 7 estimated dimension 2 of 8 : 1  | time taken : 5.953336954116821
 Thread 4 estimated dimension 7 of 8 : 0.4460451842146648  | time taken : 15.136311531066895
 Thread 1 estimated dimension 5 of 8 : 0.3362618958627833  | time taken : 17.59992551803589
 Thread 4 nsolns: 24715
 Thread 5 estimated dimension 1 of 8 : 0.8466932400324064  | time taken : 6.549324035644531
 Thread 7 estimated dimension 3 of 8 : 0.9587364441572499  | time taken : 5.325214147567749
 Thread 1 estimated dimension 6 of 8 : 1  | time taken : 5.598542213439941
 Thread 3 estimated dimension 5 of 8 : 0.33836143800608903  | time taken : 21.4391987323761
 Thread 6 estimated dimension 5 of 8 : 0.33285759114392266  | time taken : 16.892087697982788
 Thread 7 estimated dimension 4 of 8 : 0.6717515062017126  | time taken : 7.486345052719116
 Thread 1 estimated dimension 7 of 8 : 0.9628018864028411  | time taken : 5.348733425140381
 Thread 1 nsolns: 27788
 Thread 6 estimated dimension 6 of 8 : 0.983513379253193  | time taken : 5.036504745483398
 Thread 3 estimated dimension 6 of 8 : 0.9809599410113331  | time taken : 5.697669506072998
 Thread 2 estimated dimension 5 of 8 : 0.3443235603067772  | time taken : 18.791629791259766
 Thread 6 estimated dimension 7 of 8 : 0.9788706688855503  | time taken : 5.979944467544556
 Thread 3 estimated dimension 7 of 8 : 1  | time taken : 5.809174537658691
 Thread 6 nsolns: 27448
 Thread 3 nsolns: 27890
 Thread 2 estimated dimension 6 of 8 : 1  | time taken : 4.588958024978638
 Thread 1 estimated dimension 0 of 8 : 0.818437983866749  | time taken : 7.579373359680176
 Thread 5 estimated dimension 2 of 8 : 0.2985088701483472  | time taken : 20.898231267929077
 Thread 2 estimated dimension 7 of 8 : 1  | time taken : 5.936635255813599
 Thread 2 nsolns: 27730
 Thread 7 estimated dimension 5 of 8 : 0.3371912123042286  | time taken : 16.299753189086914
 Thread 1 estimated dimension 1 of 8 : 0.8739060786029187  | time taken : 7.284747362136841
 Thread 3 estimated dimension 0 of 8 : 0.7877628847747513  | time taken : 8.0157151222229
 Thread 6 estimated dimension 0 of 8 : 0.8012339886006697  | time taken : 8.31204628944397
 Thread 5 estimated dimension 3 of 8 : 1  | time taken : 5.810719728469849
 Thread 7 estimated dimension 6 of 8 : 0.967055752027709  | time taken : 5.577704429626465
 Thread 4 estimated dimension 0 of 8 : 0.20658884183080564  | time taken : 31.54602289199829
 Thread 3 estimated dimension 1 of 8 : 0.8144056715116645  | time taken : 8.00598692893982
 Thread 6 estimated dimension 1 of 8 : 0.8276210986100166  | time taken : 7.742196321487427
 Thread 5 estimated dimension 4 of 8 : 0.7260733904380964  | time taken : 7.992779731750488
 Thread 7 estimated dimension 7 of 8 : 0.9765549155053025  | time taken : 5.63448429107666
 Thread 7 nsolns: 27828
 Thread 4 estimated dimension 1 of 8 : 0.9811292017783395  | time taken : 5.68391489982605
 Thread 6 estimated dimension 2 of 8 : 0.6699827078647261  | time taken : 8.977087259292603
 Thread 4 estimated dimension 2 of 8 : 0.9705066482620901  | time taken : 6.031982183456421
 Thread 5 estimated dimension 5 of 8 : 0.6922554187386293  | time taken : 8.112134218215942
 Thread 7 estimated dimension 0 of 8 : 0.8076332822853098  | time taken : 6.99004864692688
 Thread 1 estimated dimension 2 of 8 : 0.3151520790396144  | time taken : 21.497029781341553
 Thread 4 estimated dimension 3 of 8 : 0.9857729845392861  | time taken : 6.277904987335205
 Thread 7 estimated dimension 1 of 8 : 0.8914532373106674  | time taken : 5.834991693496704
 Thread 1 estimated dimension 3 of 8 : 0.965044552068874  | time taken : 5.285392999649048
 Thread 3 estimated dimension 2 of 8 : 0.30482648886038594  | time taken : 21.733022212982178
 Thread 5 estimated dimension 6 of 8 : 0.5036049812433968  | time taken : 12.808273553848267
 Thread 2 estimated dimension 0 of 8 : 0.2105392982740923  | time taken : 31.7446072101593
 Thread 4 estimated dimension 4 of 8 : 0.7083445293849805  | time taken : 8.159372806549072
 Thread 1 estimated dimension 4 of 8 : 0.705237865277096  | time taken : 7.747478485107422
 Thread 3 estimated dimension 3 of 8 : 0.9734975543518716  | time taken : 5.013173818588257
 Thread 5 estimated dimension 7 of 8 : 1  | time taken : 5.96923565864563
 Thread 5 nsolns: 24479
 Thread 2 estimated dimension 1 of 8 : 0.9638506160570719  | time taken : 6.485002040863037
 Thread 6 estimated dimension 3 of 8 : 0.3282247482422964  | time taken : 21.152930736541748
 Thread 2 estimated dimension 2 of 8 : 0.9851682513090458  | time taken : 5.880795001983643
 Thread 1 estimated dimension 5 of 8 : 0.6997687690579554  | time taken : 8.566762208938599
 Thread 3 estimated dimension 4 of 8 : 0.6640405588195973  | time taken : 8.522090911865234
 Thread 7 estimated dimension 2 of 8 : 0.3000901717090709  | time taken : 21.43009614944458
 Thread 6 estimated dimension 4 of 8 : 0.6308785539682427  | time taken : 9.822415351867676
 Thread 2 estimated dimension 3 of 8 : 1  | time taken : 5.752827405929565
 Thread 7 estimated dimension 3 of 8 : 0.9630573713651905  | time taken : 4.288888454437256
 Thread 3 estimated dimension 5 of 8 : 0.710398200507409  | time taken : 8.395286798477173
 Thread 4 estimated dimension 5 of 8 : 0.3302853508047087  | time taken : 19.48747944831848
 Thread 6 estimated dimension 5 of 8 : 0.9865967428196981  | time taken : 5.43143367767334
 Thread 1 estimated dimension 6 of 8 : 0.510541111597428  | time taken : 12.334350824356079
 Thread 2 estimated dimension 4 of 8 : 0.6831714593732792  | time taken : 7.5928308963775635
 Thread 4 estimated dimension 6 of 8 : 1  | time taken : 6.271491050720215
 Thread 7 estimated dimension 4 of 8 : 0.6960776007158237  | time taken : 8.712222337722778
 Thread 6 estimated dimension 6 of 8 : 1  | time taken : 5.84328818321228
 Thread 1 estimated dimension 7 of 8 : 0.9886561947380391  | time taken : 4.6590657234191895
 Thread 1 nsolns: 24338
 Thread 4 estimated dimension 7 of 8 : 1  | time taken : 5.851858615875244
 Thread 4 nsolns: 27864
 Thread 3 estimated dimension 6 of 8 : 0.5002847904883092  | time taken : 14.172251462936401
 Thread 7 estimated dimension 5 of 8 : 0.7252718643515247  | time taken : 7.614157199859619
 Thread 5 estimated dimension 0 of 8 : 0.20599326093324666  | time taken : 30.67175793647766
 Thread 3 estimated dimension 7 of 8 : 0.9635893671018111  | time taken : 5.988769054412842
 Thread 3 nsolns: 24558
 Thread 2 estimated dimension 5 of 8 : 0.3404960922458842  | time taken : 16.234452724456787
 Thread 5 estimated dimension 1 of 8 : 1  | time taken : 5.542482852935791
 Thread 6 estimated dimension 7 of 8 : 0.448875025906683  | time taken : 14.126595973968506
 Thread 6 nsolns: 24733
 Thread 2 estimated dimension 6 of 8 : 0.9851911559429951  | time taken : 5.656202554702759
 Thread 5 estimated dimension 2 of 8 : 0.9935647004777236  | time taken : 5.74729585647583
 Thread 7 estimated dimension 6 of 8 : 0.5031394598021676  | time taken : 13.343546867370605
 Thread 5 estimated dimension 3 of 8 : 0.9899385116239301  | time taken : 4.69092321395874
 Thread 2 estimated dimension 7 of 8 : 0.9837631479766772  | time taken : 6.362529039382935
 Thread 2 nsolns: 27657
 Thread 7 estimated dimension 7 of 8 : 0.9756935792330029  | time taken : 5.788011312484741
 Thread 7 nsolns: 24553
 Thread 1 estimated dimension 0 of 8 : 0.20745545414309083  | time taken : 29.46057152748108
 Thread 5 estimated dimension 4 of 8 : 0.7117019008076362  | time taken : 8.501110553741455
 Thread 2 estimated dimension 0 of 8 : 0.845662053389023  | time taken : 7.440600156784058
 Thread 7 estimated dimension 0 of 8 : 0.8365595208952596  | time taken : 7.677616357803345
 Thread 1 estimated dimension 1 of 8 : 0.9810536567431332  | time taken : 4.44420862197876
 Thread 4 estimated dimension 0 of 8 : 0.20548660757974227  | time taken : 31.877312421798706
 Thread 2 estimated dimension 1 of 8 : 0.8738131468817574  | time taken : 7.281527042388916
 Thread 7 estimated dimension 1 of 8 : 0.8476255416483924  | time taken : 7.400581121444702
 Thread 1 estimated dimension 2 of 8 : 0.994720202499059  | time taken : 6.4698803424835205
 Thread 4 estimated dimension 1 of 8 : 1  | time taken : 5.659486532211304
 Thread 3 estimated dimension 0 of 8 : 0.20693063980385848  | time taken : 31.149163246154785
 Thread 6 estimated dimension 0 of 8 : 0.2136696094059751  | time taken : 29.849036693572998
 Thread 1 estimated dimension 3 of 8 : 0.9709234392942555  | time taken : 4.79452919960022
 Thread 4 estimated dimension 2 of 8 : 1  | time taken : 5.650878429412842
 Thread 2 estimated dimension 2 of 8 : 0.6797802154562179  | time taken : 8.823246002197266
 Thread 3 estimated dimension 1 of 8 : 0.9893675064276439  | time taken : 6.133344411849976
 Thread 6 estimated dimension 1 of 8 : 0.9922137735880646  | time taken : 5.733260631561279
 Thread 5 estimated dimension 5 of 8 : 0.3396389590034858  | time taken : 18.866950273513794
 Thread 4 estimated dimension 3 of 8 : 1  | time taken : 5.067016124725342
 Thread 1 estimated dimension 4 of 8 : 0.6948409627511416  | time taken : 9.009389400482178
 Thread 3 estimated dimension 2 of 8 : 1  | time taken : 6.050909519195557
 Thread 6 estimated dimension 2 of 8 : 1  | time taken : 6.439143180847168
 Thread 5 estimated dimension 6 of 8 : 1  | time taken : 6.050662517547607
 Thread 4 estimated dimension 4 of 8 : 0.6646947524412783  | time taken : 8.142725706100464
 Thread 7 estimated dimension 2 of 8 : 0.3121910755849923  | time taken : 20.588738679885864
 Thread 3 estimated dimension 3 of 8 : 0.9776256250801627  | time taken : 5.894376516342163
 Thread 6 estimated dimension 3 of 8 : 1  | time taken : 5.4454991817474365
 Thread 5 estimated dimension 7 of 8 : 1  | time taken : 6.113124370574951
 Thread 5 nsolns: 27870
 Thread 7 estimated dimension 3 of 8 : 0.9923288957614538  | time taken : 5.342792510986328
 Thread 2 estimated dimension 3 of 8 : 0.3247254525087226  | time taken : 20.208144426345825
 Thread 3 estimated dimension 4 of 8 : 0.7031152712867363  | time taken : 8.465245723724365
 Thread 1 estimated dimension 5 of 8 : 0.3375138050316945  | time taken : 15.20176887512207
 Thread 5 estimated dimension 0 of 8 : 0.8085287961458466  | time taken : 7.393574476242065
 Thread 6 estimated dimension 4 of 8 : 0.6763732912008411  | time taken : 9.133410930633545
 Thread 7 estimated dimension 4 of 8 : 0.7058485860124971  | time taken : 8.809151411056519
 Thread 1 estimated dimension 6 of 8 : 0.9864777852911085  | time taken : 6.061263799667358
 Thread 5 estimated dimension 1 of 8 : 0.8387676667153492  | time taken : 6.8891987800598145
 Thread 2 estimated dimension 4 of 8 : 0.6616724187510375  | time taken : 9.848394393920898
 Thread 4 estimated dimension 5 of 8 : 0.3382886779441062  | time taken : 20.330438375473022
 Thread 2 estimated dimension 5 of 8 : 1  | time taken : 3.1791932582855225
 Thread 1 estimated dimension 7 of 8 : 0.9513415949501134  | time taken : 6.43609619140625
 Thread 1 nsolns: 27817
 Thread 7 estimated dimension 5 of 8 : 0.7147254046821939  | time taken : 9.804299592971802
 Thread 4 estimated dimension 6 of 8 : 0.9749946847652669  | time taken : 4.966327667236328
 Thread 2 estimated dimension 6 of 8 : 0.9895190301845405  | time taken : 4.662832736968994
 Thread 6 estimated dimension 5 of 8 : 0.3405232243958329  | time taken : 16.40472412109375
 Thread 3 estimated dimension 5 of 8 : 0.33104539771249164  | time taken : 18.563190698623657
 Thread 4 estimated dimension 7 of 8 : 0.9808380947477209  | time taken : 5.003638982772827
 Thread 4 nsolns: 27718
 Thread 1 estimated dimension 0 of 8 : 0.7747496004521819  | time taken : 8.609066009521484
 Thread 6 estimated dimension 6 of 8 : 0.9898563054738179  | time taken : 5.071918725967407
 Thread 3 estimated dimension 6 of 8 : 1  | time taken : 5.652863502502441
 Thread 1 estimated dimension 1 of 8 : 0.8625534007122161  | time taken : 6.48411226272583
 Thread 6 estimated dimension 7 of 8 : 0.9857773311430627  | time taken : 5.816342115402222
 Thread 6 nsolns: 27564
 Thread 2 estimated dimension 7 of 8 : 0.44381250387864307  | time taken : 11.739173173904419
 Thread 2 nsolns: 24676
 Thread 4 estimated dimension 0 of 8 : 0.7895357647116356  | time taken : 7.1466288566589355
 Thread 7 estimated dimension 6 of 8 : 0.503287552873576  | time taken : 14.307012557983398
 Thread 3 estimated dimension 7 of 8 : 1  | time taken : 6.0817787647247314
 Thread 3 nsolns: 27862
 Thread 5 estimated dimension 2 of 8 : 0.298432766804322  | time taken : 23.484199047088623
 Thread 4 estimated dimension 1 of 8 : 0.8656384577120623  | time taken : 6.281169891357422
 Thread 7 estimated dimension 7 of 8 : 1  | time taken : 5.553101539611816
 Thread 7 nsolns: 24469
 Thread 1 estimated dimension 2 of 8 : 0.6711690593321004  | time taken : 7.849938154220581
 Thread 5 estimated dimension 3 of 8 : 1  | time taken : 5.282885313034058
 Thread 6 estimated dimension 0 of 8 : 0.8179848956737613  | time taken : 8.325292587280273
 Thread 3 estimated dimension 0 of 8 : 0.8196305226585848  | time taken : 7.6643431186676025
 Thread 6 estimated dimension 1 of 8 : 0.8612841327923964  | time taken : 6.737415313720703
 Thread 4 estimated dimension 2 of 8 : 0.6802576857580236  | time taken : 8.781046628952026
 Thread 5 estimated dimension 4 of 8 : 0.6777331307395489  | time taken : 7.550771236419678
 Thread 3 estimated dimension 1 of 8 : 0.8808288606167358  | time taken : 7.296406984329224
 Thread 5 estimated dimension 5 of 8 : 0.701480497445089  | time taken : 8.393535614013672
 Thread 1 estimated dimension 3 of 8 : 0.3261627142862118  | time taken : 21.821405172348022
 Thread 2 estimated dimension 0 of 8 : 0.21084348155176266  | time taken : 30.279966354370117
 Thread 4 estimated dimension 3 of 8 : 0.31675098585114364  | time taken : 20.092427492141724
 Thread 2 estimated dimension 1 of 8 : 1  | time taken : 4.937242269515991
 Thread 3 estimated dimension 2 of 8 : 0.30880619641824475  | time taken : 20.176072359085083
 Thread 7 estimated dimension 0 of 8 : 0.20862103400105686  | time taken : 30.687192916870117
 Thread 6 estimated dimension 2 of 8 : 0.2959228301522883  | time taken : 23.007827758789062
 Thread 1 estimated dimension 4 of 8 : 0.632573250678658  | time taken : 8.74439811706543
 Thread 5 estimated dimension 6 of 8 : 0.48861626990551127  | time taken : 14.074336528778076
 Thread 2 estimated dimension 2 of 8 : 1  | time taken : 4.7635719776153564
 Thread 3 estimated dimension 3 of 8 : 1  | time taken : 5.472871780395508
 Thread 6 estimated dimension 3 of 8 : 1  | time taken : 5.26824164390564
 Thread 1 estimated dimension 5 of 8 : 0.9888022455549901  | time taken : 5.5795817375183105
 Thread 7 estimated dimension 1 of 8 : 1  | time taken : 5.771699666976929
 Thread 5 estimated dimension 7 of 8 : 1  | time taken : 5.721028566360474
 Thread 5 nsolns: 24758
 Thread 4 estimated dimension 4 of 8 : 0.6522784375361288  | time taken : 9.789309978485107
 Thread 2 estimated dimension 3 of 8 : 0.9996712739400158  | time taken : 5.686758756637573
 Thread 1 estimated dimension 6 of 8 : 0.9966280765260737  | time taken : 4.4942474365234375
 Thread 7 estimated dimension 2 of 8 : 0.9916838017907534  | time taken : 4.794260263442993
 Thread 4 estimated dimension 5 of 8 : 1  | time taken : 4.655290603637695
 Thread 6 estimated dimension 4 of 8 : 0.6805451179812497  | time taken : 7.034260988235474
 Thread 3 estimated dimension 4 of 8 : 0.6902227815716989  | time taken : 7.482318162918091
 Thread 2 estimated dimension 4 of 8 : 0.6935285986197517  | time taken : 7.439353704452515
 Thread 7 estimated dimension 3 of 8 : 1  | time taken : 4.793267488479614
 Thread 4 estimated dimension 6 of 8 : 0.9853202873728197  | time taken : 4.767499685287476
 Thread 6 estimated dimension 5 of 8 : 0.7241306323106524  | time taken : 7.718967437744141
 Thread 1 estimated dimension 7 of 8 : 0.44618148918607275  | time taken : 10.073691129684448
 Thread 1 nsolns: 24757
 Thread 7 estimated dimension 4 of 8 : 0.7119248240561633  | time taken : 7.2778966426849365
 Thread 3 estimated dimension 5 of 8 : 0.3307274767307781  | time taken : 15.812925577163696
 Thread 4 estimated dimension 7 of 8 : 0.4464059946803568  | time taken : 13.08333444595337
 Thread 4 nsolns: 24885
 Thread 2 estimated dimension 5 of 8 : 0.3408666577762286  | time taken : 15.310863971710205
 Thread 6 estimated dimension 6 of 8 : 0.4980098260783303  | time taken : 10.75764536857605
 Thread 3 estimated dimension 6 of 8 : 0.9912464124056005  | time taken : 3.366576671600342
 Thread 3 estimated dimension 7 of 8 : 1  | time taken : 2.954922676086426
 Thread 3 nsolns: 25448
 Thread 2 estimated dimension 6 of 8 : 0.9799858358977732  | time taken : 4.400311708450317
 Thread 6 estimated dimension 7 of 8 : 0.9912746912553653  | time taken : 4.2267396450042725
 Thread 6 nsolns: 24677
 Thread 7 estimated dimension 5 of 8 : 0.33945602976430705  | time taken : 12.964825868606567
 Thread 2 estimated dimension 7 of 8 : 1  | time taken : 2.4568357467651367
 Thread 2 nsolns: 27429
 Thread 7 estimated dimension 6 of 8 : 1  | time taken : 2.0464138984680176
 Thread 1 estimated dimension 0 of 8 : 0.21508662041196322  | time taken : 18.875211238861084
 Thread 7 estimated dimension 7 of 8 : 1  | time taken : 1.5580134391784668
 Thread 7 nsolns: 27765
 Thread 1 estimated dimension 1 of 8 : 1  | time taken : 1.1536405086517334
 Thread 1 estimated dimension 2 of 8 : 0.9819183345127511  | time taken : 1.1097087860107422
 Thread 1 estimated dimension 3 of 8 : 1  | time taken : 1.1170072555541992
 Thread 1 estimated dimension 4 of 8 : 0.6982119797527424  | time taken : 1.780090093612671
 Thread 1 estimated dimension 5 of 8 : 0.3528582756005069  | time taken : 3.398606061935425
 Thread 1 estimated dimension 6 of 8 : 0.9894942967331721  | time taken : 1.0964767932891846
 Thread 1 estimated dimension 7 of 8 : 1  | time taken : 1.122100591659546
 Thread 1 nsolns: 27331
 estimated weights : [0.0492136005968482, 0.05033506800267059, 0.05156521643300643, 0.04621681466225449, 0.04418358704588309, 0.048436569346657875, 0.046110675374670534, 0.05305656486337945, 0.04673213666517618, 0.04972937292521998, 0.04559251582062464, 0.05292376113345034, 0.04443990308664854, 0.04562761105013226, 0.046639015455577026, 0.048665141015334465, 0.04736099336411958, 0.05200163700730347, 0.045108936225691426, 0.0495299771491492, 0.04833075155781885, 0.06230285029542805, 0.05233292060592245, 0.04674296431341371, 0.04896407769369593, 0.03991173571456567, 0.043667615053126274, 0.0426607331113234, 0.04823799207598716, 0.04656407546868038, 0.04217711796647688, 0.05422867538824847, 0.043706909724632335, 0.04702821917528429, 0.04549581547443317, 0.05168308116823421, 0.04794332252832228, 0.04277449938487096, 0.04498498910791417, 0.04947645357369725, 0.04793347560572105, 0.04698383212882636, 0.042126191192807964, 0.04224040596299129, 0.0445213707063353, 0.04737356084618343, 0.0473989191390907, 0.05009912623288928, 0.04195318495047684, 0.05179182022812361, 0.05418564738107808, 0.045367238608941686, 0.04329419123297875, 0.04074147236840816, 0.045071935578285836, 0.051567612052993976, 0.0489748385389524, 0.04326177078009751, 0.044186826180484265, 0.04764662850706637, 0.04739876058879982, 0.046587467758000684, 0.055775562775149695, 0.047013861101169556, 0.0406891414611973, 0.042251316716828156, 0.05044717610528483, 0.05071961810208588, 0.04882992835602869, 0.04999757921348036, 0.051486060635814]
