numSolutions: 44 k : 5383
9 44 0.06666666666666667 0.0002525252525252526

 Thread 12 estimated dimension 0 of 9 : 0.7527857896549244  | time taken : 46.8289315700531
 Thread 9 estimated dimension 0 of 9 : 0.7481947608571531  | time taken : 56.15541052818298
 Thread 5 estimated dimension 0 of 9 : 0.7541722946592031  | time taken : 60.153526067733765
 Thread 2 estimated dimension 0 of 9 : 0.7615357567333734  | time taken : 60.94737148284912
 Thread 14 estimated dimension 0 of 9 : 0.6871755194437379  | time taken : 62.399991512298584
 Thread 13 estimated dimension 0 of 9 : 0.6723417957070492  | time taken : 63.662585735321045
 Thread 3 estimated dimension 0 of 9 : 0.6646377157037241  | time taken : 66.13112163543701
 Thread 10 estimated dimension 0 of 9 : 0.669286362877871  | time taken : 82.29969549179077
 Thread 7 estimated dimension 0 of 9 : 0.7164556336897187  | time taken : 83.6922242641449
 Thread 4 estimated dimension 0 of 9 : 0.6691670581359008  | time taken : 88.7920458316803
 Thread 3 estimated dimension 1 of 9 : 0.745475490213898  | time taken : 66.309974193573
 Thread 10 estimated dimension 1 of 9 : 0.7389640449454303  | time taken : 52.27857804298401
 Thread 12 estimated dimension 1 of 9 : 0.8177414861010458  | time taken : 89.7261962890625
 Thread 4 estimated dimension 1 of 9 : 0.7425318723647221  | time taken : 60.29020142555237
 Thread 2 estimated dimension 1 of 9 : 0.7176326462062909  | time taken : 92.35625147819519
 Thread 5 estimated dimension 1 of 9 : 0.7071903240441586  | time taken : 135.00752449035645
 Thread 14 estimated dimension 1 of 9 : 0.7221561959297099  | time taken : 133.47489094734192
 Thread 11 estimated dimension 0 of 9 : 0.2654959477445586  | time taken : 216.9041244983673
 Thread 12 estimated dimension 2 of 9 : 0.5298733121842127  | time taken : 101.34121751785278
 Thread 11 estimated dimension 1 of 9 : 0.978410967563653  | time taken : 22.775177240371704
 Thread 12 estimated dimension 3 of 9 : 1  | time taken : 14.074872493743896
 Thread 3 estimated dimension 2 of 9 : 0.4548155998898946  | time taken : 126.70704627037048
 Thread 11 estimated dimension 2 of 9 : 1  | time taken : 21.673906803131104
 Thread 1 estimated dimension 0 of 9 : 0.27569109934004715  | time taken : 278.3770718574524
 Thread 10 estimated dimension 2 of 9 : 0.5374023218620507  | time taken : 141.60945391654968
 Thread 8 estimated dimension 0 of 9 : 0.2886077202178999  | time taken : 281.4511833190918
 Thread 11 estimated dimension 3 of 9 : 1  | time taken : 19.648941040039062
 Thread 3 estimated dimension 3 of 9 : 1  | time taken : 20.76784920692444
 Thread 4 estimated dimension 2 of 9 : 0.5360766980022933  | time taken : 137.5152416229248
 Thread 6 estimated dimension 0 of 9 : 0.2982553973506824  | time taken : 296.3502676486969
 Thread 10 estimated dimension 3 of 9 : 1  | time taken : 19.576732397079468
 Thread 1 estimated dimension 1 of 9 : 0.9758582079088851  | time taken : 22.202380895614624
 Thread 8 estimated dimension 1 of 9 : 1  | time taken : 23.9511935710907
 Thread 2 estimated dimension 2 of 9 : 0.5497539642301549  | time taken : 155.75647449493408
 Thread 4 estimated dimension 3 of 9 : 1  | time taken : 32.69900131225586
 Thread 2 estimated dimension 3 of 9 : 1  | time taken : 12.592948198318481
 Thread 14 estimated dimension 2 of 9 : 0.4426101316062978  | time taken : 125.46830868721008
 Thread 9 estimated dimension 1 of 9 : 0.2466255983320397  | time taken : 268.88046169281006
 Thread 6 estimated dimension 1 of 9 : 1  | time taken : 31.262102127075195
 Thread 1 estimated dimension 2 of 9 : 0.9759005053427531  | time taken : 22.201316833496094
 Thread 12 estimated dimension 4 of 9 : 0.7915250721865048  | time taken : 72.08160328865051
 Thread 5 estimated dimension 2 of 9 : 0.4062919161815626  | time taken : 146.09115386009216
 Thread 13 estimated dimension 1 of 9 : 0.2738427774355274  | time taken : 281.1300857067108
 Thread 8 estimated dimension 2 of 9 : 0.984496094297223  | time taken : 36.23161005973816
 Thread 14 estimated dimension 3 of 9 : 1  | time taken : 22.63732933998108
 Thread 6 estimated dimension 2 of 9 : 0.9949107782744393  | time taken : 21.372155904769897
 Thread 1 estimated dimension 3 of 9 : 1  | time taken : 24.187079668045044
 Thread 8 estimated dimension 3 of 9 : 0.9938502179549098  | time taken : 8.296849250793457
 Thread 5 estimated dimension 3 of 9 : 0.9946398495469267  | time taken : 23.85705542564392
 Thread 6 estimated dimension 3 of 9 : 0.9886597050129957  | time taken : 11.467801094055176
 Thread 11 estimated dimension 4 of 9 : 0.7713882409682986  | time taken : 84.529367685318
 Thread 7 estimated dimension 1 of 9 : 0.24635944623398764  | time taken : 286.95228695869446
 Thread 10 estimated dimension 4 of 9 : 0.7941652017541561  | time taken : 79.6059844493866
 Thread 4 estimated dimension 4 of 9 : 0.772299488000009  | time taken : 75.30753350257874
 Thread 2 estimated dimension 4 of 9 : 0.7874799914936148  | time taken : 81.78413414955139
 Thread 8 estimated dimension 4 of 9 : 0.7191847731417486  | time taken : 72.54986262321472
 Thread 1 estimated dimension 4 of 9 : 0.8025330942299964  | time taken : 75.03710842132568
 Thread 6 estimated dimension 4 of 9 : 0.7733018103017638  | time taken : 66.65539169311523
 Thread 12 estimated dimension 5 of 9 : 0.5632078258870074  | time taken : 123.45625066757202
 Thread 13 estimated dimension 2 of 9 : 0.6168319713262964  | time taken : 121.58698010444641
 Thread 14 estimated dimension 4 of 9 : 0.7927331722086683  | time taken : 125.2942488193512
 Thread 11 estimated dimension 5 of 9 : 0.5998383323778576  | time taken : 110.50404787063599
 Thread 4 estimated dimension 5 of 9 : 0.6982454429798357  | time taken : 92.13635516166687
 Thread 7 estimated dimension 2 of 9 : 0.6807397117241506  | time taken : 122.21449279785156
 Thread 10 estimated dimension 5 of 9 : 0.6170084628500297  | time taken : 117.38940811157227
 Thread 2 estimated dimension 5 of 9 : 0.5070484214928517  | time taken : 116.12567496299744
 Thread 6 estimated dimension 5 of 9 : 0.5976477274305719  | time taken : 119.15544867515564
 Thread 1 estimated dimension 5 of 9 : 0.5986479901388158  | time taken : 128.4749219417572
 Thread 13 estimated dimension 3 of 9 : 0.49101814706064884  | time taken : 151.64475107192993
 Thread 7 estimated dimension 3 of 9 : 0.5660734996193378  | time taken : 133.7221086025238
 Thread 12 estimated dimension 6 of 9 : 0.4062213716181839  | time taken : 176.89393067359924
 Thread 8 estimated dimension 5 of 9 : 0.3859180470600324  | time taken : 202.94989585876465
 Thread 13 estimated dimension 4 of 9 : 1  | time taken : 24.17304301261902
 Thread 2 estimated dimension 6 of 9 : 0.576461177666969  | time taken : 133.6173017024994
 Thread 12 estimated dimension 7 of 9 : 1  | time taken : 28.96871256828308
 Thread 11 estimated dimension 6 of 9 : 0.3800982225634927  | time taken : 182.56404638290405
 Thread 13 estimated dimension 5 of 9 : 0.9886170531616735  | time taken : 19.760441541671753
 Thread 14 estimated dimension 5 of 9 : 0.3849650920203867  | time taken : 199.60215020179749
 Thread 7 estimated dimension 4 of 9 : 0.9958154817358047  | time taken : 48.39752268791199
 Thread 9 estimated dimension 2 of 9 : 0.35987738811485515  | time taken : 355.3503751754761
 Thread 11 estimated dimension 7 of 9 : 1  | time taken : 25.970250606536865
 Thread 3 estimated dimension 4 of 9 : 0.216563632125203  | time taken : 411.5521249771118
 Thread 1 estimated dimension 6 of 9 : 0.5493142574282218  | time taken : 142.16110181808472
 Thread 7 estimated dimension 5 of 9 : 1  | time taken : 28.05653190612793
 Thread 4 estimated dimension 6 of 9 : 0.3971388268399585  | time taken : 218.18012475967407
 Thread 9 estimated dimension 3 of 9 : 1  | time taken : 31.183680772781372
 Thread 6 estimated dimension 6 of 9 : 0.412454850828552  | time taken : 160.27405667304993
 Thread 10 estimated dimension 6 of 9 : 0.3690445898800982  | time taken : 221.09995579719543
 Thread 3 estimated dimension 5 of 9 : 1  | time taken : 31.09985852241516
 Thread 5 estimated dimension 4 of 9 : 0.21168686697268407  | time taken : 369.0159447193146
 Thread 8 estimated dimension 6 of 9 : 0.6490460422343535  | time taken : 100.60178828239441
 Thread 2 estimated dimension 7 of 9 : 0.7162101841648851  | time taken : 80.28335785865784
 Thread 9 estimated dimension 4 of 9 : 0.980991095862453  | time taken : 33.13251447677612
 Thread 4 estimated dimension 7 of 9 : 0.9968274943742844  | time taken : 36.304213762283325
 Thread 6 estimated dimension 7 of 9 : 1  | time taken : 42.0392005443573
 Thread 5 estimated dimension 5 of 9 : 1  | time taken : 23.85248041152954
 Thread 10 estimated dimension 7 of 9 : 1  | time taken : 38.435654401779175
 Thread 9 estimated dimension 5 of 9 : 0.9919649697951747  | time taken : 41.43001985549927
 Thread 14 estimated dimension 6 of 9 : 0.667343576759246  | time taken : 120.76974558830261
 Thread 1 estimated dimension 7 of 9 : 0.6566417709331102  | time taken : 126.22943902015686
 Thread 12 estimated dimension 8 of 9 : 0.5195932873506425  | time taken : 184.61120009422302
 Thread 13 estimated dimension 6 of 9 : 0.550547600840907  | time taken : 181.8183822631836
 Thread 12 nsolns: 74883
 Thread 13 estimated dimension 7 of 9 : 1  | time taken : 33.49902319908142
 Thread 11 estimated dimension 8 of 9 : 0.5041033052017176  | time taken : 211.6972463130951
 Thread 11 nsolns: 82176
 Thread 13 estimated dimension 8 of 9 : 1  | time taken : 20.662142992019653
 Thread 13 nsolns: 78602
 Thread 8 estimated dimension 7 of 9 : 0.5153696625763124  | time taken : 188.9387035369873
 Thread 12 estimated dimension 0 of 9 : 0.7639583397783384  | time taken : 73.40026235580444
 Thread 6 estimated dimension 8 of 9 : 0.4923562570536368  | time taken : 172.04495668411255
 Thread 4 estimated dimension 8 of 9 : 0.5370724335435598  | time taken : 182.39057898521423
 Thread 4 nsolns: 74318
 Thread 6 nsolns: 79556
 Thread 2 estimated dimension 8 of 9 : 0.47335138933445775  | time taken : 192.94471192359924
 Thread 2 nsolns: 75525
 Thread 3 estimated dimension 6 of 9 : 0.48160449390657034  | time taken : 214.88043689727783
 Thread 7 estimated dimension 6 of 9 : 0.46850654500696676  | time taken : 238.37479448318481
 Thread 5 estimated dimension 6 of 9 : 0.48467675290389334  | time taken : 195.09603238105774
 Thread 10 estimated dimension 8 of 9 : 0.4811966060350905  | time taken : 192.07040095329285
 Thread 10 nsolns: 77491
 Thread 9 estimated dimension 6 of 9 : 0.5140203131296729  | time taken : 173.00675058364868
 Thread 3 estimated dimension 7 of 9 : 1  | time taken : 24.611236095428467
 Thread 8 estimated dimension 8 of 9 : 1  | time taken : 46.77518701553345
 Thread 8 nsolns: 80506
 Thread 7 estimated dimension 7 of 9 : 1  | time taken : 27.89055371284485
 Thread 5 estimated dimension 7 of 9 : 0.997492051513345  | time taken : 25.4544677734375
 Thread 14 estimated dimension 7 of 9 : 0.5171440124609681  | time taken : 187.4729607105255
 Thread 9 estimated dimension 7 of 9 : 0.9937714520595193  | time taken : 37.64476704597473
 Thread 1 estimated dimension 8 of 9 : 0.505037729074211  | time taken : 173.79975748062134
 Thread 1 nsolns: 79741
 Thread 13 estimated dimension 0 of 9 : 0.7116688005724816  | time taken : 94.86570143699646
 Thread 12 estimated dimension 1 of 9 : 0.730289806612391  | time taken : 92.9432909488678
 Thread 3 estimated dimension 8 of 9 : 0.9946515496987115  | time taken : 54.58340573310852
 Thread 6 estimated dimension 0 of 9 : 0.7395194517084552  | time taken : 96.59913992881775
 Thread 3 nsolns: 84637
 Thread 7 estimated dimension 8 of 9 : 0.9857982103217297  | time taken : 57.33851981163025
 Thread 7 nsolns: 80312
 Thread 5 estimated dimension 8 of 9 : 1  | time taken : 55.36927270889282
 Thread 14 estimated dimension 8 of 9 : 0.9691850153574779  | time taken : 55.26110792160034
 Thread 5 nsolns: 85989
 Thread 4 estimated dimension 0 of 9 : 0.7431069920960948  | time taken : 111.66015720367432
 Thread 14 nsolns: 77493
 Thread 9 estimated dimension 8 of 9 : 1  | time taken : 51.14848875999451
 Thread 9 nsolns: 81165
 Thread 1 estimated dimension 0 of 9 : 0.7562113459301546  | time taken : 92.10269045829773
 Thread 7 estimated dimension 0 of 9 : 0.795337386684993  | time taken : 64.37005496025085
 Thread 6 estimated dimension 1 of 9 : 0.8030514201683925  | time taken : 83.1959855556488
 Thread 3 estimated dimension 0 of 9 : 0.722579267521514  | time taken : 91.04560351371765
 Thread 4 estimated dimension 1 of 9 : 0.7530991046429725  | time taken : 89.83071827888489
 Thread 5 estimated dimension 0 of 9 : 0.7102560042168851  | time taken : 91.34488701820374
 Thread 14 estimated dimension 0 of 9 : 0.6919312645476673  | time taken : 103.64698457717896
 Thread 9 estimated dimension 0 of 9 : 0.7722518945832761  | time taken : 92.31172013282776
 Thread 1 estimated dimension 1 of 9 : 0.7384002934244148  | time taken : 94.85273909568787
 Thread 7 estimated dimension 1 of 9 : 0.7465120496446677  | time taken : 111.82659363746643
 Thread 3 estimated dimension 1 of 9 : 0.7381876593530855  | time taken : 103.37526774406433
 Thread 12 estimated dimension 2 of 9 : 0.5844956352425869  | time taken : 225.0544216632843
 Thread 2 estimated dimension 0 of 9 : 0.3247262106680069  | time taken : 333.947881937027
 Thread 6 estimated dimension 2 of 9 : 0.5391616669658267  | time taken : 159.23998260498047
 Thread 9 estimated dimension 1 of 9 : 0.7798355415303132  | time taken : 119.43223762512207
 Thread 12 estimated dimension 3 of 9 : 0.9951568494698533  | time taken : 26.700324058532715
 Thread 6 estimated dimension 3 of 9 : 0.9929253197200635  | time taken : 23.52581024169922
 Thread 2 estimated dimension 1 of 9 : 0.9761654786888158  | time taken : 37.463791608810425
 Thread 2 estimated dimension 2 of 9 : 0.9948776167818202  | time taken : 19.69709348678589
 Thread 4 estimated dimension 2 of 9 : 0.4770058572282121  | time taken : 200.23332715034485
 Thread 11 estimated dimension 0 of 9 : 0.2680328828753894  | time taken : 446.1935877799988
 Thread 4 estimated dimension 3 of 9 : 1  | time taken : 24.2841637134552
 Thread 2 estimated dimension 3 of 9 : 0.9834949321172217  | time taken : 26.019047737121582
 Thread 10 estimated dimension 0 of 9 : 0.28750467371625954  | time taken : 412.97906255722046
 Thread 11 estimated dimension 1 of 9 : 1  | time taken : 13.636748552322388
 Thread 10 estimated dimension 1 of 9 : 0.9883085210252998  | time taken : 13.004177570343018
 Thread 13 estimated dimension 1 of 9 : 0.26228562406394373  | time taken : 380.26113748550415
 Thread 1 estimated dimension 2 of 9 : 0.4398513744192057  | time taken : 193.78595447540283
 Thread 11 estimated dimension 2 of 9 : 1  | time taken : 25.830838441848755
 Thread 10 estimated dimension 2 of 9 : 1  | time taken : 20.515300989151
 Thread 12 estimated dimension 4 of 9 : 0.783397498056113  | time taken : 130.47585892677307
 Thread 8 estimated dimension 0 of 9 : 0.2791850740891003  | time taken : 436.8274004459381
 Thread 7 estimated dimension 2 of 9 : 0.539079074196513  | time taken : 194.49691200256348
 Thread 1 estimated dimension 3 of 9 : 0.9963118236993308  | time taken : 17.48950719833374
 Thread 11 estimated dimension 3 of 9 : 1  | time taken : 28.624613523483276
 Thread 6 estimated dimension 4 of 9 : 0.7646304092498393  | time taken : 128.72786855697632
 Thread 10 estimated dimension 3 of 9 : 0.9988825164205314  | time taken : 24.45889163017273
 Thread 4 estimated dimension 4 of 9 : 0.7969646845850377  | time taken : 85.31620502471924
 Thread 7 estimated dimension 3 of 9 : 1  | time taken : 34.92564558982849
 Thread 8 estimated dimension 1 of 9 : 1  | time taken : 35.498199224472046
 Thread 2 estimated dimension 4 of 9 : 0.7784091033371119  | time taken : 91.47013688087463
 Thread 8 estimated dimension 2 of 9 : 0.9818566996520058  | time taken : 16.551271438598633
 Thread 3 estimated dimension 2 of 9 : 0.4857890577534949  | time taken : 250.09816098213196
 Thread 9 estimated dimension 2 of 9 : 0.45654434018593987  | time taken : 204.68229603767395
 Thread 8 estimated dimension 3 of 9 : 1  | time taken : 22.263230323791504
 Thread 5 estimated dimension 1 of 9 : 0.26171413289777196  | time taken : 366.13693714141846
 Thread 9 estimated dimension 3 of 9 : 0.9834868171276389  | time taken : 27.802440881729126
 Thread 1 estimated dimension 4 of 9 : 0.7925973864683492  | time taken : 100.27608180046082
 Thread 3 estimated dimension 3 of 9 : 1  | time taken : 43.321282386779785
 Thread 13 estimated dimension 2 of 9 : 0.6297724235244037  | time taken : 139.39549326896667
 Thread 10 estimated dimension 4 of 9 : 0.7965965144843369  | time taken : 100.81850576400757
 Thread 4 estimated dimension 5 of 9 : 0.5684555292042468  | time taken : 121.98045229911804
 Thread 2 estimated dimension 5 of 9 : 0.613212145435075  | time taken : 122.97003650665283
 Thread 14 estimated dimension 1 of 9 : 0.25558201467554414  | time taken : 442.2078881263733
 Thread 9 estimated dimension 4 of 9 : 0.773642352605735  | time taken : 96.32693815231323
 Thread 6 estimated dimension 5 of 9 : 0.567771259918599  | time taken : 182.8231806755066
 Thread 12 estimated dimension 5 of 9 : 0.48284737025956653  | time taken : 213.54307746887207
 Thread 5 estimated dimension 2 of 9 : 0.6538359284993613  | time taken : 125.00445103645325
 Thread 3 estimated dimension 4 of 9 : 0.7928043931766899  | time taken : 101.29963731765747
 Thread 13 estimated dimension 3 of 9 : 0.4856685222827814  | time taken : 159.1106674671173
 Thread 2 estimated dimension 6 of 9 : 0.6178425830844014  | time taken : 140.44167304039001
 Thread 13 estimated dimension 4 of 9 : 1  | time taken : 31.614323139190674
 Thread 4 estimated dimension 6 of 9 : 0.5709882841556162  | time taken : 165.97437024116516
 Thread 9 estimated dimension 5 of 9 : 0.5799854478874188  | time taken : 153.01277351379395
 Thread 13 estimated dimension 5 of 9 : 0.9967160524267706  | time taken : 45.34968042373657
 Thread 6 estimated dimension 6 of 9 : 0.6136376654462405  | time taken : 168.27165842056274
 Thread 12 estimated dimension 6 of 9 : 0.6893139099316327  | time taken : 180.0003035068512
 Thread 1 estimated dimension 5 of 9 : 0.40505639240077806  | time taken : 302.0458652973175
 Thread 10 estimated dimension 5 of 9 : 0.3548670619493313  | time taken : 313.3273377418518
 Thread 3 estimated dimension 5 of 9 : 0.5257040611800804  | time taken : 228.9118914604187
 Thread 5 estimated dimension 3 of 9 : 0.46269489115608736  | time taken : 235.07881236076355
 Thread 5 estimated dimension 4 of 9 : 1  | time taken : 17.79135012626648
 Thread 7 estimated dimension 4 of 9 : 0.23813804898472424  | time taken : 443.4034249782562
 Thread 2 estimated dimension 7 of 9 : 0.674956405476355  | time taken : 173.67013335227966
 Thread 5 estimated dimension 5 of 9 : 1  | time taken : 29.767187356948853
 Thread 14 estimated dimension 2 of 9 : 0.3571369587922478  | time taken : 324.41715002059937
 Thread 7 estimated dimension 5 of 9 : 1  | time taken : 40.17677879333496
 Thread 1 estimated dimension 6 of 9 : 0.701970839897401  | time taken : 119.15940618515015
 Thread 6 estimated dimension 7 of 9 : 0.6867937913887454  | time taken : 159.17874336242676
 Thread 14 estimated dimension 3 of 9 : 0.9898825651630855  | time taken : 54.453171491622925
 Thread 10 estimated dimension 6 of 9 : 0.680610971472673  | time taken : 127.16646599769592
 Thread 8 estimated dimension 4 of 9 : 0.2370408476052319  | time taken : 489.3074600696564
 Thread 13 estimated dimension 6 of 9 : 0.508884585363861  | time taken : 210.26618003845215
 Thread 3 estimated dimension 6 of 9 : 0.6759675216764198  | time taken : 127.8607850074768exiting with current heads : 5382 out of 5383 | exp rv: 24250.21278643133

 Thread 11 estimated dimension 4 of 9 : 0.22193619690674957  | time taken : 575.0327999591827
 Thread 14 estimated dimension 4 of 9 : 1  | time taken : 25.78404927253723
 Thread 8 estimated dimension 5 of 9 : 0.9931586872321703  | time taken : 40.02887177467346
 Thread 13 estimated dimension 7 of 9 : 1  | time taken : 37.8026123046875
 Thread 14 estimated dimension 5 of 9 : 1  | time taken : 23.764973640441895
 Thread 12 estimated dimension 7 of 9 : 0.5479283439384737  | time taken : 224.57882714271545
 Thread 11 estimated dimension 5 of 9 : 0.9797291529768583  | time taken : 28.690820932388306
 Thread 9 estimated dimension 6 of 9 : 0.3748768365941483  | time taken : 273.0718858242035
 Thread 13 estimated dimension 8 of 9 : 0.9797254015754345  | time taken : 35.62494516372681
 Thread 4 estimated dimension 7 of 9 : 0.3220241961077139  | time taken : 326.5317461490631
 Thread 13 nsolns: 80016
 Thread 9 estimated dimension 7 of 9 : 0.9949011885195743  | time taken : 38.64224982261658
 Thread 12 estimated dimension 8 of 9 : 0.9914738995814965  | time taken : 65.32477688789368
 Thread 12 nsolns: 69715
 Thread 4 estimated dimension 8 of 9 : 1  | time taken : 47.316922664642334
 Thread 4 nsolns: 78896
 Thread 2 estimated dimension 8 of 9 : 0.46299063102706467  | time taken : 227.32926869392395
 Thread 2 nsolns: 77211
 Thread 6 estimated dimension 8 of 9 : 0.4800642966409738  | time taken : 215.72918677330017
 Thread 6 nsolns: 73526
 Thread 7 estimated dimension 6 of 9 : 0.5295297780841448  | time taken : 226.76280403137207
 Thread 13 estimated dimension 0 of 9 : 0.7556848879852508  | time taken : 102.34775114059448
 Thread 5 estimated dimension 6 of 9 : 0.4977839130111635  | time taken : 269.1283905506134
 Thread 3 estimated dimension 7 of 9 : 0.5124135741307209  | time taken : 221.8736011981964
 Thread 8 estimated dimension 6 of 9 : 0.5525514570141119  | time taken : 188.47639560699463
 Thread 7 estimated dimension 7 of 9 : 1  | time taken : 49.49902129173279
 Thread 10 estimated dimension 7 of 9 : 0.48086691718511826  | time taken : 243.67093062400818
 Thread 14 estimated dimension 6 of 9 : 0.503553997106507  | time taken : 194.82572889328003
 Thread 1 estimated dimension 7 of 9 : 0.5354016884665982  | time taken : 296.5793402194977
 Thread 5 estimated dimension 7 of 9 : 0.9930172008513177  | time taken : 63.561657428741455
 Thread 8 estimated dimension 7 of 9 : 1  | time taken : 37.966076374053955
 Thread 14 estimated dimension 7 of 9 : 0.9906397345025381  | time taken : 27.117759943008423
 Thread 12 estimated dimension 0 of 9 : 0.7094143062596087  | time taken : 157.60847449302673
 Thread 2 estimated dimension 0 of 9 : 0.7067268083018439  | time taken : 125.35400366783142
 Thread 10 estimated dimension 8 of 9 : 0.9859774449556937  | time taken : 40.33522868156433
 Thread 7 estimated dimension 8 of 9 : 0.99029576365864  | time taken : 47.881027698516846
 Thread 10 nsolns: 81451
 Thread 7 nsolns: 78661
 Thread 3 estimated dimension 8 of 9 : 0.9991190154380712  | time taken : 53.15624380111694
 Thread 1 estimated dimension 8 of 9 : 1  | time taken : 26.43293285369873
 Thread 3 nsolns: 72042
 Thread 1 nsolns: 74877
 Thread 6 estimated dimension 0 of 9 : 0.7782734405865344  | time taken : 116.7530791759491
 Thread 11 estimated dimension 6 of 9 : 0.49403905256644526  | time taken : 257.52015376091003
 Thread 13 estimated dimension 1 of 9 : 0.7407966290971932  | time taken : 138.72966480255127
 Thread 5 estimated dimension 8 of 9 : 0.9877477934286794  | time taken : 59.83073353767395
 Thread 8 estimated dimension 8 of 9 : 1  | time taken : 59.64635491371155
 Thread 5 nsolns: 79898
 Thread 8 nsolns: 84206
 Thread 14 estimated dimension 8 of 9 : 0.9929246256516813  | time taken : 59.54619741439819
 Thread 14 nsolns: 81515
 Thread 9 estimated dimension 8 of 9 : 0.5178538284380699  | time taken : 259.8402554988861
 Thread 11 estimated dimension 7 of 9 : 1  | time taken : 49.521157026290894
 Thread 9 nsolns: 77387
 Thread 10 estimated dimension 0 of 9 : 0.7422751457308228  | time taken : 100.78604221343994
 Thread 12 estimated dimension 1 of 9 : 0.7597748892032936  | time taken : 107.31147336959839
 Thread 2 estimated dimension 1 of 9 : 0.7326668785396052  | time taken : 119.87045812606812
 Thread 1 estimated dimension 0 of 9 : 0.7268454368316178  | time taken : 111.70402789115906
 Thread 3 estimated dimension 0 of 9 : 0.7299600676748347  | time taken : 125.09631943702698
 Thread 11 estimated dimension 8 of 9 : 0.9767240738405285  | time taken : 55.590243101119995
 Thread 11 nsolns: 87587
 Thread 6 estimated dimension 1 of 9 : 0.7558702752180224  | time taken : 145.05358266830444
 Thread 8 estimated dimension 0 of 9 : 0.7411372931819736  | time taken : 125.97984075546265
 Thread 5 estimated dimension 0 of 9 : 0.7352369621997824  | time taken : 128.69063568115234
 Thread 9 estimated dimension 0 of 9 : 0.6745129310448481  | time taken : 122.05580925941467
 Thread 13 estimated dimension 2 of 9 : 0.4807603651670713  | time taken : 199.89286017417908
 Thread 10 estimated dimension 1 of 9 : 0.7463900744131872  | time taken : 138.24787545204163
 Thread 4 estimated dimension 0 of 9 : 0.27192565472556923  | time taken : 399.90663504600525
 Thread 11 estimated dimension 0 of 9 : 0.7770135993910758  | time taken : 117.19955515861511
 Thread 4 estimated dimension 1 of 9 : 0.9722770606056139  | time taken : 12.774958372116089
 Thread 13 estimated dimension 3 of 9 : 0.9842644940568237  | time taken : 28.95652961730957
 Thread 4 estimated dimension 2 of 9 : 1  | time taken : 19.22003483772278
 Thread 12 estimated dimension 2 of 9 : 0.4595696940887025  | time taken : 185.95848965644836
 Thread 2 estimated dimension 2 of 9 : 0.40418708483406174  | time taken : 200.41795992851257
 Thread 4 estimated dimension 3 of 9 : 0.9955979283069945  | time taken : 27.600142240524292
 Thread 12 estimated dimension 3 of 9 : 0.9701476368779253  | time taken : 28.670055627822876
 Thread 2 estimated dimension 3 of 9 : 0.9878750723018667  | time taken : 19.935824394226074
 Thread 9 estimated dimension 1 of 9 : 0.7588317209082162  | time taken : 161.22801423072815
 Thread 13 estimated dimension 4 of 9 : 0.78895230155576  | time taken : 109.11329913139343
 Thread 7 estimated dimension 0 of 9 : 0.2672731531748553  | time taken : 393.2808184623718
 Thread 6 estimated dimension 2 of 9 : 0.4481711457901793  | time taken : 235.19046092033386
 Thread 7 estimated dimension 1 of 9 : 0.9964384531118489  | time taken : 30.923047304153442
 Thread 6 estimated dimension 3 of 9 : 1  | time taken : 28.40915012359619
 Thread 10 estimated dimension 2 of 9 : 0.3985693180908868  | time taken : 194.1662471294403
 Thread 10 estimated dimension 3 of 9 : 1  | time taken : 14.468968868255615
 Thread 7 estimated dimension 2 of 9 : 1  | time taken : 45.51388621330261
 Thread 7 estimated dimension 3 of 9 : 1  | time taken : 12.089367151260376
 Thread 3 estimated dimension 1 of 9 : 0.26323867840740084  | time taken : 395.213166475296
 Thread 6 estimated dimension 4 of 9 : 0.7838521990347916  | time taken : 97.1861584186554
 Thread 1 estimated dimension 1 of 9 : 0.2408225272148664  | time taken : 437.1436576843262
 Thread 9 estimated dimension 2 of 9 : 0.5777368629125321  | time taken : 187.04900908470154
 Thread 10 estimated dimension 4 of 9 : 0.7972338515927377  | time taken : 95.24486899375916
 Thread 13 estimated dimension 5 of 9 : 0.5798335885461944  | time taken : 183.62237763404846
 Thread 9 estimated dimension 3 of 9 : 0.9996273796259617  | time taken : 26.909066915512085
 Thread 5 estimated dimension 1 of 9 : 0.2434205775963043  | time taken : 448.3118860721588
 Thread 6 estimated dimension 5 of 9 : 0.5357965030162741  | time taken : 124.46566104888916
 Thread 11 estimated dimension 1 of 9 : 0.24244203093394243  | time taken : 415.2597110271454
 Thread 8 estimated dimension 1 of 9 : 0.24487684795131742  | time taken : 502.9056010246277
 Thread 10 estimated dimension 5 of 9 : 0.5849333181686532  | time taken : 143.20872259140015
 Thread 9 estimated dimension 4 of 9 : 0.7251189646207798  | time taken : 131.57011580467224
 Thread 13 estimated dimension 6 of 9 : 0.5619347323836673  | time taken : 177.53988313674927
 Thread 2 estimated dimension 4 of 9 : 0.23212794790871707  | time taken : 428.23958110809326
 Thread 5 estimated dimension 2 of 9 : 0.6701639846184116  | time taken : 144.27603554725647
 Thread 2 estimated dimension 5 of 9 : 1  | time taken : 13.776471614837646
 Thread 4 estimated dimension 4 of 9 : 0.2213074086597842  | time taken : 472.91746854782104
 Thread 8 estimated dimension 2 of 9 : 0.6796927554366126  | time taken : 128.04839992523193
 Thread 4 estimated dimension 5 of 9 : 0.996586763136643  | time taken : 23.965384006500244
 Thread 11 estimated dimension 2 of 9 : 0.6524325036406481  | time taken : 150.36541438102722
 Thread 3 estimated dimension 2 of 9 : 0.390352115937976  | time taken : 325.0512855052948
 Thread 12 estimated dimension 4 of 9 : 0.21896475539481522  | time taken : 533.4779601097107
 Thread 1 estimated dimension 2 of 9 : 0.35767684338136846  | time taken : 316.22314262390137
 Thread 3 estimated dimension 3 of 9 : 1  | time taken : 21.839770793914795
 Thread 12 estimated dimension 5 of 9 : 1  | time taken : 21.649985790252686
 Thread 1 estimated dimension 3 of 9 : 1  | time taken : 20.904160976409912
 Thread 3 estimated dimension 4 of 9 : 0.9936047478018419  | time taken : 18.235939979553223
 Thread 6 estimated dimension 6 of 9 : 0.4125193812842224  | time taken : 246.6884367465973
 Thread 10 estimated dimension 6 of 9 : 0.3664913086256088  | time taken : 215.38269996643066
 Thread 1 estimated dimension 4 of 9 : 1  | time taken : 28.326294898986816
 Thread 3 estimated dimension 5 of 9 : 0.9920955278245307  | time taken : 24.993220567703247
 Thread 7 estimated dimension 4 of 9 : 0.2267751348354379  | time taken : 439.8437879085541
 Thread 9 estimated dimension 5 of 9 : 0.4339693477770734  | time taken : 216.1211280822754
 Thread 6 estimated dimension 7 of 9 : 1  | time taken : 28.014235496520996
 Thread 1 estimated dimension 5 of 9 : 0.9829867615172608  | time taken : 28.00206971168518
 Thread 11 estimated dimension 3 of 9 : 0.46133921451725945  | time taken : 125.98888397216797
 Thread 5 estimated dimension 3 of 9 : 0.4407899160094117  | time taken : 175.5776994228363
 Thread 10 estimated dimension 7 of 9 : 1  | time taken : 38.92231106758118
 Thread 7 estimated dimension 5 of 9 : 1  | time taken : 29.448537349700928
 Thread 2 estimated dimension 6 of 9 : 0.4494714648870346  | time taken : 184.33882212638855
 Thread 8 estimated dimension 3 of 9 : 0.5303911272170495  | time taken : 173.54594016075134
 Thread 11 estimated dimension 4 of 9 : 1  | time taken : 34.99935507774353
 Thread 5 estimated dimension 4 of 9 : 1  | time taken : 34.2818603515625
 Thread 2 estimated dimension 7 of 9 : 0.9814720600326635  | time taken : 26.764559507369995
 Thread 4 estimated dimension 6 of 9 : 0.4803959388114971  | time taken : 185.22922468185425
 Thread 11 estimated dimension 5 of 9 : 0.9991204770805129  | time taken : 32.50150179862976
 Thread 8 estimated dimension 4 of 9 : 0.9936150789853089  | time taken : 34.27184867858887
 Thread 2 estimated dimension 8 of 9 : 0.99405350067246  | time taken : 19.8107008934021
 Thread 2 nsolns: 84740
 Thread 5 estimated dimension 5 of 9 : 0.9707978842372259  | time taken : 44.06807327270508
 Thread 9 estimated dimension 6 of 9 : 0.6789680131036024  | time taken : 102.99461150169373
 Thread 4 estimated dimension 7 of 9 : 0.9952703442941231  | time taken : 31.06719183921814
 Thread 12 estimated dimension 6 of 9 : 0.4933040262256876  | time taken : 168.61847448349
 Thread 3 estimated dimension 6 of 9 : 0.5135323636276049  | time taken : 129.51668858528137
 Thread 13 estimated dimension 7 of 9 : 0.315120744045904  | time taken : 305.19234561920166
 Thread 8 estimated dimension 5 of 9 : 1  | time taken : 38.96485495567322
 Thread 12 estimated dimension 7 of 9 : 0.9844700136875463  | time taken : 26.22202706336975
 Thread 4 estimated dimension 8 of 9 : 1  | time taken : 37.6423761844635
 Thread 4 nsolns: 87680
 Thread 13 estimated dimension 8 of 9 : 1  | time taken : 20.01704692840576
 Thread 13 nsolns: 79288
 Thread 3 estimated dimension 7 of 9 : 1  | time taken : 36.66535425186157
 Thread 6 estimated dimension 8 of 9 : 0.5227015498722898  | time taken : 157.5240445137024
 Thread 6 nsolns: 77165
 Thread 12 estimated dimension 8 of 9 : 1  | time taken : 32.052541971206665
 Thread 12 nsolns: 83299
 Thread 3 estimated dimension 8 of 9 : 0.9981994386159935  | time taken : 23.169546842575073
 Thread 3 nsolns: 78598
 Thread 7 estimated dimension 6 of 9 : 0.48781773332028855  | time taken : 157.75378370285034
 Thread 1 estimated dimension 6 of 9 : 0.4895135594962359  | time taken : 175.27042937278748
 Thread 7 estimated dimension 7 of 9 : 0.9928168577250495  | time taken : 31.05675172805786
 Thread 1 estimated dimension 7 of 9 : 0.9948109815597207  | time taken : 30.8389413356781
 Thread 10 estimated dimension 8 of 9 : 0.5008832852282602  | time taken : 207.3714883327484
 Thread 10 nsolns: 80322
 Thread 5 estimated dimension 6 of 9 : 0.5463025762436996  | time taken : 131.6710181236267
 Thread 7 estimated dimension 8 of 9 : 1  | time taken : 15.843103885650635
 Thread 7 nsolns: 87077
 Thread 1 estimated dimension 8 of 9 : 1  | time taken : 18.346163511276245
 Thread 11 estimated dimension 6 of 9 : 0.4753439331157693  | time taken : 155.00098419189453
 Thread 9 estimated dimension 7 of 9 : 0.5049206960956103  | time taken : 143.5467345714569
 Thread 1 nsolns: 82739
 Thread 8 estimated dimension 6 of 9 : 0.5096597616270848  | time taken : 121.98242282867432
 Thread 5 estimated dimension 7 of 9 : 0.984813818781149  | time taken : 22.091097354888916
 Thread 11 estimated dimension 7 of 9 : 0.9822230730491502  | time taken : 14.06178903579712
 Thread 9 estimated dimension 8 of 9 : 0.9899421225746161  | time taken : 15.222814083099365
 Thread 9 nsolns: 73301
 Thread 8 estimated dimension 7 of 9 : 0.9980729156822705  | time taken : 14.378848791122437
 Thread 5 estimated dimension 8 of 9 : 1  | time taken : 11.274754047393799
 Thread 5 nsolns: 81049
 Thread 11 estimated dimension 8 of 9 : 0.997039101086423  | time taken : 9.940798044204712
 Thread 11 nsolns: 81716
 Thread 8 estimated dimension 8 of 9 : 0.9796564373316756  | time taken : 14.282004833221436
 Thread 8 nsolns: 79310
 estimated weights : [0.030691572938403525, 0.023030418120947267, 0.030351404418431226, 0.030539762729283968, 0.02753400948439752, 0.023444665060649055, 0.023128006212003258, 0.02621638506386997, 0.022978553558653827, 0.02337764313670722, 0.03128203469315661, 0.022058017098995665, 0.02242003211792597, 0.033009243718893654, 0.028370770288848268, 0.04596760424990017, 0.022237116181351557, 0.028584262667083447, 0.027924878832681497, 0.025890878010201394, 0.039969139102630204, 0.03737412775685859, 0.02952590526196616, 0.02745675902178086, 0.035657826672061715, 0.030966333574943092, 0.023434009114038052, 0.02812259682584608, 0.02104552872833396, 0.027757200657691584, 0.02145839306877241, 0.023875670161017316, 0.025554386494728024, 0.0379016077181816, 0.018902835194648224, 0.029250141854707132, 0.029969739490013, 0.03156854669798698, 0.027612997872806865, 0.0263718521244373, 0.0323958867547572]
