numSolutions: 82 k : 2453
10 82 0.03162277660168379 0.00012195121951219512

 Thread 2 estimated dimension 0 of 10 : 0.5753955092362159  | time taken : 17.254164218902588
 Thread 7 estimated dimension 0 of 10 : 0.4082400622847411  | time taken : 21.612738609313965
 Thread 6 estimated dimension 0 of 10 : 0.4023363434188658  | time taken : 22.698111057281494
 Thread 1 estimated dimension 0 of 10 : 0.4063679641276249  | time taken : 23.419618129730225
 Thread 3 estimated dimension 0 of 10 : 0.40666730722102695  | time taken : 24.21947932243347
 Thread 5 estimated dimension 0 of 10 : 0.4014261230285054  | time taken : 27.613641500473022
 Thread 4 estimated dimension 0 of 10 : 0.3987456426074215  | time taken : 27.928975343704224
 Thread 6 estimated dimension 1 of 10 : 0.5676502950655151  | time taken : 15.864344358444214
 Thread 3 estimated dimension 1 of 10 : 0.5470887047450291  | time taken : 15.984883785247803
 Thread 2 estimated dimension 1 of 10 : 0.3786074929761821  | time taken : 24.397144317626953
 Thread 7 estimated dimension 1 of 10 : 0.41794377052034737  | time taken : 21.62012243270874
 Thread 1 estimated dimension 1 of 10 : 0.42364662566531247  | time taken : 20.76738142967224
 Thread 5 estimated dimension 1 of 10 : 0.5815067350243998  | time taken : 16.800601959228516
 Thread 4 estimated dimension 1 of 10 : 0.43235934150661537  | time taken : 21.996976137161255
 Thread 6 estimated dimension 2 of 10 : 0.7280451914195957  | time taken : 11.611148595809937
 Thread 2 estimated dimension 2 of 10 : 0.4750970800505938  | time taken : 17.824349880218506
 Thread 7 estimated dimension 2 of 10 : 0.5365140729413663  | time taken : 18.3524329662323
 Thread 1 estimated dimension 2 of 10 : 0.4965248419307177  | time taken : 18.729063272476196
 Thread 4 estimated dimension 2 of 10 : 0.5054716775464281  | time taken : 17.54311466217041
 Thread 3 estimated dimension 2 of 10 : 0.28540314781960185  | time taken : 30.467918634414673
 Thread 6 estimated dimension 3 of 10 : 0.3797443820564217  | time taken : 22.755403757095337
 Thread 5 estimated dimension 2 of 10 : 0.2941360029988896  | time taken : 29.147423028945923
 Thread 3 estimated dimension 3 of 10 : 0.6767862646371198  | time taken : 11.96981692314148
 Thread 7 estimated dimension 3 of 10 : 0.37805501128238783  | time taken : 21.757936000823975
 Thread 5 estimated dimension 3 of 10 : 0.6864006864067862  | time taken : 11.58541488647461
 Thread 1 estimated dimension 3 of 10 : 0.3649101681146477  | time taken : 24.033467769622803
 Thread 3 estimated dimension 4 of 10 : 1  | time taken : 7.929094552993774
 Thread 4 estimated dimension 3 of 10 : 0.36551971631131835  | time taken : 23.556583881378174
 Thread 5 estimated dimension 4 of 10 : 1  | time taken : 7.269750356674194
 Thread 1 estimated dimension 4 of 10 : 1  | time taken : 7.09885048866272
 Thread 2 estimated dimension 3 of 10 : 0.2263093501612474  | time taken : 37.07117938995361
 Thread 6 estimated dimension 4 of 10 : 0.3588886983693439  | time taken : 24.246743202209473
 Thread 7 estimated dimension 4 of 10 : 0.6427346886577968  | time taken : 13.796554565429688
 Thread 3 estimated dimension 5 of 10 : 1  | time taken : 7.417699098587036
 Thread 4 estimated dimension 4 of 10 : 0.9696047322191221  | time taken : 7.390407085418701
 Thread 5 estimated dimension 5 of 10 : 0.9789059941278574  | time taken : 7.794130802154541
 Thread 1 estimated dimension 5 of 10 : 0.973368437807824  | time taken : 7.797540664672852
 Thread 2 estimated dimension 4 of 10 : 1  | time taken : 7.854660987854004
 Thread 7 estimated dimension 5 of 10 : 1  | time taken : 7.642485857009888
 Thread 6 estimated dimension 5 of 10 : 1  | time taken : 7.9628846645355225
 Thread 3 estimated dimension 6 of 10 : 0.9936656991848237  | time taken : 7.478973150253296
 Thread 4 estimated dimension 5 of 10 : 1  | time taken : 7.636464357376099
 Thread 5 estimated dimension 6 of 10 : 1  | time taken : 7.678948163986206
 Thread 1 estimated dimension 6 of 10 : 1  | time taken : 8.000374794006348
 Thread 2 estimated dimension 5 of 10 : 0.994644809310439  | time taken : 7.710009813308716
 Thread 6 estimated dimension 6 of 10 : 0.9585607764401368  | time taken : 7.692009687423706
 Thread 4 estimated dimension 6 of 10 : 1  | time taken : 7.664591073989868
 Thread 1 estimated dimension 7 of 10 : 1  | time taken : 7.860830545425415
 Thread 2 estimated dimension 6 of 10 : 0.9936842538390994  | time taken : 7.615877866744995
 Thread 6 estimated dimension 7 of 10 : 1  | time taken : 7.621439456939697
 Thread 4 estimated dimension 7 of 10 : 0.9829347441727635  | time taken : 7.56726861000061
 Thread 7 estimated dimension 6 of 10 : 0.4526023817343946  | time taken : 17.945819854736328
 Thread 3 estimated dimension 7 of 10 : 0.48639240762967684  | time taken : 17.620731353759766
 Thread 5 estimated dimension 7 of 10 : 0.4711313426671541  | time taken : 17.193092584609985
 Thread 1 estimated dimension 8 of 10 : 1  | time taken : 7.651296854019165
 Thread 2 estimated dimension 7 of 10 : 1  | time taken : 7.0475172996521
 Thread 4 estimated dimension 8 of 10 : 0.9894743404647235  | time taken : 7.634217739105225
 Thread 7 estimated dimension 7 of 10 : 0.9956852726412823  | time taken : 7.46592116355896
 Thread 2 estimated dimension 8 of 10 : 1  | time taken : 7.557593107223511
 Thread 7 estimated dimension 8 of 10 : 1  | time taken : 7.631848096847534
 Thread 6 estimated dimension 8 of 10 : 0.4791493413120191  | time taken : 18.370591163635254
 Thread 3 estimated dimension 8 of 10 : 0.5551883059003552  | time taken : 15.85728669166565
 Thread 5 estimated dimension 8 of 10 : 0.5367939981473082  | time taken : 15.610318422317505
 Thread 1 estimated dimension 9 of 10 : 0.4618191805318036  | time taken : 18.003036737442017
 Thread 1 nsolns: 41131
 Thread 7 estimated dimension 9 of 10 : 1  | time taken : 7.460456371307373
 Thread 7 nsolns: 41997
 Thread 6 estimated dimension 9 of 10 : 1  | time taken : 7.087766647338867
 Thread 6 nsolns: 42074
 Thread 3 estimated dimension 9 of 10 : 1  | time taken : 7.411980152130127
 Thread 3 nsolns: 42005
 Thread 4 estimated dimension 9 of 10 : 0.44020235217940745  | time taken : 17.64130210876465
 Thread 4 nsolns: 40985
 Thread 5 estimated dimension 9 of 10 : 0.981979426289563  | time taken : 7.771074056625366
 Thread 5 nsolns: 41947
 Thread 2 estimated dimension 9 of 10 : 0.4454157534083938  | time taken : 18.01505184173584
 Thread 2 nsolns: 44271
 Thread 3 estimated dimension 0 of 10 : 0.5760140551578641  | time taken : 16.169095277786255
 Thread 4 estimated dimension 0 of 10 : 0.581047655837142  | time taken : 17.25441002845764
 Thread 7 estimated dimension 0 of 10 : 0.42175831860322116  | time taken : 26.200668811798096
 Thread 6 estimated dimension 0 of 10 : 0.40688864215646414  | time taken : 30.840842962265015
 Thread 1 estimated dimension 0 of 10 : 0.4051184239865243  | time taken : 33.64183735847473
 Thread 2 estimated dimension 0 of 10 : 0.41343852384795743  | time taken : 25.957401752471924
 Thread 5 estimated dimension 0 of 10 : 0.4042334243554712  | time taken : 34.27383637428284
 Thread 3 estimated dimension 1 of 10 : 0.38898407238893856  | time taken : 21.32550024986267
 Thread 4 estimated dimension 1 of 10 : 0.3825395956494691  | time taken : 23.04394268989563
 Thread 1 estimated dimension 1 of 10 : 0.5720639162385555  | time taken : 15.92302393913269
 Thread 6 estimated dimension 1 of 10 : 0.5612882808890938  | time taken : 16.558162927627563
 Thread 7 estimated dimension 1 of 10 : 0.42824960918787114  | time taken : 19.565459489822388
 Thread 2 estimated dimension 1 of 10 : 0.5661341772088796  | time taken : 16.462156534194946
 Thread 5 estimated dimension 1 of 10 : 0.5751059319288313  | time taken : 15.160832643508911
 Thread 3 estimated dimension 2 of 10 : 0.47123740874085884  | time taken : 18.58415913581848
 Thread 4 estimated dimension 2 of 10 : 0.45943250867117674  | time taken : 18.841821670532227
 Thread 5 estimated dimension 2 of 10 : 0.7191749879789476  | time taken : 12.267868041992188
 Thread 7 estimated dimension 2 of 10 : 0.5024727222627433  | time taken : 18.659024477005005
 Thread 4 estimated dimension 3 of 10 : 0.7541432762663781  | time taken : 11.669986009597778
 Thread 6 estimated dimension 2 of 10 : 0.29123605450356205  | time taken : 29.6828396320343
 Thread 1 estimated dimension 2 of 10 : 0.29024270685365194  | time taken : 31.905815362930298
 Thread 2 estimated dimension 2 of 10 : 0.28335458886868875  | time taken : 30.520593404769897
 Thread 4 estimated dimension 4 of 10 : 0.9892380863491875  | time taken : 7.748042106628418
 Thread 5 estimated dimension 3 of 10 : 0.388506303603153  | time taken : 22.584222316741943
 Thread 6 estimated dimension 3 of 10 : 0.6823810747251612  | time taken : 11.509963274002075
 Thread 7 estimated dimension 3 of 10 : 0.3643071551935998  | time taken : 23.48805856704712
 Thread 1 estimated dimension 3 of 10 : 0.6702769846770675  | time taken : 11.82720160484314
 Thread 2 estimated dimension 3 of 10 : 0.6645185860335785  | time taken : 11.78088927268982
 Thread 4 estimated dimension 5 of 10 : 0.6720872696646788  | time taken : 12.71705961227417
 Thread 6 estimated dimension 4 of 10 : 1  | time taken : 6.684315919876099
 Thread 3 estimated dimension 3 of 10 : 0.22782826833525388  | time taken : 37.7414014339447
 Thread 1 estimated dimension 4 of 10 : 0.9919028645866926  | time taken : 7.540749549865723
 Thread 2 estimated dimension 4 of 10 : 0.9952426570840035  | time taken : 7.632936000823975
 Thread 4 estimated dimension 6 of 10 : 1  | time taken : 8.068070411682129
 Thread 6 estimated dimension 5 of 10 : 0.9820028935037993  | time taken : 7.682795763015747
 Thread 7 estimated dimension 4 of 10 : 0.6271613307693695  | time taken : 13.398190975189209
 Thread 3 estimated dimension 4 of 10 : 1  | time taken : 7.657373428344727
 Thread 1 estimated dimension 5 of 10 : 0.9906724405673789  | time taken : 7.429421424865723
 Thread 2 estimated dimension 5 of 10 : 1  | time taken : 7.742632150650024
 Thread 6 estimated dimension 6 of 10 : 0.9892814555763032  | time taken : 7.98278021812439
 Thread 7 estimated dimension 5 of 10 : 1  | time taken : 7.8213112354278564
 Thread 5 estimated dimension 4 of 10 : 0.35513628501853295  | time taken : 24.813029289245605
 Thread 3 estimated dimension 5 of 10 : 0.979303463754359  | time taken : 7.795577526092529
 Thread 1 estimated dimension 6 of 10 : 0.9934943153862986  | time taken : 7.416440725326538
 Thread 2 estimated dimension 6 of 10 : 0.9825747023569434  | time taken : 7.733896732330322
 Thread 5 estimated dimension 5 of 10 : 1  | time taken : 7.7637763023376465
 Thread 3 estimated dimension 6 of 10 : 0.9967752142497368  | time taken : 7.5274341106414795
 Thread 4 estimated dimension 7 of 10 : 0.4597402531871052  | time taken : 20.044690370559692
 Thread 6 estimated dimension 7 of 10 : 0.4710955648431762  | time taken : 16.113179445266724
 Thread 5 estimated dimension 6 of 10 : 0.9869533913126936  | time taken : 7.60770845413208
 Thread 3 estimated dimension 7 of 10 : 1  | time taken : 8.032859325408936
 Thread 7 estimated dimension 6 of 10 : 0.46663142296669746  | time taken : 17.976320505142212
 Thread 1 estimated dimension 7 of 10 : 0.47687502564950995  | time taken : 16.720710039138794
 Thread 4 estimated dimension 8 of 10 : 1  | time taken : 7.2477781772613525
 Thread 2 estimated dimension 7 of 10 : 0.4852702982322396  | time taken : 17.197001218795776
 Thread 5 estimated dimension 7 of 10 : 0.9596029008917009  | time taken : 7.538219213485718
 Thread 3 estimated dimension 8 of 10 : 1  | time taken : 7.757302284240723
 Thread 7 estimated dimension 7 of 10 : 0.9848908560290257  | time taken : 7.949014902114868
 Thread 6 estimated dimension 8 of 10 : 0.5394478224442044  | time taken : 15.547831058502197
 Thread 7 estimated dimension 8 of 10 : 0.9962571979478729  | time taken : 7.529414892196655
 Thread 1 estimated dimension 8 of 10 : 0.5286466569135397  | time taken : 15.198623180389404
 Thread 2 estimated dimension 8 of 10 : 0.5386240673870375  | time taken : 15.27700686454773
 Thread 4 estimated dimension 9 of 10 : 0.4405136449521705  | time taken : 18.53818392753601
 Thread 4 nsolns: 40983
 Thread 6 estimated dimension 9 of 10 : 1  | time taken : 7.596188306808472
 Thread 6 nsolns: 41853
 Thread 7 estimated dimension 9 of 10 : 0.9975946403799971  | time taken : 7.204104423522949
 Thread 7 nsolns: 42353
 Thread 5 estimated dimension 8 of 10 : 0.47693611481802095  | time taken : 17.50442385673523
 Thread 1 estimated dimension 9 of 10 : 0.9878341782272437  | time taken : 7.718666076660156
 Thread 1 nsolns: 42028
 Thread 3 estimated dimension 9 of 10 : 0.4511994416386992  | time taken : 17.903151035308838
 Thread 3 nsolns: 44166
 Thread 2 estimated dimension 9 of 10 : 0.9938389131840669  | time taken : 7.292621612548828
 Thread 2 nsolns: 41950
 Thread 5 estimated dimension 9 of 10 : 1  | time taken : 7.617183208465576
 Thread 5 nsolns: 42030
 Thread 6 estimated dimension 0 of 10 : 0.576214968009999  | time taken : 15.698874473571777
 Thread 1 estimated dimension 0 of 10 : 0.5718207558990293  | time taken : 15.730569124221802
 Thread 4 estimated dimension 0 of 10 : 0.38944817131798914  | time taken : 25.445142030715942
 Thread 5 estimated dimension 0 of 10 : 0.5585490907189226  | time taken : 16.00913405418396
 Thread 3 estimated dimension 0 of 10 : 0.4173151041741051  | time taken : 22.866798162460327
 Thread 7 estimated dimension 0 of 10 : 0.40632712189408227  | time taken : 25.276392698287964
 Thread 2 estimated dimension 0 of 10 : 0.4027971125821562  | time taken : 25.550854206085205
 Thread 6 estimated dimension 1 of 10 : 0.37990784987755627  | time taken : 23.62433934211731
 Thread 4 estimated dimension 1 of 10 : 0.5547585957704829  | time taken : 16.350332021713257
 Thread 1 estimated dimension 1 of 10 : 0.37714818757702523  | time taken : 24.09274458885193
 Thread 7 estimated dimension 1 of 10 : 0.573110488506396  | time taken : 16.45521092414856
 Thread 2 estimated dimension 1 of 10 : 0.5776905118311119  | time taken : 16.45775055885315
 Thread 3 estimated dimension 1 of 10 : 0.422488766469943  | time taken : 21.38716411590576
 Thread 5 estimated dimension 1 of 10 : 0.37282010540966437  | time taken : 24.76254916191101
 Thread 4 estimated dimension 2 of 10 : 0.7154391310217505  | time taken : 12.514280319213867
 Thread 6 estimated dimension 2 of 10 : 0.5373636179687971  | time taken : 14.873033285140991
 Thread 2 estimated dimension 2 of 10 : 0.7120832013340481  | time taken : 11.614106178283691
 Thread 1 estimated dimension 2 of 10 : 0.4722872600923398  | time taken : 18.130446910858154
 Thread 3 estimated dimension 2 of 10 : 0.5013609148355326  | time taken : 18.503560543060303
 Thread 5 estimated dimension 2 of 10 : 0.47814682121036534  | time taken : 19.317471027374268
 Thread 7 estimated dimension 2 of 10 : 0.2999136683880366  | time taken : 29.448201179504395
 Thread 4 estimated dimension 3 of 10 : 0.39331910518538166  | time taken : 23.076207399368286
 Thread 2 estimated dimension 3 of 10 : 0.3894666712555255  | time taken : 21.927834033966064
 Thread 6 estimated dimension 3 of 10 : 0.2837335460574023  | time taken : 29.517812252044678
 Thread 7 estimated dimension 3 of 10 : 0.6963775462823176  | time taken : 11.541739463806152
 Thread 3 estimated dimension 3 of 10 : 0.37994674095216463  | time taken : 22.844438552856445
 Thread 7 estimated dimension 4 of 10 : 1  | time taken : 7.385875701904297
 Thread 6 estimated dimension 4 of 10 : 0.6246238122413637  | time taken : 13.716567277908325
 Thread 1 estimated dimension 3 of 10 : 0.22971299217305152  | time taken : 37.6701078414917
 Thread 7 estimated dimension 5 of 10 : 0.9922190704792405  | time taken : 7.348532676696777
 Thread 3 estimated dimension 4 of 10 : 0.6363356571839754  | time taken : 13.469369888305664
 Thread 4 estimated dimension 4 of 10 : 0.350238688697281  | time taken : 27.898940563201904
 Thread 2 estimated dimension 4 of 10 : 0.3557578283681102  | time taken : 24.670982360839844
 Thread 6 estimated dimension 5 of 10 : 0.9954547540393602  | time taken : 6.87699818611145
 Thread 1 estimated dimension 4 of 10 : 0.9907894215491041  | time taken : 7.719168424606323
 Thread 7 estimated dimension 6 of 10 : 0.9845592704236646  | time taken : 7.169916868209839
 Thread 5 estimated dimension 3 of 10 : 0.2322525874849392  | time taken : 37.13902807235718
 Thread 3 estimated dimension 5 of 10 : 1  | time taken : 7.693291425704956
 Thread 4 estimated dimension 5 of 10 : 1  | time taken : 7.6767096519470215
 Thread 2 estimated dimension 5 of 10 : 0.9812244026670973  | time taken : 7.746855735778809
 Thread 1 estimated dimension 5 of 10 : 1  | time taken : 7.436038494110107
 Thread 5 estimated dimension 4 of 10 : 0.9855975141218662  | time taken : 7.5700390338897705
 Thread 4 estimated dimension 6 of 10 : 0.9639122619426753  | time taken : 7.979409217834473
 Thread 6 estimated dimension 6 of 10 : 0.5478503819589329  | time taken : 15.15768027305603
 Thread 2 estimated dimension 6 of 10 : 1  | time taken : 7.8700034618377686
 Thread 1 estimated dimension 6 of 10 : 1  | time taken : 7.4498186111450195
 Thread 5 estimated dimension 5 of 10 : 0.979587791934466  | time taken : 7.8953773975372314
 Thread 7 estimated dimension 7 of 10 : 0.4789285754592353  | time taken : 16.2362642288208
 Thread 4 estimated dimension 7 of 10 : 1  | time taken : 7.841435194015503
 Thread 6 estimated dimension 7 of 10 : 0.9897822752156381  | time taken : 7.875324010848999
 Thread 2 estimated dimension 7 of 10 : 1  | time taken : 7.652146577835083
 Thread 3 estimated dimension 6 of 10 : 0.4515339700232276  | time taken : 17.773513317108154
 Thread 1 estimated dimension 7 of 10 : 1  | time taken : 7.373648405075073
 Thread 5 estimated dimension 6 of 10 : 1  | time taken : 7.591296195983887
 Thread 6 estimated dimension 8 of 10 : 0.97199424041257  | time taken : 7.555460691452026
 Thread 3 estimated dimension 7 of 10 : 0.9817721850762103  | time taken : 7.4779441356658936
 Thread 1 estimated dimension 8 of 10 : 0.9715053416431586  | time taken : 7.71976375579834
 Thread 5 estimated dimension 7 of 10 : 1  | time taken : 7.502273082733154
 Thread 7 estimated dimension 8 of 10 : 0.5287269306210048  | time taken : 15.855079174041748
 Thread 3 estimated dimension 8 of 10 : 0.9626499138384776  | time taken : 7.258488893508911
 Thread 6 estimated dimension 9 of 10 : 1  | time taken : 7.330492258071899
 Thread 6 nsolns: 42020
 Thread 5 estimated dimension 8 of 10 : 1  | time taken : 7.765108585357666
 Thread 2 estimated dimension 8 of 10 : 0.4623909089365154  | time taken : 18.086625814437866
 Thread 7 estimated dimension 9 of 10 : 1  | time taken : 7.480781078338623
 Thread 4 estimated dimension 8 of 10 : 0.46857201665890724  | time taken : 18.684629917144775
 Thread 7 nsolns: 41931
 Thread 3 estimated dimension 9 of 10 : 1  | time taken : 7.567912340164185
 Thread 3 nsolns: 42318
 Thread 2 estimated dimension 9 of 10 : 1  | time taken : 6.940478086471558
 Thread 2 nsolns: 42023
 Thread 4 estimated dimension 9 of 10 : 0.9752549697593929  | time taken : 7.640218734741211
 Thread 4 nsolns: 42237
 Thread 1 estimated dimension 9 of 10 : 0.451736083262439  | time taken : 17.982176542282104
 Thread 1 nsolns: 44232
 Thread 5 estimated dimension 9 of 10 : 0.4405962301156522  | time taken : 17.594868898391724
 Thread 5 nsolns: 44249
 Thread 6 estimated dimension 0 of 10 : 0.4011326001666414  | time taken : 24.89506983757019
 Thread 1 estimated dimension 0 of 10 : 0.5697002006462846  | time taken : 16.265073776245117
 Thread 7 estimated dimension 0 of 10 : 0.400905480144244  | time taken : 24.521947622299194
 Thread 3 estimated dimension 0 of 10 : 0.4130869865933603  | time taken : 25.71007776260376
 Thread 2 estimated dimension 0 of 10 : 0.40585004009664316  | time taken : 23.453287601470947
 Thread 4 estimated dimension 0 of 10 : 0.41304272496354383  | time taken : 23.9336040019989
 Thread 7 estimated dimension 1 of 10 : 0.5573636194041041  | time taken : 15.30467939376831
 Thread 5 estimated dimension 0 of 10 : 0.4075145886729394  | time taken : 24.958147525787354
 Thread 6 estimated dimension 1 of 10 : 0.43486063545172043  | time taken : 21.34385061264038
 Thread 3 estimated dimension 1 of 10 : 0.5622360720512372  | time taken : 16.904255390167236
 Thread 4 estimated dimension 1 of 10 : 0.5725526832084807  | time taken : 16.596484184265137
 Thread 1 estimated dimension 1 of 10 : 0.38107948825715554  | time taken : 24.51806664466858
 Thread 2 estimated dimension 1 of 10 : 0.41726669359862817  | time taken : 20.846579790115356
 Thread 7 estimated dimension 2 of 10 : 0.7372561964564577  | time taken : 11.360249996185303
 Thread 5 estimated dimension 1 of 10 : 0.5523684064697634  | time taken : 16.22886323928833
 Thread 6 estimated dimension 2 of 10 : 0.5096475717786482  | time taken : 17.566304922103882
 Thread 4 estimated dimension 2 of 10 : 0.7327178402901348  | time taken : 11.702571630477905
 Thread 1 estimated dimension 2 of 10 : 0.48285395419624805  | time taken : 17.811740398406982
 Thread 2 estimated dimension 2 of 10 : 0.5062546272156908  | time taken : 18.958160638809204
 Thread 7 estimated dimension 3 of 10 : 0.39328617316368153  | time taken : 23.3369562625885
 Thread 1 estimated dimension 3 of 10 : 0.7773701504999858  | time taken : 10.49081301689148
 Thread 3 estimated dimension 2 of 10 : 0.29354720117938893  | time taken : 31.70023465156555
 Thread 6 estimated dimension 3 of 10 : 0.3654729133834596  | time taken : 22.477585792541504
 Thread 4 estimated dimension 3 of 10 : 0.37844845490328394  | time taken : 22.602195262908936
 Thread 1 estimated dimension 4 of 10 : 0.9713595562762571  | time taken : 8.31721806526184
 Thread 3 estimated dimension 3 of 10 : 0.6851267514730588  | time taken : 11.99022388458252
 Thread 5 estimated dimension 2 of 10 : 0.2776369527057539  | time taken : 33.66542911529541
 Thread 2 estimated dimension 3 of 10 : 0.3699574716557236  | time taken : 22.226168155670166
 Thread 6 estimated dimension 4 of 10 : 0.6390153844687284  | time taken : 13.058664560317993
 Thread 3 estimated dimension 4 of 10 : 1  | time taken : 7.362690687179565
 Thread 1 estimated dimension 5 of 10 : 0.6617107485301279  | time taken : 13.175968885421753
 Thread 7 estimated dimension 4 of 10 : 0.3478324920809214  | time taken : 24.508979082107544
 Thread 5 estimated dimension 3 of 10 : 0.7044630544930177  | time taken : 11.527955770492554
 Thread 6 estimated dimension 5 of 10 : 1  | time taken : 7.9739837646484375
 Thread 2 estimated dimension 4 of 10 : 0.6417788991678944  | time taken : 12.98091745376587
 Thread 3 estimated dimension 5 of 10 : 0.985982096498396  | time taken : 7.204960584640503
 Thread 1 estimated dimension 6 of 10 : 1  | time taken : 7.799907445907593
 Thread 7 estimated dimension 5 of 10 : 0.990136637161897  | time taken : 7.538453102111816
 Thread 5 estimated dimension 4 of 10 : 0.9815611079603883  | time taken : 7.326078414916992
 Thread 4 estimated dimension 4 of 10 : 0.35331947961319166  | time taken : 28.337472438812256
 Thread 2 estimated dimension 5 of 10 : 0.9751926482306358  | time taken : 7.2013161182403564
 Thread 3 estimated dimension 6 of 10 : 1  | time taken : 8.093787431716919
 Thread 7 estimated dimension 6 of 10 : 0.9867772616711173  | time taken : 7.33508563041687
 Thread 5 estimated dimension 5 of 10 : 0.9829581719072678  | time taken : 7.478256702423096
 Thread 4 estimated dimension 5 of 10 : 0.9941066438101301  | time taken : 7.74770712852478
 Thread 7 estimated dimension 7 of 10 : 1  | time taken : 7.419823169708252
 Thread 6 estimated dimension 6 of 10 : 0.446622285671549  | time taken : 17.93369960784912
 Thread 1 estimated dimension 7 of 10 : 0.47081016435640183  | time taken : 19.542025566101074
 Thread 5 estimated dimension 6 of 10 : 1  | time taken : 8.148748397827148
 Thread 4 estimated dimension 6 of 10 : 0.9973215720288147  | time taken : 7.583910942077637
 Thread 6 estimated dimension 7 of 10 : 1  | time taken : 7.443267107009888
 Thread 2 estimated dimension 6 of 10 : 0.4530777232263479  | time taken : 17.646145820617676
 Thread 3 estimated dimension 7 of 10 : 0.4706660641913553  | time taken : 17.175458192825317
 Thread 1 estimated dimension 8 of 10 : 1  | time taken : 7.545807361602783
 Thread 4 estimated dimension 7 of 10 : 1  | time taken : 7.807863473892212
 Thread 6 estimated dimension 8 of 10 : 0.9940092624298958  | time taken : 7.673284530639648
 Thread 2 estimated dimension 7 of 10 : 0.9995029763270383  | time taken : 7.56379508972168
 Thread 7 estimated dimension 8 of 10 : 0.47053445825271706  | time taken : 18.365272760391235
 Thread 5 estimated dimension 7 of 10 : 0.47861704042349057  | time taken : 16.391524076461792
 Thread 6 estimated dimension 9 of 10 : 1  | time taken : 7.517637252807617
 Thread 6 nsolns: 42213
 Thread 2 estimated dimension 8 of 10 : 1  | time taken : 7.691889524459839
 Thread 3 estimated dimension 8 of 10 : 0.5352997834088506  | time taken : 15.74066162109375
 Thread 7 estimated dimension 9 of 10 : 0.9844942623464074  | time taken : 7.5572052001953125
 Thread 7 nsolns: 42088
 Thread 4 estimated dimension 8 of 10 : 0.4687969352043393  | time taken : 17.4113187789917
 Thread 2 estimated dimension 9 of 10 : 0.9904858993262559  | time taken : 7.162688493728638
 Thread 1 estimated dimension 9 of 10 : 0.4458530916182534  | time taken : 18.767645359039307
 Thread 1 nsolns: 40861
 Thread 2 nsolns: 42255
 Thread 3 estimated dimension 9 of 10 : 0.9748378255369354  | time taken : 7.257498502731323
 Thread 3 nsolns: 41984
 Thread 5 estimated dimension 8 of 10 : 0.5384904976178733  | time taken : 15.720800876617432
 Thread 4 estimated dimension 9 of 10 : 0.990033912135651  | time taken : 7.2543182373046875
 Thread 4 nsolns: 42026
 Thread 5 estimated dimension 9 of 10 : 0.9664905163609709  | time taken : 7.714779376983643
 Thread 5 nsolns: 42230
 Thread 1 estimated dimension 0 of 10 : 0.574951085946082  | time taken : 15.578993558883667
 Thread 6 estimated dimension 0 of 10 : 0.4021071734110396  | time taken : 25.137115955352783
 Thread 7 estimated dimension 0 of 10 : 0.40046552622100495  | time taken : 25.639075756072998
 Thread 2 estimated dimension 0 of 10 : 0.4081790891177521  | time taken : 24.01716637611389
 Thread 3 estimated dimension 0 of 10 : 0.4148658768304435  | time taken : 23.93058466911316
 Thread 4 estimated dimension 0 of 10 : 0.3979187993357574  | time taken : 25.458619832992554
 Thread 7 estimated dimension 1 of 10 : 0.5608045994470996  | time taken : 15.887553215026855
 Thread 6 estimated dimension 1 of 10 : 0.43107705678678715  | time taken : 21.41847324371338
 Thread 5 estimated dimension 0 of 10 : 0.40512656345898784  | time taken : 25.344645261764526
 Thread 1 estimated dimension 1 of 10 : 0.37959405381462136  | time taken : 23.991751432418823
 Thread 2 estimated dimension 1 of 10 : 0.5549551571224649  | time taken : 15.719671964645386
 Thread 3 estimated dimension 1 of 10 : 0.4234083019505897  | time taken : 21.46834397315979
 Thread 4 estimated dimension 1 of 10 : 0.5614442722142762  | time taken : 17.21727418899536
 Thread 5 estimated dimension 1 of 10 : 0.5593998618554212  | time taken : 16.091919422149658
 Thread 6 estimated dimension 2 of 10 : 0.5218674598061922  | time taken : 17.174813985824585
 Thread 1 estimated dimension 2 of 10 : 0.47496331497669575  | time taken : 19.36787247657776
 Thread 3 estimated dimension 2 of 10 : 0.49235233583827015  | time taken : 18.85774302482605
 Thread 7 estimated dimension 2 of 10 : 0.28897812213532303  | time taken : 31.00819444656372
 Thread 2 estimated dimension 2 of 10 : 0.28731185414132776  | time taken : 29.679746389389038
 Thread 6 estimated dimension 3 of 10 : 0.36546900720596476  | time taken : 23.328396797180176
 Thread 4 estimated dimension 2 of 10 : 0.2848703870666778  | time taken : 29.93538999557495
 Thread 7 estimated dimension 3 of 10 : 0.6856662493751882  | time taken : 11.919402599334717
 Thread 2 estimated dimension 3 of 10 : 0.6663854660745093  | time taken : 12.134877681732178
 Thread 5 estimated dimension 2 of 10 : 0.29352072009328023  | time taken : 30.859007120132446
 Thread 7 estimated dimension 4 of 10 : 1  | time taken : 7.664190769195557
 Thread 3 estimated dimension 3 of 10 : 0.3747789945349253  | time taken : 22.377551555633545
 Thread 2 estimated dimension 4 of 10 : 1  | time taken : 7.6735999584198
 Thread 4 estimated dimension 3 of 10 : 0.6753727109935962  | time taken : 12.580925226211548
 Thread 6 estimated dimension 4 of 10 : 0.6158136612720805  | time taken : 12.764017105102539
 Thread 7 estimated dimension 5 of 10 : 1  | time taken : 7.914871692657471
 Thread 1 estimated dimension 3 of 10 : 0.23515278235035705  | time taken : 36.37425994873047
 Thread 2 estimated dimension 5 of 10 : 0.9909731573632924  | time taken : 8.001177787780762
 Thread 5 estimated dimension 3 of 10 : 0.6870130960063278  | time taken : 11.928491830825806
 Thread 6 estimated dimension 5 of 10 : 0.989238918158237  | time taken : 7.439028024673462
 Thread 4 estimated dimension 4 of 10 : 1  | time taken : 7.817780494689941
 Thread 3 estimated dimension 4 of 10 : 0.6427710551769034  | time taken : 13.304443359375
 Thread 1 estimated dimension 4 of 10 : 0.9767632586277175  | time taken : 7.500765323638916
 Thread 7 estimated dimension 6 of 10 : 0.9999298966230199  | time taken : 7.635193347930908
 Thread 2 estimated dimension 6 of 10 : 0.9833841057258604  | time taken : 7.586476564407349
 Thread 5 estimated dimension 4 of 10 : 0.9960861253442577  | time taken : 7.777451992034912
 Thread 4 estimated dimension 5 of 10 : 0.9855555713391342  | time taken : 7.762652635574341
 Thread 3 estimated dimension 5 of 10 : 1  | time taken : 7.554096937179565
 Thread 1 estimated dimension 5 of 10 : 1  | time taken : 7.8201799392700195
 Thread 5 estimated dimension 5 of 10 : 1  | time taken : 7.855543375015259
 Thread 4 estimated dimension 6 of 10 : 1  | time taken : 8.045474290847778
 Thread 6 estimated dimension 6 of 10 : 0.4651908570954607  | time taken : 17.353973865509033
 Thread 1 estimated dimension 6 of 10 : 0.9909102807904324  | time taken : 7.681930780410767
 Thread 7 estimated dimension 7 of 10 : 0.472479390078599  | time taken : 17.02806544303894
 Thread 5 estimated dimension 6 of 10 : 0.9862236068465706  | time taken : 7.322450637817383
 Thread 2 estimated dimension 7 of 10 : 0.4793737837811908  | time taken : 16.49903154373169
 Thread 6 estimated dimension 7 of 10 : 1  | time taken : 7.7197840213775635
 Thread 1 estimated dimension 7 of 10 : 1  | time taken : 7.383418321609497
 Thread 3 estimated dimension 6 of 10 : 0.4629135477011366  | time taken : 17.83681035041809
 Thread 6 estimated dimension 8 of 10 : 0.9878799517728902  | time taken : 7.558614015579224
 Thread 4 estimated dimension 7 of 10 : 0.47026875689605463  | time taken : 17.42422080039978
 Thread 1 estimated dimension 8 of 10 : 1  | time taken : 7.743736028671265
 Thread 3 estimated dimension 7 of 10 : 0.9979632552334102  | time taken : 7.69890284538269
 Thread 7 estimated dimension 8 of 10 : 0.5367781376637354  | time taken : 15.607994318008423
 Thread 2 estimated dimension 8 of 10 : 0.5327528987537739  | time taken : 15.954429388046265
 Thread 5 estimated dimension 7 of 10 : 0.47337150937488653  | time taken : 16.536197423934937
 Thread 6 estimated dimension 9 of 10 : 0.984212298305181  | time taken : 7.337170600891113
 Thread 6 nsolns: 42218
 Thread 3 estimated dimension 8 of 10 : 0.9914725298407091  | time taken : 7.246775150299072
 Thread 7 estimated dimension 9 of 10 : 0.9720810193011187  | time taken : 7.611861228942871
 Thread 7 nsolns: 42007
 Thread 2 estimated dimension 9 of 10 : 0.9920366283449276  | time taken : 7.8902812004089355
 Thread 2 nsolns: 41956
 Thread 4 estimated dimension 8 of 10 : 0.5273645744257879  | time taken : 15.735015869140625
 Thread 3 estimated dimension 9 of 10 : 0.9933924110909258  | time taken : 7.8587117195129395
 Thread 3 nsolns: 42155
 Thread 1 estimated dimension 9 of 10 : 0.4482066115198592  | time taken : 17.410090684890747
 Thread 1 nsolns: 44337
 Thread 5 estimated dimension 8 of 10 : 0.5452991365652898  | time taken : 15.840034008026123
 Thread 6 estimated dimension 0 of 10 : 0.5917606007210633  | time taken : 15.742405414581299
 Thread 4 estimated dimension 9 of 10 : 0.9994025887253573  | time taken : 7.6560139656066895
 Thread 4 nsolns: 42001
 Thread 7 estimated dimension 0 of 10 : 0.5697682839621363  | time taken : 15.62234377861023
 Thread 2 estimated dimension 0 of 10 : 0.5717440300691584  | time taken : 14.771566152572632
 Thread 5 estimated dimension 9 of 10 : 0.98901295264006  | time taken : 7.365042209625244
 Thread 5 nsolns: 42004
 Thread 1 estimated dimension 0 of 10 : 0.5818708675987495  | time taken : 15.863909721374512
 Thread 3 estimated dimension 0 of 10 : 0.4124206434754064  | time taken : 24.568743467330933
 Thread 6 estimated dimension 1 of 10 : 0.37736307151031445  | time taken : 24.26124382019043
 Thread 4 estimated dimension 0 of 10 : 0.39885816107733774  | time taken : 24.89332866668701
 Thread 7 estimated dimension 1 of 10 : 0.38160918787807907  | time taken : 24.837051153182983
 Thread 2 estimated dimension 1 of 10 : 0.380457131708629  | time taken : 24.454037189483643
 Thread 5 estimated dimension 0 of 10 : 0.402814402485954  | time taken : 24.578603506088257
 Thread 1 estimated dimension 1 of 10 : 0.37406419281492115  | time taken : 24.34997034072876
 Thread 3 estimated dimension 1 of 10 : 0.43230891614878636  | time taken : 21.536115169525146
 Thread 6 estimated dimension 2 of 10 : 0.4711740607241773  | time taken : 17.424841165542603
 Thread 4 estimated dimension 1 of 10 : 0.5829854708458185  | time taken : 15.566428899765015
 Thread 7 estimated dimension 2 of 10 : 0.5281054882876799  | time taken : 15.97181224822998
 Thread 2 estimated dimension 2 of 10 : 0.5329552602565981  | time taken : 16.147135257720947
 Thread 5 estimated dimension 1 of 10 : 0.5575216438378057  | time taken : 16.946115016937256
 Thread 4 estimated dimension 2 of 10 : 0.7274472565801483  | time taken : 12.521030187606812
 Thread 1 estimated dimension 2 of 10 : 0.47055263222648663  | time taken : 18.18748116493225
 Thread 3 estimated dimension 2 of 10 : 0.5130615362091681  | time taken : 18.901033401489258
 Thread 7 estimated dimension 3 of 10 : 0.28307178542386996  | time taken : 31.037249326705933
 Thread 2 estimated dimension 3 of 10 : 0.2773318622985854  | time taken : 30.11958956718445
 Thread 4 estimated dimension 3 of 10 : 0.3824123081232122  | time taken : 22.142224550247192
 Thread 5 estimated dimension 2 of 10 : 0.2860830783484978  | time taken : 30.198376655578613
 Thread 6 estimated dimension 3 of 10 : 0.22836997026132355  | time taken : 36.49403381347656
 Thread 3 estimated dimension 3 of 10 : 0.36580205782123953  | time taken : 22.106218338012695
 Thread 6 estimated dimension 4 of 10 : 0.9836592108758277  | time taken : 7.390363931655884
 Thread 7 estimated dimension 4 of 10 : 0.6407703575115962  | time taken : 13.025561571121216
 Thread 2 estimated dimension 4 of 10 : 0.6322555601622554  | time taken : 13.781146049499512
 Thread 5 estimated dimension 3 of 10 : 0.6909448354385759  | time taken : 12.185109376907349
 Thread 6 estimated dimension 5 of 10 : 1  | time taken : 7.0116658210754395
 Thread 1 estimated dimension 3 of 10 : 0.22851889438861214  | time taken : 38.52718234062195
 Thread 3 estimated dimension 4 of 10 : 0.6440640881960937  | time taken : 13.537483930587769
 Thread 7 estimated dimension 5 of 10 : 0.9973056983110841  | time taken : 7.499921083450317
 Thread 2 estimated dimension 5 of 10 : 1  | time taken : 7.2995383739471436
 Thread 5 estimated dimension 4 of 10 : 0.9938441123119015  | time taken : 7.576118469238281
 Thread 6 estimated dimension 6 of 10 : 0.9873558621823347  | time taken : 7.626370429992676
 Thread 1 estimated dimension 4 of 10 : 1  | time taken : 7.106739282608032
 Thread 4 estimated dimension 4 of 10 : 0.35136288359727214  | time taken : 25.119866132736206
 Thread 3 estimated dimension 5 of 10 : 0.9830501810830004  | time taken : 7.467786073684692
 Thread 5 estimated dimension 5 of 10 : 1  | time taken : 7.585601806640625
 Thread 6 estimated dimension 7 of 10 : 0.9792306525218232  | time taken : 7.53067421913147
 Thread 1 estimated dimension 5 of 10 : 1  | time taken : 7.712430715560913
 Thread 4 estimated dimension 5 of 10 : 1  | time taken : 7.526439905166626
 Thread 2 estimated dimension 6 of 10 : 0.5537213441924564  | time taken : 14.619295597076416
 Thread 7 estimated dimension 6 of 10 : 0.5774506018867225  | time taken : 16.196579217910767
 Thread 5 estimated dimension 6 of 10 : 1  | time taken : 7.777562379837036
 Thread 6 estimated dimension 8 of 10 : 0.9993071114581031  | time taken : 6.743075132369995
 Thread 1 estimated dimension 6 of 10 : 1  | time taken : 7.691345453262329
 Thread 4 estimated dimension 6 of 10 : 1  | time taken : 7.61529541015625
 Thread 2 estimated dimension 7 of 10 : 1  | time taken : 7.83734655380249
 Thread 7 estimated dimension 7 of 10 : 1  | time taken : 7.480026006698608
 Thread 3 estimated dimension 6 of 10 : 0.4493570366096279  | time taken : 18.516690731048584
 Thread 1 estimated dimension 7 of 10 : 0.9931379569213592  | time taken : 7.79918646812439
 Thread 4 estimated dimension 7 of 10 : 0.9978566911546997  | time taken : 7.67540979385376
 Thread 2 estimated dimension 8 of 10 : 1  | time taken : 7.434859275817871
 Thread 7 estimated dimension 8 of 10 : 0.9851697151191702  | time taken : 7.531643867492676
 Thread 3 estimated dimension 7 of 10 : 1  | time taken : 7.450483322143555
 Thread 1 estimated dimension 8 of 10 : 1  | time taken : 6.155503749847412
 Thread 5 estimated dimension 7 of 10 : 0.4784779476998087  | time taken : 18.58756995201111
 Thread 2 estimated dimension 9 of 10 : 0.9986913953680087  | time taken : 4.636115550994873
 Thread 2 nsolns: 42219
 Thread 6 estimated dimension 9 of 10 : 0.4499423822214426  | time taken : 19.75411033630371
 Thread 6 nsolns: 44191
 Thread 7 estimated dimension 9 of 10 : 0.9939033975883337  | time taken : 7.559141397476196
 Thread 7 nsolns: 42047
 Thread 3 estimated dimension 8 of 10 : 1  | time taken : 7.666792631149292
 Thread 4 estimated dimension 8 of 10 : 0.4803608812649661  | time taken : 15.427203178405762
 Thread 3 estimated dimension 9 of 10 : 0.9925193017883733  | time taken : 7.282346725463867
 Thread 3 nsolns: 42174
 Thread 5 estimated dimension 8 of 10 : 0.5410636454847392  | time taken : 15.832168817520142
 Thread 4 estimated dimension 9 of 10 : 0.9912735595751037  | time taken : 7.575960397720337
 Thread 4 nsolns: 42080
 Thread 1 estimated dimension 9 of 10 : 0.45152151490498976  | time taken : 17.644202947616577
 Thread 1 nsolns: 44255
 Thread 2 estimated dimension 0 of 10 : 0.5653086032788447  | time taken : 15.781050682067871
 Thread 5 estimated dimension 9 of 10 : 0.9810225006719061  | time taken : 7.5445520877838135
 Thread 5 nsolns: 41955
 Thread 3 estimated dimension 0 of 10 : 0.5803104517056993  | time taken : 15.112069368362427
 Thread 6 estimated dimension 0 of 10 : 0.4003492163950579  | time taken : 26.031877040863037
 Thread 7 estimated dimension 0 of 10 : 0.4079080638169106  | time taken : 25.196691751480103
 Thread 4 estimated dimension 0 of 10 : 0.5679798847776896  | time taken : 16.029133319854736
 Thread 2 estimated dimension 1 of 10 : 0.3867151028188132  | time taken : 24.45428156852722
 Thread 1 estimated dimension 0 of 10 : 0.3982555305924567  | time taken : 25.29100728034973
 Thread 6 estimated dimension 1 of 10 : 0.5790835737731698  | time taken : 15.86084270477295
 Thread 7 estimated dimension 1 of 10 : 0.5685832413376649  | time taken : 15.49567699432373
 Thread 5 estimated dimension 0 of 10 : 0.41175853610759555  | time taken : 23.383718013763428
 Thread 3 estimated dimension 1 of 10 : 0.37923279708666424  | time taken : 24.80337905883789
 Thread 2 estimated dimension 2 of 10 : 0.5096524760125232  | time taken : 17.368471384048462
 Thread 4 estimated dimension 1 of 10 : 0.3781530552540928  | time taken : 27.309269189834595
 Thread 7 estimated dimension 2 of 10 : 0.7116437557142297  | time taken : 12.626041173934937
 Thread 5 estimated dimension 1 of 10 : 0.5817894927405111  | time taken : 16.90281105041504
 Thread 1 estimated dimension 1 of 10 : 0.43096882065631464  | time taken : 22.387038707733154
 Thread 3 estimated dimension 2 of 10 : 0.47919203859744325  | time taken : 16.894663095474243
 Thread 6 estimated dimension 2 of 10 : 0.2879074921454241  | time taken : 30.267884254455566
 Thread 4 estimated dimension 2 of 10 : 0.4710833070567247  | time taken : 19.00245475769043
 Thread 3 estimated dimension 3 of 10 : 0.7778643885238959  | time taken : 11.037014245986938
 Thread 7 estimated dimension 3 of 10 : 0.3839021022639224  | time taken : 22.272011756896973
 Thread 1 estimated dimension 2 of 10 : 0.5119871304261877  | time taken : 18.17602252960205
 Thread 6 estimated dimension 3 of 10 : 0.6738336361890532  | time taken : 11.576021671295166
 Thread 2 estimated dimension 3 of 10 : 0.2810210134833199  | time taken : 30.063082456588745
 Thread 3 estimated dimension 4 of 10 : 1  | time taken : 7.362221717834473
 Thread 6 estimated dimension 4 of 10 : 0.989218404759285  | time taken : 7.984082221984863
 Thread 5 estimated dimension 2 of 10 : 0.2840325000278268  | time taken : 31.725298404693604
 Thread 2 estimated dimension 4 of 10 : 0.6409027889580056  | time taken : 13.016098737716675
 Thread 3 estimated dimension 5 of 10 : 0.6639647655182592  | time taken : 12.98496389389038
 Thread 6 estimated dimension 5 of 10 : 0.9558241750904417  | time taken : 7.675727367401123
 Thread 1 estimated dimension 3 of 10 : 0.3698043229438308  | time taken : 23.650005102157593
 Thread 7 estimated dimension 4 of 10 : 0.3602709693667527  | time taken : 25.27297067642212
 Thread 5 estimated dimension 3 of 10 : 0.7027191081536712  | time taken : 11.570237874984741
 Thread 2 estimated dimension 5 of 10 : 1  | time taken : 7.316845417022705
 Thread 3 estimated dimension 6 of 10 : 1  | time taken : 7.484916687011719
 Thread 6 estimated dimension 6 of 10 : 0.9634544743145003  | time taken : 7.360353708267212
 Thread 5 estimated dimension 4 of 10 : 0.9891548873080327  | time taken : 7.560219049453735
 Thread 7 estimated dimension 5 of 10 : 1  | time taken : 7.607649564743042
 Thread 4 estimated dimension 3 of 10 : 0.23307136037361942  | time taken : 37.16819620132446
 Thread 1 estimated dimension 4 of 10 : 0.6522653243949978  | time taken : 12.579075813293457
 Thread 5 estimated dimension 5 of 10 : 0.9662962369704673  | time taken : 7.52309513092041
 Thread 2 estimated dimension 6 of 10 : 0.5483779802206573  | time taken : 14.454229354858398
 Thread 7 estimated dimension 6 of 10 : 0.9880948971557135  | time taken : 8.107735395431519
 Thread 4 estimated dimension 4 of 10 : 1  | time taken : 7.92608642578125
 Thread 6 estimated dimension 7 of 10 : 0.4851345544057067  | time taken : 16.362929344177246
 Thread 1 estimated dimension 5 of 10 : 0.9784587943799499  | time taken : 7.901001930236816
 Thread 3 estimated dimension 7 of 10 : 0.4554094802232116  | time taken : 18.505995750427246
 Thread 5 estimated dimension 6 of 10 : 1  | time taken : 7.380917072296143
 Thread 2 estimated dimension 7 of 10 : 1  | time taken : 7.4192423820495605
 Thread 7 estimated dimension 7 of 10 : 1  | time taken : 7.7244553565979
 Thread 4 estimated dimension 5 of 10 : 1  | time taken : 7.76962423324585
 Thread 3 estimated dimension 8 of 10 : 1  | time taken : 7.775543928146362
 Thread 2 estimated dimension 8 of 10 : 0.9793882579111205  | time taken : 7.605324029922485
 Thread 4 estimated dimension 6 of 10 : 1  | time taken : 7.705048561096191
 Thread 6 estimated dimension 8 of 10 : 0.5348367150847625  | time taken : 16.155943393707275
 Thread 1 estimated dimension 6 of 10 : 0.46372862154990024  | time taken : 18.000606298446655
 Thread 2 estimated dimension 9 of 10 : 1  | time taken : 7.196877479553223
 Thread 2 nsolns: 42313
 Thread 5 estimated dimension 7 of 10 : 0.4862344814214668  | time taken : 16.478496313095093
 Thread 4 estimated dimension 7 of 10 : 0.9540893881802225  | time taken : 7.382718563079834
 Thread 7 estimated dimension 8 of 10 : 0.4695841793583245  | time taken : 17.745476245880127
 Thread 6 estimated dimension 9 of 10 : 1  | time taken : 7.633758783340454
 Thread 6 nsolns: 42124
 Thread 1 estimated dimension 7 of 10 : 0.9967202857758684  | time taken : 6.905648708343506
 Thread 4 estimated dimension 8 of 10 : 1  | time taken : 7.186220169067383
 Thread 3 estimated dimension 9 of 10 : 0.4538189991024508  | time taken : 18.3113055229187
 Thread 3 nsolns: 40870
 Thread 7 estimated dimension 9 of 10 : 0.9968513516722678  | time taken : 7.480165958404541
 Thread 7 nsolns: 42072
 Thread 1 estimated dimension 8 of 10 : 0.987330160786538  | time taken : 7.713732004165649
 Thread 5 estimated dimension 8 of 10 : 0.5380322831185845  | time taken : 15.430582523345947
 Thread 6 estimated dimension 0 of 10 : 0.5714637374196209  | time taken : 15.961083889007568
 Thread 1 estimated dimension 9 of 10 : 0.9919359246789483  | time taken : 7.723300933837891
 Thread 1 nsolns: 42221
 Thread 5 estimated dimension 9 of 10 : 1  | time taken : 7.311066389083862
 Thread 5 nsolns: 41881
 Thread 2 estimated dimension 0 of 10 : 0.39691519832260813  | time taken : 25.947614192962646
 Thread 4 estimated dimension 9 of 10 : 0.45171111314008605  | time taken : 17.978352308273315
 Thread 4 nsolns: 44229
 Thread 7 estimated dimension 0 of 10 : 0.593832926227009  | time taken : 15.728347778320312
 Thread 3 estimated dimension 0 of 10 : 0.4033281370120199  | time taken : 24.76022982597351
 Thread 2 estimated dimension 1 of 10 : 0.5487043561976066  | time taken : 16.013027906417847
 Thread 6 estimated dimension 1 of 10 : 0.3732821882782843  | time taken : 24.488142013549805
 Thread 1 estimated dimension 0 of 10 : 0.4097371244254367  | time taken : 24.00006651878357
 Thread 5 estimated dimension 0 of 10 : 0.4036278198348308  | time taken : 24.8193199634552
 Thread 3 estimated dimension 1 of 10 : 0.5680475373748732  | time taken : 16.27437973022461
 Thread 7 estimated dimension 1 of 10 : 0.3915714522456334  | time taken : 24.214643716812134
 Thread 4 estimated dimension 0 of 10 : 0.40295939154325233  | time taken : 25.30702829360962
 Thread 2 estimated dimension 2 of 10 : 0.7072410223534311  | time taken : 11.171354293823242
 Thread 1 estimated dimension 1 of 10 : 0.5587094605773874  | time taken : 15.581634521484375
 Thread 3 estimated dimension 2 of 10 : 0.7184384516065538  | time taken : 11.879730701446533
 Thread 6 estimated dimension 2 of 10 : 0.46895038236049913  | time taken : 17.710313081741333
 Thread 5 estimated dimension 1 of 10 : 0.563913015411262  | time taken : 16.74129366874695
 Thread 7 estimated dimension 2 of 10 : 0.4885282896504504  | time taken : 18.381624698638916
 Thread 4 estimated dimension 1 of 10 : 0.4259052684060355  | time taken : 21.50097131729126
 Thread 6 estimated dimension 3 of 10 : 0.7626063303428834  | time taken : 11.185266971588135
 Thread 2 estimated dimension 3 of 10 : 0.3914883768084413  | time taken : 22.55902910232544
 Thread 6 estimated dimension 4 of 10 : 0.986911588981932  | time taken : 8.026666164398193
 Thread 3 estimated dimension 3 of 10 : 0.39159182381728036  | time taken : 23.15438485145569
 Thread 4 estimated dimension 2 of 10 : 0.4996043263825069  | time taken : 18.400186777114868
 Thread 1 estimated dimension 2 of 10 : 0.28596542154055954  | time taken : 31.580986261367798
 Thread 6 estimated dimension 5 of 10 : 0.6554290979446266  | time taken : 12.487336874008179
 Thread 5 estimated dimension 2 of 10 : 0.28143901092224305  | time taken : 30.692553520202637
 Thread 2 estimated dimension 4 of 10 : 0.34889722329872636  | time taken : 25.41907286643982
 Thread 6 estimated dimension 6 of 10 : 1  | time taken : 8.01833176612854
 Thread 1 estimated dimension 3 of 10 : 0.6908437856737555  | time taken : 11.578482151031494
 Thread 7 estimated dimension 3 of 10 : 0.2297110110488341  | time taken : 36.96008038520813
 Thread 5 estimated dimension 3 of 10 : 0.6881845575507286  | time taken : 11.908198833465576
 Thread 2 estimated dimension 5 of 10 : 0.9954892504169773  | time taken : 7.585721254348755
 Thread 3 estimated dimension 4 of 10 : 0.35590634132163884  | time taken : 26.253206491470337
 Thread 1 estimated dimension 4 of 10 : 0.9732212309127763  | time taken : 8.033257961273193
 Thread 7 estimated dimension 4 of 10 : 1  | time taken : 7.1232075691223145
 Thread 4 estimated dimension 3 of 10 : 0.3783807870773175  | time taken : 22.583484649658203
 Thread 5 estimated dimension 4 of 10 : 1  | time taken : 7.269289255142212
 Thread 2 estimated dimension 6 of 10 : 1  | time taken : 7.670414209365845
 Thread 3 estimated dimension 5 of 10 : 0.9929254819113245  | time taken : 7.617528676986694
 Thread 1 estimated dimension 5 of 10 : 1  | time taken : 7.434428453445435
 Thread 7 estimated dimension 5 of 10 : 0.9919050142181606  | time taken : 7.626835584640503
 Thread 6 estimated dimension 7 of 10 : 0.4719034453177175  | time taken : 19.263185024261475
 Thread 5 estimated dimension 5 of 10 : 1  | time taken : 7.671828508377075
 Thread 2 estimated dimension 7 of 10 : 0.9806783906219136  | time taken : 7.551852703094482
 Thread 3 estimated dimension 6 of 10 : 0.9905953415863678  | time taken : 7.9474639892578125
 Thread 1 estimated dimension 6 of 10 : 1  | time taken : 7.620126724243164
 Thread 4 estimated dimension 4 of 10 : 0.6446212304915309  | time taken : 13.134249210357666
 Thread 7 estimated dimension 6 of 10 : 0.991927668281831  | time taken : 7.557712078094482
 Thread 6 estimated dimension 8 of 10 : 1  | time taken : 7.4906604290008545
 Thread 5 estimated dimension 6 of 10 : 1  | time taken : 7.665054798126221
 Thread 3 estimated dimension 7 of 10 : 0.997822728069694  | time taken : 7.709716796875
 Thread 4 estimated dimension 5 of 10 : 0.9894260229886209  | time taken : 7.679387331008911
 Thread 7 estimated dimension 7 of 10 : 1  | time taken : 7.9694602489471436
 Thread 2 estimated dimension 8 of 10 : 0.47081105770883863  | time taken : 18.282078742980957
 Thread 7 estimated dimension 8 of 10 : 0.9890472369857553  | time taken : 7.6171393394470215
 Thread 1 estimated dimension 7 of 10 : 0.4766243318034499  | time taken : 17.68437695503235
 Thread 6 estimated dimension 9 of 10 : 0.45753226681878384  | time taken : 18.056195974349976
 Thread 6 nsolns: 40889
 Thread 5 estimated dimension 7 of 10 : 0.4874090238436432  | time taken : 16.4445481300354
 Thread 2 estimated dimension 9 of 10 : 0.9872099051951679  | time taken : 7.56024169921875
 Thread 2 nsolns: 42140
 Thread 3 estimated dimension 8 of 10 : 0.4688382409402869  | time taken : 17.983938694000244
 Thread 4 estimated dimension 6 of 10 : 0.46324753157906956  | time taken : 17.750744342803955
 Thread 3 estimated dimension 9 of 10 : 1  | time taken : 7.860688924789429
 Thread 1 estimated dimension 8 of 10 : 0.5382240686958677  | time taken : 15.469778776168823
 Thread 3 nsolns: 42006
 Thread 4 estimated dimension 7 of 10 : 0.9902998928792746  | time taken : 7.674821853637695
 Thread 7 estimated dimension 9 of 10 : 0.43664938246227314  | time taken : 17.68181610107422
 Thread 7 nsolns: 44399
 Thread 5 estimated dimension 8 of 10 : 0.5209781214949576  | time taken : 15.430108785629272
 Thread 1 estimated dimension 9 of 10 : 0.9786228763880213  | time taken : 7.470494985580444
 Thread 4 estimated dimension 8 of 10 : 1  | time taken : 7.041806221008301
 Thread 1 nsolns: 42046
 Thread 5 estimated dimension 9 of 10 : 1  | time taken : 7.256587028503418
 Thread 5 nsolns: 42000
 Thread 6 estimated dimension 0 of 10 : 0.4031551357789049  | time taken : 25.137840270996094
 Thread 2 estimated dimension 0 of 10 : 0.40712803180242374  | time taken : 24.673909425735474
 Thread 4 estimated dimension 9 of 10 : 0.9916737887536583  | time taken : 7.372402667999268
 Thread 4 nsolns: 42400
 Thread 7 estimated dimension 0 of 10 : 0.5669177304704133  | time taken : 15.756412506103516
 Thread 3 estimated dimension 0 of 10 : 0.4067804591591386  | time taken : 25.99815535545349
 Thread 4 estimated dimension 0 of 10 : 0.5847972752124778  | time taken : 15.342411279678345
 Thread 2 estimated dimension 1 of 10 : 0.5623210195014974  | time taken : 16.815287590026855
 Thread 1 estimated dimension 0 of 10 : 0.40883631901628503  | time taken : 25.136635541915894
 Thread 6 estimated dimension 1 of 10 : 0.4324514521778591  | time taken : 20.619916915893555
 Thread 5 estimated dimension 0 of 10 : 0.4010787487416719  | time taken : 23.069059133529663
 Thread 7 estimated dimension 1 of 10 : 0.37912389589157397  | time taken : 24.198741674423218
 Thread 3 estimated dimension 1 of 10 : 0.5450306323878616  | time taken : 16.306200742721558
 Thread 5 estimated dimension 1 of 10 : 0.5645663080222687  | time taken : 15.99845814704895
 Thread 6 estimated dimension 2 of 10 : 0.5060825390269674  | time taken : 19.0457501411438
 Thread 1 estimated dimension 1 of 10 : 0.4237841824004466  | time taken : 21.808409452438354
 Thread 4 estimated dimension 1 of 10 : 0.3775173260222569  | time taken : 24.346343755722046
 Thread 7 estimated dimension 2 of 10 : 0.4740361554278504  | time taken : 18.37796950340271
 Thread 5 estimated dimension 2 of 10 : 0.7361335050696041  | time taken : 11.692460775375366
 Thread 2 estimated dimension 2 of 10 : 0.28982647719214816  | time taken : 30.582688808441162
 Thread 1 estimated dimension 2 of 10 : 0.5066083929357669  | time taken : 17.662742853164673
 Thread 4 estimated dimension 2 of 10 : 0.47835950831501717  | time taken : 18.503699779510498
 Thread 2 estimated dimension 3 of 10 : 0.6834390675237799  | time taken : 11.831809759140015
 Thread 3 estimated dimension 2 of 10 : 0.2864106854541072  | time taken : 31.3720486164093
 Thread 6 estimated dimension 3 of 10 : 0.3695906994790299  | time taken : 22.995307445526123
 Thread 2 estimated dimension 4 of 10 : 1  | time taken : 7.83533239364624
 Thread 5 estimated dimension 3 of 10 : 0.3884062762602117  | time taken : 23.030039310455322
 Thread 4 estimated dimension 3 of 10 : 0.7696814300410115  | time taken : 11.262962341308594
 Thread 3 estimated dimension 3 of 10 : 0.688899597476017  | time taken : 12.14972996711731
 Thread 6 estimated dimension 4 of 10 : 0.6459247526523603  | time taken : 13.018399238586426
 Thread 2 estimated dimension 5 of 10 : 1  | time taken : 7.272066831588745
 Thread 4 estimated dimension 4 of 10 : 1  | time taken : 7.924638986587524
 Thread 3 estimated dimension 4 of 10 : 0.9950335612748968  | time taken : 7.603774785995483
 Thread 6 estimated dimension 5 of 10 : 0.9985187252696782  | time taken : 7.7516210079193115
 Thread 1 estimated dimension 3 of 10 : 0.36429411307186155  | time taken : 23.487133979797363
 Thread 2 estimated dimension 6 of 10 : 0.99413698808602  | time taken : 7.51436185836792
 Thread 7 estimated dimension 3 of 10 : 0.22980750726020593  | time taken : 37.845947265625
 Thread 3 estimated dimension 5 of 10 : 1  | time taken : 7.479548692703247
 Thread 4 estimated dimension 5 of 10 : 0.6529574497469558  | time taken : 12.75587773323059
 Thread 7 estimated dimension 4 of 10 : 1  | time taken : 8.022738218307495
 Thread 3 estimated dimension 6 of 10 : 1  | time taken : 7.688497304916382
 Thread 5 estimated dimension 4 of 10 : 0.3576147558062575  | time taken : 25.202143669128418
 Thread 1 estimated dimension 4 of 10 : 0.6359712965332776  | time taken : 13.087029695510864
 Thread 4 estimated dimension 6 of 10 : 0.9740824333344885  | time taken : 7.019977331161499
 Thread 6 estimated dimension 6 of 10 : 0.4539772946576057  | time taken : 17.229686737060547
 Thread 2 estimated dimension 7 of 10 : 0.4780554003971061  | time taken : 16.862574100494385
 Thread 7 estimated dimension 5 of 10 : 0.9929133586186785  | time taken : 7.633698225021362
 Thread 1 estimated dimension 5 of 10 : 0.9655178505529078  | time taken : 7.29767918586731
 Thread 5 estimated dimension 5 of 10 : 0.9992471582301972  | time taken : 7.726047039031982
 Thread 6 estimated dimension 7 of 10 : 0.967057161283533  | time taken : 7.7193074226379395
 Thread 7 estimated dimension 6 of 10 : 1  | time taken : 7.638746023178101
 Thread 5 estimated dimension 6 of 10 : 0.9880961504057837  | time taken : 7.974984169006348
 Thread 3 estimated dimension 7 of 10 : 0.48276839841083236  | time taken : 17.355462789535522
 Thread 7 estimated dimension 7 of 10 : 1  | time taken : 7.536834955215454
 Thread 6 estimated dimension 8 of 10 : 1  | time taken : 7.856415510177612
 Thread 2 estimated dimension 8 of 10 : 0.5549362236821619  | time taken : 15.705570697784424
 Thread 4 estimated dimension 7 of 10 : 0.4751614022806779  | time taken : 17.403069496154785
 Thread 5 estimated dimension 7 of 10 : 1  | time taken : 7.7608208656311035
 Thread 1 estimated dimension 6 of 10 : 0.45070415191370516  | time taken : 17.28166651725769
 Thread 6 estimated dimension 9 of 10 : 0.9824545897673858  | time taken : 7.528447866439819
 Thread 2 estimated dimension 9 of 10 : 1  | time taken : 7.39902138710022
 Thread 6 nsolns: 42299
 Thread 2 nsolns: 41892
 Thread 7 estimated dimension 8 of 10 : 0.9990589587724791  | time taken : 8.11350417137146
 Thread 4 estimated dimension 8 of 10 : 1  | time taken : 7.51455020904541
 Thread 1 estimated dimension 7 of 10 : 0.9929269987235305  | time taken : 7.715563058853149
 Thread 3 estimated dimension 8 of 10 : 0.5407631227787243  | time taken : 15.65268087387085
 Thread 1 estimated dimension 8 of 10 : 0.9573817757565386  | time taken : 7.434203386306763
 Thread 3 estimated dimension 9 of 10 : 1  | time taken : 7.417319059371948
 Thread 3 nsolns: 41937
 Thread 5 estimated dimension 8 of 10 : 0.4657952589905966  | time taken : 17.301502466201782
 Thread 4 estimated dimension 9 of 10 : 0.44242553077897495  | time taken : 17.681920051574707
 Thread 4 nsolns: 40931
 Thread 7 estimated dimension 9 of 10 : 0.4442798006072303  | time taken : 18.117729663848877
 Thread 7 nsolns: 44379
 Thread 1 estimated dimension 9 of 10 : 1  | time taken : 7.71119236946106
 Thread 1 nsolns: 42268
 Thread 5 estimated dimension 9 of 10 : 1  | time taken : 7.450751304626465
 Thread 5 nsolns: 42023
 Thread 6 estimated dimension 0 of 10 : 0.41714701801124665  | time taken : 25.02836513519287
 Thread 2 estimated dimension 0 of 10 : 0.40234347075119614  | time taken : 25.043195247650146
 Thread 3 estimated dimension 0 of 10 : 0.4051115056875292  | time taken : 24.479250192642212
 Thread 6 estimated dimension 1 of 10 : 0.55885526382977  | time taken : 16.15092158317566
 Thread 4 estimated dimension 0 of 10 : 0.3929532921581826  | time taken : 23.32593011856079
 Thread 7 estimated dimension 0 of 10 : 0.40771693961240607  | time taken : 24.659072160720825
 Thread 1 estimated dimension 0 of 10 : 0.3947870543025808  | time taken : 24.322118043899536
 Thread 2 estimated dimension 1 of 10 : 0.43744841906640336  | time taken : 21.9902560710907
 Thread 5 estimated dimension 0 of 10 : 0.41263332561138205  | time taken : 26.393653631210327
 Thread 4 estimated dimension 1 of 10 : 0.5745747647978708  | time taken : 16.387192487716675
 Thread 3 estimated dimension 1 of 10 : 0.4326594630511461  | time taken : 21.821590185165405
 Thread 1 estimated dimension 1 of 10 : 0.5685922310373146  | time taken : 16.064000844955444
 Thread 5 estimated dimension 1 of 10 : 0.5505645607792975  | time taken : 16.419039726257324
 Thread 2 estimated dimension 2 of 10 : 0.5142876748972578  | time taken : 17.606674194335938
 Thread 7 estimated dimension 1 of 10 : 0.4324295898696905  | time taken : 21.865214347839355
 Thread 4 estimated dimension 2 of 10 : 0.7211342287956289  | time taken : 12.154527187347412
 Thread 6 estimated dimension 2 of 10 : 0.2854134683971612  | time taken : 32.28547668457031
 Thread 3 estimated dimension 2 of 10 : 0.519513081990646  | time taken : 18.059680461883545
 Thread 7 estimated dimension 2 of 10 : 0.5263815490490785  | time taken : 17.809289693832397
 Thread 6 estimated dimension 3 of 10 : 0.706452830773714  | time taken : 11.922937154769897
 Thread 2 estimated dimension 3 of 10 : 0.37406056576177493  | time taken : 22.709858894348145
 Thread 1 estimated dimension 2 of 10 : 0.2861507964715771  | time taken : 31.357479333877563
 Thread 6 estimated dimension 4 of 10 : 1  | time taken : 7.626127004623413
 Thread 4 estimated dimension 3 of 10 : 0.3913017362123253  | time taken : 22.507036924362183
 Thread 5 estimated dimension 2 of 10 : 0.2896922612520051  | time taken : 31.70297884941101
 Thread 3 estimated dimension 3 of 10 : 0.3624339914815365  | time taken : 22.455535173416138
 Thread 2 estimated dimension 4 of 10 : 0.6383482318484679  | time taken : 12.800814867019653
 Thread 6 estimated dimension 5 of 10 : 1  | time taken : 7.301689386367798
 Thread 1 estimated dimension 3 of 10 : 0.6966990994308581  | time taken : 12.188651323318481
 Thread 5 estimated dimension 3 of 10 : 0.6771433511485906  | time taken : 11.045472621917725
 Thread 7 estimated dimension 3 of 10 : 0.36484609128582485  | time taken : 24.356889963150024
 Thread 2 estimated dimension 5 of 10 : 1  | time taken : 7.612904071807861
 Thread 6 estimated dimension 6 of 10 : 1  | time taken : 7.7054572105407715
 Thread 1 estimated dimension 4 of 10 : 1  | time taken : 7.5463337898254395
 Thread 3 estimated dimension 4 of 10 : 0.6506677544107563  | time taken : 13.141098499298096
 Thread 5 estimated dimension 4 of 10 : 0.9889678713354787  | time taken : 7.710916042327881
 Thread 1 estimated dimension 5 of 10 : 1  | time taken : 7.565490007400513
 Thread 3 estimated dimension 5 of 10 : 1  | time taken : 7.17660665512085
 Thread 4 estimated dimension 4 of 10 : 0.3524316940647446  | time taken : 27.60815453529358
 Thread 7 estimated dimension 4 of 10 : 0.6320691351001652  | time taken : 13.239379405975342
 Thread 5 estimated dimension 5 of 10 : 0.9943728699855175  | time taken : 7.40090012550354
 Thread 6 estimated dimension 7 of 10 : 0.47606210780754754  | time taken : 16.671117544174194
 Thread 2 estimated dimension 6 of 10 : 0.4607777825999752  | time taken : 17.631875038146973
 Thread 1 estimated dimension 6 of 10 : 1  | time taken : 7.412673473358154
 Thread 4 estimated dimension 5 of 10 : 1  | time taken : 7.644171237945557
 Thread 7 estimated dimension 5 of 10 : 1  | time taken : 7.494525671005249
 Thread 5 estimated dimension 6 of 10 : 0.9993927147763944  | time taken : 7.679525136947632
 Thread 2 estimated dimension 7 of 10 : 0.9946606546676755  | time taken : 7.7128307819366455
 Thread 4 estimated dimension 6 of 10 : 0.9790385249480286  | time taken : 7.67454195022583
 Thread 3 estimated dimension 6 of 10 : 0.45399956245450485  | time taken : 17.81194519996643
 Thread 6 estimated dimension 8 of 10 : 0.540040122585042  | time taken : 16.328267097473145
 Thread 2 estimated dimension 8 of 10 : 0.9996257677191798  | time taken : 7.781632661819458
 Thread 4 estimated dimension 7 of 10 : 0.9796641098965009  | time taken : 7.694313287734985
 Thread 1 estimated dimension 7 of 10 : 0.47481338487442526  | time taken : 16.99527931213379
 Thread 3 estimated dimension 7 of 10 : 0.9618587962053397  | time taken : 7.331559181213379
 Thread 7 estimated dimension 6 of 10 : 0.4660071230643019  | time taken : 17.401223182678223
 Thread 5 estimated dimension 7 of 10 : 0.47927971011218606  | time taken : 16.77428412437439
 Thread 6 estimated dimension 9 of 10 : 1  | time taken : 7.020930767059326
 Thread 6 nsolns: 42028
 Thread 2 estimated dimension 9 of 10 : 0.9980343609162686  | time taken : 7.607576608657837
 Thread 2 nsolns: 42327
 Thread 3 estimated dimension 8 of 10 : 0.9707831981754286  | time taken : 6.225588083267212
 Thread 7 estimated dimension 7 of 10 : 0.9785442540923587  | time taken : 6.087812185287476
 Thread 1 estimated dimension 8 of 10 : 0.5359899837931125  | time taken : 12.61500096321106
 Thread 3 estimated dimension 9 of 10 : 0.9952138628914646  | time taken : 5.661003828048706
 Thread 7 estimated dimension 8 of 10 : 1  | time taken : 5.118490934371948
 Thread 3 nsolns: 42215
 Thread 5 estimated dimension 8 of 10 : 0.5426178461995315  | time taken : 11.775933265686035
 Thread 4 estimated dimension 8 of 10 : 0.4612223109053421  | time taken : 14.53033971786499
 Thread 1 estimated dimension 9 of 10 : 1  | time taken : 4.261039972305298
 Thread 1 nsolns: 42117
 Thread 7 estimated dimension 9 of 10 : 0.993898071865276  | time taken : 4.037912130355835
 Thread 7 nsolns: 42280
 Thread 5 estimated dimension 9 of 10 : 1  | time taken : 4.013257026672363
 Thread 5 nsolns: 41983
 Thread 4 estimated dimension 9 of 10 : 0.9939754508585759  | time taken : 3.9720988273620605
 Thread 4 nsolns: 42037
 Thread 1 estimated dimension 0 of 10 : 0.4123224099315669  | time taken : 5.429090738296509
 Thread 1 estimated dimension 1 of 10 : 0.4292330620326907  | time taken : 4.1381237506866455
 Thread 1 estimated dimension 2 of 10 : 0.4963844979179683  | time taken : 3.5245518684387207
 Thread 1 estimated dimension 3 of 10 : 0.3734994679002927  | time taken : 4.4661195278167725
 Thread 1 estimated dimension 4 of 10 : 0.6595764981011214  | time taken : 2.536724805831909
 Thread 1 estimated dimension 5 of 10 : 1  | time taken : 1.5110704898834229
 Thread 1 estimated dimension 6 of 10 : 0.46913776393266193  | time taken : 3.4384682178497314
 Thread 1 estimated dimension 7 of 10 : 1  | time taken : 1.4778194427490234
 Thread 1 estimated dimension 8 of 10 : 0.9872868717461901  | time taken : 1.480363368988037
 Thread 1 estimated dimension 9 of 10 : 1  | time taken : 1.4878504276275635
 Thread 1 nsolns: 42296
 estimated weights : [0.014021658570322188, 0.010023981429497598, 0.010408068929293628, 0.011531205154122318, 0.013222839894076197, 0.011457221283598938, 0.010311516313171289, 0.010369602934576689, 0.011205332544631585, 0.009471260078362973, 0.010961270668207474, 0.010594862925823467, 0.011195608963296013, 0.010419722791067159, 0.010938232293573864, 0.012031140664778778, 0.009120281774399752, 0.010416329635839501, 0.0093792386380472, 0.010173609545215017, 0.009837081022306349, 0.009217334416546338, 0.010199919756635216, 0.010994903390296684, 0.00890391638927011, 0.01131150635356077, 0.01066165290969417, 0.010580925567509069, 0.009109239989330007, 0.010969937293951055, 0.01070780833818146, 0.009479612965741577, 0.010574562198777296, 0.010499547779429803, 0.011461145989878406, 0.01124121149558792, 0.010275076560532927, 0.01174451637730186, 0.009448991749720005, 0.010799279909675807, 0.010495209269405096, 0.011204946470297744, 0.010777467563497952, 0.010630916322731686, 0.011256659755450255, 0.010558719740230526, 0.009388338708971385, 0.011956029069009682, 0.010163353605101684, 0.010654475801208308, 0.009546392904526165, 0.010555807675592355, 0.011087836202745994, 0.011049712555945654, 0.0111942623373055, 0.009413826176437629, 0.009071703530377423, 0.011959711898200186, 0.01136343865749595, 0.01086849916763369, 0.010318959742056733, 0.00841221963284677, 0.010648049359199854, 0.012084696963532477, 0.009882775221990835, 0.009059639213849176, 0.011388949303220966, 0.009699826653220202, 0.01139044814317148, 0.009873093891398463, 0.010024142497131523]
