numSolutions: 82 k : 2201
9 82 0.03333333333333333 0.00013550135501355014

 Thread 3 estimated dimension 0 of 9 : 0.7364988053325582  | time taken : 3.7279093265533447
 Thread 2 estimated dimension 0 of 9 : 0.7258469018063706  | time taken : 4.043152332305908
 Thread 5 estimated dimension 0 of 9 : 0.7612706870473162  | time taken : 4.6874895095825195
 Thread 7 estimated dimension 0 of 9 : 0.7685818687954462  | time taken : 5.3341286182403564
 Thread 2 estimated dimension 1 of 9 : 0.690655247494639  | time taken : 6.550833225250244
 Thread 5 estimated dimension 1 of 9 : 0.7047456478713825  | time taken : 6.136089563369751
 Thread 7 estimated dimension 1 of 9 : 0.6806538685505112  | time taken : 5.279664516448975
 Thread 2 estimated dimension 2 of 9 : 0.6614928184587174  | time taken : 5.255369186401367
 Thread 7 estimated dimension 2 of 9 : 0.6456845418872011  | time taken : 5.68873929977417
 Thread 5 estimated dimension 2 of 9 : 0.6455020346193511  | time taken : 5.916924715042114
 Thread 3 estimated dimension 1 of 9 : 0.3052631575826375  | time taken : 13.407378435134888
 Thread 3 estimated dimension 2 of 9 : 1  | time taken : 1.8506171703338623
 Thread 3 estimated dimension 3 of 9 : 1  | time taken : 1.0660839080810547
 Thread 3 estimated dimension 4 of 9 : 1  | time taken : 1.044654130935669
 Thread 5 estimated dimension 3 of 9 : 0.5702062905623646  | time taken : 8.032076358795166
 Thread 2 estimated dimension 3 of 9 : 0.44394949762298674  | time taken : 9.717461585998535
 Thread 1 estimated dimension 0 of 9 : 0.2513914865095782  | time taken : 26.828723669052124
 Thread 5 estimated dimension 4 of 9 : 1  | time taken : 1.0716948509216309
 Thread 7 estimated dimension 3 of 9 : 0.44735394185963695  | time taken : 10.030659914016724
 Thread 6 estimated dimension 0 of 9 : 0.2508319511024781  | time taken : 28.016428232192993
 Thread 4 estimated dimension 0 of 9 : 0.2513511321192744  | time taken : 28.289196491241455
 Thread 1 estimated dimension 1 of 9 : 1  | time taken : 1.6830477714538574
 Thread 4 estimated dimension 1 of 9 : 0.9666066407161453  | time taken : 1.6098742485046387
 Thread 6 estimated dimension 1 of 9 : 0.9755232154029249  | time taken : 1.7817835807800293
 Thread 1 estimated dimension 2 of 9 : 1  | time taken : 1.909989595413208
 Thread 3 estimated dimension 5 of 9 : 0.5029510548598922  | time taken : 9.075134754180908
 Thread 6 estimated dimension 2 of 9 : 0.9958591578652041  | time taken : 1.6171810626983643
 Thread 4 estimated dimension 2 of 9 : 1  | time taken : 1.6341190338134766
 Thread 1 estimated dimension 3 of 9 : 0.9798237881725128  | time taken : 1.4889578819274902
 Thread 3 estimated dimension 6 of 9 : 0.9964275727223794  | time taken : 1.4354052543640137
 Thread 4 estimated dimension 3 of 9 : 1  | time taken : 1.578972578048706
 Thread 1 estimated dimension 4 of 9 : 1  | time taken : 1.6514244079589844
 Thread 6 estimated dimension 3 of 9 : 0.9961994061259897  | time taken : 2.0051112174987793
 Thread 4 estimated dimension 4 of 9 : 1  | time taken : 1.2476098537445068
 Thread 6 estimated dimension 4 of 9 : 1  | time taken : 1.6961655616760254
 Thread 5 estimated dimension 5 of 9 : 0.4949248175658818  | time taken : 10.260348081588745
 Thread 5 estimated dimension 6 of 9 : 1  | time taken : 1.0996527671813965
 Thread 2 estimated dimension 4 of 9 : 0.3132943744990759  | time taken : 20.84404420852661
 Thread 1 estimated dimension 5 of 9 : 0.4844043961577467  | time taken : 13.583605289459229
 Thread 2 estimated dimension 5 of 9 : 0.9362918622456232  | time taken : 1.5594091415405273
 Thread 7 estimated dimension 4 of 9 : 0.32033360851205805  | time taken : 22.458068132400513
 Thread 1 estimated dimension 6 of 9 : 0.974193710242447  | time taken : 1.4820077419281006
 Thread 7 estimated dimension 5 of 9 : 0.998298295237714  | time taken : 0.64127516746521
 Thread 2 estimated dimension 6 of 9 : 1  | time taken : 1.3654918670654297
 Thread 4 estimated dimension 5 of 9 : 0.4881146865088115  | time taken : 15.367098569869995
 Thread 3 estimated dimension 7 of 9 : 0.37131335994978054  | time taken : 18.08355712890625
 Thread 7 estimated dimension 6 of 9 : 1  | time taken : 1.7130470275878906
 Thread 6 estimated dimension 5 of 9 : 0.5163327012424009  | time taken : 15.859555959701538
 Thread 2 estimated dimension 7 of 9 : 0.9963499594686234  | time taken : 1.7623443603515625
 Thread 3 estimated dimension 8 of 9 : 0.9517344450692454  | time taken : 1.1205825805664062
 Thread 3 nsolns: 31332
 Thread 7 estimated dimension 7 of 9 : 0.9744250047455452  | time taken : 1.437187910079956
 Thread 2 estimated dimension 8 of 9 : 1  | time taken : 1.797818899154663
 Thread 5 estimated dimension 7 of 9 : 0.38463383864440037  | time taken : 15.813405752182007
 Thread 2 nsolns: 30456
 Thread 7 estimated dimension 8 of 9 : 1  | time taken : 1.6814453601837158
 Thread 7 nsolns: 30456
 Thread 5 estimated dimension 8 of 9 : 0.994692944976757  | time taken : 1.5075109004974365
 Thread 5 nsolns: 30242
 Thread 3 estimated dimension 0 of 9 : 0.7682837063980561  | time taken : 5.426660537719727
 Thread 4 estimated dimension 6 of 9 : 0.6160918175893791  | time taken : 8.368629693984985
 Thread 2 estimated dimension 0 of 9 : 0.7545702894127485  | time taken : 5.441587686538696
 Thread 4 estimated dimension 7 of 9 : 1  | time taken : 1.3835515975952148
 Thread 7 estimated dimension 0 of 9 : 0.7754699619114809  | time taken : 5.241714954376221
 Thread 5 estimated dimension 0 of 9 : 0.7357837852321444  | time taken : 5.721108436584473
 Thread 1 estimated dimension 7 of 9 : 0.3854915090368276  | time taken : 13.344658374786377
 Thread 1 estimated dimension 8 of 9 : 0.9750313717719385  | time taken : 1.3850839138031006
 Thread 1 nsolns: 32159
 Thread 6 estimated dimension 6 of 9 : 0.37640635415699203  | time taken : 13.014303207397461
 Thread 3 estimated dimension 1 of 9 : 0.6933567321955653  | time taken : 6.963252067565918
 Thread 6 estimated dimension 7 of 9 : 0.985745170237033  | time taken : 1.3778643608093262
 Thread 2 estimated dimension 1 of 9 : 0.698959969701866  | time taken : 8.21460509300232
 Thread 6 estimated dimension 8 of 9 : 1  | time taken : 1.2841441631317139
 Thread 6 nsolns: 32114
 Thread 7 estimated dimension 1 of 9 : 0.7083249351601519  | time taken : 8.464282989501953
 Thread 4 estimated dimension 8 of 9 : 0.48937619673737826  | time taken : 10.75253701210022
 Thread 5 estimated dimension 1 of 9 : 0.6818455251120197  | time taken : 8.584588527679443
 Thread 4 nsolns: 32129
 Thread 3 estimated dimension 2 of 9 : 0.6395750650392861  | time taken : 8.003424644470215
 Thread 6 estimated dimension 0 of 9 : 0.7551051714176995  | time taken : 6.646389484405518
 Thread 2 estimated dimension 2 of 9 : 0.6236521445299823  | time taken : 7.419073104858398
 Thread 4 estimated dimension 0 of 9 : 0.7498401688471015  | time taken : 6.202003717422485
 Thread 5 estimated dimension 2 of 9 : 0.6598478230389024  | time taken : 7.398805618286133
 Thread 7 estimated dimension 2 of 9 : 0.3590362876565455  | time taken : 12.784590482711792
 Thread 2 estimated dimension 3 of 9 : 0.5667227463014411  | time taken : 7.483722686767578
 Thread 7 estimated dimension 3 of 9 : 0.9975153084743532  | time taken : 1.2618565559387207
 Thread 4 estimated dimension 1 of 9 : 0.6778516382476854  | time taken : 6.500465393066406
 Thread 3 estimated dimension 3 of 9 : 0.4317183963577436  | time taken : 11.06104850769043
 Thread 2 estimated dimension 4 of 9 : 1  | time taken : 1.5247857570648193
 Thread 7 estimated dimension 4 of 9 : 0.9918736929362095  | time taken : 1.745347261428833
 Thread 5 estimated dimension 3 of 9 : 0.4348635013601143  | time taken : 12.32266640663147
 Thread 6 estimated dimension 1 of 9 : 0.30800975860093005  | time taken : 17.751898050308228
 Thread 6 estimated dimension 2 of 9 : 0.9864564853625075  | time taken : 1.0566914081573486
 Thread 1 estimated dimension 0 of 9 : 0.2550433047780099  | time taken : 31.019329071044922
 Thread 7 estimated dimension 5 of 9 : 0.5108666794494878  | time taken : 9.921977996826172
 Thread 1 estimated dimension 1 of 9 : 0.9920464590765026  | time taken : 1.2469611167907715
 Thread 6 estimated dimension 3 of 9 : 1  | time taken : 1.5039210319519043
 Thread 7 estimated dimension 6 of 9 : 1  | time taken : 0.9174985885620117
 Thread 1 estimated dimension 2 of 9 : 0.9905917379487  | time taken : 1.426910638809204
 Thread 6 estimated dimension 4 of 9 : 1  | time taken : 1.3831956386566162
 Thread 2 estimated dimension 5 of 9 : 0.5013196096347294  | time taken : 12.925182342529297
 Thread 4 estimated dimension 2 of 9 : 0.35528906700515966  | time taken : 14.418965816497803
 Thread 1 estimated dimension 3 of 9 : 1  | time taken : 1.8116021156311035
 Thread 4 estimated dimension 3 of 9 : 1  | time taken : 1.5908207893371582
 Thread 1 estimated dimension 4 of 9 : 1  | time taken : 1.3175106048583984
 Thread 4 estimated dimension 4 of 9 : 0.9858085242884097  | time taken : 1.0041370391845703
 Thread 3 estimated dimension 4 of 9 : 0.31899147653158055  | time taken : 19.497870206832886
 Thread 3 estimated dimension 5 of 9 : 1  | time taken : 1.5908026695251465
 Thread 2 estimated dimension 6 of 9 : 0.6157034760090245  | time taken : 7.786985397338867
 Thread 5 estimated dimension 4 of 9 : 0.31237494521089065  | time taken : 16.214491844177246
 Thread 3 estimated dimension 6 of 9 : 0.9546426630893412  | time taken : 0.9784195423126221
 Thread 2 estimated dimension 7 of 9 : 0.9909585608676643  | time taken : 1.3287544250488281
 Thread 6 estimated dimension 5 of 9 : 0.48262691866214213  | time taken : 9.70279312133789
 Thread 5 estimated dimension 5 of 9 : 1  | time taken : 1.072263240814209
 Thread 3 estimated dimension 7 of 9 : 0.994304092089493  | time taken : 0.7249937057495117
 Thread 6 estimated dimension 6 of 9 : 1  | time taken : 1.2716381549835205
 Thread 5 estimated dimension 6 of 9 : 1  | time taken : 1.1147570610046387
 Thread 7 estimated dimension 7 of 9 : 0.37356126755458724  | time taken : 12.463720798492432
 Thread 1 estimated dimension 5 of 9 : 0.5015400122158169  | time taken : 8.900934219360352
 Thread 3 estimated dimension 8 of 9 : 0.9986457721346044  | time taken : 1.4215686321258545
 Thread 3 nsolns: 30456
 Thread 5 estimated dimension 7 of 9 : 0.967480221295176  | time taken : 1.68001389503479
 Thread 7 estimated dimension 8 of 9 : 1  | time taken : 1.6685988903045654
 Thread 1 estimated dimension 6 of 9 : 0.9690283726699841  | time taken : 1.7343714237213135
 Thread 7 nsolns: 31260
 Thread 5 estimated dimension 8 of 9 : 0.9774828711307448  | time taken : 1.464688777923584
 Thread 5 nsolns: 30456
 Thread 4 estimated dimension 5 of 9 : 0.4919239387610536  | time taken : 12.174890279769897
 Thread 2 estimated dimension 8 of 9 : 0.515823617511559  | time taken : 7.518301010131836
 Thread 2 nsolns: 30089
 Thread 7 estimated dimension 0 of 9 : 0.7464469269205101  | time taken : 6.044905424118042
 Thread 1 estimated dimension 7 of 9 : 0.6316664065563964  | time taken : 8.227183103561401
 Thread 2 estimated dimension 0 of 9 : 0.7498968092238486  | time taken : 5.902132272720337
 Thread 4 estimated dimension 6 of 9 : 0.6255546693826767  | time taken : 8.187141180038452
 Thread 4 estimated dimension 7 of 9 : 1  | time taken : 1.380523681640625
 Thread 6 estimated dimension 7 of 9 : 0.38396493321119796  | time taken : 16.112046480178833
 Thread 7 estimated dimension 1 of 9 : 0.7068570821788096  | time taken : 7.498391389846802
 Thread 6 estimated dimension 8 of 9 : 0.9510286286613318  | time taken : 0.9665517807006836
 Thread 6 nsolns: 31332
 Thread 2 estimated dimension 1 of 9 : 0.7010731471673469  | time taken : 6.754703521728516
 Thread 1 estimated dimension 8 of 9 : 0.50444157811687  | time taken : 8.812281131744385
 Thread 1 nsolns: 32063
 Thread 4 estimated dimension 8 of 9 : 0.5109651822093595  | time taken : 8.479145765304565
 Thread 6 estimated dimension 0 of 9 : 0.7251440981783823  | time taken : 5.6247522830963135
 Thread 7 estimated dimension 2 of 9 : 0.6364538432286605  | time taken : 6.671703338623047
 Thread 4 nsolns: 31107
 Thread 2 estimated dimension 2 of 9 : 0.6309484044518776  | time taken : 6.4295876026153564
 Thread 1 estimated dimension 0 of 9 : 0.744867330089801  | time taken : 6.0593156814575195
 Thread 4 estimated dimension 0 of 9 : 0.7446444840752545  | time taken : 6.718815803527832
 Thread 6 estimated dimension 1 of 9 : 0.6891108317061541  | time taken : 8.086702585220337
 Thread 7 estimated dimension 3 of 9 : 0.5596066320831506  | time taken : 8.176626920700073
 Thread 3 estimated dimension 0 of 9 : 0.250351564343488  | time taken : 32.339112281799316
 Thread 7 estimated dimension 4 of 9 : 1  | time taken : 1.8254780769348145
 Thread 3 estimated dimension 1 of 9 : 0.9801845588357014  | time taken : 0.9533290863037109
 Thread 2 estimated dimension 3 of 9 : 0.5544634714112643  | time taken : 8.233139038085938
 Thread 5 estimated dimension 0 of 9 : 0.24995065828878799  | time taken : 31.939775943756104
 Thread 3 estimated dimension 2 of 9 : 1  | time taken : 1.6081621646881104
 Thread 2 estimated dimension 4 of 9 : 0.9846203687144024  | time taken : 1.5299720764160156
 Thread 3 estimated dimension 3 of 9 : 1  | time taken : 1.2110629081726074
 Thread 5 estimated dimension 1 of 9 : 1  | time taken : 1.636443853378296
 Thread 4 estimated dimension 1 of 9 : 0.6806271475039545  | time taken : 7.113610029220581
 Thread 3 estimated dimension 4 of 9 : 0.9991846616880213  | time taken : 1.7697269916534424
 Thread 5 estimated dimension 2 of 9 : 0.997047496487273  | time taken : 1.7612457275390625
 Thread 6 estimated dimension 2 of 9 : 0.660312752951385  | time taken : 7.533931493759155
 Thread 5 estimated dimension 3 of 9 : 1  | time taken : 1.8375048637390137
 Thread 1 estimated dimension 1 of 9 : 0.3048523069498393  | time taken : 15.699638605117798
 Thread 5 estimated dimension 4 of 9 : 1  | time taken : 1.4972522258758545
 Thread 1 estimated dimension 2 of 9 : 0.9687629883100752  | time taken : 1.3855607509613037
 Thread 4 estimated dimension 2 of 9 : 0.6471687071158381  | time taken : 6.091671943664551
 Thread 1 estimated dimension 3 of 9 : 1  | time taken : 1.272529125213623
 Thread 7 estimated dimension 5 of 9 : 0.4974126395107128  | time taken : 13.532591581344604
 Thread 1 estimated dimension 4 of 9 : 1  | time taken : 1.5679781436920166
 Thread 2 estimated dimension 5 of 9 : 0.5130745745172193  | time taken : 13.264150619506836
 Thread 6 estimated dimension 3 of 9 : 0.4471644240242745  | time taken : 11.430197715759277
 Thread 3 estimated dimension 5 of 9 : 0.5070686797992672  | time taken : 12.063819408416748
 Thread 5 estimated dimension 5 of 9 : 0.49554093234396474  | time taken : 10.619875431060791
 Thread 4 estimated dimension 3 of 9 : 0.43598836650082284  | time taken : 9.624314546585083
 Thread 7 estimated dimension 6 of 9 : 0.6262872892949443  | time taken : 7.328277349472046
 Thread 5 estimated dimension 6 of 9 : 1  | time taken : 1.3057208061218262
 Thread 7 estimated dimension 7 of 9 : 0.98062359720946  | time taken : 1.4146463871002197
 Thread 1 estimated dimension 5 of 9 : 0.4997401594137921  | time taken : 9.334232091903687
 Thread 6 estimated dimension 4 of 9 : 0.7029954583835212  | time taken : 6.091087341308594
 Thread 6 estimated dimension 5 of 9 : 1  | time taken : 0.8631801605224609
 Thread 1 estimated dimension 6 of 9 : 0.9957727749075566  | time taken : 1.6581549644470215
 Thread 6 estimated dimension 6 of 9 : 1  | time taken : 1.5741207599639893
 Thread 3 estimated dimension 6 of 9 : 0.618632857775247  | time taken : 8.840992212295532
 Thread 4 estimated dimension 4 of 9 : 0.6984915986944461  | time taken : 7.02513575553894
 Thread 3 estimated dimension 7 of 9 : 1  | time taken : 1.5025920867919922
 Thread 4 estimated dimension 5 of 9 : 1  | time taken : 1.2958903312683105
 Thread 2 estimated dimension 6 of 9 : 0.3904324476064592  | time taken : 13.795730829238892
 Thread 2 estimated dimension 7 of 9 : 0.988826332448806  | time taken : 1.5039305686950684
 Thread 4 estimated dimension 6 of 9 : 1  | time taken : 2.015650987625122
 Thread 7 estimated dimension 8 of 9 : 0.5126262564263017  | time taken : 9.225259065628052
 Thread 7 nsolns: 30089
 Thread 1 estimated dimension 7 of 9 : 0.6247365490177396  | time taken : 7.574686527252197
 Thread 2 estimated dimension 8 of 9 : 0.991515765954756  | time taken : 1.8669140338897705
 Thread 2 nsolns: 30197
 Thread 5 estimated dimension 7 of 9 : 0.38389093803164853  | time taken : 14.181486368179321
 Thread 5 estimated dimension 8 of 9 : 1  | time taken : 1.1814110279083252
 Thread 5 nsolns: 32159
 Thread 3 estimated dimension 8 of 9 : 0.5133426429209045  | time taken : 8.681248188018799
 Thread 3 nsolns: 32006
 Thread 4 estimated dimension 7 of 9 : 0.6301741140099477  | time taken : 7.416908025741577
 Thread 7 estimated dimension 0 of 9 : 0.7516575666710235  | time taken : 6.22607421875
 Thread 2 estimated dimension 0 of 9 : 0.7372098895359076  | time taken : 5.614638328552246
 Thread 6 estimated dimension 7 of 9 : 0.3738131939092272  | time taken : 15.67415475845337
 Thread 1 estimated dimension 8 of 9 : 0.4879365655095403  | time taken : 10.421512365341187
 Thread 1 nsolns: 31359
 Thread 6 estimated dimension 8 of 9 : 0.9830658303394887  | time taken : 1.2189226150512695
 Thread 6 nsolns: 30093
 Thread 7 estimated dimension 1 of 9 : 0.6977578113255916  | time taken : 6.92263650894165
 Thread 4 estimated dimension 8 of 9 : 0.49860155133885736  | time taken : 8.434640645980835
 Thread 4 nsolns: 29997
 Thread 2 estimated dimension 1 of 9 : 0.6902928612036642  | time taken : 8.41776442527771
 Thread 4 estimated dimension 0 of 9 : 0.7643350674692362  | time taken : 5.513164520263672
 Thread 7 estimated dimension 2 of 9 : 0.6507099689857837  | time taken : 7.328370809555054
 Thread 4 estimated dimension 1 of 9 : 0.6912795393121686  | time taken : 7.8351945877075195
 Thread 2 estimated dimension 2 of 9 : 0.3498365587289073  | time taken : 13.497355699539185
 Thread 2 estimated dimension 3 of 9 : 0.955435798875364  | time taken : 1.2349791526794434
 Thread 7 estimated dimension 3 of 9 : 0.44469641049689124  | time taken : 9.913598775863647
 Thread 2 estimated dimension 4 of 9 : 1  | time taken : 0.8771326541900635
 Thread 4 estimated dimension 2 of 9 : 0.6280162684799391  | time taken : 5.307102680206299
 Thread 5 estimated dimension 0 of 9 : 0.2511024791734005  | time taken : 29.678815841674805
 Thread 7 estimated dimension 4 of 9 : 0.7139967591325908  | time taken : 4.875149726867676
 Thread 5 estimated dimension 1 of 9 : 0.9987410393318009  | time taken : 1.1803998947143555
 Thread 3 estimated dimension 0 of 9 : 0.25649861626789394  | time taken : 31.12054181098938
 Thread 5 estimated dimension 2 of 9 : 0.99147709460358  | time taken : 1.589212417602539
 Thread 1 estimated dimension 0 of 9 : 0.251328269623509  | time taken : 26.867522478103638
 Thread 6 estimated dimension 0 of 9 : 0.25034417113084295  | time taken : 26.353073358535767
 Thread 3 estimated dimension 1 of 9 : 1  | time taken : 1.5780072212219238
 Thread 7 estimated dimension 5 of 9 : 0.9860047171924934  | time taken : 1.8660979270935059
 Thread 5 estimated dimension 3 of 9 : 1  | time taken : 1.8472726345062256
 Thread 6 estimated dimension 1 of 9 : 0.9780250613107186  | time taken : 1.8040831089019775
 Thread 1 estimated dimension 1 of 9 : 1  | time taken : 1.9532248973846436
 Thread 7 estimated dimension 6 of 9 : 1  | time taken : 1.7415902614593506
 Thread 3 estimated dimension 2 of 9 : 1  | time taken : 1.8140530586242676
 Thread 4 estimated dimension 3 of 9 : 0.564391340782726  | time taken : 6.372149229049683
 Thread 6 estimated dimension 2 of 9 : 0.9979316641648105  | time taken : 1.7723031044006348
 Thread 1 estimated dimension 2 of 9 : 1  | time taken : 2.337724208831787
 Thread 5 estimated dimension 4 of 9 : 0.9924482585511567  | time taken : 2.508314609527588
 Thread 3 estimated dimension 3 of 9 : 0.9770923704546621  | time taken : 2.200004816055298
 Thread 4 estimated dimension 4 of 9 : 1  | time taken : 1.9616730213165283
 Thread 2 estimated dimension 5 of 9 : 0.5138100278546041  | time taken : 12.091775178909302
 Thread 6 estimated dimension 3 of 9 : 1  | time taken : 1.3929107189178467
 Thread 1 estimated dimension 3 of 9 : 1  | time taken : 1.3988845348358154
 Thread 3 estimated dimension 4 of 9 : 1  | time taken : 1.7649776935577393
 Thread 6 estimated dimension 4 of 9 : 1  | time taken : 1.6674816608428955
 Thread 1 estimated dimension 4 of 9 : 0.9839831436445047  | time taken : 1.8934578895568848
 Thread 7 estimated dimension 7 of 9 : 0.6317310514393005  | time taken : 6.888755559921265
 Thread 5 estimated dimension 5 of 9 : 0.5017719692811445  | time taken : 9.534557819366455
 Thread 5 estimated dimension 6 of 9 : 1  | time taken : 1.027014970779419
 Thread 7 estimated dimension 8 of 9 : 0.4944152526371137  | time taken : 7.16787314414978
 Thread 7 nsolns: 29997
 Thread 6 estimated dimension 5 of 9 : 0.506219333259671  | time taken : 8.689888715744019
 Thread 3 estimated dimension 5 of 9 : 0.4922698794732393  | time taken : 10.188549280166626
 Thread 1 estimated dimension 5 of 9 : 0.49926679164965865  | time taken : 8.431141376495361
 Thread 2 estimated dimension 6 of 9 : 0.3785436760174716  | time taken : 11.730995893478394
 Thread 4 estimated dimension 5 of 9 : 0.5038752547813842  | time taken : 13.16230821609497
 Thread 1 estimated dimension 6 of 9 : 1  | time taken : 0.8391532897949219
 Thread 2 estimated dimension 7 of 9 : 1  | time taken : 1.5729966163635254
 Thread 6 estimated dimension 6 of 9 : 0.9971721032834149  | time taken : 2.0770647525787354
 Thread 2 estimated dimension 8 of 9 : 1  | time taken : 0.7071554660797119
 Thread 2 nsolns: 31215
 Thread 7 estimated dimension 0 of 9 : 0.7484610538994383  | time taken : 5.8973681926727295
 Thread 5 estimated dimension 7 of 9 : 0.6415927278701609  | time taken : 7.5178656578063965
 Thread 1 estimated dimension 7 of 9 : 0.6295514949405185  | time taken : 6.648979902267456
 Thread 2 estimated dimension 0 of 9 : 0.7580508896432937  | time taken : 5.217772722244263
 Thread 6 estimated dimension 7 of 9 : 0.6235753125388964  | time taken : 6.3148558139801025
 Thread 3 estimated dimension 6 of 9 : 0.6264319974375384  | time taken : 8.10566759109497
 Thread 3 estimated dimension 7 of 9 : 1  | time taken : 1.8090972900390625
 Thread 4 estimated dimension 6 of 9 : 0.3759744670067159  | time taken : 12.420832633972168
 Thread 4 estimated dimension 7 of 9 : 1  | time taken : 0.9791631698608398
 Thread 2 estimated dimension 1 of 9 : 0.7228871492849092  | time taken : 6.279345989227295
 Thread 5 estimated dimension 8 of 9 : 0.5039745454503101  | time taken : 9.282540798187256
 Thread 5 nsolns: 32186
 Thread 4 estimated dimension 8 of 9 : 0.98472157560823  | time taken : 1.3255043029785156
 Thread 4 nsolns: 30197
 Thread 1 estimated dimension 8 of 9 : 0.490659732112692  | time taken : 9.522786378860474
 Thread 1 nsolns: 32186
 Thread 3 estimated dimension 8 of 9 : 0.5019064894697921  | time taken : 7.838469743728638
 Thread 3 nsolns: 32006
 Thread 6 estimated dimension 8 of 9 : 0.4991408509541932  | time taken : 10.118439674377441
 Thread 6 nsolns: 32186
 Thread 7 estimated dimension 1 of 9 : 0.3155954757383043  | time taken : 14.964093208312988
 Thread 2 estimated dimension 2 of 9 : 0.6583749913580196  | time taken : 6.108652114868164
 Thread 4 estimated dimension 0 of 9 : 0.7551079115657415  | time taken : 4.981033802032471
 Thread 5 estimated dimension 0 of 9 : 0.7545887277444814  | time taken : 5.731181621551514
 Thread 7 estimated dimension 2 of 9 : 0.9909784556777606  | time taken : 1.1486380100250244
 Thread 7 estimated dimension 3 of 9 : 0.9594432087480487  | time taken : 1.8652331829071045
 Thread 3 estimated dimension 0 of 9 : 0.7566785433211854  | time taken : 5.355923414230347
 Thread 6 estimated dimension 0 of 9 : 0.7598029821371295  | time taken : 6.111383438110352
 Thread 7 estimated dimension 4 of 9 : 1  | time taken : 1.3877925872802734
 Thread 3 estimated dimension 1 of 9 : 0.6891236801625362  | time taken : 6.875584602355957
 Thread 2 estimated dimension 3 of 9 : 0.4403561266426258  | time taken : 11.024404048919678
 Thread 5 estimated dimension 1 of 9 : 0.305202182290723  | time taken : 16.038028955459595
 Thread 7 estimated dimension 5 of 9 : 0.5028350965311839  | time taken : 11.805168390274048
 Thread 2 estimated dimension 4 of 9 : 0.6981613816271759  | time taken : 5.119539737701416
 Thread 3 estimated dimension 2 of 9 : 0.6381356797679761  | time taken : 6.383687734603882
 Thread 4 estimated dimension 1 of 9 : 0.31041150595207007  | time taken : 16.950554370880127
 Thread 5 estimated dimension 2 of 9 : 1  | time taken : 1.6463549137115479
 Thread 2 estimated dimension 5 of 9 : 1  | time taken : 1.6426362991333008
 Thread 4 estimated dimension 2 of 9 : 0.9960664884283587  | time taken : 1.533228874206543
 Thread 5 estimated dimension 3 of 9 : 1  | time taken : 0.7280430793762207
 Thread 6 estimated dimension 1 of 9 : 0.29621872359624735  | time taken : 15.41894245147705
 Thread 5 estimated dimension 4 of 9 : 1  | time taken : 1.3056163787841797
 Thread 2 estimated dimension 6 of 9 : 0.9933730696933616  | time taken : 1.9342434406280518
 Thread 4 estimated dimension 3 of 9 : 0.9831489886736469  | time taken : 1.8167338371276855
 Thread 6 estimated dimension 2 of 9 : 1  | time taken : 1.4958128929138184
 Thread 4 estimated dimension 4 of 9 : 1  | time taken : 1.6251091957092285
 Thread 6 estimated dimension 3 of 9 : 1  | time taken : 1.9168665409088135
 Thread 7 estimated dimension 6 of 9 : 0.609017500863863  | time taken : 8.548432111740112
 Thread 6 estimated dimension 4 of 9 : 0.9680964234753662  | time taken : 1.5958764553070068
 Thread 7 estimated dimension 7 of 9 : 1  | time taken : 0.8280761241912842
 Thread 1 estimated dimension 0 of 9 : 0.2465093069024344  | time taken : 29.758118152618408
 Thread 2 estimated dimension 7 of 9 : 0.6155170604936192  | time taken : 7.069717168807983
 Thread 1 estimated dimension 1 of 9 : 0.9702951610011872  | time taken : 1.6745836734771729
 Thread 3 estimated dimension 3 of 9 : 0.4422780315223861  | time taken : 11.48194408416748
 Thread 1 estimated dimension 2 of 9 : 0.98403598057913  | time taken : 1.4368226528167725
 Thread 1 estimated dimension 3 of 9 : 1  | time taken : 1.3103411197662354
 Thread 1 estimated dimension 4 of 9 : 0.9845853018699633  | time taken : 1.7364585399627686
 Thread 5 estimated dimension 5 of 9 : 0.5086042054169493  | time taken : 13.505114793777466
 Thread 7 estimated dimension 8 of 9 : 0.5052392183888124  | time taken : 9.016906976699829
 Thread 3 estimated dimension 4 of 9 : 0.697968831261181  | time taken : 6.944940090179443
 Thread 7 nsolns: 31179
 Thread 6 estimated dimension 5 of 9 : 0.4946760077617199  | time taken : 11.45467495918274
 Thread 3 estimated dimension 5 of 9 : 0.9527633571971382  | time taken : 1.233016014099121
 Thread 4 estimated dimension 5 of 9 : 0.4964194648493291  | time taken : 13.818797826766968
 Thread 2 estimated dimension 8 of 9 : 0.4858003249436064  | time taken : 9.834770917892456
 Thread 2 nsolns: 30120
 Thread 3 estimated dimension 6 of 9 : 1  | time taken : 1.5043814182281494
 Thread 5 estimated dimension 6 of 9 : 0.617140440555338  | time taken : 6.95305061340332
 Thread 1 estimated dimension 5 of 9 : 0.501595875932503  | time taken : 8.733501672744751
 Thread 2 estimated dimension 0 of 9 : 0.7703507501008504  | time taken : 4.656936168670654
 Thread 5 estimated dimension 7 of 9 : 1  | time taken : 1.2328622341156006
 Thread 4 estimated dimension 6 of 9 : 0.6088054174310116  | time taken : 6.5464537143707275
 Thread 6 estimated dimension 6 of 9 : 0.6173553043253758  | time taken : 6.726105690002441
 Thread 1 estimated dimension 6 of 9 : 0.9882302269407094  | time taken : 1.0128295421600342
 Thread 4 estimated dimension 7 of 9 : 0.9917100906625946  | time taken : 1.5248045921325684
 Thread 6 estimated dimension 7 of 9 : 0.9858133426605168  | time taken : 1.420989751815796
 Thread 2 estimated dimension 1 of 9 : 0.7204361383188724  | time taken : 6.00105881690979
 Thread 1 estimated dimension 7 of 9 : 0.6403559870044785  | time taken : 6.869307041168213
 Thread 3 estimated dimension 7 of 9 : 0.38203578641833463  | time taken : 12.097338914871216
 Thread 3 estimated dimension 8 of 9 : 0.9470533157379822  | time taken : 1.4198718070983887
 Thread 5 estimated dimension 8 of 9 : 0.4921271073447451  | time taken : 9.537017107009888
 Thread 4 estimated dimension 8 of 9 : 0.5060302702666427  | time taken : 7.583830833435059
 Thread 3 nsolns: 30093
 Thread 5 nsolns: 31302
 Thread 4 nsolns: 31179
 Thread 6 estimated dimension 8 of 9 : 0.491601983348183  | time taken : 8.82721734046936
 Thread 6 nsolns: 31302
 Thread 2 estimated dimension 2 of 9 : 0.6414536592198473  | time taken : 6.021068096160889
 Thread 3 estimated dimension 0 of 9 : 0.7434463114277197  | time taken : 4.849142551422119
 Thread 5 estimated dimension 0 of 9 : 0.755280488477855  | time taken : 5.0693254470825195
 Thread 4 estimated dimension 0 of 9 : 0.756863054952469  | time taken : 5.245361566543579
 Thread 6 estimated dimension 0 of 9 : 0.7562784157454875  | time taken : 5.116581201553345
 Thread 1 estimated dimension 8 of 9 : 0.491098723983138  | time taken : 9.485936403274536
 Thread 1 nsolns: 32186
 Thread 7 estimated dimension 0 of 9 : 0.25464355517499315  | time taken : 26.783599376678467
 Thread 7 estimated dimension 1 of 9 : 1  | time taken : 1.317110300064087
 Thread 2 estimated dimension 3 of 9 : 0.44176910240065287  | time taken : 8.376862287521362
 Thread 3 estimated dimension 1 of 9 : 0.7229379209910004  | time taken : 5.740472078323364
 Thread 4 estimated dimension 1 of 9 : 0.6747216482769836  | time taken : 5.727380275726318
 Thread 7 estimated dimension 2 of 9 : 0.9587186043325691  | time taken : 0.788548469543457
 Thread 5 estimated dimension 1 of 9 : 0.6982085396863319  | time taken : 6.378759860992432
 Thread 1 estimated dimension 0 of 9 : 0.7611992225924802  | time taken : 4.248473167419434
 Thread 7 estimated dimension 3 of 9 : 0.9840838518960373  | time taken : 0.7104899883270264
 Thread 6 estimated dimension 1 of 9 : 0.6947910009908177  | time taken : 5.5291407108306885
 Thread 7 estimated dimension 4 of 9 : 0.9832864569454037  | time taken : 1.629267692565918
 Thread 2 estimated dimension 4 of 9 : 0.6788062241325808  | time taken : 4.1582605838775635
 Thread 2 estimated dimension 5 of 9 : 0.9978078013796111  | time taken : 0.9798381328582764
 Thread 3 estimated dimension 2 of 9 : 0.6358056759396573  | time taken : 5.31169867515564
 Thread 4 estimated dimension 2 of 9 : 0.643666461511382  | time taken : 5.517900705337524
 Thread 2 estimated dimension 6 of 9 : 1  | time taken : 1.0400989055633545
 Thread 1 estimated dimension 1 of 9 : 0.7144991080574374  | time taken : 4.841791391372681
 Thread 5 estimated dimension 2 of 9 : 0.6598117060951184  | time taken : 5.146349906921387
 Thread 6 estimated dimension 2 of 9 : 0.6531064080508951  | time taken : 6.272822380065918
 Thread 7 estimated dimension 5 of 9 : 0.4967369175385955  | time taken : 8.248920202255249
 Thread 1 estimated dimension 2 of 9 : 0.6396709478581433  | time taken : 5.225096940994263
 Thread 4 estimated dimension 3 of 9 : 0.5682615449158369  | time taken : 5.66482949256897
 Thread 7 estimated dimension 6 of 9 : 1  | time taken : 1.11354660987854
 Thread 2 estimated dimension 7 of 9 : 0.636363730196284  | time taken : 7.21875262260437
 Thread 4 estimated dimension 4 of 9 : 1  | time taken : 1.3310613632202148
 Thread 5 estimated dimension 3 of 9 : 0.5684170508847876  | time taken : 7.027882814407349
 Thread 5 estimated dimension 4 of 9 : 1  | time taken : 1.5264232158660889
 Thread 6 estimated dimension 3 of 9 : 0.5649715207103672  | time taken : 7.3010923862457275
 Thread 3 estimated dimension 3 of 9 : 0.4348678958758765  | time taken : 10.460547924041748
 Thread 6 estimated dimension 4 of 9 : 1  | time taken : 1.650639533996582
 Thread 7 estimated dimension 7 of 9 : 0.6218448345950557  | time taken : 7.331257343292236
 Thread 3 estimated dimension 4 of 9 : 0.704900792299293  | time taken : 5.436687707901001
 Thread 1 estimated dimension 3 of 9 : 0.4361978088341311  | time taken : 10.421261310577393
 Thread 2 estimated dimension 8 of 9 : 0.5037778813261293  | time taken : 8.80770492553711
 Thread 3 estimated dimension 5 of 9 : 1  | time taken : 1.0284028053283691
 Thread 2 nsolns: 29997
 Thread 3 estimated dimension 6 of 9 : 0.9947463737657286  | time taken : 1.574103593826294
 Thread 5 estimated dimension 5 of 9 : 0.48456897001040267  | time taken : 10.036092519760132
 Thread 4 estimated dimension 5 of 9 : 0.5084970501377557  | time taken : 12.138751745223999
 Thread 5 estimated dimension 6 of 9 : 0.9643915902835988  | time taken : 1.320728063583374
 Thread 6 estimated dimension 5 of 9 : 0.488900430418779  | time taken : 9.789175033569336
 Thread 7 estimated dimension 8 of 9 : 0.48670774839327513  | time taken : 8.167325019836426
 Thread 7 nsolns: 32186
 Thread 3 estimated dimension 7 of 9 : 0.6307393220252225  | time taken : 5.986378908157349
 Thread 5 estimated dimension 7 of 9 : 0.613300078310874  | time taken : 5.799919605255127
 Thread 4 estimated dimension 6 of 9 : 0.6284872493896476  | time taken : 7.553027391433716
 Thread 7 estimated dimension 0 of 9 : 0.7465672346270632  | time taken : 5.184346914291382
 Thread 4 estimated dimension 7 of 9 : 0.9958818169722969  | time taken : 1.7111730575561523
 Thread 6 estimated dimension 6 of 9 : 0.37029266576434766  | time taken : 11.823062419891357
 Thread 1 estimated dimension 4 of 9 : 0.31630721916551463  | time taken : 17.33081316947937
 Thread 3 estimated dimension 8 of 9 : 0.509741791461008  | time taken : 9.385666847229004
 Thread 3 nsolns: 30120
 Thread 1 estimated dimension 5 of 9 : 0.965157527232181  | time taken : 0.9050381183624268
 Thread 6 estimated dimension 7 of 9 : 0.9576001314287185  | time taken : 1.1249024868011475
 Thread 7 estimated dimension 1 of 9 : 0.6891815361683102  | time taken : 6.5208892822265625
 Thread 5 estimated dimension 8 of 9 : 0.4877734289477478  | time taken : 8.333825588226318
 Thread 1 estimated dimension 6 of 9 : 1  | time taken : 1.0337023735046387
 Thread 5 nsolns: 30269
 Thread 6 estimated dimension 8 of 9 : 1  | time taken : 1.5063796043395996
 Thread 4 estimated dimension 8 of 9 : 0.5115596705111061  | time taken : 6.714367866516113
 Thread 4 nsolns: 30089
 Thread 6 nsolns: 30197
 Thread 1 estimated dimension 7 of 9 : 1  | time taken : 1.4565520286560059
 Thread 1 estimated dimension 8 of 9 : 0.9842887301732932  | time taken : 1.427272081375122
 Thread 1 nsolns: 30456
 Thread 3 estimated dimension 0 of 9 : 0.7701288335563196  | time taken : 5.787609815597534
 Thread 7 estimated dimension 2 of 9 : 0.6627220383935858  | time taken : 5.5061280727386475
 Thread 5 estimated dimension 0 of 9 : 0.7222421337276791  | time taken : 5.5779478549957275
 Thread 6 estimated dimension 0 of 9 : 0.7528034590918521  | time taken : 5.934701442718506
 Thread 2 estimated dimension 0 of 9 : 0.25110845846491286  | time taken : 26.859130859375
 Thread 2 estimated dimension 1 of 9 : 1  | time taken : 1.5727572441101074
 Thread 2 estimated dimension 2 of 9 : 1  | time taken : 1.264817714691162
 Thread 2 estimated dimension 3 of 9 : 0.9816605603575485  | time taken : 1.2629811763763428
 Thread 5 estimated dimension 1 of 9 : 0.7013119572667929  | time taken : 7.211012601852417
 Thread 6 estimated dimension 1 of 9 : 0.7090289730371984  | time taken : 6.265602350234985
 Thread 2 estimated dimension 4 of 9 : 1  | time taken : 1.255096435546875
 Thread 7 estimated dimension 3 of 9 : 0.44929828128685684  | time taken : 9.613505601882935
 Thread 3 estimated dimension 1 of 9 : 0.30919095084446824  | time taken : 14.289506196975708
 Thread 6 estimated dimension 2 of 9 : 0.6416373642817103  | time taken : 5.160656452178955
 Thread 5 estimated dimension 2 of 9 : 0.6421170912109634  | time taken : 5.624917268753052
 Thread 7 estimated dimension 4 of 9 : 0.6876225411204177  | time taken : 4.8169777393341064
 Thread 3 estimated dimension 2 of 9 : 0.9976194818148106  | time taken : 1.3170058727264404
 Thread 7 estimated dimension 5 of 9 : 1  | time taken : 1.184805154800415
 Thread 3 estimated dimension 3 of 9 : 1  | time taken : 1.4343645572662354
 Thread 7 estimated dimension 6 of 9 : 1  | time taken : 1.0537152290344238
 Thread 3 estimated dimension 4 of 9 : 1  | time taken : 1.3373298645019531
 Thread 2 estimated dimension 5 of 9 : 0.5017950847437326  | time taken : 10.862703561782837
 Thread 4 estimated dimension 0 of 9 : 0.249430126493986  | time taken : 25.81798791885376
 Thread 4 estimated dimension 1 of 9 : 1  | time taken : 1.0985510349273682
 Thread 5 estimated dimension 3 of 9 : 0.4381421470488019  | time taken : 9.993713617324829
 Thread 4 estimated dimension 2 of 9 : 1  | time taken : 0.7982702255249023
 Thread 6 estimated dimension 3 of 9 : 0.4396041427117936  | time taken : 10.936128854751587
 Thread 4 estimated dimension 3 of 9 : 0.9773280144086601  | time taken : 1.162947654724121
 Thread 1 estimated dimension 0 of 9 : 0.24688376193668563  | time taken : 27.869433641433716
 Thread 4 estimated dimension 4 of 9 : 1  | time taken : 1.101348876953125
 Thread 2 estimated dimension 6 of 9 : 0.6326708700461873  | time taken : 6.915917873382568
 Thread 1 estimated dimension 1 of 9 : 0.9940483494300456  | time taken : 0.8646633625030518
 Thread 3 estimated dimension 5 of 9 : 0.5065308389779568  | time taken : 10.635538816452026
 Thread 2 estimated dimension 7 of 9 : 1  | time taken : 1.601301908493042
 Thread 1 estimated dimension 2 of 9 : 0.9625745577395602  | time taken : 1.483438491821289
 Thread 6 estimated dimension 4 of 9 : 0.6793007854056926  | time taken : 5.481897830963135
 Thread 1 estimated dimension 3 of 9 : 1  | time taken : 1.3631739616394043
 Thread 7 estimated dimension 7 of 9 : 0.37944677885364053  | time taken : 14.293097734451294
 Thread 6 estimated dimension 5 of 9 : 1  | time taken : 1.0106878280639648
 Thread 7 estimated dimension 8 of 9 : 1  | time taken : 0.7959675788879395
 Thread 1 estimated dimension 4 of 9 : 1  | time taken : 1.4255034923553467
 Thread 7 nsolns: 30093
 Thread 6 estimated dimension 6 of 9 : 0.9795019891158726  | time taken : 1.7040128707885742
 Thread 7 estimated dimension 0 of 9 : 0.7403270310911353  | time taken : 4.460609436035156
 Thread 2 estimated dimension 8 of 9 : 0.49874628339985383  | time taken : 7.9411985874176025
 Thread 2 nsolns: 32006
 Thread 4 estimated dimension 5 of 9 : 0.5104263498877376  | time taken : 11.958589315414429
 Thread 6 estimated dimension 7 of 9 : 0.6138495724234936  | time taken : 5.273190498352051
 Thread 5 estimated dimension 4 of 9 : 0.304249653195911  | time taken : 16.551724195480347
 Thread 3 estimated dimension 6 of 9 : 0.36977825644388723  | time taken : 12.180865287780762
 Thread 5 estimated dimension 5 of 9 : 1  | time taken : 0.7421226501464844
 Thread 1 estimated dimension 5 of 9 : 0.4999019718189371  | time taken : 8.71485948562622
 Thread 2 estimated dimension 0 of 9 : 0.7208492298314151  | time taken : 4.962636232376099
 Thread 1 estimated dimension 6 of 9 : 0.9817949029353799  | time taken : 1.1459498405456543
 Thread 5 estimated dimension 6 of 9 : 0.9830320991533834  | time taken : 1.693558692932129
 Thread 3 estimated dimension 7 of 9 : 1  | time taken : 1.854323148727417
 Thread 3 estimated dimension 8 of 9 : 0.9904693361365681  | time taken : 1.1971635818481445
 Thread 5 estimated dimension 7 of 9 : 1  | time taken : 1.3898475170135498
 Thread 3 nsolns: 31287
 Thread 5 estimated dimension 8 of 9 : 1  | time taken : 1.4868979454040527
 Thread 5 nsolns: 30456
 Thread 6 estimated dimension 8 of 9 : 0.49960999706371567  | time taken : 8.113814115524292
 Thread 6 nsolns: 30120
 Thread 2 estimated dimension 1 of 9 : 0.6789030249585851  | time taken : 5.905954837799072
 Thread 4 estimated dimension 6 of 9 : 0.38706471453893326  | time taken : 10.483293056488037
 Thread 7 estimated dimension 1 of 9 : 0.30185966861930175  | time taken : 11.972506523132324
 Thread 3 estimated dimension 0 of 9 : 0.7412302044060362  | time taken : 4.563481330871582
 Thread 4 estimated dimension 7 of 9 : 1  | time taken : 1.1956875324249268
 Thread 7 estimated dimension 2 of 9 : 1  | time taken : 0.8745925426483154
 Thread 5 estimated dimension 0 of 9 : 0.7624743116787235  | time taken : 4.00708532333374
 Thread 4 estimated dimension 8 of 9 : 1  | time taken : 1.4914472103118896
 Thread 7 estimated dimension 3 of 9 : 0.9862428841869112  | time taken : 1.7156555652618408
 Thread 4 nsolns: 32114
 Thread 6 estimated dimension 0 of 9 : 0.7296057739588576  | time taken : 4.804021596908569
 Thread 1 estimated dimension 7 of 9 : 0.38060838122929763  | time taken : 10.518640518188477
 Thread 7 estimated dimension 4 of 9 : 0.9864631930089393  | time taken : 1.2711126804351807
 Thread 2 estimated dimension 2 of 9 : 0.6605295261700638  | time taken : 5.855550765991211
 Thread 1 estimated dimension 8 of 9 : 1  | time taken : 1.6971333026885986
 Thread 1 nsolns: 32159
 Thread 3 estimated dimension 1 of 9 : 0.6858820964427387  | time taken : 7.179017543792725
 Thread 5 estimated dimension 1 of 9 : 0.6953922167262426  | time taken : 7.035507678985596
 Thread 4 estimated dimension 0 of 9 : 0.7500158434127702  | time taken : 5.725786209106445
 Thread 6 estimated dimension 1 of 9 : 0.6844951580017521  | time taken : 7.743642091751099
 Thread 2 estimated dimension 3 of 9 : 0.5759729568726734  | time taken : 6.432029485702515
 Thread 2 estimated dimension 4 of 9 : 1  | time taken : 0.6996870040893555
 Thread 7 estimated dimension 5 of 9 : 0.5017801089689888  | time taken : 8.541348457336426
 Thread 7 estimated dimension 6 of 9 : 1  | time taken : 1.4274790287017822
 Thread 5 estimated dimension 2 of 9 : 0.6443097100616179  | time taken : 6.977114915847778
 Thread 4 estimated dimension 1 of 9 : 0.6892552195749856  | time taken : 7.834693431854248
 Thread 6 estimated dimension 2 of 9 : 0.643100966263509  | time taken : 6.66870379447937
 Thread 7 estimated dimension 7 of 9 : 0.6352600560012635  | time taken : 4.750818967819214
 Thread 3 estimated dimension 2 of 9 : 0.36819739267166396  | time taken : 13.347801685333252
 Thread 3 estimated dimension 3 of 9 : 0.9789308298309578  | time taken : 0.6507601737976074
 Thread 4 estimated dimension 2 of 9 : 0.6346863028130886  | time taken : 6.050022840499878
 Thread 3 estimated dimension 4 of 9 : 1  | time taken : 0.644101619720459
 Thread 2 estimated dimension 5 of 9 : 0.5026288542391594  | time taken : 11.196996450424194
 Thread 6 estimated dimension 3 of 9 : 0.5595448491423836  | time taken : 6.426456928253174
 Thread 5 estimated dimension 3 of 9 : 0.4417123020473847  | time taken : 9.974416494369507
 Thread 6 estimated dimension 4 of 9 : 1  | time taken : 1.412313461303711
 Thread 7 estimated dimension 8 of 9 : 0.5037454851498054  | time taken : 7.779638767242432
 Thread 7 nsolns: 31236
 Thread 4 estimated dimension 3 of 9 : 0.5728659731994424  | time taken : 6.813060283660889
 Thread 4 estimated dimension 4 of 9 : 1  | time taken : 0.8970556259155273
 Thread 2 estimated dimension 6 of 9 : 0.630144049832127  | time taken : 7.472432374954224
 Thread 3 estimated dimension 5 of 9 : 0.48961285485478906  | time taken : 9.93411922454834
 Thread 7 estimated dimension 0 of 9 : 0.7568626033374998  | time taken : 4.730608224868774
 Thread 1 estimated dimension 0 of 9 : 0.25411288656841896  | time taken : 26.896695375442505
 Thread 2 estimated dimension 7 of 9 : 1  | time taken : 1.6092162132263184
 Thread 6 estimated dimension 5 of 9 : 0.4949943335955723  | time taken : 7.637357950210571
 Thread 3 estimated dimension 6 of 9 : 0.9878814245813013  | time taken : 1.311098337173462
 Thread 1 estimated dimension 1 of 9 : 0.988634272854558  | time taken : 0.9735825061798096
 Thread 6 estimated dimension 6 of 9 : 0.9708249516432843  | time taken : 1.4242279529571533
 Thread 1 estimated dimension 2 of 9 : 1  | time taken : 1.5451884269714355
 Thread 1 estimated dimension 3 of 9 : 0.9840287853958576  | time taken : 1.2826402187347412
 Thread 1 estimated dimension 4 of 9 : 0.9970700643717997  | time taken : 1.195573091506958
 Thread 5 estimated dimension 4 of 9 : 0.3080902677697659  | time taken : 16.32086205482483
 Thread 5 estimated dimension 5 of 9 : 0.9943874155668765  | time taken : 0.6406121253967285
 Thread 5 estimated dimension 6 of 9 : 0.9950423817645803  | time taken : 0.47875237464904785
 Thread 5 estimated dimension 7 of 9 : 1  | time taken : 0.9305038452148438
 Thread 2 estimated dimension 8 of 9 : 0.5125492507604836  | time taken : 11.034257650375366
 Thread 4 estimated dimension 5 of 9 : 0.49496390567170845  | time taken : 14.346853971481323
 Thread 2 nsolns: 30089
 Thread 7 estimated dimension 1 of 9 : 0.30646575197452786  | time taken : 12.358811855316162
 Thread 3 estimated dimension 7 of 9 : 0.37470450671451483  | time taken : 10.537928104400635
 Thread 5 estimated dimension 8 of 9 : 1  | time taken : 1.3989014625549316
 Thread 5 nsolns: 30456
 Thread 6 estimated dimension 7 of 9 : 0.38914093319298465  | time taken : 10.322278499603271
 Thread 3 estimated dimension 8 of 9 : 0.9847868790492591  | time taken : 0.8022782802581787
 Thread 3 nsolns: 31260
 Thread 7 estimated dimension 2 of 9 : 0.9909619748986348  | time taken : 1.5197679996490479
 Thread 6 estimated dimension 8 of 9 : 0.9598079509800834  | time taken : 1.2594995498657227
 Thread 6 nsolns: 30242
 Thread 7 estimated dimension 3 of 9 : 0.9996852094984752  | time taken : 1.3695547580718994
 Thread 7 estimated dimension 4 of 9 : 1  | time taken : 1.110527753829956
 Thread 2 estimated dimension 0 of 9 : 0.7507788113445489  | time taken : 6.079699516296387
 Thread 1 estimated dimension 5 of 9 : 0.5006622285658255  | time taken : 11.730006694793701
 Thread 5 estimated dimension 0 of 9 : 0.7339752695376608  | time taken : 5.428835391998291
 Thread 3 estimated dimension 0 of 9 : 0.7578117840760108  | time taken : 4.598249435424805
 Thread 4 estimated dimension 6 of 9 : 0.38514551227431865  | time taken : 11.154972314834595
 Thread 4 estimated dimension 7 of 9 : 1  | time taken : 0.6831371784210205
 Thread 2 estimated dimension 1 of 9 : 0.7023243560953184  | time taken : 6.167969226837158
 Thread 4 estimated dimension 8 of 9 : 0.9947258051331593  | time taken : 0.7354598045349121
 Thread 3 estimated dimension 1 of 9 : 0.6879409100636942  | time taken : 6.3955237865448
 Thread 4 nsolns: 30197
 Thread 5 estimated dimension 1 of 9 : 0.7057163363350003  | time taken : 7.388977289199829
 Thread 1 estimated dimension 6 of 9 : 0.6499722524732802  | time taken : 7.914779901504517
 Thread 7 estimated dimension 5 of 9 : 0.49929802919723265  | time taken : 9.441789627075195
 Thread 1 estimated dimension 7 of 9 : 0.9984959572132386  | time taken : 1.4304664134979248
 Thread 7 estimated dimension 6 of 9 : 0.9923724352202502  | time taken : 1.1062448024749756
 Thread 4 estimated dimension 0 of 9 : 0.7538932654908288  | time taken : 6.387657165527344
 Thread 3 estimated dimension 2 of 9 : 0.6309154299479147  | time taken : 7.2678563594818115
 Thread 5 estimated dimension 2 of 9 : 0.659306391757702  | time taken : 6.953611612319946
 Thread 7 estimated dimension 7 of 9 : 0.627355925481315  | time taken : 6.214293718338013
 Thread 1 estimated dimension 8 of 9 : 0.5001988055820632  | time taken : 7.5025694370269775
 Thread 1 nsolns: 32006
 Thread 2 estimated dimension 2 of 9 : 0.3698546303319242  | time taken : 12.959901809692383
 Thread 4 estimated dimension 1 of 9 : 0.6898251456461504  | time taken : 5.70701003074646
 Thread 2 estimated dimension 3 of 9 : 0.9653397246163914  | time taken : 0.6599948406219482
 Thread 2 estimated dimension 4 of 9 : 1  | time taken : 1.5272462368011475
 Thread 6 estimated dimension 0 of 9 : 0.2576941100518629  | time taken : 26.355015754699707
 Thread 7 estimated dimension 8 of 9 : 0.5051827439001753  | time taken : 7.480184316635132
 Thread 6 estimated dimension 1 of 9 : 1  | time taken : 1.410141944885254
 Thread 7 nsolns: 31236
 Thread 5 estimated dimension 3 of 9 : 0.45055658308337565  | time taken : 10.563041687011719
 Thread 3 estimated dimension 3 of 9 : 0.43270842648623425  | time taken : 10.873758792877197
 Thread 6 estimated dimension 2 of 9 : 1  | time taken : 0.5296163558959961
 Thread 6 estimated dimension 3 of 9 : 0.9765412581123667  | time taken : 1.5237483978271484
 Thread 6 estimated dimension 4 of 9 : 0.9663091095699262  | time taken : 1.3205945491790771
 Thread 2 estimated dimension 5 of 9 : 0.5031337474958972  | time taken : 9.137301683425903
 Thread 5 estimated dimension 4 of 9 : 0.710195696455763  | time taken : 6.06071925163269
 Thread 2 estimated dimension 6 of 9 : 1  | time taken : 1.1342878341674805
 Thread 4 estimated dimension 2 of 9 : 0.3585456897700732  | time taken : 12.91605830192566
 Thread 5 estimated dimension 5 of 9 : 0.9883547212728367  | time taken : 1.3560149669647217
 Thread 4 estimated dimension 3 of 9 : 1  | time taken : 1.0500009059906006
 Thread 5 estimated dimension 6 of 9 : 1  | time taken : 1.4257590770721436
 Thread 4 estimated dimension 4 of 9 : 0.9595773790103289  | time taken : 1.288585901260376
 Thread 2 estimated dimension 7 of 9 : 0.6218811600308123  | time taken : 6.72435450553894
 Thread 6 estimated dimension 5 of 9 : 0.48745514742285834  | time taken : 11.032705307006836
 Thread 3 estimated dimension 4 of 9 : 0.3073701192103996  | time taken : 17.033567667007446
 Thread 3 estimated dimension 5 of 9 : 1  | time taken : 1.2019078731536865
 Thread 3 estimated dimension 6 of 9 : 1  | time taken : 0.7379565238952637
 Thread 4 estimated dimension 5 of 9 : 0.5064525836233673  | time taken : 11.467480182647705
 Thread 3 estimated dimension 7 of 9 : 0.950301754076574  | time taken : 1.3199031352996826
 Thread 1 estimated dimension 0 of 9 : 0.2482489173099475  | time taken : 30.12346601486206
 Thread 5 estimated dimension 7 of 9 : 0.37612144266192094  | time taken : 13.616605281829834
 Thread 3 estimated dimension 8 of 9 : 0.9917202787084565  | time taken : 1.7202489376068115
 Thread 3 nsolns: 30456
 Thread 2 estimated dimension 8 of 9 : 0.4722975052122422  | time taken : 9.800094604492188
 Thread 1 estimated dimension 1 of 9 : 0.987518373533089  | time taken : 1.3609871864318848
 Thread 2 nsolns: 31287
 Thread 5 estimated dimension 8 of 9 : 0.9891658027907977  | time taken : 1.1526494026184082
 Thread 5 nsolns: 30093
 Thread 1 estimated dimension 2 of 9 : 1  | time taken : 1.3929741382598877
 Thread 1 estimated dimension 3 of 9 : 1  | time taken : 1.0148446559906006
 Thread 6 estimated dimension 6 of 9 : 0.38628960139847246  | time taken : 12.48311734199524
 Thread 7 estimated dimension 0 of 9 : 0.2538928110851194  | time taken : 28.73758816719055
 Thread 6 estimated dimension 7 of 9 : 1  | time taken : 1.1100091934204102
 Thread 1 estimated dimension 4 of 9 : 1  | time taken : 1.4143040180206299
 Thread 7 estimated dimension 1 of 9 : 1  | time taken : 1.2327070236206055
 Thread 3 estimated dimension 0 of 9 : 0.7615092282044393  | time taken : 5.731050968170166
 Thread 2 estimated dimension 0 of 9 : 0.755423124839754  | time taken : 5.199925422668457
 Thread 7 estimated dimension 2 of 9 : 1  | time taken : 1.492638349533081
 Thread 6 estimated dimension 8 of 9 : 0.9845235540099067  | time taken : 2.124370813369751
 Thread 6 nsolns: 32114
 Thread 7 estimated dimension 3 of 9 : 0.9765905672426541  | time taken : 1.1976780891418457
 Thread 4 estimated dimension 6 of 9 : 0.38642431112433706  | time taken : 12.267114400863647
 Thread 7 estimated dimension 4 of 9 : 0.992239241358719  | time taken : 1.476858377456665
 Thread 4 estimated dimension 7 of 9 : 0.990106518303702  | time taken : 1.0325934886932373
 Thread 2 estimated dimension 1 of 9 : 0.6724243369099794  | time taken : 5.396013498306274
 Thread 4 estimated dimension 8 of 9 : 1  | time taken : 1.0521290302276611
 Thread 3 estimated dimension 1 of 9 : 0.6916074399275008  | time taken : 6.763619422912598
 Thread 6 estimated dimension 0 of 9 : 0.7292442461990081  | time taken : 4.487067699432373
 Thread 4 nsolns: 31215
 Thread 1 estimated dimension 5 of 9 : 0.5035399340950298  | time taken : 10.678330421447754
 Thread 2 estimated dimension 2 of 9 : 0.6491200291976033  | time taken : 5.4844231605529785
 Thread 6 estimated dimension 1 of 9 : 0.6931366996276724  | time taken : 5.473173379898071
 Thread 7 estimated dimension 5 of 9 : 0.5039006453223746  | time taken : 9.01448130607605
 Thread 7 estimated dimension 6 of 9 : 1  | time taken : 1.5337316989898682
 Thread 1 estimated dimension 6 of 9 : 0.6255141826930759  | time taken : 6.93036675453186
 Thread 6 estimated dimension 2 of 9 : 0.6340838712046705  | time taken : 5.914108753204346
 Thread 1 estimated dimension 7 of 9 : 1  | time taken : 1.2879981994628906
 Thread 3 estimated dimension 2 of 9 : 0.36013169872269035  | time taken : 12.30760145187378
 Thread 3 estimated dimension 3 of 9 : 1  | time taken : 1.1916577816009521
 Thread 2 estimated dimension 3 of 9 : 0.4411353293050122  | time taken : 8.887993812561035
 Thread 3 estimated dimension 4 of 9 : 0.9952847430566474  | time taken : 1.1329107284545898
 Thread 7 estimated dimension 7 of 9 : 0.6256810744023718  | time taken : 5.9332499504089355
 Thread 5 estimated dimension 0 of 9 : 0.25659411741980764  | time taken : 26.743672609329224
 Thread 5 estimated dimension 1 of 9 : 1  | time taken : 0.9837536811828613
 Thread 5 estimated dimension 2 of 9 : 1  | time taken : 1.5077989101409912
 Thread 1 estimated dimension 8 of 9 : 0.497145192541658  | time taken : 6.727795362472534
 Thread 1 nsolns: 32006
 Thread 5 estimated dimension 3 of 9 : 1  | time taken : 0.9561600685119629
 Thread 6 estimated dimension 3 of 9 : 0.4454627412116377  | time taken : 8.947807550430298
 Thread 5 estimated dimension 4 of 9 : 0.9953433810908756  | time taken : 0.9134731292724609
 Thread 7 estimated dimension 8 of 9 : 0.49513258219529  | time taken : 8.099532127380371
 Thread 7 nsolns: 32186
 Thread 3 estimated dimension 5 of 9 : 0.5029416550151349  | time taken : 10.43713665008545
 Thread 4 estimated dimension 0 of 9 : 0.2512063897471068  | time taken : 26.239298105239868
 Thread 4 estimated dimension 1 of 9 : 0.9932871700867962  | time taken : 0.8229060173034668
 Thread 2 estimated dimension 4 of 9 : 0.3065382875323278  | time taken : 13.476722717285156
 Thread 4 estimated dimension 2 of 9 : 0.989413973142416  | time taken : 1.3925986289978027
 Thread 2 estimated dimension 5 of 9 : 1  | time taken : 1.099565029144287
 Thread 5 estimated dimension 5 of 9 : 0.5180967886894946  | time taken : 8.018177270889282
 Thread 2 estimated dimension 6 of 9 : 0.9940524179508295  | time taken : 1.078535556793213
 Thread 4 estimated dimension 3 of 9 : 0.9620677999839846  | time taken : 1.1678571701049805
 Thread 4 estimated dimension 4 of 9 : 1  | time taken : 1.3280041217803955
 Thread 2 estimated dimension 7 of 9 : 1  | time taken : 1.5557613372802734
 Thread 2 estimated dimension 8 of 9 : 0.9962388371583589  | time taken : 0.9695785045623779
 Thread 2 nsolns: 30456
 Thread 6 estimated dimension 4 of 9 : 0.30959157315242797  | time taken : 13.937818765640259
 Thread 3 estimated dimension 6 of 9 : 0.3808269137366701  | time taken : 9.27977180480957
 Thread 6 estimated dimension 5 of 9 : 0.9829767482083804  | time taken : 0.9542407989501953
 Thread 3 estimated dimension 7 of 9 : 1  | time taken : 1.3134887218475342
 Thread 6 estimated dimension 6 of 9 : 1  | time taken : 1.0091214179992676
 Thread 3 estimated dimension 8 of 9 : 1  | time taken : 1.0982351303100586
 Thread 3 nsolns: 31215
 Thread 6 estimated dimension 7 of 9 : 0.9795286999751175  | time taken : 1.2086622714996338
 Thread 5 estimated dimension 6 of 9 : 0.37948059204090717  | time taken : 9.639959812164307
 Thread 6 estimated dimension 8 of 9 : 1  | time taken : 1.149024248123169
 Thread 5 estimated dimension 7 of 9 : 1  | time taken : 1.3941023349761963
 Thread 6 nsolns: 30456
 Thread 4 estimated dimension 5 of 9 : 0.5122805758197568  | time taken : 8.406351089477539
 Thread 1 estimated dimension 0 of 9 : 0.24811847796752892  | time taken : 21.845669984817505
 Thread 5 estimated dimension 8 of 9 : 1  | time taken : 0.7119977474212646
 Thread 5 nsolns: 32114
 Thread 1 estimated dimension 1 of 9 : 0.996603345089517  | time taken : 1.095134973526001
 Thread 1 estimated dimension 2 of 9 : 1  | time taken : 0.5178344249725342
 Thread 1 estimated dimension 3 of 9 : 1  | time taken : 0.7095768451690674
 Thread 1 estimated dimension 4 of 9 : 0.9925789988165945  | time taken : 1.1426384449005127
 Thread 4 estimated dimension 6 of 9 : 0.37736374525296734  | time taken : 7.578591585159302
 Thread 4 estimated dimension 7 of 9 : 1  | time taken : 0.7334499359130859
 Thread 4 estimated dimension 8 of 9 : 0.986605197734507  | time taken : 1.1384365558624268
 Thread 4 nsolns: 32114
 Thread 1 estimated dimension 5 of 9 : 0.506026995505889  | time taken : 5.767384052276611
 Thread 1 estimated dimension 6 of 9 : 0.614184922579044  | time taken : 4.707850694656372
 Thread 1 estimated dimension 7 of 9 : 1  | time taken : 0.717170238494873
 Thread 1 estimated dimension 8 of 9 : 0.5059880336848271  | time taken : 4.25886344909668
 Thread 1 nsolns: 32129
 Thread 1 estimated dimension 0 of 9 : 0.25391535103785573  | time taken : 7.707381010055542
 Thread 1 estimated dimension 1 of 9 : 1  | time taken : 0.31874752044677734
 Thread 1 estimated dimension 2 of 9 : 0.9922585227348671  | time taken : 0.48557400703430176
 Thread 1 estimated dimension 3 of 9 : 1  | time taken : 0.33220481872558594
 Thread 1 estimated dimension 4 of 9 : 0.9811864565972158  | time taken : 0.3580141067504883
 Thread 1 estimated dimension 5 of 9 : 0.4960583286199813  | time taken : 1.4288349151611328
 Thread 1 estimated dimension 6 of 9 : 0.9996123123857261  | time taken : 0.36289191246032715
 Thread 1 estimated dimension 7 of 9 : 0.38243987734004775  | time taken : 2.2435784339904785
 Thread 1 estimated dimension 8 of 9 : 0.9893373193219773  | time taken : 0.42813539505004883
 Thread 1 nsolns: 32159
 estimated weights : [0.039817525048689024, 0.043026973470915074, 0.0470868204243362, 0.03739184443674483, 0.043690332333548056, 0.04650674034480849, 0.035755328916690685, 0.044475521680738976, 0.0372375598398465, 0.042526574126713006, 0.029410884407300917, 0.04043398522069874, 0.03881337209306738, 0.02799189496639183, 0.02942889225683236, 0.03556693857187542, 0.047408643199016935, 0.03948308114506773, 0.03336957911377581, 0.03811711905727213, 0.03138528137624172, 0.03337145501786489, 0.03308337500982107, 0.040037678418578845, 0.03493683515645701, 0.03813935613562523, 0.03879007827680303, 0.03838920745970816, 0.03474848475796233, 0.03294673139581874, 0.03540923458895209, 0.03557453142951687, 0.034813127162196325, 0.03224753071607999, 0.0361246695739171, 0.034149303443457964, 0.03551507503231547, 0.03350216519867028, 0.02764908150869416, 0.030411658874766354, 0.03361213650541932, 0.045600536480503565, 0.039973272585686476, 0.03903072325355213, 0.04407003310646304, 0.04262075285859846, 0.03072256892833657, 0.04816215629980187, 0.04412842058628197, 0.03491158953010758, 0.030225213010942664, 0.04600069481186993, 0.03270574835364973, 0.03225559990305178, 0.03564219241344432, 0.040061244637390254, 0.0360841358048476, 0.04122791411208515, 0.027820662987799245, 0.04018243843242249, 0.04508010839735742, 0.03467037543885061, 0.038387238575036314, 0.03840597254443921, 0.04415582771890643, 0.036156698116816995, 0.0425597960565451, 0.05021345428023191, 0.04530025933657617, 0.03859753895938913, 0.04638069424600626]
