numSolutions: 82 k : 2961
12 82 0.02886751345948129 0.0001016260162601626

 Thread 5 estimated dimension 0 of 12 : 0.5963352374954016  | time taken : 18.48823833465576
 Thread 3 estimated dimension 0 of 12 : 0.6035386241023094  | time taken : 18.815141439437866
 Thread 1 estimated dimension 0 of 12 : 0.6190728957573834  | time taken : 18.992738962173462
 Thread 7 estimated dimension 0 of 12 : 0.5878541244936313  | time taken : 19.46436858177185
 Thread 2 estimated dimension 0 of 12 : 0.3827832940016865  | time taken : 31.250275373458862
 Thread 6 estimated dimension 0 of 12 : 0.38625560557417254  | time taken : 31.78688335418701
 Thread 4 estimated dimension 0 of 12 : 0.39601039444113556  | time taken : 32.996216773986816
 Thread 1 estimated dimension 1 of 12 : 0.6458401762875168  | time taken : 16.832828760147095
 Thread 5 estimated dimension 1 of 12 : 0.625776708791802  | time taken : 17.4400372505188
 Thread 3 estimated dimension 1 of 12 : 0.6279649059839868  | time taken : 17.254079818725586
 Thread 7 estimated dimension 1 of 12 : 0.6207252329615718  | time taken : 18.656219720840454
 Thread 6 estimated dimension 1 of 12 : 1  | time taken : 9.973181962966919
 Thread 2 estimated dimension 1 of 12 : 1  | time taken : 10.618710279464722
 Thread 4 estimated dimension 1 of 12 : 1  | time taken : 9.940473556518555
 Thread 3 estimated dimension 2 of 12 : 0.7681005701818563  | time taken : 14.656365156173706
 Thread 1 estimated dimension 2 of 12 : 0.7592755228282169  | time taken : 15.281044721603394
 Thread 5 estimated dimension 2 of 12 : 0.7608205800949546  | time taken : 15.348240375518799
 Thread 7 estimated dimension 2 of 12 : 0.7526096485714914  | time taken : 14.84346318244934
 Thread 2 estimated dimension 2 of 12 : 0.5375196968043408  | time taken : 19.94159460067749
 Thread 6 estimated dimension 2 of 12 : 0.5483558468372414  | time taken : 20.545811414718628
 Thread 4 estimated dimension 2 of 12 : 0.47462922292197435  | time taken : 23.44805097579956
 Thread 1 estimated dimension 3 of 12 : 0.6131118220257528  | time taken : 17.16422200202942
 Thread 3 estimated dimension 3 of 12 : 0.6026267226826416  | time taken : 18.079277515411377
 Thread 5 estimated dimension 3 of 12 : 0.6224053517735801  | time taken : 18.417809009552002
 Thread 7 estimated dimension 3 of 12 : 0.6055001977496507  | time taken : 17.957149505615234
 Thread 2 estimated dimension 3 of 12 : 0.9775650282038322  | time taken : 9.700364589691162
 Thread 6 estimated dimension 3 of 12 : 1  | time taken : 10.023457288742065
 Thread 1 estimated dimension 4 of 12 : 0.8225994845838059  | time taken : 12.425898790359497
 Thread 3 estimated dimension 4 of 12 : 0.8497107003423632  | time taken : 12.467882871627808
 Thread 5 estimated dimension 4 of 12 : 0.8170835269736331  | time taken : 13.013842344284058
 Thread 7 estimated dimension 4 of 12 : 0.8422343111180944  | time taken : 13.121006727218628
 Thread 2 estimated dimension 4 of 12 : 0.8393163976135836  | time taken : 13.123905897140503
 Thread 6 estimated dimension 4 of 12 : 0.8376252509043293  | time taken : 13.057507991790771
 Thread 4 estimated dimension 3 of 12 : 0.4862242556062064  | time taken : 22.86832308769226
 Thread 1 estimated dimension 5 of 12 : 0.6601499414604712  | time taken : 15.219246864318848
 Thread 3 estimated dimension 5 of 12 : 0.6493000899690777  | time taken : 15.875178813934326
 Thread 5 estimated dimension 5 of 12 : 0.6360143478412043  | time taken : 16.190109729766846
 Thread 7 estimated dimension 5 of 12 : 0.6549023345103623  | time taken : 15.305057764053345
 Thread 2 estimated dimension 5 of 12 : 0.6457378351393123  | time taken : 16.109524965286255
 Thread 6 estimated dimension 5 of 12 : 0.6479072523646813  | time taken : 15.786442279815674
 Thread 4 estimated dimension 4 of 12 : 0.7727268206083066  | time taken : 13.586268901824951
 Thread 1 estimated dimension 6 of 12 : 0.8773476509822509  | time taken : 11.447436809539795
 Thread 3 estimated dimension 6 of 12 : 0.8906424512971717  | time taken : 11.804504871368408
 Thread 5 estimated dimension 6 of 12 : 0.8672834281785147  | time taken : 11.432464122772217
 Thread 7 estimated dimension 6 of 12 : 0.8537951051656023  | time taken : 11.786784648895264
 Thread 6 estimated dimension 6 of 12 : 0.8750157442977289  | time taken : 11.787225723266602
 Thread 1 estimated dimension 7 of 12 : 0.5978722231077347  | time taken : 17.56317687034607
 Thread 3 estimated dimension 7 of 12 : 0.5910315999550773  | time taken : 17.048340320587158
 Thread 5 estimated dimension 7 of 12 : 0.5858813494251819  | time taken : 16.583710432052612
 Thread 7 estimated dimension 7 of 12 : 0.5976937252507867  | time taken : 16.326477527618408
 Thread 6 estimated dimension 7 of 12 : 0.5890603552710737  | time taken : 17.33064913749695
 Thread 1 estimated dimension 8 of 12 : 0.8330662669514889  | time taken : 11.290669679641724
 Thread 3 estimated dimension 8 of 12 : 0.8491698931383357  | time taken : 12.107121229171753
 Thread 5 estimated dimension 8 of 12 : 0.8324515165904568  | time taken : 11.693982124328613
 Thread 4 estimated dimension 5 of 12 : 0.2900293119561468  | time taken : 36.09560585021973
 Thread 7 estimated dimension 8 of 12 : 0.8244522696575473  | time taken : 11.964099407196045
 Thread 6 estimated dimension 8 of 12 : 0.8289213049421453  | time taken : 12.256038427352905
 Thread 4 estimated dimension 6 of 12 : 0.7718225437191062  | time taken : 12.839174509048462
 Thread 2 estimated dimension 6 of 12 : 0.19497362859680242  | time taken : 53.5664746761322
 Thread 1 estimated dimension 9 of 12 : 0.4476348514555096  | time taken : 22.602314710617065
 Thread 3 estimated dimension 9 of 12 : 0.4354398846140838  | time taken : 23.493679523468018
 Thread 5 estimated dimension 9 of 12 : 0.4383088465477793  | time taken : 23.716625928878784
 Thread 7 estimated dimension 9 of 12 : 0.4434311564017638  | time taken : 23.114153385162354
 Thread 2 estimated dimension 7 of 12 : 1  | time taken : 8.672947645187378
 Thread 6 estimated dimension 9 of 12 : 0.44488325145728486  | time taken : 22.33792543411255
 Thread 2 estimated dimension 8 of 12 : 1  | time taken : 9.924041748046875
 Thread 1 estimated dimension 10 of 12 : 0.47464394625467715  | time taken : 20.461931228637695
 Thread 3 estimated dimension 10 of 12 : 0.47395800526633675  | time taken : 19.202867031097412
 Thread 2 estimated dimension 9 of 12 : 1  | time taken : 9.059598684310913
 Thread 5 estimated dimension 10 of 12 : 0.4815254101444845  | time taken : 20.50619649887085
 Thread 4 estimated dimension 7 of 12 : 0.3407813128499573  | time taken : 32.31103992462158
 Thread 7 estimated dimension 10 of 12 : 0.4724116350533868  | time taken : 21.431410551071167
 Thread 6 estimated dimension 10 of 12 : 0.48240459989926177  | time taken : 21.801750421524048
 Thread 4 estimated dimension 8 of 12 : 0.9908667096452194  | time taken : 9.205332040786743
 Thread 1 estimated dimension 11 of 12 : 0.4725204344736643  | time taken : 20.828491687774658
 Thread 1 nsolns: 57464
 Thread 3 estimated dimension 11 of 12 : 0.48059184949784595  | time taken : 21.02752709388733
 Thread 3 nsolns: 57517
 Thread 4 estimated dimension 9 of 12 : 0.9762096374462581  | time taken : 9.016926765441895
 Thread 2 estimated dimension 10 of 12 : 0.47250922358958536  | time taken : 20.524676084518433
 Thread 5 estimated dimension 11 of 12 : 0.4878497105024262  | time taken : 20.070117235183716
 Thread 5 nsolns: 57495
 Thread 6 estimated dimension 11 of 12 : 0.5150780050837604  | time taken : 20.34430694580078
 Thread 6 nsolns: 57627
 Thread 7 estimated dimension 11 of 12 : 0.47048141824114675  | time taken : 23.038989305496216
 Thread 7 nsolns: 57541
 Thread 4 estimated dimension 10 of 12 : 1  | time taken : 8.4765944480896
 Thread 4 estimated dimension 11 of 12 : 0.9865420652904001  | time taken : 9.312082290649414
 Thread 4 nsolns: 61660
 Thread 2 estimated dimension 11 of 12 : 0.47889289161251913  | time taken : 20.56389045715332
 Thread 2 nsolns: 63790
 Thread 7 estimated dimension 0 of 12 : 0.5981056886836311  | time taken : 18.9149489402771
 Thread 1 estimated dimension 0 of 12 : 0.37829940654513805  | time taken : 30.886685848236084
 Thread 3 estimated dimension 0 of 12 : 0.3858638886300395  | time taken : 30.83518886566162
 Thread 5 estimated dimension 0 of 12 : 0.3788010324388429  | time taken : 31.1639666557312
 Thread 6 estimated dimension 0 of 12 : 0.38937501614921066  | time taken : 31.159948348999023
 Thread 4 estimated dimension 0 of 12 : 0.5864651397325213  | time taken : 18.815054178237915
 Thread 1 estimated dimension 1 of 12 : 1  | time taken : 10.054641962051392
 Thread 2 estimated dimension 0 of 12 : 0.5866600222341259  | time taken : 19.0380802154541
 Thread 7 estimated dimension 1 of 12 : 0.6407421307315098  | time taken : 16.527345418930054
 Thread 3 estimated dimension 1 of 12 : 0.9980946245683638  | time taken : 10.361419916152954
 Thread 5 estimated dimension 1 of 12 : 1  | time taken : 11.012840032577515
 Thread 6 estimated dimension 1 of 12 : 0.9957540852253629  | time taken : 10.006522178649902
 Thread 4 estimated dimension 1 of 12 : 0.6274560957260772  | time taken : 17.91803789138794
 Thread 7 estimated dimension 2 of 12 : 0.7763179570761134  | time taken : 14.801841974258423
 Thread 2 estimated dimension 1 of 12 : 0.6459400917823184  | time taken : 17.384432315826416
 Thread 1 estimated dimension 2 of 12 : 0.5452165203433268  | time taken : 20.24544858932495
 Thread 5 estimated dimension 2 of 12 : 0.5430371501732245  | time taken : 21.208152055740356
 Thread 3 estimated dimension 2 of 12 : 0.4841666130206245  | time taken : 23.919370651245117
 Thread 6 estimated dimension 2 of 12 : 0.5408151246838607  | time taken : 20.71224594116211
 Thread 4 estimated dimension 2 of 12 : 0.7336821310612289  | time taken : 14.45503306388855
 Thread 1 estimated dimension 3 of 12 : 0.9962325191492218  | time taken : 10.360631704330444
 Thread 2 estimated dimension 2 of 12 : 0.7517229392608613  | time taken : 14.26925015449524
 Thread 7 estimated dimension 3 of 12 : 0.6120237067450122  | time taken : 17.523549556732178
 Thread 5 estimated dimension 3 of 12 : 1  | time taken : 9.404433012008667
 Thread 6 estimated dimension 3 of 12 : 1  | time taken : 10.028271436691284
 Thread 1 estimated dimension 4 of 12 : 0.8350141597937856  | time taken : 12.625515222549438
 Thread 7 estimated dimension 4 of 12 : 0.8623728537747383  | time taken : 12.193100929260254
 Thread 5 estimated dimension 4 of 12 : 0.8510553881171485  | time taken : 13.038444519042969
 Thread 3 estimated dimension 3 of 12 : 0.4788398004935198  | time taken : 22.52666449546814
 Thread 4 estimated dimension 3 of 12 : 0.6057296423262974  | time taken : 18.262035608291626
 Thread 2 estimated dimension 3 of 12 : 0.611513796489985  | time taken : 17.832213878631592
 Thread 6 estimated dimension 4 of 12 : 0.8399723524517965  | time taken : 13.00904393196106
 Thread 1 estimated dimension 5 of 12 : 0.6421122774001405  | time taken : 15.622999429702759
 Thread 4 estimated dimension 4 of 12 : 0.8231760009325473  | time taken : 12.879290580749512
 Thread 7 estimated dimension 5 of 12 : 0.6479801534364578  | time taken : 15.366846084594727
 Thread 3 estimated dimension 4 of 12 : 0.7304020478397745  | time taken : 14.00882077217102
 Thread 5 estimated dimension 5 of 12 : 0.6462038783838122  | time taken : 15.79477047920227
 Thread 2 estimated dimension 4 of 12 : 0.835795337132645  | time taken : 12.981920957565308
 Thread 6 estimated dimension 5 of 12 : 0.642459533913528  | time taken : 16.170188188552856
 Thread 1 estimated dimension 6 of 12 : 0.8760428468838922  | time taken : 11.32802939414978
 Thread 7 estimated dimension 6 of 12 : 0.8768632474217608  | time taken : 10.879547595977783
 Thread 5 estimated dimension 6 of 12 : 0.8695973940810443  | time taken : 11.913686513900757
 Thread 4 estimated dimension 5 of 12 : 0.6537879514012499  | time taken : 15.357322216033936
 Thread 2 estimated dimension 5 of 12 : 0.6493271557844804  | time taken : 16.04269576072693
 Thread 1 estimated dimension 7 of 12 : 0.5988335411484044  | time taken : 17.369471311569214
 Thread 4 estimated dimension 6 of 12 : 0.8507398232015966  | time taken : 11.479424953460693
 Thread 7 estimated dimension 7 of 12 : 0.6001737886238209  | time taken : 16.36950445175171
 Thread 2 estimated dimension 6 of 12 : 0.8643627005837292  | time taken : 12.021316051483154
 Thread 5 estimated dimension 7 of 12 : 0.5860694353805074  | time taken : 17.670542001724243
 Thread 1 estimated dimension 8 of 12 : 0.8401565075995019  | time taken : 11.381219625473022
 Thread 3 estimated dimension 5 of 12 : 0.2903340174360678  | time taken : 37.45122814178467
 Thread 7 estimated dimension 8 of 12 : 0.7910438275863814  | time taken : 11.220127582550049
 Thread 5 estimated dimension 8 of 12 : 0.8430833382104842  | time taken : 11.928006410598755
 Thread 4 estimated dimension 7 of 12 : 0.5993764896202566  | time taken : 17.2820463180542
 Thread 2 estimated dimension 7 of 12 : 0.6039965432980108  | time taken : 17.30522060394287
 Thread 3 estimated dimension 6 of 12 : 0.790510574739355  | time taken : 11.977285861968994
 Thread 4 estimated dimension 8 of 12 : 0.8311964821957578  | time taken : 11.988439798355103
 Thread 6 estimated dimension 6 of 12 : 0.19527696340334297  | time taken : 53.379353761672974
 Thread 2 estimated dimension 8 of 12 : 0.8184841655846004  | time taken : 11.623303174972534
 Thread 1 estimated dimension 9 of 12 : 0.4442179157088573  | time taken : 24.435516119003296
 Thread 7 estimated dimension 9 of 12 : 0.4352756973048117  | time taken : 23.40281319618225
 Thread 5 estimated dimension 9 of 12 : 0.4419807423568788  | time taken : 22.796369791030884
 Thread 6 estimated dimension 7 of 12 : 1  | time taken : 9.423669815063477
 Thread 6 estimated dimension 8 of 12 : 1  | time taken : 8.219162940979004
 Thread 3 estimated dimension 7 of 12 : 0.33785434217312277  | time taken : 30.573256969451904
 Thread 4 estimated dimension 9 of 12 : 0.44026773197362984  | time taken : 25.426257848739624
 Thread 7 estimated dimension 10 of 12 : 0.47349471516624275  | time taken : 19.634321689605713
 Thread 1 estimated dimension 10 of 12 : 0.4707680819449934  | time taken : 20.473567247390747
 Thread 2 estimated dimension 9 of 12 : 0.44792107251827495  | time taken : 24.155373334884644
 Thread 6 estimated dimension 9 of 12 : 0.9961508118235372  | time taken : 9.662897109985352
 Thread 5 estimated dimension 10 of 12 : 0.4788481730628436  | time taken : 21.485724449157715
 Thread 3 estimated dimension 8 of 12 : 0.9780966886563287  | time taken : 8.852072477340698
 Thread 3 estimated dimension 9 of 12 : 0.9929583255517304  | time taken : 9.356368780136108
 Thread 1 estimated dimension 11 of 12 : 0.5309121462593221  | time taken : 18.72047448158264
 Thread 1 nsolns: 57538
 Thread 7 estimated dimension 11 of 12 : 0.4763285132819432  | time taken : 20.93950605392456
 Thread 7 nsolns: 57555
 Thread 4 estimated dimension 10 of 12 : 0.4759946183503106  | time taken : 21.48700761795044
 Thread 2 estimated dimension 10 of 12 : 0.4791084820219153  | time taken : 22.01719093322754
 Thread 5 estimated dimension 11 of 12 : 0.5222715090356025  | time taken : 18.57815647125244
 Thread 5 nsolns: 57592
 Thread 6 estimated dimension 10 of 12 : 0.482708533001395  | time taken : 21.19683837890625
 Thread 3 estimated dimension 10 of 12 : 0.9976503773424612  | time taken : 9.23338007926941
 Thread 3 estimated dimension 11 of 12 : 1  | time taken : 9.350120544433594
 Thread 3 nsolns: 61664
 Thread 7 estimated dimension 0 of 12 : 0.6003061963186076  | time taken : 18.684232234954834
 Thread 4 estimated dimension 11 of 12 : 0.4698699298640615  | time taken : 20.646332025527954
 Thread 4 nsolns: 57595
 Thread 2 estimated dimension 11 of 12 : 0.4679961056128008  | time taken : 20.92786478996277
 Thread 2 nsolns: 57538
 Thread 6 estimated dimension 11 of 12 : 0.4851243899876483  | time taken : 21.04008412361145
 Thread 6 nsolns: 63737
 Thread 1 estimated dimension 0 of 12 : 0.38386311796133626  | time taken : 31.323022842407227
 Thread 3 estimated dimension 0 of 12 : 0.6005530197860869  | time taken : 19.762271642684937
 Thread 7 estimated dimension 1 of 12 : 0.6337284724491754  | time taken : 16.95425844192505
 Thread 5 estimated dimension 0 of 12 : 0.37944583716800545  | time taken : 32.32801342010498
 Thread 1 estimated dimension 1 of 12 : 0.993000919567884  | time taken : 10.08273434638977
 Thread 2 estimated dimension 0 of 12 : 0.5945578080229645  | time taken : 18.285851001739502
 Thread 5 estimated dimension 1 of 12 : 1  | time taken : 11.25040864944458
 Thread 7 estimated dimension 2 of 12 : 0.757324065707499  | time taken : 14.960407018661499
 Thread 4 estimated dimension 0 of 12 : 0.38523144807685733  | time taken : 30.351203203201294
 Thread 3 estimated dimension 1 of 12 : 0.6141539471962965  | time taken : 17.352357387542725
 Thread 6 estimated dimension 0 of 12 : 0.38052908587999734  | time taken : 31.05707859992981
 Thread 2 estimated dimension 1 of 12 : 0.6412676636425356  | time taken : 17.144442081451416
 Thread 4 estimated dimension 1 of 12 : 0.9977836210299027  | time taken : 10.037216424942017
 Thread 1 estimated dimension 2 of 12 : 0.4865593940768299  | time taken : 23.96819758415222
 Thread 3 estimated dimension 2 of 12 : 0.7581111487610942  | time taken : 15.189023494720459
 Thread 6 estimated dimension 1 of 12 : 0.99085825458331  | time taken : 10.63586950302124
 Thread 7 estimated dimension 3 of 12 : 0.6072307592325126  | time taken : 17.50887179374695
 Thread 5 estimated dimension 2 of 12 : 0.4735589441452405  | time taken : 22.63004779815674
 Thread 2 estimated dimension 2 of 12 : 0.7485718548407732  | time taken : 14.89422607421875
 Thread 7 estimated dimension 4 of 12 : 0.8430924877835038  | time taken : 13.309390544891357
 Thread 4 estimated dimension 2 of 12 : 0.5305290218627059  | time taken : 21.377610445022583
 Thread 3 estimated dimension 3 of 12 : 0.6171584131206923  | time taken : 17.30368709564209
 Thread 1 estimated dimension 3 of 12 : 0.48000361439541855  | time taken : 22.01663374900818
 Thread 6 estimated dimension 2 of 12 : 0.5473953657274053  | time taken : 19.596397876739502
 Thread 2 estimated dimension 3 of 12 : 0.6142576861673084  | time taken : 17.40178942680359
 Thread 5 estimated dimension 3 of 12 : 0.4783726150200641  | time taken : 22.04666543006897
 Thread 4 estimated dimension 3 of 12 : 1  | time taken : 10.52776837348938
 Thread 6 estimated dimension 3 of 12 : 0.9947883902616758  | time taken : 9.70034384727478
 Thread 3 estimated dimension 4 of 12 : 0.8170138605249926  | time taken : 12.60040545463562
 Thread 7 estimated dimension 5 of 12 : 0.6348687258178162  | time taken : 15.827794075012207
 Thread 1 estimated dimension 4 of 12 : 0.7533820761485899  | time taken : 14.029130935668945
 Thread 2 estimated dimension 4 of 12 : 0.8224261089493717  | time taken : 13.113552331924438
 Thread 4 estimated dimension 4 of 12 : 0.8690087027050067  | time taken : 12.622782707214355
 Thread 7 estimated dimension 6 of 12 : 0.8730163534452622  | time taken : 11.657331466674805
 Thread 6 estimated dimension 4 of 12 : 0.8350728047077017  | time taken : 12.800189018249512
 Thread 3 estimated dimension 5 of 12 : 0.6500142124208713  | time taken : 16.17288327217102
 Thread 2 estimated dimension 5 of 12 : 0.6534990548629266  | time taken : 16.305351972579956
 Thread 4 estimated dimension 5 of 12 : 0.6389026655841457  | time taken : 15.430722713470459
 Thread 3 estimated dimension 6 of 12 : 0.8722676871457079  | time taken : 11.878990888595581
 Thread 6 estimated dimension 5 of 12 : 0.6607122594342687  | time taken : 16.061944484710693
 Thread 7 estimated dimension 7 of 12 : 0.588462289003204  | time taken : 16.641088247299194
 Thread 2 estimated dimension 6 of 12 : 0.8856048813351223  | time taken : 11.429035663604736
 Thread 4 estimated dimension 6 of 12 : 0.8845188548820001  | time taken : 11.988313913345337
 Thread 1 estimated dimension 5 of 12 : 0.2893403091234712  | time taken : 36.23061203956604
 Thread 6 estimated dimension 6 of 12 : 0.8773703110224426  | time taken : 11.33700704574585
 Thread 7 estimated dimension 8 of 12 : 0.8352628428212602  | time taken : 11.655795812606812
 Thread 5 estimated dimension 4 of 12 : 0.2232640873474322  | time taken : 48.34099531173706
 Thread 3 estimated dimension 7 of 12 : 0.5881046865663914  | time taken : 15.900436162948608
 Thread 1 estimated dimension 6 of 12 : 0.7506846422241183  | time taken : 12.650437593460083
 Thread 2 estimated dimension 7 of 12 : 0.5847632904416938  | time taken : 16.986873865127563
 Thread 4 estimated dimension 7 of 12 : 0.5751084024683009  | time taken : 17.38167381286621
 Thread 3 estimated dimension 8 of 12 : 0.8171315064951334  | time taken : 11.82229232788086
 Thread 6 estimated dimension 7 of 12 : 0.592585376574026  | time taken : 17.179243326187134
 Thread 5 estimated dimension 5 of 12 : 0.559232018811881  | time taken : 17.806593656539917
 Thread 7 estimated dimension 9 of 12 : 0.4494071122530782  | time taken : 21.972480297088623
 Thread 2 estimated dimension 8 of 12 : 0.84170535196463  | time taken : 12.325519561767578
 Thread 4 estimated dimension 8 of 12 : 0.8216078092603285  | time taken : 12.427747011184692
 Thread 6 estimated dimension 8 of 12 : 0.8310886415710204  | time taken : 12.03072214126587
 Thread 5 estimated dimension 6 of 12 : 0.9909754269983069  | time taken : 8.792680025100708
 Thread 5 estimated dimension 7 of 12 : 0.9796906621892897  | time taken : 9.061034202575684
 Thread 3 estimated dimension 9 of 12 : 0.4525882805965971  | time taken : 23.410400867462158
 Thread 1 estimated dimension 7 of 12 : 0.336071877315819  | time taken : 30.05527949333191
 Thread 7 estimated dimension 10 of 12 : 0.48098062689037935  | time taken : 22.429106950759888
 Thread 5 estimated dimension 8 of 12 : 1  | time taken : 8.462375402450562
 Thread 2 estimated dimension 9 of 12 : 0.44428298732392063  | time taken : 23.019441843032837
 Thread 4 estimated dimension 9 of 12 : 0.444600180790643  | time taken : 23.72553586959839
 Thread 1 estimated dimension 8 of 12 : 0.9875317687887404  | time taken : 9.291342496871948
 Thread 6 estimated dimension 9 of 12 : 0.43820610439319574  | time taken : 22.832253217697144
 Thread 5 estimated dimension 9 of 12 : 0.9645189541069048  | time taken : 9.165999174118042
 Thread 1 estimated dimension 9 of 12 : 1  | time taken : 8.572017908096313
 Thread 3 estimated dimension 10 of 12 : 0.48331748091764043  | time taken : 20.779124975204468
 Thread 5 estimated dimension 10 of 12 : 0.983735888233362  | time taken : 9.259735584259033
 Thread 7 estimated dimension 11 of 12 : 0.4780369240254989  | time taken : 21.596166372299194
 Thread 7 nsolns: 57361
 Thread 1 estimated dimension 10 of 12 : 1  | time taken : 9.165626525878906
 Thread 2 estimated dimension 10 of 12 : 0.47717418135496864  | time taken : 21.569319486618042
 Thread 4 estimated dimension 10 of 12 : 0.47374585191135293  | time taken : 21.5466468334198
 Thread 6 estimated dimension 10 of 12 : 0.4797309471964839  | time taken : 21.573688745498657
 Thread 1 estimated dimension 11 of 12 : 0.9858975852408076  | time taken : 8.80525255203247
 Thread 1 nsolns: 61553
 Thread 3 estimated dimension 11 of 12 : 0.47497295716623866  | time taken : 19.68151545524597
 Thread 3 nsolns: 57447
 Thread 5 estimated dimension 11 of 12 : 0.5351263751855219  | time taken : 17.788665056228638
 Thread 5 nsolns: 61855
 Thread 2 estimated dimension 11 of 12 : 0.46926853382051975  | time taken : 20.767724752426147
 Thread 2 nsolns: 57496
 Thread 4 estimated dimension 11 of 12 : 0.5267650467259817  | time taken : 18.46309494972229
 Thread 4 nsolns: 57709
 Thread 6 estimated dimension 11 of 12 : 0.5204678672515104  | time taken : 19.708677768707275
 Thread 6 nsolns: 57763
 Thread 1 estimated dimension 0 of 12 : 0.6123644958398182  | time taken : 19.288641452789307
 Thread 7 estimated dimension 0 of 12 : 0.3870526619355737  | time taken : 31.675262212753296
 Thread 3 estimated dimension 0 of 12 : 0.601634990780579  | time taken : 19.748648166656494
 Thread 7 estimated dimension 1 of 12 : 1  | time taken : 10.49808406829834
 Thread 4 estimated dimension 0 of 12 : 0.6252095426337108  | time taken : 19.04360318183899
 Thread 6 estimated dimension 0 of 12 : 0.5908369883399206  | time taken : 18.738420248031616
 Thread 1 estimated dimension 1 of 12 : 0.6215460622093114  | time taken : 17.402645111083984
 Thread 5 estimated dimension 0 of 12 : 0.387546671559861  | time taken : 32.37696671485901
 Thread 3 estimated dimension 1 of 12 : 0.6356877439180771  | time taken : 17.540199756622314
 Thread 2 estimated dimension 0 of 12 : 0.38508552321388745  | time taken : 31.397204160690308
 Thread 4 estimated dimension 1 of 12 : 0.6194630763694547  | time taken : 16.985440731048584
 Thread 5 estimated dimension 1 of 12 : 0.9919853482823104  | time taken : 10.337364196777344
 Thread 7 estimated dimension 2 of 12 : 0.5536146099519932  | time taken : 19.439552068710327
 Thread 6 estimated dimension 1 of 12 : 0.6266694729605053  | time taken : 17.689209938049316
 Thread 1 estimated dimension 2 of 12 : 0.7653993026315677  | time taken : 15.640130996704102
 Thread 2 estimated dimension 1 of 12 : 1  | time taken : 9.988372325897217
 Thread 3 estimated dimension 2 of 12 : 0.7727521652678546  | time taken : 15.72924518585205
 Thread 7 estimated dimension 3 of 12 : 1  | time taken : 10.534825086593628
 Thread 4 estimated dimension 2 of 12 : 0.7602063790076036  | time taken : 14.043615579605103
 Thread 6 estimated dimension 2 of 12 : 0.7728566742821544  | time taken : 15.548799991607666
 Thread 5 estimated dimension 2 of 12 : 0.5301170155706783  | time taken : 20.235277891159058
 Thread 1 estimated dimension 3 of 12 : 0.5975903175063311  | time taken : 16.956516981124878
 Thread 3 estimated dimension 3 of 12 : 0.6107681402835796  | time taken : 18.50369882583618
 Thread 7 estimated dimension 4 of 12 : 0.8463118713808494  | time taken : 12.920221090316772
 Thread 2 estimated dimension 2 of 12 : 0.4823425960961269  | time taken : 23.490705966949463
 Thread 5 estimated dimension 3 of 12 : 1  | time taken : 9.94331169128418
 Thread 4 estimated dimension 3 of 12 : 0.5990163747794451  | time taken : 16.99851107597351
 Thread 1 estimated dimension 4 of 12 : 0.853825480163648  | time taken : 12.9261953830719
 Thread 6 estimated dimension 3 of 12 : 0.6028880051529697  | time taken : 18.193303108215332
 Thread 3 estimated dimension 4 of 12 : 0.8351859565452137  | time taken : 12.942156314849854
 Thread 7 estimated dimension 5 of 12 : 0.6480738373187678  | time taken : 15.694495439529419
 Thread 5 estimated dimension 4 of 12 : 0.8473879563657667  | time taken : 12.91313362121582
 Thread 4 estimated dimension 4 of 12 : 0.852332403905238  | time taken : 12.763468503952026
 Thread 1 estimated dimension 5 of 12 : 0.6488472856884009  | time taken : 15.181636571884155
 Thread 2 estimated dimension 3 of 12 : 0.47770992042800714  | time taken : 21.916884660720825
 Thread 6 estimated dimension 4 of 12 : 0.8298962844881222  | time taken : 13.177575826644897
 Thread 3 estimated dimension 5 of 12 : 0.6372648126484615  | time taken : 15.817365646362305
 Thread 5 estimated dimension 5 of 12 : 0.636918481276304  | time taken : 15.653005838394165
 Thread 4 estimated dimension 5 of 12 : 0.6574804825331192  | time taken : 15.612578630447388
 Thread 1 estimated dimension 6 of 12 : 0.8617326536592744  | time taken : 11.190907716751099
 Thread 3 estimated dimension 6 of 12 : 0.8632571899199888  | time taken : 11.740628004074097
 Thread 6 estimated dimension 5 of 12 : 0.6449954019542836  | time taken : 16.08742642402649
 Thread 4 estimated dimension 6 of 12 : 0.8480695846368036  | time taken : 11.133698225021362
 Thread 1 estimated dimension 7 of 12 : 0.5888274930414888  | time taken : 16.7731773853302
 Thread 6 estimated dimension 6 of 12 : 0.8779628077480309  | time taken : 11.5081627368927
 Thread 3 estimated dimension 7 of 12 : 0.5905343070516645  | time taken : 17.622241020202637
 Thread 4 estimated dimension 7 of 12 : 0.5936659745291474  | time taken : 17.08089256286621
 Thread 1 estimated dimension 8 of 12 : 0.8112735719203868  | time taken : 12.039734125137329
 Thread 7 estimated dimension 6 of 12 : 0.19767585937545884  | time taken : 53.64343452453613
 Thread 6 estimated dimension 7 of 12 : 0.6016872395603413  | time taken : 16.614169359207153
 Thread 3 estimated dimension 8 of 12 : 0.8497639795140012  | time taken : 12.25472903251648
 Thread 2 estimated dimension 4 of 12 : 0.2268372004992003  | time taken : 47.96196174621582
 Thread 4 estimated dimension 8 of 12 : 0.8322474963124186  | time taken : 11.29851484298706
 Thread 7 estimated dimension 7 of 12 : 1  | time taken : 9.354881286621094
 Thread 6 estimated dimension 8 of 12 : 0.8264635514859691  | time taken : 11.928409576416016
 Thread 5 estimated dimension 6 of 12 : 0.1955928184976317  | time taken : 52.297873735427856
 Thread 1 estimated dimension 9 of 12 : 0.43537229301876634  | time taken : 23.286449909210205
 Thread 7 estimated dimension 8 of 12 : 1  | time taken : 9.165645360946655
 Thread 2 estimated dimension 5 of 12 : 0.5690619885411693  | time taken : 17.290318250656128
 Thread 3 estimated dimension 9 of 12 : 0.4358645208472493  | time taken : 22.651596069335938
 Thread 5 estimated dimension 7 of 12 : 1  | time taken : 9.355749368667603
 Thread 4 estimated dimension 9 of 12 : 0.43823458758148204  | time taken : 23.202872276306152
 Thread 7 estimated dimension 9 of 12 : 1  | time taken : 9.13267207145691
 Thread 2 estimated dimension 6 of 12 : 0.9936811492874807  | time taken : 9.564608335494995
 Thread 6 estimated dimension 9 of 12 : 0.4391037788864864  | time taken : 22.620314598083496
 Thread 5 estimated dimension 8 of 12 : 1  | time taken : 9.297649145126343
 Thread 1 estimated dimension 10 of 12 : 0.4861531965919995  | time taken : 21.232961654663086
 Thread 2 estimated dimension 7 of 12 : 1  | time taken : 8.72700047492981
 Thread 5 estimated dimension 9 of 12 : 1  | time taken : 8.96530818939209
 Thread 3 estimated dimension 10 of 12 : 0.4832968496539461  | time taken : 20.826103925704956
 Thread 2 estimated dimension 8 of 12 : 1  | time taken : 9.25612497329712
 Thread 4 estimated dimension 10 of 12 : 0.4824726449721118  | time taken : 22.05080509185791
 Thread 7 estimated dimension 10 of 12 : 0.48779824445998765  | time taken : 21.793104887008667
 Thread 6 estimated dimension 10 of 12 : 0.4838758153854705  | time taken : 20.81591534614563
 Thread 2 estimated dimension 9 of 12 : 0.979697697560485  | time taken : 9.437748193740845
 Thread 1 estimated dimension 11 of 12 : 0.463036002804261  | time taken : 20.93839979171753
 Thread 1 nsolns: 57576
 Thread 5 estimated dimension 10 of 12 : 0.4972619541209773  | time taken : 20.65239906311035
 Thread 3 estimated dimension 11 of 12 : 0.4761839209601017  | time taken : 21.052132844924927
 Thread 3 nsolns: 57470
 Thread 2 estimated dimension 10 of 12 : 0.9950324401530073  | time taken : 9.452654838562012
 Thread 7 estimated dimension 11 of 12 : 0.4807726860638784  | time taken : 20.549830198287964
 Thread 4 estimated dimension 11 of 12 : 0.4648777018126236  | time taken : 20.67923903465271
 Thread 7 nsolns: 63526
 Thread 4 nsolns: 57550
 Thread 6 estimated dimension 11 of 12 : 0.4732821731828255  | time taken : 20.930885791778564
 Thread 6 nsolns: 57615
 Thread 2 estimated dimension 11 of 12 : 0.5319305787506416  | time taken : 18.738380908966064
 Thread 2 nsolns: 61526
 Thread 5 estimated dimension 11 of 12 : 0.48096043798449833  | time taken : 21.591947555541992
 Thread 5 nsolns: 63528
 Thread 7 estimated dimension 0 of 12 : 0.6164823830519479  | time taken : 18.204479932785034
 Thread 1 estimated dimension 0 of 12 : 0.383634443627263  | time taken : 33.04089426994324
 Thread 3 estimated dimension 0 of 12 : 0.3868392307339888  | time taken : 30.604167461395264
 Thread 1 estimated dimension 1 of 12 : 0.9860632720762673  | time taken : 7.531156539916992
 Thread 3 estimated dimension 1 of 12 : 1  | time taken : 4.465519905090332
 Thread 4 estimated dimension 0 of 12 : 0.3793330967066589  | time taken : 34.61783051490784
 Thread 7 estimated dimension 1 of 12 : 0.6330177822579152  | time taken : 19.310790061950684
 Thread 2 estimated dimension 0 of 12 : 0.594463556948209  | time taken : 21.87510895729065
 Thread 6 estimated dimension 0 of 12 : 0.3807090684077141  | time taken : 34.1091730594635
 Thread 4 estimated dimension 1 of 12 : 0.9971307766742729  | time taken : 10.414217472076416
 Thread 5 estimated dimension 0 of 12 : 0.3757519152007243  | time taken : 33.62133455276489
 Thread 3 estimated dimension 2 of 12 : 0.550923690092659  | time taken : 19.728662490844727
 Thread 1 estimated dimension 2 of 12 : 0.5278468576759384  | time taken : 19.868645906448364
 Thread 6 estimated dimension 1 of 12 : 0.9884637096642661  | time taken : 9.794933080673218
 Thread 7 estimated dimension 2 of 12 : 0.7683389572017618  | time taken : 13.911922693252563
 Thread 2 estimated dimension 1 of 12 : 0.6348553513800737  | time taken : 16.470246076583862
 Thread 3 estimated dimension 3 of 12 : 0.9993657433008988  | time taken : 9.871251821517944
 Thread 5 estimated dimension 1 of 12 : 1  | time taken : 10.584072351455688
 Thread 1 estimated dimension 3 of 12 : 0.9879923219552316  | time taken : 10.288967370986938
 Thread 7 estimated dimension 3 of 12 : 0.6030652934195269  | time taken : 17.827370166778564
 Thread 4 estimated dimension 2 of 12 : 0.48486532194828386  | time taken : 23.720600128173828
 Thread 2 estimated dimension 2 of 12 : 0.7657320289614662  | time taken : 15.216892719268799
 Thread 3 estimated dimension 4 of 12 : 0.8412635013559101  | time taken : 12.898476362228394
 Thread 1 estimated dimension 4 of 12 : 0.8434407764948003  | time taken : 13.083455085754395
 Thread 6 estimated dimension 2 of 12 : 0.48501271137119767  | time taken : 23.92950129508972
 Thread 7 estimated dimension 4 of 12 : 0.8363948724062638  | time taken : 12.429119110107422
 Thread 5 estimated dimension 2 of 12 : 0.4839810143182371  | time taken : 23.73700189590454
 Thread 2 estimated dimension 3 of 12 : 0.6044697361375764  | time taken : 16.76327419281006
 Thread 3 estimated dimension 5 of 12 : 0.6445502565329569  | time taken : 16.228008031845093
 Thread 1 estimated dimension 5 of 12 : 0.63694670605512  | time taken : 15.669923305511475
 Thread 4 estimated dimension 3 of 12 : 0.47825715644566247  | time taken : 21.547369241714478
 Thread 6 estimated dimension 3 of 12 : 0.49025366229088446  | time taken : 22.260168075561523
 Thread 7 estimated dimension 5 of 12 : 0.645659600421481  | time taken : 16.15537977218628
 Thread 2 estimated dimension 4 of 12 : 0.8254271973715148  | time taken : 12.926249504089355
 Thread 1 estimated dimension 6 of 12 : 0.8760430341569111  | time taken : 11.83812427520752
 Thread 5 estimated dimension 3 of 12 : 0.48381402668934703  | time taken : 22.85892081260681
 Thread 7 estimated dimension 6 of 12 : 0.8478939363365137  | time taken : 11.892199039459229
 Thread 2 estimated dimension 5 of 12 : 0.6439277921358514  | time taken : 16.094667434692383
 Thread 1 estimated dimension 7 of 12 : 0.5874819590575376  | time taken : 17.11052703857422
 Thread 7 estimated dimension 7 of 12 : 0.5852910777882354  | time taken : 16.68169379234314
 Thread 2 estimated dimension 6 of 12 : 0.8867974044971016  | time taken : 11.944136142730713
 Thread 1 estimated dimension 8 of 12 : 0.8293048440149923  | time taken : 12.210350275039673
 Thread 7 estimated dimension 8 of 12 : 0.8330443641083791  | time taken : 11.675006628036499
 Thread 4 estimated dimension 4 of 12 : 0.2300791842307571  | time taken : 47.03903865814209
 Thread 3 estimated dimension 6 of 12 : 0.19307327936407134  | time taken : 52.84677338600159
 Thread 6 estimated dimension 4 of 12 : 0.22678873464470825  | time taken : 47.78565573692322
 Thread 2 estimated dimension 7 of 12 : 0.5872831607494731  | time taken : 16.869080543518066
 Thread 3 estimated dimension 7 of 12 : 1  | time taken : 9.322168350219727
 Thread 1 estimated dimension 9 of 12 : 0.4368186573212735  | time taken : 22.55678105354309
 Thread 5 estimated dimension 4 of 12 : 0.22889181551001997  | time taken : 46.74403405189514
 Thread 2 estimated dimension 8 of 12 : 0.8345187655091033  | time taken : 10.508530855178833
 Thread 4 estimated dimension 5 of 12 : 0.5589465312407779  | time taken : 17.346085786819458
 Thread 7 estimated dimension 9 of 12 : 0.43702174196783233  | time taken : 22.732419729232788
 Thread 3 estimated dimension 8 of 12 : 0.9907116660634109  | time taken : 9.80103611946106
 Thread 6 estimated dimension 5 of 12 : 0.5641697378289735  | time taken : 18.600691556930542
 Thread 4 estimated dimension 6 of 12 : 0.9924478358680775  | time taken : 9.208880186080933
 Thread 3 estimated dimension 9 of 12 : 1  | time taken : 9.438373565673828
 Thread 5 estimated dimension 5 of 12 : 0.5564947582895718  | time taken : 17.831573724746704
 Thread 6 estimated dimension 6 of 12 : 1  | time taken : 9.567852973937988
 Thread 1 estimated dimension 10 of 12 : 0.4764746901565367  | time taken : 20.39583969116211
 Thread 4 estimated dimension 7 of 12 : 1  | time taken : 9.322067737579346
 Thread 2 estimated dimension 9 of 12 : 0.43757884743046893  | time taken : 22.71918249130249
 Thread 5 estimated dimension 6 of 12 : 0.9834334159927761  | time taken : 9.274927616119385
 Thread 7 estimated dimension 10 of 12 : 0.4884331305531436  | time taken : 20.279377698898315
 Thread 6 estimated dimension 7 of 12 : 0.9854943028841946  | time taken : 9.115378379821777
 Thread 4 estimated dimension 8 of 12 : 0.984040467089331  | time taken : 9.138076305389404
 Thread 5 estimated dimension 7 of 12 : 1  | time taken : 9.257976770401001
 Thread 6 estimated dimension 8 of 12 : 0.9963715784921233  | time taken : 8.90906023979187
 Thread 1 estimated dimension 11 of 12 : 0.5264457330183021  | time taken : 18.59406089782715
 Thread 1 nsolns: 57696
 Thread 4 estimated dimension 9 of 12 : 0.9699236899870972  | time taken : 9.072324514389038
 Thread 3 estimated dimension 10 of 12 : 0.4821655162125701  | time taken : 22.106029272079468
 Thread 2 estimated dimension 10 of 12 : 0.474742032499724  | time taken : 20.91637635231018
 Thread 5 estimated dimension 8 of 12 : 0.9682480498896882  | time taken : 9.14256739616394
 Thread 6 estimated dimension 9 of 12 : 0.9980109497048045  | time taken : 9.252670049667358
 Thread 4 estimated dimension 10 of 12 : 0.9992405260624404  | time taken : 8.721804141998291
 Thread 7 estimated dimension 11 of 12 : 0.4729621264561263  | time taken : 21.303335666656494
 Thread 7 nsolns: 57468
 Thread 5 estimated dimension 9 of 12 : 0.990992127492463  | time taken : 9.072945594787598
 Thread 6 estimated dimension 10 of 12 : 1  | time taken : 9.249479532241821
 Thread 3 estimated dimension 11 of 12 : 0.48092565425070577  | time taken : 20.35988211631775
 Thread 3 nsolns: 63740
 Thread 5 estimated dimension 10 of 12 : 1  | time taken : 9.486077308654785
 Thread 2 estimated dimension 11 of 12 : 0.4755328649471773  | time taken : 20.64377188682556
 Thread 2 nsolns: 57664
 Thread 4 estimated dimension 11 of 12 : 0.5385412607844983  | time taken : 19.68587851524353
 Thread 4 nsolns: 61679
 Thread 1 estimated dimension 0 of 12 : 0.38083380086866836  | time taken : 31.81997323036194
 Thread 6 estimated dimension 11 of 12 : 0.5228150481001299  | time taken : 18.407313585281372
 Thread 6 nsolns: 61911
 Thread 1 estimated dimension 1 of 12 : 1  | time taken : 10.184119462966919
 Thread 7 estimated dimension 0 of 12 : 0.39006567313596907  | time taken : 32.95534563064575
 Thread 5 estimated dimension 11 of 12 : 0.5362303529933754  | time taken : 18.96421480178833
 Thread 5 nsolns: 61744
 Thread 2 estimated dimension 0 of 12 : 0.597200358586781  | time taken : 18.938733339309692
 Thread 3 estimated dimension 0 of 12 : 0.3960116314015301  | time taken : 30.767224073410034
 Thread 7 estimated dimension 1 of 12 : 0.9910774871565986  | time taken : 10.294439554214478
 Thread 6 estimated dimension 0 of 12 : 0.5955221433179855  | time taken : 18.07243800163269
 Thread 4 estimated dimension 0 of 12 : 0.38582231439094805  | time taken : 29.55701446533203
 Thread 1 estimated dimension 2 of 12 : 0.5270673017016066  | time taken : 19.92129921913147
 Thread 3 estimated dimension 1 of 12 : 0.9890388444957331  | time taken : 10.561049461364746
 Thread 2 estimated dimension 1 of 12 : 0.6244108931202925  | time taken : 17.586384773254395
 Thread 5 estimated dimension 0 of 12 : 0.6046480600573949  | time taken : 19.058769464492798
 Thread 4 estimated dimension 1 of 12 : 0.9894536426480915  | time taken : 10.47854495048523
 Thread 6 estimated dimension 1 of 12 : 0.6403022352654096  | time taken : 17.66980218887329
 Thread 1 estimated dimension 3 of 12 : 0.9836306108773636  | time taken : 10.239564657211304
 Thread 7 estimated dimension 2 of 12 : 0.5354857624212254  | time taken : 20.34157109260559
 Thread 2 estimated dimension 2 of 12 : 0.7561686582508439  | time taken : 14.835171699523926
 Thread 5 estimated dimension 1 of 12 : 0.6521225112457517  | time taken : 17.42723059654236
 Thread 7 estimated dimension 3 of 12 : 0.9839134531533665  | time taken : 10.154646158218384
 Thread 3 estimated dimension 2 of 12 : 0.5371210726661094  | time taken : 21.93625020980835
 Thread 1 estimated dimension 4 of 12 : 0.8538219940583353  | time taken : 12.77287483215332
 Thread 6 estimated dimension 2 of 12 : 0.7529458565239321  | time taken : 15.046647787094116
 Thread 4 estimated dimension 2 of 12 : 0.47828641560402907  | time taken : 23.209938526153564
 Thread 3 estimated dimension 3 of 12 : 1  | time taken : 9.960058689117432
 Thread 2 estimated dimension 3 of 12 : 0.6074590864969528  | time taken : 17.29162573814392
 Thread 5 estimated dimension 2 of 12 : 0.7640177235102897  | time taken : 14.848735809326172
 Thread 7 estimated dimension 4 of 12 : 0.8553166286586581  | time taken : 12.96709656715393
 Thread 1 estimated dimension 5 of 12 : 0.6284308350965444  | time taken : 15.132638454437256
 Thread 6 estimated dimension 3 of 12 : 0.5911120657924258  | time taken : 17.807388067245483
 Thread 3 estimated dimension 4 of 12 : 0.865693655599228  | time taken : 12.775188446044922
 Thread 2 estimated dimension 4 of 12 : 0.8551425987402465  | time taken : 13.238985300064087
 Thread 7 estimated dimension 5 of 12 : 0.6423461385144296  | time taken : 15.917222023010254
 Thread 5 estimated dimension 3 of 12 : 0.6192352327316037  | time taken : 17.288885354995728
 Thread 4 estimated dimension 3 of 12 : 0.48530754546863736  | time taken : 22.188948154449463
 Thread 6 estimated dimension 4 of 12 : 0.8515878722438753  | time taken : 12.638421535491943
 Thread 3 estimated dimension 5 of 12 : 0.6578417755245529  | time taken : 16.29528832435608
 Thread 2 estimated dimension 5 of 12 : 0.6347699511801028  | time taken : 14.907419204711914
 Thread 7 estimated dimension 6 of 12 : 0.861603761937902  | time taken : 11.967329263687134
 Thread 5 estimated dimension 4 of 12 : 0.8463822250916256  | time taken : 13.284424304962158
 Thread 6 estimated dimension 5 of 12 : 0.6536306806847918  | time taken : 15.897486925125122
 Thread 2 estimated dimension 6 of 12 : 0.8611153896837662  | time taken : 11.64134955406189
 Thread 7 estimated dimension 7 of 12 : 0.5806176215310723  | time taken : 16.403217315673828
 Thread 5 estimated dimension 5 of 12 : 0.6441909594388383  | time taken : 15.907272815704346
 Thread 6 estimated dimension 6 of 12 : 0.8581424586616823  | time taken : 11.29072093963623
 Thread 2 estimated dimension 7 of 12 : 0.605414123458496  | time taken : 17.30857491493225
 Thread 7 estimated dimension 8 of 12 : 0.8459530161722751  | time taken : 11.897488117218018
 Thread 1 estimated dimension 6 of 12 : 0.1964185563312549  | time taken : 53.427369832992554
 Thread 5 estimated dimension 6 of 12 : 0.8629974871540275  | time taken : 12.145768165588379
 Thread 6 estimated dimension 7 of 12 : 0.5756395433879881  | time taken : 17.154776334762573
 Thread 4 estimated dimension 4 of 12 : 0.23065713140716715  | time taken : 47.974515199661255
 Thread 1 estimated dimension 7 of 12 : 1  | time taken : 9.531695127487183
 Thread 2 estimated dimension 8 of 12 : 0.8124850026985003  | time taken : 11.462988138198853
 Thread 5 estimated dimension 7 of 12 : 0.5889650403989491  | time taken : 17.610257863998413
 Thread 1 estimated dimension 8 of 12 : 0.9948825755204089  | time taken : 9.333064079284668
 Thread 6 estimated dimension 8 of 12 : 0.8174778933626369  | time taken : 11.991208553314209
 Thread 3 estimated dimension 6 of 12 : 0.1951433234475643  | time taken : 51.45493149757385
 Thread 7 estimated dimension 9 of 12 : 0.4409977436730431  | time taken : 21.753613710403442
 Thread 4 estimated dimension 5 of 12 : 0.5629632281461212  | time taken : 17.749125719070435
 Thread 1 estimated dimension 9 of 12 : 1  | time taken : 9.599433422088623
 Thread 5 estimated dimension 8 of 12 : 0.838325322307952  | time taken : 11.513044357299805
 Thread 3 estimated dimension 7 of 12 : 0.9758460396663101  | time taken : 9.5605947971344
 Thread 2 estimated dimension 9 of 12 : 0.44144330817645505  | time taken : 23.22925066947937
 Thread 4 estimated dimension 6 of 12 : 1  | time taken : 9.232863187789917
 Thread 3 estimated dimension 8 of 12 : 1  | time taken : 9.515597581863403
 Thread 6 estimated dimension 9 of 12 : 0.42612207802559204  | time taken : 22.595824480056763
 Thread 7 estimated dimension 10 of 12 : 0.4775605870371605  | time taken : 20.888640642166138
 Thread 4 estimated dimension 7 of 12 : 1  | time taken : 8.662593603134155
 Thread 1 estimated dimension 10 of 12 : 0.48046252508256054  | time taken : 20.851712465286255
 Thread 3 estimated dimension 9 of 12 : 0.9818212490888621  | time taken : 9.314430713653564
 Thread 4 estimated dimension 8 of 12 : 0.9988371881598598  | time taken : 8.818652868270874
 Thread 5 estimated dimension 9 of 12 : 0.4440435877081393  | time taken : 23.500113487243652
 Thread 2 estimated dimension 10 of 12 : 0.4808809532940544  | time taken : 21.816413402557373
 Thread 7 estimated dimension 11 of 12 : 0.5303155092760488  | time taken : 19.193765878677368
 Thread 7 nsolns: 57730
 Thread 4 estimated dimension 9 of 12 : 0.9952375062022739  | time taken : 9.243778467178345
 Thread 6 estimated dimension 10 of 12 : 0.4736057020384738  | time taken : 21.919235944747925
 Thread 1 estimated dimension 11 of 12 : 0.4708281140023552  | time taken : 20.815393447875977
 Thread 1 nsolns: 63788
 Thread 3 estimated dimension 10 of 12 : 0.48463141783798713  | time taken : 21.272979497909546
 Thread 4 estimated dimension 10 of 12 : 1  | time taken : 9.432979583740234
 Thread 5 estimated dimension 10 of 12 : 0.47985793459761233  | time taken : 21.284334897994995
 Thread 2 estimated dimension 11 of 12 : 0.4694583055030477  | time taken : 21.18781280517578
 Thread 2 nsolns: 57604
 Thread 7 estimated dimension 0 of 12 : 0.5927081871037259  | time taken : 18.699068546295166
 Thread 6 estimated dimension 11 of 12 : 0.4829000302592956  | time taken : 20.732592582702637
 Thread 6 nsolns: 57543
 Thread 1 estimated dimension 0 of 12 : 0.6251467117698042  | time taken : 18.88002896308899
 Thread 4 estimated dimension 11 of 12 : 0.5264497887468853  | time taken : 18.405460119247437
 Thread 4 nsolns: 61508
 Thread 3 estimated dimension 11 of 12 : 0.4735949008732391  | time taken : 20.471253633499146
 Thread 3 nsolns: 63557
 Thread 5 estimated dimension 11 of 12 : 0.47318226685874093  | time taken : 21.42793893814087
 Thread 5 nsolns: 57699
 Thread 7 estimated dimension 1 of 12 : 0.6364373562036246  | time taken : 17.90754461288452
 Thread 6 estimated dimension 0 of 12 : 0.609694818359709  | time taken : 19.156952142715454
 Thread 1 estimated dimension 1 of 12 : 0.6439478825909353  | time taken : 17.355446815490723
 Thread 2 estimated dimension 0 of 12 : 0.3824054720851727  | time taken : 32.04541730880737
 Thread 3 estimated dimension 0 of 12 : 0.600473296947257  | time taken : 18.61236548423767
 Thread 7 estimated dimension 2 of 12 : 0.734699921658795  | time taken : 15.352372169494629
 Thread 2 estimated dimension 1 of 12 : 1  | time taken : 10.458121061325073
 Thread 6 estimated dimension 1 of 12 : 0.6310714069191368  | time taken : 17.396975994110107
 Thread 4 estimated dimension 0 of 12 : 0.3875754650281598  | time taken : 31.466472387313843
 Thread 1 estimated dimension 2 of 12 : 0.7717344244766533  | time taken : 15.01515817642212
 Thread 5 estimated dimension 0 of 12 : 0.39467903707119845  | time taken : 30.940120458602905
 Thread 3 estimated dimension 1 of 12 : 0.6200654292910054  | time taken : 17.653671979904175
 Thread 7 estimated dimension 3 of 12 : 0.5990874944197424  | time taken : 16.567474365234375
 Thread 4 estimated dimension 1 of 12 : 1  | time taken : 10.41568660736084
 Thread 6 estimated dimension 2 of 12 : 0.8088168053757605  | time taken : 15.030677556991577
 Thread 5 estimated dimension 1 of 12 : 1  | time taken : 10.545653104782104
 Thread 1 estimated dimension 3 of 12 : 0.6186829404971728  | time taken : 17.56726598739624
 Thread 7 estimated dimension 4 of 12 : 0.8459771565212482  | time taken : 12.17822003364563
 Thread 3 estimated dimension 2 of 12 : 0.7567488456629595  | time taken : 14.973049879074097
 Thread 2 estimated dimension 2 of 12 : 0.4867456172315356  | time taken : 23.92549705505371
 Thread 4 estimated dimension 2 of 12 : 0.5374326506807452  | time taken : 19.582758903503418
 Thread 1 estimated dimension 4 of 12 : 0.8623291254500327  | time taken : 13.426870822906494
 Thread 6 estimated dimension 3 of 12 : 0.6128925402331928  | time taken : 17.62540102005005
 Thread 7 estimated dimension 5 of 12 : 0.6538491766631298  | time taken : 16.06257724761963
 Thread 5 estimated dimension 2 of 12 : 0.5395641984712328  | time taken : 21.161328315734863
 Thread 3 estimated dimension 3 of 12 : 0.6059571455647575  | time taken : 17.732242584228516
 Thread 4 estimated dimension 3 of 12 : 1  | time taken : 10.40313196182251
 Thread 2 estimated dimension 3 of 12 : 0.48122887008429893  | time taken : 22.24819564819336
 Thread 6 estimated dimension 4 of 12 : 0.8387735692274552  | time taken : 13.35731029510498
 Thread 1 estimated dimension 5 of 12 : 0.6394916594003841  | time taken : 15.690259218215942
 Thread 5 estimated dimension 3 of 12 : 0.9639679923430231  | time taken : 9.894338607788086
 Thread 7 estimated dimension 6 of 12 : 0.8491368711490072  | time taken : 11.575489521026611
 Thread 3 estimated dimension 4 of 12 : 0.8383170837351102  | time taken : 13.182573080062866
 Thread 4 estimated dimension 4 of 12 : 0.8556553878166452  | time taken : 12.951665878295898
 Thread 1 estimated dimension 6 of 12 : 0.8619761916264677  | time taken : 11.940090656280518
 Thread 5 estimated dimension 4 of 12 : 0.8256836422096175  | time taken : 12.854060888290405
 Thread 6 estimated dimension 5 of 12 : 0.6477871938181313  | time taken : 16.031407594680786
 Thread 7 estimated dimension 7 of 12 : 0.6002911113376646  | time taken : 16.82531189918518
 Thread 3 estimated dimension 5 of 12 : 0.6282133242723847  | time taken : 15.475073099136353
 Thread 4 estimated dimension 5 of 12 : 0.6497106672149856  | time taken : 15.234425783157349
 Thread 6 estimated dimension 6 of 12 : 0.8384930715839632  | time taken : 12.14591383934021
 Thread 5 estimated dimension 5 of 12 : 0.6417631607381431  | time taken : 15.649473190307617
 Thread 1 estimated dimension 7 of 12 : 0.6020722607304455  | time taken : 17.626352548599243
 Thread 7 estimated dimension 8 of 12 : 0.8233214581811527  | time taken : 11.350690126419067
 Thread 3 estimated dimension 6 of 12 : 0.8952568169953687  | time taken : 11.238862752914429
 Thread 1 estimated dimension 8 of 12 : 0.8585597552492729  | time taken : 11.544997692108154
 Thread 6 estimated dimension 7 of 12 : 0.6025299030636665  | time taken : 16.806228160858154
 Thread 2 estimated dimension 4 of 12 : 0.2301874471097126  | time taken : 47.10785746574402
 Thread 3 estimated dimension 7 of 12 : 0.5995617250039631  | time taken : 17.130520343780518
 Thread 7 estimated dimension 9 of 12 : 0.43909452778679336  | time taken : 23.76138734817505
 Thread 6 estimated dimension 8 of 12 : 0.8379717512596409  | time taken : 11.937252521514893
 Thread 3 estimated dimension 8 of 12 : 0.8362378086445673  | time taken : 11.845778942108154
 Thread 2 estimated dimension 5 of 12 : 0.5490734655486984  | time taken : 18.170130729675293
 Thread 1 estimated dimension 9 of 12 : 0.43305842045912235  | time taken : 23.54886746406555
 Thread 2 estimated dimension 6 of 12 : 0.9951582441152266  | time taken : 9.27487587928772
 Thread 7 estimated dimension 10 of 12 : 0.4756167882513659  | time taken : 20.643857717514038
 Thread 4 estimated dimension 6 of 12 : 0.19893373714242651  | time taken : 53.293240547180176
 Thread 6 estimated dimension 9 of 12 : 0.4439159189541653  | time taken : 22.882332801818848
 Thread 2 estimated dimension 7 of 12 : 0.9930848420467102  | time taken : 8.853511810302734
 Thread 5 estimated dimension 6 of 12 : 0.19366144695836465  | time taken : 53.11533784866333
 Thread 3 estimated dimension 9 of 12 : 0.4426216330665271  | time taken : 22.716341495513916
 Thread 4 estimated dimension 7 of 12 : 0.9811632811026343  | time taken : 9.035585403442383
 Thread 1 estimated dimension 10 of 12 : 0.4859708431682795  | time taken : 21.76699733734131
 Thread 2 estimated dimension 8 of 12 : 0.9867271274934678  | time taken : 8.798681259155273
 Thread 5 estimated dimension 7 of 12 : 1  | time taken : 9.44663667678833
 Thread 4 estimated dimension 8 of 12 : 1  | time taken : 9.183342695236206
 Thread 7 estimated dimension 11 of 12 : 0.47941267317297737  | time taken : 21.539437770843506
 Thread 7 nsolns: 57561
 Thread 2 estimated dimension 9 of 12 : 1  | time taken : 9.759733438491821
 Thread 6 estimated dimension 10 of 12 : 0.4881149058935505  | time taken : 20.99563479423523
 Thread 5 estimated dimension 8 of 12 : 0.980632436790611  | time taken : 8.909411907196045
 Thread 4 estimated dimension 9 of 12 : 1  | time taken : 8.756693363189697
 Thread 3 estimated dimension 10 of 12 : 0.47814997045795454  | time taken : 21.16118812561035
 Thread 2 estimated dimension 10 of 12 : 0.9958716213418036  | time taken : 8.669056415557861
 Thread 1 estimated dimension 11 of 12 : 0.4801310818101475  | time taken : 22.300520658493042
 Thread 1 nsolns: 57593
 Thread 5 estimated dimension 9 of 12 : 0.9860069450963492  | time taken : 9.054781913757324
 Thread 7 estimated dimension 0 of 12 : 0.6106673707588582  | time taken : 19.55053186416626
 Thread 6 estimated dimension 11 of 12 : 0.47404034258337874  | time taken : 21.4845187664032
 Thread 6 nsolns: 57391
 Thread 4 estimated dimension 10 of 12 : 0.473413943030887  | time taken : 21.09411907196045
 Thread 2 estimated dimension 11 of 12 : 0.5356786987982411  | time taken : 18.408225774765015
 Thread 2 nsolns: 61547
 Thread 3 estimated dimension 11 of 12 : 0.4681366280178309  | time taken : 21.491920471191406
 Thread 3 nsolns: 57582
 Thread 5 estimated dimension 10 of 12 : 0.4839171787788829  | time taken : 21.259084701538086
 Thread 7 estimated dimension 1 of 12 : 0.6277072721952429  | time taken : 17.74044179916382
 Thread 1 estimated dimension 0 of 12 : 0.3938638688044799  | time taken : 30.4011971950531
 Thread 4 estimated dimension 11 of 12 : 0.4814252652010953  | time taken : 20.844414710998535
 Thread 4 nsolns: 63525
 Thread 2 estimated dimension 0 of 12 : 0.6044094406373565  | time taken : 18.327876806259155
 Thread 7 estimated dimension 2 of 12 : 0.7503931448748675  | time taken : 14.711994647979736
 Thread 1 estimated dimension 1 of 12 : 0.9704535299538078  | time taken : 10.873790979385376
 Thread 6 estimated dimension 0 of 12 : 0.377933815424913  | time taken : 31.30495810508728
 Thread 5 estimated dimension 11 of 12 : 0.47633360490701016  | time taken : 21.62982416152954
 Thread 5 nsolns: 63823
 Thread 3 estimated dimension 0 of 12 : 0.38174586172226077  | time taken : 31.60344099998474
 Thread 2 estimated dimension 1 of 12 : 0.6213120178484924  | time taken : 17.120293140411377
 Thread 4 estimated dimension 0 of 12 : 0.590421553751142  | time taken : 18.321833610534668
 Thread 6 estimated dimension 1 of 12 : 1  | time taken : 10.575311183929443
 Thread 7 estimated dimension 3 of 12 : 0.6105293435635963  | time taken : 17.989731073379517
 Thread 3 estimated dimension 1 of 12 : 0.9881887361659909  | time taken : 9.824812173843384
 Thread 1 estimated dimension 2 of 12 : 0.5408806835018295  | time taken : 19.72220516204834
 Thread 2 estimated dimension 2 of 12 : 0.7700104682812299  | time taken : 14.730984449386597
 Thread 1 estimated dimension 3 of 12 : 0.9804526575935208  | time taken : 9.702583312988281
 Thread 7 estimated dimension 4 of 12 : 0.8316673018817459  | time taken : 13.50566577911377
 Thread 4 estimated dimension 1 of 12 : 0.6413345809095721  | time taken : 18.33265495300293
 Thread 5 estimated dimension 0 of 12 : 0.3860976434413837  | time taken : 32.51458287239075
 Thread 6 estimated dimension 2 of 12 : 0.47883842406909505  | time taken : 24.136589765548706
 Thread 3 estimated dimension 2 of 12 : 0.5296406994445668  | time taken : 21.321797370910645
 Thread 1 estimated dimension 4 of 12 : 0.8329405335188484  | time taken : 12.153923273086548
 Thread 2 estimated dimension 3 of 12 : 0.6081504920014786  | time taken : 17.3753879070282
 Thread 7 estimated dimension 5 of 12 : 0.6606724233086303  | time taken : 15.930606842041016
 Thread 5 estimated dimension 1 of 12 : 0.9905130995906818  | time taken : 10.281120777130127
 Thread 4 estimated dimension 2 of 12 : 0.7618762659162903  | time taken : 15.053920984268188
 Thread 3 estimated dimension 3 of 12 : 0.9844540921726962  | time taken : 10.037586212158203
 Thread 1 estimated dimension 5 of 12 : 0.6559076623934775  | time taken : 15.408410787582397
 Thread 7 estimated dimension 6 of 12 : 0.883666291073402  | time taken : 11.64302921295166
 Thread 2 estimated dimension 4 of 12 : 0.8468952433606513  | time taken : 13.226649522781372
 Thread 6 estimated dimension 3 of 12 : 0.48135842188464883  | time taken : 22.379770517349243
 Thread 3 estimated dimension 4 of 12 : 0.8648633344557303  | time taken : 13.246167659759521
 Thread 4 estimated dimension 3 of 12 : 0.5981950926373351  | time taken : 17.714394330978394
 Thread 5 estimated dimension 2 of 12 : 0.5379765102889903  | time taken : 20.359246730804443
 Thread 1 estimated dimension 6 of 12 : 0.8529020441755535  | time taken : 11.795360326766968
 Thread 2 estimated dimension 5 of 12 : 0.649895622641997  | time taken : 15.364185810089111
 Thread 7 estimated dimension 7 of 12 : 0.5861808318700197  | time taken : 16.83762264251709
 Thread 5 estimated dimension 3 of 12 : 1  | time taken : 10.255576372146606
 Thread 4 estimated dimension 4 of 12 : 0.8608713220851294  | time taken : 12.468945026397705
 Thread 3 estimated dimension 5 of 12 : 0.6458341793842942  | time taken : 16.18344807624817
 Thread 2 estimated dimension 6 of 12 : 0.8841097702159747  | time taken : 11.913757085800171
 Thread 1 estimated dimension 7 of 12 : 0.5897194288172599  | time taken : 17.04264998435974
 Thread 7 estimated dimension 8 of 12 : 0.816867951894411  | time taken : 12.389384508132935
 Thread 5 estimated dimension 4 of 12 : 0.7957307411398183  | time taken : 12.926182746887207
 Thread 4 estimated dimension 5 of 12 : 0.6437507905894929  | time taken : 15.11404037475586
 Thread 1 estimated dimension 8 of 12 : 0.8343081544626918  | time taken : 12.048521995544434
 Thread 2 estimated dimension 7 of 12 : 0.5919398841342469  | time taken : 16.76446843147278
 Thread 4 estimated dimension 6 of 12 : 0.9174838883432036  | time taken : 12.113131046295166
 Thread 5 estimated dimension 5 of 12 : 0.6502508635511404  | time taken : 15.499062776565552
 Thread 6 estimated dimension 4 of 12 : 0.22615218407314153  | time taken : 47.838964223861694
 Thread 7 estimated dimension 9 of 12 : 0.437498056458886  | time taken : 23.584771871566772
 Thread 2 estimated dimension 8 of 12 : 0.8331288501880175  | time taken : 11.717721223831177
 Thread 5 estimated dimension 6 of 12 : 0.870597494362158  | time taken : 11.884443283081055
 Thread 4 estimated dimension 7 of 12 : 0.5981727241368978  | time taken : 17.004467248916626
 Thread 1 estimated dimension 9 of 12 : 0.45021137817597723  | time taken : 24.583704710006714
 Thread 6 estimated dimension 5 of 12 : 0.5583809975584815  | time taken : 16.978716611862183
 Thread 3 estimated dimension 6 of 12 : 0.1949238107209922  | time taken : 51.31889033317566
 Thread 7 estimated dimension 10 of 12 : 0.47353101104478085  | time taken : 20.960380792617798
 Thread 4 estimated dimension 8 of 12 : 0.8498469089625463  | time taken : 11.975968360900879
 Thread 6 estimated dimension 6 of 12 : 1  | time taken : 9.071665048599243
 Thread 5 estimated dimension 7 of 12 : 0.5797594680194675  | time taken : 17.438685655593872
 Thread 2 estimated dimension 9 of 12 : 0.4401428378835943  | time taken : 23.283228635787964
 Thread 3 estimated dimension 7 of 12 : 0.9936802624247688  | time taken : 9.448737144470215
 Thread 1 estimated dimension 10 of 12 : 0.48212940509025437  | time taken : 20.035024166107178
 Thread 6 estimated dimension 7 of 12 : 1  | time taken : 9.537637948989868
 Thread 5 estimated dimension 8 of 12 : 0.8317264789808254  | time taken : 11.998549461364746
 Thread 3 estimated dimension 8 of 12 : 0.9937861538983168  | time taken : 9.46689224243164
 Thread 7 estimated dimension 11 of 12 : 0.47921434777537486  | time taken : 20.508848190307617
 Thread 7 nsolns: 57555
 Thread 6 estimated dimension 8 of 12 : 0.986064197485252  | time taken : 9.0232834815979
 Thread 4 estimated dimension 9 of 12 : 0.4446630000437139  | time taken : 24.11658000946045
 Thread 2 estimated dimension 10 of 12 : 0.48615453118545443  | time taken : 21.358107089996338
 Thread 3 estimated dimension 9 of 12 : 1  | time taken : 9.32388687133789
 Thread 6 estimated dimension 9 of 12 : 0.9908429061066308  | time taken : 8.853798389434814
 Thread 1 estimated dimension 11 of 12 : 0.5217772752770873  | time taken : 18.691874504089355
 Thread 1 nsolns: 57555
 Thread 5 estimated dimension 9 of 12 : 0.43624402397950357  | time taken : 23.76997137069702
 Thread 6 estimated dimension 10 of 12 : 1  | time taken : 9.019654273986816
 Thread 7 estimated dimension 0 of 12 : 0.6068890525383754  | time taken : 18.556413888931274
 Thread 4 estimated dimension 10 of 12 : 0.47438131706461584  | time taken : 20.572253465652466
 Thread 3 estimated dimension 10 of 12 : 0.48519126612730534  | time taken : 20.772797107696533
 Thread 2 estimated dimension 11 of 12 : 0.47891765303814743  | time taken : 22.03020191192627
 Thread 2 nsolns: 57615
 Thread 7 estimated dimension 1 of 12 : 0.6259872631914369  | time taken : 17.423619985580444
 Thread 6 estimated dimension 11 of 12 : 0.5268304291926521  | time taken : 18.933087587356567
 Thread 6 nsolns: 61796
 Thread 5 estimated dimension 10 of 12 : 0.4784895929165345  | time taken : 21.508885383605957
 Thread 1 estimated dimension 0 of 12 : 0.386176157434665  | time taken : 31.074033498764038
 Thread 4 estimated dimension 11 of 12 : 0.4713890331226982  | time taken : 21.62160634994507
 Thread 4 nsolns: 57437
 Thread 3 estimated dimension 11 of 12 : 0.46368005413666685  | time taken : 20.088928937911987
 Thread 3 nsolns: 63538
 Thread 1 estimated dimension 1 of 12 : 1  | time taken : 10.711361169815063
 Thread 7 estimated dimension 2 of 12 : 0.7565182354909312  | time taken : 15.432649850845337
 Thread 6 estimated dimension 0 of 12 : 0.5903657899849006  | time taken : 18.31021523475647
 Thread 5 estimated dimension 11 of 12 : 0.540942740160878  | time taken : 17.53874707221985
 Thread 5 nsolns: 57512
 Thread 2 estimated dimension 0 of 12 : 0.38567373385922443  | time taken : 29.98356556892395
 Thread 3 estimated dimension 0 of 12 : 0.5949877934581379  | time taken : 18.716468334197998
 Thread 2 estimated dimension 1 of 12 : 1  | time taken : 10.949604988098145
 Thread 7 estimated dimension 3 of 12 : 0.6068860918223413  | time taken : 17.752678394317627
 Thread 6 estimated dimension 1 of 12 : 0.6362945106139137  | time taken : 17.797634601593018
 Thread 1 estimated dimension 2 of 12 : 0.4758578212809428  | time taken : 23.887284755706787
 Thread 5 estimated dimension 0 of 12 : 0.5927420663577307  | time taken : 19.066421031951904
 Thread 4 estimated dimension 0 of 12 : 0.3897936957430139  | time taken : 32.0784547328949
 Thread 7 estimated dimension 4 of 12 : 0.8445865789151139  | time taken : 12.438383102416992
 Thread 3 estimated dimension 1 of 12 : 0.636056225586706  | time taken : 16.590645790100098
 Thread 6 estimated dimension 2 of 12 : 0.7558288944778258  | time taken : 14.89273738861084
 Thread 4 estimated dimension 1 of 12 : 0.9811687400213398  | time taken : 10.118314743041992
 Thread 2 estimated dimension 2 of 12 : 0.5511010527269056  | time taken : 20.42644214630127
 Thread 5 estimated dimension 1 of 12 : 0.6342947848869042  | time taken : 17.689340591430664
 Thread 1 estimated dimension 3 of 12 : 0.4723969141190069  | time taken : 22.38864827156067
 Thread 7 estimated dimension 5 of 12 : 0.6462432810037215  | time taken : 15.983631372451782
 Thread 3 estimated dimension 2 of 12 : 0.7519487220383871  | time taken : 14.998212337493896
 Thread 2 estimated dimension 3 of 12 : 1  | time taken : 9.900913953781128
 Thread 6 estimated dimension 3 of 12 : 0.6007897527839682  | time taken : 17.443347692489624
 Thread 5 estimated dimension 2 of 12 : 0.7701801045157908  | time taken : 14.847829818725586
 Thread 7 estimated dimension 6 of 12 : 0.8682202826339065  | time taken : 12.035558700561523
 Thread 2 estimated dimension 4 of 12 : 0.8215018316460017  | time taken : 13.183828830718994
 Thread 4 estimated dimension 2 of 12 : 0.47356375352152524  | time taken : 24.440306425094604
 Thread 3 estimated dimension 3 of 12 : 0.6290466299830872  | time taken : 17.896759033203125
 Thread 6 estimated dimension 4 of 12 : 0.8286746347918278  | time taken : 12.913013696670532
 Thread 5 estimated dimension 3 of 12 : 0.6115240108116612  | time taken : 17.061139822006226
 Thread 7 estimated dimension 7 of 12 : 0.5804039219742027  | time taken : 16.85545587539673
 Thread 2 estimated dimension 5 of 12 : 0.6522931035663118  | time taken : 15.933479070663452
 Thread 3 estimated dimension 4 of 12 : 0.81807997169355  | time taken : 13.025846719741821
 Thread 6 estimated dimension 5 of 12 : 0.6406985631590268  | time taken : 15.765124797821045
 Thread 4 estimated dimension 3 of 12 : 0.48070682964792905  | time taken : 22.55643129348755
 Thread 5 estimated dimension 4 of 12 : 0.8242684922182886  | time taken : 12.671185970306396
 Thread 7 estimated dimension 8 of 12 : 0.8195696222453199  | time taken : 12.083569049835205
 Thread 2 estimated dimension 6 of 12 : 0.8577686557821547  | time taken : 11.618530988693237
 Thread 3 estimated dimension 5 of 12 : 0.6540475099296305  | time taken : 15.45877480506897
 Thread 1 estimated dimension 4 of 12 : 0.22549251694856015  | time taken : 48.1586172580719
 Thread 6 estimated dimension 6 of 12 : 0.8639119124112092  | time taken : 11.882273435592651
 Thread 5 estimated dimension 5 of 12 : 0.634301905415465  | time taken : 15.489685535430908
 Thread 3 estimated dimension 6 of 12 : 0.8840480366399057  | time taken : 11.785918712615967
 Thread 2 estimated dimension 7 of 12 : 0.5987745506883272  | time taken : 16.6613826751709
 Thread 6 estimated dimension 7 of 12 : 0.6011543553791164  | time taken : 16.900681734085083
 Thread 7 estimated dimension 9 of 12 : 0.4435185516644539  | time taken : 24.709112405776978
 Thread 1 estimated dimension 5 of 12 : 0.5516330852290384  | time taken : 18.007754802703857
 Thread 5 estimated dimension 6 of 12 : 0.896670680707757  | time taken : 11.580429315567017
 Thread 2 estimated dimension 8 of 12 : 0.8216845706418275  | time taken : 11.638095378875732
 Thread 1 estimated dimension 6 of 12 : 1  | time taken : 9.085042476654053
 Thread 3 estimated dimension 7 of 12 : 0.5935003529069866  | time taken : 16.438321590423584
 Thread 6 estimated dimension 8 of 12 : 0.848675868792181  | time taken : 11.385674476623535
 Thread 1 estimated dimension 7 of 12 : 1  | time taken : 8.807573318481445
 Thread 5 estimated dimension 7 of 12 : 0.6169654413409482  | time taken : 17.28381848335266
 Thread 4 estimated dimension 4 of 12 : 0.22461395606816634  | time taken : 46.819823265075684
 Thread 3 estimated dimension 8 of 12 : 0.8241905019379882  | time taken : 11.664859771728516
 Thread 7 estimated dimension 10 of 12 : 0.48241553320576125  | time taken : 21.275572299957275
 Thread 1 estimated dimension 8 of 12 : 1  | time taken : 8.969115257263184
 Thread 2 estimated dimension 9 of 12 : 0.44223244181049504  | time taken : 23.134154558181763
 Thread 5 estimated dimension 8 of 12 : 0.8238212541020443  | time taken : 11.86685061454773
 Thread 6 estimated dimension 9 of 12 : 0.4354001428820995  | time taken : 23.60863161087036
 Thread 1 estimated dimension 9 of 12 : 0.9863491807003536  | time taken : 9.129692077636719
 Thread 4 estimated dimension 5 of 12 : 0.5676847928277372  | time taken : 17.591795682907104
 Thread 7 estimated dimension 11 of 12 : 0.48540711255097296  | time taken : 21.354161262512207
 Thread 7 nsolns: 57495
 Thread 3 estimated dimension 9 of 12 : 0.446939118129371  | time taken : 22.77165198326111
 Thread 1 estimated dimension 10 of 12 : 1  | time taken : 9.242525339126587
 Thread 4 estimated dimension 6 of 12 : 0.9958128501287042  | time taken : 9.383380651473999
 Thread 2 estimated dimension 10 of 12 : 0.47985134363778886  | time taken : 22.00860905647278
 Thread 6 estimated dimension 10 of 12 : 0.47066289292546726  | time taken : 20.28827214241028
 Thread 5 estimated dimension 9 of 12 : 0.43533925573104276  | time taken : 24.156225204467773
 Thread 4 estimated dimension 7 of 12 : 1  | time taken : 9.201889276504517
 Thread 7 estimated dimension 0 of 12 : 0.5868635929890027  | time taken : 19.473350763320923
 Thread 1 estimated dimension 11 of 12 : 0.5315047928812435  | time taken : 18.614666223526
 Thread 1 nsolns: 61920
 Thread 3 estimated dimension 10 of 12 : 0.4889256582197571  | time taken : 21.026923894882202
 Thread 4 estimated dimension 8 of 12 : 0.9907128787742566  | time taken : 9.3915274143219
 Thread 2 estimated dimension 11 of 12 : 0.5356291536417446  | time taken : 17.946238040924072
 Thread 2 nsolns: 57584
 Thread 4 estimated dimension 9 of 12 : 0.9943662668738958  | time taken : 9.70104169845581
 Thread 5 estimated dimension 10 of 12 : 0.4814166750006125  | time taken : 20.098572969436646
 Thread 6 estimated dimension 11 of 12 : 0.4705659245796277  | time taken : 21.24674129486084
 Thread 6 nsolns: 57642
 Thread 7 estimated dimension 1 of 12 : 0.638904807797103  | time taken : 17.676302194595337
 Thread 4 estimated dimension 10 of 12 : 1  | time taken : 9.203819513320923
 Thread 3 estimated dimension 11 of 12 : 0.47159605488717926  | time taken : 20.672434329986572
 Thread 3 nsolns: 57447
 Thread 2 estimated dimension 0 of 12 : 0.5858672262070576  | time taken : 18.78019142150879
 Thread 6 estimated dimension 0 of 12 : 0.5987830195579563  | time taken : 18.60047149658203
 Thread 7 estimated dimension 2 of 12 : 0.7675216476188165  | time taken : 15.059099435806274
 Thread 1 estimated dimension 0 of 12 : 0.3882686683839438  | time taken : 32.990861892700195
 Thread 5 estimated dimension 11 of 12 : 0.4748820013039469  | time taken : 21.64870595932007
 Thread 5 nsolns: 57521
 Thread 4 estimated dimension 11 of 12 : 0.5268962676672667  | time taken : 18.994341135025024
 Thread 4 nsolns: 61913
 Thread 2 estimated dimension 1 of 12 : 0.6351595518559431  | time taken : 17.003761529922485
 Thread 3 estimated dimension 0 of 12 : 0.5949991001833654  | time taken : 18.49262762069702
 Thread 1 estimated dimension 1 of 12 : 0.9924374831428714  | time taken : 9.852147102355957
 Thread 6 estimated dimension 1 of 12 : 0.6369146547081236  | time taken : 17.43653702735901
 Thread 7 estimated dimension 3 of 12 : 0.6169687607569038  | time taken : 18.489988565444946
 Thread 5 estimated dimension 0 of 12 : 0.6013635945181196  | time taken : 19.432498693466187
 Thread 2 estimated dimension 2 of 12 : 0.7756536416035757  | time taken : 14.251712799072266
 Thread 3 estimated dimension 1 of 12 : 0.6413774234354535  | time taken : 17.6981041431427
 Thread 4 estimated dimension 0 of 12 : 0.5924423987944883  | time taken : 19.054933547973633
 Thread 7 estimated dimension 4 of 12 : 0.8253545060922275  | time taken : 12.982995986938477
 Thread 1 estimated dimension 2 of 12 : 0.5385659020936785  | time taken : 19.586130142211914
 Thread 6 estimated dimension 2 of 12 : 0.7546710528672835  | time taken : 15.03788709640503
 Thread 5 estimated dimension 1 of 12 : 0.613708647729586  | time taken : 17.707666397094727
 Thread 2 estimated dimension 3 of 12 : 0.5969251217384173  | time taken : 17.594356536865234
 Thread 1 estimated dimension 3 of 12 : 1  | time taken : 10.05896520614624
 Thread 3 estimated dimension 2 of 12 : 0.7638449786957321  | time taken : 15.021044731140137
 Thread 4 estimated dimension 1 of 12 : 0.6391614437380255  | time taken : 17.7712299823761
 Thread 7 estimated dimension 5 of 12 : 0.6448187971719977  | time taken : 16.089160203933716
 Thread 6 estimated dimension 3 of 12 : 0.5993622692218595  | time taken : 17.858548164367676
 Thread 2 estimated dimension 4 of 12 : 0.8008307444874336  | time taken : 12.453804731369019
 Thread 5 estimated dimension 2 of 12 : 0.7744791190641138  | time taken : 14.671726703643799
 Thread 1 estimated dimension 4 of 12 : 0.8509312185666783  | time taken : 12.836762189865112
 Thread 3 estimated dimension 3 of 12 : 0.6124098798622005  | time taken : 17.561207056045532
 Thread 7 estimated dimension 6 of 12 : 0.8776042085751913  | time taken : 12.105838298797607
 Thread 4 estimated dimension 2 of 12 : 0.793151784743282  | time taken : 15.300813913345337
 Thread 6 estimated dimension 4 of 12 : 0.8541784614967023  | time taken : 13.107106924057007
 Thread 2 estimated dimension 5 of 12 : 0.6401744216578494  | time taken : 14.906172513961792
 Thread 1 estimated dimension 5 of 12 : 0.6397150630473469  | time taken : 15.742342472076416
 Thread 5 estimated dimension 3 of 12 : 0.6167759181307583  | time taken : 18.29751944541931
 Thread 3 estimated dimension 4 of 12 : 0.8457402001119904  | time taken : 13.109447002410889
 Thread 7 estimated dimension 7 of 12 : 0.5934630452554086  | time taken : 17.19938325881958
 Thread 4 estimated dimension 3 of 12 : 0.6071209055200965  | time taken : 17.44003438949585
 Thread 6 estimated dimension 5 of 12 : 0.6432747107522111  | time taken : 15.376345872879028
 Thread 2 estimated dimension 6 of 12 : 0.8746887363049708  | time taken : 11.395210027694702
 Thread 1 estimated dimension 6 of 12 : 0.8672438240022047  | time taken : 11.708936929702759
 Thread 5 estimated dimension 4 of 12 : 0.8349290209390817  | time taken : 13.121945142745972
 Thread 3 estimated dimension 5 of 12 : 0.6356728592069197  | time taken : 15.73142409324646
 Thread 7 estimated dimension 8 of 12 : 0.8480722734891109  | time taken : 12.344974040985107
 Thread 4 estimated dimension 4 of 12 : 0.8291944387559947  | time taken : 12.85480284690857
 Thread 6 estimated dimension 6 of 12 : 0.8600831525855023  | time taken : 12.09632158279419
 Thread 2 estimated dimension 7 of 12 : 0.5795307476127046  | time taken : 16.269384384155273
 Thread 1 estimated dimension 7 of 12 : 0.5824286830251417  | time taken : 16.649420738220215
 Thread 3 estimated dimension 6 of 12 : 0.8690552252426598  | time taken : 11.170368909835815
 Thread 5 estimated dimension 5 of 12 : 0.6441229796840394  | time taken : 16.095611095428467
 Thread 4 estimated dimension 5 of 12 : 0.6444022593016335  | time taken : 15.421379327774048
 Thread 2 estimated dimension 8 of 12 : 0.8185020837633488  | time taken : 12.163822174072266
 Thread 6 estimated dimension 7 of 12 : 0.584238260653307  | time taken : 17.227226495742798
 Thread 1 estimated dimension 8 of 12 : 0.8214380797279734  | time taken : 11.837231874465942
 Thread 7 estimated dimension 9 of 12 : 0.4359888628649317  | time taken : 23.994243144989014
 Thread 5 estimated dimension 6 of 12 : 0.8600803295366418  | time taken : 11.704911470413208
 Thread 3 estimated dimension 7 of 12 : 0.6011386827983585  | time taken : 17.188267469406128
 Thread 4 estimated dimension 6 of 12 : 0.8728273790150695  | time taken : 11.122117042541504
 Thread 6 estimated dimension 8 of 12 : 0.8399199694978692  | time taken : 11.826848030090332
 Thread 3 estimated dimension 8 of 12 : 0.8333410500065593  | time taken : 11.66140627861023
 Thread 5 estimated dimension 7 of 12 : 0.5882003029771175  | time taken : 16.46159291267395
 Thread 2 estimated dimension 9 of 12 : 0.43954997277090585  | time taken : 24.175076007843018
 Thread 1 estimated dimension 9 of 12 : 0.4390787883052795  | time taken : 23.159698724746704
 Thread 4 estimated dimension 7 of 12 : 0.5939763683807322  | time taken : 16.752031087875366
 Thread 7 estimated dimension 10 of 12 : 0.4918649427636697  | time taken : 21.199845552444458
 Thread 5 estimated dimension 8 of 12 : 0.8186956977090543  | time taken : 11.684485673904419
 Thread 6 estimated dimension 9 of 12 : 0.4330970157073126  | time taken : 24.107510805130005
 Thread 4 estimated dimension 8 of 12 : 0.8330423037664211  | time taken : 11.35912799835205
 Thread 3 estimated dimension 9 of 12 : 0.4414164423281074  | time taken : 23.09101104736328
 Thread 2 estimated dimension 10 of 12 : 0.482900419658882  | time taken : 21.805046319961548
 Thread 1 estimated dimension 10 of 12 : 0.48575556284815985  | time taken : 20.96889877319336
 Thread 7 estimated dimension 11 of 12 : 0.4874454202870753  | time taken : 20.69225311279297
 Thread 7 nsolns: 57474
 Thread 5 estimated dimension 9 of 12 : 0.44141261704018  | time taken : 21.559298276901245
 Thread 6 estimated dimension 10 of 12 : 0.47628488064813135  | time taken : 20.26741647720337
 Thread 4 estimated dimension 9 of 12 : 0.44213149787087563  | time taken : 23.334172248840332
 Thread 1 estimated dimension 11 of 12 : 0.5367593498872525  | time taken : 16.48268961906433
 Thread 1 nsolns: 57674
 Thread 2 estimated dimension 11 of 12 : 0.48005446488039744  | time taken : 17.98513412475586
 Thread 2 nsolns: 57533
 Thread 3 estimated dimension 10 of 12 : 0.472484089245672  | time taken : 20.599151372909546
 Thread 6 estimated dimension 11 of 12 : 0.4741903992683477  | time taken : 13.103458166122437
 Thread 6 nsolns: 57578
 Thread 5 estimated dimension 10 of 12 : 0.4768530231594967  | time taken : 14.800935506820679
 Thread 4 estimated dimension 10 of 12 : 0.4834890030769301  | time taken : 13.885905981063843
 Thread 1 estimated dimension 0 of 12 : 0.6086647325242375  | time taken : 12.57260251045227
 Thread 3 estimated dimension 11 of 12 : 0.4625820549193077  | time taken : 13.454296350479126
 Thread 3 nsolns: 57451
 Thread 5 estimated dimension 11 of 12 : 0.46946450295230263  | time taken : 11.024494409561157
 Thread 5 nsolns: 57548
 Thread 1 estimated dimension 1 of 12 : 0.6441234400621132  | time taken : 7.046914339065552
 Thread 4 estimated dimension 11 of 12 : 0.48247163782826236  | time taken : 8.228330850601196
 Thread 4 nsolns: 57436
 Thread 1 estimated dimension 2 of 12 : 0.7729182880363941  | time taken : 3.101423978805542
 Thread 1 estimated dimension 3 of 12 : 0.5986784497243554  | time taken : 3.4985897541046143
 Thread 1 estimated dimension 4 of 12 : 0.8520370016242677  | time taken : 2.592905282974243
 Thread 1 estimated dimension 5 of 12 : 0.6604029051848537  | time taken : 3.125523567199707
 Thread 1 estimated dimension 6 of 12 : 0.9018415206145742  | time taken : 2.338113784790039
 Thread 1 estimated dimension 7 of 12 : 0.6099550288558993  | time taken : 3.2819931507110596
 Thread 1 estimated dimension 8 of 12 : 0.8265394329044984  | time taken : 2.3656809329986572
 Thread 1 estimated dimension 9 of 12 : 0.43236044204535673  | time taken : 4.649142026901245
 Thread 1 estimated dimension 10 of 12 : 0.493825963929702  | time taken : 4.386302947998047
 Thread 1 estimated dimension 11 of 12 : 0.48148460182900826  | time taken : 4.174002170562744
 Thread 1 nsolns: 57539
 estimated weights : [0.004434136276312694, 0.004291178866355857, 0.003999576178921226, 0.0054289937523612376, 0.0038032042481694816, 0.005140823884516373, 0.004809495380350282, 0.005391226734571415, 0.004158353886722635, 0.005372833803168411, 0.00489980964931897, 0.0036731498109317945, 0.004057183531873268, 0.0051545881325397854, 0.004152062345043235, 0.00476653968447146, 0.003991273495959004, 0.005290522179407748, 0.004085993020774695, 0.0052502435171066005, 0.005355736624319323, 0.00389101756410366, 0.004174654299816298, 0.005448364799180156, 0.004070495670466373, 0.004054283570646063, 0.005901769726485852, 0.005145346695297049, 0.004956445985793719, 0.004075536918569477, 0.005122462546319785, 0.00398629973406481, 0.005749767577735161, 0.005865675286338918, 0.005670906869558532, 0.0052891930592020905, 0.004683113326722422, 0.00392482168368018, 0.0037176852664539115, 0.006021617868859051, 0.005141208031549187, 0.004369688554853341, 0.0038589292083300673, 0.004772078319778857, 0.004506591146219132, 0.005889429331666338, 0.00399872082583544, 0.0051513239503204215, 0.004695154908034975, 0.004053397612310493, 0.005263104760809632, 0.004324608328067576, 0.005662204913575499, 0.004435411966501126, 0.004757682479851799, 0.005046227617623212, 0.0040834470659934525, 0.005660959321730637, 0.0054633973190749046, 0.0038492797849816285, 0.004268403794993026, 0.004199415859202739, 0.005738234574786471, 0.004362926040167814, 0.005366041819343228, 0.0037343493624248723, 0.0039130553381528915, 0.00403104214666399, 0.0038803746432209654, 0.0043398633767943616, 0.004771289591889771]
